<?xml version="1.0" encoding="UTF-8"?>
<testsuite xmlns:xsi="http://www.w3.org/2001/XMLSchema-instance" xsi:noNamespaceSchemaLocation="https://maven.apache.org/surefire/maven-failsafe-plugin/xsd/failsafe-test-report-3.0.xsd" version="3.0" name="starter.CucumberTestSuite" time="112.429" tests="7" errors="0" skipped="0" failures="0">
  <properties>
    <property name="sun.desktop" value="windows"/>
    <property name="awt.toolkit" value="sun.awt.windows.WToolkit"/>
    <property name="java.specification.version" value="11"/>
    <property name="webdriver.chrome.driver" value="C:\Users\alimu\.cache\selenium\chromedriver\win32\114.0.5735.90\chromedriver.exe"/>
    <property name="sun.cpu.isalist" value="amd64"/>
    <property name="sun.jnu.encoding" value="Cp1252"/>
    <property name="java.class.path" value="D:\CapstoneWeb\target\test-classes;C:\Users\alimu\.m2\repository\net\serenity-bdd\serenity-core\3.6.21\serenity-core-3.6.21.jar;C:\Users\alimu\.m2\repository\net\serenity-bdd\serenity-model\3.6.21\serenity-model-3.6.21.jar;C:\Users\alimu\.m2\repository\org\apache\commons\commons-text\1.10.0\commons-text-1.10.0.jar;C:\Users\alimu\.m2\repository\commons-net\commons-net\3.9.0\commons-net-3.9.0.jar;C:\Users\alimu\.m2\repository\com\google\guava\guava\31.1-jre\guava-31.1-jre.jar;C:\Users\alimu\.m2\repository\com\google\guava\failureaccess\1.0.1\failureaccess-1.0.1.jar;C:\Users\alimu\.m2\repository\com\google\guava\listenablefuture\9999.0-empty-to-avoid-conflict-with-guava\listenablefuture-9999.0-empty-to-avoid-conflict-with-guava.jar;C:\Users\alimu\.m2\repository\com\google\code\findbugs\jsr305\3.0.2\jsr305-3.0.2.jar;C:\Users\alimu\.m2\repository\org\checkerframework\checker-qual\3.12.0\checker-qual-3.12.0.jar;C:\Users\alimu\.m2\repository\com\google\errorprone\error_prone_annotations\2.11.0\error_prone_annotations-2.11.0.jar;C:\Users\alimu\.m2\repository\com\google\j2objc\j2objc-annotations\1.3\j2objc-annotations-1.3.jar;C:\Users\alimu\.m2\repository\com\google\inject\guice\5.1.0\guice-5.1.0.jar;C:\Users\alimu\.m2\repository\javax\inject\javax.inject\1\javax.inject-1.jar;C:\Users\alimu\.m2\repository\aopalliance\aopalliance\1.0\aopalliance-1.0.jar;C:\Users\alimu\.m2\repository\org\jsoup\jsoup\1.14.3\jsoup-1.14.3.jar;C:\Users\alimu\.m2\repository\com\thoughtworks\xstream\xstream\1.4.20\xstream-1.4.20.jar;C:\Users\alimu\.m2\repository\io\github\x-stream\mxparser\1.2.2\mxparser-1.2.2.jar;C:\Users\alimu\.m2\repository\xmlpull\xmlpull\1.1.3.1\xmlpull-1.1.3.1.jar;C:\Users\alimu\.m2\repository\com\typesafe\config\1.4.2\config-1.4.2.jar;C:\Users\alimu\.m2\repository\org\imgscalr\imgscalr-lib\4.2\imgscalr-lib-4.2.jar;C:\Users\alimu\.m2\repository\org\awaitility\awaitility\4.2.0\awaitility-4.2.0.jar;C:\Users\alimu\.m2\repository\org\freemarker\freemarker\2.3.31\freemarker-2.3.31.jar;C:\Users\alimu\.m2\repository\io\github\classgraph\classgraph\4.8.138\classgraph-4.8.138.jar;C:\Users\alimu\.m2\repository\net\sourceforge\jexcelapi\jxl\2.6.12\jxl-2.6.12.jar;C:\Users\alimu\.m2\repository\net\bytebuddy\byte-buddy-agent\1.14.2\byte-buddy-agent-1.14.2.jar;C:\Users\alimu\.m2\repository\org\objenesis\objenesis\3.3\objenesis-3.3.jar;C:\Users\alimu\.m2\repository\net\serenity-bdd\serenity-reports\3.6.21\serenity-reports-3.6.21.jar;C:\Users\alimu\.m2\repository\net\serenity-bdd\serenity-stats\3.6.21\serenity-stats-3.6.21.jar;C:\Users\alimu\.m2\repository\net\serenity-bdd\serenity-reports-configuration\3.6.21\serenity-reports-configuration-3.6.21.jar;C:\Users\alimu\.m2\repository\com\vladsch\flexmark\flexmark-all\0.62.2\flexmark-all-0.62.2.jar;C:\Users\alimu\.m2\repository\com\vladsch\flexmark\flexmark\0.62.2\flexmark-0.62.2.jar;C:\Users\alimu\.m2\repository\com\vladsch\flexmark\flexmark-ext-abbreviation\0.62.2\flexmark-ext-abbreviation-0.62.2.jar;C:\Users\alimu\.m2\repository\com\vladsch\flexmark\flexmark-util\0.62.2\flexmark-util-0.62.2.jar;C:\Users\alimu\.m2\repository\com\vladsch\flexmark\flexmark-ext-admonition\0.62.2\flexmark-ext-admonition-0.62.2.jar;C:\Users\alimu\.m2\repository\com\vladsch\flexmark\flexmark-ext-anchorlink\0.62.2\flexmark-ext-anchorlink-0.62.2.jar;C:\Users\alimu\.m2\repository\com\vladsch\flexmark\flexmark-ext-aside\0.62.2\flexmark-ext-aside-0.62.2.jar;C:\Users\alimu\.m2\repository\com\vladsch\flexmark\flexmark-ext-attributes\0.62.2\flexmark-ext-attributes-0.62.2.jar;C:\Users\alimu\.m2\repository\com\vladsch\flexmark\flexmark-ext-autolink\0.62.2\flexmark-ext-autolink-0.62.2.jar;C:\Users\alimu\.m2\repository\org\nibor\autolink\autolink\0.6.0\autolink-0.6.0.jar;C:\Users\alimu\.m2\repository\com\vladsch\flexmark\flexmark-ext-definition\0.62.2\flexmark-ext-definition-0.62.2.jar;C:\Users\alimu\.m2\repository\com\vladsch\flexmark\flexmark-ext-emoji\0.62.2\flexmark-ext-emoji-0.62.2.jar;C:\Users\alimu\.m2\repository\com\vladsch\flexmark\flexmark-ext-enumerated-reference\0.62.2\flexmark-ext-enumerated-reference-0.62.2.jar;C:\Users\alimu\.m2\repository\com\vladsch\flexmark\flexmark-ext-escaped-character\0.62.2\flexmark-ext-escaped-character-0.62.2.jar;C:\Users\alimu\.m2\repository\com\vladsch\flexmark\flexmark-ext-footnotes\0.62.2\flexmark-ext-footnotes-0.62.2.jar;C:\Users\alimu\.m2\repository\com\vladsch\flexmark\flexmark-ext-gfm-issues\0.62.2\flexmark-ext-gfm-issues-0.62.2.jar;C:\Users\alimu\.m2\repository\com\vladsch\flexmark\flexmark-ext-gfm-strikethrough\0.62.2\flexmark-ext-gfm-strikethrough-0.62.2.jar;C:\Users\alimu\.m2\repository\com\vladsch\flexmark\flexmark-ext-gfm-tasklist\0.62.2\flexmark-ext-gfm-tasklist-0.62.2.jar;C:\Users\alimu\.m2\repository\com\vladsch\flexmark\flexmark-ext-gfm-users\0.62.2\flexmark-ext-gfm-users-0.62.2.jar;C:\Users\alimu\.m2\repository\com\vladsch\flexmark\flexmark-ext-gitlab\0.62.2\flexmark-ext-gitlab-0.62.2.jar;C:\Users\alimu\.m2\repository\com\vladsch\flexmark\flexmark-ext-jekyll-front-matter\0.62.2\flexmark-ext-jekyll-front-matter-0.62.2.jar;C:\Users\alimu\.m2\repository\com\vladsch\flexmark\flexmark-ext-jekyll-tag\0.62.2\flexmark-ext-jekyll-tag-0.62.2.jar;C:\Users\alimu\.m2\repository\com\vladsch\flexmark\flexmark-ext-media-tags\0.62.2\flexmark-ext-media-tags-0.62.2.jar;C:\Users\alimu\.m2\repository\com\vladsch\flexmark\flexmark-ext-macros\0.62.2\flexmark-ext-macros-0.62.2.jar;C:\Users\alimu\.m2\repository\com\vladsch\flexmark\flexmark-ext-ins\0.62.2\flexmark-ext-ins-0.62.2.jar;C:\Users\alimu\.m2\repository\com\vladsch\flexmark\flexmark-ext-xwiki-macros\0.62.2\flexmark-ext-xwiki-macros-0.62.2.jar;C:\Users\alimu\.m2\repository\com\vladsch\flexmark\flexmark-ext-superscript\0.62.2\flexmark-ext-superscript-0.62.2.jar;C:\Users\alimu\.m2\repository\com\vladsch\flexmark\flexmark-ext-tables\0.62.2\flexmark-ext-tables-0.62.2.jar;C:\Users\alimu\.m2\repository\com\vladsch\flexmark\flexmark-ext-toc\0.62.2\flexmark-ext-toc-0.62.2.jar;C:\Users\alimu\.m2\repository\com\vladsch\flexmark\flexmark-ext-typographic\0.62.2\flexmark-ext-typographic-0.62.2.jar;C:\Users\alimu\.m2\repository\com\vladsch\flexmark\flexmark-ext-wikilink\0.62.2\flexmark-ext-wikilink-0.62.2.jar;C:\Users\alimu\.m2\repository\com\vladsch\flexmark\flexmark-ext-yaml-front-matter\0.62.2\flexmark-ext-yaml-front-matter-0.62.2.jar;C:\Users\alimu\.m2\repository\com\vladsch\flexmark\flexmark-ext-youtube-embedded\0.62.2\flexmark-ext-youtube-embedded-0.62.2.jar;C:\Users\alimu\.m2\repository\com\vladsch\flexmark\flexmark-html2md-converter\0.62.2\flexmark-html2md-converter-0.62.2.jar;C:\Users\alimu\.m2\repository\com\vladsch\flexmark\flexmark-jira-converter\0.62.2\flexmark-jira-converter-0.62.2.jar;C:\Users\alimu\.m2\repository\com\vladsch\flexmark\flexmark-pdf-converter\0.62.2\flexmark-pdf-converter-0.62.2.jar;C:\Users\alimu\.m2\repository\com\openhtmltopdf\openhtmltopdf-core\1.0.0\openhtmltopdf-core-1.0.0.jar;C:\Users\alimu\.m2\repository\com\openhtmltopdf\openhtmltopdf-pdfbox\1.0.0\openhtmltopdf-pdfbox-1.0.0.jar;C:\Users\alimu\.m2\repository\org\apache\pdfbox\pdfbox\2.0.16\pdfbox-2.0.16.jar;C:\Users\alimu\.m2\repository\org\apache\pdfbox\fontbox\2.0.16\fontbox-2.0.16.jar;C:\Users\alimu\.m2\repository\org\apache\pdfbox\xmpbox\2.0.16\xmpbox-2.0.16.jar;C:\Users\alimu\.m2\repository\de\rototor\pdfbox\graphics2d\0.24\graphics2d-0.24.jar;C:\Users\alimu\.m2\repository\com\openhtmltopdf\openhtmltopdf-rtl-support\1.0.0\openhtmltopdf-rtl-support-1.0.0.jar;C:\Users\alimu\.m2\repository\com\openhtmltopdf\openhtmltopdf-jsoup-dom-converter\1.0.0\openhtmltopdf-jsoup-dom-converter-1.0.0.jar;C:\Users\alimu\.m2\repository\com\vladsch\flexmark\flexmark-profile-pegdown\0.62.2\flexmark-profile-pegdown-0.62.2.jar;C:\Users\alimu\.m2\repository\com\vladsch\flexmark\flexmark-util-ast\0.62.2\flexmark-util-ast-0.62.2.jar;C:\Users\alimu\.m2\repository\com\vladsch\flexmark\flexmark-util-builder\0.62.2\flexmark-util-builder-0.62.2.jar;C:\Users\alimu\.m2\repository\com\vladsch\flexmark\flexmark-util-collection\0.62.2\flexmark-util-collection-0.62.2.jar;C:\Users\alimu\.m2\repository\com\vladsch\flexmark\flexmark-util-data\0.62.2\flexmark-util-data-0.62.2.jar;C:\Users\alimu\.m2\repository\com\vladsch\flexmark\flexmark-util-dependency\0.62.2\flexmark-util-dependency-0.62.2.jar;C:\Users\alimu\.m2\repository\com\vladsch\flexmark\flexmark-util-format\0.62.2\flexmark-util-format-0.62.2.jar;C:\Users\alimu\.m2\repository\com\vladsch\flexmark\flexmark-util-html\0.62.2\flexmark-util-html-0.62.2.jar;C:\Users\alimu\.m2\repository\com\vladsch\flexmark\flexmark-util-misc\0.62.2\flexmark-util-misc-0.62.2.jar;C:\Users\alimu\.m2\repository\com\vladsch\flexmark\flexmark-util-options\0.62.2\flexmark-util-options-0.62.2.jar;C:\Users\alimu\.m2\repository\com\vladsch\flexmark\flexmark-util-sequence\0.62.2\flexmark-util-sequence-0.62.2.jar;C:\Users\alimu\.m2\repository\com\vladsch\flexmark\flexmark-util-visitor\0.62.2\flexmark-util-visitor-0.62.2.jar;C:\Users\alimu\.m2\repository\com\vladsch\flexmark\flexmark-youtrack-converter\0.62.2\flexmark-youtrack-converter-0.62.2.jar;C:\Users\alimu\.m2\repository\com\ibm\icu\icu4j\72.1\icu4j-72.1.jar;C:\Users\alimu\.m2\repository\es\nitaur\markdown\txtmark\0.16\txtmark-0.16.jar;C:\Users\alimu\.m2\repository\net\serenity-bdd\serenity-report-resources\3.6.21\serenity-report-resources-3.6.21.jar;C:\Users\alimu\.m2\repository\com\google\code\gson\gson\2.10.1\gson-2.10.1.jar;C:\Users\alimu\.m2\repository\com\fasterxml\jackson\core\jackson-core\2.15.0-rc1\jackson-core-2.15.0-rc1.jar;C:\Users\alimu\.m2\repository\com\fasterxml\jackson\core\jackson-databind\2.15.0-rc1\jackson-databind-2.15.0-rc1.jar;C:\Users\alimu\.m2\repository\com\fasterxml\jackson\core\jackson-annotations\2.15.0-rc1\jackson-annotations-2.15.0-rc1.jar;C:\Users\alimu\.m2\repository\commons-codec\commons-codec\1.15\commons-codec-1.15.jar;C:\Users\alimu\.m2\repository\commons-io\commons-io\2.11.0\commons-io-2.11.0.jar;C:\Users\alimu\.m2\repository\org\apache\httpcomponents\httpclient\4.5.13\httpclient-4.5.13.jar;C:\Users\alimu\.m2\repository\org\apache\httpcomponents\httpcore\4.4.13\httpcore-4.4.13.jar;C:\Users\alimu\.m2\repository\commons-logging\commons-logging\1.2\commons-logging-1.2.jar;C:\Users\alimu\.m2\repository\org\seleniumhq\selenium\selenium-java\4.8.1\selenium-java-4.8.1.jar;C:\Users\alimu\.m2\repository\org\seleniumhq\selenium\selenium-devtools-v108\4.8.1\selenium-devtools-v108-4.8.1.jar;C:\Users\alimu\.m2\repository\org\seleniumhq\selenium\selenium-devtools-v109\4.8.1\selenium-devtools-v109-4.8.1.jar;C:\Users\alimu\.m2\repository\org\seleniumhq\selenium\selenium-devtools-v110\4.8.1\selenium-devtools-v110-4.8.1.jar;C:\Users\alimu\.m2\repository\org\seleniumhq\selenium\selenium-devtools-v85\4.8.1\selenium-devtools-v85-4.8.1.jar;C:\Users\alimu\.m2\repository\org\seleniumhq\selenium\selenium-remote-driver\4.8.1\selenium-remote-driver-4.8.1.jar;C:\Users\alimu\.m2\repository\com\beust\jcommander\1.82\jcommander-1.82.jar;C:\Users\alimu\.m2\repository\io\netty\netty-buffer\4.1.87.Final\netty-buffer-4.1.87.Final.jar;C:\Users\alimu\.m2\repository\io\netty\netty-codec-http\4.1.87.Final\netty-codec-http-4.1.87.Final.jar;C:\Users\alimu\.m2\repository\io\netty\netty-codec\4.1.87.Final\netty-codec-4.1.87.Final.jar;C:\Users\alimu\.m2\repository\io\netty\netty-handler\4.1.87.Final\netty-handler-4.1.87.Final.jar;C:\Users\alimu\.m2\repository\io\netty\netty-common\4.1.87.Final\netty-common-4.1.87.Final.jar;C:\Users\alimu\.m2\repository\io\netty\netty-transport-classes-epoll\4.1.87.Final\netty-transport-classes-epoll-4.1.87.Final.jar;C:\Users\alimu\.m2\repository\io\netty\netty-transport-classes-kqueue\4.1.87.Final\netty-transport-classes-kqueue-4.1.87.Final.jar;C:\Users\alimu\.m2\repository\io\netty\netty-transport-native-epoll\4.1.87.Final\netty-transport-native-epoll-4.1.87.Final.jar;C:\Users\alimu\.m2\repository\io\netty\netty-transport-native-kqueue\4.1.87.Final\netty-transport-native-kqueue-4.1.87.Final.jar;C:\Users\alimu\.m2\repository\io\netty\netty-transport-native-unix-common\4.1.87.Final\netty-transport-native-unix-common-4.1.87.Final.jar;C:\Users\alimu\.m2\repository\io\netty\netty-transport\4.1.87.Final\netty-transport-4.1.87.Final.jar;C:\Users\alimu\.m2\repository\io\netty\netty-resolver\4.1.87.Final\netty-resolver-4.1.87.Final.jar;C:\Users\alimu\.m2\repository\io\opentelemetry\opentelemetry-api\1.22.0\opentelemetry-api-1.22.0.jar;C:\Users\alimu\.m2\repository\io\opentelemetry\opentelemetry-context\1.22.0\opentelemetry-context-1.22.0.jar;C:\Users\alimu\.m2\repository\io\opentelemetry\opentelemetry-exporter-logging\1.22.0\opentelemetry-exporter-logging-1.22.0.jar;C:\Users\alimu\.m2\repository\io\opentelemetry\opentelemetry-sdk-metrics\1.22.0\opentelemetry-sdk-metrics-1.22.0.jar;C:\Users\alimu\.m2\repository\io\opentelemetry\opentelemetry-sdk-logs\1.22.0-alpha\opentelemetry-sdk-logs-1.22.0-alpha.jar;C:\Users\alimu\.m2\repository\io\opentelemetry\opentelemetry-api-logs\1.22.0-alpha\opentelemetry-api-logs-1.22.0-alpha.jar;C:\Users\alimu\.m2\repository\io\opentelemetry\opentelemetry-sdk-common\1.22.0\opentelemetry-sdk-common-1.22.0.jar;C:\Users\alimu\.m2\repository\io\opentelemetry\opentelemetry-sdk-extension-autoconfigure-spi\1.22.0\opentelemetry-sdk-extension-autoconfigure-spi-1.22.0.jar;C:\Users\alimu\.m2\repository\io\opentelemetry\opentelemetry-sdk-extension-autoconfigure\1.22.0-alpha\opentelemetry-sdk-extension-autoconfigure-1.22.0-alpha.jar;C:\Users\alimu\.m2\repository\io\opentelemetry\opentelemetry-sdk-trace\1.22.0\opentelemetry-sdk-trace-1.22.0.jar;C:\Users\alimu\.m2\repository\io\opentelemetry\opentelemetry-sdk\1.22.0\opentelemetry-sdk-1.22.0.jar;C:\Users\alimu\.m2\repository\io\opentelemetry\opentelemetry-semconv\1.22.0-alpha\opentelemetry-semconv-1.22.0-alpha.jar;C:\Users\alimu\.m2\repository\io\ous\jtoml\2.0.0\jtoml-2.0.0.jar;C:\Users\alimu\.m2\repository\org\apache\commons\commons-exec\1.3\commons-exec-1.3.jar;C:\Users\alimu\.m2\repository\org\asynchttpclient\async-http-client\2.12.3\async-http-client-2.12.3.jar;C:\Users\alimu\.m2\repository\org\asynchttpclient\async-http-client-netty-utils\2.12.3\async-http-client-netty-utils-2.12.3.jar;C:\Users\alimu\.m2\repository\io\netty\netty-codec-socks\4.1.60.Final\netty-codec-socks-4.1.60.Final.jar;C:\Users\alimu\.m2\repository\io\netty\netty-handler-proxy\4.1.60.Final\netty-handler-proxy-4.1.60.Final.jar;C:\Users\alimu\.m2\repository\io\netty\netty-transport-native-epoll\4.1.60.Final\netty-transport-native-epoll-4.1.60.Final-linux-x86_64.jar;C:\Users\alimu\.m2\repository\io\netty\netty-transport-native-kqueue\4.1.60.Final\netty-transport-native-kqueue-4.1.60.Final-osx-x86_64.jar;C:\Users\alimu\.m2\repository\org\reactivestreams\reactive-streams\1.0.3\reactive-streams-1.0.3.jar;C:\Users\alimu\.m2\repository\com\typesafe\netty\netty-reactive-streams\2.0.4\netty-reactive-streams-2.0.4.jar;C:\Users\alimu\.m2\repository\org\seleniumhq\selenium\selenium-manager\4.8.1\selenium-manager-4.8.1.jar;C:\Users\alimu\.m2\repository\org\seleniumhq\selenium\selenium-safari-driver\4.8.1\selenium-safari-driver-4.8.1.jar;C:\Users\alimu\.m2\repository\org\seleniumhq\selenium\selenium-api\4.8.1\selenium-api-4.8.1.jar;C:\Users\alimu\.m2\repository\org\seleniumhq\selenium\selenium-support\4.8.1\selenium-support-4.8.1.jar;C:\Users\alimu\.m2\repository\com\google\auto\service\auto-service-annotations\1.0.1\auto-service-annotations-1.0.1.jar;C:\Users\alimu\.m2\repository\com\google\auto\service\auto-service\1.0.1\auto-service-1.0.1.jar;C:\Users\alimu\.m2\repository\com\google\auto\auto-common\1.2\auto-common-1.2.jar;C:\Users\alimu\.m2\repository\org\seleniumhq\selenium\selenium-json\4.8.1\selenium-json-4.8.1.jar;C:\Users\alimu\.m2\repository\org\seleniumhq\selenium\selenium-chrome-driver\4.8.1\selenium-chrome-driver-4.8.1.jar;C:\Users\alimu\.m2\repository\org\seleniumhq\selenium\selenium-chromium-driver\4.8.1\selenium-chromium-driver-4.8.1.jar;C:\Users\alimu\.m2\repository\org\seleniumhq\selenium\selenium-firefox-driver\4.8.1\selenium-firefox-driver-4.8.1.jar;C:\Users\alimu\.m2\repository\org\seleniumhq\selenium\selenium-http\4.8.1\selenium-http-4.8.1.jar;C:\Users\alimu\.m2\repository\dev\failsafe\failsafe\3.3.0\failsafe-3.3.0.jar;C:\Users\alimu\.m2\repository\org\seleniumhq\selenium\selenium-edge-driver\4.8.1\selenium-edge-driver-4.8.1.jar;C:\Users\alimu\.m2\repository\org\seleniumhq\selenium\selenium-ie-driver\4.8.1\selenium-ie-driver-4.8.1.jar;C:\Users\alimu\.m2\repository\org\projectlombok\lombok\1.18.20\lombok-1.18.20.jar;C:\Users\alimu\.m2\repository\io\appium\java-client\8.3.0\java-client-8.3.0.jar;C:\Users\alimu\.m2\repository\commons-validator\commons-validator\1.7\commons-validator-1.7.jar;C:\Users\alimu\.m2\repository\commons-digester\commons-digester\2.1\commons-digester-2.1.jar;C:\Users\alimu\.m2\repository\org\apache\groovy\groovy\4.0.10\groovy-4.0.10.jar;C:\Users\alimu\.m2\repository\net\sf\opencsv\opencsv\2.0\opencsv-2.0.jar;C:\Users\alimu\.m2\repository\commons-beanutils\commons-beanutils\1.9.4\commons-beanutils-1.9.4.jar;C:\Users\alimu\.m2\repository\org\apache\commons\commons-lang3\3.12.0\commons-lang3-3.12.0.jar;C:\Users\alimu\.m2\repository\commons-collections\commons-collections\3.2.2\commons-collections-3.2.2.jar;C:\Users\alimu\.m2\repository\org\fluentlenium\fluentlenium-core\0.10.2\fluentlenium-core-0.10.2.jar;C:\Users\alimu\.m2\repository\io\github\bonigarcia\webdrivermanager\5.3.0\webdrivermanager-5.3.0.jar;C:\Users\alimu\.m2\repository\com\github\docker-java\docker-java\3.2.13\docker-java-3.2.13.jar;C:\Users\alimu\.m2\repository\com\github\docker-java\docker-java-core\3.2.13\docker-java-core-3.2.13.jar;C:\Users\alimu\.m2\repository\com\github\docker-java\docker-java-api\3.2.13\docker-java-api-3.2.13.jar;C:\Users\alimu\.m2\repository\org\apache\commons\commons-compress\1.21\commons-compress-1.21.jar;C:\Users\alimu\.m2\repository\org\bouncycastle\bcpkix-jdk15on\1.64\bcpkix-jdk15on-1.64.jar;C:\Users\alimu\.m2\repository\org\bouncycastle\bcprov-jdk15on\1.64\bcprov-jdk15on-1.64.jar;C:\Users\alimu\.m2\repository\org\slf4j\jcl-over-slf4j\1.7.30\jcl-over-slf4j-1.7.30.jar;C:\Users\alimu\.m2\repository\com\github\docker-java\docker-java-transport-httpclient5\3.2.13\docker-java-transport-httpclient5-3.2.13.jar;C:\Users\alimu\.m2\repository\com\github\docker-java\docker-java-transport\3.2.13\docker-java-transport-3.2.13.jar;C:\Users\alimu\.m2\repository\net\java\dev\jna\jna\5.8.0\jna-5.8.0.jar;C:\Users\alimu\.m2\repository\org\brotli\dec\0.1.2\dec-0.1.2.jar;C:\Users\alimu\.m2\repository\org\apache\httpcomponents\client5\httpclient5\5.1.3\httpclient5-5.1.3.jar;C:\Users\alimu\.m2\repository\org\apache\httpcomponents\core5\httpcore5\5.1.3\httpcore5-5.1.3.jar;C:\Users\alimu\.m2\repository\org\apache\httpcomponents\core5\httpcore5-h2\5.1.3\httpcore5-h2-5.1.3.jar;C:\Users\alimu\.m2\repository\com\jhlabs\filters\2.0.235\filters-2.0.235.jar;C:\Users\alimu\.m2\repository\com\paulhammant\ngwebdriver\1.1.6\ngwebdriver-1.1.6.jar;C:\Users\alimu\.m2\repository\joda-time\joda-time\2.12.2\joda-time-2.12.2.jar;C:\Users\alimu\.m2\repository\org\hamcrest\hamcrest\2.2\hamcrest-2.2.jar;C:\Users\alimu\.m2\repository\com\google\jimfs\jimfs\1.2\jimfs-1.2.jar;C:\Users\alimu\.m2\repository\org\mockito\mockito-core\3.3.3\mockito-core-3.3.3.jar;C:\Users\alimu\.m2\repository\javax\xml\bind\jaxb-api\2.3.1\jaxb-api-2.3.1.jar;C:\Users\alimu\.m2\repository\javax\activation\javax.activation-api\1.2.0\javax.activation-api-1.2.0.jar;C:\Users\alimu\.m2\repository\com\sun\xml\bind\jaxb-core\2.3.0.1\jaxb-core-2.3.0.1.jar;C:\Users\alimu\.m2\repository\com\sun\xml\bind\jaxb-impl\2.3.3\jaxb-impl-2.3.3.jar;C:\Users\alimu\.m2\repository\jakarta\xml\bind\jakarta.xml.bind-api\2.3.3\jakarta.xml.bind-api-2.3.3.jar;C:\Users\alimu\.m2\repository\com\sun\activation\jakarta.activation\1.2.2\jakarta.activation-1.2.2.jar;C:\Users\alimu\.m2\repository\javax\activation\activation\1.1.1\activation-1.1.1.jar;C:\Users\alimu\.m2\repository\net\serenity-bdd\serenity-cucumber\3.6.21\serenity-cucumber-3.6.21.jar;C:\Users\alimu\.m2\repository\io\cucumber\cucumber-core\7.11.0\cucumber-core-7.11.0.jar;C:\Users\alimu\.m2\repository\io\cucumber\cucumber-gherkin\7.11.0\cucumber-gherkin-7.11.0.jar;C:\Users\alimu\.m2\repository\io\cucumber\cucumber-gherkin-messages\7.11.0\cucumber-gherkin-messages-7.11.0.jar;C:\Users\alimu\.m2\repository\io\cucumber\gherkin\26.0.3\gherkin-26.0.3.jar;C:\Users\alimu\.m2\repository\io\cucumber\messages\21.0.1\messages-21.0.1.jar;C:\Users\alimu\.m2\repository\io\cucumber\tag-expressions\5.0.1\tag-expressions-5.0.1.jar;C:\Users\alimu\.m2\repository\io\cucumber\cucumber-expressions\16.1.1\cucumber-expressions-16.1.1.jar;C:\Users\alimu\.m2\repository\io\cucumber\datatable\7.11.0\datatable-7.11.0.jar;C:\Users\alimu\.m2\repository\io\cucumber\cucumber-plugin\7.11.0\cucumber-plugin-7.11.0.jar;C:\Users\alimu\.m2\repository\io\cucumber\docstring\7.11.0\docstring-7.11.0.jar;C:\Users\alimu\.m2\repository\io\cucumber\html-formatter\20.2.1\html-formatter-20.2.1.jar;C:\Users\alimu\.m2\repository\io\cucumber\junit-xml-formatter\0.1.0\junit-xml-formatter-0.1.0.jar;C:\Users\alimu\.m2\repository\io\cucumber\ci-environment\9.1.0\ci-environment-9.1.0.jar;C:\Users\alimu\.m2\repository\io\cucumber\cucumber-java\7.11.0\cucumber-java-7.11.0.jar;C:\Users\alimu\.m2\repository\io\cucumber\cucumber-junit\7.11.0\cucumber-junit-7.11.0.jar;C:\Users\alimu\.m2\repository\org\apache\commons\commons-csv\1.5\commons-csv-1.5.jar;C:\Users\alimu\.m2\repository\net\serenity-bdd\serenity-screenplay\3.6.21\serenity-screenplay-3.6.21.jar;C:\Users\alimu\.m2\repository\net\serenity-bdd\serenity-screenplay-webdriver\3.6.21\serenity-screenplay-webdriver-3.6.21.jar;C:\Users\alimu\.m2\repository\net\serenity-bdd\serenity-ensure\3.6.21\serenity-ensure-3.6.21.jar;C:\Users\alimu\.m2\repository\net\serenity-bdd\serenity-junit\3.6.21\serenity-junit-3.6.21.jar;C:\Users\alimu\.m2\repository\org\jetbrains\kotlin\kotlin-stdlib\1.8.10\kotlin-stdlib-1.8.10.jar;C:\Users\alimu\.m2\repository\org\jetbrains\kotlin\kotlin-stdlib-common\1.8.10\kotlin-stdlib-common-1.8.10.jar;C:\Users\alimu\.m2\repository\org\jetbrains\annotations\13.0\annotations-13.0.jar;C:\Users\alimu\.m2\repository\org\junit\platform\junit-platform-launcher\1.8.2\junit-platform-launcher-1.8.2.jar;C:\Users\alimu\.m2\repository\org\junit\platform\junit-platform-engine\1.8.2\junit-platform-engine-1.8.2.jar;C:\Users\alimu\.m2\repository\org\opentest4j\opentest4j\1.2.0\opentest4j-1.2.0.jar;C:\Users\alimu\.m2\repository\org\junit\platform\junit-platform-commons\1.8.2\junit-platform-commons-1.8.2.jar;C:\Users\alimu\.m2\repository\org\apiguardian\apiguardian-api\1.1.2\apiguardian-api-1.1.2.jar;C:\Users\alimu\.m2\repository\org\junit\jupiter\junit-jupiter-engine\5.8.2\junit-jupiter-engine-5.8.2.jar;C:\Users\alimu\.m2\repository\org\junit\jupiter\junit-jupiter-api\5.8.2\junit-jupiter-api-5.8.2.jar;C:\Users\alimu\.m2\repository\org\junit\vintage\junit-vintage-engine\5.8.2\junit-vintage-engine-5.8.2.jar;C:\Users\alimu\.m2\repository\junit\junit\4.13.2\junit-4.13.2.jar;C:\Users\alimu\.m2\repository\org\hamcrest\hamcrest-core\1.3\hamcrest-core-1.3.jar;C:\Users\alimu\.m2\repository\ch\qos\logback\logback-classic\1.2.10\logback-classic-1.2.10.jar;C:\Users\alimu\.m2\repository\ch\qos\logback\logback-core\1.2.10\logback-core-1.2.10.jar;C:\Users\alimu\.m2\repository\org\slf4j\slf4j-api\1.7.32\slf4j-api-1.7.32.jar;C:\Users\alimu\.m2\repository\org\assertj\assertj-core\3.23.1\assertj-core-3.23.1.jar;C:\Users\alimu\.m2\repository\net\bytebuddy\byte-buddy\1.12.10\byte-buddy-1.12.10.jar;"/>
    <property name="java.vm.vendor" value="AdoptOpenJDK"/>
    <property name="sun.arch.data.model" value="64"/>
    <property name="user.variant" value=""/>
    <property name="java.vendor.url" value="https://adoptopenjdk.net/"/>
    <property name="user.timezone" value="Asia/Bangkok"/>
    <property name="user.country.format" value="ID"/>
    <property name="java.vm.specification.version" value="11"/>
    <property name="os.name" value="Windows 10"/>
    <property name="sun.java.launcher" value="SUN_STANDARD"/>
    <property name="user.country" value="US"/>
    <property name="sun.boot.library.path" value="C:\Program Files\AdoptOpenJDK\jdk-11.0.11.9-hotspot\bin"/>
    <property name="sun.java.command" value="org.apache.maven.surefire.booter.ForkedBooter C:\Users\alimu\AppData\Local\Temp\surefire18226894335651738877 2023-06-20T02-08-56_032-jvmRun1 surefire13410023027863297240tmp surefire_01776299769586458716tmp"/>
    <property name="jdk.debug" value="release"/>
    <property name="surefire.test.class.path" value="D:\CapstoneWeb\target\test-classes;C:\Users\alimu\.m2\repository\net\serenity-bdd\serenity-core\3.6.21\serenity-core-3.6.21.jar;C:\Users\alimu\.m2\repository\net\serenity-bdd\serenity-model\3.6.21\serenity-model-3.6.21.jar;C:\Users\alimu\.m2\repository\org\apache\commons\commons-text\1.10.0\commons-text-1.10.0.jar;C:\Users\alimu\.m2\repository\commons-net\commons-net\3.9.0\commons-net-3.9.0.jar;C:\Users\alimu\.m2\repository\com\google\guava\guava\31.1-jre\guava-31.1-jre.jar;C:\Users\alimu\.m2\repository\com\google\guava\failureaccess\1.0.1\failureaccess-1.0.1.jar;C:\Users\alimu\.m2\repository\com\google\guava\listenablefuture\9999.0-empty-to-avoid-conflict-with-guava\listenablefuture-9999.0-empty-to-avoid-conflict-with-guava.jar;C:\Users\alimu\.m2\repository\com\google\code\findbugs\jsr305\3.0.2\jsr305-3.0.2.jar;C:\Users\alimu\.m2\repository\org\checkerframework\checker-qual\3.12.0\checker-qual-3.12.0.jar;C:\Users\alimu\.m2\repository\com\google\errorprone\error_prone_annotations\2.11.0\error_prone_annotations-2.11.0.jar;C:\Users\alimu\.m2\repository\com\google\j2objc\j2objc-annotations\1.3\j2objc-annotations-1.3.jar;C:\Users\alimu\.m2\repository\com\google\inject\guice\5.1.0\guice-5.1.0.jar;C:\Users\alimu\.m2\repository\javax\inject\javax.inject\1\javax.inject-1.jar;C:\Users\alimu\.m2\repository\aopalliance\aopalliance\1.0\aopalliance-1.0.jar;C:\Users\alimu\.m2\repository\org\jsoup\jsoup\1.14.3\jsoup-1.14.3.jar;C:\Users\alimu\.m2\repository\com\thoughtworks\xstream\xstream\1.4.20\xstream-1.4.20.jar;C:\Users\alimu\.m2\repository\io\github\x-stream\mxparser\1.2.2\mxparser-1.2.2.jar;C:\Users\alimu\.m2\repository\xmlpull\xmlpull\1.1.3.1\xmlpull-1.1.3.1.jar;C:\Users\alimu\.m2\repository\com\typesafe\config\1.4.2\config-1.4.2.jar;C:\Users\alimu\.m2\repository\org\imgscalr\imgscalr-lib\4.2\imgscalr-lib-4.2.jar;C:\Users\alimu\.m2\repository\org\awaitility\awaitility\4.2.0\awaitility-4.2.0.jar;C:\Users\alimu\.m2\repository\org\freemarker\freemarker\2.3.31\freemarker-2.3.31.jar;C:\Users\alimu\.m2\repository\io\github\classgraph\classgraph\4.8.138\classgraph-4.8.138.jar;C:\Users\alimu\.m2\repository\net\sourceforge\jexcelapi\jxl\2.6.12\jxl-2.6.12.jar;C:\Users\alimu\.m2\repository\net\bytebuddy\byte-buddy-agent\1.14.2\byte-buddy-agent-1.14.2.jar;C:\Users\alimu\.m2\repository\org\objenesis\objenesis\3.3\objenesis-3.3.jar;C:\Users\alimu\.m2\repository\net\serenity-bdd\serenity-reports\3.6.21\serenity-reports-3.6.21.jar;C:\Users\alimu\.m2\repository\net\serenity-bdd\serenity-stats\3.6.21\serenity-stats-3.6.21.jar;C:\Users\alimu\.m2\repository\net\serenity-bdd\serenity-reports-configuration\3.6.21\serenity-reports-configuration-3.6.21.jar;C:\Users\alimu\.m2\repository\com\vladsch\flexmark\flexmark-all\0.62.2\flexmark-all-0.62.2.jar;C:\Users\alimu\.m2\repository\com\vladsch\flexmark\flexmark\0.62.2\flexmark-0.62.2.jar;C:\Users\alimu\.m2\repository\com\vladsch\flexmark\flexmark-ext-abbreviation\0.62.2\flexmark-ext-abbreviation-0.62.2.jar;C:\Users\alimu\.m2\repository\com\vladsch\flexmark\flexmark-util\0.62.2\flexmark-util-0.62.2.jar;C:\Users\alimu\.m2\repository\com\vladsch\flexmark\flexmark-ext-admonition\0.62.2\flexmark-ext-admonition-0.62.2.jar;C:\Users\alimu\.m2\repository\com\vladsch\flexmark\flexmark-ext-anchorlink\0.62.2\flexmark-ext-anchorlink-0.62.2.jar;C:\Users\alimu\.m2\repository\com\vladsch\flexmark\flexmark-ext-aside\0.62.2\flexmark-ext-aside-0.62.2.jar;C:\Users\alimu\.m2\repository\com\vladsch\flexmark\flexmark-ext-attributes\0.62.2\flexmark-ext-attributes-0.62.2.jar;C:\Users\alimu\.m2\repository\com\vladsch\flexmark\flexmark-ext-autolink\0.62.2\flexmark-ext-autolink-0.62.2.jar;C:\Users\alimu\.m2\repository\org\nibor\autolink\autolink\0.6.0\autolink-0.6.0.jar;C:\Users\alimu\.m2\repository\com\vladsch\flexmark\flexmark-ext-definition\0.62.2\flexmark-ext-definition-0.62.2.jar;C:\Users\alimu\.m2\repository\com\vladsch\flexmark\flexmark-ext-emoji\0.62.2\flexmark-ext-emoji-0.62.2.jar;C:\Users\alimu\.m2\repository\com\vladsch\flexmark\flexmark-ext-enumerated-reference\0.62.2\flexmark-ext-enumerated-reference-0.62.2.jar;C:\Users\alimu\.m2\repository\com\vladsch\flexmark\flexmark-ext-escaped-character\0.62.2\flexmark-ext-escaped-character-0.62.2.jar;C:\Users\alimu\.m2\repository\com\vladsch\flexmark\flexmark-ext-footnotes\0.62.2\flexmark-ext-footnotes-0.62.2.jar;C:\Users\alimu\.m2\repository\com\vladsch\flexmark\flexmark-ext-gfm-issues\0.62.2\flexmark-ext-gfm-issues-0.62.2.jar;C:\Users\alimu\.m2\repository\com\vladsch\flexmark\flexmark-ext-gfm-strikethrough\0.62.2\flexmark-ext-gfm-strikethrough-0.62.2.jar;C:\Users\alimu\.m2\repository\com\vladsch\flexmark\flexmark-ext-gfm-tasklist\0.62.2\flexmark-ext-gfm-tasklist-0.62.2.jar;C:\Users\alimu\.m2\repository\com\vladsch\flexmark\flexmark-ext-gfm-users\0.62.2\flexmark-ext-gfm-users-0.62.2.jar;C:\Users\alimu\.m2\repository\com\vladsch\flexmark\flexmark-ext-gitlab\0.62.2\flexmark-ext-gitlab-0.62.2.jar;C:\Users\alimu\.m2\repository\com\vladsch\flexmark\flexmark-ext-jekyll-front-matter\0.62.2\flexmark-ext-jekyll-front-matter-0.62.2.jar;C:\Users\alimu\.m2\repository\com\vladsch\flexmark\flexmark-ext-jekyll-tag\0.62.2\flexmark-ext-jekyll-tag-0.62.2.jar;C:\Users\alimu\.m2\repository\com\vladsch\flexmark\flexmark-ext-media-tags\0.62.2\flexmark-ext-media-tags-0.62.2.jar;C:\Users\alimu\.m2\repository\com\vladsch\flexmark\flexmark-ext-macros\0.62.2\flexmark-ext-macros-0.62.2.jar;C:\Users\alimu\.m2\repository\com\vladsch\flexmark\flexmark-ext-ins\0.62.2\flexmark-ext-ins-0.62.2.jar;C:\Users\alimu\.m2\repository\com\vladsch\flexmark\flexmark-ext-xwiki-macros\0.62.2\flexmark-ext-xwiki-macros-0.62.2.jar;C:\Users\alimu\.m2\repository\com\vladsch\flexmark\flexmark-ext-superscript\0.62.2\flexmark-ext-superscript-0.62.2.jar;C:\Users\alimu\.m2\repository\com\vladsch\flexmark\flexmark-ext-tables\0.62.2\flexmark-ext-tables-0.62.2.jar;C:\Users\alimu\.m2\repository\com\vladsch\flexmark\flexmark-ext-toc\0.62.2\flexmark-ext-toc-0.62.2.jar;C:\Users\alimu\.m2\repository\com\vladsch\flexmark\flexmark-ext-typographic\0.62.2\flexmark-ext-typographic-0.62.2.jar;C:\Users\alimu\.m2\repository\com\vladsch\flexmark\flexmark-ext-wikilink\0.62.2\flexmark-ext-wikilink-0.62.2.jar;C:\Users\alimu\.m2\repository\com\vladsch\flexmark\flexmark-ext-yaml-front-matter\0.62.2\flexmark-ext-yaml-front-matter-0.62.2.jar;C:\Users\alimu\.m2\repository\com\vladsch\flexmark\flexmark-ext-youtube-embedded\0.62.2\flexmark-ext-youtube-embedded-0.62.2.jar;C:\Users\alimu\.m2\repository\com\vladsch\flexmark\flexmark-html2md-converter\0.62.2\flexmark-html2md-converter-0.62.2.jar;C:\Users\alimu\.m2\repository\com\vladsch\flexmark\flexmark-jira-converter\0.62.2\flexmark-jira-converter-0.62.2.jar;C:\Users\alimu\.m2\repository\com\vladsch\flexmark\flexmark-pdf-converter\0.62.2\flexmark-pdf-converter-0.62.2.jar;C:\Users\alimu\.m2\repository\com\openhtmltopdf\openhtmltopdf-core\1.0.0\openhtmltopdf-core-1.0.0.jar;C:\Users\alimu\.m2\repository\com\openhtmltopdf\openhtmltopdf-pdfbox\1.0.0\openhtmltopdf-pdfbox-1.0.0.jar;C:\Users\alimu\.m2\repository\org\apache\pdfbox\pdfbox\2.0.16\pdfbox-2.0.16.jar;C:\Users\alimu\.m2\repository\org\apache\pdfbox\fontbox\2.0.16\fontbox-2.0.16.jar;C:\Users\alimu\.m2\repository\org\apache\pdfbox\xmpbox\2.0.16\xmpbox-2.0.16.jar;C:\Users\alimu\.m2\repository\de\rototor\pdfbox\graphics2d\0.24\graphics2d-0.24.jar;C:\Users\alimu\.m2\repository\com\openhtmltopdf\openhtmltopdf-rtl-support\1.0.0\openhtmltopdf-rtl-support-1.0.0.jar;C:\Users\alimu\.m2\repository\com\openhtmltopdf\openhtmltopdf-jsoup-dom-converter\1.0.0\openhtmltopdf-jsoup-dom-converter-1.0.0.jar;C:\Users\alimu\.m2\repository\com\vladsch\flexmark\flexmark-profile-pegdown\0.62.2\flexmark-profile-pegdown-0.62.2.jar;C:\Users\alimu\.m2\repository\com\vladsch\flexmark\flexmark-util-ast\0.62.2\flexmark-util-ast-0.62.2.jar;C:\Users\alimu\.m2\repository\com\vladsch\flexmark\flexmark-util-builder\0.62.2\flexmark-util-builder-0.62.2.jar;C:\Users\alimu\.m2\repository\com\vladsch\flexmark\flexmark-util-collection\0.62.2\flexmark-util-collection-0.62.2.jar;C:\Users\alimu\.m2\repository\com\vladsch\flexmark\flexmark-util-data\0.62.2\flexmark-util-data-0.62.2.jar;C:\Users\alimu\.m2\repository\com\vladsch\flexmark\flexmark-util-dependency\0.62.2\flexmark-util-dependency-0.62.2.jar;C:\Users\alimu\.m2\repository\com\vladsch\flexmark\flexmark-util-format\0.62.2\flexmark-util-format-0.62.2.jar;C:\Users\alimu\.m2\repository\com\vladsch\flexmark\flexmark-util-html\0.62.2\flexmark-util-html-0.62.2.jar;C:\Users\alimu\.m2\repository\com\vladsch\flexmark\flexmark-util-misc\0.62.2\flexmark-util-misc-0.62.2.jar;C:\Users\alimu\.m2\repository\com\vladsch\flexmark\flexmark-util-options\0.62.2\flexmark-util-options-0.62.2.jar;C:\Users\alimu\.m2\repository\com\vladsch\flexmark\flexmark-util-sequence\0.62.2\flexmark-util-sequence-0.62.2.jar;C:\Users\alimu\.m2\repository\com\vladsch\flexmark\flexmark-util-visitor\0.62.2\flexmark-util-visitor-0.62.2.jar;C:\Users\alimu\.m2\repository\com\vladsch\flexmark\flexmark-youtrack-converter\0.62.2\flexmark-youtrack-converter-0.62.2.jar;C:\Users\alimu\.m2\repository\com\ibm\icu\icu4j\72.1\icu4j-72.1.jar;C:\Users\alimu\.m2\repository\es\nitaur\markdown\txtmark\0.16\txtmark-0.16.jar;C:\Users\alimu\.m2\repository\net\serenity-bdd\serenity-report-resources\3.6.21\serenity-report-resources-3.6.21.jar;C:\Users\alimu\.m2\repository\com\google\code\gson\gson\2.10.1\gson-2.10.1.jar;C:\Users\alimu\.m2\repository\com\fasterxml\jackson\core\jackson-core\2.15.0-rc1\jackson-core-2.15.0-rc1.jar;C:\Users\alimu\.m2\repository\com\fasterxml\jackson\core\jackson-databind\2.15.0-rc1\jackson-databind-2.15.0-rc1.jar;C:\Users\alimu\.m2\repository\com\fasterxml\jackson\core\jackson-annotations\2.15.0-rc1\jackson-annotations-2.15.0-rc1.jar;C:\Users\alimu\.m2\repository\commons-codec\commons-codec\1.15\commons-codec-1.15.jar;C:\Users\alimu\.m2\repository\commons-io\commons-io\2.11.0\commons-io-2.11.0.jar;C:\Users\alimu\.m2\repository\org\apache\httpcomponents\httpclient\4.5.13\httpclient-4.5.13.jar;C:\Users\alimu\.m2\repository\org\apache\httpcomponents\httpcore\4.4.13\httpcore-4.4.13.jar;C:\Users\alimu\.m2\repository\commons-logging\commons-logging\1.2\commons-logging-1.2.jar;C:\Users\alimu\.m2\repository\org\seleniumhq\selenium\selenium-java\4.8.1\selenium-java-4.8.1.jar;C:\Users\alimu\.m2\repository\org\seleniumhq\selenium\selenium-devtools-v108\4.8.1\selenium-devtools-v108-4.8.1.jar;C:\Users\alimu\.m2\repository\org\seleniumhq\selenium\selenium-devtools-v109\4.8.1\selenium-devtools-v109-4.8.1.jar;C:\Users\alimu\.m2\repository\org\seleniumhq\selenium\selenium-devtools-v110\4.8.1\selenium-devtools-v110-4.8.1.jar;C:\Users\alimu\.m2\repository\org\seleniumhq\selenium\selenium-devtools-v85\4.8.1\selenium-devtools-v85-4.8.1.jar;C:\Users\alimu\.m2\repository\org\seleniumhq\selenium\selenium-remote-driver\4.8.1\selenium-remote-driver-4.8.1.jar;C:\Users\alimu\.m2\repository\com\beust\jcommander\1.82\jcommander-1.82.jar;C:\Users\alimu\.m2\repository\io\netty\netty-buffer\4.1.87.Final\netty-buffer-4.1.87.Final.jar;C:\Users\alimu\.m2\repository\io\netty\netty-codec-http\4.1.87.Final\netty-codec-http-4.1.87.Final.jar;C:\Users\alimu\.m2\repository\io\netty\netty-codec\4.1.87.Final\netty-codec-4.1.87.Final.jar;C:\Users\alimu\.m2\repository\io\netty\netty-handler\4.1.87.Final\netty-handler-4.1.87.Final.jar;C:\Users\alimu\.m2\repository\io\netty\netty-common\4.1.87.Final\netty-common-4.1.87.Final.jar;C:\Users\alimu\.m2\repository\io\netty\netty-transport-classes-epoll\4.1.87.Final\netty-transport-classes-epoll-4.1.87.Final.jar;C:\Users\alimu\.m2\repository\io\netty\netty-transport-classes-kqueue\4.1.87.Final\netty-transport-classes-kqueue-4.1.87.Final.jar;C:\Users\alimu\.m2\repository\io\netty\netty-transport-native-epoll\4.1.87.Final\netty-transport-native-epoll-4.1.87.Final.jar;C:\Users\alimu\.m2\repository\io\netty\netty-transport-native-kqueue\4.1.87.Final\netty-transport-native-kqueue-4.1.87.Final.jar;C:\Users\alimu\.m2\repository\io\netty\netty-transport-native-unix-common\4.1.87.Final\netty-transport-native-unix-common-4.1.87.Final.jar;C:\Users\alimu\.m2\repository\io\netty\netty-transport\4.1.87.Final\netty-transport-4.1.87.Final.jar;C:\Users\alimu\.m2\repository\io\netty\netty-resolver\4.1.87.Final\netty-resolver-4.1.87.Final.jar;C:\Users\alimu\.m2\repository\io\opentelemetry\opentelemetry-api\1.22.0\opentelemetry-api-1.22.0.jar;C:\Users\alimu\.m2\repository\io\opentelemetry\opentelemetry-context\1.22.0\opentelemetry-context-1.22.0.jar;C:\Users\alimu\.m2\repository\io\opentelemetry\opentelemetry-exporter-logging\1.22.0\opentelemetry-exporter-logging-1.22.0.jar;C:\Users\alimu\.m2\repository\io\opentelemetry\opentelemetry-sdk-metrics\1.22.0\opentelemetry-sdk-metrics-1.22.0.jar;C:\Users\alimu\.m2\repository\io\opentelemetry\opentelemetry-sdk-logs\1.22.0-alpha\opentelemetry-sdk-logs-1.22.0-alpha.jar;C:\Users\alimu\.m2\repository\io\opentelemetry\opentelemetry-api-logs\1.22.0-alpha\opentelemetry-api-logs-1.22.0-alpha.jar;C:\Users\alimu\.m2\repository\io\opentelemetry\opentelemetry-sdk-common\1.22.0\opentelemetry-sdk-common-1.22.0.jar;C:\Users\alimu\.m2\repository\io\opentelemetry\opentelemetry-sdk-extension-autoconfigure-spi\1.22.0\opentelemetry-sdk-extension-autoconfigure-spi-1.22.0.jar;C:\Users\alimu\.m2\repository\io\opentelemetry\opentelemetry-sdk-extension-autoconfigure\1.22.0-alpha\opentelemetry-sdk-extension-autoconfigure-1.22.0-alpha.jar;C:\Users\alimu\.m2\repository\io\opentelemetry\opentelemetry-sdk-trace\1.22.0\opentelemetry-sdk-trace-1.22.0.jar;C:\Users\alimu\.m2\repository\io\opentelemetry\opentelemetry-sdk\1.22.0\opentelemetry-sdk-1.22.0.jar;C:\Users\alimu\.m2\repository\io\opentelemetry\opentelemetry-semconv\1.22.0-alpha\opentelemetry-semconv-1.22.0-alpha.jar;C:\Users\alimu\.m2\repository\io\ous\jtoml\2.0.0\jtoml-2.0.0.jar;C:\Users\alimu\.m2\repository\org\apache\commons\commons-exec\1.3\commons-exec-1.3.jar;C:\Users\alimu\.m2\repository\org\asynchttpclient\async-http-client\2.12.3\async-http-client-2.12.3.jar;C:\Users\alimu\.m2\repository\org\asynchttpclient\async-http-client-netty-utils\2.12.3\async-http-client-netty-utils-2.12.3.jar;C:\Users\alimu\.m2\repository\io\netty\netty-codec-socks\4.1.60.Final\netty-codec-socks-4.1.60.Final.jar;C:\Users\alimu\.m2\repository\io\netty\netty-handler-proxy\4.1.60.Final\netty-handler-proxy-4.1.60.Final.jar;C:\Users\alimu\.m2\repository\io\netty\netty-transport-native-epoll\4.1.60.Final\netty-transport-native-epoll-4.1.60.Final-linux-x86_64.jar;C:\Users\alimu\.m2\repository\io\netty\netty-transport-native-kqueue\4.1.60.Final\netty-transport-native-kqueue-4.1.60.Final-osx-x86_64.jar;C:\Users\alimu\.m2\repository\org\reactivestreams\reactive-streams\1.0.3\reactive-streams-1.0.3.jar;C:\Users\alimu\.m2\repository\com\typesafe\netty\netty-reactive-streams\2.0.4\netty-reactive-streams-2.0.4.jar;C:\Users\alimu\.m2\repository\org\seleniumhq\selenium\selenium-manager\4.8.1\selenium-manager-4.8.1.jar;C:\Users\alimu\.m2\repository\org\seleniumhq\selenium\selenium-safari-driver\4.8.1\selenium-safari-driver-4.8.1.jar;C:\Users\alimu\.m2\repository\org\seleniumhq\selenium\selenium-api\4.8.1\selenium-api-4.8.1.jar;C:\Users\alimu\.m2\repository\org\seleniumhq\selenium\selenium-support\4.8.1\selenium-support-4.8.1.jar;C:\Users\alimu\.m2\repository\com\google\auto\service\auto-service-annotations\1.0.1\auto-service-annotations-1.0.1.jar;C:\Users\alimu\.m2\repository\com\google\auto\service\auto-service\1.0.1\auto-service-1.0.1.jar;C:\Users\alimu\.m2\repository\com\google\auto\auto-common\1.2\auto-common-1.2.jar;C:\Users\alimu\.m2\repository\org\seleniumhq\selenium\selenium-json\4.8.1\selenium-json-4.8.1.jar;C:\Users\alimu\.m2\repository\org\seleniumhq\selenium\selenium-chrome-driver\4.8.1\selenium-chrome-driver-4.8.1.jar;C:\Users\alimu\.m2\repository\org\seleniumhq\selenium\selenium-chromium-driver\4.8.1\selenium-chromium-driver-4.8.1.jar;C:\Users\alimu\.m2\repository\org\seleniumhq\selenium\selenium-firefox-driver\4.8.1\selenium-firefox-driver-4.8.1.jar;C:\Users\alimu\.m2\repository\org\seleniumhq\selenium\selenium-http\4.8.1\selenium-http-4.8.1.jar;C:\Users\alimu\.m2\repository\dev\failsafe\failsafe\3.3.0\failsafe-3.3.0.jar;C:\Users\alimu\.m2\repository\org\seleniumhq\selenium\selenium-edge-driver\4.8.1\selenium-edge-driver-4.8.1.jar;C:\Users\alimu\.m2\repository\org\seleniumhq\selenium\selenium-ie-driver\4.8.1\selenium-ie-driver-4.8.1.jar;C:\Users\alimu\.m2\repository\org\projectlombok\lombok\1.18.20\lombok-1.18.20.jar;C:\Users\alimu\.m2\repository\io\appium\java-client\8.3.0\java-client-8.3.0.jar;C:\Users\alimu\.m2\repository\commons-validator\commons-validator\1.7\commons-validator-1.7.jar;C:\Users\alimu\.m2\repository\commons-digester\commons-digester\2.1\commons-digester-2.1.jar;C:\Users\alimu\.m2\repository\org\apache\groovy\groovy\4.0.10\groovy-4.0.10.jar;C:\Users\alimu\.m2\repository\net\sf\opencsv\opencsv\2.0\opencsv-2.0.jar;C:\Users\alimu\.m2\repository\commons-beanutils\commons-beanutils\1.9.4\commons-beanutils-1.9.4.jar;C:\Users\alimu\.m2\repository\org\apache\commons\commons-lang3\3.12.0\commons-lang3-3.12.0.jar;C:\Users\alimu\.m2\repository\commons-collections\commons-collections\3.2.2\commons-collections-3.2.2.jar;C:\Users\alimu\.m2\repository\org\fluentlenium\fluentlenium-core\0.10.2\fluentlenium-core-0.10.2.jar;C:\Users\alimu\.m2\repository\io\github\bonigarcia\webdrivermanager\5.3.0\webdrivermanager-5.3.0.jar;C:\Users\alimu\.m2\repository\com\github\docker-java\docker-java\3.2.13\docker-java-3.2.13.jar;C:\Users\alimu\.m2\repository\com\github\docker-java\docker-java-core\3.2.13\docker-java-core-3.2.13.jar;C:\Users\alimu\.m2\repository\com\github\docker-java\docker-java-api\3.2.13\docker-java-api-3.2.13.jar;C:\Users\alimu\.m2\repository\org\apache\commons\commons-compress\1.21\commons-compress-1.21.jar;C:\Users\alimu\.m2\repository\org\bouncycastle\bcpkix-jdk15on\1.64\bcpkix-jdk15on-1.64.jar;C:\Users\alimu\.m2\repository\org\bouncycastle\bcprov-jdk15on\1.64\bcprov-jdk15on-1.64.jar;C:\Users\alimu\.m2\repository\org\slf4j\jcl-over-slf4j\1.7.30\jcl-over-slf4j-1.7.30.jar;C:\Users\alimu\.m2\repository\com\github\docker-java\docker-java-transport-httpclient5\3.2.13\docker-java-transport-httpclient5-3.2.13.jar;C:\Users\alimu\.m2\repository\com\github\docker-java\docker-java-transport\3.2.13\docker-java-transport-3.2.13.jar;C:\Users\alimu\.m2\repository\net\java\dev\jna\jna\5.8.0\jna-5.8.0.jar;C:\Users\alimu\.m2\repository\org\brotli\dec\0.1.2\dec-0.1.2.jar;C:\Users\alimu\.m2\repository\org\apache\httpcomponents\client5\httpclient5\5.1.3\httpclient5-5.1.3.jar;C:\Users\alimu\.m2\repository\org\apache\httpcomponents\core5\httpcore5\5.1.3\httpcore5-5.1.3.jar;C:\Users\alimu\.m2\repository\org\apache\httpcomponents\core5\httpcore5-h2\5.1.3\httpcore5-h2-5.1.3.jar;C:\Users\alimu\.m2\repository\com\jhlabs\filters\2.0.235\filters-2.0.235.jar;C:\Users\alimu\.m2\repository\com\paulhammant\ngwebdriver\1.1.6\ngwebdriver-1.1.6.jar;C:\Users\alimu\.m2\repository\joda-time\joda-time\2.12.2\joda-time-2.12.2.jar;C:\Users\alimu\.m2\repository\org\hamcrest\hamcrest\2.2\hamcrest-2.2.jar;C:\Users\alimu\.m2\repository\com\google\jimfs\jimfs\1.2\jimfs-1.2.jar;C:\Users\alimu\.m2\repository\org\mockito\mockito-core\3.3.3\mockito-core-3.3.3.jar;C:\Users\alimu\.m2\repository\javax\xml\bind\jaxb-api\2.3.1\jaxb-api-2.3.1.jar;C:\Users\alimu\.m2\repository\javax\activation\javax.activation-api\1.2.0\javax.activation-api-1.2.0.jar;C:\Users\alimu\.m2\repository\com\sun\xml\bind\jaxb-core\2.3.0.1\jaxb-core-2.3.0.1.jar;C:\Users\alimu\.m2\repository\com\sun\xml\bind\jaxb-impl\2.3.3\jaxb-impl-2.3.3.jar;C:\Users\alimu\.m2\repository\jakarta\xml\bind\jakarta.xml.bind-api\2.3.3\jakarta.xml.bind-api-2.3.3.jar;C:\Users\alimu\.m2\repository\com\sun\activation\jakarta.activation\1.2.2\jakarta.activation-1.2.2.jar;C:\Users\alimu\.m2\repository\javax\activation\activation\1.1.1\activation-1.1.1.jar;C:\Users\alimu\.m2\repository\net\serenity-bdd\serenity-cucumber\3.6.21\serenity-cucumber-3.6.21.jar;C:\Users\alimu\.m2\repository\io\cucumber\cucumber-core\7.11.0\cucumber-core-7.11.0.jar;C:\Users\alimu\.m2\repository\io\cucumber\cucumber-gherkin\7.11.0\cucumber-gherkin-7.11.0.jar;C:\Users\alimu\.m2\repository\io\cucumber\cucumber-gherkin-messages\7.11.0\cucumber-gherkin-messages-7.11.0.jar;C:\Users\alimu\.m2\repository\io\cucumber\gherkin\26.0.3\gherkin-26.0.3.jar;C:\Users\alimu\.m2\repository\io\cucumber\messages\21.0.1\messages-21.0.1.jar;C:\Users\alimu\.m2\repository\io\cucumber\tag-expressions\5.0.1\tag-expressions-5.0.1.jar;C:\Users\alimu\.m2\repository\io\cucumber\cucumber-expressions\16.1.1\cucumber-expressions-16.1.1.jar;C:\Users\alimu\.m2\repository\io\cucumber\datatable\7.11.0\datatable-7.11.0.jar;C:\Users\alimu\.m2\repository\io\cucumber\cucumber-plugin\7.11.0\cucumber-plugin-7.11.0.jar;C:\Users\alimu\.m2\repository\io\cucumber\docstring\7.11.0\docstring-7.11.0.jar;C:\Users\alimu\.m2\repository\io\cucumber\html-formatter\20.2.1\html-formatter-20.2.1.jar;C:\Users\alimu\.m2\repository\io\cucumber\junit-xml-formatter\0.1.0\junit-xml-formatter-0.1.0.jar;C:\Users\alimu\.m2\repository\io\cucumber\ci-environment\9.1.0\ci-environment-9.1.0.jar;C:\Users\alimu\.m2\repository\io\cucumber\cucumber-java\7.11.0\cucumber-java-7.11.0.jar;C:\Users\alimu\.m2\repository\io\cucumber\cucumber-junit\7.11.0\cucumber-junit-7.11.0.jar;C:\Users\alimu\.m2\repository\org\apache\commons\commons-csv\1.5\commons-csv-1.5.jar;C:\Users\alimu\.m2\repository\net\serenity-bdd\serenity-screenplay\3.6.21\serenity-screenplay-3.6.21.jar;C:\Users\alimu\.m2\repository\net\serenity-bdd\serenity-screenplay-webdriver\3.6.21\serenity-screenplay-webdriver-3.6.21.jar;C:\Users\alimu\.m2\repository\net\serenity-bdd\serenity-ensure\3.6.21\serenity-ensure-3.6.21.jar;C:\Users\alimu\.m2\repository\net\serenity-bdd\serenity-junit\3.6.21\serenity-junit-3.6.21.jar;C:\Users\alimu\.m2\repository\org\jetbrains\kotlin\kotlin-stdlib\1.8.10\kotlin-stdlib-1.8.10.jar;C:\Users\alimu\.m2\repository\org\jetbrains\kotlin\kotlin-stdlib-common\1.8.10\kotlin-stdlib-common-1.8.10.jar;C:\Users\alimu\.m2\repository\org\jetbrains\annotations\13.0\annotations-13.0.jar;C:\Users\alimu\.m2\repository\org\junit\platform\junit-platform-launcher\1.8.2\junit-platform-launcher-1.8.2.jar;C:\Users\alimu\.m2\repository\org\junit\platform\junit-platform-engine\1.8.2\junit-platform-engine-1.8.2.jar;C:\Users\alimu\.m2\repository\org\opentest4j\opentest4j\1.2.0\opentest4j-1.2.0.jar;C:\Users\alimu\.m2\repository\org\junit\platform\junit-platform-commons\1.8.2\junit-platform-commons-1.8.2.jar;C:\Users\alimu\.m2\repository\org\apiguardian\apiguardian-api\1.1.2\apiguardian-api-1.1.2.jar;C:\Users\alimu\.m2\repository\org\junit\jupiter\junit-jupiter-engine\5.8.2\junit-jupiter-engine-5.8.2.jar;C:\Users\alimu\.m2\repository\org\junit\jupiter\junit-jupiter-api\5.8.2\junit-jupiter-api-5.8.2.jar;C:\Users\alimu\.m2\repository\org\junit\vintage\junit-vintage-engine\5.8.2\junit-vintage-engine-5.8.2.jar;C:\Users\alimu\.m2\repository\junit\junit\4.13.2\junit-4.13.2.jar;C:\Users\alimu\.m2\repository\org\hamcrest\hamcrest-core\1.3\hamcrest-core-1.3.jar;C:\Users\alimu\.m2\repository\ch\qos\logback\logback-classic\1.2.10\logback-classic-1.2.10.jar;C:\Users\alimu\.m2\repository\ch\qos\logback\logback-core\1.2.10\logback-core-1.2.10.jar;C:\Users\alimu\.m2\repository\org\slf4j\slf4j-api\1.7.32\slf4j-api-1.7.32.jar;C:\Users\alimu\.m2\repository\org\assertj\assertj-core\3.23.1\assertj-core-3.23.1.jar;C:\Users\alimu\.m2\repository\net\bytebuddy\byte-buddy\1.12.10\byte-buddy-1.12.10.jar;"/>
    <property name="sun.cpu.endian" value="little"/>
    <property name="user.home" value="C:\Users\alimu"/>
    <property name="user.language" value="en"/>
    <property name="java.specification.vendor" value="Oracle Corporation"/>
    <property name="jdk.module.path" value="D:\CapstoneWeb\target\CapstoneWeb-1.0-SNAPSHOT.jar"/>
    <property name="java.version.date" value="2021-04-20"/>
    <property name="java.home" value="C:\Program Files\AdoptOpenJDK\jdk-11.0.11.9-hotspot"/>
    <property name="file.separator" value="\"/>
    <property name="basedir" value="D:\CapstoneWeb"/>
    <property name="java.vm.compressedOopsMode" value="32-bit"/>
    <property name="line.separator" value="&#10;"/>
    <property name="java.specification.name" value="Java Platform API Specification"/>
    <property name="java.vm.specification.vendor" value="Oracle Corporation"/>
    <property name="java.awt.graphicsenv" value="sun.awt.Win32GraphicsEnvironment"/>
    <property name="surefire.real.class.path" value="C:\Users\alimu\.m2\repository\org\apache\maven\surefire\surefire-booter\3.0.0-M5\surefire-booter-3.0.0-M5.jar;C:\Users\alimu\.m2\repository\org\apache\maven\surefire\surefire-api\3.0.0-M5\surefire-api-3.0.0-M5.jar;C:\Users\alimu\.m2\repository\org\apache\maven\surefire\surefire-logger-api\3.0.0-M5\surefire-logger-api-3.0.0-M5.jar;C:\Users\alimu\.m2\repository\org\apache\maven\surefire\surefire-shared-utils\3.0.0-M4\surefire-shared-utils-3.0.0-M4.jar;C:\Users\alimu\.m2\repository\org\apache\maven\surefire\surefire-extensions-spi\3.0.0-M5\surefire-extensions-spi-3.0.0-M5.jar;D:\CapstoneWeb\target\test-classes;C:\Users\alimu\.m2\repository\net\serenity-bdd\serenity-core\3.6.21\serenity-core-3.6.21.jar;C:\Users\alimu\.m2\repository\net\serenity-bdd\serenity-model\3.6.21\serenity-model-3.6.21.jar;C:\Users\alimu\.m2\repository\org\apache\commons\commons-text\1.10.0\commons-text-1.10.0.jar;C:\Users\alimu\.m2\repository\commons-net\commons-net\3.9.0\commons-net-3.9.0.jar;C:\Users\alimu\.m2\repository\com\google\guava\guava\31.1-jre\guava-31.1-jre.jar;C:\Users\alimu\.m2\repository\com\google\guava\failureaccess\1.0.1\failureaccess-1.0.1.jar;C:\Users\alimu\.m2\repository\com\google\guava\listenablefuture\9999.0-empty-to-avoid-conflict-with-guava\listenablefuture-9999.0-empty-to-avoid-conflict-with-guava.jar;C:\Users\alimu\.m2\repository\com\google\code\findbugs\jsr305\3.0.2\jsr305-3.0.2.jar;C:\Users\alimu\.m2\repository\org\checkerframework\checker-qual\3.12.0\checker-qual-3.12.0.jar;C:\Users\alimu\.m2\repository\com\google\errorprone\error_prone_annotations\2.11.0\error_prone_annotations-2.11.0.jar;C:\Users\alimu\.m2\repository\com\google\j2objc\j2objc-annotations\1.3\j2objc-annotations-1.3.jar;C:\Users\alimu\.m2\repository\com\google\inject\guice\5.1.0\guice-5.1.0.jar;C:\Users\alimu\.m2\repository\javax\inject\javax.inject\1\javax.inject-1.jar;C:\Users\alimu\.m2\repository\aopalliance\aopalliance\1.0\aopalliance-1.0.jar;C:\Users\alimu\.m2\repository\org\jsoup\jsoup\1.14.3\jsoup-1.14.3.jar;C:\Users\alimu\.m2\repository\com\thoughtworks\xstream\xstream\1.4.20\xstream-1.4.20.jar;C:\Users\alimu\.m2\repository\io\github\x-stream\mxparser\1.2.2\mxparser-1.2.2.jar;C:\Users\alimu\.m2\repository\xmlpull\xmlpull\1.1.3.1\xmlpull-1.1.3.1.jar;C:\Users\alimu\.m2\repository\com\typesafe\config\1.4.2\config-1.4.2.jar;C:\Users\alimu\.m2\repository\org\imgscalr\imgscalr-lib\4.2\imgscalr-lib-4.2.jar;C:\Users\alimu\.m2\repository\org\awaitility\awaitility\4.2.0\awaitility-4.2.0.jar;C:\Users\alimu\.m2\repository\org\freemarker\freemarker\2.3.31\freemarker-2.3.31.jar;C:\Users\alimu\.m2\repository\io\github\classgraph\classgraph\4.8.138\classgraph-4.8.138.jar;C:\Users\alimu\.m2\repository\net\sourceforge\jexcelapi\jxl\2.6.12\jxl-2.6.12.jar;C:\Users\alimu\.m2\repository\net\bytebuddy\byte-buddy-agent\1.14.2\byte-buddy-agent-1.14.2.jar;C:\Users\alimu\.m2\repository\org\objenesis\objenesis\3.3\objenesis-3.3.jar;C:\Users\alimu\.m2\repository\net\serenity-bdd\serenity-reports\3.6.21\serenity-reports-3.6.21.jar;C:\Users\alimu\.m2\repository\net\serenity-bdd\serenity-stats\3.6.21\serenity-stats-3.6.21.jar;C:\Users\alimu\.m2\repository\net\serenity-bdd\serenity-reports-configuration\3.6.21\serenity-reports-configuration-3.6.21.jar;C:\Users\alimu\.m2\repository\com\vladsch\flexmark\flexmark-all\0.62.2\flexmark-all-0.62.2.jar;C:\Users\alimu\.m2\repository\com\vladsch\flexmark\flexmark\0.62.2\flexmark-0.62.2.jar;C:\Users\alimu\.m2\repository\com\vladsch\flexmark\flexmark-ext-abbreviation\0.62.2\flexmark-ext-abbreviation-0.62.2.jar;C:\Users\alimu\.m2\repository\com\vladsch\flexmark\flexmark-util\0.62.2\flexmark-util-0.62.2.jar;C:\Users\alimu\.m2\repository\com\vladsch\flexmark\flexmark-ext-admonition\0.62.2\flexmark-ext-admonition-0.62.2.jar;C:\Users\alimu\.m2\repository\com\vladsch\flexmark\flexmark-ext-anchorlink\0.62.2\flexmark-ext-anchorlink-0.62.2.jar;C:\Users\alimu\.m2\repository\com\vladsch\flexmark\flexmark-ext-aside\0.62.2\flexmark-ext-aside-0.62.2.jar;C:\Users\alimu\.m2\repository\com\vladsch\flexmark\flexmark-ext-attributes\0.62.2\flexmark-ext-attributes-0.62.2.jar;C:\Users\alimu\.m2\repository\com\vladsch\flexmark\flexmark-ext-autolink\0.62.2\flexmark-ext-autolink-0.62.2.jar;C:\Users\alimu\.m2\repository\org\nibor\autolink\autolink\0.6.0\autolink-0.6.0.jar;C:\Users\alimu\.m2\repository\com\vladsch\flexmark\flexmark-ext-definition\0.62.2\flexmark-ext-definition-0.62.2.jar;C:\Users\alimu\.m2\repository\com\vladsch\flexmark\flexmark-ext-emoji\0.62.2\flexmark-ext-emoji-0.62.2.jar;C:\Users\alimu\.m2\repository\com\vladsch\flexmark\flexmark-ext-enumerated-reference\0.62.2\flexmark-ext-enumerated-reference-0.62.2.jar;C:\Users\alimu\.m2\repository\com\vladsch\flexmark\flexmark-ext-escaped-character\0.62.2\flexmark-ext-escaped-character-0.62.2.jar;C:\Users\alimu\.m2\repository\com\vladsch\flexmark\flexmark-ext-footnotes\0.62.2\flexmark-ext-footnotes-0.62.2.jar;C:\Users\alimu\.m2\repository\com\vladsch\flexmark\flexmark-ext-gfm-issues\0.62.2\flexmark-ext-gfm-issues-0.62.2.jar;C:\Users\alimu\.m2\repository\com\vladsch\flexmark\flexmark-ext-gfm-strikethrough\0.62.2\flexmark-ext-gfm-strikethrough-0.62.2.jar;C:\Users\alimu\.m2\repository\com\vladsch\flexmark\flexmark-ext-gfm-tasklist\0.62.2\flexmark-ext-gfm-tasklist-0.62.2.jar;C:\Users\alimu\.m2\repository\com\vladsch\flexmark\flexmark-ext-gfm-users\0.62.2\flexmark-ext-gfm-users-0.62.2.jar;C:\Users\alimu\.m2\repository\com\vladsch\flexmark\flexmark-ext-gitlab\0.62.2\flexmark-ext-gitlab-0.62.2.jar;C:\Users\alimu\.m2\repository\com\vladsch\flexmark\flexmark-ext-jekyll-front-matter\0.62.2\flexmark-ext-jekyll-front-matter-0.62.2.jar;C:\Users\alimu\.m2\repository\com\vladsch\flexmark\flexmark-ext-jekyll-tag\0.62.2\flexmark-ext-jekyll-tag-0.62.2.jar;C:\Users\alimu\.m2\repository\com\vladsch\flexmark\flexmark-ext-media-tags\0.62.2\flexmark-ext-media-tags-0.62.2.jar;C:\Users\alimu\.m2\repository\com\vladsch\flexmark\flexmark-ext-macros\0.62.2\flexmark-ext-macros-0.62.2.jar;C:\Users\alimu\.m2\repository\com\vladsch\flexmark\flexmark-ext-ins\0.62.2\flexmark-ext-ins-0.62.2.jar;C:\Users\alimu\.m2\repository\com\vladsch\flexmark\flexmark-ext-xwiki-macros\0.62.2\flexmark-ext-xwiki-macros-0.62.2.jar;C:\Users\alimu\.m2\repository\com\vladsch\flexmark\flexmark-ext-superscript\0.62.2\flexmark-ext-superscript-0.62.2.jar;C:\Users\alimu\.m2\repository\com\vladsch\flexmark\flexmark-ext-tables\0.62.2\flexmark-ext-tables-0.62.2.jar;C:\Users\alimu\.m2\repository\com\vladsch\flexmark\flexmark-ext-toc\0.62.2\flexmark-ext-toc-0.62.2.jar;C:\Users\alimu\.m2\repository\com\vladsch\flexmark\flexmark-ext-typographic\0.62.2\flexmark-ext-typographic-0.62.2.jar;C:\Users\alimu\.m2\repository\com\vladsch\flexmark\flexmark-ext-wikilink\0.62.2\flexmark-ext-wikilink-0.62.2.jar;C:\Users\alimu\.m2\repository\com\vladsch\flexmark\flexmark-ext-yaml-front-matter\0.62.2\flexmark-ext-yaml-front-matter-0.62.2.jar;C:\Users\alimu\.m2\repository\com\vladsch\flexmark\flexmark-ext-youtube-embedded\0.62.2\flexmark-ext-youtube-embedded-0.62.2.jar;C:\Users\alimu\.m2\repository\com\vladsch\flexmark\flexmark-html2md-converter\0.62.2\flexmark-html2md-converter-0.62.2.jar;C:\Users\alimu\.m2\repository\com\vladsch\flexmark\flexmark-jira-converter\0.62.2\flexmark-jira-converter-0.62.2.jar;C:\Users\alimu\.m2\repository\com\vladsch\flexmark\flexmark-pdf-converter\0.62.2\flexmark-pdf-converter-0.62.2.jar;C:\Users\alimu\.m2\repository\com\openhtmltopdf\openhtmltopdf-core\1.0.0\openhtmltopdf-core-1.0.0.jar;C:\Users\alimu\.m2\repository\com\openhtmltopdf\openhtmltopdf-pdfbox\1.0.0\openhtmltopdf-pdfbox-1.0.0.jar;C:\Users\alimu\.m2\repository\org\apache\pdfbox\pdfbox\2.0.16\pdfbox-2.0.16.jar;C:\Users\alimu\.m2\repository\org\apache\pdfbox\fontbox\2.0.16\fontbox-2.0.16.jar;C:\Users\alimu\.m2\repository\org\apache\pdfbox\xmpbox\2.0.16\xmpbox-2.0.16.jar;C:\Users\alimu\.m2\repository\de\rototor\pdfbox\graphics2d\0.24\graphics2d-0.24.jar;C:\Users\alimu\.m2\repository\com\openhtmltopdf\openhtmltopdf-rtl-support\1.0.0\openhtmltopdf-rtl-support-1.0.0.jar;C:\Users\alimu\.m2\repository\com\openhtmltopdf\openhtmltopdf-jsoup-dom-converter\1.0.0\openhtmltopdf-jsoup-dom-converter-1.0.0.jar;C:\Users\alimu\.m2\repository\com\vladsch\flexmark\flexmark-profile-pegdown\0.62.2\flexmark-profile-pegdown-0.62.2.jar;C:\Users\alimu\.m2\repository\com\vladsch\flexmark\flexmark-util-ast\0.62.2\flexmark-util-ast-0.62.2.jar;C:\Users\alimu\.m2\repository\com\vladsch\flexmark\flexmark-util-builder\0.62.2\flexmark-util-builder-0.62.2.jar;C:\Users\alimu\.m2\repository\com\vladsch\flexmark\flexmark-util-collection\0.62.2\flexmark-util-collection-0.62.2.jar;C:\Users\alimu\.m2\repository\com\vladsch\flexmark\flexmark-util-data\0.62.2\flexmark-util-data-0.62.2.jar;C:\Users\alimu\.m2\repository\com\vladsch\flexmark\flexmark-util-dependency\0.62.2\flexmark-util-dependency-0.62.2.jar;C:\Users\alimu\.m2\repository\com\vladsch\flexmark\flexmark-util-format\0.62.2\flexmark-util-format-0.62.2.jar;C:\Users\alimu\.m2\repository\com\vladsch\flexmark\flexmark-util-html\0.62.2\flexmark-util-html-0.62.2.jar;C:\Users\alimu\.m2\repository\com\vladsch\flexmark\flexmark-util-misc\0.62.2\flexmark-util-misc-0.62.2.jar;C:\Users\alimu\.m2\repository\com\vladsch\flexmark\flexmark-util-options\0.62.2\flexmark-util-options-0.62.2.jar;C:\Users\alimu\.m2\repository\com\vladsch\flexmark\flexmark-util-sequence\0.62.2\flexmark-util-sequence-0.62.2.jar;C:\Users\alimu\.m2\repository\com\vladsch\flexmark\flexmark-util-visitor\0.62.2\flexmark-util-visitor-0.62.2.jar;C:\Users\alimu\.m2\repository\com\vladsch\flexmark\flexmark-youtrack-converter\0.62.2\flexmark-youtrack-converter-0.62.2.jar;C:\Users\alimu\.m2\repository\com\ibm\icu\icu4j\72.1\icu4j-72.1.jar;C:\Users\alimu\.m2\repository\es\nitaur\markdown\txtmark\0.16\txtmark-0.16.jar;C:\Users\alimu\.m2\repository\net\serenity-bdd\serenity-report-resources\3.6.21\serenity-report-resources-3.6.21.jar;C:\Users\alimu\.m2\repository\com\google\code\gson\gson\2.10.1\gson-2.10.1.jar;C:\Users\alimu\.m2\repository\com\fasterxml\jackson\core\jackson-core\2.15.0-rc1\jackson-core-2.15.0-rc1.jar;C:\Users\alimu\.m2\repository\com\fasterxml\jackson\core\jackson-databind\2.15.0-rc1\jackson-databind-2.15.0-rc1.jar;C:\Users\alimu\.m2\repository\com\fasterxml\jackson\core\jackson-annotations\2.15.0-rc1\jackson-annotations-2.15.0-rc1.jar;C:\Users\alimu\.m2\repository\commons-codec\commons-codec\1.15\commons-codec-1.15.jar;C:\Users\alimu\.m2\repository\commons-io\commons-io\2.11.0\commons-io-2.11.0.jar;C:\Users\alimu\.m2\repository\org\apache\httpcomponents\httpclient\4.5.13\httpclient-4.5.13.jar;C:\Users\alimu\.m2\repository\org\apache\httpcomponents\httpcore\4.4.13\httpcore-4.4.13.jar;C:\Users\alimu\.m2\repository\commons-logging\commons-logging\1.2\commons-logging-1.2.jar;C:\Users\alimu\.m2\repository\org\seleniumhq\selenium\selenium-java\4.8.1\selenium-java-4.8.1.jar;C:\Users\alimu\.m2\repository\org\seleniumhq\selenium\selenium-devtools-v108\4.8.1\selenium-devtools-v108-4.8.1.jar;C:\Users\alimu\.m2\repository\org\seleniumhq\selenium\selenium-devtools-v109\4.8.1\selenium-devtools-v109-4.8.1.jar;C:\Users\alimu\.m2\repository\org\seleniumhq\selenium\selenium-devtools-v110\4.8.1\selenium-devtools-v110-4.8.1.jar;C:\Users\alimu\.m2\repository\org\seleniumhq\selenium\selenium-devtools-v85\4.8.1\selenium-devtools-v85-4.8.1.jar;C:\Users\alimu\.m2\repository\org\seleniumhq\selenium\selenium-remote-driver\4.8.1\selenium-remote-driver-4.8.1.jar;C:\Users\alimu\.m2\repository\com\beust\jcommander\1.82\jcommander-1.82.jar;C:\Users\alimu\.m2\repository\io\netty\netty-buffer\4.1.87.Final\netty-buffer-4.1.87.Final.jar;C:\Users\alimu\.m2\repository\io\netty\netty-codec-http\4.1.87.Final\netty-codec-http-4.1.87.Final.jar;C:\Users\alimu\.m2\repository\io\netty\netty-codec\4.1.87.Final\netty-codec-4.1.87.Final.jar;C:\Users\alimu\.m2\repository\io\netty\netty-handler\4.1.87.Final\netty-handler-4.1.87.Final.jar;C:\Users\alimu\.m2\repository\io\netty\netty-common\4.1.87.Final\netty-common-4.1.87.Final.jar;C:\Users\alimu\.m2\repository\io\netty\netty-transport-classes-epoll\4.1.87.Final\netty-transport-classes-epoll-4.1.87.Final.jar;C:\Users\alimu\.m2\repository\io\netty\netty-transport-classes-kqueue\4.1.87.Final\netty-transport-classes-kqueue-4.1.87.Final.jar;C:\Users\alimu\.m2\repository\io\netty\netty-transport-native-epoll\4.1.87.Final\netty-transport-native-epoll-4.1.87.Final.jar;C:\Users\alimu\.m2\repository\io\netty\netty-transport-native-kqueue\4.1.87.Final\netty-transport-native-kqueue-4.1.87.Final.jar;C:\Users\alimu\.m2\repository\io\netty\netty-transport-native-unix-common\4.1.87.Final\netty-transport-native-unix-common-4.1.87.Final.jar;C:\Users\alimu\.m2\repository\io\netty\netty-transport\4.1.87.Final\netty-transport-4.1.87.Final.jar;C:\Users\alimu\.m2\repository\io\netty\netty-resolver\4.1.87.Final\netty-resolver-4.1.87.Final.jar;C:\Users\alimu\.m2\repository\io\opentelemetry\opentelemetry-api\1.22.0\opentelemetry-api-1.22.0.jar;C:\Users\alimu\.m2\repository\io\opentelemetry\opentelemetry-context\1.22.0\opentelemetry-context-1.22.0.jar;C:\Users\alimu\.m2\repository\io\opentelemetry\opentelemetry-exporter-logging\1.22.0\opentelemetry-exporter-logging-1.22.0.jar;C:\Users\alimu\.m2\repository\io\opentelemetry\opentelemetry-sdk-metrics\1.22.0\opentelemetry-sdk-metrics-1.22.0.jar;C:\Users\alimu\.m2\repository\io\opentelemetry\opentelemetry-sdk-logs\1.22.0-alpha\opentelemetry-sdk-logs-1.22.0-alpha.jar;C:\Users\alimu\.m2\repository\io\opentelemetry\opentelemetry-api-logs\1.22.0-alpha\opentelemetry-api-logs-1.22.0-alpha.jar;C:\Users\alimu\.m2\repository\io\opentelemetry\opentelemetry-sdk-common\1.22.0\opentelemetry-sdk-common-1.22.0.jar;C:\Users\alimu\.m2\repository\io\opentelemetry\opentelemetry-sdk-extension-autoconfigure-spi\1.22.0\opentelemetry-sdk-extension-autoconfigure-spi-1.22.0.jar;C:\Users\alimu\.m2\repository\io\opentelemetry\opentelemetry-sdk-extension-autoconfigure\1.22.0-alpha\opentelemetry-sdk-extension-autoconfigure-1.22.0-alpha.jar;C:\Users\alimu\.m2\repository\io\opentelemetry\opentelemetry-sdk-trace\1.22.0\opentelemetry-sdk-trace-1.22.0.jar;C:\Users\alimu\.m2\repository\io\opentelemetry\opentelemetry-sdk\1.22.0\opentelemetry-sdk-1.22.0.jar;C:\Users\alimu\.m2\repository\io\opentelemetry\opentelemetry-semconv\1.22.0-alpha\opentelemetry-semconv-1.22.0-alpha.jar;C:\Users\alimu\.m2\repository\io\ous\jtoml\2.0.0\jtoml-2.0.0.jar;C:\Users\alimu\.m2\repository\org\apache\commons\commons-exec\1.3\commons-exec-1.3.jar;C:\Users\alimu\.m2\repository\org\asynchttpclient\async-http-client\2.12.3\async-http-client-2.12.3.jar;C:\Users\alimu\.m2\repository\org\asynchttpclient\async-http-client-netty-utils\2.12.3\async-http-client-netty-utils-2.12.3.jar;C:\Users\alimu\.m2\repository\io\netty\netty-codec-socks\4.1.60.Final\netty-codec-socks-4.1.60.Final.jar;C:\Users\alimu\.m2\repository\io\netty\netty-handler-proxy\4.1.60.Final\netty-handler-proxy-4.1.60.Final.jar;C:\Users\alimu\.m2\repository\io\netty\netty-transport-native-epoll\4.1.60.Final\netty-transport-native-epoll-4.1.60.Final-linux-x86_64.jar;C:\Users\alimu\.m2\repository\io\netty\netty-transport-native-kqueue\4.1.60.Final\netty-transport-native-kqueue-4.1.60.Final-osx-x86_64.jar;C:\Users\alimu\.m2\repository\org\reactivestreams\reactive-streams\1.0.3\reactive-streams-1.0.3.jar;C:\Users\alimu\.m2\repository\com\typesafe\netty\netty-reactive-streams\2.0.4\netty-reactive-streams-2.0.4.jar;C:\Users\alimu\.m2\repository\org\seleniumhq\selenium\selenium-manager\4.8.1\selenium-manager-4.8.1.jar;C:\Users\alimu\.m2\repository\org\seleniumhq\selenium\selenium-safari-driver\4.8.1\selenium-safari-driver-4.8.1.jar;C:\Users\alimu\.m2\repository\org\seleniumhq\selenium\selenium-api\4.8.1\selenium-api-4.8.1.jar;C:\Users\alimu\.m2\repository\org\seleniumhq\selenium\selenium-support\4.8.1\selenium-support-4.8.1.jar;C:\Users\alimu\.m2\repository\com\google\auto\service\auto-service-annotations\1.0.1\auto-service-annotations-1.0.1.jar;C:\Users\alimu\.m2\repository\com\google\auto\service\auto-service\1.0.1\auto-service-1.0.1.jar;C:\Users\alimu\.m2\repository\com\google\auto\auto-common\1.2\auto-common-1.2.jar;C:\Users\alimu\.m2\repository\org\seleniumhq\selenium\selenium-json\4.8.1\selenium-json-4.8.1.jar;C:\Users\alimu\.m2\repository\org\seleniumhq\selenium\selenium-chrome-driver\4.8.1\selenium-chrome-driver-4.8.1.jar;C:\Users\alimu\.m2\repository\org\seleniumhq\selenium\selenium-chromium-driver\4.8.1\selenium-chromium-driver-4.8.1.jar;C:\Users\alimu\.m2\repository\org\seleniumhq\selenium\selenium-firefox-driver\4.8.1\selenium-firefox-driver-4.8.1.jar;C:\Users\alimu\.m2\repository\org\seleniumhq\selenium\selenium-http\4.8.1\selenium-http-4.8.1.jar;C:\Users\alimu\.m2\repository\dev\failsafe\failsafe\3.3.0\failsafe-3.3.0.jar;C:\Users\alimu\.m2\repository\org\seleniumhq\selenium\selenium-edge-driver\4.8.1\selenium-edge-driver-4.8.1.jar;C:\Users\alimu\.m2\repository\org\seleniumhq\selenium\selenium-ie-driver\4.8.1\selenium-ie-driver-4.8.1.jar;C:\Users\alimu\.m2\repository\org\projectlombok\lombok\1.18.20\lombok-1.18.20.jar;C:\Users\alimu\.m2\repository\io\appium\java-client\8.3.0\java-client-8.3.0.jar;C:\Users\alimu\.m2\repository\commons-validator\commons-validator\1.7\commons-validator-1.7.jar;C:\Users\alimu\.m2\repository\commons-digester\commons-digester\2.1\commons-digester-2.1.jar;C:\Users\alimu\.m2\repository\org\apache\groovy\groovy\4.0.10\groovy-4.0.10.jar;C:\Users\alimu\.m2\repository\net\sf\opencsv\opencsv\2.0\opencsv-2.0.jar;C:\Users\alimu\.m2\repository\commons-beanutils\commons-beanutils\1.9.4\commons-beanutils-1.9.4.jar;C:\Users\alimu\.m2\repository\org\apache\commons\commons-lang3\3.12.0\commons-lang3-3.12.0.jar;C:\Users\alimu\.m2\repository\commons-collections\commons-collections\3.2.2\commons-collections-3.2.2.jar;C:\Users\alimu\.m2\repository\org\fluentlenium\fluentlenium-core\0.10.2\fluentlenium-core-0.10.2.jar;C:\Users\alimu\.m2\repository\io\github\bonigarcia\webdrivermanager\5.3.0\webdrivermanager-5.3.0.jar;C:\Users\alimu\.m2\repository\com\github\docker-java\docker-java\3.2.13\docker-java-3.2.13.jar;C:\Users\alimu\.m2\repository\com\github\docker-java\docker-java-core\3.2.13\docker-java-core-3.2.13.jar;C:\Users\alimu\.m2\repository\com\github\docker-java\docker-java-api\3.2.13\docker-java-api-3.2.13.jar;C:\Users\alimu\.m2\repository\org\apache\commons\commons-compress\1.21\commons-compress-1.21.jar;C:\Users\alimu\.m2\repository\org\bouncycastle\bcpkix-jdk15on\1.64\bcpkix-jdk15on-1.64.jar;C:\Users\alimu\.m2\repository\org\bouncycastle\bcprov-jdk15on\1.64\bcprov-jdk15on-1.64.jar;C:\Users\alimu\.m2\repository\org\slf4j\jcl-over-slf4j\1.7.30\jcl-over-slf4j-1.7.30.jar;C:\Users\alimu\.m2\repository\com\github\docker-java\docker-java-transport-httpclient5\3.2.13\docker-java-transport-httpclient5-3.2.13.jar;C:\Users\alimu\.m2\repository\com\github\docker-java\docker-java-transport\3.2.13\docker-java-transport-3.2.13.jar;C:\Users\alimu\.m2\repository\net\java\dev\jna\jna\5.8.0\jna-5.8.0.jar;C:\Users\alimu\.m2\repository\org\brotli\dec\0.1.2\dec-0.1.2.jar;C:\Users\alimu\.m2\repository\org\apache\httpcomponents\client5\httpclient5\5.1.3\httpclient5-5.1.3.jar;C:\Users\alimu\.m2\repository\org\apache\httpcomponents\core5\httpcore5\5.1.3\httpcore5-5.1.3.jar;C:\Users\alimu\.m2\repository\org\apache\httpcomponents\core5\httpcore5-h2\5.1.3\httpcore5-h2-5.1.3.jar;C:\Users\alimu\.m2\repository\com\jhlabs\filters\2.0.235\filters-2.0.235.jar;C:\Users\alimu\.m2\repository\com\paulhammant\ngwebdriver\1.1.6\ngwebdriver-1.1.6.jar;C:\Users\alimu\.m2\repository\joda-time\joda-time\2.12.2\joda-time-2.12.2.jar;C:\Users\alimu\.m2\repository\org\hamcrest\hamcrest\2.2\hamcrest-2.2.jar;C:\Users\alimu\.m2\repository\com\google\jimfs\jimfs\1.2\jimfs-1.2.jar;C:\Users\alimu\.m2\repository\org\mockito\mockito-core\3.3.3\mockito-core-3.3.3.jar;C:\Users\alimu\.m2\repository\javax\xml\bind\jaxb-api\2.3.1\jaxb-api-2.3.1.jar;C:\Users\alimu\.m2\repository\javax\activation\javax.activation-api\1.2.0\javax.activation-api-1.2.0.jar;C:\Users\alimu\.m2\repository\com\sun\xml\bind\jaxb-core\2.3.0.1\jaxb-core-2.3.0.1.jar;C:\Users\alimu\.m2\repository\com\sun\xml\bind\jaxb-impl\2.3.3\jaxb-impl-2.3.3.jar;C:\Users\alimu\.m2\repository\jakarta\xml\bind\jakarta.xml.bind-api\2.3.3\jakarta.xml.bind-api-2.3.3.jar;C:\Users\alimu\.m2\repository\com\sun\activation\jakarta.activation\1.2.2\jakarta.activation-1.2.2.jar;C:\Users\alimu\.m2\repository\javax\activation\activation\1.1.1\activation-1.1.1.jar;C:\Users\alimu\.m2\repository\net\serenity-bdd\serenity-cucumber\3.6.21\serenity-cucumber-3.6.21.jar;C:\Users\alimu\.m2\repository\io\cucumber\cucumber-core\7.11.0\cucumber-core-7.11.0.jar;C:\Users\alimu\.m2\repository\io\cucumber\cucumber-gherkin\7.11.0\cucumber-gherkin-7.11.0.jar;C:\Users\alimu\.m2\repository\io\cucumber\cucumber-gherkin-messages\7.11.0\cucumber-gherkin-messages-7.11.0.jar;C:\Users\alimu\.m2\repository\io\cucumber\gherkin\26.0.3\gherkin-26.0.3.jar;C:\Users\alimu\.m2\repository\io\cucumber\messages\21.0.1\messages-21.0.1.jar;C:\Users\alimu\.m2\repository\io\cucumber\tag-expressions\5.0.1\tag-expressions-5.0.1.jar;C:\Users\alimu\.m2\repository\io\cucumber\cucumber-expressions\16.1.1\cucumber-expressions-16.1.1.jar;C:\Users\alimu\.m2\repository\io\cucumber\datatable\7.11.0\datatable-7.11.0.jar;C:\Users\alimu\.m2\repository\io\cucumber\cucumber-plugin\7.11.0\cucumber-plugin-7.11.0.jar;C:\Users\alimu\.m2\repository\io\cucumber\docstring\7.11.0\docstring-7.11.0.jar;C:\Users\alimu\.m2\repository\io\cucumber\html-formatter\20.2.1\html-formatter-20.2.1.jar;C:\Users\alimu\.m2\repository\io\cucumber\junit-xml-formatter\0.1.0\junit-xml-formatter-0.1.0.jar;C:\Users\alimu\.m2\repository\io\cucumber\ci-environment\9.1.0\ci-environment-9.1.0.jar;C:\Users\alimu\.m2\repository\io\cucumber\cucumber-java\7.11.0\cucumber-java-7.11.0.jar;C:\Users\alimu\.m2\repository\io\cucumber\cucumber-junit\7.11.0\cucumber-junit-7.11.0.jar;C:\Users\alimu\.m2\repository\org\apache\commons\commons-csv\1.5\commons-csv-1.5.jar;C:\Users\alimu\.m2\repository\net\serenity-bdd\serenity-screenplay\3.6.21\serenity-screenplay-3.6.21.jar;C:\Users\alimu\.m2\repository\net\serenity-bdd\serenity-screenplay-webdriver\3.6.21\serenity-screenplay-webdriver-3.6.21.jar;C:\Users\alimu\.m2\repository\net\serenity-bdd\serenity-ensure\3.6.21\serenity-ensure-3.6.21.jar;C:\Users\alimu\.m2\repository\net\serenity-bdd\serenity-junit\3.6.21\serenity-junit-3.6.21.jar;C:\Users\alimu\.m2\repository\org\jetbrains\kotlin\kotlin-stdlib\1.8.10\kotlin-stdlib-1.8.10.jar;C:\Users\alimu\.m2\repository\org\jetbrains\kotlin\kotlin-stdlib-common\1.8.10\kotlin-stdlib-common-1.8.10.jar;C:\Users\alimu\.m2\repository\org\jetbrains\annotations\13.0\annotations-13.0.jar;C:\Users\alimu\.m2\repository\org\junit\platform\junit-platform-launcher\1.8.2\junit-platform-launcher-1.8.2.jar;C:\Users\alimu\.m2\repository\org\junit\platform\junit-platform-engine\1.8.2\junit-platform-engine-1.8.2.jar;C:\Users\alimu\.m2\repository\org\opentest4j\opentest4j\1.2.0\opentest4j-1.2.0.jar;C:\Users\alimu\.m2\repository\org\junit\platform\junit-platform-commons\1.8.2\junit-platform-commons-1.8.2.jar;C:\Users\alimu\.m2\repository\org\apiguardian\apiguardian-api\1.1.2\apiguardian-api-1.1.2.jar;C:\Users\alimu\.m2\repository\org\junit\jupiter\junit-jupiter-engine\5.8.2\junit-jupiter-engine-5.8.2.jar;C:\Users\alimu\.m2\repository\org\junit\jupiter\junit-jupiter-api\5.8.2\junit-jupiter-api-5.8.2.jar;C:\Users\alimu\.m2\repository\org\junit\vintage\junit-vintage-engine\5.8.2\junit-vintage-engine-5.8.2.jar;C:\Users\alimu\.m2\repository\junit\junit\4.13.2\junit-4.13.2.jar;C:\Users\alimu\.m2\repository\org\hamcrest\hamcrest-core\1.3\hamcrest-core-1.3.jar;C:\Users\alimu\.m2\repository\ch\qos\logback\logback-classic\1.2.10\logback-classic-1.2.10.jar;C:\Users\alimu\.m2\repository\ch\qos\logback\logback-core\1.2.10\logback-core-1.2.10.jar;C:\Users\alimu\.m2\repository\org\slf4j\slf4j-api\1.7.32\slf4j-api-1.7.32.jar;C:\Users\alimu\.m2\repository\org\assertj\assertj-core\3.23.1\assertj-core-3.23.1.jar;C:\Users\alimu\.m2\repository\net\bytebuddy\byte-buddy\1.12.10\byte-buddy-1.12.10.jar;C:\Users\alimu\.m2\repository\org\apache\maven\surefire\surefire-junit-platform\3.0.0-M5\surefire-junit-platform-3.0.0-M5.jar;C:\Users\alimu\.m2\repository\org\apache\maven\surefire\common-java5\3.0.0-M5\common-java5-3.0.0-M5.jar"/>
    <property name="user.script" value=""/>
    <property name="java.protocol.handler.pkgs" value="com.google.common"/>
    <property name="sun.management.compiler" value="HotSpot 64-Bit Tiered Compilers"/>
    <property name="java.runtime.version" value="11.0.11+9"/>
    <property name="user.name" value="alimu"/>
    <property name="path.separator" value=";"/>
    <property name="os.version" value="10.0"/>
    <property name="java.runtime.name" value="OpenJDK Runtime Environment"/>
    <property name="file.encoding" value="Cp1252"/>
    <property name="webdriver.base.url" value=""/>
    <property name="java.vm.name" value="OpenJDK 64-Bit Server VM"/>
    <property name="java.vendor.version" value="AdoptOpenJDK-11.0.11+9"/>
    <property name="localRepository" value="C:\Users\alimu\.m2\repository"/>
    <property name="java.vendor.url.bug" value="https://github.com/AdoptOpenJDK/openjdk-support/issues"/>
    <property name="java.io.tmpdir" value="C:\Users\alimu\AppData\Local\Temp\"/>
    <property name="java.version" value="11.0.11"/>
    <property name="user.dir" value="D:\CapstoneWeb"/>
    <property name="os.arch" value="amd64"/>
    <property name="java.vm.specification.name" value="Java Virtual Machine Specification"/>
    <property name="java.awt.printerjob" value="sun.awt.windows.WPrinterJob"/>
    <property name="user.language.format" value="id"/>
    <property name="sun.os.patch.level" value=""/>
    <property name="java.library.path" value="C:\Program Files\AdoptOpenJDK\jdk-11.0.11.9-hotspot\bin;C:\WINDOWS\Sun\Java\bin;C:\WINDOWS\system32;C:\WINDOWS;C:\platform-tools;C:\Program Files\Common Files\Oracle\Java\javapath;C:\Program Files\AdoptOpenJDK\jdk-11.0.11.9-hotspot\bin;C:\Program Files (x86)\Common Files\Oracle\Java\javapath;C:\Program Files (x86)\Common Files\Intel\Shared Files\cpp\bin\Intel64;C:\ProgramData\Oracle\Java\javapath;C:\WINDOWS\system32;C:\WINDOWS;C:\WINDOWS\System32\Wbem;C:\WINDOWS\System32\WindowsPowerShell\v1.0\;C:\WINDOWS\System32\OpenSSH\;C:\Program Files\nodejs\;C:\Program Files (x86)\Microsoft SQL Server\100\Tools\Binn\;C:\Program Files\Microsoft SQL Server\100\Tools\Binn\;C:\Program Files\Microsoft SQL Server\100\DTS\Binn\;C:\Program Files\Git\cmd;C:\xampp\php;C:\ProgramData\ComposerSetup\bin;C:\Program Files\MATLAB\R2020a\runtime\win64;C:\Program Files\MATLAB\R2020a\bin;C:\Program Files\MATLAB\R2020a\polyspace\bin;C:\apache-maven-3.9.1\bin;C:\webdriver;%ANDROID_HOME%\platform-tools;;C:\Program Files\Docker\Docker\resources\bin;C:\Users\alimu\AppData\Local\Programs\Python\Python39\Scripts\;C:\Users\alimu\AppData\Local\Programs\Python\Python39\;C:\Users\alimu\AppData\Local\Microsoft\WindowsApps;C:\Users\alimu\AppData\Roaming\npm;C:\Program Files (x86)\Jar2Exe Wizard\;C:\Users\alimu\VScode\Microsoft VS Code\bin;C:\Users\alimu\AppData\Roaming\Composer\vendor\bin;C:\WebDriver;;."/>
    <property name="java.vm.info" value="mixed mode"/>
    <property name="java.vendor" value="AdoptOpenJDK"/>
    <property name="java.vm.version" value="11.0.11+9"/>
    <property name="sun.io.unicode.encoding" value="UnicodeLittle"/>
    <property name="java.class.version" value="55.0"/>
  </properties>
  <testcase name="As Admin, I Login With Valid Credential" classname="login" time="23.873">
    <system-out><![CDATA[02:09:05.346 [main] DEBUG net.thucydides.core.guice.Injectors - Created injector for module net.thucydides.core.guice.ThucydidesModule
02:09:06.199 [main] DEBUG io.cucumber.core.plugin.SerenityReporter - Running feature from file:///D:/CapstoneWeb/src/test/resources/features/Login.feature
02:09:06.715 [main] DEBUG net.thucydides.core.guice.Injectors - Created injector for module net.thucydides.core.guice.webdriver.WebDriverModule
02:09:06.804 [main] INFO  - 

-------------------------------------------------------------------------------------
     _______. _______ .______       _______ .__   __.  __  .___________.____    ____ 
    /       ||   ____||   _  \     |   ____||  \ |  | |  | |           |\   \  /   / 
   |   (----`|  |__   |  |_)  |    |  |__   |   \|  | |  | `---|  |----` \   \/   /  
    \   \    |   __|  |      /     |   __|  |  . `  | |  |     |  |       \_    _/   
.----)   |   |  |____ |  |\  \----.|  |____ |  |\   | |  |     |  |         |  |     
|_______/    |_______|| _| `._____||_______||__| \__| |__|     |__|         |__|    
                                                                                     
 News and tutorials at http://www.serenity-bdd.info                                  
 Documentation at https://wakaleo.gitbooks.io/the-serenity-book/content/             
 Join the Serenity Community on Gitter: https://gitter.im/serenity-bdd/serenity-core 
 Serenity BDD Support and Training at http://serenity-bdd.info/#/trainingandsupport  
-------------------------------------------------------------------------------------

02:09:06.812 [main] DEBUG net.thucydides.core.steps.StepEventBus - Test suite started for story net.thucydides.core.model.Story@23282f08
02:09:06.821 [main] INFO  - Test Suite Started: Login
02:09:06.859 [main] DEBUG io.cucumber.core.plugin.SerenityReporter - Running feature from file:///D:/CapstoneWeb/src/test/resources/features/Logout.feature
02:09:06.871 [main] DEBUG net.thucydides.core.steps.StepEventBus - Test suite started for story net.thucydides.core.model.Story@7960de68
02:09:06.873 [main] INFO  - Test Suite Started: Logout
02:09:06.875 [main] DEBUG io.cucumber.core.plugin.SerenityReporter - Running feature from file:///D:/CapstoneWeb/src/test/resources/features/Login.feature
02:09:06.888 [main] DEBUG net.thucydides.core.steps.StepEventBus - Test suite started for story net.thucydides.core.model.Story@23282f08
02:09:06.890 [main] INFO  - Test Suite Started: Login

@login @ValidLogin
Scenario: As Admin, I Login With Valid Credential &amp#27;[90m# src/test/resources/features/Login.feature:12&amp#27;[0m
02:09:07.154 [main] DEBUG io.cucumber.core.plugin.SerenityReporter - Running feature from file:///D:/CapstoneWeb/src/test/resources/features/Login.feature
02:09:07.552 [main] INFO  - 
  _____   ___   ___   _____     ___   _____     _     ___   _____   ___   ___  
 |_   _| | __| / __| |_   _|   / __| |_   _|   /_\   | _ \ |_   _| | __| |   \ 
   | |   | _|  \__ \   | |     \__ \   | |    / _ \  |   /   | |   | _|  | |) |
   |_|   |___| |___/   |_|     |___/   |_|   /_/ \_\ |_|_\   |_|   |___| |___/ 

As Admin, I Login With Valid Credential(login;as-admin--i-login-with-valid-credential)
--------------------------------------------------------------------------------
02:09:07.721 [main] DEBUG net.thucydides.core.requirements.model.cucumber.CucumberParser - Loading feature D:\CapstoneWeb\src\test\resources\features\Login.feature
02:09:07.786 [main] DEBUG net.thucydides.core.requirements.model.cucumber.CucumberParser - Loading feature D:\CapstoneWeb\src\test\resources\features\Logout.feature
02:09:09.825 [main] INFO net.serenitybdd.core.webdriver.driverproviders.DriverProvider - Using WebDriverManager configuration for chrome
02:09:10.993 [main] DEBUG io.github.bonigarcia.wdm.cache.ResolutionCache - Removing resolution chrome=114 from cache (expired on Tue Jun 20 02:07:20 ICT 2023)
02:09:11.078 [main] DEBUG org.apache.hc.client5.http.impl.classic.InternalHttpClient - ex-0000000001 preparing request execution
02:09:11.103 [main] DEBUG org.apache.hc.client5.http.protocol.RequestAddCookies - ex-0000000001 Cookie spec selected: strict
02:09:11.122 [main] DEBUG org.apache.hc.client5.http.protocol.RequestAuthCache - ex-0000000001 Auth cache not set in the context
02:09:11.123 [main] DEBUG org.apache.hc.client5.http.impl.classic.ProtocolExec - ex-0000000001 target auth state: UNCHALLENGED
02:09:11.126 [main] DEBUG org.apache.hc.client5.http.impl.classic.ProtocolExec - ex-0000000001 proxy auth state: UNCHALLENGED
02:09:11.126 [main] DEBUG org.apache.hc.client5.http.impl.classic.ConnectExec - ex-0000000001 acquiring connection with route {s}->https://raw.githubusercontent.com:443
02:09:11.127 [main] DEBUG org.apache.hc.client5.http.impl.classic.InternalHttpClient - ex-0000000001 acquiring endpoint (3 MINUTES)
02:09:11.132 [main] DEBUG org.apache.hc.client5.http.impl.io.PoolingHttpClientConnectionManager - ex-0000000001 endpoint lease request (3 MINUTES) [route: {s}->https://raw.githubusercontent.com:443][total available: 0; route allocated: 0 of 5; total allocated: 0 of 25]
02:09:11.147 [main] DEBUG org.apache.hc.client5.http.impl.io.PoolingHttpClientConnectionManager - ex-0000000001 endpoint leased [route: {s}->https://raw.githubusercontent.com:443][total available: 0; route allocated: 1 of 5; total allocated: 1 of 25]
02:09:11.183 [main] DEBUG org.apache.hc.client5.http.impl.io.PoolingHttpClientConnectionManager - ex-0000000001 acquired ep-0000000000
02:09:11.183 [main] DEBUG org.apache.hc.client5.http.impl.classic.InternalHttpClient - ex-0000000001 acquired endpoint ep-0000000000
02:09:11.184 [main] DEBUG org.apache.hc.client5.http.impl.classic.ConnectExec - ex-0000000001 opening connection {s}->https://raw.githubusercontent.com:443
02:09:11.186 [main] DEBUG org.apache.hc.client5.http.impl.classic.InternalHttpClient - ep-0000000000 connecting endpoint (30 SECONDS)
02:09:11.186 [main] DEBUG org.apache.hc.client5.http.impl.io.PoolingHttpClientConnectionManager - ep-0000000000 connecting endpoint to https://raw.githubusercontent.com:443 (30 SECONDS)
02:09:11.388 [main] DEBUG org.apache.hc.client5.http.impl.io.DefaultHttpClientConnectionOperator - http-outgoing-0 connecting to raw.githubusercontent.com/185.199.111.133:443
02:09:11.389 [main] DEBUG org.apache.hc.client5.http.ssl.SSLConnectionSocketFactory - Connecting socket to raw.githubusercontent.com/185.199.111.133:443 with timeout 30 SECONDS
02:09:11.521 [main] DEBUG org.apache.hc.client5.http.ssl.SSLConnectionSocketFactory - Enabled protocols: [TLSv1.3, TLSv1.2]
02:09:11.522 [main] DEBUG org.apache.hc.client5.http.ssl.SSLConnectionSocketFactory - Enabled cipher suites: [TLS_AES_128_GCM_SHA256, TLS_AES_256_GCM_SHA384, TLS_ECDHE_ECDSA_WITH_AES_256_GCM_SHA384, TLS_ECDHE_ECDSA_WITH_AES_128_GCM_SHA256, TLS_ECDHE_RSA_WITH_AES_256_GCM_SHA384, TLS_RSA_WITH_AES_256_GCM_SHA384, TLS_ECDH_ECDSA_WITH_AES_256_GCM_SHA384, TLS_ECDH_RSA_WITH_AES_256_GCM_SHA384, TLS_DHE_RSA_WITH_AES_256_GCM_SHA384, TLS_DHE_DSS_WITH_AES_256_GCM_SHA384, TLS_ECDHE_RSA_WITH_AES_128_GCM_SHA256, TLS_RSA_WITH_AES_128_GCM_SHA256, TLS_ECDH_ECDSA_WITH_AES_128_GCM_SHA256, TLS_ECDH_RSA_WITH_AES_128_GCM_SHA256, TLS_DHE_RSA_WITH_AES_128_GCM_SHA256, TLS_DHE_DSS_WITH_AES_128_GCM_SHA256, TLS_ECDHE_ECDSA_WITH_AES_256_CBC_SHA384, TLS_ECDHE_RSA_WITH_AES_256_CBC_SHA384, TLS_RSA_WITH_AES_256_CBC_SHA256, TLS_ECDH_ECDSA_WITH_AES_256_CBC_SHA384, TLS_ECDH_RSA_WITH_AES_256_CBC_SHA384, TLS_DHE_RSA_WITH_AES_256_CBC_SHA256, TLS_DHE_DSS_WITH_AES_256_CBC_SHA256, TLS_ECDHE_ECDSA_WITH_AES_256_CBC_SHA, TLS_ECDHE_RSA_WITH_AES_256_CBC_SHA, TLS_RSA_WITH_AES_256_CBC_SHA, TLS_ECDH_ECDSA_WITH_AES_256_CBC_SHA, TLS_ECDH_RSA_WITH_AES_256_CBC_SHA, TLS_DHE_RSA_WITH_AES_256_CBC_SHA, TLS_DHE_DSS_WITH_AES_256_CBC_SHA, TLS_ECDHE_ECDSA_WITH_AES_128_CBC_SHA256, TLS_ECDHE_RSA_WITH_AES_128_CBC_SHA256, TLS_RSA_WITH_AES_128_CBC_SHA256, TLS_ECDH_ECDSA_WITH_AES_128_CBC_SHA256, TLS_ECDH_RSA_WITH_AES_128_CBC_SHA256, TLS_DHE_RSA_WITH_AES_128_CBC_SHA256, TLS_DHE_DSS_WITH_AES_128_CBC_SHA256, TLS_ECDHE_ECDSA_WITH_AES_128_CBC_SHA, TLS_ECDHE_RSA_WITH_AES_128_CBC_SHA, TLS_RSA_WITH_AES_128_CBC_SHA, TLS_ECDH_ECDSA_WITH_AES_128_CBC_SHA, TLS_ECDH_RSA_WITH_AES_128_CBC_SHA, TLS_DHE_RSA_WITH_AES_128_CBC_SHA, TLS_DHE_DSS_WITH_AES_128_CBC_SHA, TLS_EMPTY_RENEGOTIATION_INFO_SCSV]
02:09:11.523 [main] DEBUG org.apache.hc.client5.http.ssl.SSLConnectionSocketFactory - Starting handshake
02:09:12.131 [main] DEBUG org.apache.hc.client5.http.ssl.SSLConnectionSocketFactory - Secure session established
02:09:12.131 [main] DEBUG org.apache.hc.client5.http.ssl.SSLConnectionSocketFactory -  negotiated protocol: TLSv1.3
02:09:12.131 [main] DEBUG org.apache.hc.client5.http.ssl.SSLConnectionSocketFactory -  negotiated cipher suite: TLS_AES_128_GCM_SHA256
02:09:12.132 [main] DEBUG org.apache.hc.client5.http.ssl.SSLConnectionSocketFactory -  peer principal: CN=*.github.io, O="GitHub, Inc.", L=San Francisco, ST=California, C=US
02:09:12.135 [main] DEBUG org.apache.hc.client5.http.ssl.SSLConnectionSocketFactory -  peer alternative names: [*.github.io, github.io, *.github.com, github.com, www.github.com, *.githubusercontent.com, githubusercontent.com]
02:09:12.136 [main] DEBUG org.apache.hc.client5.http.ssl.SSLConnectionSocketFactory -  issuer principal: CN=DigiCert TLS RSA SHA256 2020 CA1, O=DigiCert Inc, C=US
02:09:12.137 [main] DEBUG org.apache.hc.client5.http.impl.io.DefaultHttpClientConnectionOperator - http-outgoing-0 connection established 192.168.43.55:60928<->185.199.111.133:443
02:09:12.138 [main] DEBUG org.apache.hc.client5.http.impl.io.PoolingHttpClientConnectionManager - ep-0000000000 connected http-outgoing-0
02:09:12.138 [main] DEBUG org.apache.hc.client5.http.impl.classic.InternalHttpClient - ep-0000000000 endpoint connected
02:09:12.140 [main] DEBUG org.apache.hc.client5.http.impl.classic.MainClientExec - ex-0000000001 executing GET /bonigarcia/webdrivermanager/master/src/main/resources/commands.properties HTTP/1.1
02:09:12.140 [main] DEBUG org.apache.hc.client5.http.impl.classic.InternalHttpClient - ep-0000000000 start execution ex-0000000001
02:09:12.141 [main] DEBUG org.apache.hc.client5.http.impl.io.PoolingHttpClientConnectionManager - ep-0000000000 executing exchange ex-0000000001 over http-outgoing-0
02:09:12.142 [main] DEBUG org.apache.hc.client5.http.headers - http-outgoing-0 >> GET /bonigarcia/webdrivermanager/master/src/main/resources/commands.properties HTTP/1.1
02:09:12.142 [main] DEBUG org.apache.hc.client5.http.headers - http-outgoing-0 >> user-agent: Apache-HttpClient/5.0
02:09:12.142 [main] DEBUG org.apache.hc.client5.http.headers - http-outgoing-0 >> accept-encoding: gzip, deflate, br
02:09:12.142 [main] DEBUG org.apache.hc.client5.http.headers - http-outgoing-0 >> cache-control: max-age=0
02:09:12.142 [main] DEBUG org.apache.hc.client5.http.headers - http-outgoing-0 >> connection: keep-alive
02:09:12.142 [main] DEBUG org.apache.hc.client5.http.headers - http-outgoing-0 >> Host: raw.githubusercontent.com
02:09:12.143 [main] DEBUG org.apache.hc.client5.http.wire - http-outgoing-0 >> "GET /bonigarcia/webdrivermanager/master/src/main/resources/commands.properties HTTP/1.1[\r][\n]"
02:09:12.143 [main] DEBUG org.apache.hc.client5.http.wire - http-outgoing-0 >> "user-agent: Apache-HttpClient/5.0[\r][\n]"
02:09:12.143 [main] DEBUG org.apache.hc.client5.http.wire - http-outgoing-0 >> "accept-encoding: gzip, deflate, br[\r][\n]"
02:09:12.143 [main] DEBUG org.apache.hc.client5.http.wire - http-outgoing-0 >> "cache-control: max-age=0[\r][\n]"
02:09:12.143 [main] DEBUG org.apache.hc.client5.http.wire - http-outgoing-0 >> "connection: keep-alive[\r][\n]"
02:09:12.144 [main] DEBUG org.apache.hc.client5.http.wire - http-outgoing-0 >> "Host: raw.githubusercontent.com[\r][\n]"
02:09:12.144 [main] DEBUG org.apache.hc.client5.http.wire - http-outgoing-0 >> "[\r][\n]"
02:09:12.197 [main] DEBUG org.apache.hc.client5.http.wire - http-outgoing-0 << "HTTP/1.1 200 OK[\r][\n]"
02:09:12.197 [main] DEBUG org.apache.hc.client5.http.wire - http-outgoing-0 << "Connection: keep-alive[\r][\n]"
02:09:12.197 [main] DEBUG org.apache.hc.client5.http.wire - http-outgoing-0 << "Content-Length: 723[\r][\n]"
02:09:12.198 [main] DEBUG org.apache.hc.client5.http.wire - http-outgoing-0 << "Cache-Control: max-age=300[\r][\n]"
02:09:12.198 [main] DEBUG org.apache.hc.client5.http.wire - http-outgoing-0 << "Content-Security-Policy: default-src 'none'; style-src 'unsafe-inline'; sandbox[\r][\n]"
02:09:12.198 [main] DEBUG org.apache.hc.client5.http.wire - http-outgoing-0 << "Content-Type: text/plain; charset=utf-8[\r][\n]"
02:09:12.198 [main] DEBUG org.apache.hc.client5.http.wire - http-outgoing-0 << "ETag: W/"e82b438271e9e8680c688b0b680efd0bdd22faa6d6f0a32fc1fd8accc486b67e"[\r][\n]"
02:09:12.198 [main] DEBUG org.apache.hc.client5.http.wire - http-outgoing-0 << "Strict-Transport-Security: max-age=31536000[\r][\n]"
02:09:12.198 [main] DEBUG org.apache.hc.client5.http.wire - http-outgoing-0 << "X-Content-Type-Options: nosniff[\r][\n]"
02:09:12.198 [main] DEBUG org.apache.hc.client5.http.wire - http-outgoing-0 << "X-Frame-Options: deny[\r][\n]"
02:09:12.198 [main] DEBUG org.apache.hc.client5.http.wire - http-outgoing-0 << "X-XSS-Protection: 1; mode=block[\r][\n]"
02:09:12.198 [main] DEBUG org.apache.hc.client5.http.wire - http-outgoing-0 << "X-GitHub-Request-Id: 2E88:739A:463FCE:50FB0E:64780588[\r][\n]"
02:09:12.198 [main] DEBUG org.apache.hc.client5.http.wire - http-outgoing-0 << "Content-Encoding: gzip[\r][\n]"
02:09:12.198 [main] DEBUG org.apache.hc.client5.http.wire - http-outgoing-0 << "Accept-Ranges: bytes[\r][\n]"
02:09:12.198 [main] DEBUG org.apache.hc.client5.http.wire - http-outgoing-0 << "Date: Mon, 19 Jun 2023 19:09:10 GMT[\r][\n]"
02:09:12.199 [main] DEBUG org.apache.hc.client5.http.wire - http-outgoing-0 << "Via: 1.1 varnish[\r][\n]"
02:09:12.199 [main] DEBUG org.apache.hc.client5.http.wire - http-outgoing-0 << "X-Served-By: cache-qpg1226-QPG[\r][\n]"
02:09:12.199 [main] DEBUG org.apache.hc.client5.http.wire - http-outgoing-0 << "X-Cache: HIT[\r][\n]"
02:09:12.199 [main] DEBUG org.apache.hc.client5.http.wire - http-outgoing-0 << "X-Cache-Hits: 1[\r][\n]"
02:09:12.199 [main] DEBUG org.apache.hc.client5.http.wire - http-outgoing-0 << "X-Timer: S1687201750.348082,VS0,VE1[\r][\n]"
02:09:12.199 [main] DEBUG org.apache.hc.client5.http.wire - http-outgoing-0 << "Vary: Authorization,Accept-Encoding,Origin[\r][\n]"
02:09:12.199 [main] DEBUG org.apache.hc.client5.http.wire - http-outgoing-0 << "Access-Control-Allow-Origin: *[\r][\n]"
02:09:12.199 [main] DEBUG org.apache.hc.client5.http.wire - http-outgoing-0 << "Cross-Origin-Resource-Policy: cross-origin[\r][\n]"
02:09:12.200 [main] DEBUG org.apache.hc.client5.http.wire - http-outgoing-0 << "X-Fastly-Request-ID: 1ded12415da5dae8c948aacae84387fa2eb291d8[\r][\n]"
02:09:12.200 [main] DEBUG org.apache.hc.client5.http.wire - http-outgoing-0 << "Expires: Mon, 19 Jun 2023 19:14:10 GMT[\r][\n]"
02:09:12.200 [main] DEBUG org.apache.hc.client5.http.wire - http-outgoing-0 << "Source-Age: 5[\r][\n]"
02:09:12.200 [main] DEBUG org.apache.hc.client5.http.wire - http-outgoing-0 << "[\r][\n]"
02:09:12.207 [main] DEBUG org.apache.hc.client5.http.headers - http-outgoing-0 << HTTP/1.1 200 OK
02:09:12.207 [main] DEBUG org.apache.hc.client5.http.headers - http-outgoing-0 << Connection: keep-alive
02:09:12.207 [main] DEBUG org.apache.hc.client5.http.headers - http-outgoing-0 << Content-Length: 723
02:09:12.207 [main] DEBUG org.apache.hc.client5.http.headers - http-outgoing-0 << Cache-Control: max-age=300
02:09:12.207 [main] DEBUG org.apache.hc.client5.http.headers - http-outgoing-0 << Content-Security-Policy: default-src 'none'; style-src 'unsafe-inline'; sandbox
02:09:12.207 [main] DEBUG org.apache.hc.client5.http.headers - http-outgoing-0 << Content-Type: text/plain; charset=utf-8
02:09:12.207 [main] DEBUG org.apache.hc.client5.http.headers - http-outgoing-0 << ETag: W/"e82b438271e9e8680c688b0b680efd0bdd22faa6d6f0a32fc1fd8accc486b67e"
02:09:12.207 [main] DEBUG org.apache.hc.client5.http.headers - http-outgoing-0 << Strict-Transport-Security: max-age=31536000
02:09:12.207 [main] DEBUG org.apache.hc.client5.http.headers - http-outgoing-0 << X-Content-Type-Options: nosniff
02:09:12.208 [main] DEBUG org.apache.hc.client5.http.headers - http-outgoing-0 << X-Frame-Options: deny
02:09:12.208 [main] DEBUG org.apache.hc.client5.http.headers - http-outgoing-0 << X-XSS-Protection: 1; mode=block
02:09:12.208 [main] DEBUG org.apache.hc.client5.http.headers - http-outgoing-0 << X-GitHub-Request-Id: 2E88:739A:463FCE:50FB0E:64780588
02:09:12.208 [main] DEBUG org.apache.hc.client5.http.headers - http-outgoing-0 << Content-Encoding: gzip
02:09:12.208 [main] DEBUG org.apache.hc.client5.http.headers - http-outgoing-0 << Accept-Ranges: bytes
02:09:12.208 [main] DEBUG org.apache.hc.client5.http.headers - http-outgoing-0 << Date: Mon, 19 Jun 2023 19:09:10 GMT
02:09:12.208 [main] DEBUG org.apache.hc.client5.http.headers - http-outgoing-0 << Via: 1.1 varnish
02:09:12.208 [main] DEBUG org.apache.hc.client5.http.headers - http-outgoing-0 << X-Served-By: cache-qpg1226-QPG
02:09:12.208 [main] DEBUG org.apache.hc.client5.http.headers - http-outgoing-0 << X-Cache: HIT
02:09:12.208 [main] DEBUG org.apache.hc.client5.http.headers - http-outgoing-0 << X-Cache-Hits: 1
02:09:12.208 [main] DEBUG org.apache.hc.client5.http.headers - http-outgoing-0 << X-Timer: S1687201750.348082,VS0,VE1
02:09:12.208 [main] DEBUG org.apache.hc.client5.http.headers - http-outgoing-0 << Vary: Authorization,Accept-Encoding,Origin
02:09:12.208 [main] DEBUG org.apache.hc.client5.http.headers - http-outgoing-0 << Access-Control-Allow-Origin: *
02:09:12.209 [main] DEBUG org.apache.hc.client5.http.headers - http-outgoing-0 << Cross-Origin-Resource-Policy: cross-origin
02:09:12.209 [main] DEBUG org.apache.hc.client5.http.headers - http-outgoing-0 << X-Fastly-Request-ID: 1ded12415da5dae8c948aacae84387fa2eb291d8
02:09:12.209 [main] DEBUG org.apache.hc.client5.http.headers - http-outgoing-0 << Expires: Mon, 19 Jun 2023 19:14:10 GMT
02:09:12.209 [main] DEBUG org.apache.hc.client5.http.headers - http-outgoing-0 << Source-Age: 5
02:09:12.218 [main] DEBUG org.apache.hc.client5.http.impl.classic.MainClientExec - ex-0000000001 connection can be kept alive for 3 MINUTES
02:09:12.230 [main] DEBUG org.apache.hc.client5.http.wire - http-outgoing-0 << "[0x1f][0xffffff8b][0x8][0x0][0x0][0x0][0x0][0x0][0x0][0x3][0xffffffb5]V]o[0xffffffda]0[0x14]}[0xffffffe7]W\[0xffffff81]*[0xffffffb5][0x12][0x1f][[M[0xffffffd3]$[0x1e]hF[0xffffffbb]i [0x18][0xffffffb4][0xffffffdd]&[0xfffffff9][0xffffffc5]$7[0xffffffc1]R[0x12]#;[0xffffff94]v[0xffffffbf]~[0xffffffb6][0xfffffff3]1[0xffffff92][0xffffff9a][0xffffffc1][0x1a]x[0xffffffcb][0xffffffb5][0xffffffaf][0xffffffcf]9[0xffffffbe][0xfffffff7]8v[0xb][0x1c][0x1e]E4[0xfffffff6]$x4[0xffffffa1][0xb]*[0xffffffb1][0xffffffd1][0xffffff82][0xfffffffb]%[0xffffff93][0xffffffe0][0xffffffb3][0x10][0xffffffc1][0xffffffe5]qBY,!Y[0xffffffea] KM8,[0x10][0xfffffff0][0x19][0xffffffdd]u[0xffffff82][0x1e][0xffffffb0][0xffffffd8]L[0xffffffcb]%[0xffffff86][0xffffffa1][0xe][0xffffffb8][0xfffffff0]P[0xffffffe8]$[0xf][0x13]t[0x13]3[0xfffffff9][0xffffff84]B2[0xffffffae][0xffffffe6]|@[0xfffffff5][0x1d][0x8][0xffffffc4][0x18][0x16][0xffffff82]o[0xffffffa4][0xffffff9a]P[0xffffff94][0xffffffe7][0xffffffce]R[0xfffffff0][0x8][0xffffffdb]p[0xffffffcb][0x4][0xfffffffa][0xfffffffc][0xffffffb9][\r][0xffffff93][0x15][\n]"
02:09:12.232 [main] DEBUG org.apache.hc.client5.http.wire - http-outgoing-0 << "[0xffffffda][0xffffff86][0xffffffa1][0x17][0xffffffa8]Q3[0xffffffcb][0xffffffd6][0xffffffd1][0xffffff85][0xffffffc6][0xfffffff7][0xffffff98][0xffffffef][0xffffffa3][0xffffffc0]8[0x1][0xffffffae]s[0x12][0x16][0x7] _d[0xffffff82][0xffffff91][0xffffff84][0xfffffff3][0x1f],[0xfffffff6][0x14]j[0x1b]F,^+[0xffffff98]1ua2[0xffffffbf]h([0xffffff8e][0xffffff94][0xffffffa2][0xffffff91]m[0xffffffa3][0xffffffeb][0xffffff9a][0xffffffb0][0xffffffbb]I[0x17]t[0xffffffdf][0xffffffbd][0xffffffef][0xffffffbb][0xffffff91][0xffffffd7]U[0xffffffbb][0xffffff82][0xffffff9e][0x3][0xffffff9b][0xffffff88][0xffffffb9][0xffffffa6]$[0xffffffa6][0xc][0xffffff9b][0xffffffa5][0xffffffe2][0xffffff83][0xffffff98]F[0xffffffd8]o[0xffffff9e]Mg[0xffffff93][0xffffffbb][0xffffffd9]`|[0xfffffffb]u4[0xffffff9c][0x7f]"}B[0xffffffce][0x8][0xffffffb9][0xffffffe3]<[0x8][0xffffff91][0xffffff90][0xffffff94][0xffffff82][0xffffff90][0xffffffc1]j[0x15]2WI[0xffffffe3]1![0x19][0xffffff91]BnB[0xffffff80][0x9]<f[0xffffffb5][0xffffffe8]=[0xffffffd1]p[0xffffffbd][[0xffffffcf][0xffffffe5][0x1b][0xfffffff4][0xffffff9c][0xffffffff][0xfffffffc][0xfffffff8][0xffffffe1][0xffffffe2][0xffffff94][0xffffffa2][0xffffffae][0xe][0x14]5[0xffffff9a]8[0xffffff83][0xffffffd1]`:[0xfffffffd]<[0xffffffb8][0x1f][0xffffff9c]R[0xffffffcf]u[0x7f]6[0xffffffbc][0xffffff83][0xffffffef][0xf][0xffffffc3][0xffffffd9]/[0xfffffff8][0xfffffff2][0xffffffcd]y s[0xffffffee]'[0x1b]*0g[0xffffffcb][0xffffffc8]nF7H][0xffffff83][0xffffff97]{[0xffffffb1]Q[0x5][\r][0xffffffb5]c[0xffffffb4][0xf][0x2][0xffffffb3][0xffffffb4][0xffffff93][0xe]C[0xffffffa7][0xffffffb3]kAD][0xffffff9d][0xffffffde][0xffffffdb][0xffffffda][0xffffff88][0xffffffec][0xffffffa5][0xffffffbc][0xffffff99][0xffffffd9][0xffffffba]t[0xffffffb5][0xffffffea]9[0xffffffea][0x10])[0xffffffb7][0xffffffca][0xffffff9e][0xfffffff2][0xffffffe2]d^N[0xffffffd8]FW[0x16][0xffffffcd][0xffffffdc]_[0x10][0xfffffff9]i|[0x1c][0xffffff93][0xffffff8e][0xfffffff9]o[0x16][0xffffff86]4'!$G[0xffffffdf]W[0xfffffff4]W*j[[0xfffffff3]xR[0xffffffae][0xffffffb6][0xc][0xffffffd0],; #[0xffffffa9][0xffffff92]5[0xffffffb5][0x7][0xffffff9c][0xffffffb5][0xffffffd0][0x7f][0xffffff90][0xffffffc7]jgs[0xfffffffc][0xffffffc2][0xb][0xffffffd9][0x0]t[0xffffff9e]^'Y[0xfffffffb][0xffffff9f][0xffffffb1][0xffffffd8]:[0xffffffbf][0xffffff8d][0xffffffa5][0xffffff9a][0xffffffad][0x7f]m[0x5]&[0xffffffaa][0xffffffa0]^[0xffffff9b][0xffffffcb][0x5]f[0xffffffae][0xffffffe0]RU[0xffffff82][0x10]MS9l[0xffffff91]4t[0xfffffffb][0xffffff8a]][0xffffffd6][0xfffffff4][0xffffff96][0xffffffa6][0xffffff9f]P[0xffffffce][0xffffffd5][0xffffffce][0xffffff93][0xffffffff][0xffffff97][0xffffffcc]p[0xfffffffd][0xfffffff3][0xffffffe8][0x1b][0xffffffcc][0xffffffa2][0xffffffd9]Q[0xffffffbe][0xffffffb2][0xffffffa3][0xffffffc7]m'[0xffffffdf][0xffffffe4][[0xfffffffb]^[0xffffffb0][0xffffff9a][0xffffffbe][0xffffffda][0xffffffda]_[0xffffffce][0xffffff80][0xffffffd2][0xffffffc1]7[0xffffffb7]][0xffffffc1]b[0xffffffee][0xffffffb5][0xffffffff]w[0xffffff83][0xffffffed][0xffffffa7];[0x15]<[0x10]4[0xffffff92][0xffffff84][0x18][\n]"
02:09:12.232 [main] DEBUG org.apache.hc.client5.http.wire - http-outgoing-0 << "BB[0xffffffba][0xffffff8e]][0xffffffb5]jo[0xffffffb9]+"[0xffffffea][0xffffffb4][0xffffffff]h"[0xffffffea]\?5[0xffffffa9][0xffffffaf]k[0xffffffec][0xffffffff]P[0xffffffea][\n]"
02:09:12.232 [main] DEBUG org.apache.hc.client5.http.wire - http-outgoing-0 << "w[0xffffffe1]K[0x13][0xffffffda][0xffffffec][0xffffff98][0xffffffe6]Y[0xfffffffd]h8m6[0xffffff9c]T[0xffffffc1][0xfffffff2][0xffffffa7][0xffffff91]z_[0xffffff95]o85p[0x1c][0x13][0xffffffe6][0xfffffff0]5[0xffffffee][0xfffffffc][0xffffff92][0xffffff96][0xffffffda][0xfffffff7][0xffffffcf][0xffffffb1][0x5][0x1d][0xffffffea]K[0xffffff9b]9[0xffffff8e][0xffffffad]e[0xfffffff7][0xffffff93][0xffffffa8]`[0xffffffda][0xffffffff][0x1a][0xffffffd2][0xffffff88][0xffffff85][0xfffffffd][0xfffffff2][0xffffff91]N[0xfffffff6]`[0xffffffdf]2[0xffffffcf][0xffffffae]E[0xffffff97][0xffffffc5][0xffffffa2][0xffffff9d][0xffffffef]'[0xffffff9d]mun.[0xffffffd3]f^[0xffffffc7][0xffffff82][0xffffffda][0xffffff82]9[0xfffffff5][0xffffffa9]`[0x5][0xffffffbc]4[0xffffffa1][0x1d]<M[0xffffffb5]A[0xffffffa7]3[[0xffffffc0][0x7f][0x0][0xffffffc1][0xffffffd0]$[0xffffff85][0x1d][\r][0x0][0x0]"
02:09:12.235 [main] DEBUG org.apache.hc.client5.http.impl.classic.InternalHttpClient - ep-0000000000 releasing valid endpoint
02:09:12.236 [main] DEBUG org.apache.hc.client5.http.impl.io.PoolingHttpClientConnectionManager - ep-0000000000 releasing endpoint
02:09:12.236 [main] DEBUG org.apache.hc.client5.http.impl.io.PoolingHttpClientConnectionManager - ep-0000000000 connection http-outgoing-0 can be kept alive for 3 MINUTES
02:09:12.238 [main] DEBUG org.apache.hc.client5.http.impl.io.PoolingHttpClientConnectionManager - ep-0000000000 connection released [route: {s}->https://raw.githubusercontent.com:443][total available: 1; route allocated: 1 of 5; total allocated: 1 of 25]
02:09:12.238 [main] DEBUG io.github.bonigarcia.wdm.versions.VersionDetector - Detecting chrome version using online commands.properties
02:09:12.243 [main] DEBUG io.github.bonigarcia.wdm.versions.Shell - Running command on the shell: [cmd.exe, /C, wmic, datafile, where, name="%PROGRAMFILES:\=\\%\\Google\\Chrome\\Application\\chrome.exe", get, Version, /value]
02:09:12.910 [main] DEBUG io.github.bonigarcia.wdm.versions.Shell - Result: 
02:09:12.912 [main] DEBUG io.github.bonigarcia.wdm.versions.Shell - Running command on the shell: [cmd.exe, /C, wmic, datafile, where, name="%PROGRAMFILES(X86):\=\\%\\Google\\Chrome\\Application\\chrome.exe", get, Version, /value]
02:09:13.186 [main] DEBUG io.github.bonigarcia.wdm.versions.Shell - Result: Version=114.0.5735.134
02:09:13.193 [main] DEBUG io.github.bonigarcia.wdm.cache.ResolutionCache - Resolution chrome114=114.0.5735.90 in cache (valid until 20:35:48 20/06/2023 ICT)
02:09:13.193 [main] INFO io.github.bonigarcia.wdm.WebDriverManager - Using chromedriver 114.0.5735.90 (resolved driver for Chrome 114)
02:09:13.202 [main] DEBUG io.github.bonigarcia.wdm.cache.ResolutionCache - Storing resolution chrome=114 in cache (valid until 03:09:13 20/06/2023 ICT)
02:09:13.229 [main] DEBUG io.github.bonigarcia.wdm.WebDriverManager - Driver chromedriver 114.0.5735.90 found in cache
02:09:13.231 [main] INFO io.github.bonigarcia.wdm.WebDriverManager - Exporting webdriver.chrome.driver as C:\Users\alimu\.cache\selenium\chromedriver\win32\114.0.5735.90\chromedriver.exe
02:09:13.420 [main] INFO net.serenitybdd.core.webdriver.driverproviders.ChromeDriverProvider - Starting Chrome driver instance with capabilities:
02:09:13.427 [main] INFO net.serenitybdd.core.webdriver.driverproviders.ChromeDriverProvider - Capabilities {acceptInsecureCerts: true, browserName: chrome, goog:chromeOptions: {args: [remote-allow-origins=*, test-type, no-sandbox, ignore-certificate-errors, start-maximized, incognito, disable-infobars, disable-gpu, disable-default-apps, disable-popup-blocking, remote-allow-origins=*, test-type, no-sandbox, ignore-certificate-errors, start-maximized, incognito, disable-infobars, disable-gpu, disable-default-apps, disable-popup-blocking, remote-allow-origins=*], extensions: []}}
02:09:13.650 [main] DEBUG io.netty.util.internal.logging.InternalLoggerFactory - Using SLF4J as the default logging framework
02:09:13.661 [main] DEBUG io.netty.util.ResourceLeakDetector - -Dio.netty.leakDetection.level: simple
02:09:13.662 [main] DEBUG io.netty.util.ResourceLeakDetector - -Dio.netty.leakDetection.targetRecords: 4
02:09:13.672 [main] DEBUG io.netty.util.ResourceLeakDetectorFactory - Loaded default ResourceLeakDetector: io.netty.util.ResourceLeakDetector@2b098563
02:09:13.762 [main] DEBUG io.netty.util.internal.PlatformDependent0 - -Dio.netty.noUnsafe: false
02:09:13.763 [main] DEBUG io.netty.util.internal.PlatformDependent0 - Java version: 11
02:09:13.765 [main] DEBUG io.netty.util.internal.PlatformDependent0 - sun.misc.Unsafe.theUnsafe: available
02:09:13.767 [main] DEBUG io.netty.util.internal.PlatformDependent0 - sun.misc.Unsafe.copyMemory: available
02:09:13.768 [main] DEBUG io.netty.util.internal.PlatformDependent0 - sun.misc.Unsafe.storeFence: available
02:09:13.769 [main] DEBUG io.netty.util.internal.PlatformDependent0 - java.nio.Buffer.address: available
02:09:13.771 [main] DEBUG io.netty.util.internal.PlatformDependent0 - direct buffer constructor: unavailable: Reflective setAccessible(true) disabled
02:09:13.773 [main] DEBUG io.netty.util.internal.PlatformDependent0 - java.nio.Bits.unaligned: available, true
02:09:13.776 [main] DEBUG io.netty.util.internal.PlatformDependent0 - jdk.internal.misc.Unsafe.allocateUninitializedArray(int): unavailable: class io.netty.util.internal.PlatformDependent0$7 cannot access class jdk.internal.misc.Unsafe (in module java.base) because module java.base does not export jdk.internal.misc to unnamed module @3228d990
02:09:13.779 [main] DEBUG io.netty.util.internal.PlatformDependent0 - java.nio.DirectByteBuffer.<init>(long, int): unavailable
02:09:13.780 [main] DEBUG io.netty.util.internal.PlatformDependent - sun.misc.Unsafe: available
02:09:13.784 [main] DEBUG io.netty.util.internal.PlatformDependent - maxDirectMemory: 1595932672 bytes (maybe)
02:09:13.784 [main] DEBUG io.netty.util.internal.PlatformDependent - -Dio.netty.tmpdir: C:\Users\alimu\AppData\Local\Temp (java.io.tmpdir)
02:09:13.784 [main] DEBUG io.netty.util.internal.PlatformDependent - -Dio.netty.bitMode: 64 (sun.arch.data.model)
02:09:13.785 [main] DEBUG io.netty.util.internal.PlatformDependent - Platform: Windows
02:09:13.787 [main] DEBUG io.netty.util.internal.PlatformDependent - -Dio.netty.maxDirectMemory: -1 bytes
02:09:13.787 [main] DEBUG io.netty.util.internal.PlatformDependent - -Dio.netty.uninitializedArrayAllocationThreshold: -1
02:09:13.789 [main] DEBUG io.netty.util.internal.CleanerJava9 - java.nio.ByteBuffer.cleaner(): available
02:09:13.790 [main] DEBUG io.netty.util.internal.PlatformDependent - -Dio.netty.noPreferDirect: false
02:09:13.812 [main] DEBUG io.netty.util.internal.PlatformDependent - org.jctools-core.MpscChunkedArrayQueue: available
02:09:13.878 [main] DEBUG io.netty.util.internal.InternalThreadLocalMap - -Dio.netty.threadLocalMap.stringBuilder.initialSize: 1024
02:09:13.878 [main] DEBUG io.netty.util.internal.InternalThreadLocalMap - -Dio.netty.threadLocalMap.stringBuilder.maxSize: 4096
02:09:13.928 [main] DEBUG io.netty.handler.ssl.JdkSslContext - Default protocols (JDK): [TLSv1.3, TLSv1.2] 
02:09:13.928 [main] DEBUG io.netty.handler.ssl.JdkSslContext - Default cipher suites (JDK): [TLS_ECDHE_ECDSA_WITH_AES_256_GCM_SHA384, TLS_ECDHE_ECDSA_WITH_AES_128_GCM_SHA256, TLS_ECDHE_RSA_WITH_AES_128_GCM_SHA256, TLS_ECDHE_RSA_WITH_AES_256_GCM_SHA384, TLS_ECDHE_RSA_WITH_AES_128_CBC_SHA, TLS_ECDHE_RSA_WITH_AES_256_CBC_SHA, TLS_RSA_WITH_AES_128_GCM_SHA256, TLS_RSA_WITH_AES_128_CBC_SHA, TLS_RSA_WITH_AES_256_CBC_SHA, TLS_AES_128_GCM_SHA256, TLS_AES_256_GCM_SHA384]
02:09:14.006 [main] DEBUG io.netty.channel.MultithreadEventLoopGroup - -Dio.netty.eventLoopThreads: 16
02:09:14.031 [main] DEBUG io.netty.channel.nio.NioEventLoop - -Dio.netty.noKeySetOptimization: false
02:09:14.031 [main] DEBUG io.netty.channel.nio.NioEventLoop - -Dio.netty.selectorAutoRebuildThreshold: 512
02:09:14.152 [main] DEBUG io.netty.buffer.PooledByteBufAllocator - -Dio.netty.allocator.numHeapArenas: 16
02:09:14.152 [main] DEBUG io.netty.buffer.PooledByteBufAllocator - -Dio.netty.allocator.numDirectArenas: 16
02:09:14.153 [main] DEBUG io.netty.buffer.PooledByteBufAllocator - -Dio.netty.allocator.pageSize: 8192
02:09:14.153 [main] DEBUG io.netty.buffer.PooledByteBufAllocator - -Dio.netty.allocator.maxOrder: 9
02:09:14.153 [main] DEBUG io.netty.buffer.PooledByteBufAllocator - -Dio.netty.allocator.chunkSize: 4194304
02:09:14.153 [main] DEBUG io.netty.buffer.PooledByteBufAllocator - -Dio.netty.allocator.smallCacheSize: 256
02:09:14.153 [main] DEBUG io.netty.buffer.PooledByteBufAllocator - -Dio.netty.allocator.normalCacheSize: 64
02:09:14.153 [main] DEBUG io.netty.buffer.PooledByteBufAllocator - -Dio.netty.allocator.maxCachedBufferCapacity: 32768
02:09:14.153 [main] DEBUG io.netty.buffer.PooledByteBufAllocator - -Dio.netty.allocator.cacheTrimInterval: 8192
02:09:14.153 [main] DEBUG io.netty.buffer.PooledByteBufAllocator - -Dio.netty.allocator.cacheTrimIntervalMillis: 0
02:09:14.153 [main] DEBUG io.netty.buffer.PooledByteBufAllocator - -Dio.netty.allocator.useCacheForAllThreads: false
02:09:14.153 [main] DEBUG io.netty.buffer.PooledByteBufAllocator - -Dio.netty.allocator.maxCachedByteBuffersPerChunk: 1023
02:09:14.183 [main] DEBUG io.netty.buffer.ByteBufUtil - -Dio.netty.allocator.type: pooled
02:09:14.184 [main] DEBUG io.netty.buffer.ByteBufUtil - -Dio.netty.threadLocalDirectBufferSize: 0
02:09:14.184 [main] DEBUG io.netty.buffer.ByteBufUtil - -Dio.netty.maxThreadLocalCharBufferSize: 16384
02:09:15.300 [Forwarding newSession on session null to remote] DEBUG io.netty.channel.DefaultChannelId - -Dio.netty.processId: 16504 (auto-detected)
02:09:15.305 [Forwarding newSession on session null to remote] DEBUG io.netty.util.NetUtil - -Djava.net.preferIPv4Stack: false
02:09:15.305 [Forwarding newSession on session null to remote] DEBUG io.netty.util.NetUtil - -Djava.net.preferIPv6Addresses: false
02:09:15.704 [Forwarding newSession on session null to remote] DEBUG io.netty.util.NetUtilInitializations - Loopback interface: lo (Software Loopback Interface 1, 127.0.0.1)
02:09:15.707 [Forwarding newSession on session null to remote] DEBUG io.netty.util.NetUtil - Failed to get SOMAXCONN from sysctl and file \proc\sys\net\core\somaxconn. Default: 200
02:09:15.730 [Forwarding newSession on session null to remote] DEBUG io.netty.channel.DefaultChannelId - -Dio.netty.machineId: 8c:c8:4b:ff:fe:f2:d5:d1 (auto-detected)
02:09:15.875 [AsyncHttpClient-1-2] DEBUG io.netty.buffer.AbstractByteBuf - -Dio.netty.buffer.checkAccessible: true
02:09:15.876 [AsyncHttpClient-1-2] DEBUG io.netty.buffer.AbstractByteBuf - -Dio.netty.buffer.checkBounds: true
02:09:15.876 [AsyncHttpClient-1-2] DEBUG io.netty.util.ResourceLeakDetectorFactory - Loaded default ResourceLeakDetector: io.netty.util.ResourceLeakDetector@4e409144
02:09:15.912 [AsyncHttpClient-1-2] DEBUG org.asynchttpclient.netty.channel.NettyConnectListener - Using new Channel '[id: 0xf0801b32, L:/127.0.0.1:60965 - R:localhost/127.0.0.1:31190]' for 'POST' to '/session'
02:09:15.958 [AsyncHttpClient-1-2] DEBUG io.netty.util.Recycler - -Dio.netty.recycler.maxCapacityPerThread: 4096
02:09:15.958 [AsyncHttpClient-1-2] DEBUG io.netty.util.Recycler - -Dio.netty.recycler.ratio: 8
02:09:15.958 [AsyncHttpClient-1-2] DEBUG io.netty.util.Recycler - -Dio.netty.recycler.chunkSize: 32
02:09:15.958 [AsyncHttpClient-1-2] DEBUG io.netty.util.Recycler - -Dio.netty.recycler.blocking: false
02:09:17.413 [AsyncHttpClient-1-2] DEBUG io.netty.handler.codec.compression.Brotli - brotli4j not in the classpath; Brotli support will be unavailable.
02:09:17.414 [AsyncHttpClient-1-2] DEBUG org.asynchttpclient.netty.handler.HttpHandler - 

Request DefaultHttpRequest(decodeResult: success, version: HTTP/1.1)
POST /session HTTP/1.1
User-Agent: selenium/4.8.1 (java windows)
Content-Length: 1701
Content-Type: application/json; charset=utf-8
host: localhost:31190
accept: */*

Response DefaultHttpResponse(decodeResult: success, version: HTTP/1.1)
HTTP/1.1 200 OK
Content-Length: 842
Content-Type: application/json; charset=utf-8
cache-control: no-cache

02:09:17.441 [AsyncHttpClient-1-2] DEBUG org.asynchttpclient.netty.channel.ChannelManager - Adding key: http://localhost:31190 for channel [id: 0xf0801b32, L:/127.0.0.1:60965 - R:localhost/127.0.0.1:31190]
02:09:17.693 [AsyncHttpClient-1-3] DEBUG org.asynchttpclient.netty.channel.NettyConnectListener - Using new Channel '[id: 0x6a903cdb, L:/127.0.0.1:60973 - R:localhost/127.0.0.1:60966]' for 'GET' to '/json/version'
02:09:17.702 [AsyncHttpClient-1-3] DEBUG org.asynchttpclient.netty.handler.HttpHandler - 

Request DefaultFullHttpRequest(decodeResult: success, version: HTTP/1.1, content: EmptyByteBufBE)
GET /json/version HTTP/1.1
User-Agent: selenium/4.8.1 (java windows)
host: localhost:60966
accept: */*

Response DefaultHttpResponse(decodeResult: success, version: HTTP/1.1)
HTTP/1.1 200 OK
Content-Security-Policy: frame-ancestors 'none'
Content-Length: 424
Content-Type: application/json; charset=UTF-8

02:09:17.703 [AsyncHttpClient-1-3] DEBUG org.asynchttpclient.netty.channel.ChannelManager - Adding key: http://localhost:60966 for channel [id: 0x6a903cdb, L:/127.0.0.1:60973 - R:localhost/127.0.0.1:60966]
02:09:17.727 [main] DEBUG io.netty.util.internal.ThreadLocalRandom - -Dio.netty.initialSeedUniquifier: 0x5c7df4ed6aa4c9d2
02:09:17.742 [AsyncHttpClient-1-4] DEBUG org.asynchttpclient.netty.channel.NettyConnectListener - Using new Channel '[id: 0x985619f4, L:/127.0.0.1:60974 - R:localhost/127.0.0.1:60966]' for 'GET' to '/devtools/browser/1a728357-f8be-43dd-b577-36e925c6f9ff'
02:09:17.748 [AsyncHttpClient-1-4] DEBUG org.asynchttpclient.netty.handler.WebSocketHandler - 

Request DefaultFullHttpRequest(decodeResult: success, version: HTTP/1.1, content: EmptyByteBufBE)
GET /devtools/browser/1a728357-f8be-43dd-b577-36e925c6f9ff HTTP/1.1
upgrade: websocket
connection: upgrade
sec-websocket-key: NUntrIayf8gTx0UblIvukw==
sec-websocket-version: 13
origin: http://localhost:60966
host: localhost:60966
accept: */*
user-agent: AHC/2.1

Response DefaultHttpResponse(decodeResult: success, version: HTTP/1.1)
HTTP/1.1 101 WebSocket Protocol Handshake
Upgrade: WebSocket
Connection: Upgrade
Sec-WebSocket-Accept: 7vT0xkH6ELBYgRg642k7XjmzX8A=

02:09:18.109 [Forwarding get on session a3cdf92d9e47cd800ef914a49d38ea5e to remote] DEBUG org.asynchttpclient.netty.request.NettyRequestSender - Using pooled Channel '[id: 0xf0801b32, L:/127.0.0.1:60965 - R:localhost/127.0.0.1:31190]' for 'POST' to 'http://localhost:31190/session/a3cdf92d9e47cd800ef914a49d38ea5e/url'
02:09:18.110 [Forwarding get on session a3cdf92d9e47cd800ef914a49d38ea5e to remote] DEBUG org.asynchttpclient.netty.request.NettyRequestSender - Using open Channel [id: 0xf0801b32, L:/127.0.0.1:60965 - R:localhost/127.0.0.1:31190] for POST '/session/a3cdf92d9e47cd800ef914a49d38ea5e/url'
02:09:18.340 [AsyncHttpClient-1-1] DEBUG org.asynchttpclient.netty.channel.DefaultChannelPool - Entry count for : http://localhost:60966 : 1
02:09:19.195 [AsyncHttpClient-1-2] DEBUG org.asynchttpclient.netty.handler.HttpHandler - 

Request DefaultHttpRequest(decodeResult: success, version: HTTP/1.1)
POST /session/a3cdf92d9e47cd800ef914a49d38ea5e/url HTTP/1.1
User-Agent: selenium/4.8.1 (java windows)
Content-Length: 69
Content-Type: application/json; charset=utf-8
host: localhost:31190
accept: */*

Response DefaultHttpResponse(decodeResult: success, version: HTTP/1.1)
HTTP/1.1 200 OK
Content-Length: 14
Content-Type: application/json; charset=utf-8
cache-control: no-cache

02:09:19.196 [AsyncHttpClient-1-2] DEBUG org.asynchttpclient.netty.channel.ChannelManager - Adding key: http://localhost:31190 for channel [id: 0xf0801b32, L:/127.0.0.1:60965 - R:localhost/127.0.0.1:31190]
02:09:19.208 [Forwarding setTimeout on session a3cdf92d9e47cd800ef914a49d38ea5e to remote] DEBUG org.asynchttpclient.netty.request.NettyRequestSender - Using pooled Channel '[id: 0xf0801b32, L:/127.0.0.1:60965 - R:localhost/127.0.0.1:31190]' for 'POST' to 'http://localhost:31190/session/a3cdf92d9e47cd800ef914a49d38ea5e/timeouts'
02:09:19.208 [Forwarding setTimeout on session a3cdf92d9e47cd800ef914a49d38ea5e to remote] DEBUG org.asynchttpclient.netty.request.NettyRequestSender - Using open Channel [id: 0xf0801b32, L:/127.0.0.1:60965 - R:localhost/127.0.0.1:31190] for POST '/session/a3cdf92d9e47cd800ef914a49d38ea5e/timeouts'
02:09:19.211 [AsyncHttpClient-1-2] DEBUG org.asynchttpclient.netty.handler.HttpHandler - 

Request DefaultHttpRequest(decodeResult: success, version: HTTP/1.1)
POST /session/a3cdf92d9e47cd800ef914a49d38ea5e/timeouts HTTP/1.1
User-Agent: selenium/4.8.1 (java windows)
Content-Length: 22
Content-Type: application/json; charset=utf-8
host: localhost:31190
accept: */*

Response DefaultHttpResponse(decodeResult: success, version: HTTP/1.1)
HTTP/1.1 200 OK
Content-Length: 14
Content-Type: application/json; charset=utf-8
cache-control: no-cache

02:09:19.212 [AsyncHttpClient-1-2] DEBUG org.asynchttpclient.netty.channel.ChannelManager - Adding key: http://localhost:31190 for channel [id: 0xf0801b32, L:/127.0.0.1:60965 - R:localhost/127.0.0.1:31190]
  &amp#27;[32mGiven &amp#27;[0m&amp#27;[32mI am on the landing page&amp#27;[0m                  &amp#27;[90m# starter.stepdefinitions.LoginSteps.onTheLandingPage()&amp#27;[0m
02:09:19.275 [main] DEBUG net.serenitybdd.core.photography.Darkroom - Opening darkroom
02:09:19.277 [Darkroom Processing Line] DEBUG net.serenitybdd.core.photography.DarkroomProcessingLine - Darkroom processing line starting up
02:09:19.313 [Forwarding getAlertText on session a3cdf92d9e47cd800ef914a49d38ea5e to remote] DEBUG org.asynchttpclient.netty.request.NettyRequestSender - Using pooled Channel '[id: 0xf0801b32, L:/127.0.0.1:60965 - R:localhost/127.0.0.1:31190]' for 'GET' to 'http://localhost:31190/session/a3cdf92d9e47cd800ef914a49d38ea5e/alert/text'
02:09:19.313 [Forwarding getAlertText on session a3cdf92d9e47cd800ef914a49d38ea5e to remote] DEBUG org.asynchttpclient.netty.request.NettyRequestSender - Using open Channel [id: 0xf0801b32, L:/127.0.0.1:60965 - R:localhost/127.0.0.1:31190] for GET '/session/a3cdf92d9e47cd800ef914a49d38ea5e/alert/text'
02:09:19.317 [AsyncHttpClient-1-2] DEBUG org.asynchttpclient.netty.handler.HttpHandler - 

Request DefaultFullHttpRequest(decodeResult: success, version: HTTP/1.1, content: EmptyByteBufBE)
GET /session/a3cdf92d9e47cd800ef914a49d38ea5e/alert/text HTTP/1.1
User-Agent: selenium/4.8.1 (java windows)
Cache-Control: no-cache
Content-Type: application/json; charset=utf-8
host: localhost:31190
accept: */*

Response DefaultHttpResponse(decodeResult: success, version: HTTP/1.1)
HTTP/1.1 404 Not Found
Content-Length: 828
Content-Type: application/json; charset=utf-8
cache-control: no-cache

02:09:19.318 [AsyncHttpClient-1-2] DEBUG org.asynchttpclient.netty.channel.ChannelManager - Adding key: http://localhost:31190 for channel [id: 0xf0801b32, L:/127.0.0.1:60965 - R:localhost/127.0.0.1:31190]
02:09:19.333 [Forwarding getCurrentUrl on session a3cdf92d9e47cd800ef914a49d38ea5e to remote] DEBUG org.asynchttpclient.netty.request.NettyRequestSender - Using pooled Channel '[id: 0xf0801b32, L:/127.0.0.1:60965 - R:localhost/127.0.0.1:31190]' for 'GET' to 'http://localhost:31190/session/a3cdf92d9e47cd800ef914a49d38ea5e/url'
02:09:19.334 [Forwarding getCurrentUrl on session a3cdf92d9e47cd800ef914a49d38ea5e to remote] DEBUG org.asynchttpclient.netty.request.NettyRequestSender - Using open Channel [id: 0xf0801b32, L:/127.0.0.1:60965 - R:localhost/127.0.0.1:31190] for GET '/session/a3cdf92d9e47cd800ef914a49d38ea5e/url'
02:09:19.342 [AsyncHttpClient-1-2] DEBUG org.asynchttpclient.netty.handler.HttpHandler - 

Request DefaultFullHttpRequest(decodeResult: success, version: HTTP/1.1, content: EmptyByteBufBE)
GET /session/a3cdf92d9e47cd800ef914a49d38ea5e/url HTTP/1.1
User-Agent: selenium/4.8.1 (java windows)
Cache-Control: no-cache
Content-Type: application/json; charset=utf-8
host: localhost:31190
accept: */*

Response DefaultHttpResponse(decodeResult: success, version: HTTP/1.1)
HTTP/1.1 200 OK
Content-Length: 51
Content-Type: application/json; charset=utf-8
cache-control: no-cache

02:09:19.343 [AsyncHttpClient-1-2] DEBUG org.asynchttpclient.netty.channel.ChannelManager - Adding key: http://localhost:31190 for channel [id: 0xf0801b32, L:/127.0.0.1:60965 - R:localhost/127.0.0.1:31190]
02:09:19.351 [Forwarding screenshot on session a3cdf92d9e47cd800ef914a49d38ea5e to remote] DEBUG org.asynchttpclient.netty.request.NettyRequestSender - Using pooled Channel '[id: 0xf0801b32, L:/127.0.0.1:60965 - R:localhost/127.0.0.1:31190]' for 'GET' to 'http://localhost:31190/session/a3cdf92d9e47cd800ef914a49d38ea5e/screenshot'
02:09:19.351 [Forwarding screenshot on session a3cdf92d9e47cd800ef914a49d38ea5e to remote] DEBUG org.asynchttpclient.netty.request.NettyRequestSender - Using open Channel [id: 0xf0801b32, L:/127.0.0.1:60965 - R:localhost/127.0.0.1:31190] for GET '/session/a3cdf92d9e47cd800ef914a49d38ea5e/screenshot'
02:09:19.428 [AsyncHttpClient-1-1] DEBUG org.asynchttpclient.netty.channel.DefaultChannelPool - Entry count for : http://localhost:60966 : 1
02:09:19.697 [AsyncHttpClient-1-2] DEBUG org.asynchttpclient.netty.handler.HttpHandler - 

Request DefaultFullHttpRequest(decodeResult: success, version: HTTP/1.1, content: EmptyByteBufBE)
GET /session/a3cdf92d9e47cd800ef914a49d38ea5e/screenshot HTTP/1.1
User-Agent: selenium/4.8.1 (java windows)
Cache-Control: no-cache
Content-Type: application/json; charset=utf-8
host: localhost:31190
accept: */*

Response DefaultHttpResponse(decodeResult: success, version: HTTP/1.1)
HTTP/1.1 200 OK
Content-Length: 137344
Content-Type: application/json; charset=utf-8
cache-control: no-cache

02:09:19.701 [AsyncHttpClient-1-2] DEBUG org.asynchttpclient.netty.channel.ChannelManager - Adding key: http://localhost:31190 for channel [id: 0xf0801b32, L:/127.0.0.1:60965 - R:localhost/127.0.0.1:31190]
02:09:19.937 [main] DEBUG net.serenitybdd.core.photography.Darkroom - Send negative for processing for target\site\serenity\e7ff25b33213f3237b5b3f92db7de7b9b9b9ac01a4eb807c3801e3f6037b44eb.png
02:09:19.938 [Darkroom Processing Line] DEBUG net.serenitybdd.core.photography.DarkroomProcessingLine - Processing screenshot image in /var/screenshots/screenshot-4932056021911695077
02:09:19.939 [Darkroom Processing Line] DEBUG net.serenitybdd.core.photography.DarkroomProcessingLine - Saving screenshot to target\site\serenity\e7ff25b33213f3237b5b3f92db7de7b9b9b9ac01a4eb807c3801e3f6037b44eb.png
02:09:19.981 [Forwarding getPageSource on session a3cdf92d9e47cd800ef914a49d38ea5e to remote] DEBUG org.asynchttpclient.netty.request.NettyRequestSender - Using pooled Channel '[id: 0xf0801b32, L:/127.0.0.1:60965 - R:localhost/127.0.0.1:31190]' for 'POST' to 'http://localhost:31190/session/a3cdf92d9e47cd800ef914a49d38ea5e/execute/sync'
02:09:19.982 [Forwarding getPageSource on session a3cdf92d9e47cd800ef914a49d38ea5e to remote] DEBUG org.asynchttpclient.netty.request.NettyRequestSender - Using open Channel [id: 0xf0801b32, L:/127.0.0.1:60965 - R:localhost/127.0.0.1:31190] for POST '/session/a3cdf92d9e47cd800ef914a49d38ea5e/execute/sync'
02:09:19.999 [AsyncHttpClient-1-2] DEBUG org.asynchttpclient.netty.handler.HttpHandler - 

Request DefaultHttpRequest(decodeResult: success, version: HTTP/1.1)
POST /session/a3cdf92d9e47cd800ef914a49d38ea5e/execute/sync HTTP/1.1
User-Agent: selenium/4.8.1 (java windows)
Content-Length: 176
Content-Type: application/json; charset=utf-8
host: localhost:31190
accept: */*

Response DefaultHttpResponse(decodeResult: success, version: HTTP/1.1)
HTTP/1.1 200 OK
Content-Length: 2008
Content-Type: application/json; charset=utf-8
cache-control: no-cache

02:09:20.000 [AsyncHttpClient-1-2] DEBUG org.asynchttpclient.netty.channel.ChannelManager - Adding key: http://localhost:31190 for channel [id: 0xf0801b32, L:/127.0.0.1:60965 - R:localhost/127.0.0.1:31190]
02:09:20.225 [Forwarding getCurrentUrl on session a3cdf92d9e47cd800ef914a49d38ea5e to remote] DEBUG org.asynchttpclient.netty.request.NettyRequestSender - Using pooled Channel '[id: 0xf0801b32, L:/127.0.0.1:60965 - R:localhost/127.0.0.1:31190]' for 'GET' to 'http://localhost:31190/session/a3cdf92d9e47cd800ef914a49d38ea5e/url'
02:09:20.225 [Forwarding getCurrentUrl on session a3cdf92d9e47cd800ef914a49d38ea5e to remote] DEBUG org.asynchttpclient.netty.request.NettyRequestSender - Using open Channel [id: 0xf0801b32, L:/127.0.0.1:60965 - R:localhost/127.0.0.1:31190] for GET '/session/a3cdf92d9e47cd800ef914a49d38ea5e/url'
02:09:20.240 [AsyncHttpClient-1-2] DEBUG org.asynchttpclient.netty.handler.HttpHandler - 

Request DefaultFullHttpRequest(decodeResult: success, version: HTTP/1.1, content: EmptyByteBufBE)
GET /session/a3cdf92d9e47cd800ef914a49d38ea5e/url HTTP/1.1
User-Agent: selenium/4.8.1 (java windows)
Cache-Control: no-cache
Content-Type: application/json; charset=utf-8
host: localhost:31190
accept: */*

Response DefaultHttpResponse(decodeResult: success, version: HTTP/1.1)
HTTP/1.1 200 OK
Content-Length: 51
Content-Type: application/json; charset=utf-8
cache-control: no-cache

02:09:20.241 [AsyncHttpClient-1-2] DEBUG org.asynchttpclient.netty.channel.ChannelManager - Adding key: http://localhost:31190 for channel [id: 0xf0801b32, L:/127.0.0.1:60965 - R:localhost/127.0.0.1:31190]
02:09:20.311 [Forwarding getAlertText on session a3cdf92d9e47cd800ef914a49d38ea5e to remote] DEBUG org.asynchttpclient.netty.request.NettyRequestSender - Using pooled Channel '[id: 0xf0801b32, L:/127.0.0.1:60965 - R:localhost/127.0.0.1:31190]' for 'GET' to 'http://localhost:31190/session/a3cdf92d9e47cd800ef914a49d38ea5e/alert/text'
02:09:20.312 [Forwarding getAlertText on session a3cdf92d9e47cd800ef914a49d38ea5e to remote] DEBUG org.asynchttpclient.netty.request.NettyRequestSender - Using open Channel [id: 0xf0801b32, L:/127.0.0.1:60965 - R:localhost/127.0.0.1:31190] for GET '/session/a3cdf92d9e47cd800ef914a49d38ea5e/alert/text'
02:09:20.316 [AsyncHttpClient-1-2] DEBUG org.asynchttpclient.netty.handler.HttpHandler - 

Request DefaultFullHttpRequest(decodeResult: success, version: HTTP/1.1, content: EmptyByteBufBE)
GET /session/a3cdf92d9e47cd800ef914a49d38ea5e/alert/text HTTP/1.1
User-Agent: selenium/4.8.1 (java windows)
Cache-Control: no-cache
Content-Type: application/json; charset=utf-8
host: localhost:31190
accept: */*

Response DefaultHttpResponse(decodeResult: success, version: HTTP/1.1)
HTTP/1.1 404 Not Found
Content-Length: 828
Content-Type: application/json; charset=utf-8
cache-control: no-cache

02:09:20.317 [AsyncHttpClient-1-2] DEBUG org.asynchttpclient.netty.channel.ChannelManager - Adding key: http://localhost:31190 for channel [id: 0xf0801b32, L:/127.0.0.1:60965 - R:localhost/127.0.0.1:31190]
02:09:20.324 [Forwarding getCurrentUrl on session a3cdf92d9e47cd800ef914a49d38ea5e to remote] DEBUG org.asynchttpclient.netty.request.NettyRequestSender - Using pooled Channel '[id: 0xf0801b32, L:/127.0.0.1:60965 - R:localhost/127.0.0.1:31190]' for 'GET' to 'http://localhost:31190/session/a3cdf92d9e47cd800ef914a49d38ea5e/url'
02:09:20.324 [Forwarding getCurrentUrl on session a3cdf92d9e47cd800ef914a49d38ea5e to remote] DEBUG org.asynchttpclient.netty.request.NettyRequestSender - Using open Channel [id: 0xf0801b32, L:/127.0.0.1:60965 - R:localhost/127.0.0.1:31190] for GET '/session/a3cdf92d9e47cd800ef914a49d38ea5e/url'
02:09:20.337 [AsyncHttpClient-1-2] DEBUG org.asynchttpclient.netty.handler.HttpHandler - 

Request DefaultFullHttpRequest(decodeResult: success, version: HTTP/1.1, content: EmptyByteBufBE)
GET /session/a3cdf92d9e47cd800ef914a49d38ea5e/url HTTP/1.1
User-Agent: selenium/4.8.1 (java windows)
Cache-Control: no-cache
Content-Type: application/json; charset=utf-8
host: localhost:31190
accept: */*

Response DefaultHttpResponse(decodeResult: success, version: HTTP/1.1)
HTTP/1.1 200 OK
Content-Length: 51
Content-Type: application/json; charset=utf-8
cache-control: no-cache

02:09:20.338 [AsyncHttpClient-1-2] DEBUG org.asynchttpclient.netty.channel.ChannelManager - Adding key: http://localhost:31190 for channel [id: 0xf0801b32, L:/127.0.0.1:60965 - R:localhost/127.0.0.1:31190]
02:09:20.342 [Forwarding screenshot on session a3cdf92d9e47cd800ef914a49d38ea5e to remote] DEBUG org.asynchttpclient.netty.request.NettyRequestSender - Using pooled Channel '[id: 0xf0801b32, L:/127.0.0.1:60965 - R:localhost/127.0.0.1:31190]' for 'GET' to 'http://localhost:31190/session/a3cdf92d9e47cd800ef914a49d38ea5e/screenshot'
02:09:20.342 [Forwarding screenshot on session a3cdf92d9e47cd800ef914a49d38ea5e to remote] DEBUG org.asynchttpclient.netty.request.NettyRequestSender - Using open Channel [id: 0xf0801b32, L:/127.0.0.1:60965 - R:localhost/127.0.0.1:31190] for GET '/session/a3cdf92d9e47cd800ef914a49d38ea5e/screenshot'
02:09:20.533 [AsyncHttpClient-1-1] DEBUG org.asynchttpclient.netty.channel.DefaultChannelPool - Entry count for : http://localhost:60966 : 1
02:09:20.663 [AsyncHttpClient-1-2] DEBUG org.asynchttpclient.netty.handler.HttpHandler - 

Request DefaultFullHttpRequest(decodeResult: success, version: HTTP/1.1, content: EmptyByteBufBE)
GET /session/a3cdf92d9e47cd800ef914a49d38ea5e/screenshot HTTP/1.1
User-Agent: selenium/4.8.1 (java windows)
Cache-Control: no-cache
Content-Type: application/json; charset=utf-8
host: localhost:31190
accept: */*

Response DefaultHttpResponse(decodeResult: success, version: HTTP/1.1)
HTTP/1.1 200 OK
Content-Length: 137344
Content-Type: application/json; charset=utf-8
cache-control: no-cache

02:09:20.667 [AsyncHttpClient-1-2] DEBUG org.asynchttpclient.netty.channel.ChannelManager - Adding key: http://localhost:31190 for channel [id: 0xf0801b32, L:/127.0.0.1:60965 - R:localhost/127.0.0.1:31190]
02:09:20.698 [main] DEBUG net.serenitybdd.core.photography.Darkroom - Send negative for processing for target\site\serenity\e7ff25b33213f3237b5b3f92db7de7b9b9b9ac01a4eb807c3801e3f6037b44eb.png
02:09:20.704 [Forwarding getPageSource on session a3cdf92d9e47cd800ef914a49d38ea5e to remote] DEBUG org.asynchttpclient.netty.request.NettyRequestSender - Using pooled Channel '[id: 0xf0801b32, L:/127.0.0.1:60965 - R:localhost/127.0.0.1:31190]' for 'POST' to 'http://localhost:31190/session/a3cdf92d9e47cd800ef914a49d38ea5e/execute/sync'
02:09:20.704 [Forwarding getPageSource on session a3cdf92d9e47cd800ef914a49d38ea5e to remote] DEBUG org.asynchttpclient.netty.request.NettyRequestSender - Using open Channel [id: 0xf0801b32, L:/127.0.0.1:60965 - R:localhost/127.0.0.1:31190] for POST '/session/a3cdf92d9e47cd800ef914a49d38ea5e/execute/sync'
02:09:20.719 [AsyncHttpClient-1-2] DEBUG org.asynchttpclient.netty.handler.HttpHandler - 

Request DefaultHttpRequest(decodeResult: success, version: HTTP/1.1)
POST /session/a3cdf92d9e47cd800ef914a49d38ea5e/execute/sync HTTP/1.1
User-Agent: selenium/4.8.1 (java windows)
Content-Length: 176
Content-Type: application/json; charset=utf-8
host: localhost:31190
accept: */*

Response DefaultHttpResponse(decodeResult: success, version: HTTP/1.1)
HTTP/1.1 200 OK
Content-Length: 2008
Content-Type: application/json; charset=utf-8
cache-control: no-cache

02:09:20.720 [AsyncHttpClient-1-2] DEBUG org.asynchttpclient.netty.channel.ChannelManager - Adding key: http://localhost:31190 for channel [id: 0xf0801b32, L:/127.0.0.1:60965 - R:localhost/127.0.0.1:31190]
02:09:20.729 [Forwarding getCurrentUrl on session a3cdf92d9e47cd800ef914a49d38ea5e to remote] DEBUG org.asynchttpclient.netty.request.NettyRequestSender - Using pooled Channel '[id: 0xf0801b32, L:/127.0.0.1:60965 - R:localhost/127.0.0.1:31190]' for 'GET' to 'http://localhost:31190/session/a3cdf92d9e47cd800ef914a49d38ea5e/url'
02:09:20.729 [Forwarding getCurrentUrl on session a3cdf92d9e47cd800ef914a49d38ea5e to remote] DEBUG org.asynchttpclient.netty.request.NettyRequestSender - Using open Channel [id: 0xf0801b32, L:/127.0.0.1:60965 - R:localhost/127.0.0.1:31190] for GET '/session/a3cdf92d9e47cd800ef914a49d38ea5e/url'
02:09:20.742 [AsyncHttpClient-1-2] DEBUG org.asynchttpclient.netty.handler.HttpHandler - 

Request DefaultFullHttpRequest(decodeResult: success, version: HTTP/1.1, content: EmptyByteBufBE)
GET /session/a3cdf92d9e47cd800ef914a49d38ea5e/url HTTP/1.1
User-Agent: selenium/4.8.1 (java windows)
Cache-Control: no-cache
Content-Type: application/json; charset=utf-8
host: localhost:31190
accept: */*

Response DefaultHttpResponse(decodeResult: success, version: HTTP/1.1)
HTTP/1.1 200 OK
Content-Length: 51
Content-Type: application/json; charset=utf-8
cache-control: no-cache

02:09:20.743 [AsyncHttpClient-1-2] DEBUG org.asynchttpclient.netty.channel.ChannelManager - Adding key: http://localhost:31190 for channel [id: 0xf0801b32, L:/127.0.0.1:60965 - R:localhost/127.0.0.1:31190]
02:09:20.751 [main] DEBUG net.thucydides.core.steps.StepInterceptor - STARTING STEP: LoginSteps.clickGetIntoTheDashboardButton - clickIntoTheDashboard
02:09:20.792 [Forwarding findElement on session a3cdf92d9e47cd800ef914a49d38ea5e to remote] DEBUG org.asynchttpclient.netty.request.NettyRequestSender - Using pooled Channel '[id: 0xf0801b32, L:/127.0.0.1:60965 - R:localhost/127.0.0.1:31190]' for 'POST' to 'http://localhost:31190/session/a3cdf92d9e47cd800ef914a49d38ea5e/element'
02:09:20.793 [Forwarding findElement on session a3cdf92d9e47cd800ef914a49d38ea5e to remote] DEBUG org.asynchttpclient.netty.request.NettyRequestSender - Using open Channel [id: 0xf0801b32, L:/127.0.0.1:60965 - R:localhost/127.0.0.1:31190] for POST '/session/a3cdf92d9e47cd800ef914a49d38ea5e/element'
02:09:20.833 [AsyncHttpClient-1-2] DEBUG org.asynchttpclient.netty.handler.HttpHandler - 

Request DefaultHttpRequest(decodeResult: success, version: HTTP/1.1)
POST /session/a3cdf92d9e47cd800ef914a49d38ea5e/element HTTP/1.1
User-Agent: selenium/4.8.1 (java windows)
Content-Length: 266
Content-Type: application/json; charset=utf-8
host: localhost:31190
accept: */*

Response DefaultHttpResponse(decodeResult: success, version: HTTP/1.1)
HTTP/1.1 200 OK
Content-Length: 94
Content-Type: application/json; charset=utf-8
cache-control: no-cache

02:09:20.834 [AsyncHttpClient-1-2] DEBUG org.asynchttpclient.netty.channel.ChannelManager - Adding key: http://localhost:31190 for channel [id: 0xf0801b32, L:/127.0.0.1:60965 - R:localhost/127.0.0.1:31190]
02:09:20.843 [Forwarding getElementTagName on session a3cdf92d9e47cd800ef914a49d38ea5e to remote] DEBUG org.asynchttpclient.netty.request.NettyRequestSender - Using pooled Channel '[id: 0xf0801b32, L:/127.0.0.1:60965 - R:localhost/127.0.0.1:31190]' for 'GET' to 'http://localhost:31190/session/a3cdf92d9e47cd800ef914a49d38ea5e/element/4D8A1D98101501BADF67FBE2B8A27D0D_element_5/name'
02:09:20.843 [Forwarding getElementTagName on session a3cdf92d9e47cd800ef914a49d38ea5e to remote] DEBUG org.asynchttpclient.netty.request.NettyRequestSender - Using open Channel [id: 0xf0801b32, L:/127.0.0.1:60965 - R:localhost/127.0.0.1:31190] for GET '/session/a3cdf92d9e47cd800ef914a49d38ea5e/element/4D8A1D98101501BADF67FBE2B8A27D0D_element_5/name'
02:09:20.857 [AsyncHttpClient-1-2] DEBUG org.asynchttpclient.netty.handler.HttpHandler - 

Request DefaultFullHttpRequest(decodeResult: success, version: HTTP/1.1, content: EmptyByteBufBE)
GET /session/a3cdf92d9e47cd800ef914a49d38ea5e/element/4D8A1D98101501BADF67FBE2B8A27D0D_element_5/name HTTP/1.1
User-Agent: selenium/4.8.1 (java windows)
Cache-Control: no-cache
Content-Type: application/json; charset=utf-8
host: localhost:31190
accept: */*

Response DefaultHttpResponse(decodeResult: success, version: HTTP/1.1)
HTTP/1.1 200 OK
Content-Length: 18
Content-Type: application/json; charset=utf-8
cache-control: no-cache

02:09:20.858 [AsyncHttpClient-1-2] DEBUG org.asynchttpclient.netty.channel.ChannelManager - Adding key: http://localhost:31190 for channel [id: 0xf0801b32, L:/127.0.0.1:60965 - R:localhost/127.0.0.1:31190]
02:09:20.863 [Forwarding getElementTagName on session a3cdf92d9e47cd800ef914a49d38ea5e to remote] DEBUG org.asynchttpclient.netty.request.NettyRequestSender - Using pooled Channel '[id: 0xf0801b32, L:/127.0.0.1:60965 - R:localhost/127.0.0.1:31190]' for 'GET' to 'http://localhost:31190/session/a3cdf92d9e47cd800ef914a49d38ea5e/element/4D8A1D98101501BADF67FBE2B8A27D0D_element_5/name'
02:09:20.863 [Forwarding getElementTagName on session a3cdf92d9e47cd800ef914a49d38ea5e to remote] DEBUG org.asynchttpclient.netty.request.NettyRequestSender - Using open Channel [id: 0xf0801b32, L:/127.0.0.1:60965 - R:localhost/127.0.0.1:31190] for GET '/session/a3cdf92d9e47cd800ef914a49d38ea5e/element/4D8A1D98101501BADF67FBE2B8A27D0D_element_5/name'
02:09:20.877 [AsyncHttpClient-1-2] DEBUG org.asynchttpclient.netty.handler.HttpHandler - 

Request DefaultFullHttpRequest(decodeResult: success, version: HTTP/1.1, content: EmptyByteBufBE)
GET /session/a3cdf92d9e47cd800ef914a49d38ea5e/element/4D8A1D98101501BADF67FBE2B8A27D0D_element_5/name HTTP/1.1
User-Agent: selenium/4.8.1 (java windows)
Cache-Control: no-cache
Content-Type: application/json; charset=utf-8
host: localhost:31190
accept: */*

Response DefaultHttpResponse(decodeResult: success, version: HTTP/1.1)
HTTP/1.1 200 OK
Content-Length: 18
Content-Type: application/json; charset=utf-8
cache-control: no-cache

02:09:20.878 [AsyncHttpClient-1-2] DEBUG org.asynchttpclient.netty.channel.ChannelManager - Adding key: http://localhost:31190 for channel [id: 0xf0801b32, L:/127.0.0.1:60965 - R:localhost/127.0.0.1:31190]
02:09:20.892 [Forwarding isElementEnabled on session a3cdf92d9e47cd800ef914a49d38ea5e to remote] DEBUG org.asynchttpclient.netty.request.NettyRequestSender - Using pooled Channel '[id: 0xf0801b32, L:/127.0.0.1:60965 - R:localhost/127.0.0.1:31190]' for 'GET' to 'http://localhost:31190/session/a3cdf92d9e47cd800ef914a49d38ea5e/element/4D8A1D98101501BADF67FBE2B8A27D0D_element_5/enabled'
02:09:20.892 [Forwarding isElementEnabled on session a3cdf92d9e47cd800ef914a49d38ea5e to remote] DEBUG org.asynchttpclient.netty.request.NettyRequestSender - Using open Channel [id: 0xf0801b32, L:/127.0.0.1:60965 - R:localhost/127.0.0.1:31190] for GET '/session/a3cdf92d9e47cd800ef914a49d38ea5e/element/4D8A1D98101501BADF67FBE2B8A27D0D_element_5/enabled'
02:09:20.923 [AsyncHttpClient-1-2] DEBUG org.asynchttpclient.netty.handler.HttpHandler - 

Request DefaultFullHttpRequest(decodeResult: success, version: HTTP/1.1, content: EmptyByteBufBE)
GET /session/a3cdf92d9e47cd800ef914a49d38ea5e/element/4D8A1D98101501BADF67FBE2B8A27D0D_element_5/enabled HTTP/1.1
User-Agent: selenium/4.8.1 (java windows)
Cache-Control: no-cache
Content-Type: application/json; charset=utf-8
host: localhost:31190
accept: */*

Response DefaultHttpResponse(decodeResult: success, version: HTTP/1.1)
HTTP/1.1 200 OK
Content-Length: 14
Content-Type: application/json; charset=utf-8
cache-control: no-cache

02:09:20.924 [AsyncHttpClient-1-2] DEBUG org.asynchttpclient.netty.channel.ChannelManager - Adding key: http://localhost:31190 for channel [id: 0xf0801b32, L:/127.0.0.1:60965 - R:localhost/127.0.0.1:31190]
02:09:20.929 [Forwarding isElementEnabled on session a3cdf92d9e47cd800ef914a49d38ea5e to remote] DEBUG org.asynchttpclient.netty.request.NettyRequestSender - Using pooled Channel '[id: 0xf0801b32, L:/127.0.0.1:60965 - R:localhost/127.0.0.1:31190]' for 'GET' to 'http://localhost:31190/session/a3cdf92d9e47cd800ef914a49d38ea5e/element/4D8A1D98101501BADF67FBE2B8A27D0D_element_5/enabled'
02:09:20.929 [Forwarding isElementEnabled on session a3cdf92d9e47cd800ef914a49d38ea5e to remote] DEBUG org.asynchttpclient.netty.request.NettyRequestSender - Using open Channel [id: 0xf0801b32, L:/127.0.0.1:60965 - R:localhost/127.0.0.1:31190] for GET '/session/a3cdf92d9e47cd800ef914a49d38ea5e/element/4D8A1D98101501BADF67FBE2B8A27D0D_element_5/enabled'
02:09:20.950 [AsyncHttpClient-1-2] DEBUG org.asynchttpclient.netty.handler.HttpHandler - 

Request DefaultFullHttpRequest(decodeResult: success, version: HTTP/1.1, content: EmptyByteBufBE)
GET /session/a3cdf92d9e47cd800ef914a49d38ea5e/element/4D8A1D98101501BADF67FBE2B8A27D0D_element_5/enabled HTTP/1.1
User-Agent: selenium/4.8.1 (java windows)
Cache-Control: no-cache
Content-Type: application/json; charset=utf-8
host: localhost:31190
accept: */*

Response DefaultHttpResponse(decodeResult: success, version: HTTP/1.1)
HTTP/1.1 200 OK
Content-Length: 14
Content-Type: application/json; charset=utf-8
cache-control: no-cache

02:09:20.950 [AsyncHttpClient-1-2] DEBUG org.asynchttpclient.netty.channel.ChannelManager - Adding key: http://localhost:31190 for channel [id: 0xf0801b32, L:/127.0.0.1:60965 - R:localhost/127.0.0.1:31190]
02:09:20.959 [Forwarding findElement on session a3cdf92d9e47cd800ef914a49d38ea5e to remote] DEBUG org.asynchttpclient.netty.request.NettyRequestSender - Using pooled Channel '[id: 0xf0801b32, L:/127.0.0.1:60965 - R:localhost/127.0.0.1:31190]' for 'POST' to 'http://localhost:31190/session/a3cdf92d9e47cd800ef914a49d38ea5e/element'
02:09:20.960 [Forwarding findElement on session a3cdf92d9e47cd800ef914a49d38ea5e to remote] DEBUG org.asynchttpclient.netty.request.NettyRequestSender - Using open Channel [id: 0xf0801b32, L:/127.0.0.1:60965 - R:localhost/127.0.0.1:31190] for POST '/session/a3cdf92d9e47cd800ef914a49d38ea5e/element'
02:09:20.981 [AsyncHttpClient-1-2] DEBUG org.asynchttpclient.netty.handler.HttpHandler - 

Request DefaultHttpRequest(decodeResult: success, version: HTTP/1.1)
POST /session/a3cdf92d9e47cd800ef914a49d38ea5e/element HTTP/1.1
User-Agent: selenium/4.8.1 (java windows)
Content-Length: 266
Content-Type: application/json; charset=utf-8
host: localhost:31190
accept: */*

Response DefaultHttpResponse(decodeResult: success, version: HTTP/1.1)
HTTP/1.1 200 OK
Content-Length: 94
Content-Type: application/json; charset=utf-8
cache-control: no-cache

02:09:20.981 [AsyncHttpClient-1-2] DEBUG org.asynchttpclient.netty.channel.ChannelManager - Adding key: http://localhost:31190 for channel [id: 0xf0801b32, L:/127.0.0.1:60965 - R:localhost/127.0.0.1:31190]
02:09:20.986 [Forwarding clickElement on session a3cdf92d9e47cd800ef914a49d38ea5e to remote] DEBUG org.asynchttpclient.netty.request.NettyRequestSender - Using pooled Channel '[id: 0xf0801b32, L:/127.0.0.1:60965 - R:localhost/127.0.0.1:31190]' for 'POST' to 'http://localhost:31190/session/a3cdf92d9e47cd800ef914a49d38ea5e/element/4D8A1D98101501BADF67FBE2B8A27D0D_element_5/click'
02:09:20.987 [Forwarding clickElement on session a3cdf92d9e47cd800ef914a49d38ea5e to remote] DEBUG org.asynchttpclient.netty.request.NettyRequestSender - Using open Channel [id: 0xf0801b32, L:/127.0.0.1:60965 - R:localhost/127.0.0.1:31190] for POST '/session/a3cdf92d9e47cd800ef914a49d38ea5e/element/4D8A1D98101501BADF67FBE2B8A27D0D_element_5/click'
02:09:21.198 [AsyncHttpClient-1-2] DEBUG org.asynchttpclient.netty.handler.HttpHandler - 

Request DefaultHttpRequest(decodeResult: success, version: HTTP/1.1)
POST /session/a3cdf92d9e47cd800ef914a49d38ea5e/element/4D8A1D98101501BADF67FBE2B8A27D0D_element_5/click HTTP/1.1
User-Agent: selenium/4.8.1 (java windows)
Content-Length: 56
Content-Type: application/json; charset=utf-8
host: localhost:31190
accept: */*

Response DefaultHttpResponse(decodeResult: success, version: HTTP/1.1)
HTTP/1.1 200 OK
Content-Length: 14
Content-Type: application/json; charset=utf-8
cache-control: no-cache

02:09:21.199 [AsyncHttpClient-1-2] DEBUG org.asynchttpclient.netty.channel.ChannelManager - Adding key: http://localhost:31190 for channel [id: 0xf0801b32, L:/127.0.0.1:60965 - R:localhost/127.0.0.1:31190]
02:09:21.235 [Forwarding getAlertText on session a3cdf92d9e47cd800ef914a49d38ea5e to remote] DEBUG org.asynchttpclient.netty.request.NettyRequestSender - Using pooled Channel '[id: 0xf0801b32, L:/127.0.0.1:60965 - R:localhost/127.0.0.1:31190]' for 'GET' to 'http://localhost:31190/session/a3cdf92d9e47cd800ef914a49d38ea5e/alert/text'
02:09:21.236 [Forwarding getAlertText on session a3cdf92d9e47cd800ef914a49d38ea5e to remote] DEBUG org.asynchttpclient.netty.request.NettyRequestSender - Using open Channel [id: 0xf0801b32, L:/127.0.0.1:60965 - R:localhost/127.0.0.1:31190] for GET '/session/a3cdf92d9e47cd800ef914a49d38ea5e/alert/text'
02:09:21.243 [AsyncHttpClient-1-2] DEBUG org.asynchttpclient.netty.handler.HttpHandler - 

Request DefaultFullHttpRequest(decodeResult: success, version: HTTP/1.1, content: EmptyByteBufBE)
GET /session/a3cdf92d9e47cd800ef914a49d38ea5e/alert/text HTTP/1.1
User-Agent: selenium/4.8.1 (java windows)
Cache-Control: no-cache
Content-Type: application/json; charset=utf-8
host: localhost:31190
accept: */*

Response DefaultHttpResponse(decodeResult: success, version: HTTP/1.1)
HTTP/1.1 404 Not Found
Content-Length: 828
Content-Type: application/json; charset=utf-8
cache-control: no-cache

02:09:21.243 [AsyncHttpClient-1-2] DEBUG org.asynchttpclient.netty.channel.ChannelManager - Adding key: http://localhost:31190 for channel [id: 0xf0801b32, L:/127.0.0.1:60965 - R:localhost/127.0.0.1:31190]
02:09:21.248 [Forwarding getCurrentUrl on session a3cdf92d9e47cd800ef914a49d38ea5e to remote] DEBUG org.asynchttpclient.netty.request.NettyRequestSender - Using pooled Channel '[id: 0xf0801b32, L:/127.0.0.1:60965 - R:localhost/127.0.0.1:31190]' for 'GET' to 'http://localhost:31190/session/a3cdf92d9e47cd800ef914a49d38ea5e/url'
02:09:21.248 [Forwarding getCurrentUrl on session a3cdf92d9e47cd800ef914a49d38ea5e to remote] DEBUG org.asynchttpclient.netty.request.NettyRequestSender - Using open Channel [id: 0xf0801b32, L:/127.0.0.1:60965 - R:localhost/127.0.0.1:31190] for GET '/session/a3cdf92d9e47cd800ef914a49d38ea5e/url'
02:09:21.263 [AsyncHttpClient-1-2] DEBUG org.asynchttpclient.netty.handler.HttpHandler - 

Request DefaultFullHttpRequest(decodeResult: success, version: HTTP/1.1, content: EmptyByteBufBE)
GET /session/a3cdf92d9e47cd800ef914a49d38ea5e/url HTTP/1.1
User-Agent: selenium/4.8.1 (java windows)
Cache-Control: no-cache
Content-Type: application/json; charset=utf-8
host: localhost:31190
accept: */*

Response DefaultHttpResponse(decodeResult: success, version: HTTP/1.1)
HTTP/1.1 200 OK
Content-Length: 56
Content-Type: application/json; charset=utf-8
cache-control: no-cache

02:09:21.264 [AsyncHttpClient-1-2] DEBUG org.asynchttpclient.netty.channel.ChannelManager - Adding key: http://localhost:31190 for channel [id: 0xf0801b32, L:/127.0.0.1:60965 - R:localhost/127.0.0.1:31190]
02:09:21.268 [Forwarding screenshot on session a3cdf92d9e47cd800ef914a49d38ea5e to remote] DEBUG org.asynchttpclient.netty.request.NettyRequestSender - Using pooled Channel '[id: 0xf0801b32, L:/127.0.0.1:60965 - R:localhost/127.0.0.1:31190]' for 'GET' to 'http://localhost:31190/session/a3cdf92d9e47cd800ef914a49d38ea5e/screenshot'
02:09:21.268 [Forwarding screenshot on session a3cdf92d9e47cd800ef914a49d38ea5e to remote] DEBUG org.asynchttpclient.netty.request.NettyRequestSender - Using open Channel [id: 0xf0801b32, L:/127.0.0.1:60965 - R:localhost/127.0.0.1:31190] for GET '/session/a3cdf92d9e47cd800ef914a49d38ea5e/screenshot'
02:09:21.629 [AsyncHttpClient-1-1] DEBUG org.asynchttpclient.netty.channel.DefaultChannelPool - Entry count for : http://localhost:60966 : 1
02:09:21.641 [AsyncHttpClient-1-2] DEBUG org.asynchttpclient.netty.handler.HttpHandler - 

Request DefaultFullHttpRequest(decodeResult: success, version: HTTP/1.1, content: EmptyByteBufBE)
GET /session/a3cdf92d9e47cd800ef914a49d38ea5e/screenshot HTTP/1.1
User-Agent: selenium/4.8.1 (java windows)
Cache-Control: no-cache
Content-Type: application/json; charset=utf-8
host: localhost:31190
accept: */*

Response DefaultHttpResponse(decodeResult: success, version: HTTP/1.1)
HTTP/1.1 200 OK
Content-Length: 115920
Content-Type: application/json; charset=utf-8
cache-control: no-cache

02:09:21.645 [AsyncHttpClient-1-2] DEBUG org.asynchttpclient.netty.channel.ChannelManager - Adding key: http://localhost:31190 for channel [id: 0xf0801b32, L:/127.0.0.1:60965 - R:localhost/127.0.0.1:31190]
02:09:21.655 [main] DEBUG net.serenitybdd.core.photography.Darkroom - Send negative for processing for target\site\serenity\17b761db86950adf452c33ac0c5826e70494a35b1202adb5e49aa124d82ed99d.png
02:09:21.656 [Darkroom Processing Line] DEBUG net.serenitybdd.core.photography.DarkroomProcessingLine - Processing screenshot image in /var/screenshots/screenshot-12265047739862093197
02:09:21.656 [Darkroom Processing Line] DEBUG net.serenitybdd.core.photography.DarkroomProcessingLine - Saving screenshot to target\site\serenity\17b761db86950adf452c33ac0c5826e70494a35b1202adb5e49aa124d82ed99d.png
02:09:21.660 [Forwarding getPageSource on session a3cdf92d9e47cd800ef914a49d38ea5e to remote] DEBUG org.asynchttpclient.netty.request.NettyRequestSender - Using pooled Channel '[id: 0xf0801b32, L:/127.0.0.1:60965 - R:localhost/127.0.0.1:31190]' for 'POST' to 'http://localhost:31190/session/a3cdf92d9e47cd800ef914a49d38ea5e/execute/sync'
02:09:21.660 [Forwarding getPageSource on session a3cdf92d9e47cd800ef914a49d38ea5e to remote] DEBUG org.asynchttpclient.netty.request.NettyRequestSender - Using open Channel [id: 0xf0801b32, L:/127.0.0.1:60965 - R:localhost/127.0.0.1:31190] for POST '/session/a3cdf92d9e47cd800ef914a49d38ea5e/execute/sync'
02:09:21.672 [AsyncHttpClient-1-2] DEBUG org.asynchttpclient.netty.handler.HttpHandler - 

Request DefaultHttpRequest(decodeResult: success, version: HTTP/1.1)
POST /session/a3cdf92d9e47cd800ef914a49d38ea5e/execute/sync HTTP/1.1
User-Agent: selenium/4.8.1 (java windows)
Content-Length: 176
Content-Type: application/json; charset=utf-8
host: localhost:31190
accept: */*

Response DefaultHttpResponse(decodeResult: success, version: HTTP/1.1)
HTTP/1.1 200 OK
Content-Length: 3427
Content-Type: application/json; charset=utf-8
cache-control: no-cache

02:09:21.673 [AsyncHttpClient-1-2] DEBUG org.asynchttpclient.netty.channel.ChannelManager - Adding key: http://localhost:31190 for channel [id: 0xf0801b32, L:/127.0.0.1:60965 - R:localhost/127.0.0.1:31190]
02:09:21.690 [Forwarding getCurrentUrl on session a3cdf92d9e47cd800ef914a49d38ea5e to remote] DEBUG org.asynchttpclient.netty.request.NettyRequestSender - Using pooled Channel '[id: 0xf0801b32, L:/127.0.0.1:60965 - R:localhost/127.0.0.1:31190]' for 'GET' to 'http://localhost:31190/session/a3cdf92d9e47cd800ef914a49d38ea5e/url'
02:09:21.690 [Forwarding getCurrentUrl on session a3cdf92d9e47cd800ef914a49d38ea5e to remote] DEBUG org.asynchttpclient.netty.request.NettyRequestSender - Using open Channel [id: 0xf0801b32, L:/127.0.0.1:60965 - R:localhost/127.0.0.1:31190] for GET '/session/a3cdf92d9e47cd800ef914a49d38ea5e/url'
02:09:21.713 [AsyncHttpClient-1-2] DEBUG org.asynchttpclient.netty.handler.HttpHandler - 

Request DefaultFullHttpRequest(decodeResult: success, version: HTTP/1.1, content: EmptyByteBufBE)
GET /session/a3cdf92d9e47cd800ef914a49d38ea5e/url HTTP/1.1
User-Agent: selenium/4.8.1 (java windows)
Cache-Control: no-cache
Content-Type: application/json; charset=utf-8
host: localhost:31190
accept: */*

Response DefaultHttpResponse(decodeResult: success, version: HTTP/1.1)
HTTP/1.1 200 OK
Content-Length: 56
Content-Type: application/json; charset=utf-8
cache-control: no-cache

02:09:21.714 [AsyncHttpClient-1-2] DEBUG org.asynchttpclient.netty.channel.ChannelManager - Adding key: http://localhost:31190 for channel [id: 0xf0801b32, L:/127.0.0.1:60965 - R:localhost/127.0.0.1:31190]
02:09:21.744 [Forwarding getAlertText on session a3cdf92d9e47cd800ef914a49d38ea5e to remote] DEBUG org.asynchttpclient.netty.request.NettyRequestSender - Using pooled Channel '[id: 0xf0801b32, L:/127.0.0.1:60965 - R:localhost/127.0.0.1:31190]' for 'GET' to 'http://localhost:31190/session/a3cdf92d9e47cd800ef914a49d38ea5e/alert/text'
02:09:21.744 [Forwarding getAlertText on session a3cdf92d9e47cd800ef914a49d38ea5e to remote] DEBUG org.asynchttpclient.netty.request.NettyRequestSender - Using open Channel [id: 0xf0801b32, L:/127.0.0.1:60965 - R:localhost/127.0.0.1:31190] for GET '/session/a3cdf92d9e47cd800ef914a49d38ea5e/alert/text'
02:09:21.751 [AsyncHttpClient-1-2] DEBUG org.asynchttpclient.netty.handler.HttpHandler - 

Request DefaultFullHttpRequest(decodeResult: success, version: HTTP/1.1, content: EmptyByteBufBE)
GET /session/a3cdf92d9e47cd800ef914a49d38ea5e/alert/text HTTP/1.1
User-Agent: selenium/4.8.1 (java windows)
Cache-Control: no-cache
Content-Type: application/json; charset=utf-8
host: localhost:31190
accept: */*

Response DefaultHttpResponse(decodeResult: success, version: HTTP/1.1)
HTTP/1.1 404 Not Found
Content-Length: 828
Content-Type: application/json; charset=utf-8
cache-control: no-cache

02:09:21.753 [AsyncHttpClient-1-2] DEBUG org.asynchttpclient.netty.channel.ChannelManager - Adding key: http://localhost:31190 for channel [id: 0xf0801b32, L:/127.0.0.1:60965 - R:localhost/127.0.0.1:31190]
02:09:21.762 [Forwarding getCurrentUrl on session a3cdf92d9e47cd800ef914a49d38ea5e to remote] DEBUG org.asynchttpclient.netty.request.NettyRequestSender - Using pooled Channel '[id: 0xf0801b32, L:/127.0.0.1:60965 - R:localhost/127.0.0.1:31190]' for 'GET' to 'http://localhost:31190/session/a3cdf92d9e47cd800ef914a49d38ea5e/url'
02:09:21.763 [Forwarding getCurrentUrl on session a3cdf92d9e47cd800ef914a49d38ea5e to remote] DEBUG org.asynchttpclient.netty.request.NettyRequestSender - Using open Channel [id: 0xf0801b32, L:/127.0.0.1:60965 - R:localhost/127.0.0.1:31190] for GET '/session/a3cdf92d9e47cd800ef914a49d38ea5e/url'
02:09:21.805 [AsyncHttpClient-1-2] DEBUG org.asynchttpclient.netty.handler.HttpHandler - 

Request DefaultFullHttpRequest(decodeResult: success, version: HTTP/1.1, content: EmptyByteBufBE)
GET /session/a3cdf92d9e47cd800ef914a49d38ea5e/url HTTP/1.1
User-Agent: selenium/4.8.1 (java windows)
Cache-Control: no-cache
Content-Type: application/json; charset=utf-8
host: localhost:31190
accept: */*

Response DefaultHttpResponse(decodeResult: success, version: HTTP/1.1)
HTTP/1.1 200 OK
Content-Length: 56
Content-Type: application/json; charset=utf-8
cache-control: no-cache

02:09:21.806 [AsyncHttpClient-1-2] DEBUG org.asynchttpclient.netty.channel.ChannelManager - Adding key: http://localhost:31190 for channel [id: 0xf0801b32, L:/127.0.0.1:60965 - R:localhost/127.0.0.1:31190]
02:09:21.811 [Forwarding screenshot on session a3cdf92d9e47cd800ef914a49d38ea5e to remote] DEBUG org.asynchttpclient.netty.request.NettyRequestSender - Using pooled Channel '[id: 0xf0801b32, L:/127.0.0.1:60965 - R:localhost/127.0.0.1:31190]' for 'GET' to 'http://localhost:31190/session/a3cdf92d9e47cd800ef914a49d38ea5e/screenshot'
02:09:21.811 [Forwarding screenshot on session a3cdf92d9e47cd800ef914a49d38ea5e to remote] DEBUG org.asynchttpclient.netty.request.NettyRequestSender - Using open Channel [id: 0xf0801b32, L:/127.0.0.1:60965 - R:localhost/127.0.0.1:31190] for GET '/session/a3cdf92d9e47cd800ef914a49d38ea5e/screenshot'
02:09:22.206 [AsyncHttpClient-1-2] DEBUG org.asynchttpclient.netty.handler.HttpHandler - 

Request DefaultFullHttpRequest(decodeResult: success, version: HTTP/1.1, content: EmptyByteBufBE)
GET /session/a3cdf92d9e47cd800ef914a49d38ea5e/screenshot HTTP/1.1
User-Agent: selenium/4.8.1 (java windows)
Cache-Control: no-cache
Content-Type: application/json; charset=utf-8
host: localhost:31190
accept: */*

Response DefaultHttpResponse(decodeResult: success, version: HTTP/1.1)
HTTP/1.1 200 OK
Content-Length: 115920
Content-Type: application/json; charset=utf-8
cache-control: no-cache

02:09:22.209 [AsyncHttpClient-1-2] DEBUG org.asynchttpclient.netty.channel.ChannelManager - Adding key: http://localhost:31190 for channel [id: 0xf0801b32, L:/127.0.0.1:60965 - R:localhost/127.0.0.1:31190]
02:09:22.219 [main] DEBUG net.serenitybdd.core.photography.Darkroom - Send negative for processing for target\site\serenity\17b761db86950adf452c33ac0c5826e70494a35b1202adb5e49aa124d82ed99d.png
02:09:22.220 [main] DEBUG net.thucydides.core.steps.StepInterceptor - STEP DONE: clickIntoTheDashboard
  &amp#27;[32mWhen &amp#27;[0m&amp#27;[32mI click get into the dashboard button&amp#27;[0m      &amp#27;[90m# starter.stepdefinitions.LoginSteps.clickGetIntoTheDashboardButton()&amp#27;[0m
02:09:22.259 [Forwarding getPageSource on session a3cdf92d9e47cd800ef914a49d38ea5e to remote] DEBUG org.asynchttpclient.netty.request.NettyRequestSender - Using pooled Channel '[id: 0xf0801b32, L:/127.0.0.1:60965 - R:localhost/127.0.0.1:31190]' for 'POST' to 'http://localhost:31190/session/a3cdf92d9e47cd800ef914a49d38ea5e/execute/sync'
02:09:22.260 [Forwarding getPageSource on session a3cdf92d9e47cd800ef914a49d38ea5e to remote] DEBUG org.asynchttpclient.netty.request.NettyRequestSender - Using open Channel [id: 0xf0801b32, L:/127.0.0.1:60965 - R:localhost/127.0.0.1:31190] for POST '/session/a3cdf92d9e47cd800ef914a49d38ea5e/execute/sync'
02:09:22.286 [AsyncHttpClient-1-2] DEBUG org.asynchttpclient.netty.handler.HttpHandler - 

Request DefaultHttpRequest(decodeResult: success, version: HTTP/1.1)
POST /session/a3cdf92d9e47cd800ef914a49d38ea5e/execute/sync HTTP/1.1
User-Agent: selenium/4.8.1 (java windows)
Content-Length: 176
Content-Type: application/json; charset=utf-8
host: localhost:31190
accept: */*

Response DefaultHttpResponse(decodeResult: success, version: HTTP/1.1)
HTTP/1.1 200 OK
Content-Length: 3427
Content-Type: application/json; charset=utf-8
cache-control: no-cache

02:09:22.286 [AsyncHttpClient-1-2] DEBUG org.asynchttpclient.netty.channel.ChannelManager - Adding key: http://localhost:31190 for channel [id: 0xf0801b32, L:/127.0.0.1:60965 - R:localhost/127.0.0.1:31190]
02:09:22.298 [Forwarding getCurrentUrl on session a3cdf92d9e47cd800ef914a49d38ea5e to remote] DEBUG org.asynchttpclient.netty.request.NettyRequestSender - Using pooled Channel '[id: 0xf0801b32, L:/127.0.0.1:60965 - R:localhost/127.0.0.1:31190]' for 'GET' to 'http://localhost:31190/session/a3cdf92d9e47cd800ef914a49d38ea5e/url'
02:09:22.298 [Forwarding getCurrentUrl on session a3cdf92d9e47cd800ef914a49d38ea5e to remote] DEBUG org.asynchttpclient.netty.request.NettyRequestSender - Using open Channel [id: 0xf0801b32, L:/127.0.0.1:60965 - R:localhost/127.0.0.1:31190] for GET '/session/a3cdf92d9e47cd800ef914a49d38ea5e/url'
02:09:22.334 [AsyncHttpClient-1-2] DEBUG org.asynchttpclient.netty.handler.HttpHandler - 

Request DefaultFullHttpRequest(decodeResult: success, version: HTTP/1.1, content: EmptyByteBufBE)
GET /session/a3cdf92d9e47cd800ef914a49d38ea5e/url HTTP/1.1
User-Agent: selenium/4.8.1 (java windows)
Cache-Control: no-cache
Content-Type: application/json; charset=utf-8
host: localhost:31190
accept: */*

Response DefaultHttpResponse(decodeResult: success, version: HTTP/1.1)
HTTP/1.1 200 OK
Content-Length: 56
Content-Type: application/json; charset=utf-8
cache-control: no-cache

02:09:22.334 [AsyncHttpClient-1-2] DEBUG org.asynchttpclient.netty.channel.ChannelManager - Adding key: http://localhost:31190 for channel [id: 0xf0801b32, L:/127.0.0.1:60965 - R:localhost/127.0.0.1:31190]
02:09:22.372 [Forwarding getAlertText on session a3cdf92d9e47cd800ef914a49d38ea5e to remote] DEBUG org.asynchttpclient.netty.request.NettyRequestSender - Using pooled Channel '[id: 0xf0801b32, L:/127.0.0.1:60965 - R:localhost/127.0.0.1:31190]' for 'GET' to 'http://localhost:31190/session/a3cdf92d9e47cd800ef914a49d38ea5e/alert/text'
02:09:22.372 [Forwarding getAlertText on session a3cdf92d9e47cd800ef914a49d38ea5e to remote] DEBUG org.asynchttpclient.netty.request.NettyRequestSender - Using open Channel [id: 0xf0801b32, L:/127.0.0.1:60965 - R:localhost/127.0.0.1:31190] for GET '/session/a3cdf92d9e47cd800ef914a49d38ea5e/alert/text'
02:09:22.386 [AsyncHttpClient-1-2] DEBUG org.asynchttpclient.netty.handler.HttpHandler - 

Request DefaultFullHttpRequest(decodeResult: success, version: HTTP/1.1, content: EmptyByteBufBE)
GET /session/a3cdf92d9e47cd800ef914a49d38ea5e/alert/text HTTP/1.1
User-Agent: selenium/4.8.1 (java windows)
Cache-Control: no-cache
Content-Type: application/json; charset=utf-8
host: localhost:31190
accept: */*

Response DefaultHttpResponse(decodeResult: success, version: HTTP/1.1)
HTTP/1.1 404 Not Found
Content-Length: 828
Content-Type: application/json; charset=utf-8
cache-control: no-cache

02:09:22.387 [AsyncHttpClient-1-2] DEBUG org.asynchttpclient.netty.channel.ChannelManager - Adding key: http://localhost:31190 for channel [id: 0xf0801b32, L:/127.0.0.1:60965 - R:localhost/127.0.0.1:31190]
02:09:22.394 [Forwarding getCurrentUrl on session a3cdf92d9e47cd800ef914a49d38ea5e to remote] DEBUG org.asynchttpclient.netty.request.NettyRequestSender - Using pooled Channel '[id: 0xf0801b32, L:/127.0.0.1:60965 - R:localhost/127.0.0.1:31190]' for 'GET' to 'http://localhost:31190/session/a3cdf92d9e47cd800ef914a49d38ea5e/url'
02:09:22.394 [Forwarding getCurrentUrl on session a3cdf92d9e47cd800ef914a49d38ea5e to remote] DEBUG org.asynchttpclient.netty.request.NettyRequestSender - Using open Channel [id: 0xf0801b32, L:/127.0.0.1:60965 - R:localhost/127.0.0.1:31190] for GET '/session/a3cdf92d9e47cd800ef914a49d38ea5e/url'
02:09:22.425 [AsyncHttpClient-1-2] DEBUG org.asynchttpclient.netty.handler.HttpHandler - 

Request DefaultFullHttpRequest(decodeResult: success, version: HTTP/1.1, content: EmptyByteBufBE)
GET /session/a3cdf92d9e47cd800ef914a49d38ea5e/url HTTP/1.1
User-Agent: selenium/4.8.1 (java windows)
Cache-Control: no-cache
Content-Type: application/json; charset=utf-8
host: localhost:31190
accept: */*

Response DefaultHttpResponse(decodeResult: success, version: HTTP/1.1)
HTTP/1.1 200 OK
Content-Length: 56
Content-Type: application/json; charset=utf-8
cache-control: no-cache

02:09:22.425 [AsyncHttpClient-1-2] DEBUG org.asynchttpclient.netty.channel.ChannelManager - Adding key: http://localhost:31190 for channel [id: 0xf0801b32, L:/127.0.0.1:60965 - R:localhost/127.0.0.1:31190]
02:09:22.431 [Forwarding screenshot on session a3cdf92d9e47cd800ef914a49d38ea5e to remote] DEBUG org.asynchttpclient.netty.request.NettyRequestSender - Using pooled Channel '[id: 0xf0801b32, L:/127.0.0.1:60965 - R:localhost/127.0.0.1:31190]' for 'GET' to 'http://localhost:31190/session/a3cdf92d9e47cd800ef914a49d38ea5e/screenshot'
02:09:22.431 [Forwarding screenshot on session a3cdf92d9e47cd800ef914a49d38ea5e to remote] DEBUG org.asynchttpclient.netty.request.NettyRequestSender - Using open Channel [id: 0xf0801b32, L:/127.0.0.1:60965 - R:localhost/127.0.0.1:31190] for GET '/session/a3cdf92d9e47cd800ef914a49d38ea5e/screenshot'
02:09:22.734 [AsyncHttpClient-1-1] DEBUG org.asynchttpclient.netty.channel.DefaultChannelPool - Entry count for : http://localhost:60966 : 1
02:09:22.779 [AsyncHttpClient-1-2] DEBUG org.asynchttpclient.netty.handler.HttpHandler - 

Request DefaultFullHttpRequest(decodeResult: success, version: HTTP/1.1, content: EmptyByteBufBE)
GET /session/a3cdf92d9e47cd800ef914a49d38ea5e/screenshot HTTP/1.1
User-Agent: selenium/4.8.1 (java windows)
Cache-Control: no-cache
Content-Type: application/json; charset=utf-8
host: localhost:31190
accept: */*

Response DefaultHttpResponse(decodeResult: success, version: HTTP/1.1)
HTTP/1.1 200 OK
Content-Length: 115920
Content-Type: application/json; charset=utf-8
cache-control: no-cache

02:09:22.782 [AsyncHttpClient-1-2] DEBUG org.asynchttpclient.netty.channel.ChannelManager - Adding key: http://localhost:31190 for channel [id: 0xf0801b32, L:/127.0.0.1:60965 - R:localhost/127.0.0.1:31190]
02:09:22.791 [main] DEBUG net.serenitybdd.core.photography.Darkroom - Send negative for processing for target\site\serenity\17b761db86950adf452c33ac0c5826e70494a35b1202adb5e49aa124d82ed99d.png
02:09:22.796 [Forwarding getPageSource on session a3cdf92d9e47cd800ef914a49d38ea5e to remote] DEBUG org.asynchttpclient.netty.request.NettyRequestSender - Using pooled Channel '[id: 0xf0801b32, L:/127.0.0.1:60965 - R:localhost/127.0.0.1:31190]' for 'POST' to 'http://localhost:31190/session/a3cdf92d9e47cd800ef914a49d38ea5e/execute/sync'
02:09:22.797 [Forwarding getPageSource on session a3cdf92d9e47cd800ef914a49d38ea5e to remote] DEBUG org.asynchttpclient.netty.request.NettyRequestSender - Using open Channel [id: 0xf0801b32, L:/127.0.0.1:60965 - R:localhost/127.0.0.1:31190] for POST '/session/a3cdf92d9e47cd800ef914a49d38ea5e/execute/sync'
02:09:22.810 [AsyncHttpClient-1-2] DEBUG org.asynchttpclient.netty.handler.HttpHandler - 

Request DefaultHttpRequest(decodeResult: success, version: HTTP/1.1)
POST /session/a3cdf92d9e47cd800ef914a49d38ea5e/execute/sync HTTP/1.1
User-Agent: selenium/4.8.1 (java windows)
Content-Length: 176
Content-Type: application/json; charset=utf-8
host: localhost:31190
accept: */*

Response DefaultHttpResponse(decodeResult: success, version: HTTP/1.1)
HTTP/1.1 200 OK
Content-Length: 3427
Content-Type: application/json; charset=utf-8
cache-control: no-cache

02:09:22.810 [AsyncHttpClient-1-2] DEBUG org.asynchttpclient.netty.channel.ChannelManager - Adding key: http://localhost:31190 for channel [id: 0xf0801b32, L:/127.0.0.1:60965 - R:localhost/127.0.0.1:31190]
02:09:22.819 [Forwarding getCurrentUrl on session a3cdf92d9e47cd800ef914a49d38ea5e to remote] DEBUG org.asynchttpclient.netty.request.NettyRequestSender - Using pooled Channel '[id: 0xf0801b32, L:/127.0.0.1:60965 - R:localhost/127.0.0.1:31190]' for 'GET' to 'http://localhost:31190/session/a3cdf92d9e47cd800ef914a49d38ea5e/url'
02:09:22.820 [Forwarding getCurrentUrl on session a3cdf92d9e47cd800ef914a49d38ea5e to remote] DEBUG org.asynchttpclient.netty.request.NettyRequestSender - Using open Channel [id: 0xf0801b32, L:/127.0.0.1:60965 - R:localhost/127.0.0.1:31190] for GET '/session/a3cdf92d9e47cd800ef914a49d38ea5e/url'
02:09:22.834 [AsyncHttpClient-1-2] DEBUG org.asynchttpclient.netty.handler.HttpHandler - 

Request DefaultFullHttpRequest(decodeResult: success, version: HTTP/1.1, content: EmptyByteBufBE)
GET /session/a3cdf92d9e47cd800ef914a49d38ea5e/url HTTP/1.1
User-Agent: selenium/4.8.1 (java windows)
Cache-Control: no-cache
Content-Type: application/json; charset=utf-8
host: localhost:31190
accept: */*

Response DefaultHttpResponse(decodeResult: success, version: HTTP/1.1)
HTTP/1.1 200 OK
Content-Length: 56
Content-Type: application/json; charset=utf-8
cache-control: no-cache

02:09:22.834 [AsyncHttpClient-1-2] DEBUG org.asynchttpclient.netty.channel.ChannelManager - Adding key: http://localhost:31190 for channel [id: 0xf0801b32, L:/127.0.0.1:60965 - R:localhost/127.0.0.1:31190]
02:09:22.840 [main] DEBUG net.thucydides.core.steps.StepInterceptor - STARTING STEP: LoginSteps.enterUsername - enterUsername
02:09:22.851 [Forwarding findElement on session a3cdf92d9e47cd800ef914a49d38ea5e to remote] DEBUG org.asynchttpclient.netty.request.NettyRequestSender - Using pooled Channel '[id: 0xf0801b32, L:/127.0.0.1:60965 - R:localhost/127.0.0.1:31190]' for 'POST' to 'http://localhost:31190/session/a3cdf92d9e47cd800ef914a49d38ea5e/element'
02:09:22.852 [Forwarding findElement on session a3cdf92d9e47cd800ef914a49d38ea5e to remote] DEBUG org.asynchttpclient.netty.request.NettyRequestSender - Using open Channel [id: 0xf0801b32, L:/127.0.0.1:60965 - R:localhost/127.0.0.1:31190] for POST '/session/a3cdf92d9e47cd800ef914a49d38ea5e/element'
02:09:22.881 [AsyncHttpClient-1-2] DEBUG org.asynchttpclient.netty.handler.HttpHandler - 

Request DefaultHttpRequest(decodeResult: success, version: HTTP/1.1)
POST /session/a3cdf92d9e47cd800ef914a49d38ea5e/element HTTP/1.1
User-Agent: selenium/4.8.1 (java windows)
Content-Length: 53
Content-Type: application/json; charset=utf-8
host: localhost:31190
accept: */*

Response DefaultHttpResponse(decodeResult: success, version: HTTP/1.1)
HTTP/1.1 200 OK
Content-Length: 95
Content-Type: application/json; charset=utf-8
cache-control: no-cache

02:09:22.881 [AsyncHttpClient-1-2] DEBUG org.asynchttpclient.netty.channel.ChannelManager - Adding key: http://localhost:31190 for channel [id: 0xf0801b32, L:/127.0.0.1:60965 - R:localhost/127.0.0.1:31190]
02:09:22.886 [Forwarding clearElement on session a3cdf92d9e47cd800ef914a49d38ea5e to remote] DEBUG org.asynchttpclient.netty.request.NettyRequestSender - Using pooled Channel '[id: 0xf0801b32, L:/127.0.0.1:60965 - R:localhost/127.0.0.1:31190]' for 'POST' to 'http://localhost:31190/session/a3cdf92d9e47cd800ef914a49d38ea5e/element/4D8A1D98101501BADF67FBE2B8A27D0D_element_13/clear'
02:09:22.886 [Forwarding clearElement on session a3cdf92d9e47cd800ef914a49d38ea5e to remote] DEBUG org.asynchttpclient.netty.request.NettyRequestSender - Using open Channel [id: 0xf0801b32, L:/127.0.0.1:60965 - R:localhost/127.0.0.1:31190] for POST '/session/a3cdf92d9e47cd800ef914a49d38ea5e/element/4D8A1D98101501BADF67FBE2B8A27D0D_element_13/clear'
02:09:22.974 [AsyncHttpClient-1-2] DEBUG org.asynchttpclient.netty.handler.HttpHandler - 

Request DefaultHttpRequest(decodeResult: success, version: HTTP/1.1)
POST /session/a3cdf92d9e47cd800ef914a49d38ea5e/element/4D8A1D98101501BADF67FBE2B8A27D0D_element_13/clear HTTP/1.1
User-Agent: selenium/4.8.1 (java windows)
Content-Length: 57
Content-Type: application/json; charset=utf-8
host: localhost:31190
accept: */*

Response DefaultHttpResponse(decodeResult: success, version: HTTP/1.1)
HTTP/1.1 200 OK
Content-Length: 14
Content-Type: application/json; charset=utf-8
cache-control: no-cache

02:09:22.975 [AsyncHttpClient-1-2] DEBUG org.asynchttpclient.netty.channel.ChannelManager - Adding key: http://localhost:31190 for channel [id: 0xf0801b32, L:/127.0.0.1:60965 - R:localhost/127.0.0.1:31190]
02:09:22.984 [Forwarding sendKeysToElement on session a3cdf92d9e47cd800ef914a49d38ea5e to remote] DEBUG org.asynchttpclient.netty.request.NettyRequestSender - Using pooled Channel '[id: 0xf0801b32, L:/127.0.0.1:60965 - R:localhost/127.0.0.1:31190]' for 'POST' to 'http://localhost:31190/session/a3cdf92d9e47cd800ef914a49d38ea5e/element/4D8A1D98101501BADF67FBE2B8A27D0D_element_13/value'
02:09:22.984 [Forwarding sendKeysToElement on session a3cdf92d9e47cd800ef914a49d38ea5e to remote] DEBUG org.asynchttpclient.netty.request.NettyRequestSender - Using open Channel [id: 0xf0801b32, L:/127.0.0.1:60965 - R:localhost/127.0.0.1:31190] for POST '/session/a3cdf92d9e47cd800ef914a49d38ea5e/element/4D8A1D98101501BADF67FBE2B8A27D0D_element_13/value'
02:09:23.133 [AsyncHttpClient-1-2] DEBUG org.asynchttpclient.netty.handler.HttpHandler - 

Request DefaultHttpRequest(decodeResult: success, version: HTTP/1.1)
POST /session/a3cdf92d9e47cd800ef914a49d38ea5e/element/4D8A1D98101501BADF67FBE2B8A27D0D_element_13/value HTTP/1.1
User-Agent: selenium/4.8.1 (java windows)
Content-Length: 138
Content-Type: application/json; charset=utf-8
host: localhost:31190
accept: */*

Response DefaultHttpResponse(decodeResult: success, version: HTTP/1.1)
HTTP/1.1 200 OK
Content-Length: 14
Content-Type: application/json; charset=utf-8
cache-control: no-cache

02:09:23.134 [AsyncHttpClient-1-2] DEBUG org.asynchttpclient.netty.channel.ChannelManager - Adding key: http://localhost:31190 for channel [id: 0xf0801b32, L:/127.0.0.1:60965 - R:localhost/127.0.0.1:31190]
02:09:23.156 [Forwarding getAlertText on session a3cdf92d9e47cd800ef914a49d38ea5e to remote] DEBUG org.asynchttpclient.netty.request.NettyRequestSender - Using pooled Channel '[id: 0xf0801b32, L:/127.0.0.1:60965 - R:localhost/127.0.0.1:31190]' for 'GET' to 'http://localhost:31190/session/a3cdf92d9e47cd800ef914a49d38ea5e/alert/text'
02:09:23.157 [Forwarding getAlertText on session a3cdf92d9e47cd800ef914a49d38ea5e to remote] DEBUG org.asynchttpclient.netty.request.NettyRequestSender - Using open Channel [id: 0xf0801b32, L:/127.0.0.1:60965 - R:localhost/127.0.0.1:31190] for GET '/session/a3cdf92d9e47cd800ef914a49d38ea5e/alert/text'
02:09:23.161 [AsyncHttpClient-1-2] DEBUG org.asynchttpclient.netty.handler.HttpHandler - 

Request DefaultFullHttpRequest(decodeResult: success, version: HTTP/1.1, content: EmptyByteBufBE)
GET /session/a3cdf92d9e47cd800ef914a49d38ea5e/alert/text HTTP/1.1
User-Agent: selenium/4.8.1 (java windows)
Cache-Control: no-cache
Content-Type: application/json; charset=utf-8
host: localhost:31190
accept: */*

Response DefaultHttpResponse(decodeResult: success, version: HTTP/1.1)
HTTP/1.1 404 Not Found
Content-Length: 828
Content-Type: application/json; charset=utf-8
cache-control: no-cache

02:09:23.162 [AsyncHttpClient-1-2] DEBUG org.asynchttpclient.netty.channel.ChannelManager - Adding key: http://localhost:31190 for channel [id: 0xf0801b32, L:/127.0.0.1:60965 - R:localhost/127.0.0.1:31190]
02:09:23.168 [Forwarding getCurrentUrl on session a3cdf92d9e47cd800ef914a49d38ea5e to remote] DEBUG org.asynchttpclient.netty.request.NettyRequestSender - Using pooled Channel '[id: 0xf0801b32, L:/127.0.0.1:60965 - R:localhost/127.0.0.1:31190]' for 'GET' to 'http://localhost:31190/session/a3cdf92d9e47cd800ef914a49d38ea5e/url'
02:09:23.168 [Forwarding getCurrentUrl on session a3cdf92d9e47cd800ef914a49d38ea5e to remote] DEBUG org.asynchttpclient.netty.request.NettyRequestSender - Using open Channel [id: 0xf0801b32, L:/127.0.0.1:60965 - R:localhost/127.0.0.1:31190] for GET '/session/a3cdf92d9e47cd800ef914a49d38ea5e/url'
02:09:23.180 [AsyncHttpClient-1-2] DEBUG org.asynchttpclient.netty.handler.HttpHandler - 

Request DefaultFullHttpRequest(decodeResult: success, version: HTTP/1.1, content: EmptyByteBufBE)
GET /session/a3cdf92d9e47cd800ef914a49d38ea5e/url HTTP/1.1
User-Agent: selenium/4.8.1 (java windows)
Cache-Control: no-cache
Content-Type: application/json; charset=utf-8
host: localhost:31190
accept: */*

Response DefaultHttpResponse(decodeResult: success, version: HTTP/1.1)
HTTP/1.1 200 OK
Content-Length: 56
Content-Type: application/json; charset=utf-8
cache-control: no-cache

02:09:23.180 [AsyncHttpClient-1-2] DEBUG org.asynchttpclient.netty.channel.ChannelManager - Adding key: http://localhost:31190 for channel [id: 0xf0801b32, L:/127.0.0.1:60965 - R:localhost/127.0.0.1:31190]
02:09:23.184 [Forwarding screenshot on session a3cdf92d9e47cd800ef914a49d38ea5e to remote] DEBUG org.asynchttpclient.netty.request.NettyRequestSender - Using pooled Channel '[id: 0xf0801b32, L:/127.0.0.1:60965 - R:localhost/127.0.0.1:31190]' for 'GET' to 'http://localhost:31190/session/a3cdf92d9e47cd800ef914a49d38ea5e/screenshot'
02:09:23.184 [Forwarding screenshot on session a3cdf92d9e47cd800ef914a49d38ea5e to remote] DEBUG org.asynchttpclient.netty.request.NettyRequestSender - Using open Channel [id: 0xf0801b32, L:/127.0.0.1:60965 - R:localhost/127.0.0.1:31190] for GET '/session/a3cdf92d9e47cd800ef914a49d38ea5e/screenshot'
02:09:23.463 [AsyncHttpClient-1-2] DEBUG org.asynchttpclient.netty.handler.HttpHandler - 

Request DefaultFullHttpRequest(decodeResult: success, version: HTTP/1.1, content: EmptyByteBufBE)
GET /session/a3cdf92d9e47cd800ef914a49d38ea5e/screenshot HTTP/1.1
User-Agent: selenium/4.8.1 (java windows)
Cache-Control: no-cache
Content-Type: application/json; charset=utf-8
host: localhost:31190
accept: */*

Response DefaultHttpResponse(decodeResult: success, version: HTTP/1.1)
HTTP/1.1 200 OK
Content-Length: 116024
Content-Type: application/json; charset=utf-8
cache-control: no-cache

02:09:23.466 [AsyncHttpClient-1-2] DEBUG org.asynchttpclient.netty.channel.ChannelManager - Adding key: http://localhost:31190 for channel [id: 0xf0801b32, L:/127.0.0.1:60965 - R:localhost/127.0.0.1:31190]
02:09:23.474 [main] DEBUG net.serenitybdd.core.photography.Darkroom - Send negative for processing for target\site\serenity\ee761de0174fda31809a61addf9933dc97e22ba6ba3825b4f67b075b31ffaf0e.png
02:09:23.475 [Darkroom Processing Line] DEBUG net.serenitybdd.core.photography.DarkroomProcessingLine - Processing screenshot image in /var/screenshots/screenshot-3468708382251719935
02:09:23.475 [Darkroom Processing Line] DEBUG net.serenitybdd.core.photography.DarkroomProcessingLine - Saving screenshot to target\site\serenity\ee761de0174fda31809a61addf9933dc97e22ba6ba3825b4f67b075b31ffaf0e.png
02:09:23.479 [Forwarding getPageSource on session a3cdf92d9e47cd800ef914a49d38ea5e to remote] DEBUG org.asynchttpclient.netty.request.NettyRequestSender - Using pooled Channel '[id: 0xf0801b32, L:/127.0.0.1:60965 - R:localhost/127.0.0.1:31190]' for 'POST' to 'http://localhost:31190/session/a3cdf92d9e47cd800ef914a49d38ea5e/execute/sync'
02:09:23.479 [Forwarding getPageSource on session a3cdf92d9e47cd800ef914a49d38ea5e to remote] DEBUG org.asynchttpclient.netty.request.NettyRequestSender - Using open Channel [id: 0xf0801b32, L:/127.0.0.1:60965 - R:localhost/127.0.0.1:31190] for POST '/session/a3cdf92d9e47cd800ef914a49d38ea5e/execute/sync'
02:09:23.491 [AsyncHttpClient-1-2] DEBUG org.asynchttpclient.netty.handler.HttpHandler - 

Request DefaultHttpRequest(decodeResult: success, version: HTTP/1.1)
POST /session/a3cdf92d9e47cd800ef914a49d38ea5e/execute/sync HTTP/1.1
User-Agent: selenium/4.8.1 (java windows)
Content-Length: 176
Content-Type: application/json; charset=utf-8
host: localhost:31190
accept: */*

Response DefaultHttpResponse(decodeResult: success, version: HTTP/1.1)
HTTP/1.1 200 OK
Content-Length: 3427
Content-Type: application/json; charset=utf-8
cache-control: no-cache

02:09:23.492 [AsyncHttpClient-1-2] DEBUG org.asynchttpclient.netty.channel.ChannelManager - Adding key: http://localhost:31190 for channel [id: 0xf0801b32, L:/127.0.0.1:60965 - R:localhost/127.0.0.1:31190]
02:09:23.497 [Forwarding getCurrentUrl on session a3cdf92d9e47cd800ef914a49d38ea5e to remote] DEBUG org.asynchttpclient.netty.request.NettyRequestSender - Using pooled Channel '[id: 0xf0801b32, L:/127.0.0.1:60965 - R:localhost/127.0.0.1:31190]' for 'GET' to 'http://localhost:31190/session/a3cdf92d9e47cd800ef914a49d38ea5e/url'
02:09:23.497 [Forwarding getCurrentUrl on session a3cdf92d9e47cd800ef914a49d38ea5e to remote] DEBUG org.asynchttpclient.netty.request.NettyRequestSender - Using open Channel [id: 0xf0801b32, L:/127.0.0.1:60965 - R:localhost/127.0.0.1:31190] for GET '/session/a3cdf92d9e47cd800ef914a49d38ea5e/url'
02:09:23.508 [AsyncHttpClient-1-2] DEBUG org.asynchttpclient.netty.handler.HttpHandler - 

Request DefaultFullHttpRequest(decodeResult: success, version: HTTP/1.1, content: EmptyByteBufBE)
GET /session/a3cdf92d9e47cd800ef914a49d38ea5e/url HTTP/1.1
User-Agent: selenium/4.8.1 (java windows)
Cache-Control: no-cache
Content-Type: application/json; charset=utf-8
host: localhost:31190
accept: */*

Response DefaultHttpResponse(decodeResult: success, version: HTTP/1.1)
HTTP/1.1 200 OK
Content-Length: 56
Content-Type: application/json; charset=utf-8
cache-control: no-cache

02:09:23.509 [AsyncHttpClient-1-2] DEBUG org.asynchttpclient.netty.channel.ChannelManager - Adding key: http://localhost:31190 for channel [id: 0xf0801b32, L:/127.0.0.1:60965 - R:localhost/127.0.0.1:31190]
02:09:23.529 [Forwarding getAlertText on session a3cdf92d9e47cd800ef914a49d38ea5e to remote] DEBUG org.asynchttpclient.netty.request.NettyRequestSender - Using pooled Channel '[id: 0xf0801b32, L:/127.0.0.1:60965 - R:localhost/127.0.0.1:31190]' for 'GET' to 'http://localhost:31190/session/a3cdf92d9e47cd800ef914a49d38ea5e/alert/text'
02:09:23.529 [Forwarding getAlertText on session a3cdf92d9e47cd800ef914a49d38ea5e to remote] DEBUG org.asynchttpclient.netty.request.NettyRequestSender - Using open Channel [id: 0xf0801b32, L:/127.0.0.1:60965 - R:localhost/127.0.0.1:31190] for GET '/session/a3cdf92d9e47cd800ef914a49d38ea5e/alert/text'
02:09:23.533 [AsyncHttpClient-1-2] DEBUG org.asynchttpclient.netty.handler.HttpHandler - 

Request DefaultFullHttpRequest(decodeResult: success, version: HTTP/1.1, content: EmptyByteBufBE)
GET /session/a3cdf92d9e47cd800ef914a49d38ea5e/alert/text HTTP/1.1
User-Agent: selenium/4.8.1 (java windows)
Cache-Control: no-cache
Content-Type: application/json; charset=utf-8
host: localhost:31190
accept: */*

Response DefaultHttpResponse(decodeResult: success, version: HTTP/1.1)
HTTP/1.1 404 Not Found
Content-Length: 828
Content-Type: application/json; charset=utf-8
cache-control: no-cache

02:09:23.534 [AsyncHttpClient-1-2] DEBUG org.asynchttpclient.netty.channel.ChannelManager - Adding key: http://localhost:31190 for channel [id: 0xf0801b32, L:/127.0.0.1:60965 - R:localhost/127.0.0.1:31190]
02:09:23.538 [Forwarding getCurrentUrl on session a3cdf92d9e47cd800ef914a49d38ea5e to remote] DEBUG org.asynchttpclient.netty.request.NettyRequestSender - Using pooled Channel '[id: 0xf0801b32, L:/127.0.0.1:60965 - R:localhost/127.0.0.1:31190]' for 'GET' to 'http://localhost:31190/session/a3cdf92d9e47cd800ef914a49d38ea5e/url'
02:09:23.538 [Forwarding getCurrentUrl on session a3cdf92d9e47cd800ef914a49d38ea5e to remote] DEBUG org.asynchttpclient.netty.request.NettyRequestSender - Using open Channel [id: 0xf0801b32, L:/127.0.0.1:60965 - R:localhost/127.0.0.1:31190] for GET '/session/a3cdf92d9e47cd800ef914a49d38ea5e/url'
02:09:23.549 [AsyncHttpClient-1-2] DEBUG org.asynchttpclient.netty.handler.HttpHandler - 

Request DefaultFullHttpRequest(decodeResult: success, version: HTTP/1.1, content: EmptyByteBufBE)
GET /session/a3cdf92d9e47cd800ef914a49d38ea5e/url HTTP/1.1
User-Agent: selenium/4.8.1 (java windows)
Cache-Control: no-cache
Content-Type: application/json; charset=utf-8
host: localhost:31190
accept: */*

Response DefaultHttpResponse(decodeResult: success, version: HTTP/1.1)
HTTP/1.1 200 OK
Content-Length: 56
Content-Type: application/json; charset=utf-8
cache-control: no-cache

02:09:23.549 [AsyncHttpClient-1-2] DEBUG org.asynchttpclient.netty.channel.ChannelManager - Adding key: http://localhost:31190 for channel [id: 0xf0801b32, L:/127.0.0.1:60965 - R:localhost/127.0.0.1:31190]
02:09:23.552 [Forwarding screenshot on session a3cdf92d9e47cd800ef914a49d38ea5e to remote] DEBUG org.asynchttpclient.netty.request.NettyRequestSender - Using pooled Channel '[id: 0xf0801b32, L:/127.0.0.1:60965 - R:localhost/127.0.0.1:31190]' for 'GET' to 'http://localhost:31190/session/a3cdf92d9e47cd800ef914a49d38ea5e/screenshot'
02:09:23.552 [Forwarding screenshot on session a3cdf92d9e47cd800ef914a49d38ea5e to remote] DEBUG org.asynchttpclient.netty.request.NettyRequestSender - Using open Channel [id: 0xf0801b32, L:/127.0.0.1:60965 - R:localhost/127.0.0.1:31190] for GET '/session/a3cdf92d9e47cd800ef914a49d38ea5e/screenshot'
02:09:23.839 [AsyncHttpClient-1-1] DEBUG org.asynchttpclient.netty.channel.DefaultChannelPool - Entry count for : http://localhost:60966 : 1
02:09:23.878 [AsyncHttpClient-1-2] DEBUG org.asynchttpclient.netty.handler.HttpHandler - 

Request DefaultFullHttpRequest(decodeResult: success, version: HTTP/1.1, content: EmptyByteBufBE)
GET /session/a3cdf92d9e47cd800ef914a49d38ea5e/screenshot HTTP/1.1
User-Agent: selenium/4.8.1 (java windows)
Cache-Control: no-cache
Content-Type: application/json; charset=utf-8
host: localhost:31190
accept: */*

Response DefaultHttpResponse(decodeResult: success, version: HTTP/1.1)
HTTP/1.1 200 OK
Content-Length: 116024
Content-Type: application/json; charset=utf-8
cache-control: no-cache

02:09:23.881 [AsyncHttpClient-1-2] DEBUG org.asynchttpclient.netty.channel.ChannelManager - Adding key: http://localhost:31190 for channel [id: 0xf0801b32, L:/127.0.0.1:60965 - R:localhost/127.0.0.1:31190]
02:09:23.889 [main] DEBUG net.serenitybdd.core.photography.Darkroom - Send negative for processing for target\site\serenity\ee761de0174fda31809a61addf9933dc97e22ba6ba3825b4f67b075b31ffaf0e.png
02:09:23.890 [main] DEBUG net.thucydides.core.steps.StepInterceptor - STEP DONE: enterUsername
  &amp#27;[32mAnd &amp#27;[0m&amp#27;[32mI enter username&amp#27;[0m                            &amp#27;[90m# starter.stepdefinitions.LoginSteps.enterUsername()&amp#27;[0m
02:09:23.953 [Forwarding getAlertText on session a3cdf92d9e47cd800ef914a49d38ea5e to remote] DEBUG org.asynchttpclient.netty.request.NettyRequestSender - Using pooled Channel '[id: 0xf0801b32, L:/127.0.0.1:60965 - R:localhost/127.0.0.1:31190]' for 'GET' to 'http://localhost:31190/session/a3cdf92d9e47cd800ef914a49d38ea5e/alert/text'
02:09:23.953 [Forwarding getAlertText on session a3cdf92d9e47cd800ef914a49d38ea5e to remote] DEBUG org.asynchttpclient.netty.request.NettyRequestSender - Using open Channel [id: 0xf0801b32, L:/127.0.0.1:60965 - R:localhost/127.0.0.1:31190] for GET '/session/a3cdf92d9e47cd800ef914a49d38ea5e/alert/text'
02:09:23.957 [AsyncHttpClient-1-2] DEBUG org.asynchttpclient.netty.handler.HttpHandler - 

Request DefaultFullHttpRequest(decodeResult: success, version: HTTP/1.1, content: EmptyByteBufBE)
GET /session/a3cdf92d9e47cd800ef914a49d38ea5e/alert/text HTTP/1.1
User-Agent: selenium/4.8.1 (java windows)
Cache-Control: no-cache
Content-Type: application/json; charset=utf-8
host: localhost:31190
accept: */*

Response DefaultHttpResponse(decodeResult: success, version: HTTP/1.1)
HTTP/1.1 404 Not Found
Content-Length: 828
Content-Type: application/json; charset=utf-8
cache-control: no-cache

02:09:23.958 [AsyncHttpClient-1-2] DEBUG org.asynchttpclient.netty.channel.ChannelManager - Adding key: http://localhost:31190 for channel [id: 0xf0801b32, L:/127.0.0.1:60965 - R:localhost/127.0.0.1:31190]
02:09:23.962 [Forwarding getCurrentUrl on session a3cdf92d9e47cd800ef914a49d38ea5e to remote] DEBUG org.asynchttpclient.netty.request.NettyRequestSender - Using pooled Channel '[id: 0xf0801b32, L:/127.0.0.1:60965 - R:localhost/127.0.0.1:31190]' for 'GET' to 'http://localhost:31190/session/a3cdf92d9e47cd800ef914a49d38ea5e/url'
02:09:23.963 [Forwarding getCurrentUrl on session a3cdf92d9e47cd800ef914a49d38ea5e to remote] DEBUG org.asynchttpclient.netty.request.NettyRequestSender - Using open Channel [id: 0xf0801b32, L:/127.0.0.1:60965 - R:localhost/127.0.0.1:31190] for GET '/session/a3cdf92d9e47cd800ef914a49d38ea5e/url'
02:09:23.976 [AsyncHttpClient-1-2] DEBUG org.asynchttpclient.netty.handler.HttpHandler - 

Request DefaultFullHttpRequest(decodeResult: success, version: HTTP/1.1, content: EmptyByteBufBE)
GET /session/a3cdf92d9e47cd800ef914a49d38ea5e/url HTTP/1.1
User-Agent: selenium/4.8.1 (java windows)
Cache-Control: no-cache
Content-Type: application/json; charset=utf-8
host: localhost:31190
accept: */*

Response DefaultHttpResponse(decodeResult: success, version: HTTP/1.1)
HTTP/1.1 200 OK
Content-Length: 56
Content-Type: application/json; charset=utf-8
cache-control: no-cache

02:09:23.976 [AsyncHttpClient-1-2] DEBUG org.asynchttpclient.netty.channel.ChannelManager - Adding key: http://localhost:31190 for channel [id: 0xf0801b32, L:/127.0.0.1:60965 - R:localhost/127.0.0.1:31190]
02:09:23.980 [Forwarding screenshot on session a3cdf92d9e47cd800ef914a49d38ea5e to remote] DEBUG org.asynchttpclient.netty.request.NettyRequestSender - Using pooled Channel '[id: 0xf0801b32, L:/127.0.0.1:60965 - R:localhost/127.0.0.1:31190]' for 'GET' to 'http://localhost:31190/session/a3cdf92d9e47cd800ef914a49d38ea5e/screenshot'
02:09:23.980 [Forwarding screenshot on session a3cdf92d9e47cd800ef914a49d38ea5e to remote] DEBUG org.asynchttpclient.netty.request.NettyRequestSender - Using open Channel [id: 0xf0801b32, L:/127.0.0.1:60965 - R:localhost/127.0.0.1:31190] for GET '/session/a3cdf92d9e47cd800ef914a49d38ea5e/screenshot'
02:09:24.311 [AsyncHttpClient-1-2] DEBUG org.asynchttpclient.netty.handler.HttpHandler - 

Request DefaultFullHttpRequest(decodeResult: success, version: HTTP/1.1, content: EmptyByteBufBE)
GET /session/a3cdf92d9e47cd800ef914a49d38ea5e/screenshot HTTP/1.1
User-Agent: selenium/4.8.1 (java windows)
Cache-Control: no-cache
Content-Type: application/json; charset=utf-8
host: localhost:31190
accept: */*

Response DefaultHttpResponse(decodeResult: success, version: HTTP/1.1)
HTTP/1.1 200 OK
Content-Length: 116000
Content-Type: application/json; charset=utf-8
cache-control: no-cache

02:09:24.314 [AsyncHttpClient-1-2] DEBUG org.asynchttpclient.netty.channel.ChannelManager - Adding key: http://localhost:31190 for channel [id: 0xf0801b32, L:/127.0.0.1:60965 - R:localhost/127.0.0.1:31190]
02:09:24.321 [main] DEBUG net.serenitybdd.core.photography.Darkroom - Send negative for processing for target\site\serenity\fa6e7d1ce747d8d8f5cee351f9c3b7277262e462f23251f582b63e2e355429f7.png
02:09:24.322 [Darkroom Processing Line] DEBUG net.serenitybdd.core.photography.DarkroomProcessingLine - Processing screenshot image in /var/screenshots/screenshot-11447180873717634185
02:09:24.323 [Darkroom Processing Line] DEBUG net.serenitybdd.core.photography.DarkroomProcessingLine - Saving screenshot to target\site\serenity\fa6e7d1ce747d8d8f5cee351f9c3b7277262e462f23251f582b63e2e355429f7.png
02:09:24.326 [Forwarding getPageSource on session a3cdf92d9e47cd800ef914a49d38ea5e to remote] DEBUG org.asynchttpclient.netty.request.NettyRequestSender - Using pooled Channel '[id: 0xf0801b32, L:/127.0.0.1:60965 - R:localhost/127.0.0.1:31190]' for 'POST' to 'http://localhost:31190/session/a3cdf92d9e47cd800ef914a49d38ea5e/execute/sync'
02:09:24.327 [Forwarding getPageSource on session a3cdf92d9e47cd800ef914a49d38ea5e to remote] DEBUG org.asynchttpclient.netty.request.NettyRequestSender - Using open Channel [id: 0xf0801b32, L:/127.0.0.1:60965 - R:localhost/127.0.0.1:31190] for POST '/session/a3cdf92d9e47cd800ef914a49d38ea5e/execute/sync'
02:09:24.345 [AsyncHttpClient-1-2] DEBUG org.asynchttpclient.netty.handler.HttpHandler - 

Request DefaultHttpRequest(decodeResult: success, version: HTTP/1.1)
POST /session/a3cdf92d9e47cd800ef914a49d38ea5e/execute/sync HTTP/1.1
User-Agent: selenium/4.8.1 (java windows)
Content-Length: 176
Content-Type: application/json; charset=utf-8
host: localhost:31190
accept: */*

Response DefaultHttpResponse(decodeResult: success, version: HTTP/1.1)
HTTP/1.1 200 OK
Content-Length: 3427
Content-Type: application/json; charset=utf-8
cache-control: no-cache

02:09:24.346 [AsyncHttpClient-1-2] DEBUG org.asynchttpclient.netty.channel.ChannelManager - Adding key: http://localhost:31190 for channel [id: 0xf0801b32, L:/127.0.0.1:60965 - R:localhost/127.0.0.1:31190]
02:09:24.353 [Forwarding getCurrentUrl on session a3cdf92d9e47cd800ef914a49d38ea5e to remote] DEBUG org.asynchttpclient.netty.request.NettyRequestSender - Using pooled Channel '[id: 0xf0801b32, L:/127.0.0.1:60965 - R:localhost/127.0.0.1:31190]' for 'GET' to 'http://localhost:31190/session/a3cdf92d9e47cd800ef914a49d38ea5e/url'
02:09:24.354 [Forwarding getCurrentUrl on session a3cdf92d9e47cd800ef914a49d38ea5e to remote] DEBUG org.asynchttpclient.netty.request.NettyRequestSender - Using open Channel [id: 0xf0801b32, L:/127.0.0.1:60965 - R:localhost/127.0.0.1:31190] for GET '/session/a3cdf92d9e47cd800ef914a49d38ea5e/url'
02:09:24.365 [AsyncHttpClient-1-2] DEBUG org.asynchttpclient.netty.handler.HttpHandler - 

Request DefaultFullHttpRequest(decodeResult: success, version: HTTP/1.1, content: EmptyByteBufBE)
GET /session/a3cdf92d9e47cd800ef914a49d38ea5e/url HTTP/1.1
User-Agent: selenium/4.8.1 (java windows)
Cache-Control: no-cache
Content-Type: application/json; charset=utf-8
host: localhost:31190
accept: */*

Response DefaultHttpResponse(decodeResult: success, version: HTTP/1.1)
HTTP/1.1 200 OK
Content-Length: 56
Content-Type: application/json; charset=utf-8
cache-control: no-cache

02:09:24.366 [AsyncHttpClient-1-2] DEBUG org.asynchttpclient.netty.channel.ChannelManager - Adding key: http://localhost:31190 for channel [id: 0xf0801b32, L:/127.0.0.1:60965 - R:localhost/127.0.0.1:31190]
02:09:24.394 [Forwarding getAlertText on session a3cdf92d9e47cd800ef914a49d38ea5e to remote] DEBUG org.asynchttpclient.netty.request.NettyRequestSender - Using pooled Channel '[id: 0xf0801b32, L:/127.0.0.1:60965 - R:localhost/127.0.0.1:31190]' for 'GET' to 'http://localhost:31190/session/a3cdf92d9e47cd800ef914a49d38ea5e/alert/text'
02:09:24.394 [Forwarding getAlertText on session a3cdf92d9e47cd800ef914a49d38ea5e to remote] DEBUG org.asynchttpclient.netty.request.NettyRequestSender - Using open Channel [id: 0xf0801b32, L:/127.0.0.1:60965 - R:localhost/127.0.0.1:31190] for GET '/session/a3cdf92d9e47cd800ef914a49d38ea5e/alert/text'
02:09:24.399 [AsyncHttpClient-1-2] DEBUG org.asynchttpclient.netty.handler.HttpHandler - 

Request DefaultFullHttpRequest(decodeResult: success, version: HTTP/1.1, content: EmptyByteBufBE)
GET /session/a3cdf92d9e47cd800ef914a49d38ea5e/alert/text HTTP/1.1
User-Agent: selenium/4.8.1 (java windows)
Cache-Control: no-cache
Content-Type: application/json; charset=utf-8
host: localhost:31190
accept: */*

Response DefaultHttpResponse(decodeResult: success, version: HTTP/1.1)
HTTP/1.1 404 Not Found
Content-Length: 828
Content-Type: application/json; charset=utf-8
cache-control: no-cache

02:09:24.399 [AsyncHttpClient-1-2] DEBUG org.asynchttpclient.netty.channel.ChannelManager - Adding key: http://localhost:31190 for channel [id: 0xf0801b32, L:/127.0.0.1:60965 - R:localhost/127.0.0.1:31190]
02:09:24.403 [Forwarding getCurrentUrl on session a3cdf92d9e47cd800ef914a49d38ea5e to remote] DEBUG org.asynchttpclient.netty.request.NettyRequestSender - Using pooled Channel '[id: 0xf0801b32, L:/127.0.0.1:60965 - R:localhost/127.0.0.1:31190]' for 'GET' to 'http://localhost:31190/session/a3cdf92d9e47cd800ef914a49d38ea5e/url'
02:09:24.403 [Forwarding getCurrentUrl on session a3cdf92d9e47cd800ef914a49d38ea5e to remote] DEBUG org.asynchttpclient.netty.request.NettyRequestSender - Using open Channel [id: 0xf0801b32, L:/127.0.0.1:60965 - R:localhost/127.0.0.1:31190] for GET '/session/a3cdf92d9e47cd800ef914a49d38ea5e/url'
02:09:24.418 [AsyncHttpClient-1-2] DEBUG org.asynchttpclient.netty.handler.HttpHandler - 

Request DefaultFullHttpRequest(decodeResult: success, version: HTTP/1.1, content: EmptyByteBufBE)
GET /session/a3cdf92d9e47cd800ef914a49d38ea5e/url HTTP/1.1
User-Agent: selenium/4.8.1 (java windows)
Cache-Control: no-cache
Content-Type: application/json; charset=utf-8
host: localhost:31190
accept: */*

Response DefaultHttpResponse(decodeResult: success, version: HTTP/1.1)
HTTP/1.1 200 OK
Content-Length: 56
Content-Type: application/json; charset=utf-8
cache-control: no-cache

02:09:24.418 [AsyncHttpClient-1-2] DEBUG org.asynchttpclient.netty.channel.ChannelManager - Adding key: http://localhost:31190 for channel [id: 0xf0801b32, L:/127.0.0.1:60965 - R:localhost/127.0.0.1:31190]
02:09:24.421 [Forwarding screenshot on session a3cdf92d9e47cd800ef914a49d38ea5e to remote] DEBUG org.asynchttpclient.netty.request.NettyRequestSender - Using pooled Channel '[id: 0xf0801b32, L:/127.0.0.1:60965 - R:localhost/127.0.0.1:31190]' for 'GET' to 'http://localhost:31190/session/a3cdf92d9e47cd800ef914a49d38ea5e/screenshot'
02:09:24.422 [Forwarding screenshot on session a3cdf92d9e47cd800ef914a49d38ea5e to remote] DEBUG org.asynchttpclient.netty.request.NettyRequestSender - Using open Channel [id: 0xf0801b32, L:/127.0.0.1:60965 - R:localhost/127.0.0.1:31190] for GET '/session/a3cdf92d9e47cd800ef914a49d38ea5e/screenshot'
02:09:24.731 [AsyncHttpClient-1-2] DEBUG org.asynchttpclient.netty.handler.HttpHandler - 

Request DefaultFullHttpRequest(decodeResult: success, version: HTTP/1.1, content: EmptyByteBufBE)
GET /session/a3cdf92d9e47cd800ef914a49d38ea5e/screenshot HTTP/1.1
User-Agent: selenium/4.8.1 (java windows)
Cache-Control: no-cache
Content-Type: application/json; charset=utf-8
host: localhost:31190
accept: */*

Response DefaultHttpResponse(decodeResult: success, version: HTTP/1.1)
HTTP/1.1 200 OK
Content-Length: 116024
Content-Type: application/json; charset=utf-8
cache-control: no-cache

02:09:24.733 [AsyncHttpClient-1-2] DEBUG org.asynchttpclient.netty.channel.ChannelManager - Adding key: http://localhost:31190 for channel [id: 0xf0801b32, L:/127.0.0.1:60965 - R:localhost/127.0.0.1:31190]
02:09:24.741 [main] DEBUG net.serenitybdd.core.photography.Darkroom - Send negative for processing for target\site\serenity\ee761de0174fda31809a61addf9933dc97e22ba6ba3825b4f67b075b31ffaf0e.png
02:09:24.745 [Forwarding getPageSource on session a3cdf92d9e47cd800ef914a49d38ea5e to remote] DEBUG org.asynchttpclient.netty.request.NettyRequestSender - Using pooled Channel '[id: 0xf0801b32, L:/127.0.0.1:60965 - R:localhost/127.0.0.1:31190]' for 'POST' to 'http://localhost:31190/session/a3cdf92d9e47cd800ef914a49d38ea5e/execute/sync'
02:09:24.746 [Forwarding getPageSource on session a3cdf92d9e47cd800ef914a49d38ea5e to remote] DEBUG org.asynchttpclient.netty.request.NettyRequestSender - Using open Channel [id: 0xf0801b32, L:/127.0.0.1:60965 - R:localhost/127.0.0.1:31190] for POST '/session/a3cdf92d9e47cd800ef914a49d38ea5e/execute/sync'
02:09:24.758 [AsyncHttpClient-1-2] DEBUG org.asynchttpclient.netty.handler.HttpHandler - 

Request DefaultHttpRequest(decodeResult: success, version: HTTP/1.1)
POST /session/a3cdf92d9e47cd800ef914a49d38ea5e/execute/sync HTTP/1.1
User-Agent: selenium/4.8.1 (java windows)
Content-Length: 176
Content-Type: application/json; charset=utf-8
host: localhost:31190
accept: */*

Response DefaultHttpResponse(decodeResult: success, version: HTTP/1.1)
HTTP/1.1 200 OK
Content-Length: 3427
Content-Type: application/json; charset=utf-8
cache-control: no-cache

02:09:24.759 [AsyncHttpClient-1-2] DEBUG org.asynchttpclient.netty.channel.ChannelManager - Adding key: http://localhost:31190 for channel [id: 0xf0801b32, L:/127.0.0.1:60965 - R:localhost/127.0.0.1:31190]
02:09:24.767 [Forwarding getCurrentUrl on session a3cdf92d9e47cd800ef914a49d38ea5e to remote] DEBUG org.asynchttpclient.netty.request.NettyRequestSender - Using pooled Channel '[id: 0xf0801b32, L:/127.0.0.1:60965 - R:localhost/127.0.0.1:31190]' for 'GET' to 'http://localhost:31190/session/a3cdf92d9e47cd800ef914a49d38ea5e/url'
02:09:24.767 [Forwarding getCurrentUrl on session a3cdf92d9e47cd800ef914a49d38ea5e to remote] DEBUG org.asynchttpclient.netty.request.NettyRequestSender - Using open Channel [id: 0xf0801b32, L:/127.0.0.1:60965 - R:localhost/127.0.0.1:31190] for GET '/session/a3cdf92d9e47cd800ef914a49d38ea5e/url'
02:09:24.779 [AsyncHttpClient-1-2] DEBUG org.asynchttpclient.netty.handler.HttpHandler - 

Request DefaultFullHttpRequest(decodeResult: success, version: HTTP/1.1, content: EmptyByteBufBE)
GET /session/a3cdf92d9e47cd800ef914a49d38ea5e/url HTTP/1.1
User-Agent: selenium/4.8.1 (java windows)
Cache-Control: no-cache
Content-Type: application/json; charset=utf-8
host: localhost:31190
accept: */*

Response DefaultHttpResponse(decodeResult: success, version: HTTP/1.1)
HTTP/1.1 200 OK
Content-Length: 56
Content-Type: application/json; charset=utf-8
cache-control: no-cache

02:09:24.779 [AsyncHttpClient-1-2] DEBUG org.asynchttpclient.netty.channel.ChannelManager - Adding key: http://localhost:31190 for channel [id: 0xf0801b32, L:/127.0.0.1:60965 - R:localhost/127.0.0.1:31190]
02:09:24.784 [main] DEBUG net.thucydides.core.steps.StepInterceptor - STARTING STEP: LoginSteps.enterPassword - enterPassword
02:09:24.794 [Forwarding findElement on session a3cdf92d9e47cd800ef914a49d38ea5e to remote] DEBUG org.asynchttpclient.netty.request.NettyRequestSender - Using pooled Channel '[id: 0xf0801b32, L:/127.0.0.1:60965 - R:localhost/127.0.0.1:31190]' for 'POST' to 'http://localhost:31190/session/a3cdf92d9e47cd800ef914a49d38ea5e/element'
02:09:24.794 [Forwarding findElement on session a3cdf92d9e47cd800ef914a49d38ea5e to remote] DEBUG org.asynchttpclient.netty.request.NettyRequestSender - Using open Channel [id: 0xf0801b32, L:/127.0.0.1:60965 - R:localhost/127.0.0.1:31190] for POST '/session/a3cdf92d9e47cd800ef914a49d38ea5e/element'
02:09:24.828 [AsyncHttpClient-1-2] DEBUG org.asynchttpclient.netty.handler.HttpHandler - 

Request DefaultHttpRequest(decodeResult: success, version: HTTP/1.1)
POST /session/a3cdf92d9e47cd800ef914a49d38ea5e/element HTTP/1.1
User-Agent: selenium/4.8.1 (java windows)
Content-Length: 72
Content-Type: application/json; charset=utf-8
host: localhost:31190
accept: */*

Response DefaultHttpResponse(decodeResult: success, version: HTTP/1.1)
HTTP/1.1 200 OK
Content-Length: 95
Content-Type: application/json; charset=utf-8
cache-control: no-cache

02:09:24.829 [AsyncHttpClient-1-2] DEBUG org.asynchttpclient.netty.channel.ChannelManager - Adding key: http://localhost:31190 for channel [id: 0xf0801b32, L:/127.0.0.1:60965 - R:localhost/127.0.0.1:31190]
02:09:24.833 [Forwarding clearElement on session a3cdf92d9e47cd800ef914a49d38ea5e to remote] DEBUG org.asynchttpclient.netty.request.NettyRequestSender - Using pooled Channel '[id: 0xf0801b32, L:/127.0.0.1:60965 - R:localhost/127.0.0.1:31190]' for 'POST' to 'http://localhost:31190/session/a3cdf92d9e47cd800ef914a49d38ea5e/element/4D8A1D98101501BADF67FBE2B8A27D0D_element_11/clear'
02:09:24.833 [Forwarding clearElement on session a3cdf92d9e47cd800ef914a49d38ea5e to remote] DEBUG org.asynchttpclient.netty.request.NettyRequestSender - Using open Channel [id: 0xf0801b32, L:/127.0.0.1:60965 - R:localhost/127.0.0.1:31190] for POST '/session/a3cdf92d9e47cd800ef914a49d38ea5e/element/4D8A1D98101501BADF67FBE2B8A27D0D_element_11/clear'
02:09:24.908 [AsyncHttpClient-1-2] DEBUG org.asynchttpclient.netty.handler.HttpHandler - 

Request DefaultHttpRequest(decodeResult: success, version: HTTP/1.1)
POST /session/a3cdf92d9e47cd800ef914a49d38ea5e/element/4D8A1D98101501BADF67FBE2B8A27D0D_element_11/clear HTTP/1.1
User-Agent: selenium/4.8.1 (java windows)
Content-Length: 57
Content-Type: application/json; charset=utf-8
host: localhost:31190
accept: */*

Response DefaultHttpResponse(decodeResult: success, version: HTTP/1.1)
HTTP/1.1 200 OK
Content-Length: 14
Content-Type: application/json; charset=utf-8
cache-control: no-cache

02:09:24.909 [AsyncHttpClient-1-2] DEBUG org.asynchttpclient.netty.channel.ChannelManager - Adding key: http://localhost:31190 for channel [id: 0xf0801b32, L:/127.0.0.1:60965 - R:localhost/127.0.0.1:31190]
02:09:24.915 [Forwarding sendKeysToElement on session a3cdf92d9e47cd800ef914a49d38ea5e to remote] DEBUG org.asynchttpclient.netty.request.NettyRequestSender - Using pooled Channel '[id: 0xf0801b32, L:/127.0.0.1:60965 - R:localhost/127.0.0.1:31190]' for 'POST' to 'http://localhost:31190/session/a3cdf92d9e47cd800ef914a49d38ea5e/element/4D8A1D98101501BADF67FBE2B8A27D0D_element_11/value'
02:09:24.915 [Forwarding sendKeysToElement on session a3cdf92d9e47cd800ef914a49d38ea5e to remote] DEBUG org.asynchttpclient.netty.request.NettyRequestSender - Using open Channel [id: 0xf0801b32, L:/127.0.0.1:60965 - R:localhost/127.0.0.1:31190] for POST '/session/a3cdf92d9e47cd800ef914a49d38ea5e/element/4D8A1D98101501BADF67FBE2B8A27D0D_element_11/value'
02:09:24.942 [AsyncHttpClient-1-1] DEBUG org.asynchttpclient.netty.channel.DefaultChannelPool - Entry count for : http://localhost:60966 : 1
02:09:25.072 [AsyncHttpClient-1-2] DEBUG org.asynchttpclient.netty.handler.HttpHandler - 

Request DefaultHttpRequest(decodeResult: success, version: HTTP/1.1)
POST /session/a3cdf92d9e47cd800ef914a49d38ea5e/element/4D8A1D98101501BADF67FBE2B8A27D0D_element_11/value HTTP/1.1
User-Agent: selenium/4.8.1 (java windows)
Content-Length: 138
Content-Type: application/json; charset=utf-8
host: localhost:31190
accept: */*

Response DefaultHttpResponse(decodeResult: success, version: HTTP/1.1)
HTTP/1.1 200 OK
Content-Length: 14
Content-Type: application/json; charset=utf-8
cache-control: no-cache

02:09:25.073 [AsyncHttpClient-1-2] DEBUG org.asynchttpclient.netty.channel.ChannelManager - Adding key: http://localhost:31190 for channel [id: 0xf0801b32, L:/127.0.0.1:60965 - R:localhost/127.0.0.1:31190]
02:09:25.094 [Forwarding getAlertText on session a3cdf92d9e47cd800ef914a49d38ea5e to remote] DEBUG org.asynchttpclient.netty.request.NettyRequestSender - Using pooled Channel '[id: 0xf0801b32, L:/127.0.0.1:60965 - R:localhost/127.0.0.1:31190]' for 'GET' to 'http://localhost:31190/session/a3cdf92d9e47cd800ef914a49d38ea5e/alert/text'
02:09:25.095 [Forwarding getAlertText on session a3cdf92d9e47cd800ef914a49d38ea5e to remote] DEBUG org.asynchttpclient.netty.request.NettyRequestSender - Using open Channel [id: 0xf0801b32, L:/127.0.0.1:60965 - R:localhost/127.0.0.1:31190] for GET '/session/a3cdf92d9e47cd800ef914a49d38ea5e/alert/text'
02:09:25.100 [AsyncHttpClient-1-2] DEBUG org.asynchttpclient.netty.handler.HttpHandler - 

Request DefaultFullHttpRequest(decodeResult: success, version: HTTP/1.1, content: EmptyByteBufBE)
GET /session/a3cdf92d9e47cd800ef914a49d38ea5e/alert/text HTTP/1.1
User-Agent: selenium/4.8.1 (java windows)
Cache-Control: no-cache
Content-Type: application/json; charset=utf-8
host: localhost:31190
accept: */*

Response DefaultHttpResponse(decodeResult: success, version: HTTP/1.1)
HTTP/1.1 404 Not Found
Content-Length: 828
Content-Type: application/json; charset=utf-8
cache-control: no-cache

02:09:25.101 [AsyncHttpClient-1-2] DEBUG org.asynchttpclient.netty.channel.ChannelManager - Adding key: http://localhost:31190 for channel [id: 0xf0801b32, L:/127.0.0.1:60965 - R:localhost/127.0.0.1:31190]
02:09:25.106 [Forwarding getCurrentUrl on session a3cdf92d9e47cd800ef914a49d38ea5e to remote] DEBUG org.asynchttpclient.netty.request.NettyRequestSender - Using pooled Channel '[id: 0xf0801b32, L:/127.0.0.1:60965 - R:localhost/127.0.0.1:31190]' for 'GET' to 'http://localhost:31190/session/a3cdf92d9e47cd800ef914a49d38ea5e/url'
02:09:25.106 [Forwarding getCurrentUrl on session a3cdf92d9e47cd800ef914a49d38ea5e to remote] DEBUG org.asynchttpclient.netty.request.NettyRequestSender - Using open Channel [id: 0xf0801b32, L:/127.0.0.1:60965 - R:localhost/127.0.0.1:31190] for GET '/session/a3cdf92d9e47cd800ef914a49d38ea5e/url'
02:09:25.120 [AsyncHttpClient-1-2] DEBUG org.asynchttpclient.netty.handler.HttpHandler - 

Request DefaultFullHttpRequest(decodeResult: success, version: HTTP/1.1, content: EmptyByteBufBE)
GET /session/a3cdf92d9e47cd800ef914a49d38ea5e/url HTTP/1.1
User-Agent: selenium/4.8.1 (java windows)
Cache-Control: no-cache
Content-Type: application/json; charset=utf-8
host: localhost:31190
accept: */*

Response DefaultHttpResponse(decodeResult: success, version: HTTP/1.1)
HTTP/1.1 200 OK
Content-Length: 56
Content-Type: application/json; charset=utf-8
cache-control: no-cache

02:09:25.121 [AsyncHttpClient-1-2] DEBUG org.asynchttpclient.netty.channel.ChannelManager - Adding key: http://localhost:31190 for channel [id: 0xf0801b32, L:/127.0.0.1:60965 - R:localhost/127.0.0.1:31190]
02:09:25.123 [Forwarding screenshot on session a3cdf92d9e47cd800ef914a49d38ea5e to remote] DEBUG org.asynchttpclient.netty.request.NettyRequestSender - Using pooled Channel '[id: 0xf0801b32, L:/127.0.0.1:60965 - R:localhost/127.0.0.1:31190]' for 'GET' to 'http://localhost:31190/session/a3cdf92d9e47cd800ef914a49d38ea5e/screenshot'
02:09:25.124 [Forwarding screenshot on session a3cdf92d9e47cd800ef914a49d38ea5e to remote] DEBUG org.asynchttpclient.netty.request.NettyRequestSender - Using open Channel [id: 0xf0801b32, L:/127.0.0.1:60965 - R:localhost/127.0.0.1:31190] for GET '/session/a3cdf92d9e47cd800ef914a49d38ea5e/screenshot'
02:09:25.534 [AsyncHttpClient-1-2] DEBUG org.asynchttpclient.netty.handler.HttpHandler - 

Request DefaultFullHttpRequest(decodeResult: success, version: HTTP/1.1, content: EmptyByteBufBE)
GET /session/a3cdf92d9e47cd800ef914a49d38ea5e/screenshot HTTP/1.1
User-Agent: selenium/4.8.1 (java windows)
Cache-Control: no-cache
Content-Type: application/json; charset=utf-8
host: localhost:31190
accept: */*

Response DefaultHttpResponse(decodeResult: success, version: HTTP/1.1)
HTTP/1.1 200 OK
Content-Length: 114304
Content-Type: application/json; charset=utf-8
cache-control: no-cache

02:09:25.537 [AsyncHttpClient-1-2] DEBUG org.asynchttpclient.netty.channel.ChannelManager - Adding key: http://localhost:31190 for channel [id: 0xf0801b32, L:/127.0.0.1:60965 - R:localhost/127.0.0.1:31190]
02:09:25.545 [main] DEBUG net.serenitybdd.core.photography.Darkroom - Send negative for processing for target\site\serenity\b04a5dd1876b579190d5b0cc18907b3adc1b7bc41d148c4d8b79fb630c74b73e.png
02:09:25.546 [Darkroom Processing Line] DEBUG net.serenitybdd.core.photography.DarkroomProcessingLine - Processing screenshot image in /var/screenshots/screenshot-16431389069947496090
02:09:25.546 [Darkroom Processing Line] DEBUG net.serenitybdd.core.photography.DarkroomProcessingLine - Saving screenshot to target\site\serenity\b04a5dd1876b579190d5b0cc18907b3adc1b7bc41d148c4d8b79fb630c74b73e.png
02:09:25.550 [Forwarding getPageSource on session a3cdf92d9e47cd800ef914a49d38ea5e to remote] DEBUG org.asynchttpclient.netty.request.NettyRequestSender - Using pooled Channel '[id: 0xf0801b32, L:/127.0.0.1:60965 - R:localhost/127.0.0.1:31190]' for 'POST' to 'http://localhost:31190/session/a3cdf92d9e47cd800ef914a49d38ea5e/execute/sync'
02:09:25.550 [Forwarding getPageSource on session a3cdf92d9e47cd800ef914a49d38ea5e to remote] DEBUG org.asynchttpclient.netty.request.NettyRequestSender - Using open Channel [id: 0xf0801b32, L:/127.0.0.1:60965 - R:localhost/127.0.0.1:31190] for POST '/session/a3cdf92d9e47cd800ef914a49d38ea5e/execute/sync'
02:09:25.563 [AsyncHttpClient-1-2] DEBUG org.asynchttpclient.netty.handler.HttpHandler - 

Request DefaultHttpRequest(decodeResult: success, version: HTTP/1.1)
POST /session/a3cdf92d9e47cd800ef914a49d38ea5e/execute/sync HTTP/1.1
User-Agent: selenium/4.8.1 (java windows)
Content-Length: 176
Content-Type: application/json; charset=utf-8
host: localhost:31190
accept: */*

Response DefaultHttpResponse(decodeResult: success, version: HTTP/1.1)
HTTP/1.1 200 OK
Content-Length: 3427
Content-Type: application/json; charset=utf-8
cache-control: no-cache

02:09:25.563 [AsyncHttpClient-1-2] DEBUG org.asynchttpclient.netty.channel.ChannelManager - Adding key: http://localhost:31190 for channel [id: 0xf0801b32, L:/127.0.0.1:60965 - R:localhost/127.0.0.1:31190]
02:09:25.570 [Forwarding getCurrentUrl on session a3cdf92d9e47cd800ef914a49d38ea5e to remote] DEBUG org.asynchttpclient.netty.request.NettyRequestSender - Using pooled Channel '[id: 0xf0801b32, L:/127.0.0.1:60965 - R:localhost/127.0.0.1:31190]' for 'GET' to 'http://localhost:31190/session/a3cdf92d9e47cd800ef914a49d38ea5e/url'
02:09:25.570 [Forwarding getCurrentUrl on session a3cdf92d9e47cd800ef914a49d38ea5e to remote] DEBUG org.asynchttpclient.netty.request.NettyRequestSender - Using open Channel [id: 0xf0801b32, L:/127.0.0.1:60965 - R:localhost/127.0.0.1:31190] for GET '/session/a3cdf92d9e47cd800ef914a49d38ea5e/url'
02:09:25.580 [AsyncHttpClient-1-2] DEBUG org.asynchttpclient.netty.handler.HttpHandler - 

Request DefaultFullHttpRequest(decodeResult: success, version: HTTP/1.1, content: EmptyByteBufBE)
GET /session/a3cdf92d9e47cd800ef914a49d38ea5e/url HTTP/1.1
User-Agent: selenium/4.8.1 (java windows)
Cache-Control: no-cache
Content-Type: application/json; charset=utf-8
host: localhost:31190
accept: */*

Response DefaultHttpResponse(decodeResult: success, version: HTTP/1.1)
HTTP/1.1 200 OK
Content-Length: 56
Content-Type: application/json; charset=utf-8
cache-control: no-cache

02:09:25.580 [AsyncHttpClient-1-2] DEBUG org.asynchttpclient.netty.channel.ChannelManager - Adding key: http://localhost:31190 for channel [id: 0xf0801b32, L:/127.0.0.1:60965 - R:localhost/127.0.0.1:31190]
02:09:25.593 [main] DEBUG net.thucydides.core.steps.StepInterceptor - STEP DONE: enterPassword
  &amp#27;[32mAnd &amp#27;[0m&amp#27;[32mI enter password&amp#27;[0m                            &amp#27;[90m# starter.stepdefinitions.LoginSteps.enterPassword()&amp#27;[0m
02:09:25.608 [Forwarding getAlertText on session a3cdf92d9e47cd800ef914a49d38ea5e to remote] DEBUG org.asynchttpclient.netty.request.NettyRequestSender - Using pooled Channel '[id: 0xf0801b32, L:/127.0.0.1:60965 - R:localhost/127.0.0.1:31190]' for 'GET' to 'http://localhost:31190/session/a3cdf92d9e47cd800ef914a49d38ea5e/alert/text'
02:09:25.608 [Forwarding getAlertText on session a3cdf92d9e47cd800ef914a49d38ea5e to remote] DEBUG org.asynchttpclient.netty.request.NettyRequestSender - Using open Channel [id: 0xf0801b32, L:/127.0.0.1:60965 - R:localhost/127.0.0.1:31190] for GET '/session/a3cdf92d9e47cd800ef914a49d38ea5e/alert/text'
02:09:25.612 [AsyncHttpClient-1-2] DEBUG org.asynchttpclient.netty.handler.HttpHandler - 

Request DefaultFullHttpRequest(decodeResult: success, version: HTTP/1.1, content: EmptyByteBufBE)
GET /session/a3cdf92d9e47cd800ef914a49d38ea5e/alert/text HTTP/1.1
User-Agent: selenium/4.8.1 (java windows)
Cache-Control: no-cache
Content-Type: application/json; charset=utf-8
host: localhost:31190
accept: */*

Response DefaultHttpResponse(decodeResult: success, version: HTTP/1.1)
HTTP/1.1 404 Not Found
Content-Length: 828
Content-Type: application/json; charset=utf-8
cache-control: no-cache

02:09:25.613 [AsyncHttpClient-1-2] DEBUG org.asynchttpclient.netty.channel.ChannelManager - Adding key: http://localhost:31190 for channel [id: 0xf0801b32, L:/127.0.0.1:60965 - R:localhost/127.0.0.1:31190]
02:09:25.617 [Forwarding getCurrentUrl on session a3cdf92d9e47cd800ef914a49d38ea5e to remote] DEBUG org.asynchttpclient.netty.request.NettyRequestSender - Using pooled Channel '[id: 0xf0801b32, L:/127.0.0.1:60965 - R:localhost/127.0.0.1:31190]' for 'GET' to 'http://localhost:31190/session/a3cdf92d9e47cd800ef914a49d38ea5e/url'
02:09:25.617 [Forwarding getCurrentUrl on session a3cdf92d9e47cd800ef914a49d38ea5e to remote] DEBUG org.asynchttpclient.netty.request.NettyRequestSender - Using open Channel [id: 0xf0801b32, L:/127.0.0.1:60965 - R:localhost/127.0.0.1:31190] for GET '/session/a3cdf92d9e47cd800ef914a49d38ea5e/url'
02:09:25.627 [AsyncHttpClient-1-2] DEBUG org.asynchttpclient.netty.handler.HttpHandler - 

Request DefaultFullHttpRequest(decodeResult: success, version: HTTP/1.1, content: EmptyByteBufBE)
GET /session/a3cdf92d9e47cd800ef914a49d38ea5e/url HTTP/1.1
User-Agent: selenium/4.8.1 (java windows)
Cache-Control: no-cache
Content-Type: application/json; charset=utf-8
host: localhost:31190
accept: */*

Response DefaultHttpResponse(decodeResult: success, version: HTTP/1.1)
HTTP/1.1 200 OK
Content-Length: 56
Content-Type: application/json; charset=utf-8
cache-control: no-cache

02:09:25.628 [AsyncHttpClient-1-2] DEBUG org.asynchttpclient.netty.channel.ChannelManager - Adding key: http://localhost:31190 for channel [id: 0xf0801b32, L:/127.0.0.1:60965 - R:localhost/127.0.0.1:31190]
02:09:25.630 [Forwarding screenshot on session a3cdf92d9e47cd800ef914a49d38ea5e to remote] DEBUG org.asynchttpclient.netty.request.NettyRequestSender - Using pooled Channel '[id: 0xf0801b32, L:/127.0.0.1:60965 - R:localhost/127.0.0.1:31190]' for 'GET' to 'http://localhost:31190/session/a3cdf92d9e47cd800ef914a49d38ea5e/screenshot'
02:09:25.631 [Forwarding screenshot on session a3cdf92d9e47cd800ef914a49d38ea5e to remote] DEBUG org.asynchttpclient.netty.request.NettyRequestSender - Using open Channel [id: 0xf0801b32, L:/127.0.0.1:60965 - R:localhost/127.0.0.1:31190] for GET '/session/a3cdf92d9e47cd800ef914a49d38ea5e/screenshot'
02:09:25.920 [AsyncHttpClient-1-2] DEBUG org.asynchttpclient.netty.handler.HttpHandler - 

Request DefaultFullHttpRequest(decodeResult: success, version: HTTP/1.1, content: EmptyByteBufBE)
GET /session/a3cdf92d9e47cd800ef914a49d38ea5e/screenshot HTTP/1.1
User-Agent: selenium/4.8.1 (java windows)
Cache-Control: no-cache
Content-Type: application/json; charset=utf-8
host: localhost:31190
accept: */*

Response DefaultHttpResponse(decodeResult: success, version: HTTP/1.1)
HTTP/1.1 200 OK
Content-Length: 114268
Content-Type: application/json; charset=utf-8
cache-control: no-cache

02:09:25.922 [AsyncHttpClient-1-2] DEBUG org.asynchttpclient.netty.channel.ChannelManager - Adding key: http://localhost:31190 for channel [id: 0xf0801b32, L:/127.0.0.1:60965 - R:localhost/127.0.0.1:31190]
02:09:25.929 [main] DEBUG net.serenitybdd.core.photography.Darkroom - Send negative for processing for target\site\serenity\8fe5bad04a93a7da9e3511717708a99e186c3658c4e11010d9ff19faed6d8531.png
02:09:25.930 [Darkroom Processing Line] DEBUG net.serenitybdd.core.photography.DarkroomProcessingLine - Processing screenshot image in /var/screenshots/screenshot-13859432264344818214
02:09:25.930 [Darkroom Processing Line] DEBUG net.serenitybdd.core.photography.DarkroomProcessingLine - Saving screenshot to target\site\serenity\8fe5bad04a93a7da9e3511717708a99e186c3658c4e11010d9ff19faed6d8531.png
02:09:25.945 [Forwarding getPageSource on session a3cdf92d9e47cd800ef914a49d38ea5e to remote] DEBUG org.asynchttpclient.netty.request.NettyRequestSender - Using pooled Channel '[id: 0xf0801b32, L:/127.0.0.1:60965 - R:localhost/127.0.0.1:31190]' for 'POST' to 'http://localhost:31190/session/a3cdf92d9e47cd800ef914a49d38ea5e/execute/sync'
02:09:25.945 [Forwarding getPageSource on session a3cdf92d9e47cd800ef914a49d38ea5e to remote] DEBUG org.asynchttpclient.netty.request.NettyRequestSender - Using open Channel [id: 0xf0801b32, L:/127.0.0.1:60965 - R:localhost/127.0.0.1:31190] for POST '/session/a3cdf92d9e47cd800ef914a49d38ea5e/execute/sync'
02:09:25.957 [AsyncHttpClient-1-2] DEBUG org.asynchttpclient.netty.handler.HttpHandler - 

Request DefaultHttpRequest(decodeResult: success, version: HTTP/1.1)
POST /session/a3cdf92d9e47cd800ef914a49d38ea5e/execute/sync HTTP/1.1
User-Agent: selenium/4.8.1 (java windows)
Content-Length: 176
Content-Type: application/json; charset=utf-8
host: localhost:31190
accept: */*

Response DefaultHttpResponse(decodeResult: success, version: HTTP/1.1)
HTTP/1.1 200 OK
Content-Length: 3427
Content-Type: application/json; charset=utf-8
cache-control: no-cache

02:09:25.958 [AsyncHttpClient-1-2] DEBUG org.asynchttpclient.netty.channel.ChannelManager - Adding key: http://localhost:31190 for channel [id: 0xf0801b32, L:/127.0.0.1:60965 - R:localhost/127.0.0.1:31190]
02:09:25.965 [Forwarding getCurrentUrl on session a3cdf92d9e47cd800ef914a49d38ea5e to remote] DEBUG org.asynchttpclient.netty.request.NettyRequestSender - Using pooled Channel '[id: 0xf0801b32, L:/127.0.0.1:60965 - R:localhost/127.0.0.1:31190]' for 'GET' to 'http://localhost:31190/session/a3cdf92d9e47cd800ef914a49d38ea5e/url'
02:09:25.965 [Forwarding getCurrentUrl on session a3cdf92d9e47cd800ef914a49d38ea5e to remote] DEBUG org.asynchttpclient.netty.request.NettyRequestSender - Using open Channel [id: 0xf0801b32, L:/127.0.0.1:60965 - R:localhost/127.0.0.1:31190] for GET '/session/a3cdf92d9e47cd800ef914a49d38ea5e/url'
02:09:25.978 [AsyncHttpClient-1-2] DEBUG org.asynchttpclient.netty.handler.HttpHandler - 

Request DefaultFullHttpRequest(decodeResult: success, version: HTTP/1.1, content: EmptyByteBufBE)
GET /session/a3cdf92d9e47cd800ef914a49d38ea5e/url HTTP/1.1
User-Agent: selenium/4.8.1 (java windows)
Cache-Control: no-cache
Content-Type: application/json; charset=utf-8
host: localhost:31190
accept: */*

Response DefaultHttpResponse(decodeResult: success, version: HTTP/1.1)
HTTP/1.1 200 OK
Content-Length: 56
Content-Type: application/json; charset=utf-8
cache-control: no-cache

02:09:25.979 [AsyncHttpClient-1-2] DEBUG org.asynchttpclient.netty.channel.ChannelManager - Adding key: http://localhost:31190 for channel [id: 0xf0801b32, L:/127.0.0.1:60965 - R:localhost/127.0.0.1:31190]
02:09:26.008 [Forwarding getAlertText on session a3cdf92d9e47cd800ef914a49d38ea5e to remote] DEBUG org.asynchttpclient.netty.request.NettyRequestSender - Using pooled Channel '[id: 0xf0801b32, L:/127.0.0.1:60965 - R:localhost/127.0.0.1:31190]' for 'GET' to 'http://localhost:31190/session/a3cdf92d9e47cd800ef914a49d38ea5e/alert/text'
02:09:26.008 [Forwarding getAlertText on session a3cdf92d9e47cd800ef914a49d38ea5e to remote] DEBUG org.asynchttpclient.netty.request.NettyRequestSender - Using open Channel [id: 0xf0801b32, L:/127.0.0.1:60965 - R:localhost/127.0.0.1:31190] for GET '/session/a3cdf92d9e47cd800ef914a49d38ea5e/alert/text'
02:09:26.013 [AsyncHttpClient-1-2] DEBUG org.asynchttpclient.netty.handler.HttpHandler - 

Request DefaultFullHttpRequest(decodeResult: success, version: HTTP/1.1, content: EmptyByteBufBE)
GET /session/a3cdf92d9e47cd800ef914a49d38ea5e/alert/text HTTP/1.1
User-Agent: selenium/4.8.1 (java windows)
Cache-Control: no-cache
Content-Type: application/json; charset=utf-8
host: localhost:31190
accept: */*

Response DefaultHttpResponse(decodeResult: success, version: HTTP/1.1)
HTTP/1.1 404 Not Found
Content-Length: 828
Content-Type: application/json; charset=utf-8
cache-control: no-cache

02:09:26.013 [AsyncHttpClient-1-2] DEBUG org.asynchttpclient.netty.channel.ChannelManager - Adding key: http://localhost:31190 for channel [id: 0xf0801b32, L:/127.0.0.1:60965 - R:localhost/127.0.0.1:31190]
02:09:26.017 [Forwarding getCurrentUrl on session a3cdf92d9e47cd800ef914a49d38ea5e to remote] DEBUG org.asynchttpclient.netty.request.NettyRequestSender - Using pooled Channel '[id: 0xf0801b32, L:/127.0.0.1:60965 - R:localhost/127.0.0.1:31190]' for 'GET' to 'http://localhost:31190/session/a3cdf92d9e47cd800ef914a49d38ea5e/url'
02:09:26.017 [Forwarding getCurrentUrl on session a3cdf92d9e47cd800ef914a49d38ea5e to remote] DEBUG org.asynchttpclient.netty.request.NettyRequestSender - Using open Channel [id: 0xf0801b32, L:/127.0.0.1:60965 - R:localhost/127.0.0.1:31190] for GET '/session/a3cdf92d9e47cd800ef914a49d38ea5e/url'
02:09:26.030 [AsyncHttpClient-1-2] DEBUG org.asynchttpclient.netty.handler.HttpHandler - 

Request DefaultFullHttpRequest(decodeResult: success, version: HTTP/1.1, content: EmptyByteBufBE)
GET /session/a3cdf92d9e47cd800ef914a49d38ea5e/url HTTP/1.1
User-Agent: selenium/4.8.1 (java windows)
Cache-Control: no-cache
Content-Type: application/json; charset=utf-8
host: localhost:31190
accept: */*

Response DefaultHttpResponse(decodeResult: success, version: HTTP/1.1)
HTTP/1.1 200 OK
Content-Length: 56
Content-Type: application/json; charset=utf-8
cache-control: no-cache

02:09:26.030 [AsyncHttpClient-1-2] DEBUG org.asynchttpclient.netty.channel.ChannelManager - Adding key: http://localhost:31190 for channel [id: 0xf0801b32, L:/127.0.0.1:60965 - R:localhost/127.0.0.1:31190]
02:09:26.033 [Forwarding screenshot on session a3cdf92d9e47cd800ef914a49d38ea5e to remote] DEBUG org.asynchttpclient.netty.request.NettyRequestSender - Using pooled Channel '[id: 0xf0801b32, L:/127.0.0.1:60965 - R:localhost/127.0.0.1:31190]' for 'GET' to 'http://localhost:31190/session/a3cdf92d9e47cd800ef914a49d38ea5e/screenshot'
02:09:26.033 [Forwarding screenshot on session a3cdf92d9e47cd800ef914a49d38ea5e to remote] DEBUG org.asynchttpclient.netty.request.NettyRequestSender - Using open Channel [id: 0xf0801b32, L:/127.0.0.1:60965 - R:localhost/127.0.0.1:31190] for GET '/session/a3cdf92d9e47cd800ef914a49d38ea5e/screenshot'
02:09:26.038 [AsyncHttpClient-1-1] DEBUG org.asynchttpclient.netty.channel.DefaultChannelPool - Entry count for : http://localhost:60966 : 1
02:09:26.378 [AsyncHttpClient-1-2] DEBUG org.asynchttpclient.netty.handler.HttpHandler - 

Request DefaultFullHttpRequest(decodeResult: success, version: HTTP/1.1, content: EmptyByteBufBE)
GET /session/a3cdf92d9e47cd800ef914a49d38ea5e/screenshot HTTP/1.1
User-Agent: selenium/4.8.1 (java windows)
Cache-Control: no-cache
Content-Type: application/json; charset=utf-8
host: localhost:31190
accept: */*

Response DefaultHttpResponse(decodeResult: success, version: HTTP/1.1)
HTTP/1.1 200 OK
Content-Length: 114268
Content-Type: application/json; charset=utf-8
cache-control: no-cache

02:09:26.379 [AsyncHttpClient-1-2] DEBUG org.asynchttpclient.netty.channel.ChannelManager - Adding key: http://localhost:31190 for channel [id: 0xf0801b32, L:/127.0.0.1:60965 - R:localhost/127.0.0.1:31190]
02:09:26.386 [main] DEBUG net.serenitybdd.core.photography.Darkroom - Send negative for processing for target\site\serenity\8fe5bad04a93a7da9e3511717708a99e186c3658c4e11010d9ff19faed6d8531.png
02:09:26.391 [Forwarding getPageSource on session a3cdf92d9e47cd800ef914a49d38ea5e to remote] DEBUG org.asynchttpclient.netty.request.NettyRequestSender - Using pooled Channel '[id: 0xf0801b32, L:/127.0.0.1:60965 - R:localhost/127.0.0.1:31190]' for 'POST' to 'http://localhost:31190/session/a3cdf92d9e47cd800ef914a49d38ea5e/execute/sync'
02:09:26.391 [Forwarding getPageSource on session a3cdf92d9e47cd800ef914a49d38ea5e to remote] DEBUG org.asynchttpclient.netty.request.NettyRequestSender - Using open Channel [id: 0xf0801b32, L:/127.0.0.1:60965 - R:localhost/127.0.0.1:31190] for POST '/session/a3cdf92d9e47cd800ef914a49d38ea5e/execute/sync'
02:09:26.402 [AsyncHttpClient-1-2] DEBUG org.asynchttpclient.netty.handler.HttpHandler - 

Request DefaultHttpRequest(decodeResult: success, version: HTTP/1.1)
POST /session/a3cdf92d9e47cd800ef914a49d38ea5e/execute/sync HTTP/1.1
User-Agent: selenium/4.8.1 (java windows)
Content-Length: 176
Content-Type: application/json; charset=utf-8
host: localhost:31190
accept: */*

Response DefaultHttpResponse(decodeResult: success, version: HTTP/1.1)
HTTP/1.1 200 OK
Content-Length: 3427
Content-Type: application/json; charset=utf-8
cache-control: no-cache

02:09:26.402 [AsyncHttpClient-1-2] DEBUG org.asynchttpclient.netty.channel.ChannelManager - Adding key: http://localhost:31190 for channel [id: 0xf0801b32, L:/127.0.0.1:60965 - R:localhost/127.0.0.1:31190]
02:09:26.409 [Forwarding getCurrentUrl on session a3cdf92d9e47cd800ef914a49d38ea5e to remote] DEBUG org.asynchttpclient.netty.request.NettyRequestSender - Using pooled Channel '[id: 0xf0801b32, L:/127.0.0.1:60965 - R:localhost/127.0.0.1:31190]' for 'GET' to 'http://localhost:31190/session/a3cdf92d9e47cd800ef914a49d38ea5e/url'
02:09:26.409 [Forwarding getCurrentUrl on session a3cdf92d9e47cd800ef914a49d38ea5e to remote] DEBUG org.asynchttpclient.netty.request.NettyRequestSender - Using open Channel [id: 0xf0801b32, L:/127.0.0.1:60965 - R:localhost/127.0.0.1:31190] for GET '/session/a3cdf92d9e47cd800ef914a49d38ea5e/url'
02:09:26.420 [AsyncHttpClient-1-2] DEBUG org.asynchttpclient.netty.handler.HttpHandler - 

Request DefaultFullHttpRequest(decodeResult: success, version: HTTP/1.1, content: EmptyByteBufBE)
GET /session/a3cdf92d9e47cd800ef914a49d38ea5e/url HTTP/1.1
User-Agent: selenium/4.8.1 (java windows)
Cache-Control: no-cache
Content-Type: application/json; charset=utf-8
host: localhost:31190
accept: */*

Response DefaultHttpResponse(decodeResult: success, version: HTTP/1.1)
HTTP/1.1 200 OK
Content-Length: 56
Content-Type: application/json; charset=utf-8
cache-control: no-cache

02:09:26.420 [AsyncHttpClient-1-2] DEBUG org.asynchttpclient.netty.channel.ChannelManager - Adding key: http://localhost:31190 for channel [id: 0xf0801b32, L:/127.0.0.1:60965 - R:localhost/127.0.0.1:31190]
02:09:26.425 [main] DEBUG net.thucydides.core.steps.StepInterceptor - STARTING STEP: LoginSteps.doClickSignInButton - clickSignInButton
02:09:26.436 [Forwarding findElement on session a3cdf92d9e47cd800ef914a49d38ea5e to remote] DEBUG org.asynchttpclient.netty.request.NettyRequestSender - Using pooled Channel '[id: 0xf0801b32, L:/127.0.0.1:60965 - R:localhost/127.0.0.1:31190]' for 'POST' to 'http://localhost:31190/session/a3cdf92d9e47cd800ef914a49d38ea5e/element'
02:09:26.436 [Forwarding findElement on session a3cdf92d9e47cd800ef914a49d38ea5e to remote] DEBUG org.asynchttpclient.netty.request.NettyRequestSender - Using open Channel [id: 0xf0801b32, L:/127.0.0.1:60965 - R:localhost/127.0.0.1:31190] for POST '/session/a3cdf92d9e47cd800ef914a49d38ea5e/element'
02:09:26.469 [AsyncHttpClient-1-2] DEBUG org.asynchttpclient.netty.handler.HttpHandler - 

Request DefaultHttpRequest(decodeResult: success, version: HTTP/1.1)
POST /session/a3cdf92d9e47cd800ef914a49d38ea5e/element HTTP/1.1
User-Agent: selenium/4.8.1 (java windows)
Content-Length: 237
Content-Type: application/json; charset=utf-8
host: localhost:31190
accept: */*

Response DefaultHttpResponse(decodeResult: success, version: HTTP/1.1)
HTTP/1.1 200 OK
Content-Length: 95
Content-Type: application/json; charset=utf-8
cache-control: no-cache

02:09:26.470 [AsyncHttpClient-1-2] DEBUG org.asynchttpclient.netty.channel.ChannelManager - Adding key: http://localhost:31190 for channel [id: 0xf0801b32, L:/127.0.0.1:60965 - R:localhost/127.0.0.1:31190]
02:09:26.473 [Forwarding getElementTagName on session a3cdf92d9e47cd800ef914a49d38ea5e to remote] DEBUG org.asynchttpclient.netty.request.NettyRequestSender - Using pooled Channel '[id: 0xf0801b32, L:/127.0.0.1:60965 - R:localhost/127.0.0.1:31190]' for 'GET' to 'http://localhost:31190/session/a3cdf92d9e47cd800ef914a49d38ea5e/element/4D8A1D98101501BADF67FBE2B8A27D0D_element_15/name'
02:09:26.474 [Forwarding getElementTagName on session a3cdf92d9e47cd800ef914a49d38ea5e to remote] DEBUG org.asynchttpclient.netty.request.NettyRequestSender - Using open Channel [id: 0xf0801b32, L:/127.0.0.1:60965 - R:localhost/127.0.0.1:31190] for GET '/session/a3cdf92d9e47cd800ef914a49d38ea5e/element/4D8A1D98101501BADF67FBE2B8A27D0D_element_15/name'
02:09:26.486 [AsyncHttpClient-1-2] DEBUG org.asynchttpclient.netty.handler.HttpHandler - 

Request DefaultFullHttpRequest(decodeResult: success, version: HTTP/1.1, content: EmptyByteBufBE)
GET /session/a3cdf92d9e47cd800ef914a49d38ea5e/element/4D8A1D98101501BADF67FBE2B8A27D0D_element_15/name HTTP/1.1
User-Agent: selenium/4.8.1 (java windows)
Cache-Control: no-cache
Content-Type: application/json; charset=utf-8
host: localhost:31190
accept: */*

Response DefaultHttpResponse(decodeResult: success, version: HTTP/1.1)
HTTP/1.1 200 OK
Content-Length: 18
Content-Type: application/json; charset=utf-8
cache-control: no-cache

02:09:26.486 [AsyncHttpClient-1-2] DEBUG org.asynchttpclient.netty.channel.ChannelManager - Adding key: http://localhost:31190 for channel [id: 0xf0801b32, L:/127.0.0.1:60965 - R:localhost/127.0.0.1:31190]
02:09:26.490 [Forwarding getElementTagName on session a3cdf92d9e47cd800ef914a49d38ea5e to remote] DEBUG org.asynchttpclient.netty.request.NettyRequestSender - Using pooled Channel '[id: 0xf0801b32, L:/127.0.0.1:60965 - R:localhost/127.0.0.1:31190]' for 'GET' to 'http://localhost:31190/session/a3cdf92d9e47cd800ef914a49d38ea5e/element/4D8A1D98101501BADF67FBE2B8A27D0D_element_15/name'
02:09:26.490 [Forwarding getElementTagName on session a3cdf92d9e47cd800ef914a49d38ea5e to remote] DEBUG org.asynchttpclient.netty.request.NettyRequestSender - Using open Channel [id: 0xf0801b32, L:/127.0.0.1:60965 - R:localhost/127.0.0.1:31190] for GET '/session/a3cdf92d9e47cd800ef914a49d38ea5e/element/4D8A1D98101501BADF67FBE2B8A27D0D_element_15/name'
02:09:26.503 [AsyncHttpClient-1-2] DEBUG org.asynchttpclient.netty.handler.HttpHandler - 

Request DefaultFullHttpRequest(decodeResult: success, version: HTTP/1.1, content: EmptyByteBufBE)
GET /session/a3cdf92d9e47cd800ef914a49d38ea5e/element/4D8A1D98101501BADF67FBE2B8A27D0D_element_15/name HTTP/1.1
User-Agent: selenium/4.8.1 (java windows)
Cache-Control: no-cache
Content-Type: application/json; charset=utf-8
host: localhost:31190
accept: */*

Response DefaultHttpResponse(decodeResult: success, version: HTTP/1.1)
HTTP/1.1 200 OK
Content-Length: 18
Content-Type: application/json; charset=utf-8
cache-control: no-cache

02:09:26.503 [AsyncHttpClient-1-2] DEBUG org.asynchttpclient.netty.channel.ChannelManager - Adding key: http://localhost:31190 for channel [id: 0xf0801b32, L:/127.0.0.1:60965 - R:localhost/127.0.0.1:31190]
02:09:26.509 [Forwarding isElementEnabled on session a3cdf92d9e47cd800ef914a49d38ea5e to remote] DEBUG org.asynchttpclient.netty.request.NettyRequestSender - Using pooled Channel '[id: 0xf0801b32, L:/127.0.0.1:60965 - R:localhost/127.0.0.1:31190]' for 'GET' to 'http://localhost:31190/session/a3cdf92d9e47cd800ef914a49d38ea5e/element/4D8A1D98101501BADF67FBE2B8A27D0D_element_15/enabled'
02:09:26.509 [Forwarding isElementEnabled on session a3cdf92d9e47cd800ef914a49d38ea5e to remote] DEBUG org.asynchttpclient.netty.request.NettyRequestSender - Using open Channel [id: 0xf0801b32, L:/127.0.0.1:60965 - R:localhost/127.0.0.1:31190] for GET '/session/a3cdf92d9e47cd800ef914a49d38ea5e/element/4D8A1D98101501BADF67FBE2B8A27D0D_element_15/enabled'
02:09:26.528 [AsyncHttpClient-1-2] DEBUG org.asynchttpclient.netty.handler.HttpHandler - 

Request DefaultFullHttpRequest(decodeResult: success, version: HTTP/1.1, content: EmptyByteBufBE)
GET /session/a3cdf92d9e47cd800ef914a49d38ea5e/element/4D8A1D98101501BADF67FBE2B8A27D0D_element_15/enabled HTTP/1.1
User-Agent: selenium/4.8.1 (java windows)
Cache-Control: no-cache
Content-Type: application/json; charset=utf-8
host: localhost:31190
accept: */*

Response DefaultHttpResponse(decodeResult: success, version: HTTP/1.1)
HTTP/1.1 200 OK
Content-Length: 14
Content-Type: application/json; charset=utf-8
cache-control: no-cache

02:09:26.529 [AsyncHttpClient-1-2] DEBUG org.asynchttpclient.netty.channel.ChannelManager - Adding key: http://localhost:31190 for channel [id: 0xf0801b32, L:/127.0.0.1:60965 - R:localhost/127.0.0.1:31190]
02:09:26.533 [Forwarding isElementEnabled on session a3cdf92d9e47cd800ef914a49d38ea5e to remote] DEBUG org.asynchttpclient.netty.request.NettyRequestSender - Using pooled Channel '[id: 0xf0801b32, L:/127.0.0.1:60965 - R:localhost/127.0.0.1:31190]' for 'GET' to 'http://localhost:31190/session/a3cdf92d9e47cd800ef914a49d38ea5e/element/4D8A1D98101501BADF67FBE2B8A27D0D_element_15/enabled'
02:09:26.533 [Forwarding isElementEnabled on session a3cdf92d9e47cd800ef914a49d38ea5e to remote] DEBUG org.asynchttpclient.netty.request.NettyRequestSender - Using open Channel [id: 0xf0801b32, L:/127.0.0.1:60965 - R:localhost/127.0.0.1:31190] for GET '/session/a3cdf92d9e47cd800ef914a49d38ea5e/element/4D8A1D98101501BADF67FBE2B8A27D0D_element_15/enabled'
02:09:26.548 [AsyncHttpClient-1-2] DEBUG org.asynchttpclient.netty.handler.HttpHandler - 

Request DefaultFullHttpRequest(decodeResult: success, version: HTTP/1.1, content: EmptyByteBufBE)
GET /session/a3cdf92d9e47cd800ef914a49d38ea5e/element/4D8A1D98101501BADF67FBE2B8A27D0D_element_15/enabled HTTP/1.1
User-Agent: selenium/4.8.1 (java windows)
Cache-Control: no-cache
Content-Type: application/json; charset=utf-8
host: localhost:31190
accept: */*

Response DefaultHttpResponse(decodeResult: success, version: HTTP/1.1)
HTTP/1.1 200 OK
Content-Length: 14
Content-Type: application/json; charset=utf-8
cache-control: no-cache

02:09:26.549 [AsyncHttpClient-1-2] DEBUG org.asynchttpclient.netty.channel.ChannelManager - Adding key: http://localhost:31190 for channel [id: 0xf0801b32, L:/127.0.0.1:60965 - R:localhost/127.0.0.1:31190]
02:09:26.555 [Forwarding findElement on session a3cdf92d9e47cd800ef914a49d38ea5e to remote] DEBUG org.asynchttpclient.netty.request.NettyRequestSender - Using pooled Channel '[id: 0xf0801b32, L:/127.0.0.1:60965 - R:localhost/127.0.0.1:31190]' for 'POST' to 'http://localhost:31190/session/a3cdf92d9e47cd800ef914a49d38ea5e/element'
02:09:26.555 [Forwarding findElement on session a3cdf92d9e47cd800ef914a49d38ea5e to remote] DEBUG org.asynchttpclient.netty.request.NettyRequestSender - Using open Channel [id: 0xf0801b32, L:/127.0.0.1:60965 - R:localhost/127.0.0.1:31190] for POST '/session/a3cdf92d9e47cd800ef914a49d38ea5e/element'
02:09:26.577 [AsyncHttpClient-1-2] DEBUG org.asynchttpclient.netty.handler.HttpHandler - 

Request DefaultHttpRequest(decodeResult: success, version: HTTP/1.1)
POST /session/a3cdf92d9e47cd800ef914a49d38ea5e/element HTTP/1.1
User-Agent: selenium/4.8.1 (java windows)
Content-Length: 237
Content-Type: application/json; charset=utf-8
host: localhost:31190
accept: */*

Response DefaultHttpResponse(decodeResult: success, version: HTTP/1.1)
HTTP/1.1 200 OK
Content-Length: 95
Content-Type: application/json; charset=utf-8
cache-control: no-cache

02:09:26.577 [AsyncHttpClient-1-2] DEBUG org.asynchttpclient.netty.channel.ChannelManager - Adding key: http://localhost:31190 for channel [id: 0xf0801b32, L:/127.0.0.1:60965 - R:localhost/127.0.0.1:31190]
02:09:26.580 [Forwarding clickElement on session a3cdf92d9e47cd800ef914a49d38ea5e to remote] DEBUG org.asynchttpclient.netty.request.NettyRequestSender - Using pooled Channel '[id: 0xf0801b32, L:/127.0.0.1:60965 - R:localhost/127.0.0.1:31190]' for 'POST' to 'http://localhost:31190/session/a3cdf92d9e47cd800ef914a49d38ea5e/element/4D8A1D98101501BADF67FBE2B8A27D0D_element_15/click'
02:09:26.580 [Forwarding clickElement on session a3cdf92d9e47cd800ef914a49d38ea5e to remote] DEBUG org.asynchttpclient.netty.request.NettyRequestSender - Using open Channel [id: 0xf0801b32, L:/127.0.0.1:60965 - R:localhost/127.0.0.1:31190] for POST '/session/a3cdf92d9e47cd800ef914a49d38ea5e/element/4D8A1D98101501BADF67FBE2B8A27D0D_element_15/click'
02:09:26.689 [AsyncHttpClient-1-2] DEBUG org.asynchttpclient.netty.handler.HttpHandler - 

Request DefaultHttpRequest(decodeResult: success, version: HTTP/1.1)
POST /session/a3cdf92d9e47cd800ef914a49d38ea5e/element/4D8A1D98101501BADF67FBE2B8A27D0D_element_15/click HTTP/1.1
User-Agent: selenium/4.8.1 (java windows)
Content-Length: 57
Content-Type: application/json; charset=utf-8
host: localhost:31190
accept: */*

Response DefaultHttpResponse(decodeResult: success, version: HTTP/1.1)
HTTP/1.1 200 OK
Content-Length: 14
Content-Type: application/json; charset=utf-8
cache-control: no-cache

02:09:26.689 [AsyncHttpClient-1-2] DEBUG org.asynchttpclient.netty.channel.ChannelManager - Adding key: http://localhost:31190 for channel [id: 0xf0801b32, L:/127.0.0.1:60965 - R:localhost/127.0.0.1:31190]
02:09:26.710 [Forwarding getAlertText on session a3cdf92d9e47cd800ef914a49d38ea5e to remote] DEBUG org.asynchttpclient.netty.request.NettyRequestSender - Using pooled Channel '[id: 0xf0801b32, L:/127.0.0.1:60965 - R:localhost/127.0.0.1:31190]' for 'GET' to 'http://localhost:31190/session/a3cdf92d9e47cd800ef914a49d38ea5e/alert/text'
02:09:26.710 [Forwarding getAlertText on session a3cdf92d9e47cd800ef914a49d38ea5e to remote] DEBUG org.asynchttpclient.netty.request.NettyRequestSender - Using open Channel [id: 0xf0801b32, L:/127.0.0.1:60965 - R:localhost/127.0.0.1:31190] for GET '/session/a3cdf92d9e47cd800ef914a49d38ea5e/alert/text'
02:09:26.715 [AsyncHttpClient-1-2] DEBUG org.asynchttpclient.netty.handler.HttpHandler - 

Request DefaultFullHttpRequest(decodeResult: success, version: HTTP/1.1, content: EmptyByteBufBE)
GET /session/a3cdf92d9e47cd800ef914a49d38ea5e/alert/text HTTP/1.1
User-Agent: selenium/4.8.1 (java windows)
Cache-Control: no-cache
Content-Type: application/json; charset=utf-8
host: localhost:31190
accept: */*

Response DefaultHttpResponse(decodeResult: success, version: HTTP/1.1)
HTTP/1.1 404 Not Found
Content-Length: 828
Content-Type: application/json; charset=utf-8
cache-control: no-cache

02:09:26.716 [AsyncHttpClient-1-2] DEBUG org.asynchttpclient.netty.channel.ChannelManager - Adding key: http://localhost:31190 for channel [id: 0xf0801b32, L:/127.0.0.1:60965 - R:localhost/127.0.0.1:31190]
02:09:26.721 [Forwarding getCurrentUrl on session a3cdf92d9e47cd800ef914a49d38ea5e to remote] DEBUG org.asynchttpclient.netty.request.NettyRequestSender - Using pooled Channel '[id: 0xf0801b32, L:/127.0.0.1:60965 - R:localhost/127.0.0.1:31190]' for 'GET' to 'http://localhost:31190/session/a3cdf92d9e47cd800ef914a49d38ea5e/url'
02:09:26.721 [Forwarding getCurrentUrl on session a3cdf92d9e47cd800ef914a49d38ea5e to remote] DEBUG org.asynchttpclient.netty.request.NettyRequestSender - Using open Channel [id: 0xf0801b32, L:/127.0.0.1:60965 - R:localhost/127.0.0.1:31190] for GET '/session/a3cdf92d9e47cd800ef914a49d38ea5e/url'
02:09:26.735 [AsyncHttpClient-1-2] DEBUG org.asynchttpclient.netty.handler.HttpHandler - 

Request DefaultFullHttpRequest(decodeResult: success, version: HTTP/1.1, content: EmptyByteBufBE)
GET /session/a3cdf92d9e47cd800ef914a49d38ea5e/url HTTP/1.1
User-Agent: selenium/4.8.1 (java windows)
Cache-Control: no-cache
Content-Type: application/json; charset=utf-8
host: localhost:31190
accept: */*

Response DefaultHttpResponse(decodeResult: success, version: HTTP/1.1)
HTTP/1.1 200 OK
Content-Length: 56
Content-Type: application/json; charset=utf-8
cache-control: no-cache

02:09:26.735 [AsyncHttpClient-1-2] DEBUG org.asynchttpclient.netty.channel.ChannelManager - Adding key: http://localhost:31190 for channel [id: 0xf0801b32, L:/127.0.0.1:60965 - R:localhost/127.0.0.1:31190]
02:09:26.738 [Forwarding screenshot on session a3cdf92d9e47cd800ef914a49d38ea5e to remote] DEBUG org.asynchttpclient.netty.request.NettyRequestSender - Using pooled Channel '[id: 0xf0801b32, L:/127.0.0.1:60965 - R:localhost/127.0.0.1:31190]' for 'GET' to 'http://localhost:31190/session/a3cdf92d9e47cd800ef914a49d38ea5e/screenshot'
02:09:26.739 [Forwarding screenshot on session a3cdf92d9e47cd800ef914a49d38ea5e to remote] DEBUG org.asynchttpclient.netty.request.NettyRequestSender - Using open Channel [id: 0xf0801b32, L:/127.0.0.1:60965 - R:localhost/127.0.0.1:31190] for GET '/session/a3cdf92d9e47cd800ef914a49d38ea5e/screenshot'
02:09:27.093 [AsyncHttpClient-1-2] DEBUG org.asynchttpclient.netty.handler.HttpHandler - 

Request DefaultFullHttpRequest(decodeResult: success, version: HTTP/1.1, content: EmptyByteBufBE)
GET /session/a3cdf92d9e47cd800ef914a49d38ea5e/screenshot HTTP/1.1
User-Agent: selenium/4.8.1 (java windows)
Cache-Control: no-cache
Content-Type: application/json; charset=utf-8
host: localhost:31190
accept: */*

Response DefaultHttpResponse(decodeResult: success, version: HTTP/1.1)
HTTP/1.1 200 OK
Content-Length: 114432
Content-Type: application/json; charset=utf-8
cache-control: no-cache

02:09:27.097 [AsyncHttpClient-1-2] DEBUG org.asynchttpclient.netty.channel.ChannelManager - Adding key: http://localhost:31190 for channel [id: 0xf0801b32, L:/127.0.0.1:60965 - R:localhost/127.0.0.1:31190]
02:09:27.105 [main] DEBUG net.serenitybdd.core.photography.Darkroom - Send negative for processing for target\site\serenity\383142280ed021ec352e1f525c1d48b60aa2ae559b6ca60a63a7a2bed00f3679.png
02:09:27.106 [Darkroom Processing Line] DEBUG net.serenitybdd.core.photography.DarkroomProcessingLine - Processing screenshot image in /var/screenshots/screenshot-9180781632168210231
02:09:27.106 [Darkroom Processing Line] DEBUG net.serenitybdd.core.photography.DarkroomProcessingLine - Saving screenshot to target\site\serenity\383142280ed021ec352e1f525c1d48b60aa2ae559b6ca60a63a7a2bed00f3679.png
02:09:27.111 [Forwarding getPageSource on session a3cdf92d9e47cd800ef914a49d38ea5e to remote] DEBUG org.asynchttpclient.netty.request.NettyRequestSender - Using pooled Channel '[id: 0xf0801b32, L:/127.0.0.1:60965 - R:localhost/127.0.0.1:31190]' for 'POST' to 'http://localhost:31190/session/a3cdf92d9e47cd800ef914a49d38ea5e/execute/sync'
02:09:27.111 [Forwarding getPageSource on session a3cdf92d9e47cd800ef914a49d38ea5e to remote] DEBUG org.asynchttpclient.netty.request.NettyRequestSender - Using open Channel [id: 0xf0801b32, L:/127.0.0.1:60965 - R:localhost/127.0.0.1:31190] for POST '/session/a3cdf92d9e47cd800ef914a49d38ea5e/execute/sync'
02:09:27.125 [AsyncHttpClient-1-2] DEBUG org.asynchttpclient.netty.handler.HttpHandler - 

Request DefaultHttpRequest(decodeResult: success, version: HTTP/1.1)
POST /session/a3cdf92d9e47cd800ef914a49d38ea5e/execute/sync HTTP/1.1
User-Agent: selenium/4.8.1 (java windows)
Content-Length: 176
Content-Type: application/json; charset=utf-8
host: localhost:31190
accept: */*

Response DefaultHttpResponse(decodeResult: success, version: HTTP/1.1)
HTTP/1.1 200 OK
Content-Length: 3444
Content-Type: application/json; charset=utf-8
cache-control: no-cache

02:09:27.125 [AsyncHttpClient-1-2] DEBUG org.asynchttpclient.netty.channel.ChannelManager - Adding key: http://localhost:31190 for channel [id: 0xf0801b32, L:/127.0.0.1:60965 - R:localhost/127.0.0.1:31190]
02:09:27.132 [Forwarding getCurrentUrl on session a3cdf92d9e47cd800ef914a49d38ea5e to remote] DEBUG org.asynchttpclient.netty.request.NettyRequestSender - Using pooled Channel '[id: 0xf0801b32, L:/127.0.0.1:60965 - R:localhost/127.0.0.1:31190]' for 'GET' to 'http://localhost:31190/session/a3cdf92d9e47cd800ef914a49d38ea5e/url'
02:09:27.132 [Forwarding getCurrentUrl on session a3cdf92d9e47cd800ef914a49d38ea5e to remote] DEBUG org.asynchttpclient.netty.request.NettyRequestSender - Using open Channel [id: 0xf0801b32, L:/127.0.0.1:60965 - R:localhost/127.0.0.1:31190] for GET '/session/a3cdf92d9e47cd800ef914a49d38ea5e/url'
02:09:27.139 [AsyncHttpClient-1-1] DEBUG org.asynchttpclient.netty.channel.DefaultChannelPool - Entry count for : http://localhost:60966 : 1
02:09:27.145 [AsyncHttpClient-1-2] DEBUG org.asynchttpclient.netty.handler.HttpHandler - 

Request DefaultFullHttpRequest(decodeResult: success, version: HTTP/1.1, content: EmptyByteBufBE)
GET /session/a3cdf92d9e47cd800ef914a49d38ea5e/url HTTP/1.1
User-Agent: selenium/4.8.1 (java windows)
Cache-Control: no-cache
Content-Type: application/json; charset=utf-8
host: localhost:31190
accept: */*

Response DefaultHttpResponse(decodeResult: success, version: HTTP/1.1)
HTTP/1.1 200 OK
Content-Length: 56
Content-Type: application/json; charset=utf-8
cache-control: no-cache

02:09:27.145 [AsyncHttpClient-1-2] DEBUG org.asynchttpclient.netty.channel.ChannelManager - Adding key: http://localhost:31190 for channel [id: 0xf0801b32, L:/127.0.0.1:60965 - R:localhost/127.0.0.1:31190]
02:09:27.166 [Forwarding getAlertText on session a3cdf92d9e47cd800ef914a49d38ea5e to remote] DEBUG org.asynchttpclient.netty.request.NettyRequestSender - Using pooled Channel '[id: 0xf0801b32, L:/127.0.0.1:60965 - R:localhost/127.0.0.1:31190]' for 'GET' to 'http://localhost:31190/session/a3cdf92d9e47cd800ef914a49d38ea5e/alert/text'
02:09:27.166 [Forwarding getAlertText on session a3cdf92d9e47cd800ef914a49d38ea5e to remote] DEBUG org.asynchttpclient.netty.request.NettyRequestSender - Using open Channel [id: 0xf0801b32, L:/127.0.0.1:60965 - R:localhost/127.0.0.1:31190] for GET '/session/a3cdf92d9e47cd800ef914a49d38ea5e/alert/text'
02:09:27.170 [AsyncHttpClient-1-2] DEBUG org.asynchttpclient.netty.handler.HttpHandler - 

Request DefaultFullHttpRequest(decodeResult: success, version: HTTP/1.1, content: EmptyByteBufBE)
GET /session/a3cdf92d9e47cd800ef914a49d38ea5e/alert/text HTTP/1.1
User-Agent: selenium/4.8.1 (java windows)
Cache-Control: no-cache
Content-Type: application/json; charset=utf-8
host: localhost:31190
accept: */*

Response DefaultHttpResponse(decodeResult: success, version: HTTP/1.1)
HTTP/1.1 404 Not Found
Content-Length: 828
Content-Type: application/json; charset=utf-8
cache-control: no-cache

02:09:27.170 [AsyncHttpClient-1-2] DEBUG org.asynchttpclient.netty.channel.ChannelManager - Adding key: http://localhost:31190 for channel [id: 0xf0801b32, L:/127.0.0.1:60965 - R:localhost/127.0.0.1:31190]
02:09:27.175 [Forwarding getCurrentUrl on session a3cdf92d9e47cd800ef914a49d38ea5e to remote] DEBUG org.asynchttpclient.netty.request.NettyRequestSender - Using pooled Channel '[id: 0xf0801b32, L:/127.0.0.1:60965 - R:localhost/127.0.0.1:31190]' for 'GET' to 'http://localhost:31190/session/a3cdf92d9e47cd800ef914a49d38ea5e/url'
02:09:27.175 [Forwarding getCurrentUrl on session a3cdf92d9e47cd800ef914a49d38ea5e to remote] DEBUG org.asynchttpclient.netty.request.NettyRequestSender - Using open Channel [id: 0xf0801b32, L:/127.0.0.1:60965 - R:localhost/127.0.0.1:31190] for GET '/session/a3cdf92d9e47cd800ef914a49d38ea5e/url'
02:09:27.189 [AsyncHttpClient-1-2] DEBUG org.asynchttpclient.netty.handler.HttpHandler - 

Request DefaultFullHttpRequest(decodeResult: success, version: HTTP/1.1, content: EmptyByteBufBE)
GET /session/a3cdf92d9e47cd800ef914a49d38ea5e/url HTTP/1.1
User-Agent: selenium/4.8.1 (java windows)
Cache-Control: no-cache
Content-Type: application/json; charset=utf-8
host: localhost:31190
accept: */*

Response DefaultHttpResponse(decodeResult: success, version: HTTP/1.1)
HTTP/1.1 200 OK
Content-Length: 56
Content-Type: application/json; charset=utf-8
cache-control: no-cache

02:09:27.189 [AsyncHttpClient-1-2] DEBUG org.asynchttpclient.netty.channel.ChannelManager - Adding key: http://localhost:31190 for channel [id: 0xf0801b32, L:/127.0.0.1:60965 - R:localhost/127.0.0.1:31190]
02:09:27.192 [Forwarding screenshot on session a3cdf92d9e47cd800ef914a49d38ea5e to remote] DEBUG org.asynchttpclient.netty.request.NettyRequestSender - Using pooled Channel '[id: 0xf0801b32, L:/127.0.0.1:60965 - R:localhost/127.0.0.1:31190]' for 'GET' to 'http://localhost:31190/session/a3cdf92d9e47cd800ef914a49d38ea5e/screenshot'
02:09:27.192 [Forwarding screenshot on session a3cdf92d9e47cd800ef914a49d38ea5e to remote] DEBUG org.asynchttpclient.netty.request.NettyRequestSender - Using open Channel [id: 0xf0801b32, L:/127.0.0.1:60965 - R:localhost/127.0.0.1:31190] for GET '/session/a3cdf92d9e47cd800ef914a49d38ea5e/screenshot'
02:09:27.514 [AsyncHttpClient-1-2] DEBUG org.asynchttpclient.netty.handler.HttpHandler - 

Request DefaultFullHttpRequest(decodeResult: success, version: HTTP/1.1, content: EmptyByteBufBE)
GET /session/a3cdf92d9e47cd800ef914a49d38ea5e/screenshot HTTP/1.1
User-Agent: selenium/4.8.1 (java windows)
Cache-Control: no-cache
Content-Type: application/json; charset=utf-8
host: localhost:31190
accept: */*

Response DefaultHttpResponse(decodeResult: success, version: HTTP/1.1)
HTTP/1.1 200 OK
Content-Length: 114436
Content-Type: application/json; charset=utf-8
cache-control: no-cache

02:09:27.517 [AsyncHttpClient-1-2] DEBUG org.asynchttpclient.netty.channel.ChannelManager - Adding key: http://localhost:31190 for channel [id: 0xf0801b32, L:/127.0.0.1:60965 - R:localhost/127.0.0.1:31190]
02:09:27.524 [main] DEBUG net.serenitybdd.core.photography.Darkroom - Send negative for processing for target\site\serenity\c179d7bf8dee180693b03b63cc8aa8fc781947dd954a8f8dfbefe0d08622cc89.png
02:09:27.525 [Darkroom Processing Line] DEBUG net.serenitybdd.core.photography.DarkroomProcessingLine - Processing screenshot image in /var/screenshots/screenshot-1306426683864957778
02:09:27.525 [main] DEBUG net.thucydides.core.steps.StepInterceptor - STEP DONE: clickSignInButton
02:09:27.525 [Darkroom Processing Line] DEBUG net.serenitybdd.core.photography.DarkroomProcessingLine - Saving screenshot to target\site\serenity\c179d7bf8dee180693b03b63cc8aa8fc781947dd954a8f8dfbefe0d08622cc89.png
  &amp#27;[32mAnd &amp#27;[0m&amp#27;[32mI click sign in button&amp#27;[0m                      &amp#27;[90m# starter.stepdefinitions.LoginSteps.doClickSignInButton()&amp#27;[0m
02:09:27.552 [Forwarding getPageSource on session a3cdf92d9e47cd800ef914a49d38ea5e to remote] DEBUG org.asynchttpclient.netty.request.NettyRequestSender - Using pooled Channel '[id: 0xf0801b32, L:/127.0.0.1:60965 - R:localhost/127.0.0.1:31190]' for 'POST' to 'http://localhost:31190/session/a3cdf92d9e47cd800ef914a49d38ea5e/execute/sync'
02:09:27.552 [Forwarding getPageSource on session a3cdf92d9e47cd800ef914a49d38ea5e to remote] DEBUG org.asynchttpclient.netty.request.NettyRequestSender - Using open Channel [id: 0xf0801b32, L:/127.0.0.1:60965 - R:localhost/127.0.0.1:31190] for POST '/session/a3cdf92d9e47cd800ef914a49d38ea5e/execute/sync'
02:09:27.564 [AsyncHttpClient-1-2] DEBUG org.asynchttpclient.netty.handler.HttpHandler - 

Request DefaultHttpRequest(decodeResult: success, version: HTTP/1.1)
POST /session/a3cdf92d9e47cd800ef914a49d38ea5e/execute/sync HTTP/1.1
User-Agent: selenium/4.8.1 (java windows)
Content-Length: 176
Content-Type: application/json; charset=utf-8
host: localhost:31190
accept: */*

Response DefaultHttpResponse(decodeResult: success, version: HTTP/1.1)
HTTP/1.1 200 OK
Content-Length: 3444
Content-Type: application/json; charset=utf-8
cache-control: no-cache

02:09:27.564 [AsyncHttpClient-1-2] DEBUG org.asynchttpclient.netty.channel.ChannelManager - Adding key: http://localhost:31190 for channel [id: 0xf0801b32, L:/127.0.0.1:60965 - R:localhost/127.0.0.1:31190]
02:09:27.569 [Forwarding getCurrentUrl on session a3cdf92d9e47cd800ef914a49d38ea5e to remote] DEBUG org.asynchttpclient.netty.request.NettyRequestSender - Using pooled Channel '[id: 0xf0801b32, L:/127.0.0.1:60965 - R:localhost/127.0.0.1:31190]' for 'GET' to 'http://localhost:31190/session/a3cdf92d9e47cd800ef914a49d38ea5e/url'
02:09:27.570 [Forwarding getCurrentUrl on session a3cdf92d9e47cd800ef914a49d38ea5e to remote] DEBUG org.asynchttpclient.netty.request.NettyRequestSender - Using open Channel [id: 0xf0801b32, L:/127.0.0.1:60965 - R:localhost/127.0.0.1:31190] for GET '/session/a3cdf92d9e47cd800ef914a49d38ea5e/url'
02:09:27.581 [AsyncHttpClient-1-2] DEBUG org.asynchttpclient.netty.handler.HttpHandler - 

Request DefaultFullHttpRequest(decodeResult: success, version: HTTP/1.1, content: EmptyByteBufBE)
GET /session/a3cdf92d9e47cd800ef914a49d38ea5e/url HTTP/1.1
User-Agent: selenium/4.8.1 (java windows)
Cache-Control: no-cache
Content-Type: application/json; charset=utf-8
host: localhost:31190
accept: */*

Response DefaultHttpResponse(decodeResult: success, version: HTTP/1.1)
HTTP/1.1 200 OK
Content-Length: 56
Content-Type: application/json; charset=utf-8
cache-control: no-cache

02:09:27.582 [AsyncHttpClient-1-2] DEBUG org.asynchttpclient.netty.channel.ChannelManager - Adding key: http://localhost:31190 for channel [id: 0xf0801b32, L:/127.0.0.1:60965 - R:localhost/127.0.0.1:31190]
02:09:27.591 [Forwarding findElement on session a3cdf92d9e47cd800ef914a49d38ea5e to remote] DEBUG org.asynchttpclient.netty.request.NettyRequestSender - Using pooled Channel '[id: 0xf0801b32, L:/127.0.0.1:60965 - R:localhost/127.0.0.1:31190]' for 'POST' to 'http://localhost:31190/session/a3cdf92d9e47cd800ef914a49d38ea5e/element'
02:09:27.592 [Forwarding findElement on session a3cdf92d9e47cd800ef914a49d38ea5e to remote] DEBUG org.asynchttpclient.netty.request.NettyRequestSender - Using open Channel [id: 0xf0801b32, L:/127.0.0.1:60965 - R:localhost/127.0.0.1:31190] for POST '/session/a3cdf92d9e47cd800ef914a49d38ea5e/element'
02:09:28.242 [AsyncHttpClient-1-1] DEBUG org.asynchttpclient.netty.channel.DefaultChannelPool - Entry count for : http://localhost:60966 : 1
02:09:28.991 [AsyncHttpClient-1-2] DEBUG org.asynchttpclient.netty.handler.HttpHandler - 

Request DefaultHttpRequest(decodeResult: success, version: HTTP/1.1)
POST /session/a3cdf92d9e47cd800ef914a49d38ea5e/element HTTP/1.1
User-Agent: selenium/4.8.1 (java windows)
Content-Length: 81
Content-Type: application/json; charset=utf-8
host: localhost:31190
accept: */*

Response DefaultHttpResponse(decodeResult: success, version: HTTP/1.1)
HTTP/1.1 200 OK
Content-Length: 95
Content-Type: application/json; charset=utf-8
cache-control: no-cache

02:09:28.991 [AsyncHttpClient-1-2] DEBUG org.asynchttpclient.netty.channel.ChannelManager - Adding key: http://localhost:31190 for channel [id: 0xf0801b32, L:/127.0.0.1:60965 - R:localhost/127.0.0.1:31190]
02:09:29.011 [Forwarding isElementDisplayed on session a3cdf92d9e47cd800ef914a49d38ea5e to remote] DEBUG org.asynchttpclient.netty.request.NettyRequestSender - Using pooled Channel '[id: 0xf0801b32, L:/127.0.0.1:60965 - R:localhost/127.0.0.1:31190]' for 'POST' to 'http://localhost:31190/session/a3cdf92d9e47cd800ef914a49d38ea5e/execute/sync'
02:09:29.011 [Forwarding isElementDisplayed on session a3cdf92d9e47cd800ef914a49d38ea5e to remote] DEBUG org.asynchttpclient.netty.request.NettyRequestSender - Using open Channel [id: 0xf0801b32, L:/127.0.0.1:60965 - R:localhost/127.0.0.1:31190] for POST '/session/a3cdf92d9e47cd800ef914a49d38ea5e/execute/sync'
02:09:29.051 [AsyncHttpClient-1-2] DEBUG org.asynchttpclient.netty.handler.HttpHandler - 

Request DefaultHttpRequest(decodeResult: success, version: HTTP/1.1)
POST /session/a3cdf92d9e47cd800ef914a49d38ea5e/execute/sync HTTP/1.1
User-Agent: selenium/4.8.1 (java windows)
Content-Length: 48814
Content-Type: application/json; charset=utf-8
host: localhost:31190
accept: */*

Response DefaultHttpResponse(decodeResult: success, version: HTTP/1.1)
HTTP/1.1 200 OK
Content-Length: 14
Content-Type: application/json; charset=utf-8
cache-control: no-cache

02:09:29.052 [AsyncHttpClient-1-2] DEBUG org.asynchttpclient.netty.channel.ChannelManager - Adding key: http://localhost:31190 for channel [id: 0xf0801b32, L:/127.0.0.1:60965 - R:localhost/127.0.0.1:31190]
  &amp#27;[32mThen &amp#27;[0m&amp#27;[32mI am on the dashboard&amp#27;[0m                      &amp#27;[90m# starter.stepdefinitions.LoginSteps.onTheHomePage()&amp#27;[0m
02:09:29.070 [Forwarding getAlertText on session a3cdf92d9e47cd800ef914a49d38ea5e to remote] DEBUG org.asynchttpclient.netty.request.NettyRequestSender - Using pooled Channel '[id: 0xf0801b32, L:/127.0.0.1:60965 - R:localhost/127.0.0.1:31190]' for 'GET' to 'http://localhost:31190/session/a3cdf92d9e47cd800ef914a49d38ea5e/alert/text'
02:09:29.070 [Forwarding getAlertText on session a3cdf92d9e47cd800ef914a49d38ea5e to remote] DEBUG org.asynchttpclient.netty.request.NettyRequestSender - Using open Channel [id: 0xf0801b32, L:/127.0.0.1:60965 - R:localhost/127.0.0.1:31190] for GET '/session/a3cdf92d9e47cd800ef914a49d38ea5e/alert/text'
02:09:29.074 [AsyncHttpClient-1-2] DEBUG org.asynchttpclient.netty.handler.HttpHandler - 

Request DefaultFullHttpRequest(decodeResult: success, version: HTTP/1.1, content: EmptyByteBufBE)
GET /session/a3cdf92d9e47cd800ef914a49d38ea5e/alert/text HTTP/1.1
User-Agent: selenium/4.8.1 (java windows)
Cache-Control: no-cache
Content-Type: application/json; charset=utf-8
host: localhost:31190
accept: */*

Response DefaultHttpResponse(decodeResult: success, version: HTTP/1.1)
HTTP/1.1 404 Not Found
Content-Length: 828
Content-Type: application/json; charset=utf-8
cache-control: no-cache

02:09:29.075 [AsyncHttpClient-1-2] DEBUG org.asynchttpclient.netty.channel.ChannelManager - Adding key: http://localhost:31190 for channel [id: 0xf0801b32, L:/127.0.0.1:60965 - R:localhost/127.0.0.1:31190]
02:09:29.079 [Forwarding getCurrentUrl on session a3cdf92d9e47cd800ef914a49d38ea5e to remote] DEBUG org.asynchttpclient.netty.request.NettyRequestSender - Using pooled Channel '[id: 0xf0801b32, L:/127.0.0.1:60965 - R:localhost/127.0.0.1:31190]' for 'GET' to 'http://localhost:31190/session/a3cdf92d9e47cd800ef914a49d38ea5e/url'
02:09:29.079 [Forwarding getCurrentUrl on session a3cdf92d9e47cd800ef914a49d38ea5e to remote] DEBUG org.asynchttpclient.netty.request.NettyRequestSender - Using open Channel [id: 0xf0801b32, L:/127.0.0.1:60965 - R:localhost/127.0.0.1:31190] for GET '/session/a3cdf92d9e47cd800ef914a49d38ea5e/url'
02:09:29.091 [AsyncHttpClient-1-2] DEBUG org.asynchttpclient.netty.handler.HttpHandler - 

Request DefaultFullHttpRequest(decodeResult: success, version: HTTP/1.1, content: EmptyByteBufBE)
GET /session/a3cdf92d9e47cd800ef914a49d38ea5e/url HTTP/1.1
User-Agent: selenium/4.8.1 (java windows)
Cache-Control: no-cache
Content-Type: application/json; charset=utf-8
host: localhost:31190
accept: */*

Response DefaultHttpResponse(decodeResult: success, version: HTTP/1.1)
HTTP/1.1 200 OK
Content-Length: 60
Content-Type: application/json; charset=utf-8
cache-control: no-cache

02:09:29.091 [AsyncHttpClient-1-2] DEBUG org.asynchttpclient.netty.channel.ChannelManager - Adding key: http://localhost:31190 for channel [id: 0xf0801b32, L:/127.0.0.1:60965 - R:localhost/127.0.0.1:31190]
02:09:29.095 [Forwarding screenshot on session a3cdf92d9e47cd800ef914a49d38ea5e to remote] DEBUG org.asynchttpclient.netty.request.NettyRequestSender - Using pooled Channel '[id: 0xf0801b32, L:/127.0.0.1:60965 - R:localhost/127.0.0.1:31190]' for 'GET' to 'http://localhost:31190/session/a3cdf92d9e47cd800ef914a49d38ea5e/screenshot'
02:09:29.095 [Forwarding screenshot on session a3cdf92d9e47cd800ef914a49d38ea5e to remote] DEBUG org.asynchttpclient.netty.request.NettyRequestSender - Using open Channel [id: 0xf0801b32, L:/127.0.0.1:60965 - R:localhost/127.0.0.1:31190] for GET '/session/a3cdf92d9e47cd800ef914a49d38ea5e/screenshot'
02:09:29.341 [AsyncHttpClient-1-1] DEBUG org.asynchttpclient.netty.channel.DefaultChannelPool - Entry count for : http://localhost:60966 : 1
02:09:29.377 [AsyncHttpClient-1-2] DEBUG org.asynchttpclient.netty.handler.HttpHandler - 

Request DefaultFullHttpRequest(decodeResult: success, version: HTTP/1.1, content: EmptyByteBufBE)
GET /session/a3cdf92d9e47cd800ef914a49d38ea5e/screenshot HTTP/1.1
User-Agent: selenium/4.8.1 (java windows)
Cache-Control: no-cache
Content-Type: application/json; charset=utf-8
host: localhost:31190
accept: */*

Response DefaultHttpResponse(decodeResult: success, version: HTTP/1.1)
HTTP/1.1 200 OK
Content-Length: 114440
Content-Type: application/json; charset=utf-8
cache-control: no-cache

02:09:29.379 [AsyncHttpClient-1-2] DEBUG org.asynchttpclient.netty.channel.ChannelManager - Adding key: http://localhost:31190 for channel [id: 0xf0801b32, L:/127.0.0.1:60965 - R:localhost/127.0.0.1:31190]
02:09:29.385 [main] DEBUG net.serenitybdd.core.photography.Darkroom - Send negative for processing for target\site\serenity\3ddca5bafce94709ad785b93628e9c5a2767780955f25a407621f0537f6ef296.png
02:09:29.386 [Darkroom Processing Line] DEBUG net.serenitybdd.core.photography.DarkroomProcessingLine - Processing screenshot image in /var/screenshots/screenshot-13001613053855485052
02:09:29.387 [Darkroom Processing Line] DEBUG net.serenitybdd.core.photography.DarkroomProcessingLine - Saving screenshot to target\site\serenity\3ddca5bafce94709ad785b93628e9c5a2767780955f25a407621f0537f6ef296.png
02:09:29.399 [main] INFO  - 
  _____   ___   ___   _____     ___     _     ___   ___   ___   ___  
 |_   _| | __| / __| |_   _|   | _ \   /_\   / __| / __| | __| |   \ 
   | |   | _|  \__ \   | |     |  _/  / _ \  \__ \ \__ \ | _|  | |) |
   |_|   |___| |___/   |_|     |_|   /_/ \_\ |___/ |___/ |___| |___/ 

As Admin, I Login With Valid Credential
----------------------------------------------------------------------
02:09:29.549 [Driver Command Executor] DEBUG org.asynchttpclient.netty.request.NettyRequestSender - Using pooled Channel '[id: 0xf0801b32, L:/127.0.0.1:60965 - R:localhost/127.0.0.1:31190]' for 'DELETE' to 'http://localhost:31190/session/a3cdf92d9e47cd800ef914a49d38ea5e'
02:09:29.549 [Driver Command Executor] DEBUG org.asynchttpclient.netty.request.NettyRequestSender - Using open Channel [id: 0xf0801b32, L:/127.0.0.1:60965 - R:localhost/127.0.0.1:31190] for DELETE '/session/a3cdf92d9e47cd800ef914a49d38ea5e'
02:09:29.756 [AsyncHttpClient-1-3] DEBUG org.asynchttpclient.netty.handler.HttpHandler - Unexpected I/O exception on channel [id: 0x6a903cdb, L:/127.0.0.1:60973 - R:localhost/127.0.0.1:60966]
java.io.IOException: An existing connection was forcibly closed by the remote host
	at java.base/sun.nio.ch.SocketDispatcher.read0(Native Method)
	at java.base/sun.nio.ch.SocketDispatcher.read(SocketDispatcher.java:43)
	at java.base/sun.nio.ch.IOUtil.readIntoNativeBuffer(IOUtil.java:276)
	at java.base/sun.nio.ch.IOUtil.read(IOUtil.java:233)
	at java.base/sun.nio.ch.IOUtil.read(IOUtil.java:223)
	at java.base/sun.nio.ch.SocketChannelImpl.read(SocketChannelImpl.java:356)
	at io.netty.buffer.PooledByteBuf.setBytes(PooledByteBuf.java:259)
	at io.netty.buffer.AbstractByteBuf.writeBytes(AbstractByteBuf.java:1132)
	at io.netty.channel.socket.nio.NioSocketChannel.doReadBytes(NioSocketChannel.java:357)
	at io.netty.channel.nio.AbstractNioByteChannel$NioByteUnsafe.read(AbstractNioByteChannel.java:151)
	at io.netty.channel.nio.NioEventLoop.processSelectedKey(NioEventLoop.java:788)
	at io.netty.channel.nio.NioEventLoop.processSelectedKeysOptimized(NioEventLoop.java:724)
	at io.netty.channel.nio.NioEventLoop.processSelectedKeys(NioEventLoop.java:650)
	at io.netty.channel.nio.NioEventLoop.run(NioEventLoop.java:562)
	at io.netty.util.concurrent.SingleThreadEventExecutor$4.run(SingleThreadEventExecutor.java:997)
	at io.netty.util.internal.ThreadExecutorMap$2.run(ThreadExecutorMap.java:74)
	at io.netty.util.concurrent.FastThreadLocalRunnable.run(FastThreadLocalRunnable.java:30)
	at java.base/java.lang.Thread.run(Thread.java:829)
02:09:29.756 [AsyncHttpClient-1-3] DEBUG org.asynchttpclient.netty.channel.ChannelManager - Closing Channel [id: 0x6a903cdb, L:/127.0.0.1:60973 - R:localhost/127.0.0.1:60966] 
02:09:29.756 [AsyncHttpClient-1-4] DEBUG org.asynchttpclient.netty.handler.WebSocketHandler - Unexpected I/O exception on channel [id: 0x985619f4, L:/127.0.0.1:60974 - R:localhost/127.0.0.1:60966]
java.io.IOException: An existing connection was forcibly closed by the remote host
	at java.base/sun.nio.ch.SocketDispatcher.read0(Native Method)
	at java.base/sun.nio.ch.SocketDispatcher.read(SocketDispatcher.java:43)
	at java.base/sun.nio.ch.IOUtil.readIntoNativeBuffer(IOUtil.java:276)
	at java.base/sun.nio.ch.IOUtil.read(IOUtil.java:233)
	at java.base/sun.nio.ch.IOUtil.read(IOUtil.java:223)
	at java.base/sun.nio.ch.SocketChannelImpl.read(SocketChannelImpl.java:356)
	at io.netty.buffer.PooledByteBuf.setBytes(PooledByteBuf.java:259)
	at io.netty.buffer.AbstractByteBuf.writeBytes(AbstractByteBuf.java:1132)
	at io.netty.channel.socket.nio.NioSocketChannel.doReadBytes(NioSocketChannel.java:357)
	at io.netty.channel.nio.AbstractNioByteChannel$NioByteUnsafe.read(AbstractNioByteChannel.java:151)
	at io.netty.channel.nio.NioEventLoop.processSelectedKey(NioEventLoop.java:788)
	at io.netty.channel.nio.NioEventLoop.processSelectedKeysOptimized(NioEventLoop.java:724)
	at io.netty.channel.nio.NioEventLoop.processSelectedKeys(NioEventLoop.java:650)
	at io.netty.channel.nio.NioEventLoop.run(NioEventLoop.java:562)
	at io.netty.util.concurrent.SingleThreadEventExecutor$4.run(SingleThreadEventExecutor.java:997)
	at io.netty.util.internal.ThreadExecutorMap$2.run(ThreadExecutorMap.java:74)
	at io.netty.util.concurrent.FastThreadLocalRunnable.run(FastThreadLocalRunnable.java:30)
	at java.base/java.lang.Thread.run(Thread.java:829)
02:09:29.758 [AsyncHttpClient-1-4] DEBUG org.asynchttpclient.netty.handler.WebSocketHandler - Trying to recover from dead Channel: [id: 0x985619f4, L:/127.0.0.1:60974 - R:localhost/127.0.0.1:60966]
02:09:29.760 [AsyncHttpClient-1-4] DEBUG org.asynchttpclient.netty.handler.WebSocketHandler - Channel Closed: [id: 0x985619f4, L:/127.0.0.1:60974 ! R:localhost/127.0.0.1:60966] with attribute NettyResponseFuture{currentRetry=0,
	isDone=1,
	isCancelled=0,
	asyncHandler=org.asynchttpclient.ws.WebSocketUpgradeHandler@47fdda03,
	nettyRequest=org.asynchttpclient.netty.request.NettyRequest@2fe2866a,
	future=java.util.concurrent.CompletableFuture@4e754d45[Completed normally],
	uri=ws://localhost:60966/devtools/browser/1a728357-f8be-43dd-b577-36e925c6f9ff,
	keepAlive=true,
	redirectCount=0,
	timeoutsHolder=null,
	inAuth=0,
	touch=1687201769757}
02:09:29.761 [AsyncHttpClient-1-4] DEBUG org.asynchttpclient.netty.channel.ChannelManager - Closing Channel [id: 0x985619f4, L:/127.0.0.1:60974 ! R:localhost/127.0.0.1:60966] 
02:09:29.762 [AsyncHttpClient-1-3] DEBUG org.asynchttpclient.netty.handler.HttpHandler - Channel Closed: [id: 0x6a903cdb, L:/127.0.0.1:60973 ! R:localhost/127.0.0.1:60966] with attribute DISCARD
02:09:30.000 [AsyncHttpClient-1-2] DEBUG org.asynchttpclient.netty.handler.HttpHandler - 

Request DefaultFullHttpRequest(decodeResult: success, version: HTTP/1.1, content: EmptyByteBufBE)
DELETE /session/a3cdf92d9e47cd800ef914a49d38ea5e HTTP/1.1
User-Agent: selenium/4.8.1 (java windows)
Content-Type: application/json; charset=utf-8
host: localhost:31190
accept: */*

Response DefaultHttpResponse(decodeResult: success, version: HTTP/1.1)
HTTP/1.1 200 OK
Content-Length: 14
Content-Type: application/json; charset=utf-8
cache-control: no-cache

02:09:30.001 [AsyncHttpClient-1-2] DEBUG org.asynchttpclient.netty.channel.ChannelManager - Adding key: http://localhost:31190 for channel [id: 0xf0801b32, L:/127.0.0.1:60965 - R:localhost/127.0.0.1:31190]
02:09:30.212 [AsyncHttpClient-1-2] DEBUG org.asynchttpclient.netty.handler.HttpHandler - Channel Closed: [id: 0xf0801b32, L:/127.0.0.1:60965 ! R:localhost/127.0.0.1:31190] with attribute DISCARD
02:09:30.432 [AsyncHttpClient-1-1] DEBUG org.asynchttpclient.netty.channel.DefaultChannelPool - Entry count for : http://localhost:31190 : 1
02:09:30.432 [AsyncHttpClient-1-1] DEBUG org.asynchttpclient.netty.channel.DefaultChannelPool - Entry count for : http://localhost:60966 : 1
02:09:30.433 [AsyncHttpClient-1-1] DEBUG org.asynchttpclient.netty.channel.DefaultChannelPool - Adding Candidate expired Channel [id: 0xf0801b32, L:/127.0.0.1:60965 ! R:localhost/127.0.0.1:31190] isIdleTimeoutExpired=false isRemotelyClosed=true isTtlExpired=false
02:09:30.433 [AsyncHttpClient-1-1] DEBUG org.asynchttpclient.netty.channel.DefaultChannelPool - Closing Idle Channel [id: 0xf0801b32, L:/127.0.0.1:60965 ! R:localhost/127.0.0.1:31190]
02:09:30.434 [AsyncHttpClient-1-1] DEBUG org.asynchttpclient.netty.channel.DefaultChannelPool - Adding Candidate expired Channel [id: 0x6a903cdb, L:/127.0.0.1:60973 ! R:localhost/127.0.0.1:60966] isIdleTimeoutExpired=false isRemotelyClosed=true isTtlExpired=false
02:09:30.434 [AsyncHttpClient-1-1] DEBUG org.asynchttpclient.netty.channel.DefaultChannelPool - Closing Idle Channel [id: 0x6a903cdb, L:/127.0.0.1:60973 ! R:localhost/127.0.0.1:60966]
02:09:30.434 [AsyncHttpClient-1-1] DEBUG org.asynchttpclient.netty.channel.DefaultChannelPool - Closed 2 connections out of 2 in 1 ms
]]></system-out>
    <system-err><![CDATA[Starting ChromeDriver 114.0.5735.90 (386bc09e8f4f2e025eddae123f36f6263096ae49-refs/branch-heads/5735@{#1052}) on port 31190
Only local connections are allowed.
Please see https://chromedriver.chromium.org/security-considerations for suggestions on keeping ChromeDriver safe.
ChromeDriver was started successfully.
Jun 20, 2023 2:09:17 AM org.openqa.selenium.devtools.CdpVersionFinder findNearestMatch
WARNING: Unable to find an exact match for CDP version 114, so returning the closest version found: 110
]]></system-err>
  </testcase>
  <testcase name="As a admin i failed login with invalid username" classname="login" time="12.505">
    <system-out><![CDATA[
@login @FailedLoginInvalidUsername
Scenario: As a admin i failed login with invalid username                      &amp#27;[90m# src/test/resources/features/Login.feature:19&amp#27;[0m
02:09:30.809 [main] DEBUG io.cucumber.core.plugin.SerenityReporter - Running feature from file:///D:/CapstoneWeb/src/test/resources/features/Login.feature
02:09:30.817 [main] INFO  - 
  _____   ___   ___   _____     ___   _____     _     ___   _____   ___   ___  
 |_   _| | __| / __| |_   _|   / __| |_   _|   /_\   | _ \ |_   _| | __| |   \ 
   | |   | _|  \__ \   | |     \__ \   | |    / _ \  |   /   | |   | _|  | |) |
   |_|   |___| |___/   |_|     |___/   |_|   /_/ \_\ |_|_\   |_|   |___| |___/ 

As a admin i failed login with invalid username(login;as-a-admin-i-failed-login-with-invalid-username)
--------------------------------------------------------------------------------
02:09:31.049 [main] INFO net.serenitybdd.core.webdriver.driverproviders.ChromeDriverProvider - Starting Chrome driver instance with capabilities:
02:09:31.050 [main] INFO net.serenitybdd.core.webdriver.driverproviders.ChromeDriverProvider - Capabilities {acceptInsecureCerts: true, browserName: chrome, goog:chromeOptions: {args: [remote-allow-origins=*, test-type, no-sandbox, ignore-certificate-errors, start-maximized, incognito, disable-infobars, disable-gpu, disable-default-apps, disable-popup-blocking, remote-allow-origins=*, test-type, no-sandbox, ignore-certificate-errors, start-maximized, incognito, disable-infobars, disable-gpu, disable-default-apps, disable-popup-blocking, remote-allow-origins=*], extensions: []}}
02:09:31.690 [AsyncHttpClient-1-5] DEBUG org.asynchttpclient.netty.channel.NettyConnectListener - Using new Channel '[id: 0x23d13196, L:/127.0.0.1:60997 - R:localhost/127.0.0.1:25036]' for 'POST' to '/session'
02:09:33.389 [AsyncHttpClient-1-5] DEBUG org.asynchttpclient.netty.handler.HttpHandler - 

Request DefaultHttpRequest(decodeResult: success, version: HTTP/1.1)
POST /session HTTP/1.1
User-Agent: selenium/4.8.1 (java windows)
Content-Length: 1701
Content-Type: application/json; charset=utf-8
host: localhost:25036
accept: */*

Response DefaultHttpResponse(decodeResult: success, version: HTTP/1.1)
HTTP/1.1 200 OK
Content-Length: 844
Content-Type: application/json; charset=utf-8
cache-control: no-cache

02:09:33.389 [AsyncHttpClient-1-5] DEBUG org.asynchttpclient.netty.channel.ChannelManager - Adding key: http://localhost:25036 for channel [id: 0x23d13196, L:/127.0.0.1:60997 - R:localhost/127.0.0.1:25036]
02:09:33.426 [AsyncHttpClient-1-6] DEBUG org.asynchttpclient.netty.channel.NettyConnectListener - Using new Channel '[id: 0xa7f8ade2, L:/127.0.0.1:61005 - R:localhost/127.0.0.1:60998]' for 'GET' to '/json/version'
02:09:33.435 [AsyncHttpClient-1-6] DEBUG org.asynchttpclient.netty.handler.HttpHandler - 

Request DefaultFullHttpRequest(decodeResult: success, version: HTTP/1.1, content: EmptyByteBufBE)
GET /json/version HTTP/1.1
User-Agent: selenium/4.8.1 (java windows)
host: localhost:60998
accept: */*

Response DefaultHttpResponse(decodeResult: success, version: HTTP/1.1)
HTTP/1.1 200 OK
Content-Security-Policy: frame-ancestors 'none'
Content-Length: 424
Content-Type: application/json; charset=UTF-8

02:09:33.436 [AsyncHttpClient-1-6] DEBUG org.asynchttpclient.netty.channel.ChannelManager - Adding key: http://localhost:60998 for channel [id: 0xa7f8ade2, L:/127.0.0.1:61005 - R:localhost/127.0.0.1:60998]
02:09:33.447 [AsyncHttpClient-1-7] DEBUG org.asynchttpclient.netty.channel.NettyConnectListener - Using new Channel '[id: 0x14291ef0, L:/127.0.0.1:61006 - R:localhost/127.0.0.1:60998]' for 'GET' to '/devtools/browser/5e7944a6-5d71-48b4-a810-74b5de394071'
02:09:33.454 [AsyncHttpClient-1-7] DEBUG org.asynchttpclient.netty.handler.WebSocketHandler - 

Request DefaultFullHttpRequest(decodeResult: success, version: HTTP/1.1, content: EmptyByteBufBE)
GET /devtools/browser/5e7944a6-5d71-48b4-a810-74b5de394071 HTTP/1.1
upgrade: websocket
connection: upgrade
sec-websocket-key: dm/pT0cOXyLxxLgwGL8UkA==
sec-websocket-version: 13
origin: http://localhost:60998
host: localhost:60998
accept: */*
user-agent: AHC/2.1

Response DefaultHttpResponse(decodeResult: success, version: HTTP/1.1)
HTTP/1.1 101 WebSocket Protocol Handshake
Upgrade: WebSocket
Connection: Upgrade
Sec-WebSocket-Accept: U5JQAd1XrxNw40Q5pk9ldir/zQ8=

02:09:33.476 [Forwarding get on session 1a02d5963fd10a075334442a2fb8f2e5 to remote] DEBUG org.asynchttpclient.netty.request.NettyRequestSender - Using pooled Channel '[id: 0x23d13196, L:/127.0.0.1:60997 - R:localhost/127.0.0.1:25036]' for 'POST' to 'http://localhost:25036/session/1a02d5963fd10a075334442a2fb8f2e5/url'
02:09:33.476 [Forwarding get on session 1a02d5963fd10a075334442a2fb8f2e5 to remote] DEBUG org.asynchttpclient.netty.request.NettyRequestSender - Using open Channel [id: 0x23d13196, L:/127.0.0.1:60997 - R:localhost/127.0.0.1:25036] for POST '/session/1a02d5963fd10a075334442a2fb8f2e5/url'
02:09:33.732 [AsyncHttpClient-1-1] DEBUG org.asynchttpclient.netty.channel.DefaultChannelPool - Entry count for : http://localhost:60998 : 1
02:09:34.493 [AsyncHttpClient-1-5] DEBUG org.asynchttpclient.netty.handler.HttpHandler - 

Request DefaultHttpRequest(decodeResult: success, version: HTTP/1.1)
POST /session/1a02d5963fd10a075334442a2fb8f2e5/url HTTP/1.1
User-Agent: selenium/4.8.1 (java windows)
Content-Length: 69
Content-Type: application/json; charset=utf-8
host: localhost:25036
accept: */*

Response DefaultHttpResponse(decodeResult: success, version: HTTP/1.1)
HTTP/1.1 200 OK
Content-Length: 14
Content-Type: application/json; charset=utf-8
cache-control: no-cache

02:09:34.493 [AsyncHttpClient-1-5] DEBUG org.asynchttpclient.netty.channel.ChannelManager - Adding key: http://localhost:25036 for channel [id: 0x23d13196, L:/127.0.0.1:60997 - R:localhost/127.0.0.1:25036]
02:09:34.498 [Forwarding setTimeout on session 1a02d5963fd10a075334442a2fb8f2e5 to remote] DEBUG org.asynchttpclient.netty.request.NettyRequestSender - Using pooled Channel '[id: 0x23d13196, L:/127.0.0.1:60997 - R:localhost/127.0.0.1:25036]' for 'POST' to 'http://localhost:25036/session/1a02d5963fd10a075334442a2fb8f2e5/timeouts'
02:09:34.498 [Forwarding setTimeout on session 1a02d5963fd10a075334442a2fb8f2e5 to remote] DEBUG org.asynchttpclient.netty.request.NettyRequestSender - Using open Channel [id: 0x23d13196, L:/127.0.0.1:60997 - R:localhost/127.0.0.1:25036] for POST '/session/1a02d5963fd10a075334442a2fb8f2e5/timeouts'
02:09:34.501 [AsyncHttpClient-1-5] DEBUG org.asynchttpclient.netty.handler.HttpHandler - 

Request DefaultHttpRequest(decodeResult: success, version: HTTP/1.1)
POST /session/1a02d5963fd10a075334442a2fb8f2e5/timeouts HTTP/1.1
User-Agent: selenium/4.8.1 (java windows)
Content-Length: 22
Content-Type: application/json; charset=utf-8
host: localhost:25036
accept: */*

Response DefaultHttpResponse(decodeResult: success, version: HTTP/1.1)
HTTP/1.1 200 OK
Content-Length: 14
Content-Type: application/json; charset=utf-8
cache-control: no-cache

02:09:34.501 [AsyncHttpClient-1-5] DEBUG org.asynchttpclient.netty.channel.ChannelManager - Adding key: http://localhost:25036 for channel [id: 0x23d13196, L:/127.0.0.1:60997 - R:localhost/127.0.0.1:25036]
  &amp#27;[32mGiven &amp#27;[0m&amp#27;[32mI am on the landing page&amp#27;[0m                                               &amp#27;[90m# starter.stepdefinitions.LoginSteps.onTheLandingPage()&amp#27;[0m
02:09:34.527 [Forwarding getAlertText on session 1a02d5963fd10a075334442a2fb8f2e5 to remote] DEBUG org.asynchttpclient.netty.request.NettyRequestSender - Using pooled Channel '[id: 0x23d13196, L:/127.0.0.1:60997 - R:localhost/127.0.0.1:25036]' for 'GET' to 'http://localhost:25036/session/1a02d5963fd10a075334442a2fb8f2e5/alert/text'
02:09:34.527 [Forwarding getAlertText on session 1a02d5963fd10a075334442a2fb8f2e5 to remote] DEBUG org.asynchttpclient.netty.request.NettyRequestSender - Using open Channel [id: 0x23d13196, L:/127.0.0.1:60997 - R:localhost/127.0.0.1:25036] for GET '/session/1a02d5963fd10a075334442a2fb8f2e5/alert/text'
02:09:34.555 [AsyncHttpClient-1-5] DEBUG org.asynchttpclient.netty.handler.HttpHandler - 

Request DefaultFullHttpRequest(decodeResult: success, version: HTTP/1.1, content: EmptyByteBufBE)
GET /session/1a02d5963fd10a075334442a2fb8f2e5/alert/text HTTP/1.1
User-Agent: selenium/4.8.1 (java windows)
Cache-Control: no-cache
Content-Type: application/json; charset=utf-8
host: localhost:25036
accept: */*

Response DefaultHttpResponse(decodeResult: success, version: HTTP/1.1)
HTTP/1.1 404 Not Found
Content-Length: 828
Content-Type: application/json; charset=utf-8
cache-control: no-cache

02:09:34.555 [AsyncHttpClient-1-5] DEBUG org.asynchttpclient.netty.channel.ChannelManager - Adding key: http://localhost:25036 for channel [id: 0x23d13196, L:/127.0.0.1:60997 - R:localhost/127.0.0.1:25036]
02:09:34.561 [Forwarding getCurrentUrl on session 1a02d5963fd10a075334442a2fb8f2e5 to remote] DEBUG org.asynchttpclient.netty.request.NettyRequestSender - Using pooled Channel '[id: 0x23d13196, L:/127.0.0.1:60997 - R:localhost/127.0.0.1:25036]' for 'GET' to 'http://localhost:25036/session/1a02d5963fd10a075334442a2fb8f2e5/url'
02:09:34.561 [Forwarding getCurrentUrl on session 1a02d5963fd10a075334442a2fb8f2e5 to remote] DEBUG org.asynchttpclient.netty.request.NettyRequestSender - Using open Channel [id: 0x23d13196, L:/127.0.0.1:60997 - R:localhost/127.0.0.1:25036] for GET '/session/1a02d5963fd10a075334442a2fb8f2e5/url'
02:09:34.577 [AsyncHttpClient-1-5] DEBUG org.asynchttpclient.netty.handler.HttpHandler - 

Request DefaultFullHttpRequest(decodeResult: success, version: HTTP/1.1, content: EmptyByteBufBE)
GET /session/1a02d5963fd10a075334442a2fb8f2e5/url HTTP/1.1
User-Agent: selenium/4.8.1 (java windows)
Cache-Control: no-cache
Content-Type: application/json; charset=utf-8
host: localhost:25036
accept: */*

Response DefaultHttpResponse(decodeResult: success, version: HTTP/1.1)
HTTP/1.1 200 OK
Content-Length: 51
Content-Type: application/json; charset=utf-8
cache-control: no-cache

02:09:34.577 [AsyncHttpClient-1-5] DEBUG org.asynchttpclient.netty.channel.ChannelManager - Adding key: http://localhost:25036 for channel [id: 0x23d13196, L:/127.0.0.1:60997 - R:localhost/127.0.0.1:25036]
02:09:34.580 [Forwarding screenshot on session 1a02d5963fd10a075334442a2fb8f2e5 to remote] DEBUG org.asynchttpclient.netty.request.NettyRequestSender - Using pooled Channel '[id: 0x23d13196, L:/127.0.0.1:60997 - R:localhost/127.0.0.1:25036]' for 'GET' to 'http://localhost:25036/session/1a02d5963fd10a075334442a2fb8f2e5/screenshot'
02:09:34.581 [Forwarding screenshot on session 1a02d5963fd10a075334442a2fb8f2e5 to remote] DEBUG org.asynchttpclient.netty.request.NettyRequestSender - Using open Channel [id: 0x23d13196, L:/127.0.0.1:60997 - R:localhost/127.0.0.1:25036] for GET '/session/1a02d5963fd10a075334442a2fb8f2e5/screenshot'
02:09:34.838 [AsyncHttpClient-1-1] DEBUG org.asynchttpclient.netty.channel.DefaultChannelPool - Entry count for : http://localhost:60998 : 1
02:09:34.941 [AsyncHttpClient-1-5] DEBUG org.asynchttpclient.netty.handler.HttpHandler - 

Request DefaultFullHttpRequest(decodeResult: success, version: HTTP/1.1, content: EmptyByteBufBE)
GET /session/1a02d5963fd10a075334442a2fb8f2e5/screenshot HTTP/1.1
User-Agent: selenium/4.8.1 (java windows)
Cache-Control: no-cache
Content-Type: application/json; charset=utf-8
host: localhost:25036
accept: */*

Response DefaultHttpResponse(decodeResult: success, version: HTTP/1.1)
HTTP/1.1 200 OK
Content-Length: 137352
Content-Type: application/json; charset=utf-8
cache-control: no-cache

02:09:34.943 [AsyncHttpClient-1-5] DEBUG org.asynchttpclient.netty.channel.ChannelManager - Adding key: http://localhost:25036 for channel [id: 0x23d13196, L:/127.0.0.1:60997 - R:localhost/127.0.0.1:25036]
02:09:34.952 [main] DEBUG net.serenitybdd.core.photography.Darkroom - Send negative for processing for target\site\serenity\3039cbeca56209e5eab91c56f362c0e81b0459bd36440de78fd1f39a7c7f8fd0.png
02:09:34.953 [Darkroom Processing Line] DEBUG net.serenitybdd.core.photography.DarkroomProcessingLine - Processing screenshot image in /var/screenshots/screenshot-15131349221391857512
02:09:34.953 [Darkroom Processing Line] DEBUG net.serenitybdd.core.photography.DarkroomProcessingLine - Saving screenshot to target\site\serenity\3039cbeca56209e5eab91c56f362c0e81b0459bd36440de78fd1f39a7c7f8fd0.png
02:09:34.967 [Forwarding getPageSource on session 1a02d5963fd10a075334442a2fb8f2e5 to remote] DEBUG org.asynchttpclient.netty.request.NettyRequestSender - Using pooled Channel '[id: 0x23d13196, L:/127.0.0.1:60997 - R:localhost/127.0.0.1:25036]' for 'POST' to 'http://localhost:25036/session/1a02d5963fd10a075334442a2fb8f2e5/execute/sync'
02:09:34.967 [Forwarding getPageSource on session 1a02d5963fd10a075334442a2fb8f2e5 to remote] DEBUG org.asynchttpclient.netty.request.NettyRequestSender - Using open Channel [id: 0x23d13196, L:/127.0.0.1:60997 - R:localhost/127.0.0.1:25036] for POST '/session/1a02d5963fd10a075334442a2fb8f2e5/execute/sync'
02:09:34.981 [AsyncHttpClient-1-5] DEBUG org.asynchttpclient.netty.handler.HttpHandler - 

Request DefaultHttpRequest(decodeResult: success, version: HTTP/1.1)
POST /session/1a02d5963fd10a075334442a2fb8f2e5/execute/sync HTTP/1.1
User-Agent: selenium/4.8.1 (java windows)
Content-Length: 176
Content-Type: application/json; charset=utf-8
host: localhost:25036
accept: */*

Response DefaultHttpResponse(decodeResult: success, version: HTTP/1.1)
HTTP/1.1 200 OK
Content-Length: 2008
Content-Type: application/json; charset=utf-8
cache-control: no-cache

02:09:34.981 [AsyncHttpClient-1-5] DEBUG org.asynchttpclient.netty.channel.ChannelManager - Adding key: http://localhost:25036 for channel [id: 0x23d13196, L:/127.0.0.1:60997 - R:localhost/127.0.0.1:25036]
02:09:34.986 [Forwarding getCurrentUrl on session 1a02d5963fd10a075334442a2fb8f2e5 to remote] DEBUG org.asynchttpclient.netty.request.NettyRequestSender - Using pooled Channel '[id: 0x23d13196, L:/127.0.0.1:60997 - R:localhost/127.0.0.1:25036]' for 'GET' to 'http://localhost:25036/session/1a02d5963fd10a075334442a2fb8f2e5/url'
02:09:34.986 [Forwarding getCurrentUrl on session 1a02d5963fd10a075334442a2fb8f2e5 to remote] DEBUG org.asynchttpclient.netty.request.NettyRequestSender - Using open Channel [id: 0x23d13196, L:/127.0.0.1:60997 - R:localhost/127.0.0.1:25036] for GET '/session/1a02d5963fd10a075334442a2fb8f2e5/url'
02:09:34.996 [AsyncHttpClient-1-5] DEBUG org.asynchttpclient.netty.handler.HttpHandler - 

Request DefaultFullHttpRequest(decodeResult: success, version: HTTP/1.1, content: EmptyByteBufBE)
GET /session/1a02d5963fd10a075334442a2fb8f2e5/url HTTP/1.1
User-Agent: selenium/4.8.1 (java windows)
Cache-Control: no-cache
Content-Type: application/json; charset=utf-8
host: localhost:25036
accept: */*

Response DefaultHttpResponse(decodeResult: success, version: HTTP/1.1)
HTTP/1.1 200 OK
Content-Length: 51
Content-Type: application/json; charset=utf-8
cache-control: no-cache

02:09:34.997 [AsyncHttpClient-1-5] DEBUG org.asynchttpclient.netty.channel.ChannelManager - Adding key: http://localhost:25036 for channel [id: 0x23d13196, L:/127.0.0.1:60997 - R:localhost/127.0.0.1:25036]
02:09:35.050 [Forwarding getAlertText on session 1a02d5963fd10a075334442a2fb8f2e5 to remote] DEBUG org.asynchttpclient.netty.request.NettyRequestSender - Using pooled Channel '[id: 0x23d13196, L:/127.0.0.1:60997 - R:localhost/127.0.0.1:25036]' for 'GET' to 'http://localhost:25036/session/1a02d5963fd10a075334442a2fb8f2e5/alert/text'
02:09:35.050 [Forwarding getAlertText on session 1a02d5963fd10a075334442a2fb8f2e5 to remote] DEBUG org.asynchttpclient.netty.request.NettyRequestSender - Using open Channel [id: 0x23d13196, L:/127.0.0.1:60997 - R:localhost/127.0.0.1:25036] for GET '/session/1a02d5963fd10a075334442a2fb8f2e5/alert/text'
02:09:35.054 [AsyncHttpClient-1-5] DEBUG org.asynchttpclient.netty.handler.HttpHandler - 

Request DefaultFullHttpRequest(decodeResult: success, version: HTTP/1.1, content: EmptyByteBufBE)
GET /session/1a02d5963fd10a075334442a2fb8f2e5/alert/text HTTP/1.1
User-Agent: selenium/4.8.1 (java windows)
Cache-Control: no-cache
Content-Type: application/json; charset=utf-8
host: localhost:25036
accept: */*

Response DefaultHttpResponse(decodeResult: success, version: HTTP/1.1)
HTTP/1.1 404 Not Found
Content-Length: 828
Content-Type: application/json; charset=utf-8
cache-control: no-cache

02:09:35.054 [AsyncHttpClient-1-5] DEBUG org.asynchttpclient.netty.channel.ChannelManager - Adding key: http://localhost:25036 for channel [id: 0x23d13196, L:/127.0.0.1:60997 - R:localhost/127.0.0.1:25036]
02:09:35.058 [Forwarding getCurrentUrl on session 1a02d5963fd10a075334442a2fb8f2e5 to remote] DEBUG org.asynchttpclient.netty.request.NettyRequestSender - Using pooled Channel '[id: 0x23d13196, L:/127.0.0.1:60997 - R:localhost/127.0.0.1:25036]' for 'GET' to 'http://localhost:25036/session/1a02d5963fd10a075334442a2fb8f2e5/url'
02:09:35.058 [Forwarding getCurrentUrl on session 1a02d5963fd10a075334442a2fb8f2e5 to remote] DEBUG org.asynchttpclient.netty.request.NettyRequestSender - Using open Channel [id: 0x23d13196, L:/127.0.0.1:60997 - R:localhost/127.0.0.1:25036] for GET '/session/1a02d5963fd10a075334442a2fb8f2e5/url'
02:09:35.070 [AsyncHttpClient-1-5] DEBUG org.asynchttpclient.netty.handler.HttpHandler - 

Request DefaultFullHttpRequest(decodeResult: success, version: HTTP/1.1, content: EmptyByteBufBE)
GET /session/1a02d5963fd10a075334442a2fb8f2e5/url HTTP/1.1
User-Agent: selenium/4.8.1 (java windows)
Cache-Control: no-cache
Content-Type: application/json; charset=utf-8
host: localhost:25036
accept: */*

Response DefaultHttpResponse(decodeResult: success, version: HTTP/1.1)
HTTP/1.1 200 OK
Content-Length: 51
Content-Type: application/json; charset=utf-8
cache-control: no-cache

02:09:35.070 [AsyncHttpClient-1-5] DEBUG org.asynchttpclient.netty.channel.ChannelManager - Adding key: http://localhost:25036 for channel [id: 0x23d13196, L:/127.0.0.1:60997 - R:localhost/127.0.0.1:25036]
02:09:35.073 [Forwarding screenshot on session 1a02d5963fd10a075334442a2fb8f2e5 to remote] DEBUG org.asynchttpclient.netty.request.NettyRequestSender - Using pooled Channel '[id: 0x23d13196, L:/127.0.0.1:60997 - R:localhost/127.0.0.1:25036]' for 'GET' to 'http://localhost:25036/session/1a02d5963fd10a075334442a2fb8f2e5/screenshot'
02:09:35.073 [Forwarding screenshot on session 1a02d5963fd10a075334442a2fb8f2e5 to remote] DEBUG org.asynchttpclient.netty.request.NettyRequestSender - Using open Channel [id: 0x23d13196, L:/127.0.0.1:60997 - R:localhost/127.0.0.1:25036] for GET '/session/1a02d5963fd10a075334442a2fb8f2e5/screenshot'
02:09:35.383 [AsyncHttpClient-1-5] DEBUG org.asynchttpclient.netty.handler.HttpHandler - 

Request DefaultFullHttpRequest(decodeResult: success, version: HTTP/1.1, content: EmptyByteBufBE)
GET /session/1a02d5963fd10a075334442a2fb8f2e5/screenshot HTTP/1.1
User-Agent: selenium/4.8.1 (java windows)
Cache-Control: no-cache
Content-Type: application/json; charset=utf-8
host: localhost:25036
accept: */*

Response DefaultHttpResponse(decodeResult: success, version: HTTP/1.1)
HTTP/1.1 200 OK
Content-Length: 137348
Content-Type: application/json; charset=utf-8
cache-control: no-cache

02:09:35.384 [AsyncHttpClient-1-5] DEBUG org.asynchttpclient.netty.channel.ChannelManager - Adding key: http://localhost:25036 for channel [id: 0x23d13196, L:/127.0.0.1:60997 - R:localhost/127.0.0.1:25036]
02:09:35.391 [main] DEBUG net.serenitybdd.core.photography.Darkroom - Send negative for processing for target\site\serenity\17d383555e65be6951705cfea945eee08b444ce6fb522d36fbf0d9c7d5ef53e9.png
02:09:35.392 [Darkroom Processing Line] DEBUG net.serenitybdd.core.photography.DarkroomProcessingLine - Processing screenshot image in /var/screenshots/screenshot-5809641279285158743
02:09:35.392 [Darkroom Processing Line] DEBUG net.serenitybdd.core.photography.DarkroomProcessingLine - Saving screenshot to target\site\serenity\17d383555e65be6951705cfea945eee08b444ce6fb522d36fbf0d9c7d5ef53e9.png
02:09:35.395 [Forwarding getPageSource on session 1a02d5963fd10a075334442a2fb8f2e5 to remote] DEBUG org.asynchttpclient.netty.request.NettyRequestSender - Using pooled Channel '[id: 0x23d13196, L:/127.0.0.1:60997 - R:localhost/127.0.0.1:25036]' for 'POST' to 'http://localhost:25036/session/1a02d5963fd10a075334442a2fb8f2e5/execute/sync'
02:09:35.395 [Forwarding getPageSource on session 1a02d5963fd10a075334442a2fb8f2e5 to remote] DEBUG org.asynchttpclient.netty.request.NettyRequestSender - Using open Channel [id: 0x23d13196, L:/127.0.0.1:60997 - R:localhost/127.0.0.1:25036] for POST '/session/1a02d5963fd10a075334442a2fb8f2e5/execute/sync'
02:09:35.407 [AsyncHttpClient-1-5] DEBUG org.asynchttpclient.netty.handler.HttpHandler - 

Request DefaultHttpRequest(decodeResult: success, version: HTTP/1.1)
POST /session/1a02d5963fd10a075334442a2fb8f2e5/execute/sync HTTP/1.1
User-Agent: selenium/4.8.1 (java windows)
Content-Length: 176
Content-Type: application/json; charset=utf-8
host: localhost:25036
accept: */*

Response DefaultHttpResponse(decodeResult: success, version: HTTP/1.1)
HTTP/1.1 200 OK
Content-Length: 2008
Content-Type: application/json; charset=utf-8
cache-control: no-cache

02:09:35.407 [AsyncHttpClient-1-5] DEBUG org.asynchttpclient.netty.channel.ChannelManager - Adding key: http://localhost:25036 for channel [id: 0x23d13196, L:/127.0.0.1:60997 - R:localhost/127.0.0.1:25036]
02:09:35.411 [Forwarding getCurrentUrl on session 1a02d5963fd10a075334442a2fb8f2e5 to remote] DEBUG org.asynchttpclient.netty.request.NettyRequestSender - Using pooled Channel '[id: 0x23d13196, L:/127.0.0.1:60997 - R:localhost/127.0.0.1:25036]' for 'GET' to 'http://localhost:25036/session/1a02d5963fd10a075334442a2fb8f2e5/url'
02:09:35.411 [Forwarding getCurrentUrl on session 1a02d5963fd10a075334442a2fb8f2e5 to remote] DEBUG org.asynchttpclient.netty.request.NettyRequestSender - Using open Channel [id: 0x23d13196, L:/127.0.0.1:60997 - R:localhost/127.0.0.1:25036] for GET '/session/1a02d5963fd10a075334442a2fb8f2e5/url'
02:09:35.421 [AsyncHttpClient-1-5] DEBUG org.asynchttpclient.netty.handler.HttpHandler - 

Request DefaultFullHttpRequest(decodeResult: success, version: HTTP/1.1, content: EmptyByteBufBE)
GET /session/1a02d5963fd10a075334442a2fb8f2e5/url HTTP/1.1
User-Agent: selenium/4.8.1 (java windows)
Cache-Control: no-cache
Content-Type: application/json; charset=utf-8
host: localhost:25036
accept: */*

Response DefaultHttpResponse(decodeResult: success, version: HTTP/1.1)
HTTP/1.1 200 OK
Content-Length: 51
Content-Type: application/json; charset=utf-8
cache-control: no-cache

02:09:35.421 [AsyncHttpClient-1-5] DEBUG org.asynchttpclient.netty.channel.ChannelManager - Adding key: http://localhost:25036 for channel [id: 0x23d13196, L:/127.0.0.1:60997 - R:localhost/127.0.0.1:25036]
02:09:35.426 [main] DEBUG net.thucydides.core.steps.StepInterceptor - STARTING STEP: LoginSteps.clickGetIntoTheDashboardButton - clickIntoTheDashboard
02:09:35.433 [Forwarding findElement on session 1a02d5963fd10a075334442a2fb8f2e5 to remote] DEBUG org.asynchttpclient.netty.request.NettyRequestSender - Using pooled Channel '[id: 0x23d13196, L:/127.0.0.1:60997 - R:localhost/127.0.0.1:25036]' for 'POST' to 'http://localhost:25036/session/1a02d5963fd10a075334442a2fb8f2e5/element'
02:09:35.433 [Forwarding findElement on session 1a02d5963fd10a075334442a2fb8f2e5 to remote] DEBUG org.asynchttpclient.netty.request.NettyRequestSender - Using open Channel [id: 0x23d13196, L:/127.0.0.1:60997 - R:localhost/127.0.0.1:25036] for POST '/session/1a02d5963fd10a075334442a2fb8f2e5/element'
02:09:35.464 [AsyncHttpClient-1-5] DEBUG org.asynchttpclient.netty.handler.HttpHandler - 

Request DefaultHttpRequest(decodeResult: success, version: HTTP/1.1)
POST /session/1a02d5963fd10a075334442a2fb8f2e5/element HTTP/1.1
User-Agent: selenium/4.8.1 (java windows)
Content-Length: 266
Content-Type: application/json; charset=utf-8
host: localhost:25036
accept: */*

Response DefaultHttpResponse(decodeResult: success, version: HTTP/1.1)
HTTP/1.1 200 OK
Content-Length: 94
Content-Type: application/json; charset=utf-8
cache-control: no-cache

02:09:35.464 [AsyncHttpClient-1-5] DEBUG org.asynchttpclient.netty.channel.ChannelManager - Adding key: http://localhost:25036 for channel [id: 0x23d13196, L:/127.0.0.1:60997 - R:localhost/127.0.0.1:25036]
02:09:35.468 [Forwarding getElementTagName on session 1a02d5963fd10a075334442a2fb8f2e5 to remote] DEBUG org.asynchttpclient.netty.request.NettyRequestSender - Using pooled Channel '[id: 0x23d13196, L:/127.0.0.1:60997 - R:localhost/127.0.0.1:25036]' for 'GET' to 'http://localhost:25036/session/1a02d5963fd10a075334442a2fb8f2e5/element/BD749A24038C48DAF97DA54CCA33142A_element_5/name'
02:09:35.468 [Forwarding getElementTagName on session 1a02d5963fd10a075334442a2fb8f2e5 to remote] DEBUG org.asynchttpclient.netty.request.NettyRequestSender - Using open Channel [id: 0x23d13196, L:/127.0.0.1:60997 - R:localhost/127.0.0.1:25036] for GET '/session/1a02d5963fd10a075334442a2fb8f2e5/element/BD749A24038C48DAF97DA54CCA33142A_element_5/name'
02:09:35.479 [AsyncHttpClient-1-5] DEBUG org.asynchttpclient.netty.handler.HttpHandler - 

Request DefaultFullHttpRequest(decodeResult: success, version: HTTP/1.1, content: EmptyByteBufBE)
GET /session/1a02d5963fd10a075334442a2fb8f2e5/element/BD749A24038C48DAF97DA54CCA33142A_element_5/name HTTP/1.1
User-Agent: selenium/4.8.1 (java windows)
Cache-Control: no-cache
Content-Type: application/json; charset=utf-8
host: localhost:25036
accept: */*

Response DefaultHttpResponse(decodeResult: success, version: HTTP/1.1)
HTTP/1.1 200 OK
Content-Length: 18
Content-Type: application/json; charset=utf-8
cache-control: no-cache

02:09:35.479 [AsyncHttpClient-1-5] DEBUG org.asynchttpclient.netty.channel.ChannelManager - Adding key: http://localhost:25036 for channel [id: 0x23d13196, L:/127.0.0.1:60997 - R:localhost/127.0.0.1:25036]
02:09:35.482 [Forwarding getElementTagName on session 1a02d5963fd10a075334442a2fb8f2e5 to remote] DEBUG org.asynchttpclient.netty.request.NettyRequestSender - Using pooled Channel '[id: 0x23d13196, L:/127.0.0.1:60997 - R:localhost/127.0.0.1:25036]' for 'GET' to 'http://localhost:25036/session/1a02d5963fd10a075334442a2fb8f2e5/element/BD749A24038C48DAF97DA54CCA33142A_element_5/name'
02:09:35.482 [Forwarding getElementTagName on session 1a02d5963fd10a075334442a2fb8f2e5 to remote] DEBUG org.asynchttpclient.netty.request.NettyRequestSender - Using open Channel [id: 0x23d13196, L:/127.0.0.1:60997 - R:localhost/127.0.0.1:25036] for GET '/session/1a02d5963fd10a075334442a2fb8f2e5/element/BD749A24038C48DAF97DA54CCA33142A_element_5/name'
02:09:35.492 [AsyncHttpClient-1-5] DEBUG org.asynchttpclient.netty.handler.HttpHandler - 

Request DefaultFullHttpRequest(decodeResult: success, version: HTTP/1.1, content: EmptyByteBufBE)
GET /session/1a02d5963fd10a075334442a2fb8f2e5/element/BD749A24038C48DAF97DA54CCA33142A_element_5/name HTTP/1.1
User-Agent: selenium/4.8.1 (java windows)
Cache-Control: no-cache
Content-Type: application/json; charset=utf-8
host: localhost:25036
accept: */*

Response DefaultHttpResponse(decodeResult: success, version: HTTP/1.1)
HTTP/1.1 200 OK
Content-Length: 18
Content-Type: application/json; charset=utf-8
cache-control: no-cache

02:09:35.493 [AsyncHttpClient-1-5] DEBUG org.asynchttpclient.netty.channel.ChannelManager - Adding key: http://localhost:25036 for channel [id: 0x23d13196, L:/127.0.0.1:60997 - R:localhost/127.0.0.1:25036]
02:09:35.497 [Forwarding isElementEnabled on session 1a02d5963fd10a075334442a2fb8f2e5 to remote] DEBUG org.asynchttpclient.netty.request.NettyRequestSender - Using pooled Channel '[id: 0x23d13196, L:/127.0.0.1:60997 - R:localhost/127.0.0.1:25036]' for 'GET' to 'http://localhost:25036/session/1a02d5963fd10a075334442a2fb8f2e5/element/BD749A24038C48DAF97DA54CCA33142A_element_5/enabled'
02:09:35.497 [Forwarding isElementEnabled on session 1a02d5963fd10a075334442a2fb8f2e5 to remote] DEBUG org.asynchttpclient.netty.request.NettyRequestSender - Using open Channel [id: 0x23d13196, L:/127.0.0.1:60997 - R:localhost/127.0.0.1:25036] for GET '/session/1a02d5963fd10a075334442a2fb8f2e5/element/BD749A24038C48DAF97DA54CCA33142A_element_5/enabled'
02:09:35.517 [AsyncHttpClient-1-5] DEBUG org.asynchttpclient.netty.handler.HttpHandler - 

Request DefaultFullHttpRequest(decodeResult: success, version: HTTP/1.1, content: EmptyByteBufBE)
GET /session/1a02d5963fd10a075334442a2fb8f2e5/element/BD749A24038C48DAF97DA54CCA33142A_element_5/enabled HTTP/1.1
User-Agent: selenium/4.8.1 (java windows)
Cache-Control: no-cache
Content-Type: application/json; charset=utf-8
host: localhost:25036
accept: */*

Response DefaultHttpResponse(decodeResult: success, version: HTTP/1.1)
HTTP/1.1 200 OK
Content-Length: 14
Content-Type: application/json; charset=utf-8
cache-control: no-cache

02:09:35.518 [AsyncHttpClient-1-5] DEBUG org.asynchttpclient.netty.channel.ChannelManager - Adding key: http://localhost:25036 for channel [id: 0x23d13196, L:/127.0.0.1:60997 - R:localhost/127.0.0.1:25036]
02:09:35.520 [Forwarding isElementEnabled on session 1a02d5963fd10a075334442a2fb8f2e5 to remote] DEBUG org.asynchttpclient.netty.request.NettyRequestSender - Using pooled Channel '[id: 0x23d13196, L:/127.0.0.1:60997 - R:localhost/127.0.0.1:25036]' for 'GET' to 'http://localhost:25036/session/1a02d5963fd10a075334442a2fb8f2e5/element/BD749A24038C48DAF97DA54CCA33142A_element_5/enabled'
02:09:35.520 [Forwarding isElementEnabled on session 1a02d5963fd10a075334442a2fb8f2e5 to remote] DEBUG org.asynchttpclient.netty.request.NettyRequestSender - Using open Channel [id: 0x23d13196, L:/127.0.0.1:60997 - R:localhost/127.0.0.1:25036] for GET '/session/1a02d5963fd10a075334442a2fb8f2e5/element/BD749A24038C48DAF97DA54CCA33142A_element_5/enabled'
02:09:35.534 [AsyncHttpClient-1-5] DEBUG org.asynchttpclient.netty.handler.HttpHandler - 

Request DefaultFullHttpRequest(decodeResult: success, version: HTTP/1.1, content: EmptyByteBufBE)
GET /session/1a02d5963fd10a075334442a2fb8f2e5/element/BD749A24038C48DAF97DA54CCA33142A_element_5/enabled HTTP/1.1
User-Agent: selenium/4.8.1 (java windows)
Cache-Control: no-cache
Content-Type: application/json; charset=utf-8
host: localhost:25036
accept: */*

Response DefaultHttpResponse(decodeResult: success, version: HTTP/1.1)
HTTP/1.1 200 OK
Content-Length: 14
Content-Type: application/json; charset=utf-8
cache-control: no-cache

02:09:35.534 [AsyncHttpClient-1-5] DEBUG org.asynchttpclient.netty.channel.ChannelManager - Adding key: http://localhost:25036 for channel [id: 0x23d13196, L:/127.0.0.1:60997 - R:localhost/127.0.0.1:25036]
02:09:35.539 [Forwarding findElement on session 1a02d5963fd10a075334442a2fb8f2e5 to remote] DEBUG org.asynchttpclient.netty.request.NettyRequestSender - Using pooled Channel '[id: 0x23d13196, L:/127.0.0.1:60997 - R:localhost/127.0.0.1:25036]' for 'POST' to 'http://localhost:25036/session/1a02d5963fd10a075334442a2fb8f2e5/element'
02:09:35.539 [Forwarding findElement on session 1a02d5963fd10a075334442a2fb8f2e5 to remote] DEBUG org.asynchttpclient.netty.request.NettyRequestSender - Using open Channel [id: 0x23d13196, L:/127.0.0.1:60997 - R:localhost/127.0.0.1:25036] for POST '/session/1a02d5963fd10a075334442a2fb8f2e5/element'
02:09:35.559 [AsyncHttpClient-1-5] DEBUG org.asynchttpclient.netty.handler.HttpHandler - 

Request DefaultHttpRequest(decodeResult: success, version: HTTP/1.1)
POST /session/1a02d5963fd10a075334442a2fb8f2e5/element HTTP/1.1
User-Agent: selenium/4.8.1 (java windows)
Content-Length: 266
Content-Type: application/json; charset=utf-8
host: localhost:25036
accept: */*

Response DefaultHttpResponse(decodeResult: success, version: HTTP/1.1)
HTTP/1.1 200 OK
Content-Length: 94
Content-Type: application/json; charset=utf-8
cache-control: no-cache

02:09:35.560 [AsyncHttpClient-1-5] DEBUG org.asynchttpclient.netty.channel.ChannelManager - Adding key: http://localhost:25036 for channel [id: 0x23d13196, L:/127.0.0.1:60997 - R:localhost/127.0.0.1:25036]
02:09:35.563 [Forwarding clickElement on session 1a02d5963fd10a075334442a2fb8f2e5 to remote] DEBUG org.asynchttpclient.netty.request.NettyRequestSender - Using pooled Channel '[id: 0x23d13196, L:/127.0.0.1:60997 - R:localhost/127.0.0.1:25036]' for 'POST' to 'http://localhost:25036/session/1a02d5963fd10a075334442a2fb8f2e5/element/BD749A24038C48DAF97DA54CCA33142A_element_5/click'
02:09:35.564 [Forwarding clickElement on session 1a02d5963fd10a075334442a2fb8f2e5 to remote] DEBUG org.asynchttpclient.netty.request.NettyRequestSender - Using open Channel [id: 0x23d13196, L:/127.0.0.1:60997 - R:localhost/127.0.0.1:25036] for POST '/session/1a02d5963fd10a075334442a2fb8f2e5/element/BD749A24038C48DAF97DA54CCA33142A_element_5/click'
02:09:35.767 [AsyncHttpClient-1-5] DEBUG org.asynchttpclient.netty.handler.HttpHandler - 

Request DefaultHttpRequest(decodeResult: success, version: HTTP/1.1)
POST /session/1a02d5963fd10a075334442a2fb8f2e5/element/BD749A24038C48DAF97DA54CCA33142A_element_5/click HTTP/1.1
User-Agent: selenium/4.8.1 (java windows)
Content-Length: 56
Content-Type: application/json; charset=utf-8
host: localhost:25036
accept: */*

Response DefaultHttpResponse(decodeResult: success, version: HTTP/1.1)
HTTP/1.1 200 OK
Content-Length: 14
Content-Type: application/json; charset=utf-8
cache-control: no-cache

02:09:35.767 [AsyncHttpClient-1-5] DEBUG org.asynchttpclient.netty.channel.ChannelManager - Adding key: http://localhost:25036 for channel [id: 0x23d13196, L:/127.0.0.1:60997 - R:localhost/127.0.0.1:25036]
02:09:35.785 [Forwarding getAlertText on session 1a02d5963fd10a075334442a2fb8f2e5 to remote] DEBUG org.asynchttpclient.netty.request.NettyRequestSender - Using pooled Channel '[id: 0x23d13196, L:/127.0.0.1:60997 - R:localhost/127.0.0.1:25036]' for 'GET' to 'http://localhost:25036/session/1a02d5963fd10a075334442a2fb8f2e5/alert/text'
02:09:35.785 [Forwarding getAlertText on session 1a02d5963fd10a075334442a2fb8f2e5 to remote] DEBUG org.asynchttpclient.netty.request.NettyRequestSender - Using open Channel [id: 0x23d13196, L:/127.0.0.1:60997 - R:localhost/127.0.0.1:25036] for GET '/session/1a02d5963fd10a075334442a2fb8f2e5/alert/text'
02:09:35.792 [AsyncHttpClient-1-5] DEBUG org.asynchttpclient.netty.handler.HttpHandler - 

Request DefaultFullHttpRequest(decodeResult: success, version: HTTP/1.1, content: EmptyByteBufBE)
GET /session/1a02d5963fd10a075334442a2fb8f2e5/alert/text HTTP/1.1
User-Agent: selenium/4.8.1 (java windows)
Cache-Control: no-cache
Content-Type: application/json; charset=utf-8
host: localhost:25036
accept: */*

Response DefaultHttpResponse(decodeResult: success, version: HTTP/1.1)
HTTP/1.1 404 Not Found
Content-Length: 828
Content-Type: application/json; charset=utf-8
cache-control: no-cache

02:09:35.793 [AsyncHttpClient-1-5] DEBUG org.asynchttpclient.netty.channel.ChannelManager - Adding key: http://localhost:25036 for channel [id: 0x23d13196, L:/127.0.0.1:60997 - R:localhost/127.0.0.1:25036]
02:09:35.796 [Forwarding getCurrentUrl on session 1a02d5963fd10a075334442a2fb8f2e5 to remote] DEBUG org.asynchttpclient.netty.request.NettyRequestSender - Using pooled Channel '[id: 0x23d13196, L:/127.0.0.1:60997 - R:localhost/127.0.0.1:25036]' for 'GET' to 'http://localhost:25036/session/1a02d5963fd10a075334442a2fb8f2e5/url'
02:09:35.796 [Forwarding getCurrentUrl on session 1a02d5963fd10a075334442a2fb8f2e5 to remote] DEBUG org.asynchttpclient.netty.request.NettyRequestSender - Using open Channel [id: 0x23d13196, L:/127.0.0.1:60997 - R:localhost/127.0.0.1:25036] for GET '/session/1a02d5963fd10a075334442a2fb8f2e5/url'
02:09:35.808 [AsyncHttpClient-1-5] DEBUG org.asynchttpclient.netty.handler.HttpHandler - 

Request DefaultFullHttpRequest(decodeResult: success, version: HTTP/1.1, content: EmptyByteBufBE)
GET /session/1a02d5963fd10a075334442a2fb8f2e5/url HTTP/1.1
User-Agent: selenium/4.8.1 (java windows)
Cache-Control: no-cache
Content-Type: application/json; charset=utf-8
host: localhost:25036
accept: */*

Response DefaultHttpResponse(decodeResult: success, version: HTTP/1.1)
HTTP/1.1 200 OK
Content-Length: 56
Content-Type: application/json; charset=utf-8
cache-control: no-cache

02:09:35.808 [AsyncHttpClient-1-5] DEBUG org.asynchttpclient.netty.channel.ChannelManager - Adding key: http://localhost:25036 for channel [id: 0x23d13196, L:/127.0.0.1:60997 - R:localhost/127.0.0.1:25036]
02:09:35.810 [Forwarding screenshot on session 1a02d5963fd10a075334442a2fb8f2e5 to remote] DEBUG org.asynchttpclient.netty.request.NettyRequestSender - Using pooled Channel '[id: 0x23d13196, L:/127.0.0.1:60997 - R:localhost/127.0.0.1:25036]' for 'GET' to 'http://localhost:25036/session/1a02d5963fd10a075334442a2fb8f2e5/screenshot'
02:09:35.810 [Forwarding screenshot on session 1a02d5963fd10a075334442a2fb8f2e5 to remote] DEBUG org.asynchttpclient.netty.request.NettyRequestSender - Using open Channel [id: 0x23d13196, L:/127.0.0.1:60997 - R:localhost/127.0.0.1:25036] for GET '/session/1a02d5963fd10a075334442a2fb8f2e5/screenshot'
02:09:35.938 [AsyncHttpClient-1-1] DEBUG org.asynchttpclient.netty.channel.DefaultChannelPool - Entry count for : http://localhost:60998 : 1
02:09:36.125 [AsyncHttpClient-1-5] DEBUG org.asynchttpclient.netty.handler.HttpHandler - 

Request DefaultFullHttpRequest(decodeResult: success, version: HTTP/1.1, content: EmptyByteBufBE)
GET /session/1a02d5963fd10a075334442a2fb8f2e5/screenshot HTTP/1.1
User-Agent: selenium/4.8.1 (java windows)
Cache-Control: no-cache
Content-Type: application/json; charset=utf-8
host: localhost:25036
accept: */*

Response DefaultHttpResponse(decodeResult: success, version: HTTP/1.1)
HTTP/1.1 200 OK
Content-Length: 115920
Content-Type: application/json; charset=utf-8
cache-control: no-cache

02:09:36.128 [AsyncHttpClient-1-5] DEBUG org.asynchttpclient.netty.channel.ChannelManager - Adding key: http://localhost:25036 for channel [id: 0x23d13196, L:/127.0.0.1:60997 - R:localhost/127.0.0.1:25036]
02:09:36.136 [main] DEBUG net.serenitybdd.core.photography.Darkroom - Send negative for processing for target\site\serenity\17b761db86950adf452c33ac0c5826e70494a35b1202adb5e49aa124d82ed99d.png
02:09:36.141 [Forwarding getPageSource on session 1a02d5963fd10a075334442a2fb8f2e5 to remote] DEBUG org.asynchttpclient.netty.request.NettyRequestSender - Using pooled Channel '[id: 0x23d13196, L:/127.0.0.1:60997 - R:localhost/127.0.0.1:25036]' for 'POST' to 'http://localhost:25036/session/1a02d5963fd10a075334442a2fb8f2e5/execute/sync'
02:09:36.141 [Forwarding getPageSource on session 1a02d5963fd10a075334442a2fb8f2e5 to remote] DEBUG org.asynchttpclient.netty.request.NettyRequestSender - Using open Channel [id: 0x23d13196, L:/127.0.0.1:60997 - R:localhost/127.0.0.1:25036] for POST '/session/1a02d5963fd10a075334442a2fb8f2e5/execute/sync'
02:09:36.152 [AsyncHttpClient-1-5] DEBUG org.asynchttpclient.netty.handler.HttpHandler - 

Request DefaultHttpRequest(decodeResult: success, version: HTTP/1.1)
POST /session/1a02d5963fd10a075334442a2fb8f2e5/execute/sync HTTP/1.1
User-Agent: selenium/4.8.1 (java windows)
Content-Length: 176
Content-Type: application/json; charset=utf-8
host: localhost:25036
accept: */*

Response DefaultHttpResponse(decodeResult: success, version: HTTP/1.1)
HTTP/1.1 200 OK
Content-Length: 3427
Content-Type: application/json; charset=utf-8
cache-control: no-cache

02:09:36.153 [AsyncHttpClient-1-5] DEBUG org.asynchttpclient.netty.channel.ChannelManager - Adding key: http://localhost:25036 for channel [id: 0x23d13196, L:/127.0.0.1:60997 - R:localhost/127.0.0.1:25036]
02:09:36.158 [Forwarding getCurrentUrl on session 1a02d5963fd10a075334442a2fb8f2e5 to remote] DEBUG org.asynchttpclient.netty.request.NettyRequestSender - Using pooled Channel '[id: 0x23d13196, L:/127.0.0.1:60997 - R:localhost/127.0.0.1:25036]' for 'GET' to 'http://localhost:25036/session/1a02d5963fd10a075334442a2fb8f2e5/url'
02:09:36.159 [Forwarding getCurrentUrl on session 1a02d5963fd10a075334442a2fb8f2e5 to remote] DEBUG org.asynchttpclient.netty.request.NettyRequestSender - Using open Channel [id: 0x23d13196, L:/127.0.0.1:60997 - R:localhost/127.0.0.1:25036] for GET '/session/1a02d5963fd10a075334442a2fb8f2e5/url'
02:09:36.168 [AsyncHttpClient-1-5] DEBUG org.asynchttpclient.netty.handler.HttpHandler - 

Request DefaultFullHttpRequest(decodeResult: success, version: HTTP/1.1, content: EmptyByteBufBE)
GET /session/1a02d5963fd10a075334442a2fb8f2e5/url HTTP/1.1
User-Agent: selenium/4.8.1 (java windows)
Cache-Control: no-cache
Content-Type: application/json; charset=utf-8
host: localhost:25036
accept: */*

Response DefaultHttpResponse(decodeResult: success, version: HTTP/1.1)
HTTP/1.1 200 OK
Content-Length: 56
Content-Type: application/json; charset=utf-8
cache-control: no-cache

02:09:36.168 [AsyncHttpClient-1-5] DEBUG org.asynchttpclient.netty.channel.ChannelManager - Adding key: http://localhost:25036 for channel [id: 0x23d13196, L:/127.0.0.1:60997 - R:localhost/127.0.0.1:25036]
02:09:36.181 [main] DEBUG net.thucydides.core.steps.StepInterceptor - STEP DONE: clickIntoTheDashboard
  &amp#27;[32mWhen &amp#27;[0m&amp#27;[32mI click get into the dashboard button&amp#27;[0m                                   &amp#27;[90m# starter.stepdefinitions.LoginSteps.clickGetIntoTheDashboardButton()&amp#27;[0m
02:09:36.193 [Forwarding getAlertText on session 1a02d5963fd10a075334442a2fb8f2e5 to remote] DEBUG org.asynchttpclient.netty.request.NettyRequestSender - Using pooled Channel '[id: 0x23d13196, L:/127.0.0.1:60997 - R:localhost/127.0.0.1:25036]' for 'GET' to 'http://localhost:25036/session/1a02d5963fd10a075334442a2fb8f2e5/alert/text'
02:09:36.193 [Forwarding getAlertText on session 1a02d5963fd10a075334442a2fb8f2e5 to remote] DEBUG org.asynchttpclient.netty.request.NettyRequestSender - Using open Channel [id: 0x23d13196, L:/127.0.0.1:60997 - R:localhost/127.0.0.1:25036] for GET '/session/1a02d5963fd10a075334442a2fb8f2e5/alert/text'
02:09:36.196 [AsyncHttpClient-1-5] DEBUG org.asynchttpclient.netty.handler.HttpHandler - 

Request DefaultFullHttpRequest(decodeResult: success, version: HTTP/1.1, content: EmptyByteBufBE)
GET /session/1a02d5963fd10a075334442a2fb8f2e5/alert/text HTTP/1.1
User-Agent: selenium/4.8.1 (java windows)
Cache-Control: no-cache
Content-Type: application/json; charset=utf-8
host: localhost:25036
accept: */*

Response DefaultHttpResponse(decodeResult: success, version: HTTP/1.1)
HTTP/1.1 404 Not Found
Content-Length: 828
Content-Type: application/json; charset=utf-8
cache-control: no-cache

02:09:36.197 [AsyncHttpClient-1-5] DEBUG org.asynchttpclient.netty.channel.ChannelManager - Adding key: http://localhost:25036 for channel [id: 0x23d13196, L:/127.0.0.1:60997 - R:localhost/127.0.0.1:25036]
02:09:36.200 [Forwarding getCurrentUrl on session 1a02d5963fd10a075334442a2fb8f2e5 to remote] DEBUG org.asynchttpclient.netty.request.NettyRequestSender - Using pooled Channel '[id: 0x23d13196, L:/127.0.0.1:60997 - R:localhost/127.0.0.1:25036]' for 'GET' to 'http://localhost:25036/session/1a02d5963fd10a075334442a2fb8f2e5/url'
02:09:36.200 [Forwarding getCurrentUrl on session 1a02d5963fd10a075334442a2fb8f2e5 to remote] DEBUG org.asynchttpclient.netty.request.NettyRequestSender - Using open Channel [id: 0x23d13196, L:/127.0.0.1:60997 - R:localhost/127.0.0.1:25036] for GET '/session/1a02d5963fd10a075334442a2fb8f2e5/url'
02:09:36.212 [AsyncHttpClient-1-5] DEBUG org.asynchttpclient.netty.handler.HttpHandler - 

Request DefaultFullHttpRequest(decodeResult: success, version: HTTP/1.1, content: EmptyByteBufBE)
GET /session/1a02d5963fd10a075334442a2fb8f2e5/url HTTP/1.1
User-Agent: selenium/4.8.1 (java windows)
Cache-Control: no-cache
Content-Type: application/json; charset=utf-8
host: localhost:25036
accept: */*

Response DefaultHttpResponse(decodeResult: success, version: HTTP/1.1)
HTTP/1.1 200 OK
Content-Length: 56
Content-Type: application/json; charset=utf-8
cache-control: no-cache

02:09:36.213 [AsyncHttpClient-1-5] DEBUG org.asynchttpclient.netty.channel.ChannelManager - Adding key: http://localhost:25036 for channel [id: 0x23d13196, L:/127.0.0.1:60997 - R:localhost/127.0.0.1:25036]
02:09:36.216 [Forwarding screenshot on session 1a02d5963fd10a075334442a2fb8f2e5 to remote] DEBUG org.asynchttpclient.netty.request.NettyRequestSender - Using pooled Channel '[id: 0x23d13196, L:/127.0.0.1:60997 - R:localhost/127.0.0.1:25036]' for 'GET' to 'http://localhost:25036/session/1a02d5963fd10a075334442a2fb8f2e5/screenshot'
02:09:36.216 [Forwarding screenshot on session 1a02d5963fd10a075334442a2fb8f2e5 to remote] DEBUG org.asynchttpclient.netty.request.NettyRequestSender - Using open Channel [id: 0x23d13196, L:/127.0.0.1:60997 - R:localhost/127.0.0.1:25036] for GET '/session/1a02d5963fd10a075334442a2fb8f2e5/screenshot'
02:09:36.515 [AsyncHttpClient-1-5] DEBUG org.asynchttpclient.netty.handler.HttpHandler - 

Request DefaultFullHttpRequest(decodeResult: success, version: HTTP/1.1, content: EmptyByteBufBE)
GET /session/1a02d5963fd10a075334442a2fb8f2e5/screenshot HTTP/1.1
User-Agent: selenium/4.8.1 (java windows)
Cache-Control: no-cache
Content-Type: application/json; charset=utf-8
host: localhost:25036
accept: */*

Response DefaultHttpResponse(decodeResult: success, version: HTTP/1.1)
HTTP/1.1 200 OK
Content-Length: 115920
Content-Type: application/json; charset=utf-8
cache-control: no-cache

02:09:36.517 [AsyncHttpClient-1-5] DEBUG org.asynchttpclient.netty.channel.ChannelManager - Adding key: http://localhost:25036 for channel [id: 0x23d13196, L:/127.0.0.1:60997 - R:localhost/127.0.0.1:25036]
02:09:36.523 [main] DEBUG net.serenitybdd.core.photography.Darkroom - Send negative for processing for target\site\serenity\17b761db86950adf452c33ac0c5826e70494a35b1202adb5e49aa124d82ed99d.png
02:09:36.533 [Forwarding getPageSource on session 1a02d5963fd10a075334442a2fb8f2e5 to remote] DEBUG org.asynchttpclient.netty.request.NettyRequestSender - Using pooled Channel '[id: 0x23d13196, L:/127.0.0.1:60997 - R:localhost/127.0.0.1:25036]' for 'POST' to 'http://localhost:25036/session/1a02d5963fd10a075334442a2fb8f2e5/execute/sync'
02:09:36.533 [Forwarding getPageSource on session 1a02d5963fd10a075334442a2fb8f2e5 to remote] DEBUG org.asynchttpclient.netty.request.NettyRequestSender - Using open Channel [id: 0x23d13196, L:/127.0.0.1:60997 - R:localhost/127.0.0.1:25036] for POST '/session/1a02d5963fd10a075334442a2fb8f2e5/execute/sync'
02:09:36.545 [AsyncHttpClient-1-5] DEBUG org.asynchttpclient.netty.handler.HttpHandler - 

Request DefaultHttpRequest(decodeResult: success, version: HTTP/1.1)
POST /session/1a02d5963fd10a075334442a2fb8f2e5/execute/sync HTTP/1.1
User-Agent: selenium/4.8.1 (java windows)
Content-Length: 176
Content-Type: application/json; charset=utf-8
host: localhost:25036
accept: */*

Response DefaultHttpResponse(decodeResult: success, version: HTTP/1.1)
HTTP/1.1 200 OK
Content-Length: 3427
Content-Type: application/json; charset=utf-8
cache-control: no-cache

02:09:36.546 [AsyncHttpClient-1-5] DEBUG org.asynchttpclient.netty.channel.ChannelManager - Adding key: http://localhost:25036 for channel [id: 0x23d13196, L:/127.0.0.1:60997 - R:localhost/127.0.0.1:25036]
02:09:36.550 [Forwarding getCurrentUrl on session 1a02d5963fd10a075334442a2fb8f2e5 to remote] DEBUG org.asynchttpclient.netty.request.NettyRequestSender - Using pooled Channel '[id: 0x23d13196, L:/127.0.0.1:60997 - R:localhost/127.0.0.1:25036]' for 'GET' to 'http://localhost:25036/session/1a02d5963fd10a075334442a2fb8f2e5/url'
02:09:36.550 [Forwarding getCurrentUrl on session 1a02d5963fd10a075334442a2fb8f2e5 to remote] DEBUG org.asynchttpclient.netty.request.NettyRequestSender - Using open Channel [id: 0x23d13196, L:/127.0.0.1:60997 - R:localhost/127.0.0.1:25036] for GET '/session/1a02d5963fd10a075334442a2fb8f2e5/url'
02:09:36.561 [AsyncHttpClient-1-5] DEBUG org.asynchttpclient.netty.handler.HttpHandler - 

Request DefaultFullHttpRequest(decodeResult: success, version: HTTP/1.1, content: EmptyByteBufBE)
GET /session/1a02d5963fd10a075334442a2fb8f2e5/url HTTP/1.1
User-Agent: selenium/4.8.1 (java windows)
Cache-Control: no-cache
Content-Type: application/json; charset=utf-8
host: localhost:25036
accept: */*

Response DefaultHttpResponse(decodeResult: success, version: HTTP/1.1)
HTTP/1.1 200 OK
Content-Length: 56
Content-Type: application/json; charset=utf-8
cache-control: no-cache

02:09:36.561 [AsyncHttpClient-1-5] DEBUG org.asynchttpclient.netty.channel.ChannelManager - Adding key: http://localhost:25036 for channel [id: 0x23d13196, L:/127.0.0.1:60997 - R:localhost/127.0.0.1:25036]
02:09:36.581 [Forwarding getAlertText on session 1a02d5963fd10a075334442a2fb8f2e5 to remote] DEBUG org.asynchttpclient.netty.request.NettyRequestSender - Using pooled Channel '[id: 0x23d13196, L:/127.0.0.1:60997 - R:localhost/127.0.0.1:25036]' for 'GET' to 'http://localhost:25036/session/1a02d5963fd10a075334442a2fb8f2e5/alert/text'
02:09:36.582 [Forwarding getAlertText on session 1a02d5963fd10a075334442a2fb8f2e5 to remote] DEBUG org.asynchttpclient.netty.request.NettyRequestSender - Using open Channel [id: 0x23d13196, L:/127.0.0.1:60997 - R:localhost/127.0.0.1:25036] for GET '/session/1a02d5963fd10a075334442a2fb8f2e5/alert/text'
02:09:36.585 [AsyncHttpClient-1-5] DEBUG org.asynchttpclient.netty.handler.HttpHandler - 

Request DefaultFullHttpRequest(decodeResult: success, version: HTTP/1.1, content: EmptyByteBufBE)
GET /session/1a02d5963fd10a075334442a2fb8f2e5/alert/text HTTP/1.1
User-Agent: selenium/4.8.1 (java windows)
Cache-Control: no-cache
Content-Type: application/json; charset=utf-8
host: localhost:25036
accept: */*

Response DefaultHttpResponse(decodeResult: success, version: HTTP/1.1)
HTTP/1.1 404 Not Found
Content-Length: 828
Content-Type: application/json; charset=utf-8
cache-control: no-cache

02:09:36.585 [AsyncHttpClient-1-5] DEBUG org.asynchttpclient.netty.channel.ChannelManager - Adding key: http://localhost:25036 for channel [id: 0x23d13196, L:/127.0.0.1:60997 - R:localhost/127.0.0.1:25036]
02:09:36.588 [Forwarding getCurrentUrl on session 1a02d5963fd10a075334442a2fb8f2e5 to remote] DEBUG org.asynchttpclient.netty.request.NettyRequestSender - Using pooled Channel '[id: 0x23d13196, L:/127.0.0.1:60997 - R:localhost/127.0.0.1:25036]' for 'GET' to 'http://localhost:25036/session/1a02d5963fd10a075334442a2fb8f2e5/url'
02:09:36.588 [Forwarding getCurrentUrl on session 1a02d5963fd10a075334442a2fb8f2e5 to remote] DEBUG org.asynchttpclient.netty.request.NettyRequestSender - Using open Channel [id: 0x23d13196, L:/127.0.0.1:60997 - R:localhost/127.0.0.1:25036] for GET '/session/1a02d5963fd10a075334442a2fb8f2e5/url'
02:09:36.598 [AsyncHttpClient-1-5] DEBUG org.asynchttpclient.netty.handler.HttpHandler - 

Request DefaultFullHttpRequest(decodeResult: success, version: HTTP/1.1, content: EmptyByteBufBE)
GET /session/1a02d5963fd10a075334442a2fb8f2e5/url HTTP/1.1
User-Agent: selenium/4.8.1 (java windows)
Cache-Control: no-cache
Content-Type: application/json; charset=utf-8
host: localhost:25036
accept: */*

Response DefaultHttpResponse(decodeResult: success, version: HTTP/1.1)
HTTP/1.1 200 OK
Content-Length: 56
Content-Type: application/json; charset=utf-8
cache-control: no-cache

02:09:36.598 [AsyncHttpClient-1-5] DEBUG org.asynchttpclient.netty.channel.ChannelManager - Adding key: http://localhost:25036 for channel [id: 0x23d13196, L:/127.0.0.1:60997 - R:localhost/127.0.0.1:25036]
02:09:36.600 [Forwarding screenshot on session 1a02d5963fd10a075334442a2fb8f2e5 to remote] DEBUG org.asynchttpclient.netty.request.NettyRequestSender - Using pooled Channel '[id: 0x23d13196, L:/127.0.0.1:60997 - R:localhost/127.0.0.1:25036]' for 'GET' to 'http://localhost:25036/session/1a02d5963fd10a075334442a2fb8f2e5/screenshot'
02:09:36.600 [Forwarding screenshot on session 1a02d5963fd10a075334442a2fb8f2e5 to remote] DEBUG org.asynchttpclient.netty.request.NettyRequestSender - Using open Channel [id: 0x23d13196, L:/127.0.0.1:60997 - R:localhost/127.0.0.1:25036] for GET '/session/1a02d5963fd10a075334442a2fb8f2e5/screenshot'
02:09:36.892 [AsyncHttpClient-1-5] DEBUG org.asynchttpclient.netty.handler.HttpHandler - 

Request DefaultFullHttpRequest(decodeResult: success, version: HTTP/1.1, content: EmptyByteBufBE)
GET /session/1a02d5963fd10a075334442a2fb8f2e5/screenshot HTTP/1.1
User-Agent: selenium/4.8.1 (java windows)
Cache-Control: no-cache
Content-Type: application/json; charset=utf-8
host: localhost:25036
accept: */*

Response DefaultHttpResponse(decodeResult: success, version: HTTP/1.1)
HTTP/1.1 200 OK
Content-Length: 115920
Content-Type: application/json; charset=utf-8
cache-control: no-cache

02:09:36.894 [AsyncHttpClient-1-5] DEBUG org.asynchttpclient.netty.channel.ChannelManager - Adding key: http://localhost:25036 for channel [id: 0x23d13196, L:/127.0.0.1:60997 - R:localhost/127.0.0.1:25036]
02:09:36.900 [main] DEBUG net.serenitybdd.core.photography.Darkroom - Send negative for processing for target\site\serenity\17b761db86950adf452c33ac0c5826e70494a35b1202adb5e49aa124d82ed99d.png
02:09:36.904 [Forwarding getPageSource on session 1a02d5963fd10a075334442a2fb8f2e5 to remote] DEBUG org.asynchttpclient.netty.request.NettyRequestSender - Using pooled Channel '[id: 0x23d13196, L:/127.0.0.1:60997 - R:localhost/127.0.0.1:25036]' for 'POST' to 'http://localhost:25036/session/1a02d5963fd10a075334442a2fb8f2e5/execute/sync'
02:09:36.904 [Forwarding getPageSource on session 1a02d5963fd10a075334442a2fb8f2e5 to remote] DEBUG org.asynchttpclient.netty.request.NettyRequestSender - Using open Channel [id: 0x23d13196, L:/127.0.0.1:60997 - R:localhost/127.0.0.1:25036] for POST '/session/1a02d5963fd10a075334442a2fb8f2e5/execute/sync'
02:09:36.918 [AsyncHttpClient-1-5] DEBUG org.asynchttpclient.netty.handler.HttpHandler - 

Request DefaultHttpRequest(decodeResult: success, version: HTTP/1.1)
POST /session/1a02d5963fd10a075334442a2fb8f2e5/execute/sync HTTP/1.1
User-Agent: selenium/4.8.1 (java windows)
Content-Length: 176
Content-Type: application/json; charset=utf-8
host: localhost:25036
accept: */*

Response DefaultHttpResponse(decodeResult: success, version: HTTP/1.1)
HTTP/1.1 200 OK
Content-Length: 3427
Content-Type: application/json; charset=utf-8
cache-control: no-cache

02:09:36.918 [AsyncHttpClient-1-5] DEBUG org.asynchttpclient.netty.channel.ChannelManager - Adding key: http://localhost:25036 for channel [id: 0x23d13196, L:/127.0.0.1:60997 - R:localhost/127.0.0.1:25036]
02:09:36.924 [Forwarding getCurrentUrl on session 1a02d5963fd10a075334442a2fb8f2e5 to remote] DEBUG org.asynchttpclient.netty.request.NettyRequestSender - Using pooled Channel '[id: 0x23d13196, L:/127.0.0.1:60997 - R:localhost/127.0.0.1:25036]' for 'GET' to 'http://localhost:25036/session/1a02d5963fd10a075334442a2fb8f2e5/url'
02:09:36.924 [Forwarding getCurrentUrl on session 1a02d5963fd10a075334442a2fb8f2e5 to remote] DEBUG org.asynchttpclient.netty.request.NettyRequestSender - Using open Channel [id: 0x23d13196, L:/127.0.0.1:60997 - R:localhost/127.0.0.1:25036] for GET '/session/1a02d5963fd10a075334442a2fb8f2e5/url'
02:09:36.939 [AsyncHttpClient-1-5] DEBUG org.asynchttpclient.netty.handler.HttpHandler - 

Request DefaultFullHttpRequest(decodeResult: success, version: HTTP/1.1, content: EmptyByteBufBE)
GET /session/1a02d5963fd10a075334442a2fb8f2e5/url HTTP/1.1
User-Agent: selenium/4.8.1 (java windows)
Cache-Control: no-cache
Content-Type: application/json; charset=utf-8
host: localhost:25036
accept: */*

Response DefaultHttpResponse(decodeResult: success, version: HTTP/1.1)
HTTP/1.1 200 OK
Content-Length: 56
Content-Type: application/json; charset=utf-8
cache-control: no-cache

02:09:36.939 [AsyncHttpClient-1-5] DEBUG org.asynchttpclient.netty.channel.ChannelManager - Adding key: http://localhost:25036 for channel [id: 0x23d13196, L:/127.0.0.1:60997 - R:localhost/127.0.0.1:25036]
02:09:36.942 [main] DEBUG net.thucydides.core.steps.StepInterceptor - STARTING STEP: LoginSteps.enterInvalidUsername - enterUsername
02:09:36.956 [Forwarding findElement on session 1a02d5963fd10a075334442a2fb8f2e5 to remote] DEBUG org.asynchttpclient.netty.request.NettyRequestSender - Using pooled Channel '[id: 0x23d13196, L:/127.0.0.1:60997 - R:localhost/127.0.0.1:25036]' for 'POST' to 'http://localhost:25036/session/1a02d5963fd10a075334442a2fb8f2e5/element'
02:09:36.956 [Forwarding findElement on session 1a02d5963fd10a075334442a2fb8f2e5 to remote] DEBUG org.asynchttpclient.netty.request.NettyRequestSender - Using open Channel [id: 0x23d13196, L:/127.0.0.1:60997 - R:localhost/127.0.0.1:25036] for POST '/session/1a02d5963fd10a075334442a2fb8f2e5/element'
02:09:36.993 [AsyncHttpClient-1-5] DEBUG org.asynchttpclient.netty.handler.HttpHandler - 

Request DefaultHttpRequest(decodeResult: success, version: HTTP/1.1)
POST /session/1a02d5963fd10a075334442a2fb8f2e5/element HTTP/1.1
User-Agent: selenium/4.8.1 (java windows)
Content-Length: 53
Content-Type: application/json; charset=utf-8
host: localhost:25036
accept: */*

Response DefaultHttpResponse(decodeResult: success, version: HTTP/1.1)
HTTP/1.1 200 OK
Content-Length: 95
Content-Type: application/json; charset=utf-8
cache-control: no-cache

02:09:36.993 [AsyncHttpClient-1-5] DEBUG org.asynchttpclient.netty.channel.ChannelManager - Adding key: http://localhost:25036 for channel [id: 0x23d13196, L:/127.0.0.1:60997 - R:localhost/127.0.0.1:25036]
02:09:36.998 [Forwarding clearElement on session 1a02d5963fd10a075334442a2fb8f2e5 to remote] DEBUG org.asynchttpclient.netty.request.NettyRequestSender - Using pooled Channel '[id: 0x23d13196, L:/127.0.0.1:60997 - R:localhost/127.0.0.1:25036]' for 'POST' to 'http://localhost:25036/session/1a02d5963fd10a075334442a2fb8f2e5/element/BD749A24038C48DAF97DA54CCA33142A_element_13/clear'
02:09:36.998 [Forwarding clearElement on session 1a02d5963fd10a075334442a2fb8f2e5 to remote] DEBUG org.asynchttpclient.netty.request.NettyRequestSender - Using open Channel [id: 0x23d13196, L:/127.0.0.1:60997 - R:localhost/127.0.0.1:25036] for POST '/session/1a02d5963fd10a075334442a2fb8f2e5/element/BD749A24038C48DAF97DA54CCA33142A_element_13/clear'
02:09:37.040 [AsyncHttpClient-1-1] DEBUG org.asynchttpclient.netty.channel.DefaultChannelPool - Entry count for : http://localhost:60998 : 1
02:09:37.090 [AsyncHttpClient-1-5] DEBUG org.asynchttpclient.netty.handler.HttpHandler - 

Request DefaultHttpRequest(decodeResult: success, version: HTTP/1.1)
POST /session/1a02d5963fd10a075334442a2fb8f2e5/element/BD749A24038C48DAF97DA54CCA33142A_element_13/clear HTTP/1.1
User-Agent: selenium/4.8.1 (java windows)
Content-Length: 57
Content-Type: application/json; charset=utf-8
host: localhost:25036
accept: */*

Response DefaultHttpResponse(decodeResult: success, version: HTTP/1.1)
HTTP/1.1 200 OK
Content-Length: 14
Content-Type: application/json; charset=utf-8
cache-control: no-cache

02:09:37.090 [AsyncHttpClient-1-5] DEBUG org.asynchttpclient.netty.channel.ChannelManager - Adding key: http://localhost:25036 for channel [id: 0x23d13196, L:/127.0.0.1:60997 - R:localhost/127.0.0.1:25036]
02:09:37.094 [Forwarding sendKeysToElement on session 1a02d5963fd10a075334442a2fb8f2e5 to remote] DEBUG org.asynchttpclient.netty.request.NettyRequestSender - Using pooled Channel '[id: 0x23d13196, L:/127.0.0.1:60997 - R:localhost/127.0.0.1:25036]' for 'POST' to 'http://localhost:25036/session/1a02d5963fd10a075334442a2fb8f2e5/element/BD749A24038C48DAF97DA54CCA33142A_element_13/value'
02:09:37.094 [Forwarding sendKeysToElement on session 1a02d5963fd10a075334442a2fb8f2e5 to remote] DEBUG org.asynchttpclient.netty.request.NettyRequestSender - Using open Channel [id: 0x23d13196, L:/127.0.0.1:60997 - R:localhost/127.0.0.1:25036] for POST '/session/1a02d5963fd10a075334442a2fb8f2e5/element/BD749A24038C48DAF97DA54CCA33142A_element_13/value'
02:09:37.231 [AsyncHttpClient-1-5] DEBUG org.asynchttpclient.netty.handler.HttpHandler - 

Request DefaultHttpRequest(decodeResult: success, version: HTTP/1.1)
POST /session/1a02d5963fd10a075334442a2fb8f2e5/element/BD749A24038C48DAF97DA54CCA33142A_element_13/value HTTP/1.1
User-Agent: selenium/4.8.1 (java windows)
Content-Length: 118
Content-Type: application/json; charset=utf-8
host: localhost:25036
accept: */*

Response DefaultHttpResponse(decodeResult: success, version: HTTP/1.1)
HTTP/1.1 200 OK
Content-Length: 14
Content-Type: application/json; charset=utf-8
cache-control: no-cache

02:09:37.232 [AsyncHttpClient-1-5] DEBUG org.asynchttpclient.netty.channel.ChannelManager - Adding key: http://localhost:25036 for channel [id: 0x23d13196, L:/127.0.0.1:60997 - R:localhost/127.0.0.1:25036]
02:09:37.250 [Forwarding getAlertText on session 1a02d5963fd10a075334442a2fb8f2e5 to remote] DEBUG org.asynchttpclient.netty.request.NettyRequestSender - Using pooled Channel '[id: 0x23d13196, L:/127.0.0.1:60997 - R:localhost/127.0.0.1:25036]' for 'GET' to 'http://localhost:25036/session/1a02d5963fd10a075334442a2fb8f2e5/alert/text'
02:09:37.251 [Forwarding getAlertText on session 1a02d5963fd10a075334442a2fb8f2e5 to remote] DEBUG org.asynchttpclient.netty.request.NettyRequestSender - Using open Channel [id: 0x23d13196, L:/127.0.0.1:60997 - R:localhost/127.0.0.1:25036] for GET '/session/1a02d5963fd10a075334442a2fb8f2e5/alert/text'
02:09:37.254 [AsyncHttpClient-1-5] DEBUG org.asynchttpclient.netty.handler.HttpHandler - 

Request DefaultFullHttpRequest(decodeResult: success, version: HTTP/1.1, content: EmptyByteBufBE)
GET /session/1a02d5963fd10a075334442a2fb8f2e5/alert/text HTTP/1.1
User-Agent: selenium/4.8.1 (java windows)
Cache-Control: no-cache
Content-Type: application/json; charset=utf-8
host: localhost:25036
accept: */*

Response DefaultHttpResponse(decodeResult: success, version: HTTP/1.1)
HTTP/1.1 404 Not Found
Content-Length: 828
Content-Type: application/json; charset=utf-8
cache-control: no-cache

02:09:37.255 [AsyncHttpClient-1-5] DEBUG org.asynchttpclient.netty.channel.ChannelManager - Adding key: http://localhost:25036 for channel [id: 0x23d13196, L:/127.0.0.1:60997 - R:localhost/127.0.0.1:25036]
02:09:37.257 [Forwarding getCurrentUrl on session 1a02d5963fd10a075334442a2fb8f2e5 to remote] DEBUG org.asynchttpclient.netty.request.NettyRequestSender - Using pooled Channel '[id: 0x23d13196, L:/127.0.0.1:60997 - R:localhost/127.0.0.1:25036]' for 'GET' to 'http://localhost:25036/session/1a02d5963fd10a075334442a2fb8f2e5/url'
02:09:37.258 [Forwarding getCurrentUrl on session 1a02d5963fd10a075334442a2fb8f2e5 to remote] DEBUG org.asynchttpclient.netty.request.NettyRequestSender - Using open Channel [id: 0x23d13196, L:/127.0.0.1:60997 - R:localhost/127.0.0.1:25036] for GET '/session/1a02d5963fd10a075334442a2fb8f2e5/url'
02:09:37.267 [AsyncHttpClient-1-5] DEBUG org.asynchttpclient.netty.handler.HttpHandler - 

Request DefaultFullHttpRequest(decodeResult: success, version: HTTP/1.1, content: EmptyByteBufBE)
GET /session/1a02d5963fd10a075334442a2fb8f2e5/url HTTP/1.1
User-Agent: selenium/4.8.1 (java windows)
Cache-Control: no-cache
Content-Type: application/json; charset=utf-8
host: localhost:25036
accept: */*

Response DefaultHttpResponse(decodeResult: success, version: HTTP/1.1)
HTTP/1.1 200 OK
Content-Length: 56
Content-Type: application/json; charset=utf-8
cache-control: no-cache

02:09:37.268 [AsyncHttpClient-1-5] DEBUG org.asynchttpclient.netty.channel.ChannelManager - Adding key: http://localhost:25036 for channel [id: 0x23d13196, L:/127.0.0.1:60997 - R:localhost/127.0.0.1:25036]
02:09:37.270 [Forwarding screenshot on session 1a02d5963fd10a075334442a2fb8f2e5 to remote] DEBUG org.asynchttpclient.netty.request.NettyRequestSender - Using pooled Channel '[id: 0x23d13196, L:/127.0.0.1:60997 - R:localhost/127.0.0.1:25036]' for 'GET' to 'http://localhost:25036/session/1a02d5963fd10a075334442a2fb8f2e5/screenshot'
02:09:37.271 [Forwarding screenshot on session 1a02d5963fd10a075334442a2fb8f2e5 to remote] DEBUG org.asynchttpclient.netty.request.NettyRequestSender - Using open Channel [id: 0x23d13196, L:/127.0.0.1:60997 - R:localhost/127.0.0.1:25036] for GET '/session/1a02d5963fd10a075334442a2fb8f2e5/screenshot'
02:09:37.540 [AsyncHttpClient-1-5] DEBUG org.asynchttpclient.netty.handler.HttpHandler - 

Request DefaultFullHttpRequest(decodeResult: success, version: HTTP/1.1, content: EmptyByteBufBE)
GET /session/1a02d5963fd10a075334442a2fb8f2e5/screenshot HTTP/1.1
User-Agent: selenium/4.8.1 (java windows)
Cache-Control: no-cache
Content-Type: application/json; charset=utf-8
host: localhost:25036
accept: */*

Response DefaultHttpResponse(decodeResult: success, version: HTTP/1.1)
HTTP/1.1 200 OK
Content-Length: 115780
Content-Type: application/json; charset=utf-8
cache-control: no-cache

02:09:37.541 [AsyncHttpClient-1-5] DEBUG org.asynchttpclient.netty.channel.ChannelManager - Adding key: http://localhost:25036 for channel [id: 0x23d13196, L:/127.0.0.1:60997 - R:localhost/127.0.0.1:25036]
02:09:37.547 [main] DEBUG net.serenitybdd.core.photography.Darkroom - Send negative for processing for target\site\serenity\ca8721408583bd141a1ccdd165d05c5e4c4b65283bf732045304fd579b38b982.png
02:09:37.548 [Darkroom Processing Line] DEBUG net.serenitybdd.core.photography.DarkroomProcessingLine - Processing screenshot image in /var/screenshots/screenshot-14525744033154657839
02:09:37.548 [Darkroom Processing Line] DEBUG net.serenitybdd.core.photography.DarkroomProcessingLine - Saving screenshot to target\site\serenity\ca8721408583bd141a1ccdd165d05c5e4c4b65283bf732045304fd579b38b982.png
02:09:37.552 [Forwarding getPageSource on session 1a02d5963fd10a075334442a2fb8f2e5 to remote] DEBUG org.asynchttpclient.netty.request.NettyRequestSender - Using pooled Channel '[id: 0x23d13196, L:/127.0.0.1:60997 - R:localhost/127.0.0.1:25036]' for 'POST' to 'http://localhost:25036/session/1a02d5963fd10a075334442a2fb8f2e5/execute/sync'
02:09:37.552 [Forwarding getPageSource on session 1a02d5963fd10a075334442a2fb8f2e5 to remote] DEBUG org.asynchttpclient.netty.request.NettyRequestSender - Using open Channel [id: 0x23d13196, L:/127.0.0.1:60997 - R:localhost/127.0.0.1:25036] for POST '/session/1a02d5963fd10a075334442a2fb8f2e5/execute/sync'
02:09:37.564 [AsyncHttpClient-1-5] DEBUG org.asynchttpclient.netty.handler.HttpHandler - 

Request DefaultHttpRequest(decodeResult: success, version: HTTP/1.1)
POST /session/1a02d5963fd10a075334442a2fb8f2e5/execute/sync HTTP/1.1
User-Agent: selenium/4.8.1 (java windows)
Content-Length: 176
Content-Type: application/json; charset=utf-8
host: localhost:25036
accept: */*

Response DefaultHttpResponse(decodeResult: success, version: HTTP/1.1)
HTTP/1.1 200 OK
Content-Length: 3427
Content-Type: application/json; charset=utf-8
cache-control: no-cache

02:09:37.565 [AsyncHttpClient-1-5] DEBUG org.asynchttpclient.netty.channel.ChannelManager - Adding key: http://localhost:25036 for channel [id: 0x23d13196, L:/127.0.0.1:60997 - R:localhost/127.0.0.1:25036]
02:09:37.570 [Forwarding getCurrentUrl on session 1a02d5963fd10a075334442a2fb8f2e5 to remote] DEBUG org.asynchttpclient.netty.request.NettyRequestSender - Using pooled Channel '[id: 0x23d13196, L:/127.0.0.1:60997 - R:localhost/127.0.0.1:25036]' for 'GET' to 'http://localhost:25036/session/1a02d5963fd10a075334442a2fb8f2e5/url'
02:09:37.570 [Forwarding getCurrentUrl on session 1a02d5963fd10a075334442a2fb8f2e5 to remote] DEBUG org.asynchttpclient.netty.request.NettyRequestSender - Using open Channel [id: 0x23d13196, L:/127.0.0.1:60997 - R:localhost/127.0.0.1:25036] for GET '/session/1a02d5963fd10a075334442a2fb8f2e5/url'
02:09:37.583 [AsyncHttpClient-1-5] DEBUG org.asynchttpclient.netty.handler.HttpHandler - 

Request DefaultFullHttpRequest(decodeResult: success, version: HTTP/1.1, content: EmptyByteBufBE)
GET /session/1a02d5963fd10a075334442a2fb8f2e5/url HTTP/1.1
User-Agent: selenium/4.8.1 (java windows)
Cache-Control: no-cache
Content-Type: application/json; charset=utf-8
host: localhost:25036
accept: */*

Response DefaultHttpResponse(decodeResult: success, version: HTTP/1.1)
HTTP/1.1 200 OK
Content-Length: 56
Content-Type: application/json; charset=utf-8
cache-control: no-cache

02:09:37.583 [AsyncHttpClient-1-5] DEBUG org.asynchttpclient.netty.channel.ChannelManager - Adding key: http://localhost:25036 for channel [id: 0x23d13196, L:/127.0.0.1:60997 - R:localhost/127.0.0.1:25036]
02:09:37.592 [main] DEBUG net.thucydides.core.steps.StepInterceptor - STEP DONE: enterUsername
  &amp#27;[32mAnd &amp#27;[0m&amp#27;[32mI enter invalid username&amp#27;[0m                                                 &amp#27;[90m# starter.stepdefinitions.LoginSteps.enterInvalidUsername()&amp#27;[0m
02:09:37.608 [Forwarding getAlertText on session 1a02d5963fd10a075334442a2fb8f2e5 to remote] DEBUG org.asynchttpclient.netty.request.NettyRequestSender - Using pooled Channel '[id: 0x23d13196, L:/127.0.0.1:60997 - R:localhost/127.0.0.1:25036]' for 'GET' to 'http://localhost:25036/session/1a02d5963fd10a075334442a2fb8f2e5/alert/text'
02:09:37.608 [Forwarding getAlertText on session 1a02d5963fd10a075334442a2fb8f2e5 to remote] DEBUG org.asynchttpclient.netty.request.NettyRequestSender - Using open Channel [id: 0x23d13196, L:/127.0.0.1:60997 - R:localhost/127.0.0.1:25036] for GET '/session/1a02d5963fd10a075334442a2fb8f2e5/alert/text'
02:09:37.612 [AsyncHttpClient-1-5] DEBUG org.asynchttpclient.netty.handler.HttpHandler - 

Request DefaultFullHttpRequest(decodeResult: success, version: HTTP/1.1, content: EmptyByteBufBE)
GET /session/1a02d5963fd10a075334442a2fb8f2e5/alert/text HTTP/1.1
User-Agent: selenium/4.8.1 (java windows)
Cache-Control: no-cache
Content-Type: application/json; charset=utf-8
host: localhost:25036
accept: */*

Response DefaultHttpResponse(decodeResult: success, version: HTTP/1.1)
HTTP/1.1 404 Not Found
Content-Length: 828
Content-Type: application/json; charset=utf-8
cache-control: no-cache

02:09:37.612 [AsyncHttpClient-1-5] DEBUG org.asynchttpclient.netty.channel.ChannelManager - Adding key: http://localhost:25036 for channel [id: 0x23d13196, L:/127.0.0.1:60997 - R:localhost/127.0.0.1:25036]
02:09:37.616 [Forwarding getCurrentUrl on session 1a02d5963fd10a075334442a2fb8f2e5 to remote] DEBUG org.asynchttpclient.netty.request.NettyRequestSender - Using pooled Channel '[id: 0x23d13196, L:/127.0.0.1:60997 - R:localhost/127.0.0.1:25036]' for 'GET' to 'http://localhost:25036/session/1a02d5963fd10a075334442a2fb8f2e5/url'
02:09:37.616 [Forwarding getCurrentUrl on session 1a02d5963fd10a075334442a2fb8f2e5 to remote] DEBUG org.asynchttpclient.netty.request.NettyRequestSender - Using open Channel [id: 0x23d13196, L:/127.0.0.1:60997 - R:localhost/127.0.0.1:25036] for GET '/session/1a02d5963fd10a075334442a2fb8f2e5/url'
02:09:37.626 [AsyncHttpClient-1-5] DEBUG org.asynchttpclient.netty.handler.HttpHandler - 

Request DefaultFullHttpRequest(decodeResult: success, version: HTTP/1.1, content: EmptyByteBufBE)
GET /session/1a02d5963fd10a075334442a2fb8f2e5/url HTTP/1.1
User-Agent: selenium/4.8.1 (java windows)
Cache-Control: no-cache
Content-Type: application/json; charset=utf-8
host: localhost:25036
accept: */*

Response DefaultHttpResponse(decodeResult: success, version: HTTP/1.1)
HTTP/1.1 200 OK
Content-Length: 56
Content-Type: application/json; charset=utf-8
cache-control: no-cache

02:09:37.627 [AsyncHttpClient-1-5] DEBUG org.asynchttpclient.netty.channel.ChannelManager - Adding key: http://localhost:25036 for channel [id: 0x23d13196, L:/127.0.0.1:60997 - R:localhost/127.0.0.1:25036]
02:09:37.629 [Forwarding screenshot on session 1a02d5963fd10a075334442a2fb8f2e5 to remote] DEBUG org.asynchttpclient.netty.request.NettyRequestSender - Using pooled Channel '[id: 0x23d13196, L:/127.0.0.1:60997 - R:localhost/127.0.0.1:25036]' for 'GET' to 'http://localhost:25036/session/1a02d5963fd10a075334442a2fb8f2e5/screenshot'
02:09:37.629 [Forwarding screenshot on session 1a02d5963fd10a075334442a2fb8f2e5 to remote] DEBUG org.asynchttpclient.netty.request.NettyRequestSender - Using open Channel [id: 0x23d13196, L:/127.0.0.1:60997 - R:localhost/127.0.0.1:25036] for GET '/session/1a02d5963fd10a075334442a2fb8f2e5/screenshot'
02:09:37.907 [AsyncHttpClient-1-5] DEBUG org.asynchttpclient.netty.handler.HttpHandler - 

Request DefaultFullHttpRequest(decodeResult: success, version: HTTP/1.1, content: EmptyByteBufBE)
GET /session/1a02d5963fd10a075334442a2fb8f2e5/screenshot HTTP/1.1
User-Agent: selenium/4.8.1 (java windows)
Cache-Control: no-cache
Content-Type: application/json; charset=utf-8
host: localhost:25036
accept: */*

Response DefaultHttpResponse(decodeResult: success, version: HTTP/1.1)
HTTP/1.1 200 OK
Content-Length: 115780
Content-Type: application/json; charset=utf-8
cache-control: no-cache

02:09:37.910 [AsyncHttpClient-1-5] DEBUG org.asynchttpclient.netty.channel.ChannelManager - Adding key: http://localhost:25036 for channel [id: 0x23d13196, L:/127.0.0.1:60997 - R:localhost/127.0.0.1:25036]
02:09:37.917 [main] DEBUG net.serenitybdd.core.photography.Darkroom - Send negative for processing for target\site\serenity\ca8721408583bd141a1ccdd165d05c5e4c4b65283bf732045304fd579b38b982.png
02:09:37.930 [Forwarding getPageSource on session 1a02d5963fd10a075334442a2fb8f2e5 to remote] DEBUG org.asynchttpclient.netty.request.NettyRequestSender - Using pooled Channel '[id: 0x23d13196, L:/127.0.0.1:60997 - R:localhost/127.0.0.1:25036]' for 'POST' to 'http://localhost:25036/session/1a02d5963fd10a075334442a2fb8f2e5/execute/sync'
02:09:37.931 [Forwarding getPageSource on session 1a02d5963fd10a075334442a2fb8f2e5 to remote] DEBUG org.asynchttpclient.netty.request.NettyRequestSender - Using open Channel [id: 0x23d13196, L:/127.0.0.1:60997 - R:localhost/127.0.0.1:25036] for POST '/session/1a02d5963fd10a075334442a2fb8f2e5/execute/sync'
02:09:37.944 [AsyncHttpClient-1-5] DEBUG org.asynchttpclient.netty.handler.HttpHandler - 

Request DefaultHttpRequest(decodeResult: success, version: HTTP/1.1)
POST /session/1a02d5963fd10a075334442a2fb8f2e5/execute/sync HTTP/1.1
User-Agent: selenium/4.8.1 (java windows)
Content-Length: 176
Content-Type: application/json; charset=utf-8
host: localhost:25036
accept: */*

Response DefaultHttpResponse(decodeResult: success, version: HTTP/1.1)
HTTP/1.1 200 OK
Content-Length: 3427
Content-Type: application/json; charset=utf-8
cache-control: no-cache

02:09:37.945 [AsyncHttpClient-1-5] DEBUG org.asynchttpclient.netty.channel.ChannelManager - Adding key: http://localhost:25036 for channel [id: 0x23d13196, L:/127.0.0.1:60997 - R:localhost/127.0.0.1:25036]
02:09:37.949 [Forwarding getCurrentUrl on session 1a02d5963fd10a075334442a2fb8f2e5 to remote] DEBUG org.asynchttpclient.netty.request.NettyRequestSender - Using pooled Channel '[id: 0x23d13196, L:/127.0.0.1:60997 - R:localhost/127.0.0.1:25036]' for 'GET' to 'http://localhost:25036/session/1a02d5963fd10a075334442a2fb8f2e5/url'
02:09:37.949 [Forwarding getCurrentUrl on session 1a02d5963fd10a075334442a2fb8f2e5 to remote] DEBUG org.asynchttpclient.netty.request.NettyRequestSender - Using open Channel [id: 0x23d13196, L:/127.0.0.1:60997 - R:localhost/127.0.0.1:25036] for GET '/session/1a02d5963fd10a075334442a2fb8f2e5/url'
02:09:37.961 [AsyncHttpClient-1-5] DEBUG org.asynchttpclient.netty.handler.HttpHandler - 

Request DefaultFullHttpRequest(decodeResult: success, version: HTTP/1.1, content: EmptyByteBufBE)
GET /session/1a02d5963fd10a075334442a2fb8f2e5/url HTTP/1.1
User-Agent: selenium/4.8.1 (java windows)
Cache-Control: no-cache
Content-Type: application/json; charset=utf-8
host: localhost:25036
accept: */*

Response DefaultHttpResponse(decodeResult: success, version: HTTP/1.1)
HTTP/1.1 200 OK
Content-Length: 56
Content-Type: application/json; charset=utf-8
cache-control: no-cache

02:09:37.962 [AsyncHttpClient-1-5] DEBUG org.asynchttpclient.netty.channel.ChannelManager - Adding key: http://localhost:25036 for channel [id: 0x23d13196, L:/127.0.0.1:60997 - R:localhost/127.0.0.1:25036]
02:09:37.988 [Forwarding getAlertText on session 1a02d5963fd10a075334442a2fb8f2e5 to remote] DEBUG org.asynchttpclient.netty.request.NettyRequestSender - Using pooled Channel '[id: 0x23d13196, L:/127.0.0.1:60997 - R:localhost/127.0.0.1:25036]' for 'GET' to 'http://localhost:25036/session/1a02d5963fd10a075334442a2fb8f2e5/alert/text'
02:09:37.988 [Forwarding getAlertText on session 1a02d5963fd10a075334442a2fb8f2e5 to remote] DEBUG org.asynchttpclient.netty.request.NettyRequestSender - Using open Channel [id: 0x23d13196, L:/127.0.0.1:60997 - R:localhost/127.0.0.1:25036] for GET '/session/1a02d5963fd10a075334442a2fb8f2e5/alert/text'
02:09:37.993 [AsyncHttpClient-1-5] DEBUG org.asynchttpclient.netty.handler.HttpHandler - 

Request DefaultFullHttpRequest(decodeResult: success, version: HTTP/1.1, content: EmptyByteBufBE)
GET /session/1a02d5963fd10a075334442a2fb8f2e5/alert/text HTTP/1.1
User-Agent: selenium/4.8.1 (java windows)
Cache-Control: no-cache
Content-Type: application/json; charset=utf-8
host: localhost:25036
accept: */*

Response DefaultHttpResponse(decodeResult: success, version: HTTP/1.1)
HTTP/1.1 404 Not Found
Content-Length: 828
Content-Type: application/json; charset=utf-8
cache-control: no-cache

02:09:37.993 [AsyncHttpClient-1-5] DEBUG org.asynchttpclient.netty.channel.ChannelManager - Adding key: http://localhost:25036 for channel [id: 0x23d13196, L:/127.0.0.1:60997 - R:localhost/127.0.0.1:25036]
02:09:37.997 [Forwarding getCurrentUrl on session 1a02d5963fd10a075334442a2fb8f2e5 to remote] DEBUG org.asynchttpclient.netty.request.NettyRequestSender - Using pooled Channel '[id: 0x23d13196, L:/127.0.0.1:60997 - R:localhost/127.0.0.1:25036]' for 'GET' to 'http://localhost:25036/session/1a02d5963fd10a075334442a2fb8f2e5/url'
02:09:37.997 [Forwarding getCurrentUrl on session 1a02d5963fd10a075334442a2fb8f2e5 to remote] DEBUG org.asynchttpclient.netty.request.NettyRequestSender - Using open Channel [id: 0x23d13196, L:/127.0.0.1:60997 - R:localhost/127.0.0.1:25036] for GET '/session/1a02d5963fd10a075334442a2fb8f2e5/url'
02:09:38.013 [AsyncHttpClient-1-5] DEBUG org.asynchttpclient.netty.handler.HttpHandler - 

Request DefaultFullHttpRequest(decodeResult: success, version: HTTP/1.1, content: EmptyByteBufBE)
GET /session/1a02d5963fd10a075334442a2fb8f2e5/url HTTP/1.1
User-Agent: selenium/4.8.1 (java windows)
Cache-Control: no-cache
Content-Type: application/json; charset=utf-8
host: localhost:25036
accept: */*

Response DefaultHttpResponse(decodeResult: success, version: HTTP/1.1)
HTTP/1.1 200 OK
Content-Length: 56
Content-Type: application/json; charset=utf-8
cache-control: no-cache

02:09:38.013 [AsyncHttpClient-1-5] DEBUG org.asynchttpclient.netty.channel.ChannelManager - Adding key: http://localhost:25036 for channel [id: 0x23d13196, L:/127.0.0.1:60997 - R:localhost/127.0.0.1:25036]
02:09:38.015 [Forwarding screenshot on session 1a02d5963fd10a075334442a2fb8f2e5 to remote] DEBUG org.asynchttpclient.netty.request.NettyRequestSender - Using pooled Channel '[id: 0x23d13196, L:/127.0.0.1:60997 - R:localhost/127.0.0.1:25036]' for 'GET' to 'http://localhost:25036/session/1a02d5963fd10a075334442a2fb8f2e5/screenshot'
02:09:38.016 [Forwarding screenshot on session 1a02d5963fd10a075334442a2fb8f2e5 to remote] DEBUG org.asynchttpclient.netty.request.NettyRequestSender - Using open Channel [id: 0x23d13196, L:/127.0.0.1:60997 - R:localhost/127.0.0.1:25036] for GET '/session/1a02d5963fd10a075334442a2fb8f2e5/screenshot'
02:09:38.130 [AsyncHttpClient-1-1] DEBUG org.asynchttpclient.netty.channel.DefaultChannelPool - Entry count for : http://localhost:60998 : 1
02:09:38.353 [AsyncHttpClient-1-5] DEBUG org.asynchttpclient.netty.handler.HttpHandler - 

Request DefaultFullHttpRequest(decodeResult: success, version: HTTP/1.1, content: EmptyByteBufBE)
GET /session/1a02d5963fd10a075334442a2fb8f2e5/screenshot HTTP/1.1
User-Agent: selenium/4.8.1 (java windows)
Cache-Control: no-cache
Content-Type: application/json; charset=utf-8
host: localhost:25036
accept: */*

Response DefaultHttpResponse(decodeResult: success, version: HTTP/1.1)
HTTP/1.1 200 OK
Content-Length: 115756
Content-Type: application/json; charset=utf-8
cache-control: no-cache

02:09:38.354 [AsyncHttpClient-1-5] DEBUG org.asynchttpclient.netty.channel.ChannelManager - Adding key: http://localhost:25036 for channel [id: 0x23d13196, L:/127.0.0.1:60997 - R:localhost/127.0.0.1:25036]
02:09:38.362 [main] DEBUG net.serenitybdd.core.photography.Darkroom - Send negative for processing for target\site\serenity\5ced0ef5c2f08d9d85d9152294ad2eedec63f8b60bb8ebf8c0a1418d46c8a07c.png
02:09:38.363 [Darkroom Processing Line] DEBUG net.serenitybdd.core.photography.DarkroomProcessingLine - Processing screenshot image in /var/screenshots/screenshot-1884075867640019280
02:09:38.363 [Darkroom Processing Line] DEBUG net.serenitybdd.core.photography.DarkroomProcessingLine - Saving screenshot to target\site\serenity\5ced0ef5c2f08d9d85d9152294ad2eedec63f8b60bb8ebf8c0a1418d46c8a07c.png
02:09:38.366 [Forwarding getPageSource on session 1a02d5963fd10a075334442a2fb8f2e5 to remote] DEBUG org.asynchttpclient.netty.request.NettyRequestSender - Using pooled Channel '[id: 0x23d13196, L:/127.0.0.1:60997 - R:localhost/127.0.0.1:25036]' for 'POST' to 'http://localhost:25036/session/1a02d5963fd10a075334442a2fb8f2e5/execute/sync'
02:09:38.367 [Forwarding getPageSource on session 1a02d5963fd10a075334442a2fb8f2e5 to remote] DEBUG org.asynchttpclient.netty.request.NettyRequestSender - Using open Channel [id: 0x23d13196, L:/127.0.0.1:60997 - R:localhost/127.0.0.1:25036] for POST '/session/1a02d5963fd10a075334442a2fb8f2e5/execute/sync'
02:09:38.390 [AsyncHttpClient-1-5] DEBUG org.asynchttpclient.netty.handler.HttpHandler - 

Request DefaultHttpRequest(decodeResult: success, version: HTTP/1.1)
POST /session/1a02d5963fd10a075334442a2fb8f2e5/execute/sync HTTP/1.1
User-Agent: selenium/4.8.1 (java windows)
Content-Length: 176
Content-Type: application/json; charset=utf-8
host: localhost:25036
accept: */*

Response DefaultHttpResponse(decodeResult: success, version: HTTP/1.1)
HTTP/1.1 200 OK
Content-Length: 3427
Content-Type: application/json; charset=utf-8
cache-control: no-cache

02:09:38.390 [AsyncHttpClient-1-5] DEBUG org.asynchttpclient.netty.channel.ChannelManager - Adding key: http://localhost:25036 for channel [id: 0x23d13196, L:/127.0.0.1:60997 - R:localhost/127.0.0.1:25036]
02:09:38.395 [Forwarding getCurrentUrl on session 1a02d5963fd10a075334442a2fb8f2e5 to remote] DEBUG org.asynchttpclient.netty.request.NettyRequestSender - Using pooled Channel '[id: 0x23d13196, L:/127.0.0.1:60997 - R:localhost/127.0.0.1:25036]' for 'GET' to 'http://localhost:25036/session/1a02d5963fd10a075334442a2fb8f2e5/url'
02:09:38.395 [Forwarding getCurrentUrl on session 1a02d5963fd10a075334442a2fb8f2e5 to remote] DEBUG org.asynchttpclient.netty.request.NettyRequestSender - Using open Channel [id: 0x23d13196, L:/127.0.0.1:60997 - R:localhost/127.0.0.1:25036] for GET '/session/1a02d5963fd10a075334442a2fb8f2e5/url'
02:09:38.416 [AsyncHttpClient-1-5] DEBUG org.asynchttpclient.netty.handler.HttpHandler - 

Request DefaultFullHttpRequest(decodeResult: success, version: HTTP/1.1, content: EmptyByteBufBE)
GET /session/1a02d5963fd10a075334442a2fb8f2e5/url HTTP/1.1
User-Agent: selenium/4.8.1 (java windows)
Cache-Control: no-cache
Content-Type: application/json; charset=utf-8
host: localhost:25036
accept: */*

Response DefaultHttpResponse(decodeResult: success, version: HTTP/1.1)
HTTP/1.1 200 OK
Content-Length: 56
Content-Type: application/json; charset=utf-8
cache-control: no-cache

02:09:38.416 [AsyncHttpClient-1-5] DEBUG org.asynchttpclient.netty.channel.ChannelManager - Adding key: http://localhost:25036 for channel [id: 0x23d13196, L:/127.0.0.1:60997 - R:localhost/127.0.0.1:25036]
02:09:38.421 [main] DEBUG net.thucydides.core.steps.StepInterceptor - STARTING STEP: LoginSteps.enterPassword - enterPassword
02:09:38.427 [Forwarding findElement on session 1a02d5963fd10a075334442a2fb8f2e5 to remote] DEBUG org.asynchttpclient.netty.request.NettyRequestSender - Using pooled Channel '[id: 0x23d13196, L:/127.0.0.1:60997 - R:localhost/127.0.0.1:25036]' for 'POST' to 'http://localhost:25036/session/1a02d5963fd10a075334442a2fb8f2e5/element'
02:09:38.427 [Forwarding findElement on session 1a02d5963fd10a075334442a2fb8f2e5 to remote] DEBUG org.asynchttpclient.netty.request.NettyRequestSender - Using open Channel [id: 0x23d13196, L:/127.0.0.1:60997 - R:localhost/127.0.0.1:25036] for POST '/session/1a02d5963fd10a075334442a2fb8f2e5/element'
02:09:38.463 [AsyncHttpClient-1-5] DEBUG org.asynchttpclient.netty.handler.HttpHandler - 

Request DefaultHttpRequest(decodeResult: success, version: HTTP/1.1)
POST /session/1a02d5963fd10a075334442a2fb8f2e5/element HTTP/1.1
User-Agent: selenium/4.8.1 (java windows)
Content-Length: 72
Content-Type: application/json; charset=utf-8
host: localhost:25036
accept: */*

Response DefaultHttpResponse(decodeResult: success, version: HTTP/1.1)
HTTP/1.1 200 OK
Content-Length: 95
Content-Type: application/json; charset=utf-8
cache-control: no-cache

02:09:38.463 [AsyncHttpClient-1-5] DEBUG org.asynchttpclient.netty.channel.ChannelManager - Adding key: http://localhost:25036 for channel [id: 0x23d13196, L:/127.0.0.1:60997 - R:localhost/127.0.0.1:25036]
02:09:38.468 [Forwarding clearElement on session 1a02d5963fd10a075334442a2fb8f2e5 to remote] DEBUG org.asynchttpclient.netty.request.NettyRequestSender - Using pooled Channel '[id: 0x23d13196, L:/127.0.0.1:60997 - R:localhost/127.0.0.1:25036]' for 'POST' to 'http://localhost:25036/session/1a02d5963fd10a075334442a2fb8f2e5/element/BD749A24038C48DAF97DA54CCA33142A_element_12/clear'
02:09:38.468 [Forwarding clearElement on session 1a02d5963fd10a075334442a2fb8f2e5 to remote] DEBUG org.asynchttpclient.netty.request.NettyRequestSender - Using open Channel [id: 0x23d13196, L:/127.0.0.1:60997 - R:localhost/127.0.0.1:25036] for POST '/session/1a02d5963fd10a075334442a2fb8f2e5/element/BD749A24038C48DAF97DA54CCA33142A_element_12/clear'
02:09:38.545 [AsyncHttpClient-1-5] DEBUG org.asynchttpclient.netty.handler.HttpHandler - 

Request DefaultHttpRequest(decodeResult: success, version: HTTP/1.1)
POST /session/1a02d5963fd10a075334442a2fb8f2e5/element/BD749A24038C48DAF97DA54CCA33142A_element_12/clear HTTP/1.1
User-Agent: selenium/4.8.1 (java windows)
Content-Length: 57
Content-Type: application/json; charset=utf-8
host: localhost:25036
accept: */*

Response DefaultHttpResponse(decodeResult: success, version: HTTP/1.1)
HTTP/1.1 200 OK
Content-Length: 14
Content-Type: application/json; charset=utf-8
cache-control: no-cache

02:09:38.545 [AsyncHttpClient-1-5] DEBUG org.asynchttpclient.netty.channel.ChannelManager - Adding key: http://localhost:25036 for channel [id: 0x23d13196, L:/127.0.0.1:60997 - R:localhost/127.0.0.1:25036]
02:09:38.551 [Forwarding sendKeysToElement on session 1a02d5963fd10a075334442a2fb8f2e5 to remote] DEBUG org.asynchttpclient.netty.request.NettyRequestSender - Using pooled Channel '[id: 0x23d13196, L:/127.0.0.1:60997 - R:localhost/127.0.0.1:25036]' for 'POST' to 'http://localhost:25036/session/1a02d5963fd10a075334442a2fb8f2e5/element/BD749A24038C48DAF97DA54CCA33142A_element_12/value'
02:09:38.551 [Forwarding sendKeysToElement on session 1a02d5963fd10a075334442a2fb8f2e5 to remote] DEBUG org.asynchttpclient.netty.request.NettyRequestSender - Using open Channel [id: 0x23d13196, L:/127.0.0.1:60997 - R:localhost/127.0.0.1:25036] for POST '/session/1a02d5963fd10a075334442a2fb8f2e5/element/BD749A24038C48DAF97DA54CCA33142A_element_12/value'
02:09:38.696 [AsyncHttpClient-1-5] DEBUG org.asynchttpclient.netty.handler.HttpHandler - 

Request DefaultHttpRequest(decodeResult: success, version: HTTP/1.1)
POST /session/1a02d5963fd10a075334442a2fb8f2e5/element/BD749A24038C48DAF97DA54CCA33142A_element_12/value HTTP/1.1
User-Agent: selenium/4.8.1 (java windows)
Content-Length: 138
Content-Type: application/json; charset=utf-8
host: localhost:25036
accept: */*

Response DefaultHttpResponse(decodeResult: success, version: HTTP/1.1)
HTTP/1.1 200 OK
Content-Length: 14
Content-Type: application/json; charset=utf-8
cache-control: no-cache

02:09:38.696 [AsyncHttpClient-1-5] DEBUG org.asynchttpclient.netty.channel.ChannelManager - Adding key: http://localhost:25036 for channel [id: 0x23d13196, L:/127.0.0.1:60997 - R:localhost/127.0.0.1:25036]
02:09:38.713 [Forwarding getAlertText on session 1a02d5963fd10a075334442a2fb8f2e5 to remote] DEBUG org.asynchttpclient.netty.request.NettyRequestSender - Using pooled Channel '[id: 0x23d13196, L:/127.0.0.1:60997 - R:localhost/127.0.0.1:25036]' for 'GET' to 'http://localhost:25036/session/1a02d5963fd10a075334442a2fb8f2e5/alert/text'
02:09:38.714 [Forwarding getAlertText on session 1a02d5963fd10a075334442a2fb8f2e5 to remote] DEBUG org.asynchttpclient.netty.request.NettyRequestSender - Using open Channel [id: 0x23d13196, L:/127.0.0.1:60997 - R:localhost/127.0.0.1:25036] for GET '/session/1a02d5963fd10a075334442a2fb8f2e5/alert/text'
02:09:38.718 [AsyncHttpClient-1-5] DEBUG org.asynchttpclient.netty.handler.HttpHandler - 

Request DefaultFullHttpRequest(decodeResult: success, version: HTTP/1.1, content: EmptyByteBufBE)
GET /session/1a02d5963fd10a075334442a2fb8f2e5/alert/text HTTP/1.1
User-Agent: selenium/4.8.1 (java windows)
Cache-Control: no-cache
Content-Type: application/json; charset=utf-8
host: localhost:25036
accept: */*

Response DefaultHttpResponse(decodeResult: success, version: HTTP/1.1)
HTTP/1.1 404 Not Found
Content-Length: 828
Content-Type: application/json; charset=utf-8
cache-control: no-cache

02:09:38.718 [AsyncHttpClient-1-5] DEBUG org.asynchttpclient.netty.channel.ChannelManager - Adding key: http://localhost:25036 for channel [id: 0x23d13196, L:/127.0.0.1:60997 - R:localhost/127.0.0.1:25036]
02:09:38.722 [Forwarding getCurrentUrl on session 1a02d5963fd10a075334442a2fb8f2e5 to remote] DEBUG org.asynchttpclient.netty.request.NettyRequestSender - Using pooled Channel '[id: 0x23d13196, L:/127.0.0.1:60997 - R:localhost/127.0.0.1:25036]' for 'GET' to 'http://localhost:25036/session/1a02d5963fd10a075334442a2fb8f2e5/url'
02:09:38.722 [Forwarding getCurrentUrl on session 1a02d5963fd10a075334442a2fb8f2e5 to remote] DEBUG org.asynchttpclient.netty.request.NettyRequestSender - Using open Channel [id: 0x23d13196, L:/127.0.0.1:60997 - R:localhost/127.0.0.1:25036] for GET '/session/1a02d5963fd10a075334442a2fb8f2e5/url'
02:09:38.734 [AsyncHttpClient-1-5] DEBUG org.asynchttpclient.netty.handler.HttpHandler - 

Request DefaultFullHttpRequest(decodeResult: success, version: HTTP/1.1, content: EmptyByteBufBE)
GET /session/1a02d5963fd10a075334442a2fb8f2e5/url HTTP/1.1
User-Agent: selenium/4.8.1 (java windows)
Cache-Control: no-cache
Content-Type: application/json; charset=utf-8
host: localhost:25036
accept: */*

Response DefaultHttpResponse(decodeResult: success, version: HTTP/1.1)
HTTP/1.1 200 OK
Content-Length: 56
Content-Type: application/json; charset=utf-8
cache-control: no-cache

02:09:38.735 [AsyncHttpClient-1-5] DEBUG org.asynchttpclient.netty.channel.ChannelManager - Adding key: http://localhost:25036 for channel [id: 0x23d13196, L:/127.0.0.1:60997 - R:localhost/127.0.0.1:25036]
02:09:38.737 [Forwarding screenshot on session 1a02d5963fd10a075334442a2fb8f2e5 to remote] DEBUG org.asynchttpclient.netty.request.NettyRequestSender - Using pooled Channel '[id: 0x23d13196, L:/127.0.0.1:60997 - R:localhost/127.0.0.1:25036]' for 'GET' to 'http://localhost:25036/session/1a02d5963fd10a075334442a2fb8f2e5/screenshot'
02:09:38.737 [Forwarding screenshot on session 1a02d5963fd10a075334442a2fb8f2e5 to remote] DEBUG org.asynchttpclient.netty.request.NettyRequestSender - Using open Channel [id: 0x23d13196, L:/127.0.0.1:60997 - R:localhost/127.0.0.1:25036] for GET '/session/1a02d5963fd10a075334442a2fb8f2e5/screenshot'
02:09:39.005 [AsyncHttpClient-1-5] DEBUG org.asynchttpclient.netty.handler.HttpHandler - 

Request DefaultFullHttpRequest(decodeResult: success, version: HTTP/1.1, content: EmptyByteBufBE)
GET /session/1a02d5963fd10a075334442a2fb8f2e5/screenshot HTTP/1.1
User-Agent: selenium/4.8.1 (java windows)
Cache-Control: no-cache
Content-Type: application/json; charset=utf-8
host: localhost:25036
accept: */*

Response DefaultHttpResponse(decodeResult: success, version: HTTP/1.1)
HTTP/1.1 200 OK
Content-Length: 114076
Content-Type: application/json; charset=utf-8
cache-control: no-cache

02:09:39.007 [AsyncHttpClient-1-5] DEBUG org.asynchttpclient.netty.channel.ChannelManager - Adding key: http://localhost:25036 for channel [id: 0x23d13196, L:/127.0.0.1:60997 - R:localhost/127.0.0.1:25036]
02:09:39.014 [main] DEBUG net.serenitybdd.core.photography.Darkroom - Send negative for processing for target\site\serenity\bebe7648a733d65c3f2528854d8c0d461457936e1e585ee2d2604c2008868c1b.png
02:09:39.015 [Darkroom Processing Line] DEBUG net.serenitybdd.core.photography.DarkroomProcessingLine - Processing screenshot image in /var/screenshots/screenshot-15927959664811918109
02:09:39.015 [Darkroom Processing Line] DEBUG net.serenitybdd.core.photography.DarkroomProcessingLine - Saving screenshot to target\site\serenity\bebe7648a733d65c3f2528854d8c0d461457936e1e585ee2d2604c2008868c1b.png
02:09:39.019 [Forwarding getPageSource on session 1a02d5963fd10a075334442a2fb8f2e5 to remote] DEBUG org.asynchttpclient.netty.request.NettyRequestSender - Using pooled Channel '[id: 0x23d13196, L:/127.0.0.1:60997 - R:localhost/127.0.0.1:25036]' for 'POST' to 'http://localhost:25036/session/1a02d5963fd10a075334442a2fb8f2e5/execute/sync'
02:09:39.019 [Forwarding getPageSource on session 1a02d5963fd10a075334442a2fb8f2e5 to remote] DEBUG org.asynchttpclient.netty.request.NettyRequestSender - Using open Channel [id: 0x23d13196, L:/127.0.0.1:60997 - R:localhost/127.0.0.1:25036] for POST '/session/1a02d5963fd10a075334442a2fb8f2e5/execute/sync'
02:09:39.031 [AsyncHttpClient-1-5] DEBUG org.asynchttpclient.netty.handler.HttpHandler - 

Request DefaultHttpRequest(decodeResult: success, version: HTTP/1.1)
POST /session/1a02d5963fd10a075334442a2fb8f2e5/execute/sync HTTP/1.1
User-Agent: selenium/4.8.1 (java windows)
Content-Length: 176
Content-Type: application/json; charset=utf-8
host: localhost:25036
accept: */*

Response DefaultHttpResponse(decodeResult: success, version: HTTP/1.1)
HTTP/1.1 200 OK
Content-Length: 3427
Content-Type: application/json; charset=utf-8
cache-control: no-cache

02:09:39.031 [AsyncHttpClient-1-5] DEBUG org.asynchttpclient.netty.channel.ChannelManager - Adding key: http://localhost:25036 for channel [id: 0x23d13196, L:/127.0.0.1:60997 - R:localhost/127.0.0.1:25036]
02:09:39.035 [Forwarding getCurrentUrl on session 1a02d5963fd10a075334442a2fb8f2e5 to remote] DEBUG org.asynchttpclient.netty.request.NettyRequestSender - Using pooled Channel '[id: 0x23d13196, L:/127.0.0.1:60997 - R:localhost/127.0.0.1:25036]' for 'GET' to 'http://localhost:25036/session/1a02d5963fd10a075334442a2fb8f2e5/url'
02:09:39.035 [Forwarding getCurrentUrl on session 1a02d5963fd10a075334442a2fb8f2e5 to remote] DEBUG org.asynchttpclient.netty.request.NettyRequestSender - Using open Channel [id: 0x23d13196, L:/127.0.0.1:60997 - R:localhost/127.0.0.1:25036] for GET '/session/1a02d5963fd10a075334442a2fb8f2e5/url'
02:09:39.045 [AsyncHttpClient-1-5] DEBUG org.asynchttpclient.netty.handler.HttpHandler - 

Request DefaultFullHttpRequest(decodeResult: success, version: HTTP/1.1, content: EmptyByteBufBE)
GET /session/1a02d5963fd10a075334442a2fb8f2e5/url HTTP/1.1
User-Agent: selenium/4.8.1 (java windows)
Cache-Control: no-cache
Content-Type: application/json; charset=utf-8
host: localhost:25036
accept: */*

Response DefaultHttpResponse(decodeResult: success, version: HTTP/1.1)
HTTP/1.1 200 OK
Content-Length: 56
Content-Type: application/json; charset=utf-8
cache-control: no-cache

02:09:39.046 [AsyncHttpClient-1-5] DEBUG org.asynchttpclient.netty.channel.ChannelManager - Adding key: http://localhost:25036 for channel [id: 0x23d13196, L:/127.0.0.1:60997 - R:localhost/127.0.0.1:25036]
02:09:39.059 [main] DEBUG net.thucydides.core.steps.StepInterceptor - STEP DONE: enterPassword
  &amp#27;[32mAnd &amp#27;[0m&amp#27;[32mI enter password&amp#27;[0m                                                         &amp#27;[90m# starter.stepdefinitions.LoginSteps.enterPassword()&amp#27;[0m
02:09:39.072 [Forwarding getAlertText on session 1a02d5963fd10a075334442a2fb8f2e5 to remote] DEBUG org.asynchttpclient.netty.request.NettyRequestSender - Using pooled Channel '[id: 0x23d13196, L:/127.0.0.1:60997 - R:localhost/127.0.0.1:25036]' for 'GET' to 'http://localhost:25036/session/1a02d5963fd10a075334442a2fb8f2e5/alert/text'
02:09:39.072 [Forwarding getAlertText on session 1a02d5963fd10a075334442a2fb8f2e5 to remote] DEBUG org.asynchttpclient.netty.request.NettyRequestSender - Using open Channel [id: 0x23d13196, L:/127.0.0.1:60997 - R:localhost/127.0.0.1:25036] for GET '/session/1a02d5963fd10a075334442a2fb8f2e5/alert/text'
02:09:39.076 [AsyncHttpClient-1-5] DEBUG org.asynchttpclient.netty.handler.HttpHandler - 

Request DefaultFullHttpRequest(decodeResult: success, version: HTTP/1.1, content: EmptyByteBufBE)
GET /session/1a02d5963fd10a075334442a2fb8f2e5/alert/text HTTP/1.1
User-Agent: selenium/4.8.1 (java windows)
Cache-Control: no-cache
Content-Type: application/json; charset=utf-8
host: localhost:25036
accept: */*

Response DefaultHttpResponse(decodeResult: success, version: HTTP/1.1)
HTTP/1.1 404 Not Found
Content-Length: 828
Content-Type: application/json; charset=utf-8
cache-control: no-cache

02:09:39.076 [AsyncHttpClient-1-5] DEBUG org.asynchttpclient.netty.channel.ChannelManager - Adding key: http://localhost:25036 for channel [id: 0x23d13196, L:/127.0.0.1:60997 - R:localhost/127.0.0.1:25036]
02:09:39.079 [Forwarding getCurrentUrl on session 1a02d5963fd10a075334442a2fb8f2e5 to remote] DEBUG org.asynchttpclient.netty.request.NettyRequestSender - Using pooled Channel '[id: 0x23d13196, L:/127.0.0.1:60997 - R:localhost/127.0.0.1:25036]' for 'GET' to 'http://localhost:25036/session/1a02d5963fd10a075334442a2fb8f2e5/url'
02:09:39.079 [Forwarding getCurrentUrl on session 1a02d5963fd10a075334442a2fb8f2e5 to remote] DEBUG org.asynchttpclient.netty.request.NettyRequestSender - Using open Channel [id: 0x23d13196, L:/127.0.0.1:60997 - R:localhost/127.0.0.1:25036] for GET '/session/1a02d5963fd10a075334442a2fb8f2e5/url'
02:09:39.090 [AsyncHttpClient-1-5] DEBUG org.asynchttpclient.netty.handler.HttpHandler - 

Request DefaultFullHttpRequest(decodeResult: success, version: HTTP/1.1, content: EmptyByteBufBE)
GET /session/1a02d5963fd10a075334442a2fb8f2e5/url HTTP/1.1
User-Agent: selenium/4.8.1 (java windows)
Cache-Control: no-cache
Content-Type: application/json; charset=utf-8
host: localhost:25036
accept: */*

Response DefaultHttpResponse(decodeResult: success, version: HTTP/1.1)
HTTP/1.1 200 OK
Content-Length: 56
Content-Type: application/json; charset=utf-8
cache-control: no-cache

02:09:39.091 [AsyncHttpClient-1-5] DEBUG org.asynchttpclient.netty.channel.ChannelManager - Adding key: http://localhost:25036 for channel [id: 0x23d13196, L:/127.0.0.1:60997 - R:localhost/127.0.0.1:25036]
02:09:39.093 [Forwarding screenshot on session 1a02d5963fd10a075334442a2fb8f2e5 to remote] DEBUG org.asynchttpclient.netty.request.NettyRequestSender - Using pooled Channel '[id: 0x23d13196, L:/127.0.0.1:60997 - R:localhost/127.0.0.1:25036]' for 'GET' to 'http://localhost:25036/session/1a02d5963fd10a075334442a2fb8f2e5/screenshot'
02:09:39.094 [Forwarding screenshot on session 1a02d5963fd10a075334442a2fb8f2e5 to remote] DEBUG org.asynchttpclient.netty.request.NettyRequestSender - Using open Channel [id: 0x23d13196, L:/127.0.0.1:60997 - R:localhost/127.0.0.1:25036] for GET '/session/1a02d5963fd10a075334442a2fb8f2e5/screenshot'
02:09:39.243 [AsyncHttpClient-1-1] DEBUG org.asynchttpclient.netty.channel.DefaultChannelPool - Entry count for : http://localhost:60998 : 1
02:09:39.374 [AsyncHttpClient-1-5] DEBUG org.asynchttpclient.netty.handler.HttpHandler - 

Request DefaultFullHttpRequest(decodeResult: success, version: HTTP/1.1, content: EmptyByteBufBE)
GET /session/1a02d5963fd10a075334442a2fb8f2e5/screenshot HTTP/1.1
User-Agent: selenium/4.8.1 (java windows)
Cache-Control: no-cache
Content-Type: application/json; charset=utf-8
host: localhost:25036
accept: */*

Response DefaultHttpResponse(decodeResult: success, version: HTTP/1.1)
HTTP/1.1 200 OK
Content-Length: 114076
Content-Type: application/json; charset=utf-8
cache-control: no-cache

02:09:39.376 [AsyncHttpClient-1-5] DEBUG org.asynchttpclient.netty.channel.ChannelManager - Adding key: http://localhost:25036 for channel [id: 0x23d13196, L:/127.0.0.1:60997 - R:localhost/127.0.0.1:25036]
02:09:39.382 [main] DEBUG net.serenitybdd.core.photography.Darkroom - Send negative for processing for target\site\serenity\bebe7648a733d65c3f2528854d8c0d461457936e1e585ee2d2604c2008868c1b.png
02:09:39.397 [Forwarding getPageSource on session 1a02d5963fd10a075334442a2fb8f2e5 to remote] DEBUG org.asynchttpclient.netty.request.NettyRequestSender - Using pooled Channel '[id: 0x23d13196, L:/127.0.0.1:60997 - R:localhost/127.0.0.1:25036]' for 'POST' to 'http://localhost:25036/session/1a02d5963fd10a075334442a2fb8f2e5/execute/sync'
02:09:39.397 [Forwarding getPageSource on session 1a02d5963fd10a075334442a2fb8f2e5 to remote] DEBUG org.asynchttpclient.netty.request.NettyRequestSender - Using open Channel [id: 0x23d13196, L:/127.0.0.1:60997 - R:localhost/127.0.0.1:25036] for POST '/session/1a02d5963fd10a075334442a2fb8f2e5/execute/sync'
02:09:39.408 [AsyncHttpClient-1-5] DEBUG org.asynchttpclient.netty.handler.HttpHandler - 

Request DefaultHttpRequest(decodeResult: success, version: HTTP/1.1)
POST /session/1a02d5963fd10a075334442a2fb8f2e5/execute/sync HTTP/1.1
User-Agent: selenium/4.8.1 (java windows)
Content-Length: 176
Content-Type: application/json; charset=utf-8
host: localhost:25036
accept: */*

Response DefaultHttpResponse(decodeResult: success, version: HTTP/1.1)
HTTP/1.1 200 OK
Content-Length: 3427
Content-Type: application/json; charset=utf-8
cache-control: no-cache

02:09:39.409 [AsyncHttpClient-1-5] DEBUG org.asynchttpclient.netty.channel.ChannelManager - Adding key: http://localhost:25036 for channel [id: 0x23d13196, L:/127.0.0.1:60997 - R:localhost/127.0.0.1:25036]
02:09:39.414 [Forwarding getCurrentUrl on session 1a02d5963fd10a075334442a2fb8f2e5 to remote] DEBUG org.asynchttpclient.netty.request.NettyRequestSender - Using pooled Channel '[id: 0x23d13196, L:/127.0.0.1:60997 - R:localhost/127.0.0.1:25036]' for 'GET' to 'http://localhost:25036/session/1a02d5963fd10a075334442a2fb8f2e5/url'
02:09:39.415 [Forwarding getCurrentUrl on session 1a02d5963fd10a075334442a2fb8f2e5 to remote] DEBUG org.asynchttpclient.netty.request.NettyRequestSender - Using open Channel [id: 0x23d13196, L:/127.0.0.1:60997 - R:localhost/127.0.0.1:25036] for GET '/session/1a02d5963fd10a075334442a2fb8f2e5/url'
02:09:39.425 [AsyncHttpClient-1-5] DEBUG org.asynchttpclient.netty.handler.HttpHandler - 

Request DefaultFullHttpRequest(decodeResult: success, version: HTTP/1.1, content: EmptyByteBufBE)
GET /session/1a02d5963fd10a075334442a2fb8f2e5/url HTTP/1.1
User-Agent: selenium/4.8.1 (java windows)
Cache-Control: no-cache
Content-Type: application/json; charset=utf-8
host: localhost:25036
accept: */*

Response DefaultHttpResponse(decodeResult: success, version: HTTP/1.1)
HTTP/1.1 200 OK
Content-Length: 56
Content-Type: application/json; charset=utf-8
cache-control: no-cache

02:09:39.426 [AsyncHttpClient-1-5] DEBUG org.asynchttpclient.netty.channel.ChannelManager - Adding key: http://localhost:25036 for channel [id: 0x23d13196, L:/127.0.0.1:60997 - R:localhost/127.0.0.1:25036]
02:09:39.458 [Forwarding getAlertText on session 1a02d5963fd10a075334442a2fb8f2e5 to remote] DEBUG org.asynchttpclient.netty.request.NettyRequestSender - Using pooled Channel '[id: 0x23d13196, L:/127.0.0.1:60997 - R:localhost/127.0.0.1:25036]' for 'GET' to 'http://localhost:25036/session/1a02d5963fd10a075334442a2fb8f2e5/alert/text'
02:09:39.458 [Forwarding getAlertText on session 1a02d5963fd10a075334442a2fb8f2e5 to remote] DEBUG org.asynchttpclient.netty.request.NettyRequestSender - Using open Channel [id: 0x23d13196, L:/127.0.0.1:60997 - R:localhost/127.0.0.1:25036] for GET '/session/1a02d5963fd10a075334442a2fb8f2e5/alert/text'
02:09:39.461 [AsyncHttpClient-1-5] DEBUG org.asynchttpclient.netty.handler.HttpHandler - 

Request DefaultFullHttpRequest(decodeResult: success, version: HTTP/1.1, content: EmptyByteBufBE)
GET /session/1a02d5963fd10a075334442a2fb8f2e5/alert/text HTTP/1.1
User-Agent: selenium/4.8.1 (java windows)
Cache-Control: no-cache
Content-Type: application/json; charset=utf-8
host: localhost:25036
accept: */*

Response DefaultHttpResponse(decodeResult: success, version: HTTP/1.1)
HTTP/1.1 404 Not Found
Content-Length: 828
Content-Type: application/json; charset=utf-8
cache-control: no-cache

02:09:39.461 [AsyncHttpClient-1-5] DEBUG org.asynchttpclient.netty.channel.ChannelManager - Adding key: http://localhost:25036 for channel [id: 0x23d13196, L:/127.0.0.1:60997 - R:localhost/127.0.0.1:25036]
02:09:39.464 [Forwarding getCurrentUrl on session 1a02d5963fd10a075334442a2fb8f2e5 to remote] DEBUG org.asynchttpclient.netty.request.NettyRequestSender - Using pooled Channel '[id: 0x23d13196, L:/127.0.0.1:60997 - R:localhost/127.0.0.1:25036]' for 'GET' to 'http://localhost:25036/session/1a02d5963fd10a075334442a2fb8f2e5/url'
02:09:39.464 [Forwarding getCurrentUrl on session 1a02d5963fd10a075334442a2fb8f2e5 to remote] DEBUG org.asynchttpclient.netty.request.NettyRequestSender - Using open Channel [id: 0x23d13196, L:/127.0.0.1:60997 - R:localhost/127.0.0.1:25036] for GET '/session/1a02d5963fd10a075334442a2fb8f2e5/url'
02:09:39.475 [AsyncHttpClient-1-5] DEBUG org.asynchttpclient.netty.handler.HttpHandler - 

Request DefaultFullHttpRequest(decodeResult: success, version: HTTP/1.1, content: EmptyByteBufBE)
GET /session/1a02d5963fd10a075334442a2fb8f2e5/url HTTP/1.1
User-Agent: selenium/4.8.1 (java windows)
Cache-Control: no-cache
Content-Type: application/json; charset=utf-8
host: localhost:25036
accept: */*

Response DefaultHttpResponse(decodeResult: success, version: HTTP/1.1)
HTTP/1.1 200 OK
Content-Length: 56
Content-Type: application/json; charset=utf-8
cache-control: no-cache

02:09:39.476 [AsyncHttpClient-1-5] DEBUG org.asynchttpclient.netty.channel.ChannelManager - Adding key: http://localhost:25036 for channel [id: 0x23d13196, L:/127.0.0.1:60997 - R:localhost/127.0.0.1:25036]
02:09:39.478 [Forwarding screenshot on session 1a02d5963fd10a075334442a2fb8f2e5 to remote] DEBUG org.asynchttpclient.netty.request.NettyRequestSender - Using pooled Channel '[id: 0x23d13196, L:/127.0.0.1:60997 - R:localhost/127.0.0.1:25036]' for 'GET' to 'http://localhost:25036/session/1a02d5963fd10a075334442a2fb8f2e5/screenshot'
02:09:39.478 [Forwarding screenshot on session 1a02d5963fd10a075334442a2fb8f2e5 to remote] DEBUG org.asynchttpclient.netty.request.NettyRequestSender - Using open Channel [id: 0x23d13196, L:/127.0.0.1:60997 - R:localhost/127.0.0.1:25036] for GET '/session/1a02d5963fd10a075334442a2fb8f2e5/screenshot'
02:09:39.798 [AsyncHttpClient-1-5] DEBUG org.asynchttpclient.netty.handler.HttpHandler - 

Request DefaultFullHttpRequest(decodeResult: success, version: HTTP/1.1, content: EmptyByteBufBE)
GET /session/1a02d5963fd10a075334442a2fb8f2e5/screenshot HTTP/1.1
User-Agent: selenium/4.8.1 (java windows)
Cache-Control: no-cache
Content-Type: application/json; charset=utf-8
host: localhost:25036
accept: */*

Response DefaultHttpResponse(decodeResult: success, version: HTTP/1.1)
HTTP/1.1 200 OK
Content-Length: 114044
Content-Type: application/json; charset=utf-8
cache-control: no-cache

02:09:39.800 [AsyncHttpClient-1-5] DEBUG org.asynchttpclient.netty.channel.ChannelManager - Adding key: http://localhost:25036 for channel [id: 0x23d13196, L:/127.0.0.1:60997 - R:localhost/127.0.0.1:25036]
02:09:39.806 [main] DEBUG net.serenitybdd.core.photography.Darkroom - Send negative for processing for target\site\serenity\45aa65996e75bbdb5f3b0cc2b3135e5720cca2f68d98e7dcb88d4c77555d7a70.png
02:09:39.808 [Darkroom Processing Line] DEBUG net.serenitybdd.core.photography.DarkroomProcessingLine - Processing screenshot image in /var/screenshots/screenshot-6105298772316407176
02:09:39.808 [Darkroom Processing Line] DEBUG net.serenitybdd.core.photography.DarkroomProcessingLine - Saving screenshot to target\site\serenity\45aa65996e75bbdb5f3b0cc2b3135e5720cca2f68d98e7dcb88d4c77555d7a70.png
02:09:39.810 [Forwarding getPageSource on session 1a02d5963fd10a075334442a2fb8f2e5 to remote] DEBUG org.asynchttpclient.netty.request.NettyRequestSender - Using pooled Channel '[id: 0x23d13196, L:/127.0.0.1:60997 - R:localhost/127.0.0.1:25036]' for 'POST' to 'http://localhost:25036/session/1a02d5963fd10a075334442a2fb8f2e5/execute/sync'
02:09:39.811 [Forwarding getPageSource on session 1a02d5963fd10a075334442a2fb8f2e5 to remote] DEBUG org.asynchttpclient.netty.request.NettyRequestSender - Using open Channel [id: 0x23d13196, L:/127.0.0.1:60997 - R:localhost/127.0.0.1:25036] for POST '/session/1a02d5963fd10a075334442a2fb8f2e5/execute/sync'
02:09:39.824 [AsyncHttpClient-1-5] DEBUG org.asynchttpclient.netty.handler.HttpHandler - 

Request DefaultHttpRequest(decodeResult: success, version: HTTP/1.1)
POST /session/1a02d5963fd10a075334442a2fb8f2e5/execute/sync HTTP/1.1
User-Agent: selenium/4.8.1 (java windows)
Content-Length: 176
Content-Type: application/json; charset=utf-8
host: localhost:25036
accept: */*

Response DefaultHttpResponse(decodeResult: success, version: HTTP/1.1)
HTTP/1.1 200 OK
Content-Length: 3427
Content-Type: application/json; charset=utf-8
cache-control: no-cache

02:09:39.824 [AsyncHttpClient-1-5] DEBUG org.asynchttpclient.netty.channel.ChannelManager - Adding key: http://localhost:25036 for channel [id: 0x23d13196, L:/127.0.0.1:60997 - R:localhost/127.0.0.1:25036]
02:09:39.828 [Forwarding getCurrentUrl on session 1a02d5963fd10a075334442a2fb8f2e5 to remote] DEBUG org.asynchttpclient.netty.request.NettyRequestSender - Using pooled Channel '[id: 0x23d13196, L:/127.0.0.1:60997 - R:localhost/127.0.0.1:25036]' for 'GET' to 'http://localhost:25036/session/1a02d5963fd10a075334442a2fb8f2e5/url'
02:09:39.828 [Forwarding getCurrentUrl on session 1a02d5963fd10a075334442a2fb8f2e5 to remote] DEBUG org.asynchttpclient.netty.request.NettyRequestSender - Using open Channel [id: 0x23d13196, L:/127.0.0.1:60997 - R:localhost/127.0.0.1:25036] for GET '/session/1a02d5963fd10a075334442a2fb8f2e5/url'
02:09:39.839 [AsyncHttpClient-1-5] DEBUG org.asynchttpclient.netty.handler.HttpHandler - 

Request DefaultFullHttpRequest(decodeResult: success, version: HTTP/1.1, content: EmptyByteBufBE)
GET /session/1a02d5963fd10a075334442a2fb8f2e5/url HTTP/1.1
User-Agent: selenium/4.8.1 (java windows)
Cache-Control: no-cache
Content-Type: application/json; charset=utf-8
host: localhost:25036
accept: */*

Response DefaultHttpResponse(decodeResult: success, version: HTTP/1.1)
HTTP/1.1 200 OK
Content-Length: 56
Content-Type: application/json; charset=utf-8
cache-control: no-cache

02:09:39.839 [AsyncHttpClient-1-5] DEBUG org.asynchttpclient.netty.channel.ChannelManager - Adding key: http://localhost:25036 for channel [id: 0x23d13196, L:/127.0.0.1:60997 - R:localhost/127.0.0.1:25036]
02:09:39.844 [main] DEBUG net.thucydides.core.steps.StepInterceptor - STARTING STEP: LoginSteps.doClickSignInButton - clickSignInButton
02:09:39.851 [Forwarding findElement on session 1a02d5963fd10a075334442a2fb8f2e5 to remote] DEBUG org.asynchttpclient.netty.request.NettyRequestSender - Using pooled Channel '[id: 0x23d13196, L:/127.0.0.1:60997 - R:localhost/127.0.0.1:25036]' for 'POST' to 'http://localhost:25036/session/1a02d5963fd10a075334442a2fb8f2e5/element'
02:09:39.851 [Forwarding findElement on session 1a02d5963fd10a075334442a2fb8f2e5 to remote] DEBUG org.asynchttpclient.netty.request.NettyRequestSender - Using open Channel [id: 0x23d13196, L:/127.0.0.1:60997 - R:localhost/127.0.0.1:25036] for POST '/session/1a02d5963fd10a075334442a2fb8f2e5/element'
02:09:39.878 [AsyncHttpClient-1-5] DEBUG org.asynchttpclient.netty.handler.HttpHandler - 

Request DefaultHttpRequest(decodeResult: success, version: HTTP/1.1)
POST /session/1a02d5963fd10a075334442a2fb8f2e5/element HTTP/1.1
User-Agent: selenium/4.8.1 (java windows)
Content-Length: 237
Content-Type: application/json; charset=utf-8
host: localhost:25036
accept: */*

Response DefaultHttpResponse(decodeResult: success, version: HTTP/1.1)
HTTP/1.1 200 OK
Content-Length: 95
Content-Type: application/json; charset=utf-8
cache-control: no-cache

02:09:39.878 [AsyncHttpClient-1-5] DEBUG org.asynchttpclient.netty.channel.ChannelManager - Adding key: http://localhost:25036 for channel [id: 0x23d13196, L:/127.0.0.1:60997 - R:localhost/127.0.0.1:25036]
02:09:39.881 [Forwarding getElementTagName on session 1a02d5963fd10a075334442a2fb8f2e5 to remote] DEBUG org.asynchttpclient.netty.request.NettyRequestSender - Using pooled Channel '[id: 0x23d13196, L:/127.0.0.1:60997 - R:localhost/127.0.0.1:25036]' for 'GET' to 'http://localhost:25036/session/1a02d5963fd10a075334442a2fb8f2e5/element/BD749A24038C48DAF97DA54CCA33142A_element_15/name'
02:09:39.881 [Forwarding getElementTagName on session 1a02d5963fd10a075334442a2fb8f2e5 to remote] DEBUG org.asynchttpclient.netty.request.NettyRequestSender - Using open Channel [id: 0x23d13196, L:/127.0.0.1:60997 - R:localhost/127.0.0.1:25036] for GET '/session/1a02d5963fd10a075334442a2fb8f2e5/element/BD749A24038C48DAF97DA54CCA33142A_element_15/name'
02:09:39.894 [AsyncHttpClient-1-5] DEBUG org.asynchttpclient.netty.handler.HttpHandler - 

Request DefaultFullHttpRequest(decodeResult: success, version: HTTP/1.1, content: EmptyByteBufBE)
GET /session/1a02d5963fd10a075334442a2fb8f2e5/element/BD749A24038C48DAF97DA54CCA33142A_element_15/name HTTP/1.1
User-Agent: selenium/4.8.1 (java windows)
Cache-Control: no-cache
Content-Type: application/json; charset=utf-8
host: localhost:25036
accept: */*

Response DefaultHttpResponse(decodeResult: success, version: HTTP/1.1)
HTTP/1.1 200 OK
Content-Length: 18
Content-Type: application/json; charset=utf-8
cache-control: no-cache

02:09:39.894 [AsyncHttpClient-1-5] DEBUG org.asynchttpclient.netty.channel.ChannelManager - Adding key: http://localhost:25036 for channel [id: 0x23d13196, L:/127.0.0.1:60997 - R:localhost/127.0.0.1:25036]
02:09:39.897 [Forwarding getElementTagName on session 1a02d5963fd10a075334442a2fb8f2e5 to remote] DEBUG org.asynchttpclient.netty.request.NettyRequestSender - Using pooled Channel '[id: 0x23d13196, L:/127.0.0.1:60997 - R:localhost/127.0.0.1:25036]' for 'GET' to 'http://localhost:25036/session/1a02d5963fd10a075334442a2fb8f2e5/element/BD749A24038C48DAF97DA54CCA33142A_element_15/name'
02:09:39.897 [Forwarding getElementTagName on session 1a02d5963fd10a075334442a2fb8f2e5 to remote] DEBUG org.asynchttpclient.netty.request.NettyRequestSender - Using open Channel [id: 0x23d13196, L:/127.0.0.1:60997 - R:localhost/127.0.0.1:25036] for GET '/session/1a02d5963fd10a075334442a2fb8f2e5/element/BD749A24038C48DAF97DA54CCA33142A_element_15/name'
02:09:39.907 [AsyncHttpClient-1-5] DEBUG org.asynchttpclient.netty.handler.HttpHandler - 

Request DefaultFullHttpRequest(decodeResult: success, version: HTTP/1.1, content: EmptyByteBufBE)
GET /session/1a02d5963fd10a075334442a2fb8f2e5/element/BD749A24038C48DAF97DA54CCA33142A_element_15/name HTTP/1.1
User-Agent: selenium/4.8.1 (java windows)
Cache-Control: no-cache
Content-Type: application/json; charset=utf-8
host: localhost:25036
accept: */*

Response DefaultHttpResponse(decodeResult: success, version: HTTP/1.1)
HTTP/1.1 200 OK
Content-Length: 18
Content-Type: application/json; charset=utf-8
cache-control: no-cache

02:09:39.908 [AsyncHttpClient-1-5] DEBUG org.asynchttpclient.netty.channel.ChannelManager - Adding key: http://localhost:25036 for channel [id: 0x23d13196, L:/127.0.0.1:60997 - R:localhost/127.0.0.1:25036]
02:09:39.912 [Forwarding isElementEnabled on session 1a02d5963fd10a075334442a2fb8f2e5 to remote] DEBUG org.asynchttpclient.netty.request.NettyRequestSender - Using pooled Channel '[id: 0x23d13196, L:/127.0.0.1:60997 - R:localhost/127.0.0.1:25036]' for 'GET' to 'http://localhost:25036/session/1a02d5963fd10a075334442a2fb8f2e5/element/BD749A24038C48DAF97DA54CCA33142A_element_15/enabled'
02:09:39.912 [Forwarding isElementEnabled on session 1a02d5963fd10a075334442a2fb8f2e5 to remote] DEBUG org.asynchttpclient.netty.request.NettyRequestSender - Using open Channel [id: 0x23d13196, L:/127.0.0.1:60997 - R:localhost/127.0.0.1:25036] for GET '/session/1a02d5963fd10a075334442a2fb8f2e5/element/BD749A24038C48DAF97DA54CCA33142A_element_15/enabled'
02:09:39.928 [AsyncHttpClient-1-5] DEBUG org.asynchttpclient.netty.handler.HttpHandler - 

Request DefaultFullHttpRequest(decodeResult: success, version: HTTP/1.1, content: EmptyByteBufBE)
GET /session/1a02d5963fd10a075334442a2fb8f2e5/element/BD749A24038C48DAF97DA54CCA33142A_element_15/enabled HTTP/1.1
User-Agent: selenium/4.8.1 (java windows)
Cache-Control: no-cache
Content-Type: application/json; charset=utf-8
host: localhost:25036
accept: */*

Response DefaultHttpResponse(decodeResult: success, version: HTTP/1.1)
HTTP/1.1 200 OK
Content-Length: 14
Content-Type: application/json; charset=utf-8
cache-control: no-cache

02:09:39.928 [AsyncHttpClient-1-5] DEBUG org.asynchttpclient.netty.channel.ChannelManager - Adding key: http://localhost:25036 for channel [id: 0x23d13196, L:/127.0.0.1:60997 - R:localhost/127.0.0.1:25036]
02:09:39.931 [Forwarding isElementEnabled on session 1a02d5963fd10a075334442a2fb8f2e5 to remote] DEBUG org.asynchttpclient.netty.request.NettyRequestSender - Using pooled Channel '[id: 0x23d13196, L:/127.0.0.1:60997 - R:localhost/127.0.0.1:25036]' for 'GET' to 'http://localhost:25036/session/1a02d5963fd10a075334442a2fb8f2e5/element/BD749A24038C48DAF97DA54CCA33142A_element_15/enabled'
02:09:39.932 [Forwarding isElementEnabled on session 1a02d5963fd10a075334442a2fb8f2e5 to remote] DEBUG org.asynchttpclient.netty.request.NettyRequestSender - Using open Channel [id: 0x23d13196, L:/127.0.0.1:60997 - R:localhost/127.0.0.1:25036] for GET '/session/1a02d5963fd10a075334442a2fb8f2e5/element/BD749A24038C48DAF97DA54CCA33142A_element_15/enabled'
02:09:39.950 [AsyncHttpClient-1-5] DEBUG org.asynchttpclient.netty.handler.HttpHandler - 

Request DefaultFullHttpRequest(decodeResult: success, version: HTTP/1.1, content: EmptyByteBufBE)
GET /session/1a02d5963fd10a075334442a2fb8f2e5/element/BD749A24038C48DAF97DA54CCA33142A_element_15/enabled HTTP/1.1
User-Agent: selenium/4.8.1 (java windows)
Cache-Control: no-cache
Content-Type: application/json; charset=utf-8
host: localhost:25036
accept: */*

Response DefaultHttpResponse(decodeResult: success, version: HTTP/1.1)
HTTP/1.1 200 OK
Content-Length: 14
Content-Type: application/json; charset=utf-8
cache-control: no-cache

02:09:39.950 [AsyncHttpClient-1-5] DEBUG org.asynchttpclient.netty.channel.ChannelManager - Adding key: http://localhost:25036 for channel [id: 0x23d13196, L:/127.0.0.1:60997 - R:localhost/127.0.0.1:25036]
02:09:39.955 [Forwarding findElement on session 1a02d5963fd10a075334442a2fb8f2e5 to remote] DEBUG org.asynchttpclient.netty.request.NettyRequestSender - Using pooled Channel '[id: 0x23d13196, L:/127.0.0.1:60997 - R:localhost/127.0.0.1:25036]' for 'POST' to 'http://localhost:25036/session/1a02d5963fd10a075334442a2fb8f2e5/element'
02:09:39.955 [Forwarding findElement on session 1a02d5963fd10a075334442a2fb8f2e5 to remote] DEBUG org.asynchttpclient.netty.request.NettyRequestSender - Using open Channel [id: 0x23d13196, L:/127.0.0.1:60997 - R:localhost/127.0.0.1:25036] for POST '/session/1a02d5963fd10a075334442a2fb8f2e5/element'
02:09:39.975 [AsyncHttpClient-1-5] DEBUG org.asynchttpclient.netty.handler.HttpHandler - 

Request DefaultHttpRequest(decodeResult: success, version: HTTP/1.1)
POST /session/1a02d5963fd10a075334442a2fb8f2e5/element HTTP/1.1
User-Agent: selenium/4.8.1 (java windows)
Content-Length: 237
Content-Type: application/json; charset=utf-8
host: localhost:25036
accept: */*

Response DefaultHttpResponse(decodeResult: success, version: HTTP/1.1)
HTTP/1.1 200 OK
Content-Length: 95
Content-Type: application/json; charset=utf-8
cache-control: no-cache

02:09:39.976 [AsyncHttpClient-1-5] DEBUG org.asynchttpclient.netty.channel.ChannelManager - Adding key: http://localhost:25036 for channel [id: 0x23d13196, L:/127.0.0.1:60997 - R:localhost/127.0.0.1:25036]
02:09:39.978 [Forwarding clickElement on session 1a02d5963fd10a075334442a2fb8f2e5 to remote] DEBUG org.asynchttpclient.netty.request.NettyRequestSender - Using pooled Channel '[id: 0x23d13196, L:/127.0.0.1:60997 - R:localhost/127.0.0.1:25036]' for 'POST' to 'http://localhost:25036/session/1a02d5963fd10a075334442a2fb8f2e5/element/BD749A24038C48DAF97DA54CCA33142A_element_15/click'
02:09:39.979 [Forwarding clickElement on session 1a02d5963fd10a075334442a2fb8f2e5 to remote] DEBUG org.asynchttpclient.netty.request.NettyRequestSender - Using open Channel [id: 0x23d13196, L:/127.0.0.1:60997 - R:localhost/127.0.0.1:25036] for POST '/session/1a02d5963fd10a075334442a2fb8f2e5/element/BD749A24038C48DAF97DA54CCA33142A_element_15/click'
02:09:40.098 [AsyncHttpClient-1-5] DEBUG org.asynchttpclient.netty.handler.HttpHandler - 

Request DefaultHttpRequest(decodeResult: success, version: HTTP/1.1)
POST /session/1a02d5963fd10a075334442a2fb8f2e5/element/BD749A24038C48DAF97DA54CCA33142A_element_15/click HTTP/1.1
User-Agent: selenium/4.8.1 (java windows)
Content-Length: 57
Content-Type: application/json; charset=utf-8
host: localhost:25036
accept: */*

Response DefaultHttpResponse(decodeResult: success, version: HTTP/1.1)
HTTP/1.1 200 OK
Content-Length: 14
Content-Type: application/json; charset=utf-8
cache-control: no-cache

02:09:40.098 [AsyncHttpClient-1-5] DEBUG org.asynchttpclient.netty.channel.ChannelManager - Adding key: http://localhost:25036 for channel [id: 0x23d13196, L:/127.0.0.1:60997 - R:localhost/127.0.0.1:25036]
02:09:40.115 [Forwarding getAlertText on session 1a02d5963fd10a075334442a2fb8f2e5 to remote] DEBUG org.asynchttpclient.netty.request.NettyRequestSender - Using pooled Channel '[id: 0x23d13196, L:/127.0.0.1:60997 - R:localhost/127.0.0.1:25036]' for 'GET' to 'http://localhost:25036/session/1a02d5963fd10a075334442a2fb8f2e5/alert/text'
02:09:40.115 [Forwarding getAlertText on session 1a02d5963fd10a075334442a2fb8f2e5 to remote] DEBUG org.asynchttpclient.netty.request.NettyRequestSender - Using open Channel [id: 0x23d13196, L:/127.0.0.1:60997 - R:localhost/127.0.0.1:25036] for GET '/session/1a02d5963fd10a075334442a2fb8f2e5/alert/text'
02:09:40.119 [AsyncHttpClient-1-5] DEBUG org.asynchttpclient.netty.handler.HttpHandler - 

Request DefaultFullHttpRequest(decodeResult: success, version: HTTP/1.1, content: EmptyByteBufBE)
GET /session/1a02d5963fd10a075334442a2fb8f2e5/alert/text HTTP/1.1
User-Agent: selenium/4.8.1 (java windows)
Cache-Control: no-cache
Content-Type: application/json; charset=utf-8
host: localhost:25036
accept: */*

Response DefaultHttpResponse(decodeResult: success, version: HTTP/1.1)
HTTP/1.1 404 Not Found
Content-Length: 828
Content-Type: application/json; charset=utf-8
cache-control: no-cache

02:09:40.119 [AsyncHttpClient-1-5] DEBUG org.asynchttpclient.netty.channel.ChannelManager - Adding key: http://localhost:25036 for channel [id: 0x23d13196, L:/127.0.0.1:60997 - R:localhost/127.0.0.1:25036]
02:09:40.122 [Forwarding getCurrentUrl on session 1a02d5963fd10a075334442a2fb8f2e5 to remote] DEBUG org.asynchttpclient.netty.request.NettyRequestSender - Using pooled Channel '[id: 0x23d13196, L:/127.0.0.1:60997 - R:localhost/127.0.0.1:25036]' for 'GET' to 'http://localhost:25036/session/1a02d5963fd10a075334442a2fb8f2e5/url'
02:09:40.122 [Forwarding getCurrentUrl on session 1a02d5963fd10a075334442a2fb8f2e5 to remote] DEBUG org.asynchttpclient.netty.request.NettyRequestSender - Using open Channel [id: 0x23d13196, L:/127.0.0.1:60997 - R:localhost/127.0.0.1:25036] for GET '/session/1a02d5963fd10a075334442a2fb8f2e5/url'
02:09:40.136 [AsyncHttpClient-1-5] DEBUG org.asynchttpclient.netty.handler.HttpHandler - 

Request DefaultFullHttpRequest(decodeResult: success, version: HTTP/1.1, content: EmptyByteBufBE)
GET /session/1a02d5963fd10a075334442a2fb8f2e5/url HTTP/1.1
User-Agent: selenium/4.8.1 (java windows)
Cache-Control: no-cache
Content-Type: application/json; charset=utf-8
host: localhost:25036
accept: */*

Response DefaultHttpResponse(decodeResult: success, version: HTTP/1.1)
HTTP/1.1 200 OK
Content-Length: 56
Content-Type: application/json; charset=utf-8
cache-control: no-cache

02:09:40.136 [AsyncHttpClient-1-5] DEBUG org.asynchttpclient.netty.channel.ChannelManager - Adding key: http://localhost:25036 for channel [id: 0x23d13196, L:/127.0.0.1:60997 - R:localhost/127.0.0.1:25036]
02:09:40.138 [Forwarding screenshot on session 1a02d5963fd10a075334442a2fb8f2e5 to remote] DEBUG org.asynchttpclient.netty.request.NettyRequestSender - Using pooled Channel '[id: 0x23d13196, L:/127.0.0.1:60997 - R:localhost/127.0.0.1:25036]' for 'GET' to 'http://localhost:25036/session/1a02d5963fd10a075334442a2fb8f2e5/screenshot'
02:09:40.138 [Forwarding screenshot on session 1a02d5963fd10a075334442a2fb8f2e5 to remote] DEBUG org.asynchttpclient.netty.request.NettyRequestSender - Using open Channel [id: 0x23d13196, L:/127.0.0.1:60997 - R:localhost/127.0.0.1:25036] for GET '/session/1a02d5963fd10a075334442a2fb8f2e5/screenshot'
02:09:40.343 [AsyncHttpClient-1-1] DEBUG org.asynchttpclient.netty.channel.DefaultChannelPool - Entry count for : http://localhost:60998 : 1
02:09:40.522 [AsyncHttpClient-1-5] DEBUG org.asynchttpclient.netty.handler.HttpHandler - 

Request DefaultFullHttpRequest(decodeResult: success, version: HTTP/1.1, content: EmptyByteBufBE)
GET /session/1a02d5963fd10a075334442a2fb8f2e5/screenshot HTTP/1.1
User-Agent: selenium/4.8.1 (java windows)
Cache-Control: no-cache
Content-Type: application/json; charset=utf-8
host: localhost:25036
accept: */*

Response DefaultHttpResponse(decodeResult: success, version: HTTP/1.1)
HTTP/1.1 200 OK
Content-Length: 114196
Content-Type: application/json; charset=utf-8
cache-control: no-cache

02:09:40.524 [AsyncHttpClient-1-5] DEBUG org.asynchttpclient.netty.channel.ChannelManager - Adding key: http://localhost:25036 for channel [id: 0x23d13196, L:/127.0.0.1:60997 - R:localhost/127.0.0.1:25036]
02:09:40.530 [main] DEBUG net.serenitybdd.core.photography.Darkroom - Send negative for processing for target\site\serenity\3f6611af6474353cf90c6ee7b108bc8b69f131a3063cae395c42be5b2027c2bc.png
02:09:40.531 [Darkroom Processing Line] DEBUG net.serenitybdd.core.photography.DarkroomProcessingLine - Processing screenshot image in /var/screenshots/screenshot-3161320018296754451
02:09:40.531 [Darkroom Processing Line] DEBUG net.serenitybdd.core.photography.DarkroomProcessingLine - Saving screenshot to target\site\serenity\3f6611af6474353cf90c6ee7b108bc8b69f131a3063cae395c42be5b2027c2bc.png
02:09:40.535 [Forwarding getPageSource on session 1a02d5963fd10a075334442a2fb8f2e5 to remote] DEBUG org.asynchttpclient.netty.request.NettyRequestSender - Using pooled Channel '[id: 0x23d13196, L:/127.0.0.1:60997 - R:localhost/127.0.0.1:25036]' for 'POST' to 'http://localhost:25036/session/1a02d5963fd10a075334442a2fb8f2e5/execute/sync'
02:09:40.535 [Forwarding getPageSource on session 1a02d5963fd10a075334442a2fb8f2e5 to remote] DEBUG org.asynchttpclient.netty.request.NettyRequestSender - Using open Channel [id: 0x23d13196, L:/127.0.0.1:60997 - R:localhost/127.0.0.1:25036] for POST '/session/1a02d5963fd10a075334442a2fb8f2e5/execute/sync'
02:09:40.548 [AsyncHttpClient-1-5] DEBUG org.asynchttpclient.netty.handler.HttpHandler - 

Request DefaultHttpRequest(decodeResult: success, version: HTTP/1.1)
POST /session/1a02d5963fd10a075334442a2fb8f2e5/execute/sync HTTP/1.1
User-Agent: selenium/4.8.1 (java windows)
Content-Length: 176
Content-Type: application/json; charset=utf-8
host: localhost:25036
accept: */*

Response DefaultHttpResponse(decodeResult: success, version: HTTP/1.1)
HTTP/1.1 200 OK
Content-Length: 3444
Content-Type: application/json; charset=utf-8
cache-control: no-cache

02:09:40.549 [AsyncHttpClient-1-5] DEBUG org.asynchttpclient.netty.channel.ChannelManager - Adding key: http://localhost:25036 for channel [id: 0x23d13196, L:/127.0.0.1:60997 - R:localhost/127.0.0.1:25036]
02:09:40.554 [Forwarding getCurrentUrl on session 1a02d5963fd10a075334442a2fb8f2e5 to remote] DEBUG org.asynchttpclient.netty.request.NettyRequestSender - Using pooled Channel '[id: 0x23d13196, L:/127.0.0.1:60997 - R:localhost/127.0.0.1:25036]' for 'GET' to 'http://localhost:25036/session/1a02d5963fd10a075334442a2fb8f2e5/url'
02:09:40.554 [Forwarding getCurrentUrl on session 1a02d5963fd10a075334442a2fb8f2e5 to remote] DEBUG org.asynchttpclient.netty.request.NettyRequestSender - Using open Channel [id: 0x23d13196, L:/127.0.0.1:60997 - R:localhost/127.0.0.1:25036] for GET '/session/1a02d5963fd10a075334442a2fb8f2e5/url'
02:09:40.565 [AsyncHttpClient-1-5] DEBUG org.asynchttpclient.netty.handler.HttpHandler - 

Request DefaultFullHttpRequest(decodeResult: success, version: HTTP/1.1, content: EmptyByteBufBE)
GET /session/1a02d5963fd10a075334442a2fb8f2e5/url HTTP/1.1
User-Agent: selenium/4.8.1 (java windows)
Cache-Control: no-cache
Content-Type: application/json; charset=utf-8
host: localhost:25036
accept: */*

Response DefaultHttpResponse(decodeResult: success, version: HTTP/1.1)
HTTP/1.1 200 OK
Content-Length: 56
Content-Type: application/json; charset=utf-8
cache-control: no-cache

02:09:40.565 [AsyncHttpClient-1-5] DEBUG org.asynchttpclient.netty.channel.ChannelManager - Adding key: http://localhost:25036 for channel [id: 0x23d13196, L:/127.0.0.1:60997 - R:localhost/127.0.0.1:25036]
02:09:40.579 [main] DEBUG net.thucydides.core.steps.StepInterceptor - STEP DONE: clickSignInButton
  &amp#27;[32mAnd &amp#27;[0m&amp#27;[32mI click sign in button&amp#27;[0m                                                   &amp#27;[90m# starter.stepdefinitions.LoginSteps.doClickSignInButton()&amp#27;[0m
02:09:40.591 [Forwarding getAlertText on session 1a02d5963fd10a075334442a2fb8f2e5 to remote] DEBUG org.asynchttpclient.netty.request.NettyRequestSender - Using pooled Channel '[id: 0x23d13196, L:/127.0.0.1:60997 - R:localhost/127.0.0.1:25036]' for 'GET' to 'http://localhost:25036/session/1a02d5963fd10a075334442a2fb8f2e5/alert/text'
02:09:40.591 [Forwarding getAlertText on session 1a02d5963fd10a075334442a2fb8f2e5 to remote] DEBUG org.asynchttpclient.netty.request.NettyRequestSender - Using open Channel [id: 0x23d13196, L:/127.0.0.1:60997 - R:localhost/127.0.0.1:25036] for GET '/session/1a02d5963fd10a075334442a2fb8f2e5/alert/text'
02:09:40.595 [AsyncHttpClient-1-5] DEBUG org.asynchttpclient.netty.handler.HttpHandler - 

Request DefaultFullHttpRequest(decodeResult: success, version: HTTP/1.1, content: EmptyByteBufBE)
GET /session/1a02d5963fd10a075334442a2fb8f2e5/alert/text HTTP/1.1
User-Agent: selenium/4.8.1 (java windows)
Cache-Control: no-cache
Content-Type: application/json; charset=utf-8
host: localhost:25036
accept: */*

Response DefaultHttpResponse(decodeResult: success, version: HTTP/1.1)
HTTP/1.1 404 Not Found
Content-Length: 828
Content-Type: application/json; charset=utf-8
cache-control: no-cache

02:09:40.595 [AsyncHttpClient-1-5] DEBUG org.asynchttpclient.netty.channel.ChannelManager - Adding key: http://localhost:25036 for channel [id: 0x23d13196, L:/127.0.0.1:60997 - R:localhost/127.0.0.1:25036]
02:09:40.598 [Forwarding getCurrentUrl on session 1a02d5963fd10a075334442a2fb8f2e5 to remote] DEBUG org.asynchttpclient.netty.request.NettyRequestSender - Using pooled Channel '[id: 0x23d13196, L:/127.0.0.1:60997 - R:localhost/127.0.0.1:25036]' for 'GET' to 'http://localhost:25036/session/1a02d5963fd10a075334442a2fb8f2e5/url'
02:09:40.598 [Forwarding getCurrentUrl on session 1a02d5963fd10a075334442a2fb8f2e5 to remote] DEBUG org.asynchttpclient.netty.request.NettyRequestSender - Using open Channel [id: 0x23d13196, L:/127.0.0.1:60997 - R:localhost/127.0.0.1:25036] for GET '/session/1a02d5963fd10a075334442a2fb8f2e5/url'
02:09:40.610 [AsyncHttpClient-1-5] DEBUG org.asynchttpclient.netty.handler.HttpHandler - 

Request DefaultFullHttpRequest(decodeResult: success, version: HTTP/1.1, content: EmptyByteBufBE)
GET /session/1a02d5963fd10a075334442a2fb8f2e5/url HTTP/1.1
User-Agent: selenium/4.8.1 (java windows)
Cache-Control: no-cache
Content-Type: application/json; charset=utf-8
host: localhost:25036
accept: */*

Response DefaultHttpResponse(decodeResult: success, version: HTTP/1.1)
HTTP/1.1 200 OK
Content-Length: 56
Content-Type: application/json; charset=utf-8
cache-control: no-cache

02:09:40.610 [AsyncHttpClient-1-5] DEBUG org.asynchttpclient.netty.channel.ChannelManager - Adding key: http://localhost:25036 for channel [id: 0x23d13196, L:/127.0.0.1:60997 - R:localhost/127.0.0.1:25036]
02:09:40.612 [Forwarding screenshot on session 1a02d5963fd10a075334442a2fb8f2e5 to remote] DEBUG org.asynchttpclient.netty.request.NettyRequestSender - Using pooled Channel '[id: 0x23d13196, L:/127.0.0.1:60997 - R:localhost/127.0.0.1:25036]' for 'GET' to 'http://localhost:25036/session/1a02d5963fd10a075334442a2fb8f2e5/screenshot'
02:09:40.612 [Forwarding screenshot on session 1a02d5963fd10a075334442a2fb8f2e5 to remote] DEBUG org.asynchttpclient.netty.request.NettyRequestSender - Using open Channel [id: 0x23d13196, L:/127.0.0.1:60997 - R:localhost/127.0.0.1:25036] for GET '/session/1a02d5963fd10a075334442a2fb8f2e5/screenshot'
02:09:40.937 [AsyncHttpClient-1-5] DEBUG org.asynchttpclient.netty.handler.HttpHandler - 

Request DefaultFullHttpRequest(decodeResult: success, version: HTTP/1.1, content: EmptyByteBufBE)
GET /session/1a02d5963fd10a075334442a2fb8f2e5/screenshot HTTP/1.1
User-Agent: selenium/4.8.1 (java windows)
Cache-Control: no-cache
Content-Type: application/json; charset=utf-8
host: localhost:25036
accept: */*

Response DefaultHttpResponse(decodeResult: success, version: HTTP/1.1)
HTTP/1.1 200 OK
Content-Length: 114200
Content-Type: application/json; charset=utf-8
cache-control: no-cache

02:09:40.939 [AsyncHttpClient-1-5] DEBUG org.asynchttpclient.netty.channel.ChannelManager - Adding key: http://localhost:25036 for channel [id: 0x23d13196, L:/127.0.0.1:60997 - R:localhost/127.0.0.1:25036]
02:09:40.946 [main] DEBUG net.serenitybdd.core.photography.Darkroom - Send negative for processing for target\site\serenity\2be5bed8413a3cce27d4e68a4a208741d7466d6634a32783f60cf2cdb7374e2a.png
02:09:40.946 [Darkroom Processing Line] DEBUG net.serenitybdd.core.photography.DarkroomProcessingLine - Processing screenshot image in /var/screenshots/screenshot-6924420083712648935
02:09:40.947 [Darkroom Processing Line] DEBUG net.serenitybdd.core.photography.DarkroomProcessingLine - Saving screenshot to target\site\serenity\2be5bed8413a3cce27d4e68a4a208741d7466d6634a32783f60cf2cdb7374e2a.png
02:09:40.960 [Forwarding getPageSource on session 1a02d5963fd10a075334442a2fb8f2e5 to remote] DEBUG org.asynchttpclient.netty.request.NettyRequestSender - Using pooled Channel '[id: 0x23d13196, L:/127.0.0.1:60997 - R:localhost/127.0.0.1:25036]' for 'POST' to 'http://localhost:25036/session/1a02d5963fd10a075334442a2fb8f2e5/execute/sync'
02:09:40.960 [Forwarding getPageSource on session 1a02d5963fd10a075334442a2fb8f2e5 to remote] DEBUG org.asynchttpclient.netty.request.NettyRequestSender - Using open Channel [id: 0x23d13196, L:/127.0.0.1:60997 - R:localhost/127.0.0.1:25036] for POST '/session/1a02d5963fd10a075334442a2fb8f2e5/execute/sync'
02:09:40.973 [AsyncHttpClient-1-5] DEBUG org.asynchttpclient.netty.handler.HttpHandler - 

Request DefaultHttpRequest(decodeResult: success, version: HTTP/1.1)
POST /session/1a02d5963fd10a075334442a2fb8f2e5/execute/sync HTTP/1.1
User-Agent: selenium/4.8.1 (java windows)
Content-Length: 176
Content-Type: application/json; charset=utf-8
host: localhost:25036
accept: */*

Response DefaultHttpResponse(decodeResult: success, version: HTTP/1.1)
HTTP/1.1 200 OK
Content-Length: 3444
Content-Type: application/json; charset=utf-8
cache-control: no-cache

02:09:40.974 [AsyncHttpClient-1-5] DEBUG org.asynchttpclient.netty.channel.ChannelManager - Adding key: http://localhost:25036 for channel [id: 0x23d13196, L:/127.0.0.1:60997 - R:localhost/127.0.0.1:25036]
02:09:40.978 [Forwarding getCurrentUrl on session 1a02d5963fd10a075334442a2fb8f2e5 to remote] DEBUG org.asynchttpclient.netty.request.NettyRequestSender - Using pooled Channel '[id: 0x23d13196, L:/127.0.0.1:60997 - R:localhost/127.0.0.1:25036]' for 'GET' to 'http://localhost:25036/session/1a02d5963fd10a075334442a2fb8f2e5/url'
02:09:40.978 [Forwarding getCurrentUrl on session 1a02d5963fd10a075334442a2fb8f2e5 to remote] DEBUG org.asynchttpclient.netty.request.NettyRequestSender - Using open Channel [id: 0x23d13196, L:/127.0.0.1:60997 - R:localhost/127.0.0.1:25036] for GET '/session/1a02d5963fd10a075334442a2fb8f2e5/url'
02:09:40.990 [AsyncHttpClient-1-5] DEBUG org.asynchttpclient.netty.handler.HttpHandler - 

Request DefaultFullHttpRequest(decodeResult: success, version: HTTP/1.1, content: EmptyByteBufBE)
GET /session/1a02d5963fd10a075334442a2fb8f2e5/url HTTP/1.1
User-Agent: selenium/4.8.1 (java windows)
Cache-Control: no-cache
Content-Type: application/json; charset=utf-8
host: localhost:25036
accept: */*

Response DefaultHttpResponse(decodeResult: success, version: HTTP/1.1)
HTTP/1.1 200 OK
Content-Length: 56
Content-Type: application/json; charset=utf-8
cache-control: no-cache

02:09:40.990 [AsyncHttpClient-1-5] DEBUG org.asynchttpclient.netty.channel.ChannelManager - Adding key: http://localhost:25036 for channel [id: 0x23d13196, L:/127.0.0.1:60997 - R:localhost/127.0.0.1:25036]
02:09:41.017 [Forwarding getAlertText on session 1a02d5963fd10a075334442a2fb8f2e5 to remote] DEBUG org.asynchttpclient.netty.request.NettyRequestSender - Using pooled Channel '[id: 0x23d13196, L:/127.0.0.1:60997 - R:localhost/127.0.0.1:25036]' for 'GET' to 'http://localhost:25036/session/1a02d5963fd10a075334442a2fb8f2e5/alert/text'
02:09:41.017 [Forwarding getAlertText on session 1a02d5963fd10a075334442a2fb8f2e5 to remote] DEBUG org.asynchttpclient.netty.request.NettyRequestSender - Using open Channel [id: 0x23d13196, L:/127.0.0.1:60997 - R:localhost/127.0.0.1:25036] for GET '/session/1a02d5963fd10a075334442a2fb8f2e5/alert/text'
02:09:41.021 [AsyncHttpClient-1-5] DEBUG org.asynchttpclient.netty.handler.HttpHandler - 

Request DefaultFullHttpRequest(decodeResult: success, version: HTTP/1.1, content: EmptyByteBufBE)
GET /session/1a02d5963fd10a075334442a2fb8f2e5/alert/text HTTP/1.1
User-Agent: selenium/4.8.1 (java windows)
Cache-Control: no-cache
Content-Type: application/json; charset=utf-8
host: localhost:25036
accept: */*

Response DefaultHttpResponse(decodeResult: success, version: HTTP/1.1)
HTTP/1.1 404 Not Found
Content-Length: 828
Content-Type: application/json; charset=utf-8
cache-control: no-cache

02:09:41.021 [AsyncHttpClient-1-5] DEBUG org.asynchttpclient.netty.channel.ChannelManager - Adding key: http://localhost:25036 for channel [id: 0x23d13196, L:/127.0.0.1:60997 - R:localhost/127.0.0.1:25036]
02:09:41.024 [Forwarding getCurrentUrl on session 1a02d5963fd10a075334442a2fb8f2e5 to remote] DEBUG org.asynchttpclient.netty.request.NettyRequestSender - Using pooled Channel '[id: 0x23d13196, L:/127.0.0.1:60997 - R:localhost/127.0.0.1:25036]' for 'GET' to 'http://localhost:25036/session/1a02d5963fd10a075334442a2fb8f2e5/url'
02:09:41.025 [Forwarding getCurrentUrl on session 1a02d5963fd10a075334442a2fb8f2e5 to remote] DEBUG org.asynchttpclient.netty.request.NettyRequestSender - Using open Channel [id: 0x23d13196, L:/127.0.0.1:60997 - R:localhost/127.0.0.1:25036] for GET '/session/1a02d5963fd10a075334442a2fb8f2e5/url'
02:09:41.037 [AsyncHttpClient-1-5] DEBUG org.asynchttpclient.netty.handler.HttpHandler - 

Request DefaultFullHttpRequest(decodeResult: success, version: HTTP/1.1, content: EmptyByteBufBE)
GET /session/1a02d5963fd10a075334442a2fb8f2e5/url HTTP/1.1
User-Agent: selenium/4.8.1 (java windows)
Cache-Control: no-cache
Content-Type: application/json; charset=utf-8
host: localhost:25036
accept: */*

Response DefaultHttpResponse(decodeResult: success, version: HTTP/1.1)
HTTP/1.1 200 OK
Content-Length: 56
Content-Type: application/json; charset=utf-8
cache-control: no-cache

02:09:41.037 [AsyncHttpClient-1-5] DEBUG org.asynchttpclient.netty.channel.ChannelManager - Adding key: http://localhost:25036 for channel [id: 0x23d13196, L:/127.0.0.1:60997 - R:localhost/127.0.0.1:25036]
02:09:41.039 [Forwarding screenshot on session 1a02d5963fd10a075334442a2fb8f2e5 to remote] DEBUG org.asynchttpclient.netty.request.NettyRequestSender - Using pooled Channel '[id: 0x23d13196, L:/127.0.0.1:60997 - R:localhost/127.0.0.1:25036]' for 'GET' to 'http://localhost:25036/session/1a02d5963fd10a075334442a2fb8f2e5/screenshot'
02:09:41.039 [Forwarding screenshot on session 1a02d5963fd10a075334442a2fb8f2e5 to remote] DEBUG org.asynchttpclient.netty.request.NettyRequestSender - Using open Channel [id: 0x23d13196, L:/127.0.0.1:60997 - R:localhost/127.0.0.1:25036] for GET '/session/1a02d5963fd10a075334442a2fb8f2e5/screenshot'
02:09:41.395 [AsyncHttpClient-1-5] DEBUG org.asynchttpclient.netty.handler.HttpHandler - 

Request DefaultFullHttpRequest(decodeResult: success, version: HTTP/1.1, content: EmptyByteBufBE)
GET /session/1a02d5963fd10a075334442a2fb8f2e5/screenshot HTTP/1.1
User-Agent: selenium/4.8.1 (java windows)
Cache-Control: no-cache
Content-Type: application/json; charset=utf-8
host: localhost:25036
accept: */*

Response DefaultHttpResponse(decodeResult: success, version: HTTP/1.1)
HTTP/1.1 200 OK
Content-Length: 114200
Content-Type: application/json; charset=utf-8
cache-control: no-cache

02:09:41.396 [AsyncHttpClient-1-5] DEBUG org.asynchttpclient.netty.channel.ChannelManager - Adding key: http://localhost:25036 for channel [id: 0x23d13196, L:/127.0.0.1:60997 - R:localhost/127.0.0.1:25036]
02:09:41.403 [main] DEBUG net.serenitybdd.core.photography.Darkroom - Send negative for processing for target\site\serenity\2be5bed8413a3cce27d4e68a4a208741d7466d6634a32783f60cf2cdb7374e2a.png
02:09:41.407 [Forwarding getPageSource on session 1a02d5963fd10a075334442a2fb8f2e5 to remote] DEBUG org.asynchttpclient.netty.request.NettyRequestSender - Using pooled Channel '[id: 0x23d13196, L:/127.0.0.1:60997 - R:localhost/127.0.0.1:25036]' for 'POST' to 'http://localhost:25036/session/1a02d5963fd10a075334442a2fb8f2e5/execute/sync'
02:09:41.407 [Forwarding getPageSource on session 1a02d5963fd10a075334442a2fb8f2e5 to remote] DEBUG org.asynchttpclient.netty.request.NettyRequestSender - Using open Channel [id: 0x23d13196, L:/127.0.0.1:60997 - R:localhost/127.0.0.1:25036] for POST '/session/1a02d5963fd10a075334442a2fb8f2e5/execute/sync'
02:09:41.423 [AsyncHttpClient-1-5] DEBUG org.asynchttpclient.netty.handler.HttpHandler - 

Request DefaultHttpRequest(decodeResult: success, version: HTTP/1.1)
POST /session/1a02d5963fd10a075334442a2fb8f2e5/execute/sync HTTP/1.1
User-Agent: selenium/4.8.1 (java windows)
Content-Length: 176
Content-Type: application/json; charset=utf-8
host: localhost:25036
accept: */*

Response DefaultHttpResponse(decodeResult: success, version: HTTP/1.1)
HTTP/1.1 200 OK
Content-Length: 5075
Content-Type: application/json; charset=utf-8
cache-control: no-cache

02:09:41.434 [AsyncHttpClient-1-5] DEBUG org.asynchttpclient.netty.channel.ChannelManager - Adding key: http://localhost:25036 for channel [id: 0x23d13196, L:/127.0.0.1:60997 - R:localhost/127.0.0.1:25036]
02:09:41.435 [AsyncHttpClient-1-1] DEBUG org.asynchttpclient.netty.channel.DefaultChannelPool - Entry count for : http://localhost:60998 : 1
02:09:41.435 [AsyncHttpClient-1-1] DEBUG org.asynchttpclient.netty.channel.DefaultChannelPool - Entry count for : http://localhost:25036 : 1
02:09:41.439 [Forwarding getCurrentUrl on session 1a02d5963fd10a075334442a2fb8f2e5 to remote] DEBUG org.asynchttpclient.netty.request.NettyRequestSender - Using pooled Channel '[id: 0x23d13196, L:/127.0.0.1:60997 - R:localhost/127.0.0.1:25036]' for 'GET' to 'http://localhost:25036/session/1a02d5963fd10a075334442a2fb8f2e5/url'
02:09:41.440 [Forwarding getCurrentUrl on session 1a02d5963fd10a075334442a2fb8f2e5 to remote] DEBUG org.asynchttpclient.netty.request.NettyRequestSender - Using open Channel [id: 0x23d13196, L:/127.0.0.1:60997 - R:localhost/127.0.0.1:25036] for GET '/session/1a02d5963fd10a075334442a2fb8f2e5/url'
02:09:41.453 [AsyncHttpClient-1-5] DEBUG org.asynchttpclient.netty.handler.HttpHandler - 

Request DefaultFullHttpRequest(decodeResult: success, version: HTTP/1.1, content: EmptyByteBufBE)
GET /session/1a02d5963fd10a075334442a2fb8f2e5/url HTTP/1.1
User-Agent: selenium/4.8.1 (java windows)
Cache-Control: no-cache
Content-Type: application/json; charset=utf-8
host: localhost:25036
accept: */*

Response DefaultHttpResponse(decodeResult: success, version: HTTP/1.1)
HTTP/1.1 200 OK
Content-Length: 56
Content-Type: application/json; charset=utf-8
cache-control: no-cache

02:09:41.454 [AsyncHttpClient-1-5] DEBUG org.asynchttpclient.netty.channel.ChannelManager - Adding key: http://localhost:25036 for channel [id: 0x23d13196, L:/127.0.0.1:60997 - R:localhost/127.0.0.1:25036]
02:09:41.459 [main] DEBUG net.thucydides.core.steps.StepInterceptor - STARTING STEP: LoginSteps.seeErrorMessage - validateErrorMessageInvalidUsernamePwd
02:09:41.465 [Forwarding findElement on session 1a02d5963fd10a075334442a2fb8f2e5 to remote] DEBUG org.asynchttpclient.netty.request.NettyRequestSender - Using pooled Channel '[id: 0x23d13196, L:/127.0.0.1:60997 - R:localhost/127.0.0.1:25036]' for 'POST' to 'http://localhost:25036/session/1a02d5963fd10a075334442a2fb8f2e5/element'
02:09:41.465 [Forwarding findElement on session 1a02d5963fd10a075334442a2fb8f2e5 to remote] DEBUG org.asynchttpclient.netty.request.NettyRequestSender - Using open Channel [id: 0x23d13196, L:/127.0.0.1:60997 - R:localhost/127.0.0.1:25036] for POST '/session/1a02d5963fd10a075334442a2fb8f2e5/element'
02:09:41.497 [AsyncHttpClient-1-5] DEBUG org.asynchttpclient.netty.handler.HttpHandler - 

Request DefaultHttpRequest(decodeResult: success, version: HTTP/1.1)
POST /session/1a02d5963fd10a075334442a2fb8f2e5/element HTTP/1.1
User-Agent: selenium/4.8.1 (java windows)
Content-Length: 91
Content-Type: application/json; charset=utf-8
host: localhost:25036
accept: */*

Response DefaultHttpResponse(decodeResult: success, version: HTTP/1.1)
HTTP/1.1 200 OK
Content-Length: 95
Content-Type: application/json; charset=utf-8
cache-control: no-cache

02:09:41.497 [AsyncHttpClient-1-5] DEBUG org.asynchttpclient.netty.channel.ChannelManager - Adding key: http://localhost:25036 for channel [id: 0x23d13196, L:/127.0.0.1:60997 - R:localhost/127.0.0.1:25036]
02:09:41.506 [Forwarding isElementDisplayed on session 1a02d5963fd10a075334442a2fb8f2e5 to remote] DEBUG org.asynchttpclient.netty.request.NettyRequestSender - Using pooled Channel '[id: 0x23d13196, L:/127.0.0.1:60997 - R:localhost/127.0.0.1:25036]' for 'POST' to 'http://localhost:25036/session/1a02d5963fd10a075334442a2fb8f2e5/execute/sync'
02:09:41.507 [Forwarding isElementDisplayed on session 1a02d5963fd10a075334442a2fb8f2e5 to remote] DEBUG org.asynchttpclient.netty.request.NettyRequestSender - Using open Channel [id: 0x23d13196, L:/127.0.0.1:60997 - R:localhost/127.0.0.1:25036] for POST '/session/1a02d5963fd10a075334442a2fb8f2e5/execute/sync'
02:09:41.552 [AsyncHttpClient-1-5] DEBUG org.asynchttpclient.netty.handler.HttpHandler - 

Request DefaultHttpRequest(decodeResult: success, version: HTTP/1.1)
POST /session/1a02d5963fd10a075334442a2fb8f2e5/execute/sync HTTP/1.1
User-Agent: selenium/4.8.1 (java windows)
Content-Length: 48814
Content-Type: application/json; charset=utf-8
host: localhost:25036
accept: */*

Response DefaultHttpResponse(decodeResult: success, version: HTTP/1.1)
HTTP/1.1 200 OK
Content-Length: 14
Content-Type: application/json; charset=utf-8
cache-control: no-cache

02:09:41.552 [AsyncHttpClient-1-5] DEBUG org.asynchttpclient.netty.channel.ChannelManager - Adding key: http://localhost:25036 for channel [id: 0x23d13196, L:/127.0.0.1:60997 - R:localhost/127.0.0.1:25036]
02:09:41.566 [Forwarding getAlertText on session 1a02d5963fd10a075334442a2fb8f2e5 to remote] DEBUG org.asynchttpclient.netty.request.NettyRequestSender - Using pooled Channel '[id: 0x23d13196, L:/127.0.0.1:60997 - R:localhost/127.0.0.1:25036]' for 'GET' to 'http://localhost:25036/session/1a02d5963fd10a075334442a2fb8f2e5/alert/text'
02:09:41.566 [Forwarding getAlertText on session 1a02d5963fd10a075334442a2fb8f2e5 to remote] DEBUG org.asynchttpclient.netty.request.NettyRequestSender - Using open Channel [id: 0x23d13196, L:/127.0.0.1:60997 - R:localhost/127.0.0.1:25036] for GET '/session/1a02d5963fd10a075334442a2fb8f2e5/alert/text'
02:09:41.570 [AsyncHttpClient-1-5] DEBUG org.asynchttpclient.netty.handler.HttpHandler - 

Request DefaultFullHttpRequest(decodeResult: success, version: HTTP/1.1, content: EmptyByteBufBE)
GET /session/1a02d5963fd10a075334442a2fb8f2e5/alert/text HTTP/1.1
User-Agent: selenium/4.8.1 (java windows)
Cache-Control: no-cache
Content-Type: application/json; charset=utf-8
host: localhost:25036
accept: */*

Response DefaultHttpResponse(decodeResult: success, version: HTTP/1.1)
HTTP/1.1 404 Not Found
Content-Length: 828
Content-Type: application/json; charset=utf-8
cache-control: no-cache

02:09:41.571 [AsyncHttpClient-1-5] DEBUG org.asynchttpclient.netty.channel.ChannelManager - Adding key: http://localhost:25036 for channel [id: 0x23d13196, L:/127.0.0.1:60997 - R:localhost/127.0.0.1:25036]
02:09:41.574 [Forwarding getCurrentUrl on session 1a02d5963fd10a075334442a2fb8f2e5 to remote] DEBUG org.asynchttpclient.netty.request.NettyRequestSender - Using pooled Channel '[id: 0x23d13196, L:/127.0.0.1:60997 - R:localhost/127.0.0.1:25036]' for 'GET' to 'http://localhost:25036/session/1a02d5963fd10a075334442a2fb8f2e5/url'
02:09:41.574 [Forwarding getCurrentUrl on session 1a02d5963fd10a075334442a2fb8f2e5 to remote] DEBUG org.asynchttpclient.netty.request.NettyRequestSender - Using open Channel [id: 0x23d13196, L:/127.0.0.1:60997 - R:localhost/127.0.0.1:25036] for GET '/session/1a02d5963fd10a075334442a2fb8f2e5/url'
02:09:41.586 [AsyncHttpClient-1-5] DEBUG org.asynchttpclient.netty.handler.HttpHandler - 

Request DefaultFullHttpRequest(decodeResult: success, version: HTTP/1.1, content: EmptyByteBufBE)
GET /session/1a02d5963fd10a075334442a2fb8f2e5/url HTTP/1.1
User-Agent: selenium/4.8.1 (java windows)
Cache-Control: no-cache
Content-Type: application/json; charset=utf-8
host: localhost:25036
accept: */*

Response DefaultHttpResponse(decodeResult: success, version: HTTP/1.1)
HTTP/1.1 200 OK
Content-Length: 56
Content-Type: application/json; charset=utf-8
cache-control: no-cache

02:09:41.587 [AsyncHttpClient-1-5] DEBUG org.asynchttpclient.netty.channel.ChannelManager - Adding key: http://localhost:25036 for channel [id: 0x23d13196, L:/127.0.0.1:60997 - R:localhost/127.0.0.1:25036]
02:09:41.589 [Forwarding screenshot on session 1a02d5963fd10a075334442a2fb8f2e5 to remote] DEBUG org.asynchttpclient.netty.request.NettyRequestSender - Using pooled Channel '[id: 0x23d13196, L:/127.0.0.1:60997 - R:localhost/127.0.0.1:25036]' for 'GET' to 'http://localhost:25036/session/1a02d5963fd10a075334442a2fb8f2e5/screenshot'
02:09:41.589 [Forwarding screenshot on session 1a02d5963fd10a075334442a2fb8f2e5 to remote] DEBUG org.asynchttpclient.netty.request.NettyRequestSender - Using open Channel [id: 0x23d13196, L:/127.0.0.1:60997 - R:localhost/127.0.0.1:25036] for GET '/session/1a02d5963fd10a075334442a2fb8f2e5/screenshot'
02:09:41.900 [AsyncHttpClient-1-5] DEBUG org.asynchttpclient.netty.handler.HttpHandler - 

Request DefaultFullHttpRequest(decodeResult: success, version: HTTP/1.1, content: EmptyByteBufBE)
GET /session/1a02d5963fd10a075334442a2fb8f2e5/screenshot HTTP/1.1
User-Agent: selenium/4.8.1 (java windows)
Cache-Control: no-cache
Content-Type: application/json; charset=utf-8
host: localhost:25036
accept: */*

Response DefaultHttpResponse(decodeResult: success, version: HTTP/1.1)
HTTP/1.1 200 OK
Content-Length: 124352
Content-Type: application/json; charset=utf-8
cache-control: no-cache

02:09:41.902 [AsyncHttpClient-1-5] DEBUG org.asynchttpclient.netty.channel.ChannelManager - Adding key: http://localhost:25036 for channel [id: 0x23d13196, L:/127.0.0.1:60997 - R:localhost/127.0.0.1:25036]
02:09:41.908 [main] DEBUG net.serenitybdd.core.photography.Darkroom - Send negative for processing for target\site\serenity\e12ad88ef9fcbf91ecc16076423a027915221a5009213be5d2cfdc80251d2ed8.png
02:09:41.909 [main] DEBUG net.thucydides.core.steps.StepInterceptor - STEP DONE: validateErrorMessageInvalidUsernamePwd
02:09:41.909 [Darkroom Processing Line] DEBUG net.serenitybdd.core.photography.DarkroomProcessingLine - Processing screenshot image in /var/screenshots/screenshot-13904428242195825332
02:09:41.909 [Darkroom Processing Line] DEBUG net.serenitybdd.core.photography.DarkroomProcessingLine - Saving screenshot to target\site\serenity\e12ad88ef9fcbf91ecc16076423a027915221a5009213be5d2cfdc80251d2ed8.png
02:09:41.928 [Forwarding getPageSource on session 1a02d5963fd10a075334442a2fb8f2e5 to remote] DEBUG org.asynchttpclient.netty.request.NettyRequestSender - Using pooled Channel '[id: 0x23d13196, L:/127.0.0.1:60997 - R:localhost/127.0.0.1:25036]' for 'POST' to 'http://localhost:25036/session/1a02d5963fd10a075334442a2fb8f2e5/execute/sync'
02:09:41.928 [Forwarding getPageSource on session 1a02d5963fd10a075334442a2fb8f2e5 to remote] DEBUG org.asynchttpclient.netty.request.NettyRequestSender - Using open Channel [id: 0x23d13196, L:/127.0.0.1:60997 - R:localhost/127.0.0.1:25036] for POST '/session/1a02d5963fd10a075334442a2fb8f2e5/execute/sync'
02:09:41.939 [AsyncHttpClient-1-5] DEBUG org.asynchttpclient.netty.handler.HttpHandler - 

Request DefaultHttpRequest(decodeResult: success, version: HTTP/1.1)
POST /session/1a02d5963fd10a075334442a2fb8f2e5/execute/sync HTTP/1.1
User-Agent: selenium/4.8.1 (java windows)
Content-Length: 176
Content-Type: application/json; charset=utf-8
host: localhost:25036
accept: */*

Response DefaultHttpResponse(decodeResult: success, version: HTTP/1.1)
HTTP/1.1 200 OK
Content-Length: 5068
Content-Type: application/json; charset=utf-8
cache-control: no-cache

02:09:41.939 [AsyncHttpClient-1-5] DEBUG org.asynchttpclient.netty.channel.ChannelManager - Adding key: http://localhost:25036 for channel [id: 0x23d13196, L:/127.0.0.1:60997 - R:localhost/127.0.0.1:25036]
02:09:41.943 [Forwarding getCurrentUrl on session 1a02d5963fd10a075334442a2fb8f2e5 to remote] DEBUG org.asynchttpclient.netty.request.NettyRequestSender - Using pooled Channel '[id: 0x23d13196, L:/127.0.0.1:60997 - R:localhost/127.0.0.1:25036]' for 'GET' to 'http://localhost:25036/session/1a02d5963fd10a075334442a2fb8f2e5/url'
02:09:41.944 [Forwarding getCurrentUrl on session 1a02d5963fd10a075334442a2fb8f2e5 to remote] DEBUG org.asynchttpclient.netty.request.NettyRequestSender - Using open Channel [id: 0x23d13196, L:/127.0.0.1:60997 - R:localhost/127.0.0.1:25036] for GET '/session/1a02d5963fd10a075334442a2fb8f2e5/url'
02:09:41.952 [AsyncHttpClient-1-5] DEBUG org.asynchttpclient.netty.handler.HttpHandler - 

Request DefaultFullHttpRequest(decodeResult: success, version: HTTP/1.1, content: EmptyByteBufBE)
GET /session/1a02d5963fd10a075334442a2fb8f2e5/url HTTP/1.1
User-Agent: selenium/4.8.1 (java windows)
Cache-Control: no-cache
Content-Type: application/json; charset=utf-8
host: localhost:25036
accept: */*

Response DefaultHttpResponse(decodeResult: success, version: HTTP/1.1)
HTTP/1.1 200 OK
Content-Length: 56
Content-Type: application/json; charset=utf-8
cache-control: no-cache

02:09:41.952 [AsyncHttpClient-1-5] DEBUG org.asynchttpclient.netty.channel.ChannelManager - Adding key: http://localhost:25036 for channel [id: 0x23d13196, L:/127.0.0.1:60997 - R:localhost/127.0.0.1:25036]
02:09:41.957 [main] DEBUG net.thucydides.core.steps.StepInterceptor - STARTING STEP: LoginSteps.seeErrorMessage - iValidateEqualMessageErrorInvUsernamePwd
02:09:41.961 [Forwarding findElement on session 1a02d5963fd10a075334442a2fb8f2e5 to remote] DEBUG org.asynchttpclient.netty.request.NettyRequestSender - Using pooled Channel '[id: 0x23d13196, L:/127.0.0.1:60997 - R:localhost/127.0.0.1:25036]' for 'POST' to 'http://localhost:25036/session/1a02d5963fd10a075334442a2fb8f2e5/element'
02:09:41.961 [Forwarding findElement on session 1a02d5963fd10a075334442a2fb8f2e5 to remote] DEBUG org.asynchttpclient.netty.request.NettyRequestSender - Using open Channel [id: 0x23d13196, L:/127.0.0.1:60997 - R:localhost/127.0.0.1:25036] for POST '/session/1a02d5963fd10a075334442a2fb8f2e5/element'
02:09:41.978 [AsyncHttpClient-1-5] DEBUG org.asynchttpclient.netty.handler.HttpHandler - 

Request DefaultHttpRequest(decodeResult: success, version: HTTP/1.1)
POST /session/1a02d5963fd10a075334442a2fb8f2e5/element HTTP/1.1
User-Agent: selenium/4.8.1 (java windows)
Content-Length: 91
Content-Type: application/json; charset=utf-8
host: localhost:25036
accept: */*

Response DefaultHttpResponse(decodeResult: success, version: HTTP/1.1)
HTTP/1.1 200 OK
Content-Length: 95
Content-Type: application/json; charset=utf-8
cache-control: no-cache

02:09:41.979 [AsyncHttpClient-1-5] DEBUG org.asynchttpclient.netty.channel.ChannelManager - Adding key: http://localhost:25036 for channel [id: 0x23d13196, L:/127.0.0.1:60997 - R:localhost/127.0.0.1:25036]
02:09:41.980 [Forwarding getElementText on session 1a02d5963fd10a075334442a2fb8f2e5 to remote] DEBUG org.asynchttpclient.netty.request.NettyRequestSender - Using pooled Channel '[id: 0x23d13196, L:/127.0.0.1:60997 - R:localhost/127.0.0.1:25036]' for 'GET' to 'http://localhost:25036/session/1a02d5963fd10a075334442a2fb8f2e5/element/BD749A24038C48DAF97DA54CCA33142A_element_16/text'
02:09:41.981 [Forwarding getElementText on session 1a02d5963fd10a075334442a2fb8f2e5 to remote] DEBUG org.asynchttpclient.netty.request.NettyRequestSender - Using open Channel [id: 0x23d13196, L:/127.0.0.1:60997 - R:localhost/127.0.0.1:25036] for GET '/session/1a02d5963fd10a075334442a2fb8f2e5/element/BD749A24038C48DAF97DA54CCA33142A_element_16/text'
02:09:42.014 [AsyncHttpClient-1-5] DEBUG org.asynchttpclient.netty.handler.HttpHandler - 

Request DefaultFullHttpRequest(decodeResult: success, version: HTTP/1.1, content: EmptyByteBufBE)
GET /session/1a02d5963fd10a075334442a2fb8f2e5/element/BD749A24038C48DAF97DA54CCA33142A_element_16/text HTTP/1.1
User-Agent: selenium/4.8.1 (java windows)
Cache-Control: no-cache
Content-Type: application/json; charset=utf-8
host: localhost:25036
accept: */*

Response DefaultHttpResponse(decodeResult: success, version: HTTP/1.1)
HTTP/1.1 200 OK
Content-Length: 60
Content-Type: application/json; charset=utf-8
cache-control: no-cache

02:09:42.014 [AsyncHttpClient-1-5] DEBUG org.asynchttpclient.netty.channel.ChannelManager - Adding key: http://localhost:25036 for channel [id: 0x23d13196, L:/127.0.0.1:60997 - R:localhost/127.0.0.1:25036]
02:09:42.025 [Forwarding getAlertText on session 1a02d5963fd10a075334442a2fb8f2e5 to remote] DEBUG org.asynchttpclient.netty.request.NettyRequestSender - Using pooled Channel '[id: 0x23d13196, L:/127.0.0.1:60997 - R:localhost/127.0.0.1:25036]' for 'GET' to 'http://localhost:25036/session/1a02d5963fd10a075334442a2fb8f2e5/alert/text'
02:09:42.025 [Forwarding getAlertText on session 1a02d5963fd10a075334442a2fb8f2e5 to remote] DEBUG org.asynchttpclient.netty.request.NettyRequestSender - Using open Channel [id: 0x23d13196, L:/127.0.0.1:60997 - R:localhost/127.0.0.1:25036] for GET '/session/1a02d5963fd10a075334442a2fb8f2e5/alert/text'
02:09:42.028 [AsyncHttpClient-1-5] DEBUG org.asynchttpclient.netty.handler.HttpHandler - 

Request DefaultFullHttpRequest(decodeResult: success, version: HTTP/1.1, content: EmptyByteBufBE)
GET /session/1a02d5963fd10a075334442a2fb8f2e5/alert/text HTTP/1.1
User-Agent: selenium/4.8.1 (java windows)
Cache-Control: no-cache
Content-Type: application/json; charset=utf-8
host: localhost:25036
accept: */*

Response DefaultHttpResponse(decodeResult: success, version: HTTP/1.1)
HTTP/1.1 404 Not Found
Content-Length: 828
Content-Type: application/json; charset=utf-8
cache-control: no-cache

02:09:42.029 [AsyncHttpClient-1-5] DEBUG org.asynchttpclient.netty.channel.ChannelManager - Adding key: http://localhost:25036 for channel [id: 0x23d13196, L:/127.0.0.1:60997 - R:localhost/127.0.0.1:25036]
02:09:42.031 [Forwarding getCurrentUrl on session 1a02d5963fd10a075334442a2fb8f2e5 to remote] DEBUG org.asynchttpclient.netty.request.NettyRequestSender - Using pooled Channel '[id: 0x23d13196, L:/127.0.0.1:60997 - R:localhost/127.0.0.1:25036]' for 'GET' to 'http://localhost:25036/session/1a02d5963fd10a075334442a2fb8f2e5/url'
02:09:42.031 [Forwarding getCurrentUrl on session 1a02d5963fd10a075334442a2fb8f2e5 to remote] DEBUG org.asynchttpclient.netty.request.NettyRequestSender - Using open Channel [id: 0x23d13196, L:/127.0.0.1:60997 - R:localhost/127.0.0.1:25036] for GET '/session/1a02d5963fd10a075334442a2fb8f2e5/url'
02:09:42.042 [AsyncHttpClient-1-5] DEBUG org.asynchttpclient.netty.handler.HttpHandler - 

Request DefaultFullHttpRequest(decodeResult: success, version: HTTP/1.1, content: EmptyByteBufBE)
GET /session/1a02d5963fd10a075334442a2fb8f2e5/url HTTP/1.1
User-Agent: selenium/4.8.1 (java windows)
Cache-Control: no-cache
Content-Type: application/json; charset=utf-8
host: localhost:25036
accept: */*

Response DefaultHttpResponse(decodeResult: success, version: HTTP/1.1)
HTTP/1.1 200 OK
Content-Length: 56
Content-Type: application/json; charset=utf-8
cache-control: no-cache

02:09:42.043 [AsyncHttpClient-1-5] DEBUG org.asynchttpclient.netty.channel.ChannelManager - Adding key: http://localhost:25036 for channel [id: 0x23d13196, L:/127.0.0.1:60997 - R:localhost/127.0.0.1:25036]
02:09:42.045 [Forwarding screenshot on session 1a02d5963fd10a075334442a2fb8f2e5 to remote] DEBUG org.asynchttpclient.netty.request.NettyRequestSender - Using pooled Channel '[id: 0x23d13196, L:/127.0.0.1:60997 - R:localhost/127.0.0.1:25036]' for 'GET' to 'http://localhost:25036/session/1a02d5963fd10a075334442a2fb8f2e5/screenshot'
02:09:42.045 [Forwarding screenshot on session 1a02d5963fd10a075334442a2fb8f2e5 to remote] DEBUG org.asynchttpclient.netty.request.NettyRequestSender - Using open Channel [id: 0x23d13196, L:/127.0.0.1:60997 - R:localhost/127.0.0.1:25036] for GET '/session/1a02d5963fd10a075334442a2fb8f2e5/screenshot'
02:09:42.336 [AsyncHttpClient-1-5] DEBUG org.asynchttpclient.netty.handler.HttpHandler - 

Request DefaultFullHttpRequest(decodeResult: success, version: HTTP/1.1, content: EmptyByteBufBE)
GET /session/1a02d5963fd10a075334442a2fb8f2e5/screenshot HTTP/1.1
User-Agent: selenium/4.8.1 (java windows)
Cache-Control: no-cache
Content-Type: application/json; charset=utf-8
host: localhost:25036
accept: */*

Response DefaultHttpResponse(decodeResult: success, version: HTTP/1.1)
HTTP/1.1 200 OK
Content-Length: 124352
Content-Type: application/json; charset=utf-8
cache-control: no-cache

02:09:42.338 [AsyncHttpClient-1-5] DEBUG org.asynchttpclient.netty.channel.ChannelManager - Adding key: http://localhost:25036 for channel [id: 0x23d13196, L:/127.0.0.1:60997 - R:localhost/127.0.0.1:25036]
02:09:42.345 [main] DEBUG net.serenitybdd.core.photography.Darkroom - Send negative for processing for target\site\serenity\e12ad88ef9fcbf91ecc16076423a027915221a5009213be5d2cfdc80251d2ed8.png
02:09:42.346 [main] DEBUG net.thucydides.core.steps.StepInterceptor - STEP DONE: iValidateEqualMessageErrorInvUsernamePwd
  &amp#27;[32mThen &amp#27;[0m&amp#27;[32mI see error message &amp#27;[0m&amp#27;[32m&amp#27;[1m"You have entered an invalid username and password"&amp#27;[0m &amp#27;[90m# starter.stepdefinitions.LoginSteps.seeErrorMessage(java.lang.String)&amp#27;[0m
02:09:42.363 [main] INFO  - 
  _____   ___   ___   _____     ___     _     ___   ___   ___   ___  
 |_   _| | __| / __| |_   _|   | _ \   /_\   / __| / __| | __| |   \ 
   | |   | _|  \__ \   | |     |  _/  / _ \  \__ \ \__ \ | _|  | |) |
   |_|   |___| |___/   |_|     |_|   /_/ \_\ |___/ |___/ |___| |___/ 

As a admin i failed login with invalid username
----------------------------------------------------------------------
02:09:42.366 [AsyncHttpClient-1-7] DEBUG org.asynchttpclient.netty.handler.WebSocketHandler - Channel Closed: [id: 0x14291ef0, L:/127.0.0.1:61006 ! R:localhost/127.0.0.1:60998] with attribute NettyResponseFuture{currentRetry=0,
	isDone=1,
	isCancelled=0,
	asyncHandler=org.asynchttpclient.ws.WebSocketUpgradeHandler@4c99ee69,
	nettyRequest=org.asynchttpclient.netty.request.NettyRequest@99b799e,
	future=java.util.concurrent.CompletableFuture@43986cf9[Completed normally],
	uri=ws://localhost:60998/devtools/browser/5e7944a6-5d71-48b4-a810-74b5de394071,
	keepAlive=true,
	redirectCount=0,
	timeoutsHolder=null,
	inAuth=0,
	touch=1687201773455}
02:09:42.366 [AsyncHttpClient-1-7] DEBUG org.asynchttpclient.netty.channel.ChannelManager - Closing Channel [id: 0x14291ef0, L:/127.0.0.1:61006 ! R:localhost/127.0.0.1:60998] 
02:09:42.366 [Driver Command Executor] DEBUG org.asynchttpclient.netty.request.NettyRequestSender - Using pooled Channel '[id: 0x23d13196, L:/127.0.0.1:60997 - R:localhost/127.0.0.1:25036]' for 'DELETE' to 'http://localhost:25036/session/1a02d5963fd10a075334442a2fb8f2e5'
02:09:42.367 [Driver Command Executor] DEBUG org.asynchttpclient.netty.request.NettyRequestSender - Using open Channel [id: 0x23d13196, L:/127.0.0.1:60997 - R:localhost/127.0.0.1:25036] for DELETE '/session/1a02d5963fd10a075334442a2fb8f2e5'
02:09:42.480 [AsyncHttpClient-1-6] DEBUG org.asynchttpclient.netty.handler.HttpHandler - Unexpected I/O exception on channel [id: 0xa7f8ade2, L:/127.0.0.1:61005 - R:localhost/127.0.0.1:60998]
java.io.IOException: An existing connection was forcibly closed by the remote host
	at java.base/sun.nio.ch.SocketDispatcher.read0(Native Method)
	at java.base/sun.nio.ch.SocketDispatcher.read(SocketDispatcher.java:43)
	at java.base/sun.nio.ch.IOUtil.readIntoNativeBuffer(IOUtil.java:276)
	at java.base/sun.nio.ch.IOUtil.read(IOUtil.java:233)
	at java.base/sun.nio.ch.IOUtil.read(IOUtil.java:223)
	at java.base/sun.nio.ch.SocketChannelImpl.read(SocketChannelImpl.java:356)
	at io.netty.buffer.PooledByteBuf.setBytes(PooledByteBuf.java:259)
	at io.netty.buffer.AbstractByteBuf.writeBytes(AbstractByteBuf.java:1132)
	at io.netty.channel.socket.nio.NioSocketChannel.doReadBytes(NioSocketChannel.java:357)
	at io.netty.channel.nio.AbstractNioByteChannel$NioByteUnsafe.read(AbstractNioByteChannel.java:151)
	at io.netty.channel.nio.NioEventLoop.processSelectedKey(NioEventLoop.java:788)
	at io.netty.channel.nio.NioEventLoop.processSelectedKeysOptimized(NioEventLoop.java:724)
	at io.netty.channel.nio.NioEventLoop.processSelectedKeys(NioEventLoop.java:650)
	at io.netty.channel.nio.NioEventLoop.run(NioEventLoop.java:562)
	at io.netty.util.concurrent.SingleThreadEventExecutor$4.run(SingleThreadEventExecutor.java:997)
	at io.netty.util.internal.ThreadExecutorMap$2.run(ThreadExecutorMap.java:74)
	at io.netty.util.concurrent.FastThreadLocalRunnable.run(FastThreadLocalRunnable.java:30)
	at java.base/java.lang.Thread.run(Thread.java:829)
02:09:42.481 [AsyncHttpClient-1-6] DEBUG org.asynchttpclient.netty.channel.ChannelManager - Closing Channel [id: 0xa7f8ade2, L:/127.0.0.1:61005 - R:localhost/127.0.0.1:60998] 
02:09:42.481 [AsyncHttpClient-1-6] DEBUG org.asynchttpclient.netty.handler.HttpHandler - Channel Closed: [id: 0xa7f8ade2, L:/127.0.0.1:61005 ! R:localhost/127.0.0.1:60998] with attribute DISCARD
02:09:42.535 [AsyncHttpClient-1-5] DEBUG org.asynchttpclient.netty.handler.HttpHandler - 

Request DefaultFullHttpRequest(decodeResult: success, version: HTTP/1.1, content: EmptyByteBufBE)
DELETE /session/1a02d5963fd10a075334442a2fb8f2e5 HTTP/1.1
User-Agent: selenium/4.8.1 (java windows)
Content-Type: application/json; charset=utf-8
host: localhost:25036
accept: */*

Response DefaultHttpResponse(decodeResult: success, version: HTTP/1.1)
HTTP/1.1 200 OK
Content-Length: 14
Content-Type: application/json; charset=utf-8
cache-control: no-cache

02:09:42.536 [AsyncHttpClient-1-5] DEBUG org.asynchttpclient.netty.channel.ChannelManager - Adding key: http://localhost:25036 for channel [id: 0x23d13196, L:/127.0.0.1:60997 - R:localhost/127.0.0.1:25036]
02:09:42.536 [AsyncHttpClient-1-1] DEBUG org.asynchttpclient.netty.channel.DefaultChannelPool - Entry count for : http://localhost:60998 : 1
02:09:42.536 [AsyncHttpClient-1-1] DEBUG org.asynchttpclient.netty.channel.DefaultChannelPool - Entry count for : http://localhost:25036 : 1
02:09:42.537 [AsyncHttpClient-1-1] DEBUG org.asynchttpclient.netty.channel.DefaultChannelPool - Adding Candidate expired Channel [id: 0xa7f8ade2, L:/127.0.0.1:61005 ! R:localhost/127.0.0.1:60998] isIdleTimeoutExpired=false isRemotelyClosed=true isTtlExpired=false
02:09:42.537 [AsyncHttpClient-1-1] DEBUG org.asynchttpclient.netty.channel.DefaultChannelPool - Closing Idle Channel [id: 0xa7f8ade2, L:/127.0.0.1:61005 ! R:localhost/127.0.0.1:60998]
02:09:42.537 [AsyncHttpClient-1-1] DEBUG org.asynchttpclient.netty.channel.DefaultChannelPool - Closed 1 connections out of 2 in 0 ms
02:09:42.758 [AsyncHttpClient-1-5] DEBUG org.asynchttpclient.netty.handler.HttpHandler - Channel Closed: [id: 0x23d13196, L:/127.0.0.1:60997 ! R:localhost/127.0.0.1:25036] with attribute DISCARD
]]></system-out>
    <system-err><![CDATA[Starting ChromeDriver 114.0.5735.90 (386bc09e8f4f2e025eddae123f36f6263096ae49-refs/branch-heads/5735@{#1052}) on port 25036
Only local connections are allowed.
Please see https://chromedriver.chromium.org/security-considerations for suggestions on keeping ChromeDriver safe.
ChromeDriver was started successfully.
Jun 20, 2023 2:09:33 AM org.openqa.selenium.devtools.CdpVersionFinder findNearestMatch
WARNING: Unable to find an exact match for CDP version 114, so returning the closest version found: 110
]]></system-err>
  </testcase>
  <testcase name="As a admin i failed login with invalid password" classname="login" time="12.836">
    <system-out><![CDATA[
@login @FailedLoginInvalidPassword
Scenario: As a admin i failed login with invalid password                      &amp#27;[90m# src/test/resources/features/Login.feature:26&amp#27;[0m
02:09:43.294 [main] DEBUG io.cucumber.core.plugin.SerenityReporter - Running feature from file:///D:/CapstoneWeb/src/test/resources/features/Login.feature
02:09:43.302 [main] INFO  - 
  _____   ___   ___   _____     ___   _____     _     ___   _____   ___   ___  
 |_   _| | __| / __| |_   _|   / __| |_   _|   /_\   | _ \ |_   _| | __| |   \ 
   | |   | _|  \__ \   | |     \__ \   | |    / _ \  |   /   | |   | _|  | |) |
   |_|   |___| |___/   |_|     |___/   |_|   /_/ \_\ |_|_\   |_|   |___| |___/ 

As a admin i failed login with invalid password(login;as-a-admin-i-failed-login-with-invalid-password)
--------------------------------------------------------------------------------
02:09:43.563 [main] INFO net.serenitybdd.core.webdriver.driverproviders.ChromeDriverProvider - Starting Chrome driver instance with capabilities:
02:09:43.566 [main] INFO net.serenitybdd.core.webdriver.driverproviders.ChromeDriverProvider - Capabilities {acceptInsecureCerts: true, browserName: chrome, goog:chromeOptions: {args: [remote-allow-origins=*, test-type, no-sandbox, ignore-certificate-errors, start-maximized, incognito, disable-infobars, disable-gpu, disable-default-apps, disable-popup-blocking, remote-allow-origins=*, test-type, no-sandbox, ignore-certificate-errors, start-maximized, incognito, disable-infobars, disable-gpu, disable-default-apps, disable-popup-blocking, remote-allow-origins=*], extensions: []}}
02:09:43.634 [AsyncHttpClient-1-1] DEBUG org.asynchttpclient.netty.channel.DefaultChannelPool - Entry count for : http://localhost:25036 : 1
02:09:43.635 [AsyncHttpClient-1-1] DEBUG org.asynchttpclient.netty.channel.DefaultChannelPool - Adding Candidate expired Channel [id: 0x23d13196, L:/127.0.0.1:60997 ! R:localhost/127.0.0.1:25036] isIdleTimeoutExpired=false isRemotelyClosed=true isTtlExpired=false
02:09:43.635 [AsyncHttpClient-1-1] DEBUG org.asynchttpclient.netty.channel.DefaultChannelPool - Closing Idle Channel [id: 0x23d13196, L:/127.0.0.1:60997 ! R:localhost/127.0.0.1:25036]
02:09:43.635 [AsyncHttpClient-1-1] DEBUG org.asynchttpclient.netty.channel.DefaultChannelPool - Closed 1 connections out of 1 in 0 ms
02:09:44.205 [AsyncHttpClient-1-8] DEBUG org.asynchttpclient.netty.channel.NettyConnectListener - Using new Channel '[id: 0x71d2130f, L:/127.0.0.1:61021 - R:localhost/127.0.0.1:13009]' for 'POST' to '/session'
02:09:46.237 [AsyncHttpClient-1-8] DEBUG org.asynchttpclient.netty.handler.HttpHandler - 

Request DefaultHttpRequest(decodeResult: success, version: HTTP/1.1)
POST /session HTTP/1.1
User-Agent: selenium/4.8.1 (java windows)
Content-Length: 1701
Content-Type: application/json; charset=utf-8
host: localhost:13009
accept: */*

Response DefaultHttpResponse(decodeResult: success, version: HTTP/1.1)
HTTP/1.1 200 OK
Content-Length: 845
Content-Type: application/json; charset=utf-8
cache-control: no-cache

02:09:46.237 [AsyncHttpClient-1-8] DEBUG org.asynchttpclient.netty.channel.ChannelManager - Adding key: http://localhost:13009 for channel [id: 0x71d2130f, L:/127.0.0.1:61021 - R:localhost/127.0.0.1:13009]
02:09:46.282 [AsyncHttpClient-1-9] DEBUG org.asynchttpclient.netty.channel.NettyConnectListener - Using new Channel '[id: 0x2c4f271f, L:/127.0.0.1:61030 - R:localhost/127.0.0.1:61023]' for 'GET' to '/json/version'
02:09:46.288 [AsyncHttpClient-1-9] DEBUG org.asynchttpclient.netty.handler.HttpHandler - 

Request DefaultFullHttpRequest(decodeResult: success, version: HTTP/1.1, content: EmptyByteBufBE)
GET /json/version HTTP/1.1
User-Agent: selenium/4.8.1 (java windows)
host: localhost:61023
accept: */*

Response DefaultHttpResponse(decodeResult: success, version: HTTP/1.1)
HTTP/1.1 200 OK
Content-Security-Policy: frame-ancestors 'none'
Content-Length: 424
Content-Type: application/json; charset=UTF-8

02:09:46.289 [AsyncHttpClient-1-9] DEBUG org.asynchttpclient.netty.channel.ChannelManager - Adding key: http://localhost:61023 for channel [id: 0x2c4f271f, L:/127.0.0.1:61030 - R:localhost/127.0.0.1:61023]
02:09:46.316 [AsyncHttpClient-1-10] DEBUG org.asynchttpclient.netty.channel.NettyConnectListener - Using new Channel '[id: 0x81746a35, L:/127.0.0.1:61031 - R:localhost/127.0.0.1:61023]' for 'GET' to '/devtools/browser/da87d22c-a721-429f-89d0-af9b21369de8'
02:09:46.323 [AsyncHttpClient-1-10] DEBUG org.asynchttpclient.netty.handler.WebSocketHandler - 

Request DefaultFullHttpRequest(decodeResult: success, version: HTTP/1.1, content: EmptyByteBufBE)
GET /devtools/browser/da87d22c-a721-429f-89d0-af9b21369de8 HTTP/1.1
upgrade: websocket
connection: upgrade
sec-websocket-key: ePTrl5FKGzgkPxkz5bF3SQ==
sec-websocket-version: 13
origin: http://localhost:61023
host: localhost:61023
accept: */*
user-agent: AHC/2.1

Response DefaultHttpResponse(decodeResult: success, version: HTTP/1.1)
HTTP/1.1 101 WebSocket Protocol Handshake
Upgrade: WebSocket
Connection: Upgrade
Sec-WebSocket-Accept: lNTbw2XVPQSpMUBZLbXX4yOmE9c=

02:09:46.342 [Forwarding get on session db81ce06721ff94e532cae7fd6eac1d2 to remote] DEBUG org.asynchttpclient.netty.request.NettyRequestSender - Using pooled Channel '[id: 0x71d2130f, L:/127.0.0.1:61021 - R:localhost/127.0.0.1:13009]' for 'POST' to 'http://localhost:13009/session/db81ce06721ff94e532cae7fd6eac1d2/url'
02:09:46.342 [Forwarding get on session db81ce06721ff94e532cae7fd6eac1d2 to remote] DEBUG org.asynchttpclient.netty.request.NettyRequestSender - Using open Channel [id: 0x71d2130f, L:/127.0.0.1:61021 - R:localhost/127.0.0.1:13009] for POST '/session/db81ce06721ff94e532cae7fd6eac1d2/url'
02:09:46.938 [AsyncHttpClient-1-1] DEBUG org.asynchttpclient.netty.channel.DefaultChannelPool - Entry count for : http://localhost:61023 : 1
02:09:47.872 [AsyncHttpClient-1-8] DEBUG org.asynchttpclient.netty.handler.HttpHandler - 

Request DefaultHttpRequest(decodeResult: success, version: HTTP/1.1)
POST /session/db81ce06721ff94e532cae7fd6eac1d2/url HTTP/1.1
User-Agent: selenium/4.8.1 (java windows)
Content-Length: 69
Content-Type: application/json; charset=utf-8
host: localhost:13009
accept: */*

Response DefaultHttpResponse(decodeResult: success, version: HTTP/1.1)
HTTP/1.1 200 OK
Content-Length: 14
Content-Type: application/json; charset=utf-8
cache-control: no-cache

02:09:47.872 [AsyncHttpClient-1-8] DEBUG org.asynchttpclient.netty.channel.ChannelManager - Adding key: http://localhost:13009 for channel [id: 0x71d2130f, L:/127.0.0.1:61021 - R:localhost/127.0.0.1:13009]
02:09:47.875 [Forwarding setTimeout on session db81ce06721ff94e532cae7fd6eac1d2 to remote] DEBUG org.asynchttpclient.netty.request.NettyRequestSender - Using pooled Channel '[id: 0x71d2130f, L:/127.0.0.1:61021 - R:localhost/127.0.0.1:13009]' for 'POST' to 'http://localhost:13009/session/db81ce06721ff94e532cae7fd6eac1d2/timeouts'
02:09:47.875 [Forwarding setTimeout on session db81ce06721ff94e532cae7fd6eac1d2 to remote] DEBUG org.asynchttpclient.netty.request.NettyRequestSender - Using open Channel [id: 0x71d2130f, L:/127.0.0.1:61021 - R:localhost/127.0.0.1:13009] for POST '/session/db81ce06721ff94e532cae7fd6eac1d2/timeouts'
02:09:47.877 [AsyncHttpClient-1-8] DEBUG org.asynchttpclient.netty.handler.HttpHandler - 

Request DefaultHttpRequest(decodeResult: success, version: HTTP/1.1)
POST /session/db81ce06721ff94e532cae7fd6eac1d2/timeouts HTTP/1.1
User-Agent: selenium/4.8.1 (java windows)
Content-Length: 22
Content-Type: application/json; charset=utf-8
host: localhost:13009
accept: */*

Response DefaultHttpResponse(decodeResult: success, version: HTTP/1.1)
HTTP/1.1 200 OK
Content-Length: 14
Content-Type: application/json; charset=utf-8
cache-control: no-cache

02:09:47.877 [AsyncHttpClient-1-8] DEBUG org.asynchttpclient.netty.channel.ChannelManager - Adding key: http://localhost:13009 for channel [id: 0x71d2130f, L:/127.0.0.1:61021 - R:localhost/127.0.0.1:13009]
  &amp#27;[32mGiven &amp#27;[0m&amp#27;[32mI am on the landing page&amp#27;[0m                                               &amp#27;[90m# starter.stepdefinitions.LoginSteps.onTheLandingPage()&amp#27;[0m
02:09:47.899 [Forwarding getAlertText on session db81ce06721ff94e532cae7fd6eac1d2 to remote] DEBUG org.asynchttpclient.netty.request.NettyRequestSender - Using pooled Channel '[id: 0x71d2130f, L:/127.0.0.1:61021 - R:localhost/127.0.0.1:13009]' for 'GET' to 'http://localhost:13009/session/db81ce06721ff94e532cae7fd6eac1d2/alert/text'
02:09:47.899 [Forwarding getAlertText on session db81ce06721ff94e532cae7fd6eac1d2 to remote] DEBUG org.asynchttpclient.netty.request.NettyRequestSender - Using open Channel [id: 0x71d2130f, L:/127.0.0.1:61021 - R:localhost/127.0.0.1:13009] for GET '/session/db81ce06721ff94e532cae7fd6eac1d2/alert/text'
02:09:47.904 [AsyncHttpClient-1-8] DEBUG org.asynchttpclient.netty.handler.HttpHandler - 

Request DefaultFullHttpRequest(decodeResult: success, version: HTTP/1.1, content: EmptyByteBufBE)
GET /session/db81ce06721ff94e532cae7fd6eac1d2/alert/text HTTP/1.1
User-Agent: selenium/4.8.1 (java windows)
Cache-Control: no-cache
Content-Type: application/json; charset=utf-8
host: localhost:13009
accept: */*

Response DefaultHttpResponse(decodeResult: success, version: HTTP/1.1)
HTTP/1.1 404 Not Found
Content-Length: 828
Content-Type: application/json; charset=utf-8
cache-control: no-cache

02:09:47.904 [AsyncHttpClient-1-8] DEBUG org.asynchttpclient.netty.channel.ChannelManager - Adding key: http://localhost:13009 for channel [id: 0x71d2130f, L:/127.0.0.1:61021 - R:localhost/127.0.0.1:13009]
02:09:47.907 [Forwarding getCurrentUrl on session db81ce06721ff94e532cae7fd6eac1d2 to remote] DEBUG org.asynchttpclient.netty.request.NettyRequestSender - Using pooled Channel '[id: 0x71d2130f, L:/127.0.0.1:61021 - R:localhost/127.0.0.1:13009]' for 'GET' to 'http://localhost:13009/session/db81ce06721ff94e532cae7fd6eac1d2/url'
02:09:47.907 [Forwarding getCurrentUrl on session db81ce06721ff94e532cae7fd6eac1d2 to remote] DEBUG org.asynchttpclient.netty.request.NettyRequestSender - Using open Channel [id: 0x71d2130f, L:/127.0.0.1:61021 - R:localhost/127.0.0.1:13009] for GET '/session/db81ce06721ff94e532cae7fd6eac1d2/url'
02:09:47.928 [AsyncHttpClient-1-8] DEBUG org.asynchttpclient.netty.handler.HttpHandler - 

Request DefaultFullHttpRequest(decodeResult: success, version: HTTP/1.1, content: EmptyByteBufBE)
GET /session/db81ce06721ff94e532cae7fd6eac1d2/url HTTP/1.1
User-Agent: selenium/4.8.1 (java windows)
Cache-Control: no-cache
Content-Type: application/json; charset=utf-8
host: localhost:13009
accept: */*

Response DefaultHttpResponse(decodeResult: success, version: HTTP/1.1)
HTTP/1.1 200 OK
Content-Length: 51
Content-Type: application/json; charset=utf-8
cache-control: no-cache

02:09:47.928 [AsyncHttpClient-1-8] DEBUG org.asynchttpclient.netty.channel.ChannelManager - Adding key: http://localhost:13009 for channel [id: 0x71d2130f, L:/127.0.0.1:61021 - R:localhost/127.0.0.1:13009]
02:09:47.930 [Forwarding screenshot on session db81ce06721ff94e532cae7fd6eac1d2 to remote] DEBUG org.asynchttpclient.netty.request.NettyRequestSender - Using pooled Channel '[id: 0x71d2130f, L:/127.0.0.1:61021 - R:localhost/127.0.0.1:13009]' for 'GET' to 'http://localhost:13009/session/db81ce06721ff94e532cae7fd6eac1d2/screenshot'
02:09:47.930 [Forwarding screenshot on session db81ce06721ff94e532cae7fd6eac1d2 to remote] DEBUG org.asynchttpclient.netty.request.NettyRequestSender - Using open Channel [id: 0x71d2130f, L:/127.0.0.1:61021 - R:localhost/127.0.0.1:13009] for GET '/session/db81ce06721ff94e532cae7fd6eac1d2/screenshot'
02:09:48.035 [AsyncHttpClient-1-1] DEBUG org.asynchttpclient.netty.channel.DefaultChannelPool - Entry count for : http://localhost:61023 : 1
02:09:48.268 [AsyncHttpClient-1-8] DEBUG org.asynchttpclient.netty.handler.HttpHandler - 

Request DefaultFullHttpRequest(decodeResult: success, version: HTTP/1.1, content: EmptyByteBufBE)
GET /session/db81ce06721ff94e532cae7fd6eac1d2/screenshot HTTP/1.1
User-Agent: selenium/4.8.1 (java windows)
Cache-Control: no-cache
Content-Type: application/json; charset=utf-8
host: localhost:13009
accept: */*

Response DefaultHttpResponse(decodeResult: success, version: HTTP/1.1)
HTTP/1.1 200 OK
Content-Length: 137296
Content-Type: application/json; charset=utf-8
cache-control: no-cache

02:09:48.269 [AsyncHttpClient-1-8] DEBUG org.asynchttpclient.netty.channel.ChannelManager - Adding key: http://localhost:13009 for channel [id: 0x71d2130f, L:/127.0.0.1:61021 - R:localhost/127.0.0.1:13009]
02:09:48.275 [main] DEBUG net.serenitybdd.core.photography.Darkroom - Send negative for processing for target\site\serenity\b9c357b85444130e63e2ca7f2081604e071450f60c42283469fc223e20fc0665.png
02:09:48.276 [Darkroom Processing Line] DEBUG net.serenitybdd.core.photography.DarkroomProcessingLine - Processing screenshot image in /var/screenshots/screenshot-17468940860763466540
02:09:48.276 [Darkroom Processing Line] DEBUG net.serenitybdd.core.photography.DarkroomProcessingLine - Saving screenshot to target\site\serenity\b9c357b85444130e63e2ca7f2081604e071450f60c42283469fc223e20fc0665.png
02:09:48.288 [Forwarding getPageSource on session db81ce06721ff94e532cae7fd6eac1d2 to remote] DEBUG org.asynchttpclient.netty.request.NettyRequestSender - Using pooled Channel '[id: 0x71d2130f, L:/127.0.0.1:61021 - R:localhost/127.0.0.1:13009]' for 'POST' to 'http://localhost:13009/session/db81ce06721ff94e532cae7fd6eac1d2/execute/sync'
02:09:48.288 [Forwarding getPageSource on session db81ce06721ff94e532cae7fd6eac1d2 to remote] DEBUG org.asynchttpclient.netty.request.NettyRequestSender - Using open Channel [id: 0x71d2130f, L:/127.0.0.1:61021 - R:localhost/127.0.0.1:13009] for POST '/session/db81ce06721ff94e532cae7fd6eac1d2/execute/sync'
02:09:48.300 [AsyncHttpClient-1-8] DEBUG org.asynchttpclient.netty.handler.HttpHandler - 

Request DefaultHttpRequest(decodeResult: success, version: HTTP/1.1)
POST /session/db81ce06721ff94e532cae7fd6eac1d2/execute/sync HTTP/1.1
User-Agent: selenium/4.8.1 (java windows)
Content-Length: 176
Content-Type: application/json; charset=utf-8
host: localhost:13009
accept: */*

Response DefaultHttpResponse(decodeResult: success, version: HTTP/1.1)
HTTP/1.1 200 OK
Content-Length: 2008
Content-Type: application/json; charset=utf-8
cache-control: no-cache

02:09:48.301 [AsyncHttpClient-1-8] DEBUG org.asynchttpclient.netty.channel.ChannelManager - Adding key: http://localhost:13009 for channel [id: 0x71d2130f, L:/127.0.0.1:61021 - R:localhost/127.0.0.1:13009]
02:09:48.304 [Forwarding getCurrentUrl on session db81ce06721ff94e532cae7fd6eac1d2 to remote] DEBUG org.asynchttpclient.netty.request.NettyRequestSender - Using pooled Channel '[id: 0x71d2130f, L:/127.0.0.1:61021 - R:localhost/127.0.0.1:13009]' for 'GET' to 'http://localhost:13009/session/db81ce06721ff94e532cae7fd6eac1d2/url'
02:09:48.304 [Forwarding getCurrentUrl on session db81ce06721ff94e532cae7fd6eac1d2 to remote] DEBUG org.asynchttpclient.netty.request.NettyRequestSender - Using open Channel [id: 0x71d2130f, L:/127.0.0.1:61021 - R:localhost/127.0.0.1:13009] for GET '/session/db81ce06721ff94e532cae7fd6eac1d2/url'
02:09:48.315 [AsyncHttpClient-1-8] DEBUG org.asynchttpclient.netty.handler.HttpHandler - 

Request DefaultFullHttpRequest(decodeResult: success, version: HTTP/1.1, content: EmptyByteBufBE)
GET /session/db81ce06721ff94e532cae7fd6eac1d2/url HTTP/1.1
User-Agent: selenium/4.8.1 (java windows)
Cache-Control: no-cache
Content-Type: application/json; charset=utf-8
host: localhost:13009
accept: */*

Response DefaultHttpResponse(decodeResult: success, version: HTTP/1.1)
HTTP/1.1 200 OK
Content-Length: 51
Content-Type: application/json; charset=utf-8
cache-control: no-cache

02:09:48.315 [AsyncHttpClient-1-8] DEBUG org.asynchttpclient.netty.channel.ChannelManager - Adding key: http://localhost:13009 for channel [id: 0x71d2130f, L:/127.0.0.1:61021 - R:localhost/127.0.0.1:13009]
02:09:48.332 [Forwarding getAlertText on session db81ce06721ff94e532cae7fd6eac1d2 to remote] DEBUG org.asynchttpclient.netty.request.NettyRequestSender - Using pooled Channel '[id: 0x71d2130f, L:/127.0.0.1:61021 - R:localhost/127.0.0.1:13009]' for 'GET' to 'http://localhost:13009/session/db81ce06721ff94e532cae7fd6eac1d2/alert/text'
02:09:48.332 [Forwarding getAlertText on session db81ce06721ff94e532cae7fd6eac1d2 to remote] DEBUG org.asynchttpclient.netty.request.NettyRequestSender - Using open Channel [id: 0x71d2130f, L:/127.0.0.1:61021 - R:localhost/127.0.0.1:13009] for GET '/session/db81ce06721ff94e532cae7fd6eac1d2/alert/text'
02:09:48.336 [AsyncHttpClient-1-8] DEBUG org.asynchttpclient.netty.handler.HttpHandler - 

Request DefaultFullHttpRequest(decodeResult: success, version: HTTP/1.1, content: EmptyByteBufBE)
GET /session/db81ce06721ff94e532cae7fd6eac1d2/alert/text HTTP/1.1
User-Agent: selenium/4.8.1 (java windows)
Cache-Control: no-cache
Content-Type: application/json; charset=utf-8
host: localhost:13009
accept: */*

Response DefaultHttpResponse(decodeResult: success, version: HTTP/1.1)
HTTP/1.1 404 Not Found
Content-Length: 828
Content-Type: application/json; charset=utf-8
cache-control: no-cache

02:09:48.336 [AsyncHttpClient-1-8] DEBUG org.asynchttpclient.netty.channel.ChannelManager - Adding key: http://localhost:13009 for channel [id: 0x71d2130f, L:/127.0.0.1:61021 - R:localhost/127.0.0.1:13009]
02:09:48.339 [Forwarding getCurrentUrl on session db81ce06721ff94e532cae7fd6eac1d2 to remote] DEBUG org.asynchttpclient.netty.request.NettyRequestSender - Using pooled Channel '[id: 0x71d2130f, L:/127.0.0.1:61021 - R:localhost/127.0.0.1:13009]' for 'GET' to 'http://localhost:13009/session/db81ce06721ff94e532cae7fd6eac1d2/url'
02:09:48.339 [Forwarding getCurrentUrl on session db81ce06721ff94e532cae7fd6eac1d2 to remote] DEBUG org.asynchttpclient.netty.request.NettyRequestSender - Using open Channel [id: 0x71d2130f, L:/127.0.0.1:61021 - R:localhost/127.0.0.1:13009] for GET '/session/db81ce06721ff94e532cae7fd6eac1d2/url'
02:09:48.349 [AsyncHttpClient-1-8] DEBUG org.asynchttpclient.netty.handler.HttpHandler - 

Request DefaultFullHttpRequest(decodeResult: success, version: HTTP/1.1, content: EmptyByteBufBE)
GET /session/db81ce06721ff94e532cae7fd6eac1d2/url HTTP/1.1
User-Agent: selenium/4.8.1 (java windows)
Cache-Control: no-cache
Content-Type: application/json; charset=utf-8
host: localhost:13009
accept: */*

Response DefaultHttpResponse(decodeResult: success, version: HTTP/1.1)
HTTP/1.1 200 OK
Content-Length: 51
Content-Type: application/json; charset=utf-8
cache-control: no-cache

02:09:48.349 [AsyncHttpClient-1-8] DEBUG org.asynchttpclient.netty.channel.ChannelManager - Adding key: http://localhost:13009 for channel [id: 0x71d2130f, L:/127.0.0.1:61021 - R:localhost/127.0.0.1:13009]
02:09:48.350 [Forwarding screenshot on session db81ce06721ff94e532cae7fd6eac1d2 to remote] DEBUG org.asynchttpclient.netty.request.NettyRequestSender - Using pooled Channel '[id: 0x71d2130f, L:/127.0.0.1:61021 - R:localhost/127.0.0.1:13009]' for 'GET' to 'http://localhost:13009/session/db81ce06721ff94e532cae7fd6eac1d2/screenshot'
02:09:48.351 [Forwarding screenshot on session db81ce06721ff94e532cae7fd6eac1d2 to remote] DEBUG org.asynchttpclient.netty.request.NettyRequestSender - Using open Channel [id: 0x71d2130f, L:/127.0.0.1:61021 - R:localhost/127.0.0.1:13009] for GET '/session/db81ce06721ff94e532cae7fd6eac1d2/screenshot'
02:09:48.634 [AsyncHttpClient-1-8] DEBUG org.asynchttpclient.netty.handler.HttpHandler - 

Request DefaultFullHttpRequest(decodeResult: success, version: HTTP/1.1, content: EmptyByteBufBE)
GET /session/db81ce06721ff94e532cae7fd6eac1d2/screenshot HTTP/1.1
User-Agent: selenium/4.8.1 (java windows)
Cache-Control: no-cache
Content-Type: application/json; charset=utf-8
host: localhost:13009
accept: */*

Response DefaultHttpResponse(decodeResult: success, version: HTTP/1.1)
HTTP/1.1 200 OK
Content-Length: 137352
Content-Type: application/json; charset=utf-8
cache-control: no-cache

02:09:48.635 [AsyncHttpClient-1-8] DEBUG org.asynchttpclient.netty.channel.ChannelManager - Adding key: http://localhost:13009 for channel [id: 0x71d2130f, L:/127.0.0.1:61021 - R:localhost/127.0.0.1:13009]
02:09:48.641 [main] DEBUG net.serenitybdd.core.photography.Darkroom - Send negative for processing for target\site\serenity\3039cbeca56209e5eab91c56f362c0e81b0459bd36440de78fd1f39a7c7f8fd0.png
02:09:48.645 [Forwarding getPageSource on session db81ce06721ff94e532cae7fd6eac1d2 to remote] DEBUG org.asynchttpclient.netty.request.NettyRequestSender - Using pooled Channel '[id: 0x71d2130f, L:/127.0.0.1:61021 - R:localhost/127.0.0.1:13009]' for 'POST' to 'http://localhost:13009/session/db81ce06721ff94e532cae7fd6eac1d2/execute/sync'
02:09:48.645 [Forwarding getPageSource on session db81ce06721ff94e532cae7fd6eac1d2 to remote] DEBUG org.asynchttpclient.netty.request.NettyRequestSender - Using open Channel [id: 0x71d2130f, L:/127.0.0.1:61021 - R:localhost/127.0.0.1:13009] for POST '/session/db81ce06721ff94e532cae7fd6eac1d2/execute/sync'
02:09:48.655 [AsyncHttpClient-1-8] DEBUG org.asynchttpclient.netty.handler.HttpHandler - 

Request DefaultHttpRequest(decodeResult: success, version: HTTP/1.1)
POST /session/db81ce06721ff94e532cae7fd6eac1d2/execute/sync HTTP/1.1
User-Agent: selenium/4.8.1 (java windows)
Content-Length: 176
Content-Type: application/json; charset=utf-8
host: localhost:13009
accept: */*

Response DefaultHttpResponse(decodeResult: success, version: HTTP/1.1)
HTTP/1.1 200 OK
Content-Length: 2008
Content-Type: application/json; charset=utf-8
cache-control: no-cache

02:09:48.655 [AsyncHttpClient-1-8] DEBUG org.asynchttpclient.netty.channel.ChannelManager - Adding key: http://localhost:13009 for channel [id: 0x71d2130f, L:/127.0.0.1:61021 - R:localhost/127.0.0.1:13009]
02:09:48.658 [Forwarding getCurrentUrl on session db81ce06721ff94e532cae7fd6eac1d2 to remote] DEBUG org.asynchttpclient.netty.request.NettyRequestSender - Using pooled Channel '[id: 0x71d2130f, L:/127.0.0.1:61021 - R:localhost/127.0.0.1:13009]' for 'GET' to 'http://localhost:13009/session/db81ce06721ff94e532cae7fd6eac1d2/url'
02:09:48.658 [Forwarding getCurrentUrl on session db81ce06721ff94e532cae7fd6eac1d2 to remote] DEBUG org.asynchttpclient.netty.request.NettyRequestSender - Using open Channel [id: 0x71d2130f, L:/127.0.0.1:61021 - R:localhost/127.0.0.1:13009] for GET '/session/db81ce06721ff94e532cae7fd6eac1d2/url'
02:09:48.667 [AsyncHttpClient-1-8] DEBUG org.asynchttpclient.netty.handler.HttpHandler - 

Request DefaultFullHttpRequest(decodeResult: success, version: HTTP/1.1, content: EmptyByteBufBE)
GET /session/db81ce06721ff94e532cae7fd6eac1d2/url HTTP/1.1
User-Agent: selenium/4.8.1 (java windows)
Cache-Control: no-cache
Content-Type: application/json; charset=utf-8
host: localhost:13009
accept: */*

Response DefaultHttpResponse(decodeResult: success, version: HTTP/1.1)
HTTP/1.1 200 OK
Content-Length: 51
Content-Type: application/json; charset=utf-8
cache-control: no-cache

02:09:48.667 [AsyncHttpClient-1-8] DEBUG org.asynchttpclient.netty.channel.ChannelManager - Adding key: http://localhost:13009 for channel [id: 0x71d2130f, L:/127.0.0.1:61021 - R:localhost/127.0.0.1:13009]
02:09:48.672 [main] DEBUG net.thucydides.core.steps.StepInterceptor - STARTING STEP: LoginSteps.clickGetIntoTheDashboardButton - clickIntoTheDashboard
02:09:48.680 [Forwarding findElement on session db81ce06721ff94e532cae7fd6eac1d2 to remote] DEBUG org.asynchttpclient.netty.request.NettyRequestSender - Using pooled Channel '[id: 0x71d2130f, L:/127.0.0.1:61021 - R:localhost/127.0.0.1:13009]' for 'POST' to 'http://localhost:13009/session/db81ce06721ff94e532cae7fd6eac1d2/element'
02:09:48.680 [Forwarding findElement on session db81ce06721ff94e532cae7fd6eac1d2 to remote] DEBUG org.asynchttpclient.netty.request.NettyRequestSender - Using open Channel [id: 0x71d2130f, L:/127.0.0.1:61021 - R:localhost/127.0.0.1:13009] for POST '/session/db81ce06721ff94e532cae7fd6eac1d2/element'
02:09:48.711 [AsyncHttpClient-1-8] DEBUG org.asynchttpclient.netty.handler.HttpHandler - 

Request DefaultHttpRequest(decodeResult: success, version: HTTP/1.1)
POST /session/db81ce06721ff94e532cae7fd6eac1d2/element HTTP/1.1
User-Agent: selenium/4.8.1 (java windows)
Content-Length: 266
Content-Type: application/json; charset=utf-8
host: localhost:13009
accept: */*

Response DefaultHttpResponse(decodeResult: success, version: HTTP/1.1)
HTTP/1.1 200 OK
Content-Length: 94
Content-Type: application/json; charset=utf-8
cache-control: no-cache

02:09:48.712 [AsyncHttpClient-1-8] DEBUG org.asynchttpclient.netty.channel.ChannelManager - Adding key: http://localhost:13009 for channel [id: 0x71d2130f, L:/127.0.0.1:61021 - R:localhost/127.0.0.1:13009]
02:09:48.714 [Forwarding getElementTagName on session db81ce06721ff94e532cae7fd6eac1d2 to remote] DEBUG org.asynchttpclient.netty.request.NettyRequestSender - Using pooled Channel '[id: 0x71d2130f, L:/127.0.0.1:61021 - R:localhost/127.0.0.1:13009]' for 'GET' to 'http://localhost:13009/session/db81ce06721ff94e532cae7fd6eac1d2/element/1B6283ECAB138FDDFA203F6CC0A3B0F9_element_6/name'
02:09:48.714 [Forwarding getElementTagName on session db81ce06721ff94e532cae7fd6eac1d2 to remote] DEBUG org.asynchttpclient.netty.request.NettyRequestSender - Using open Channel [id: 0x71d2130f, L:/127.0.0.1:61021 - R:localhost/127.0.0.1:13009] for GET '/session/db81ce06721ff94e532cae7fd6eac1d2/element/1B6283ECAB138FDDFA203F6CC0A3B0F9_element_6/name'
02:09:48.728 [AsyncHttpClient-1-8] DEBUG org.asynchttpclient.netty.handler.HttpHandler - 

Request DefaultFullHttpRequest(decodeResult: success, version: HTTP/1.1, content: EmptyByteBufBE)
GET /session/db81ce06721ff94e532cae7fd6eac1d2/element/1B6283ECAB138FDDFA203F6CC0A3B0F9_element_6/name HTTP/1.1
User-Agent: selenium/4.8.1 (java windows)
Cache-Control: no-cache
Content-Type: application/json; charset=utf-8
host: localhost:13009
accept: */*

Response DefaultHttpResponse(decodeResult: success, version: HTTP/1.1)
HTTP/1.1 200 OK
Content-Length: 18
Content-Type: application/json; charset=utf-8
cache-control: no-cache

02:09:48.728 [AsyncHttpClient-1-8] DEBUG org.asynchttpclient.netty.channel.ChannelManager - Adding key: http://localhost:13009 for channel [id: 0x71d2130f, L:/127.0.0.1:61021 - R:localhost/127.0.0.1:13009]
02:09:48.730 [Forwarding getElementTagName on session db81ce06721ff94e532cae7fd6eac1d2 to remote] DEBUG org.asynchttpclient.netty.request.NettyRequestSender - Using pooled Channel '[id: 0x71d2130f, L:/127.0.0.1:61021 - R:localhost/127.0.0.1:13009]' for 'GET' to 'http://localhost:13009/session/db81ce06721ff94e532cae7fd6eac1d2/element/1B6283ECAB138FDDFA203F6CC0A3B0F9_element_6/name'
02:09:48.730 [Forwarding getElementTagName on session db81ce06721ff94e532cae7fd6eac1d2 to remote] DEBUG org.asynchttpclient.netty.request.NettyRequestSender - Using open Channel [id: 0x71d2130f, L:/127.0.0.1:61021 - R:localhost/127.0.0.1:13009] for GET '/session/db81ce06721ff94e532cae7fd6eac1d2/element/1B6283ECAB138FDDFA203F6CC0A3B0F9_element_6/name'
02:09:48.742 [AsyncHttpClient-1-8] DEBUG org.asynchttpclient.netty.handler.HttpHandler - 

Request DefaultFullHttpRequest(decodeResult: success, version: HTTP/1.1, content: EmptyByteBufBE)
GET /session/db81ce06721ff94e532cae7fd6eac1d2/element/1B6283ECAB138FDDFA203F6CC0A3B0F9_element_6/name HTTP/1.1
User-Agent: selenium/4.8.1 (java windows)
Cache-Control: no-cache
Content-Type: application/json; charset=utf-8
host: localhost:13009
accept: */*

Response DefaultHttpResponse(decodeResult: success, version: HTTP/1.1)
HTTP/1.1 200 OK
Content-Length: 18
Content-Type: application/json; charset=utf-8
cache-control: no-cache

02:09:48.742 [AsyncHttpClient-1-8] DEBUG org.asynchttpclient.netty.channel.ChannelManager - Adding key: http://localhost:13009 for channel [id: 0x71d2130f, L:/127.0.0.1:61021 - R:localhost/127.0.0.1:13009]
02:09:48.746 [Forwarding isElementEnabled on session db81ce06721ff94e532cae7fd6eac1d2 to remote] DEBUG org.asynchttpclient.netty.request.NettyRequestSender - Using pooled Channel '[id: 0x71d2130f, L:/127.0.0.1:61021 - R:localhost/127.0.0.1:13009]' for 'GET' to 'http://localhost:13009/session/db81ce06721ff94e532cae7fd6eac1d2/element/1B6283ECAB138FDDFA203F6CC0A3B0F9_element_6/enabled'
02:09:48.746 [Forwarding isElementEnabled on session db81ce06721ff94e532cae7fd6eac1d2 to remote] DEBUG org.asynchttpclient.netty.request.NettyRequestSender - Using open Channel [id: 0x71d2130f, L:/127.0.0.1:61021 - R:localhost/127.0.0.1:13009] for GET '/session/db81ce06721ff94e532cae7fd6eac1d2/element/1B6283ECAB138FDDFA203F6CC0A3B0F9_element_6/enabled'
02:09:48.767 [AsyncHttpClient-1-8] DEBUG org.asynchttpclient.netty.handler.HttpHandler - 

Request DefaultFullHttpRequest(decodeResult: success, version: HTTP/1.1, content: EmptyByteBufBE)
GET /session/db81ce06721ff94e532cae7fd6eac1d2/element/1B6283ECAB138FDDFA203F6CC0A3B0F9_element_6/enabled HTTP/1.1
User-Agent: selenium/4.8.1 (java windows)
Cache-Control: no-cache
Content-Type: application/json; charset=utf-8
host: localhost:13009
accept: */*

Response DefaultHttpResponse(decodeResult: success, version: HTTP/1.1)
HTTP/1.1 200 OK
Content-Length: 14
Content-Type: application/json; charset=utf-8
cache-control: no-cache

02:09:48.767 [AsyncHttpClient-1-8] DEBUG org.asynchttpclient.netty.channel.ChannelManager - Adding key: http://localhost:13009 for channel [id: 0x71d2130f, L:/127.0.0.1:61021 - R:localhost/127.0.0.1:13009]
02:09:48.770 [Forwarding isElementEnabled on session db81ce06721ff94e532cae7fd6eac1d2 to remote] DEBUG org.asynchttpclient.netty.request.NettyRequestSender - Using pooled Channel '[id: 0x71d2130f, L:/127.0.0.1:61021 - R:localhost/127.0.0.1:13009]' for 'GET' to 'http://localhost:13009/session/db81ce06721ff94e532cae7fd6eac1d2/element/1B6283ECAB138FDDFA203F6CC0A3B0F9_element_6/enabled'
02:09:48.770 [Forwarding isElementEnabled on session db81ce06721ff94e532cae7fd6eac1d2 to remote] DEBUG org.asynchttpclient.netty.request.NettyRequestSender - Using open Channel [id: 0x71d2130f, L:/127.0.0.1:61021 - R:localhost/127.0.0.1:13009] for GET '/session/db81ce06721ff94e532cae7fd6eac1d2/element/1B6283ECAB138FDDFA203F6CC0A3B0F9_element_6/enabled'
02:09:48.783 [AsyncHttpClient-1-8] DEBUG org.asynchttpclient.netty.handler.HttpHandler - 

Request DefaultFullHttpRequest(decodeResult: success, version: HTTP/1.1, content: EmptyByteBufBE)
GET /session/db81ce06721ff94e532cae7fd6eac1d2/element/1B6283ECAB138FDDFA203F6CC0A3B0F9_element_6/enabled HTTP/1.1
User-Agent: selenium/4.8.1 (java windows)
Cache-Control: no-cache
Content-Type: application/json; charset=utf-8
host: localhost:13009
accept: */*

Response DefaultHttpResponse(decodeResult: success, version: HTTP/1.1)
HTTP/1.1 200 OK
Content-Length: 14
Content-Type: application/json; charset=utf-8
cache-control: no-cache

02:09:48.784 [AsyncHttpClient-1-8] DEBUG org.asynchttpclient.netty.channel.ChannelManager - Adding key: http://localhost:13009 for channel [id: 0x71d2130f, L:/127.0.0.1:61021 - R:localhost/127.0.0.1:13009]
02:09:48.789 [Forwarding findElement on session db81ce06721ff94e532cae7fd6eac1d2 to remote] DEBUG org.asynchttpclient.netty.request.NettyRequestSender - Using pooled Channel '[id: 0x71d2130f, L:/127.0.0.1:61021 - R:localhost/127.0.0.1:13009]' for 'POST' to 'http://localhost:13009/session/db81ce06721ff94e532cae7fd6eac1d2/element'
02:09:48.789 [Forwarding findElement on session db81ce06721ff94e532cae7fd6eac1d2 to remote] DEBUG org.asynchttpclient.netty.request.NettyRequestSender - Using open Channel [id: 0x71d2130f, L:/127.0.0.1:61021 - R:localhost/127.0.0.1:13009] for POST '/session/db81ce06721ff94e532cae7fd6eac1d2/element'
02:09:48.809 [AsyncHttpClient-1-8] DEBUG org.asynchttpclient.netty.handler.HttpHandler - 

Request DefaultHttpRequest(decodeResult: success, version: HTTP/1.1)
POST /session/db81ce06721ff94e532cae7fd6eac1d2/element HTTP/1.1
User-Agent: selenium/4.8.1 (java windows)
Content-Length: 266
Content-Type: application/json; charset=utf-8
host: localhost:13009
accept: */*

Response DefaultHttpResponse(decodeResult: success, version: HTTP/1.1)
HTTP/1.1 200 OK
Content-Length: 94
Content-Type: application/json; charset=utf-8
cache-control: no-cache

02:09:48.809 [AsyncHttpClient-1-8] DEBUG org.asynchttpclient.netty.channel.ChannelManager - Adding key: http://localhost:13009 for channel [id: 0x71d2130f, L:/127.0.0.1:61021 - R:localhost/127.0.0.1:13009]
02:09:48.812 [Forwarding clickElement on session db81ce06721ff94e532cae7fd6eac1d2 to remote] DEBUG org.asynchttpclient.netty.request.NettyRequestSender - Using pooled Channel '[id: 0x71d2130f, L:/127.0.0.1:61021 - R:localhost/127.0.0.1:13009]' for 'POST' to 'http://localhost:13009/session/db81ce06721ff94e532cae7fd6eac1d2/element/1B6283ECAB138FDDFA203F6CC0A3B0F9_element_6/click'
02:09:48.812 [Forwarding clickElement on session db81ce06721ff94e532cae7fd6eac1d2 to remote] DEBUG org.asynchttpclient.netty.request.NettyRequestSender - Using open Channel [id: 0x71d2130f, L:/127.0.0.1:61021 - R:localhost/127.0.0.1:13009] for POST '/session/db81ce06721ff94e532cae7fd6eac1d2/element/1B6283ECAB138FDDFA203F6CC0A3B0F9_element_6/click'
02:09:48.980 [AsyncHttpClient-1-8] DEBUG org.asynchttpclient.netty.handler.HttpHandler - 

Request DefaultHttpRequest(decodeResult: success, version: HTTP/1.1)
POST /session/db81ce06721ff94e532cae7fd6eac1d2/element/1B6283ECAB138FDDFA203F6CC0A3B0F9_element_6/click HTTP/1.1
User-Agent: selenium/4.8.1 (java windows)
Content-Length: 56
Content-Type: application/json; charset=utf-8
host: localhost:13009
accept: */*

Response DefaultHttpResponse(decodeResult: success, version: HTTP/1.1)
HTTP/1.1 200 OK
Content-Length: 14
Content-Type: application/json; charset=utf-8
cache-control: no-cache

02:09:48.981 [AsyncHttpClient-1-8] DEBUG org.asynchttpclient.netty.channel.ChannelManager - Adding key: http://localhost:13009 for channel [id: 0x71d2130f, L:/127.0.0.1:61021 - R:localhost/127.0.0.1:13009]
02:09:49.000 [Forwarding getAlertText on session db81ce06721ff94e532cae7fd6eac1d2 to remote] DEBUG org.asynchttpclient.netty.request.NettyRequestSender - Using pooled Channel '[id: 0x71d2130f, L:/127.0.0.1:61021 - R:localhost/127.0.0.1:13009]' for 'GET' to 'http://localhost:13009/session/db81ce06721ff94e532cae7fd6eac1d2/alert/text'
02:09:49.000 [Forwarding getAlertText on session db81ce06721ff94e532cae7fd6eac1d2 to remote] DEBUG org.asynchttpclient.netty.request.NettyRequestSender - Using open Channel [id: 0x71d2130f, L:/127.0.0.1:61021 - R:localhost/127.0.0.1:13009] for GET '/session/db81ce06721ff94e532cae7fd6eac1d2/alert/text'
02:09:49.004 [AsyncHttpClient-1-8] DEBUG org.asynchttpclient.netty.handler.HttpHandler - 

Request DefaultFullHttpRequest(decodeResult: success, version: HTTP/1.1, content: EmptyByteBufBE)
GET /session/db81ce06721ff94e532cae7fd6eac1d2/alert/text HTTP/1.1
User-Agent: selenium/4.8.1 (java windows)
Cache-Control: no-cache
Content-Type: application/json; charset=utf-8
host: localhost:13009
accept: */*

Response DefaultHttpResponse(decodeResult: success, version: HTTP/1.1)
HTTP/1.1 404 Not Found
Content-Length: 828
Content-Type: application/json; charset=utf-8
cache-control: no-cache

02:09:49.004 [AsyncHttpClient-1-8] DEBUG org.asynchttpclient.netty.channel.ChannelManager - Adding key: http://localhost:13009 for channel [id: 0x71d2130f, L:/127.0.0.1:61021 - R:localhost/127.0.0.1:13009]
02:09:49.007 [Forwarding getCurrentUrl on session db81ce06721ff94e532cae7fd6eac1d2 to remote] DEBUG org.asynchttpclient.netty.request.NettyRequestSender - Using pooled Channel '[id: 0x71d2130f, L:/127.0.0.1:61021 - R:localhost/127.0.0.1:13009]' for 'GET' to 'http://localhost:13009/session/db81ce06721ff94e532cae7fd6eac1d2/url'
02:09:49.007 [Forwarding getCurrentUrl on session db81ce06721ff94e532cae7fd6eac1d2 to remote] DEBUG org.asynchttpclient.netty.request.NettyRequestSender - Using open Channel [id: 0x71d2130f, L:/127.0.0.1:61021 - R:localhost/127.0.0.1:13009] for GET '/session/db81ce06721ff94e532cae7fd6eac1d2/url'
02:09:49.016 [AsyncHttpClient-1-8] DEBUG org.asynchttpclient.netty.handler.HttpHandler - 

Request DefaultFullHttpRequest(decodeResult: success, version: HTTP/1.1, content: EmptyByteBufBE)
GET /session/db81ce06721ff94e532cae7fd6eac1d2/url HTTP/1.1
User-Agent: selenium/4.8.1 (java windows)
Cache-Control: no-cache
Content-Type: application/json; charset=utf-8
host: localhost:13009
accept: */*

Response DefaultHttpResponse(decodeResult: success, version: HTTP/1.1)
HTTP/1.1 200 OK
Content-Length: 56
Content-Type: application/json; charset=utf-8
cache-control: no-cache

02:09:49.016 [AsyncHttpClient-1-8] DEBUG org.asynchttpclient.netty.channel.ChannelManager - Adding key: http://localhost:13009 for channel [id: 0x71d2130f, L:/127.0.0.1:61021 - R:localhost/127.0.0.1:13009]
02:09:49.018 [Forwarding screenshot on session db81ce06721ff94e532cae7fd6eac1d2 to remote] DEBUG org.asynchttpclient.netty.request.NettyRequestSender - Using pooled Channel '[id: 0x71d2130f, L:/127.0.0.1:61021 - R:localhost/127.0.0.1:13009]' for 'GET' to 'http://localhost:13009/session/db81ce06721ff94e532cae7fd6eac1d2/screenshot'
02:09:49.018 [Forwarding screenshot on session db81ce06721ff94e532cae7fd6eac1d2 to remote] DEBUG org.asynchttpclient.netty.request.NettyRequestSender - Using open Channel [id: 0x71d2130f, L:/127.0.0.1:61021 - R:localhost/127.0.0.1:13009] for GET '/session/db81ce06721ff94e532cae7fd6eac1d2/screenshot'
02:09:49.142 [AsyncHttpClient-1-1] DEBUG org.asynchttpclient.netty.channel.DefaultChannelPool - Entry count for : http://localhost:61023 : 1
02:09:49.283 [AsyncHttpClient-1-8] DEBUG org.asynchttpclient.netty.handler.HttpHandler - 

Request DefaultFullHttpRequest(decodeResult: success, version: HTTP/1.1, content: EmptyByteBufBE)
GET /session/db81ce06721ff94e532cae7fd6eac1d2/screenshot HTTP/1.1
User-Agent: selenium/4.8.1 (java windows)
Cache-Control: no-cache
Content-Type: application/json; charset=utf-8
host: localhost:13009
accept: */*

Response DefaultHttpResponse(decodeResult: success, version: HTTP/1.1)
HTTP/1.1 200 OK
Content-Length: 115920
Content-Type: application/json; charset=utf-8
cache-control: no-cache

02:09:49.284 [AsyncHttpClient-1-8] DEBUG org.asynchttpclient.netty.channel.ChannelManager - Adding key: http://localhost:13009 for channel [id: 0x71d2130f, L:/127.0.0.1:61021 - R:localhost/127.0.0.1:13009]
02:09:49.290 [main] DEBUG net.serenitybdd.core.photography.Darkroom - Send negative for processing for target\site\serenity\17b761db86950adf452c33ac0c5826e70494a35b1202adb5e49aa124d82ed99d.png
02:09:49.294 [Forwarding getPageSource on session db81ce06721ff94e532cae7fd6eac1d2 to remote] DEBUG org.asynchttpclient.netty.request.NettyRequestSender - Using pooled Channel '[id: 0x71d2130f, L:/127.0.0.1:61021 - R:localhost/127.0.0.1:13009]' for 'POST' to 'http://localhost:13009/session/db81ce06721ff94e532cae7fd6eac1d2/execute/sync'
02:09:49.294 [Forwarding getPageSource on session db81ce06721ff94e532cae7fd6eac1d2 to remote] DEBUG org.asynchttpclient.netty.request.NettyRequestSender - Using open Channel [id: 0x71d2130f, L:/127.0.0.1:61021 - R:localhost/127.0.0.1:13009] for POST '/session/db81ce06721ff94e532cae7fd6eac1d2/execute/sync'
02:09:49.305 [AsyncHttpClient-1-8] DEBUG org.asynchttpclient.netty.handler.HttpHandler - 

Request DefaultHttpRequest(decodeResult: success, version: HTTP/1.1)
POST /session/db81ce06721ff94e532cae7fd6eac1d2/execute/sync HTTP/1.1
User-Agent: selenium/4.8.1 (java windows)
Content-Length: 176
Content-Type: application/json; charset=utf-8
host: localhost:13009
accept: */*

Response DefaultHttpResponse(decodeResult: success, version: HTTP/1.1)
HTTP/1.1 200 OK
Content-Length: 3427
Content-Type: application/json; charset=utf-8
cache-control: no-cache

02:09:49.305 [AsyncHttpClient-1-8] DEBUG org.asynchttpclient.netty.channel.ChannelManager - Adding key: http://localhost:13009 for channel [id: 0x71d2130f, L:/127.0.0.1:61021 - R:localhost/127.0.0.1:13009]
02:09:49.308 [Forwarding getCurrentUrl on session db81ce06721ff94e532cae7fd6eac1d2 to remote] DEBUG org.asynchttpclient.netty.request.NettyRequestSender - Using pooled Channel '[id: 0x71d2130f, L:/127.0.0.1:61021 - R:localhost/127.0.0.1:13009]' for 'GET' to 'http://localhost:13009/session/db81ce06721ff94e532cae7fd6eac1d2/url'
02:09:49.308 [Forwarding getCurrentUrl on session db81ce06721ff94e532cae7fd6eac1d2 to remote] DEBUG org.asynchttpclient.netty.request.NettyRequestSender - Using open Channel [id: 0x71d2130f, L:/127.0.0.1:61021 - R:localhost/127.0.0.1:13009] for GET '/session/db81ce06721ff94e532cae7fd6eac1d2/url'
02:09:49.317 [AsyncHttpClient-1-8] DEBUG org.asynchttpclient.netty.handler.HttpHandler - 

Request DefaultFullHttpRequest(decodeResult: success, version: HTTP/1.1, content: EmptyByteBufBE)
GET /session/db81ce06721ff94e532cae7fd6eac1d2/url HTTP/1.1
User-Agent: selenium/4.8.1 (java windows)
Cache-Control: no-cache
Content-Type: application/json; charset=utf-8
host: localhost:13009
accept: */*

Response DefaultHttpResponse(decodeResult: success, version: HTTP/1.1)
HTTP/1.1 200 OK
Content-Length: 56
Content-Type: application/json; charset=utf-8
cache-control: no-cache

02:09:49.317 [AsyncHttpClient-1-8] DEBUG org.asynchttpclient.netty.channel.ChannelManager - Adding key: http://localhost:13009 for channel [id: 0x71d2130f, L:/127.0.0.1:61021 - R:localhost/127.0.0.1:13009]
02:09:49.328 [main] DEBUG net.thucydides.core.steps.StepInterceptor - STEP DONE: clickIntoTheDashboard
  &amp#27;[32mWhen &amp#27;[0m&amp#27;[32mI click get into the dashboard button&amp#27;[0m                                   &amp#27;[90m# starter.stepdefinitions.LoginSteps.clickGetIntoTheDashboardButton()&amp#27;[0m
02:09:49.345 [Forwarding getAlertText on session db81ce06721ff94e532cae7fd6eac1d2 to remote] DEBUG org.asynchttpclient.netty.request.NettyRequestSender - Using pooled Channel '[id: 0x71d2130f, L:/127.0.0.1:61021 - R:localhost/127.0.0.1:13009]' for 'GET' to 'http://localhost:13009/session/db81ce06721ff94e532cae7fd6eac1d2/alert/text'
02:09:49.345 [Forwarding getAlertText on session db81ce06721ff94e532cae7fd6eac1d2 to remote] DEBUG org.asynchttpclient.netty.request.NettyRequestSender - Using open Channel [id: 0x71d2130f, L:/127.0.0.1:61021 - R:localhost/127.0.0.1:13009] for GET '/session/db81ce06721ff94e532cae7fd6eac1d2/alert/text'
02:09:49.348 [AsyncHttpClient-1-8] DEBUG org.asynchttpclient.netty.handler.HttpHandler - 

Request DefaultFullHttpRequest(decodeResult: success, version: HTTP/1.1, content: EmptyByteBufBE)
GET /session/db81ce06721ff94e532cae7fd6eac1d2/alert/text HTTP/1.1
User-Agent: selenium/4.8.1 (java windows)
Cache-Control: no-cache
Content-Type: application/json; charset=utf-8
host: localhost:13009
accept: */*

Response DefaultHttpResponse(decodeResult: success, version: HTTP/1.1)
HTTP/1.1 404 Not Found
Content-Length: 828
Content-Type: application/json; charset=utf-8
cache-control: no-cache

02:09:49.348 [AsyncHttpClient-1-8] DEBUG org.asynchttpclient.netty.channel.ChannelManager - Adding key: http://localhost:13009 for channel [id: 0x71d2130f, L:/127.0.0.1:61021 - R:localhost/127.0.0.1:13009]
02:09:49.351 [Forwarding getCurrentUrl on session db81ce06721ff94e532cae7fd6eac1d2 to remote] DEBUG org.asynchttpclient.netty.request.NettyRequestSender - Using pooled Channel '[id: 0x71d2130f, L:/127.0.0.1:61021 - R:localhost/127.0.0.1:13009]' for 'GET' to 'http://localhost:13009/session/db81ce06721ff94e532cae7fd6eac1d2/url'
02:09:49.351 [Forwarding getCurrentUrl on session db81ce06721ff94e532cae7fd6eac1d2 to remote] DEBUG org.asynchttpclient.netty.request.NettyRequestSender - Using open Channel [id: 0x71d2130f, L:/127.0.0.1:61021 - R:localhost/127.0.0.1:13009] for GET '/session/db81ce06721ff94e532cae7fd6eac1d2/url'
02:09:49.359 [AsyncHttpClient-1-8] DEBUG org.asynchttpclient.netty.handler.HttpHandler - 

Request DefaultFullHttpRequest(decodeResult: success, version: HTTP/1.1, content: EmptyByteBufBE)
GET /session/db81ce06721ff94e532cae7fd6eac1d2/url HTTP/1.1
User-Agent: selenium/4.8.1 (java windows)
Cache-Control: no-cache
Content-Type: application/json; charset=utf-8
host: localhost:13009
accept: */*

Response DefaultHttpResponse(decodeResult: success, version: HTTP/1.1)
HTTP/1.1 200 OK
Content-Length: 56
Content-Type: application/json; charset=utf-8
cache-control: no-cache

02:09:49.360 [AsyncHttpClient-1-8] DEBUG org.asynchttpclient.netty.channel.ChannelManager - Adding key: http://localhost:13009 for channel [id: 0x71d2130f, L:/127.0.0.1:61021 - R:localhost/127.0.0.1:13009]
02:09:49.361 [Forwarding screenshot on session db81ce06721ff94e532cae7fd6eac1d2 to remote] DEBUG org.asynchttpclient.netty.request.NettyRequestSender - Using pooled Channel '[id: 0x71d2130f, L:/127.0.0.1:61021 - R:localhost/127.0.0.1:13009]' for 'GET' to 'http://localhost:13009/session/db81ce06721ff94e532cae7fd6eac1d2/screenshot'
02:09:49.361 [Forwarding screenshot on session db81ce06721ff94e532cae7fd6eac1d2 to remote] DEBUG org.asynchttpclient.netty.request.NettyRequestSender - Using open Channel [id: 0x71d2130f, L:/127.0.0.1:61021 - R:localhost/127.0.0.1:13009] for GET '/session/db81ce06721ff94e532cae7fd6eac1d2/screenshot'
02:09:49.620 [AsyncHttpClient-1-8] DEBUG org.asynchttpclient.netty.handler.HttpHandler - 

Request DefaultFullHttpRequest(decodeResult: success, version: HTTP/1.1, content: EmptyByteBufBE)
GET /session/db81ce06721ff94e532cae7fd6eac1d2/screenshot HTTP/1.1
User-Agent: selenium/4.8.1 (java windows)
Cache-Control: no-cache
Content-Type: application/json; charset=utf-8
host: localhost:13009
accept: */*

Response DefaultHttpResponse(decodeResult: success, version: HTTP/1.1)
HTTP/1.1 200 OK
Content-Length: 115920
Content-Type: application/json; charset=utf-8
cache-control: no-cache

02:09:49.621 [AsyncHttpClient-1-8] DEBUG org.asynchttpclient.netty.channel.ChannelManager - Adding key: http://localhost:13009 for channel [id: 0x71d2130f, L:/127.0.0.1:61021 - R:localhost/127.0.0.1:13009]
02:09:49.626 [main] DEBUG net.serenitybdd.core.photography.Darkroom - Send negative for processing for target\site\serenity\17b761db86950adf452c33ac0c5826e70494a35b1202adb5e49aa124d82ed99d.png
02:09:49.629 [Forwarding getPageSource on session db81ce06721ff94e532cae7fd6eac1d2 to remote] DEBUG org.asynchttpclient.netty.request.NettyRequestSender - Using pooled Channel '[id: 0x71d2130f, L:/127.0.0.1:61021 - R:localhost/127.0.0.1:13009]' for 'POST' to 'http://localhost:13009/session/db81ce06721ff94e532cae7fd6eac1d2/execute/sync'
02:09:49.629 [Forwarding getPageSource on session db81ce06721ff94e532cae7fd6eac1d2 to remote] DEBUG org.asynchttpclient.netty.request.NettyRequestSender - Using open Channel [id: 0x71d2130f, L:/127.0.0.1:61021 - R:localhost/127.0.0.1:13009] for POST '/session/db81ce06721ff94e532cae7fd6eac1d2/execute/sync'
02:09:49.639 [AsyncHttpClient-1-8] DEBUG org.asynchttpclient.netty.handler.HttpHandler - 

Request DefaultHttpRequest(decodeResult: success, version: HTTP/1.1)
POST /session/db81ce06721ff94e532cae7fd6eac1d2/execute/sync HTTP/1.1
User-Agent: selenium/4.8.1 (java windows)
Content-Length: 176
Content-Type: application/json; charset=utf-8
host: localhost:13009
accept: */*

Response DefaultHttpResponse(decodeResult: success, version: HTTP/1.1)
HTTP/1.1 200 OK
Content-Length: 3427
Content-Type: application/json; charset=utf-8
cache-control: no-cache

02:09:49.639 [AsyncHttpClient-1-8] DEBUG org.asynchttpclient.netty.channel.ChannelManager - Adding key: http://localhost:13009 for channel [id: 0x71d2130f, L:/127.0.0.1:61021 - R:localhost/127.0.0.1:13009]
02:09:49.642 [Forwarding getCurrentUrl on session db81ce06721ff94e532cae7fd6eac1d2 to remote] DEBUG org.asynchttpclient.netty.request.NettyRequestSender - Using pooled Channel '[id: 0x71d2130f, L:/127.0.0.1:61021 - R:localhost/127.0.0.1:13009]' for 'GET' to 'http://localhost:13009/session/db81ce06721ff94e532cae7fd6eac1d2/url'
02:09:49.642 [Forwarding getCurrentUrl on session db81ce06721ff94e532cae7fd6eac1d2 to remote] DEBUG org.asynchttpclient.netty.request.NettyRequestSender - Using open Channel [id: 0x71d2130f, L:/127.0.0.1:61021 - R:localhost/127.0.0.1:13009] for GET '/session/db81ce06721ff94e532cae7fd6eac1d2/url'
02:09:49.651 [AsyncHttpClient-1-8] DEBUG org.asynchttpclient.netty.handler.HttpHandler - 

Request DefaultFullHttpRequest(decodeResult: success, version: HTTP/1.1, content: EmptyByteBufBE)
GET /session/db81ce06721ff94e532cae7fd6eac1d2/url HTTP/1.1
User-Agent: selenium/4.8.1 (java windows)
Cache-Control: no-cache
Content-Type: application/json; charset=utf-8
host: localhost:13009
accept: */*

Response DefaultHttpResponse(decodeResult: success, version: HTTP/1.1)
HTTP/1.1 200 OK
Content-Length: 56
Content-Type: application/json; charset=utf-8
cache-control: no-cache

02:09:49.651 [AsyncHttpClient-1-8] DEBUG org.asynchttpclient.netty.channel.ChannelManager - Adding key: http://localhost:13009 for channel [id: 0x71d2130f, L:/127.0.0.1:61021 - R:localhost/127.0.0.1:13009]
02:09:49.669 [Forwarding getPageSource on session db81ce06721ff94e532cae7fd6eac1d2 to remote] DEBUG org.asynchttpclient.netty.request.NettyRequestSender - Using pooled Channel '[id: 0x71d2130f, L:/127.0.0.1:61021 - R:localhost/127.0.0.1:13009]' for 'POST' to 'http://localhost:13009/session/db81ce06721ff94e532cae7fd6eac1d2/execute/sync'
02:09:49.669 [Forwarding getPageSource on session db81ce06721ff94e532cae7fd6eac1d2 to remote] DEBUG org.asynchttpclient.netty.request.NettyRequestSender - Using open Channel [id: 0x71d2130f, L:/127.0.0.1:61021 - R:localhost/127.0.0.1:13009] for POST '/session/db81ce06721ff94e532cae7fd6eac1d2/execute/sync'
02:09:49.678 [AsyncHttpClient-1-8] DEBUG org.asynchttpclient.netty.handler.HttpHandler - 

Request DefaultHttpRequest(decodeResult: success, version: HTTP/1.1)
POST /session/db81ce06721ff94e532cae7fd6eac1d2/execute/sync HTTP/1.1
User-Agent: selenium/4.8.1 (java windows)
Content-Length: 176
Content-Type: application/json; charset=utf-8
host: localhost:13009
accept: */*

Response DefaultHttpResponse(decodeResult: success, version: HTTP/1.1)
HTTP/1.1 200 OK
Content-Length: 3427
Content-Type: application/json; charset=utf-8
cache-control: no-cache

02:09:49.678 [AsyncHttpClient-1-8] DEBUG org.asynchttpclient.netty.channel.ChannelManager - Adding key: http://localhost:13009 for channel [id: 0x71d2130f, L:/127.0.0.1:61021 - R:localhost/127.0.0.1:13009]
02:09:49.681 [Forwarding getCurrentUrl on session db81ce06721ff94e532cae7fd6eac1d2 to remote] DEBUG org.asynchttpclient.netty.request.NettyRequestSender - Using pooled Channel '[id: 0x71d2130f, L:/127.0.0.1:61021 - R:localhost/127.0.0.1:13009]' for 'GET' to 'http://localhost:13009/session/db81ce06721ff94e532cae7fd6eac1d2/url'
02:09:49.681 [Forwarding getCurrentUrl on session db81ce06721ff94e532cae7fd6eac1d2 to remote] DEBUG org.asynchttpclient.netty.request.NettyRequestSender - Using open Channel [id: 0x71d2130f, L:/127.0.0.1:61021 - R:localhost/127.0.0.1:13009] for GET '/session/db81ce06721ff94e532cae7fd6eac1d2/url'
02:09:49.689 [AsyncHttpClient-1-8] DEBUG org.asynchttpclient.netty.handler.HttpHandler - 

Request DefaultFullHttpRequest(decodeResult: success, version: HTTP/1.1, content: EmptyByteBufBE)
GET /session/db81ce06721ff94e532cae7fd6eac1d2/url HTTP/1.1
User-Agent: selenium/4.8.1 (java windows)
Cache-Control: no-cache
Content-Type: application/json; charset=utf-8
host: localhost:13009
accept: */*

Response DefaultHttpResponse(decodeResult: success, version: HTTP/1.1)
HTTP/1.1 200 OK
Content-Length: 56
Content-Type: application/json; charset=utf-8
cache-control: no-cache

02:09:49.689 [AsyncHttpClient-1-8] DEBUG org.asynchttpclient.netty.channel.ChannelManager - Adding key: http://localhost:13009 for channel [id: 0x71d2130f, L:/127.0.0.1:61021 - R:localhost/127.0.0.1:13009]
02:09:49.693 [main] DEBUG net.thucydides.core.steps.StepInterceptor - STARTING STEP: LoginSteps.enterUsername - enterUsername
02:09:49.698 [Forwarding findElement on session db81ce06721ff94e532cae7fd6eac1d2 to remote] DEBUG org.asynchttpclient.netty.request.NettyRequestSender - Using pooled Channel '[id: 0x71d2130f, L:/127.0.0.1:61021 - R:localhost/127.0.0.1:13009]' for 'POST' to 'http://localhost:13009/session/db81ce06721ff94e532cae7fd6eac1d2/element'
02:09:49.698 [Forwarding findElement on session db81ce06721ff94e532cae7fd6eac1d2 to remote] DEBUG org.asynchttpclient.netty.request.NettyRequestSender - Using open Channel [id: 0x71d2130f, L:/127.0.0.1:61021 - R:localhost/127.0.0.1:13009] for POST '/session/db81ce06721ff94e532cae7fd6eac1d2/element'
02:09:49.723 [AsyncHttpClient-1-8] DEBUG org.asynchttpclient.netty.handler.HttpHandler - 

Request DefaultHttpRequest(decodeResult: success, version: HTTP/1.1)
POST /session/db81ce06721ff94e532cae7fd6eac1d2/element HTTP/1.1
User-Agent: selenium/4.8.1 (java windows)
Content-Length: 53
Content-Type: application/json; charset=utf-8
host: localhost:13009
accept: */*

Response DefaultHttpResponse(decodeResult: success, version: HTTP/1.1)
HTTP/1.1 200 OK
Content-Length: 95
Content-Type: application/json; charset=utf-8
cache-control: no-cache

02:09:49.723 [AsyncHttpClient-1-8] DEBUG org.asynchttpclient.netty.channel.ChannelManager - Adding key: http://localhost:13009 for channel [id: 0x71d2130f, L:/127.0.0.1:61021 - R:localhost/127.0.0.1:13009]
02:09:49.725 [Forwarding clearElement on session db81ce06721ff94e532cae7fd6eac1d2 to remote] DEBUG org.asynchttpclient.netty.request.NettyRequestSender - Using pooled Channel '[id: 0x71d2130f, L:/127.0.0.1:61021 - R:localhost/127.0.0.1:13009]' for 'POST' to 'http://localhost:13009/session/db81ce06721ff94e532cae7fd6eac1d2/element/1B6283ECAB138FDDFA203F6CC0A3B0F9_element_13/clear'
02:09:49.725 [Forwarding clearElement on session db81ce06721ff94e532cae7fd6eac1d2 to remote] DEBUG org.asynchttpclient.netty.request.NettyRequestSender - Using open Channel [id: 0x71d2130f, L:/127.0.0.1:61021 - R:localhost/127.0.0.1:13009] for POST '/session/db81ce06721ff94e532cae7fd6eac1d2/element/1B6283ECAB138FDDFA203F6CC0A3B0F9_element_13/clear'
02:09:49.795 [AsyncHttpClient-1-8] DEBUG org.asynchttpclient.netty.handler.HttpHandler - 

Request DefaultHttpRequest(decodeResult: success, version: HTTP/1.1)
POST /session/db81ce06721ff94e532cae7fd6eac1d2/element/1B6283ECAB138FDDFA203F6CC0A3B0F9_element_13/clear HTTP/1.1
User-Agent: selenium/4.8.1 (java windows)
Content-Length: 57
Content-Type: application/json; charset=utf-8
host: localhost:13009
accept: */*

Response DefaultHttpResponse(decodeResult: success, version: HTTP/1.1)
HTTP/1.1 200 OK
Content-Length: 14
Content-Type: application/json; charset=utf-8
cache-control: no-cache

02:09:49.796 [AsyncHttpClient-1-8] DEBUG org.asynchttpclient.netty.channel.ChannelManager - Adding key: http://localhost:13009 for channel [id: 0x71d2130f, L:/127.0.0.1:61021 - R:localhost/127.0.0.1:13009]
02:09:49.799 [Forwarding sendKeysToElement on session db81ce06721ff94e532cae7fd6eac1d2 to remote] DEBUG org.asynchttpclient.netty.request.NettyRequestSender - Using pooled Channel '[id: 0x71d2130f, L:/127.0.0.1:61021 - R:localhost/127.0.0.1:13009]' for 'POST' to 'http://localhost:13009/session/db81ce06721ff94e532cae7fd6eac1d2/element/1B6283ECAB138FDDFA203F6CC0A3B0F9_element_13/value'
02:09:49.799 [Forwarding sendKeysToElement on session db81ce06721ff94e532cae7fd6eac1d2 to remote] DEBUG org.asynchttpclient.netty.request.NettyRequestSender - Using open Channel [id: 0x71d2130f, L:/127.0.0.1:61021 - R:localhost/127.0.0.1:13009] for POST '/session/db81ce06721ff94e532cae7fd6eac1d2/element/1B6283ECAB138FDDFA203F6CC0A3B0F9_element_13/value'
02:09:49.925 [AsyncHttpClient-1-8] DEBUG org.asynchttpclient.netty.handler.HttpHandler - 

Request DefaultHttpRequest(decodeResult: success, version: HTTP/1.1)
POST /session/db81ce06721ff94e532cae7fd6eac1d2/element/1B6283ECAB138FDDFA203F6CC0A3B0F9_element_13/value HTTP/1.1
User-Agent: selenium/4.8.1 (java windows)
Content-Length: 138
Content-Type: application/json; charset=utf-8
host: localhost:13009
accept: */*

Response DefaultHttpResponse(decodeResult: success, version: HTTP/1.1)
HTTP/1.1 200 OK
Content-Length: 14
Content-Type: application/json; charset=utf-8
cache-control: no-cache

02:09:49.925 [AsyncHttpClient-1-8] DEBUG org.asynchttpclient.netty.channel.ChannelManager - Adding key: http://localhost:13009 for channel [id: 0x71d2130f, L:/127.0.0.1:61021 - R:localhost/127.0.0.1:13009]
02:09:49.936 [Forwarding getAlertText on session db81ce06721ff94e532cae7fd6eac1d2 to remote] DEBUG org.asynchttpclient.netty.request.NettyRequestSender - Using pooled Channel '[id: 0x71d2130f, L:/127.0.0.1:61021 - R:localhost/127.0.0.1:13009]' for 'GET' to 'http://localhost:13009/session/db81ce06721ff94e532cae7fd6eac1d2/alert/text'
02:09:49.936 [Forwarding getAlertText on session db81ce06721ff94e532cae7fd6eac1d2 to remote] DEBUG org.asynchttpclient.netty.request.NettyRequestSender - Using open Channel [id: 0x71d2130f, L:/127.0.0.1:61021 - R:localhost/127.0.0.1:13009] for GET '/session/db81ce06721ff94e532cae7fd6eac1d2/alert/text'
02:09:49.939 [AsyncHttpClient-1-8] DEBUG org.asynchttpclient.netty.handler.HttpHandler - 

Request DefaultFullHttpRequest(decodeResult: success, version: HTTP/1.1, content: EmptyByteBufBE)
GET /session/db81ce06721ff94e532cae7fd6eac1d2/alert/text HTTP/1.1
User-Agent: selenium/4.8.1 (java windows)
Cache-Control: no-cache
Content-Type: application/json; charset=utf-8
host: localhost:13009
accept: */*

Response DefaultHttpResponse(decodeResult: success, version: HTTP/1.1)
HTTP/1.1 404 Not Found
Content-Length: 828
Content-Type: application/json; charset=utf-8
cache-control: no-cache

02:09:49.939 [AsyncHttpClient-1-8] DEBUG org.asynchttpclient.netty.channel.ChannelManager - Adding key: http://localhost:13009 for channel [id: 0x71d2130f, L:/127.0.0.1:61021 - R:localhost/127.0.0.1:13009]
02:09:49.942 [Forwarding getCurrentUrl on session db81ce06721ff94e532cae7fd6eac1d2 to remote] DEBUG org.asynchttpclient.netty.request.NettyRequestSender - Using pooled Channel '[id: 0x71d2130f, L:/127.0.0.1:61021 - R:localhost/127.0.0.1:13009]' for 'GET' to 'http://localhost:13009/session/db81ce06721ff94e532cae7fd6eac1d2/url'
02:09:49.943 [Forwarding getCurrentUrl on session db81ce06721ff94e532cae7fd6eac1d2 to remote] DEBUG org.asynchttpclient.netty.request.NettyRequestSender - Using open Channel [id: 0x71d2130f, L:/127.0.0.1:61021 - R:localhost/127.0.0.1:13009] for GET '/session/db81ce06721ff94e532cae7fd6eac1d2/url'
02:09:49.951 [AsyncHttpClient-1-8] DEBUG org.asynchttpclient.netty.handler.HttpHandler - 

Request DefaultFullHttpRequest(decodeResult: success, version: HTTP/1.1, content: EmptyByteBufBE)
GET /session/db81ce06721ff94e532cae7fd6eac1d2/url HTTP/1.1
User-Agent: selenium/4.8.1 (java windows)
Cache-Control: no-cache
Content-Type: application/json; charset=utf-8
host: localhost:13009
accept: */*

Response DefaultHttpResponse(decodeResult: success, version: HTTP/1.1)
HTTP/1.1 200 OK
Content-Length: 56
Content-Type: application/json; charset=utf-8
cache-control: no-cache

02:09:49.952 [AsyncHttpClient-1-8] DEBUG org.asynchttpclient.netty.channel.ChannelManager - Adding key: http://localhost:13009 for channel [id: 0x71d2130f, L:/127.0.0.1:61021 - R:localhost/127.0.0.1:13009]
02:09:49.953 [Forwarding screenshot on session db81ce06721ff94e532cae7fd6eac1d2 to remote] DEBUG org.asynchttpclient.netty.request.NettyRequestSender - Using pooled Channel '[id: 0x71d2130f, L:/127.0.0.1:61021 - R:localhost/127.0.0.1:13009]' for 'GET' to 'http://localhost:13009/session/db81ce06721ff94e532cae7fd6eac1d2/screenshot'
02:09:49.953 [Forwarding screenshot on session db81ce06721ff94e532cae7fd6eac1d2 to remote] DEBUG org.asynchttpclient.netty.request.NettyRequestSender - Using open Channel [id: 0x71d2130f, L:/127.0.0.1:61021 - R:localhost/127.0.0.1:13009] for GET '/session/db81ce06721ff94e532cae7fd6eac1d2/screenshot'
02:09:50.224 [AsyncHttpClient-1-8] DEBUG org.asynchttpclient.netty.handler.HttpHandler - 

Request DefaultFullHttpRequest(decodeResult: success, version: HTTP/1.1, content: EmptyByteBufBE)
GET /session/db81ce06721ff94e532cae7fd6eac1d2/screenshot HTTP/1.1
User-Agent: selenium/4.8.1 (java windows)
Cache-Control: no-cache
Content-Type: application/json; charset=utf-8
host: localhost:13009
accept: */*

Response DefaultHttpResponse(decodeResult: success, version: HTTP/1.1)
HTTP/1.1 200 OK
Content-Length: 116024
Content-Type: application/json; charset=utf-8
cache-control: no-cache

02:09:50.225 [AsyncHttpClient-1-8] DEBUG org.asynchttpclient.netty.channel.ChannelManager - Adding key: http://localhost:13009 for channel [id: 0x71d2130f, L:/127.0.0.1:61021 - R:localhost/127.0.0.1:13009]
02:09:50.230 [AsyncHttpClient-1-1] DEBUG org.asynchttpclient.netty.channel.DefaultChannelPool - Entry count for : http://localhost:61023 : 1
02:09:50.230 [AsyncHttpClient-1-1] DEBUG org.asynchttpclient.netty.channel.DefaultChannelPool - Entry count for : http://localhost:13009 : 1
02:09:50.231 [main] DEBUG net.serenitybdd.core.photography.Darkroom - Send negative for processing for target\site\serenity\ee761de0174fda31809a61addf9933dc97e22ba6ba3825b4f67b075b31ffaf0e.png
02:09:50.235 [Forwarding getPageSource on session db81ce06721ff94e532cae7fd6eac1d2 to remote] DEBUG org.asynchttpclient.netty.request.NettyRequestSender - Using pooled Channel '[id: 0x71d2130f, L:/127.0.0.1:61021 - R:localhost/127.0.0.1:13009]' for 'POST' to 'http://localhost:13009/session/db81ce06721ff94e532cae7fd6eac1d2/execute/sync'
02:09:50.235 [Forwarding getPageSource on session db81ce06721ff94e532cae7fd6eac1d2 to remote] DEBUG org.asynchttpclient.netty.request.NettyRequestSender - Using open Channel [id: 0x71d2130f, L:/127.0.0.1:61021 - R:localhost/127.0.0.1:13009] for POST '/session/db81ce06721ff94e532cae7fd6eac1d2/execute/sync'
02:09:50.244 [AsyncHttpClient-1-8] DEBUG org.asynchttpclient.netty.handler.HttpHandler - 

Request DefaultHttpRequest(decodeResult: success, version: HTTP/1.1)
POST /session/db81ce06721ff94e532cae7fd6eac1d2/execute/sync HTTP/1.1
User-Agent: selenium/4.8.1 (java windows)
Content-Length: 176
Content-Type: application/json; charset=utf-8
host: localhost:13009
accept: */*

Response DefaultHttpResponse(decodeResult: success, version: HTTP/1.1)
HTTP/1.1 200 OK
Content-Length: 3427
Content-Type: application/json; charset=utf-8
cache-control: no-cache

02:09:50.244 [AsyncHttpClient-1-8] DEBUG org.asynchttpclient.netty.channel.ChannelManager - Adding key: http://localhost:13009 for channel [id: 0x71d2130f, L:/127.0.0.1:61021 - R:localhost/127.0.0.1:13009]
02:09:50.248 [Forwarding getCurrentUrl on session db81ce06721ff94e532cae7fd6eac1d2 to remote] DEBUG org.asynchttpclient.netty.request.NettyRequestSender - Using pooled Channel '[id: 0x71d2130f, L:/127.0.0.1:61021 - R:localhost/127.0.0.1:13009]' for 'GET' to 'http://localhost:13009/session/db81ce06721ff94e532cae7fd6eac1d2/url'
02:09:50.248 [Forwarding getCurrentUrl on session db81ce06721ff94e532cae7fd6eac1d2 to remote] DEBUG org.asynchttpclient.netty.request.NettyRequestSender - Using open Channel [id: 0x71d2130f, L:/127.0.0.1:61021 - R:localhost/127.0.0.1:13009] for GET '/session/db81ce06721ff94e532cae7fd6eac1d2/url'
02:09:50.256 [AsyncHttpClient-1-8] DEBUG org.asynchttpclient.netty.handler.HttpHandler - 

Request DefaultFullHttpRequest(decodeResult: success, version: HTTP/1.1, content: EmptyByteBufBE)
GET /session/db81ce06721ff94e532cae7fd6eac1d2/url HTTP/1.1
User-Agent: selenium/4.8.1 (java windows)
Cache-Control: no-cache
Content-Type: application/json; charset=utf-8
host: localhost:13009
accept: */*

Response DefaultHttpResponse(decodeResult: success, version: HTTP/1.1)
HTTP/1.1 200 OK
Content-Length: 56
Content-Type: application/json; charset=utf-8
cache-control: no-cache

02:09:50.257 [AsyncHttpClient-1-8] DEBUG org.asynchttpclient.netty.channel.ChannelManager - Adding key: http://localhost:13009 for channel [id: 0x71d2130f, L:/127.0.0.1:61021 - R:localhost/127.0.0.1:13009]
02:09:50.267 [main] DEBUG net.thucydides.core.steps.StepInterceptor - STEP DONE: enterUsername
  &amp#27;[32mAnd &amp#27;[0m&amp#27;[32mI enter username&amp#27;[0m                                                         &amp#27;[90m# starter.stepdefinitions.LoginSteps.enterUsername()&amp#27;[0m
02:09:50.284 [Forwarding getAlertText on session db81ce06721ff94e532cae7fd6eac1d2 to remote] DEBUG org.asynchttpclient.netty.request.NettyRequestSender - Using pooled Channel '[id: 0x71d2130f, L:/127.0.0.1:61021 - R:localhost/127.0.0.1:13009]' for 'GET' to 'http://localhost:13009/session/db81ce06721ff94e532cae7fd6eac1d2/alert/text'
02:09:50.284 [Forwarding getAlertText on session db81ce06721ff94e532cae7fd6eac1d2 to remote] DEBUG org.asynchttpclient.netty.request.NettyRequestSender - Using open Channel [id: 0x71d2130f, L:/127.0.0.1:61021 - R:localhost/127.0.0.1:13009] for GET '/session/db81ce06721ff94e532cae7fd6eac1d2/alert/text'
02:09:50.287 [AsyncHttpClient-1-8] DEBUG org.asynchttpclient.netty.handler.HttpHandler - 

Request DefaultFullHttpRequest(decodeResult: success, version: HTTP/1.1, content: EmptyByteBufBE)
GET /session/db81ce06721ff94e532cae7fd6eac1d2/alert/text HTTP/1.1
User-Agent: selenium/4.8.1 (java windows)
Cache-Control: no-cache
Content-Type: application/json; charset=utf-8
host: localhost:13009
accept: */*

Response DefaultHttpResponse(decodeResult: success, version: HTTP/1.1)
HTTP/1.1 404 Not Found
Content-Length: 828
Content-Type: application/json; charset=utf-8
cache-control: no-cache

02:09:50.287 [AsyncHttpClient-1-8] DEBUG org.asynchttpclient.netty.channel.ChannelManager - Adding key: http://localhost:13009 for channel [id: 0x71d2130f, L:/127.0.0.1:61021 - R:localhost/127.0.0.1:13009]
02:09:50.289 [Forwarding getCurrentUrl on session db81ce06721ff94e532cae7fd6eac1d2 to remote] DEBUG org.asynchttpclient.netty.request.NettyRequestSender - Using pooled Channel '[id: 0x71d2130f, L:/127.0.0.1:61021 - R:localhost/127.0.0.1:13009]' for 'GET' to 'http://localhost:13009/session/db81ce06721ff94e532cae7fd6eac1d2/url'
02:09:50.290 [Forwarding getCurrentUrl on session db81ce06721ff94e532cae7fd6eac1d2 to remote] DEBUG org.asynchttpclient.netty.request.NettyRequestSender - Using open Channel [id: 0x71d2130f, L:/127.0.0.1:61021 - R:localhost/127.0.0.1:13009] for GET '/session/db81ce06721ff94e532cae7fd6eac1d2/url'
02:09:50.299 [AsyncHttpClient-1-8] DEBUG org.asynchttpclient.netty.handler.HttpHandler - 

Request DefaultFullHttpRequest(decodeResult: success, version: HTTP/1.1, content: EmptyByteBufBE)
GET /session/db81ce06721ff94e532cae7fd6eac1d2/url HTTP/1.1
User-Agent: selenium/4.8.1 (java windows)
Cache-Control: no-cache
Content-Type: application/json; charset=utf-8
host: localhost:13009
accept: */*

Response DefaultHttpResponse(decodeResult: success, version: HTTP/1.1)
HTTP/1.1 200 OK
Content-Length: 56
Content-Type: application/json; charset=utf-8
cache-control: no-cache

02:09:50.300 [AsyncHttpClient-1-8] DEBUG org.asynchttpclient.netty.channel.ChannelManager - Adding key: http://localhost:13009 for channel [id: 0x71d2130f, L:/127.0.0.1:61021 - R:localhost/127.0.0.1:13009]
02:09:50.302 [Forwarding screenshot on session db81ce06721ff94e532cae7fd6eac1d2 to remote] DEBUG org.asynchttpclient.netty.request.NettyRequestSender - Using pooled Channel '[id: 0x71d2130f, L:/127.0.0.1:61021 - R:localhost/127.0.0.1:13009]' for 'GET' to 'http://localhost:13009/session/db81ce06721ff94e532cae7fd6eac1d2/screenshot'
02:09:50.302 [Forwarding screenshot on session db81ce06721ff94e532cae7fd6eac1d2 to remote] DEBUG org.asynchttpclient.netty.request.NettyRequestSender - Using open Channel [id: 0x71d2130f, L:/127.0.0.1:61021 - R:localhost/127.0.0.1:13009] for GET '/session/db81ce06721ff94e532cae7fd6eac1d2/screenshot'
02:09:50.567 [AsyncHttpClient-1-8] DEBUG org.asynchttpclient.netty.handler.HttpHandler - 

Request DefaultFullHttpRequest(decodeResult: success, version: HTTP/1.1, content: EmptyByteBufBE)
GET /session/db81ce06721ff94e532cae7fd6eac1d2/screenshot HTTP/1.1
User-Agent: selenium/4.8.1 (java windows)
Cache-Control: no-cache
Content-Type: application/json; charset=utf-8
host: localhost:13009
accept: */*

Response DefaultHttpResponse(decodeResult: success, version: HTTP/1.1)
HTTP/1.1 200 OK
Content-Length: 116024
Content-Type: application/json; charset=utf-8
cache-control: no-cache

02:09:50.568 [AsyncHttpClient-1-8] DEBUG org.asynchttpclient.netty.channel.ChannelManager - Adding key: http://localhost:13009 for channel [id: 0x71d2130f, L:/127.0.0.1:61021 - R:localhost/127.0.0.1:13009]
02:09:50.573 [main] DEBUG net.serenitybdd.core.photography.Darkroom - Send negative for processing for target\site\serenity\ee761de0174fda31809a61addf9933dc97e22ba6ba3825b4f67b075b31ffaf0e.png
02:09:50.577 [Forwarding getPageSource on session db81ce06721ff94e532cae7fd6eac1d2 to remote] DEBUG org.asynchttpclient.netty.request.NettyRequestSender - Using pooled Channel '[id: 0x71d2130f, L:/127.0.0.1:61021 - R:localhost/127.0.0.1:13009]' for 'POST' to 'http://localhost:13009/session/db81ce06721ff94e532cae7fd6eac1d2/execute/sync'
02:09:50.577 [Forwarding getPageSource on session db81ce06721ff94e532cae7fd6eac1d2 to remote] DEBUG org.asynchttpclient.netty.request.NettyRequestSender - Using open Channel [id: 0x71d2130f, L:/127.0.0.1:61021 - R:localhost/127.0.0.1:13009] for POST '/session/db81ce06721ff94e532cae7fd6eac1d2/execute/sync'
02:09:50.586 [AsyncHttpClient-1-8] DEBUG org.asynchttpclient.netty.handler.HttpHandler - 

Request DefaultHttpRequest(decodeResult: success, version: HTTP/1.1)
POST /session/db81ce06721ff94e532cae7fd6eac1d2/execute/sync HTTP/1.1
User-Agent: selenium/4.8.1 (java windows)
Content-Length: 176
Content-Type: application/json; charset=utf-8
host: localhost:13009
accept: */*

Response DefaultHttpResponse(decodeResult: success, version: HTTP/1.1)
HTTP/1.1 200 OK
Content-Length: 3427
Content-Type: application/json; charset=utf-8
cache-control: no-cache

02:09:50.586 [AsyncHttpClient-1-8] DEBUG org.asynchttpclient.netty.channel.ChannelManager - Adding key: http://localhost:13009 for channel [id: 0x71d2130f, L:/127.0.0.1:61021 - R:localhost/127.0.0.1:13009]
02:09:50.589 [Forwarding getCurrentUrl on session db81ce06721ff94e532cae7fd6eac1d2 to remote] DEBUG org.asynchttpclient.netty.request.NettyRequestSender - Using pooled Channel '[id: 0x71d2130f, L:/127.0.0.1:61021 - R:localhost/127.0.0.1:13009]' for 'GET' to 'http://localhost:13009/session/db81ce06721ff94e532cae7fd6eac1d2/url'
02:09:50.589 [Forwarding getCurrentUrl on session db81ce06721ff94e532cae7fd6eac1d2 to remote] DEBUG org.asynchttpclient.netty.request.NettyRequestSender - Using open Channel [id: 0x71d2130f, L:/127.0.0.1:61021 - R:localhost/127.0.0.1:13009] for GET '/session/db81ce06721ff94e532cae7fd6eac1d2/url'
02:09:50.598 [AsyncHttpClient-1-8] DEBUG org.asynchttpclient.netty.handler.HttpHandler - 

Request DefaultFullHttpRequest(decodeResult: success, version: HTTP/1.1, content: EmptyByteBufBE)
GET /session/db81ce06721ff94e532cae7fd6eac1d2/url HTTP/1.1
User-Agent: selenium/4.8.1 (java windows)
Cache-Control: no-cache
Content-Type: application/json; charset=utf-8
host: localhost:13009
accept: */*

Response DefaultHttpResponse(decodeResult: success, version: HTTP/1.1)
HTTP/1.1 200 OK
Content-Length: 56
Content-Type: application/json; charset=utf-8
cache-control: no-cache

02:09:50.599 [AsyncHttpClient-1-8] DEBUG org.asynchttpclient.netty.channel.ChannelManager - Adding key: http://localhost:13009 for channel [id: 0x71d2130f, L:/127.0.0.1:61021 - R:localhost/127.0.0.1:13009]
02:09:50.617 [Forwarding getPageSource on session db81ce06721ff94e532cae7fd6eac1d2 to remote] DEBUG org.asynchttpclient.netty.request.NettyRequestSender - Using pooled Channel '[id: 0x71d2130f, L:/127.0.0.1:61021 - R:localhost/127.0.0.1:13009]' for 'POST' to 'http://localhost:13009/session/db81ce06721ff94e532cae7fd6eac1d2/execute/sync'
02:09:50.617 [Forwarding getPageSource on session db81ce06721ff94e532cae7fd6eac1d2 to remote] DEBUG org.asynchttpclient.netty.request.NettyRequestSender - Using open Channel [id: 0x71d2130f, L:/127.0.0.1:61021 - R:localhost/127.0.0.1:13009] for POST '/session/db81ce06721ff94e532cae7fd6eac1d2/execute/sync'
02:09:50.632 [AsyncHttpClient-1-8] DEBUG org.asynchttpclient.netty.handler.HttpHandler - 

Request DefaultHttpRequest(decodeResult: success, version: HTTP/1.1)
POST /session/db81ce06721ff94e532cae7fd6eac1d2/execute/sync HTTP/1.1
User-Agent: selenium/4.8.1 (java windows)
Content-Length: 176
Content-Type: application/json; charset=utf-8
host: localhost:13009
accept: */*

Response DefaultHttpResponse(decodeResult: success, version: HTTP/1.1)
HTTP/1.1 200 OK
Content-Length: 3427
Content-Type: application/json; charset=utf-8
cache-control: no-cache

02:09:50.633 [AsyncHttpClient-1-8] DEBUG org.asynchttpclient.netty.channel.ChannelManager - Adding key: http://localhost:13009 for channel [id: 0x71d2130f, L:/127.0.0.1:61021 - R:localhost/127.0.0.1:13009]
02:09:50.637 [Forwarding getCurrentUrl on session db81ce06721ff94e532cae7fd6eac1d2 to remote] DEBUG org.asynchttpclient.netty.request.NettyRequestSender - Using pooled Channel '[id: 0x71d2130f, L:/127.0.0.1:61021 - R:localhost/127.0.0.1:13009]' for 'GET' to 'http://localhost:13009/session/db81ce06721ff94e532cae7fd6eac1d2/url'
02:09:50.637 [Forwarding getCurrentUrl on session db81ce06721ff94e532cae7fd6eac1d2 to remote] DEBUG org.asynchttpclient.netty.request.NettyRequestSender - Using open Channel [id: 0x71d2130f, L:/127.0.0.1:61021 - R:localhost/127.0.0.1:13009] for GET '/session/db81ce06721ff94e532cae7fd6eac1d2/url'
02:09:50.649 [AsyncHttpClient-1-8] DEBUG org.asynchttpclient.netty.handler.HttpHandler - 

Request DefaultFullHttpRequest(decodeResult: success, version: HTTP/1.1, content: EmptyByteBufBE)
GET /session/db81ce06721ff94e532cae7fd6eac1d2/url HTTP/1.1
User-Agent: selenium/4.8.1 (java windows)
Cache-Control: no-cache
Content-Type: application/json; charset=utf-8
host: localhost:13009
accept: */*

Response DefaultHttpResponse(decodeResult: success, version: HTTP/1.1)
HTTP/1.1 200 OK
Content-Length: 56
Content-Type: application/json; charset=utf-8
cache-control: no-cache

02:09:50.649 [AsyncHttpClient-1-8] DEBUG org.asynchttpclient.netty.channel.ChannelManager - Adding key: http://localhost:13009 for channel [id: 0x71d2130f, L:/127.0.0.1:61021 - R:localhost/127.0.0.1:13009]
02:09:50.655 [main] DEBUG net.thucydides.core.steps.StepInterceptor - STARTING STEP: LoginSteps.enterInvalidPwd - enterPassword
02:09:50.662 [Forwarding findElement on session db81ce06721ff94e532cae7fd6eac1d2 to remote] DEBUG org.asynchttpclient.netty.request.NettyRequestSender - Using pooled Channel '[id: 0x71d2130f, L:/127.0.0.1:61021 - R:localhost/127.0.0.1:13009]' for 'POST' to 'http://localhost:13009/session/db81ce06721ff94e532cae7fd6eac1d2/element'
02:09:50.662 [Forwarding findElement on session db81ce06721ff94e532cae7fd6eac1d2 to remote] DEBUG org.asynchttpclient.netty.request.NettyRequestSender - Using open Channel [id: 0x71d2130f, L:/127.0.0.1:61021 - R:localhost/127.0.0.1:13009] for POST '/session/db81ce06721ff94e532cae7fd6eac1d2/element'
02:09:50.698 [AsyncHttpClient-1-8] DEBUG org.asynchttpclient.netty.handler.HttpHandler - 

Request DefaultHttpRequest(decodeResult: success, version: HTTP/1.1)
POST /session/db81ce06721ff94e532cae7fd6eac1d2/element HTTP/1.1
User-Agent: selenium/4.8.1 (java windows)
Content-Length: 72
Content-Type: application/json; charset=utf-8
host: localhost:13009
accept: */*

Response DefaultHttpResponse(decodeResult: success, version: HTTP/1.1)
HTTP/1.1 200 OK
Content-Length: 95
Content-Type: application/json; charset=utf-8
cache-control: no-cache

02:09:50.699 [AsyncHttpClient-1-8] DEBUG org.asynchttpclient.netty.channel.ChannelManager - Adding key: http://localhost:13009 for channel [id: 0x71d2130f, L:/127.0.0.1:61021 - R:localhost/127.0.0.1:13009]
02:09:50.702 [Forwarding clearElement on session db81ce06721ff94e532cae7fd6eac1d2 to remote] DEBUG org.asynchttpclient.netty.request.NettyRequestSender - Using pooled Channel '[id: 0x71d2130f, L:/127.0.0.1:61021 - R:localhost/127.0.0.1:13009]' for 'POST' to 'http://localhost:13009/session/db81ce06721ff94e532cae7fd6eac1d2/element/1B6283ECAB138FDDFA203F6CC0A3B0F9_element_12/clear'
02:09:50.703 [Forwarding clearElement on session db81ce06721ff94e532cae7fd6eac1d2 to remote] DEBUG org.asynchttpclient.netty.request.NettyRequestSender - Using open Channel [id: 0x71d2130f, L:/127.0.0.1:61021 - R:localhost/127.0.0.1:13009] for POST '/session/db81ce06721ff94e532cae7fd6eac1d2/element/1B6283ECAB138FDDFA203F6CC0A3B0F9_element_12/clear'
02:09:50.783 [AsyncHttpClient-1-8] DEBUG org.asynchttpclient.netty.handler.HttpHandler - 

Request DefaultHttpRequest(decodeResult: success, version: HTTP/1.1)
POST /session/db81ce06721ff94e532cae7fd6eac1d2/element/1B6283ECAB138FDDFA203F6CC0A3B0F9_element_12/clear HTTP/1.1
User-Agent: selenium/4.8.1 (java windows)
Content-Length: 57
Content-Type: application/json; charset=utf-8
host: localhost:13009
accept: */*

Response DefaultHttpResponse(decodeResult: success, version: HTTP/1.1)
HTTP/1.1 200 OK
Content-Length: 14
Content-Type: application/json; charset=utf-8
cache-control: no-cache

02:09:50.783 [AsyncHttpClient-1-8] DEBUG org.asynchttpclient.netty.channel.ChannelManager - Adding key: http://localhost:13009 for channel [id: 0x71d2130f, L:/127.0.0.1:61021 - R:localhost/127.0.0.1:13009]
02:09:50.788 [Forwarding sendKeysToElement on session db81ce06721ff94e532cae7fd6eac1d2 to remote] DEBUG org.asynchttpclient.netty.request.NettyRequestSender - Using pooled Channel '[id: 0x71d2130f, L:/127.0.0.1:61021 - R:localhost/127.0.0.1:13009]' for 'POST' to 'http://localhost:13009/session/db81ce06721ff94e532cae7fd6eac1d2/element/1B6283ECAB138FDDFA203F6CC0A3B0F9_element_12/value'
02:09:50.788 [Forwarding sendKeysToElement on session db81ce06721ff94e532cae7fd6eac1d2 to remote] DEBUG org.asynchttpclient.netty.request.NettyRequestSender - Using open Channel [id: 0x71d2130f, L:/127.0.0.1:61021 - R:localhost/127.0.0.1:13009] for POST '/session/db81ce06721ff94e532cae7fd6eac1d2/element/1B6283ECAB138FDDFA203F6CC0A3B0F9_element_12/value'
02:09:50.947 [AsyncHttpClient-1-8] DEBUG org.asynchttpclient.netty.handler.HttpHandler - 

Request DefaultHttpRequest(decodeResult: success, version: HTTP/1.1)
POST /session/db81ce06721ff94e532cae7fd6eac1d2/element/1B6283ECAB138FDDFA203F6CC0A3B0F9_element_12/value HTTP/1.1
User-Agent: selenium/4.8.1 (java windows)
Content-Length: 118
Content-Type: application/json; charset=utf-8
host: localhost:13009
accept: */*

Response DefaultHttpResponse(decodeResult: success, version: HTTP/1.1)
HTTP/1.1 200 OK
Content-Length: 14
Content-Type: application/json; charset=utf-8
cache-control: no-cache

02:09:50.948 [AsyncHttpClient-1-8] DEBUG org.asynchttpclient.netty.channel.ChannelManager - Adding key: http://localhost:13009 for channel [id: 0x71d2130f, L:/127.0.0.1:61021 - R:localhost/127.0.0.1:13009]
02:09:50.970 [Forwarding getAlertText on session db81ce06721ff94e532cae7fd6eac1d2 to remote] DEBUG org.asynchttpclient.netty.request.NettyRequestSender - Using pooled Channel '[id: 0x71d2130f, L:/127.0.0.1:61021 - R:localhost/127.0.0.1:13009]' for 'GET' to 'http://localhost:13009/session/db81ce06721ff94e532cae7fd6eac1d2/alert/text'
02:09:50.970 [Forwarding getAlertText on session db81ce06721ff94e532cae7fd6eac1d2 to remote] DEBUG org.asynchttpclient.netty.request.NettyRequestSender - Using open Channel [id: 0x71d2130f, L:/127.0.0.1:61021 - R:localhost/127.0.0.1:13009] for GET '/session/db81ce06721ff94e532cae7fd6eac1d2/alert/text'
02:09:50.974 [AsyncHttpClient-1-8] DEBUG org.asynchttpclient.netty.handler.HttpHandler - 

Request DefaultFullHttpRequest(decodeResult: success, version: HTTP/1.1, content: EmptyByteBufBE)
GET /session/db81ce06721ff94e532cae7fd6eac1d2/alert/text HTTP/1.1
User-Agent: selenium/4.8.1 (java windows)
Cache-Control: no-cache
Content-Type: application/json; charset=utf-8
host: localhost:13009
accept: */*

Response DefaultHttpResponse(decodeResult: success, version: HTTP/1.1)
HTTP/1.1 404 Not Found
Content-Length: 828
Content-Type: application/json; charset=utf-8
cache-control: no-cache

02:09:50.974 [AsyncHttpClient-1-8] DEBUG org.asynchttpclient.netty.channel.ChannelManager - Adding key: http://localhost:13009 for channel [id: 0x71d2130f, L:/127.0.0.1:61021 - R:localhost/127.0.0.1:13009]
02:09:50.977 [Forwarding getCurrentUrl on session db81ce06721ff94e532cae7fd6eac1d2 to remote] DEBUG org.asynchttpclient.netty.request.NettyRequestSender - Using pooled Channel '[id: 0x71d2130f, L:/127.0.0.1:61021 - R:localhost/127.0.0.1:13009]' for 'GET' to 'http://localhost:13009/session/db81ce06721ff94e532cae7fd6eac1d2/url'
02:09:50.978 [Forwarding getCurrentUrl on session db81ce06721ff94e532cae7fd6eac1d2 to remote] DEBUG org.asynchttpclient.netty.request.NettyRequestSender - Using open Channel [id: 0x71d2130f, L:/127.0.0.1:61021 - R:localhost/127.0.0.1:13009] for GET '/session/db81ce06721ff94e532cae7fd6eac1d2/url'
02:09:51.000 [AsyncHttpClient-1-8] DEBUG org.asynchttpclient.netty.handler.HttpHandler - 

Request DefaultFullHttpRequest(decodeResult: success, version: HTTP/1.1, content: EmptyByteBufBE)
GET /session/db81ce06721ff94e532cae7fd6eac1d2/url HTTP/1.1
User-Agent: selenium/4.8.1 (java windows)
Cache-Control: no-cache
Content-Type: application/json; charset=utf-8
host: localhost:13009
accept: */*

Response DefaultHttpResponse(decodeResult: success, version: HTTP/1.1)
HTTP/1.1 200 OK
Content-Length: 56
Content-Type: application/json; charset=utf-8
cache-control: no-cache

02:09:51.000 [AsyncHttpClient-1-8] DEBUG org.asynchttpclient.netty.channel.ChannelManager - Adding key: http://localhost:13009 for channel [id: 0x71d2130f, L:/127.0.0.1:61021 - R:localhost/127.0.0.1:13009]
02:09:51.002 [Forwarding screenshot on session db81ce06721ff94e532cae7fd6eac1d2 to remote] DEBUG org.asynchttpclient.netty.request.NettyRequestSender - Using pooled Channel '[id: 0x71d2130f, L:/127.0.0.1:61021 - R:localhost/127.0.0.1:13009]' for 'GET' to 'http://localhost:13009/session/db81ce06721ff94e532cae7fd6eac1d2/screenshot'
02:09:51.002 [Forwarding screenshot on session db81ce06721ff94e532cae7fd6eac1d2 to remote] DEBUG org.asynchttpclient.netty.request.NettyRequestSender - Using open Channel [id: 0x71d2130f, L:/127.0.0.1:61021 - R:localhost/127.0.0.1:13009] for GET '/session/db81ce06721ff94e532cae7fd6eac1d2/screenshot'
02:09:51.313 [AsyncHttpClient-1-8] DEBUG org.asynchttpclient.netty.handler.HttpHandler - 

Request DefaultFullHttpRequest(decodeResult: success, version: HTTP/1.1, content: EmptyByteBufBE)
GET /session/db81ce06721ff94e532cae7fd6eac1d2/screenshot HTTP/1.1
User-Agent: selenium/4.8.1 (java windows)
Cache-Control: no-cache
Content-Type: application/json; charset=utf-8
host: localhost:13009
accept: */*

Response DefaultHttpResponse(decodeResult: success, version: HTTP/1.1)
HTTP/1.1 200 OK
Content-Length: 114132
Content-Type: application/json; charset=utf-8
cache-control: no-cache

02:09:51.314 [AsyncHttpClient-1-8] DEBUG org.asynchttpclient.netty.channel.ChannelManager - Adding key: http://localhost:13009 for channel [id: 0x71d2130f, L:/127.0.0.1:61021 - R:localhost/127.0.0.1:13009]
02:09:51.320 [main] DEBUG net.serenitybdd.core.photography.Darkroom - Send negative for processing for target\site\serenity\fda123da242758bd8e6e658685bc38ac55139c1856d4fe97c750990651f9944d.png
02:09:51.321 [Darkroom Processing Line] DEBUG net.serenitybdd.core.photography.DarkroomProcessingLine - Processing screenshot image in /var/screenshots/screenshot-15931391817521240266
02:09:51.321 [Darkroom Processing Line] DEBUG net.serenitybdd.core.photography.DarkroomProcessingLine - Saving screenshot to target\site\serenity\fda123da242758bd8e6e658685bc38ac55139c1856d4fe97c750990651f9944d.png
02:09:51.324 [Forwarding getPageSource on session db81ce06721ff94e532cae7fd6eac1d2 to remote] DEBUG org.asynchttpclient.netty.request.NettyRequestSender - Using pooled Channel '[id: 0x71d2130f, L:/127.0.0.1:61021 - R:localhost/127.0.0.1:13009]' for 'POST' to 'http://localhost:13009/session/db81ce06721ff94e532cae7fd6eac1d2/execute/sync'
02:09:51.325 [Forwarding getPageSource on session db81ce06721ff94e532cae7fd6eac1d2 to remote] DEBUG org.asynchttpclient.netty.request.NettyRequestSender - Using open Channel [id: 0x71d2130f, L:/127.0.0.1:61021 - R:localhost/127.0.0.1:13009] for POST '/session/db81ce06721ff94e532cae7fd6eac1d2/execute/sync'
02:09:51.335 [AsyncHttpClient-1-8] DEBUG org.asynchttpclient.netty.handler.HttpHandler - 

Request DefaultHttpRequest(decodeResult: success, version: HTTP/1.1)
POST /session/db81ce06721ff94e532cae7fd6eac1d2/execute/sync HTTP/1.1
User-Agent: selenium/4.8.1 (java windows)
Content-Length: 176
Content-Type: application/json; charset=utf-8
host: localhost:13009
accept: */*

Response DefaultHttpResponse(decodeResult: success, version: HTTP/1.1)
HTTP/1.1 200 OK
Content-Length: 3427
Content-Type: application/json; charset=utf-8
cache-control: no-cache

02:09:51.336 [AsyncHttpClient-1-1] DEBUG org.asynchttpclient.netty.channel.DefaultChannelPool - Entry count for : http://localhost:61023 : 1
02:09:51.337 [AsyncHttpClient-1-8] DEBUG org.asynchttpclient.netty.channel.ChannelManager - Adding key: http://localhost:13009 for channel [id: 0x71d2130f, L:/127.0.0.1:61021 - R:localhost/127.0.0.1:13009]
02:09:51.340 [Forwarding getCurrentUrl on session db81ce06721ff94e532cae7fd6eac1d2 to remote] DEBUG org.asynchttpclient.netty.request.NettyRequestSender - Using pooled Channel '[id: 0x71d2130f, L:/127.0.0.1:61021 - R:localhost/127.0.0.1:13009]' for 'GET' to 'http://localhost:13009/session/db81ce06721ff94e532cae7fd6eac1d2/url'
02:09:51.340 [Forwarding getCurrentUrl on session db81ce06721ff94e532cae7fd6eac1d2 to remote] DEBUG org.asynchttpclient.netty.request.NettyRequestSender - Using open Channel [id: 0x71d2130f, L:/127.0.0.1:61021 - R:localhost/127.0.0.1:13009] for GET '/session/db81ce06721ff94e532cae7fd6eac1d2/url'
02:09:51.349 [AsyncHttpClient-1-8] DEBUG org.asynchttpclient.netty.handler.HttpHandler - 

Request DefaultFullHttpRequest(decodeResult: success, version: HTTP/1.1, content: EmptyByteBufBE)
GET /session/db81ce06721ff94e532cae7fd6eac1d2/url HTTP/1.1
User-Agent: selenium/4.8.1 (java windows)
Cache-Control: no-cache
Content-Type: application/json; charset=utf-8
host: localhost:13009
accept: */*

Response DefaultHttpResponse(decodeResult: success, version: HTTP/1.1)
HTTP/1.1 200 OK
Content-Length: 56
Content-Type: application/json; charset=utf-8
cache-control: no-cache

02:09:51.349 [AsyncHttpClient-1-8] DEBUG org.asynchttpclient.netty.channel.ChannelManager - Adding key: http://localhost:13009 for channel [id: 0x71d2130f, L:/127.0.0.1:61021 - R:localhost/127.0.0.1:13009]
02:09:51.360 [main] DEBUG net.thucydides.core.steps.StepInterceptor - STEP DONE: enterPassword
  &amp#27;[32mAnd &amp#27;[0m&amp#27;[32mI enter invalid password&amp#27;[0m                                                 &amp#27;[90m# starter.stepdefinitions.LoginSteps.enterInvalidPwd()&amp#27;[0m
02:09:51.372 [Forwarding getAlertText on session db81ce06721ff94e532cae7fd6eac1d2 to remote] DEBUG org.asynchttpclient.netty.request.NettyRequestSender - Using pooled Channel '[id: 0x71d2130f, L:/127.0.0.1:61021 - R:localhost/127.0.0.1:13009]' for 'GET' to 'http://localhost:13009/session/db81ce06721ff94e532cae7fd6eac1d2/alert/text'
02:09:51.372 [Forwarding getAlertText on session db81ce06721ff94e532cae7fd6eac1d2 to remote] DEBUG org.asynchttpclient.netty.request.NettyRequestSender - Using open Channel [id: 0x71d2130f, L:/127.0.0.1:61021 - R:localhost/127.0.0.1:13009] for GET '/session/db81ce06721ff94e532cae7fd6eac1d2/alert/text'
02:09:51.375 [AsyncHttpClient-1-8] DEBUG org.asynchttpclient.netty.handler.HttpHandler - 

Request DefaultFullHttpRequest(decodeResult: success, version: HTTP/1.1, content: EmptyByteBufBE)
GET /session/db81ce06721ff94e532cae7fd6eac1d2/alert/text HTTP/1.1
User-Agent: selenium/4.8.1 (java windows)
Cache-Control: no-cache
Content-Type: application/json; charset=utf-8
host: localhost:13009
accept: */*

Response DefaultHttpResponse(decodeResult: success, version: HTTP/1.1)
HTTP/1.1 404 Not Found
Content-Length: 828
Content-Type: application/json; charset=utf-8
cache-control: no-cache

02:09:51.375 [AsyncHttpClient-1-8] DEBUG org.asynchttpclient.netty.channel.ChannelManager - Adding key: http://localhost:13009 for channel [id: 0x71d2130f, L:/127.0.0.1:61021 - R:localhost/127.0.0.1:13009]
02:09:51.378 [Forwarding getCurrentUrl on session db81ce06721ff94e532cae7fd6eac1d2 to remote] DEBUG org.asynchttpclient.netty.request.NettyRequestSender - Using pooled Channel '[id: 0x71d2130f, L:/127.0.0.1:61021 - R:localhost/127.0.0.1:13009]' for 'GET' to 'http://localhost:13009/session/db81ce06721ff94e532cae7fd6eac1d2/url'
02:09:51.378 [Forwarding getCurrentUrl on session db81ce06721ff94e532cae7fd6eac1d2 to remote] DEBUG org.asynchttpclient.netty.request.NettyRequestSender - Using open Channel [id: 0x71d2130f, L:/127.0.0.1:61021 - R:localhost/127.0.0.1:13009] for GET '/session/db81ce06721ff94e532cae7fd6eac1d2/url'
02:09:51.388 [AsyncHttpClient-1-8] DEBUG org.asynchttpclient.netty.handler.HttpHandler - 

Request DefaultFullHttpRequest(decodeResult: success, version: HTTP/1.1, content: EmptyByteBufBE)
GET /session/db81ce06721ff94e532cae7fd6eac1d2/url HTTP/1.1
User-Agent: selenium/4.8.1 (java windows)
Cache-Control: no-cache
Content-Type: application/json; charset=utf-8
host: localhost:13009
accept: */*

Response DefaultHttpResponse(decodeResult: success, version: HTTP/1.1)
HTTP/1.1 200 OK
Content-Length: 56
Content-Type: application/json; charset=utf-8
cache-control: no-cache

02:09:51.388 [AsyncHttpClient-1-8] DEBUG org.asynchttpclient.netty.channel.ChannelManager - Adding key: http://localhost:13009 for channel [id: 0x71d2130f, L:/127.0.0.1:61021 - R:localhost/127.0.0.1:13009]
02:09:51.397 [Forwarding screenshot on session db81ce06721ff94e532cae7fd6eac1d2 to remote] DEBUG org.asynchttpclient.netty.request.NettyRequestSender - Using pooled Channel '[id: 0x71d2130f, L:/127.0.0.1:61021 - R:localhost/127.0.0.1:13009]' for 'GET' to 'http://localhost:13009/session/db81ce06721ff94e532cae7fd6eac1d2/screenshot'
02:09:51.398 [Forwarding screenshot on session db81ce06721ff94e532cae7fd6eac1d2 to remote] DEBUG org.asynchttpclient.netty.request.NettyRequestSender - Using open Channel [id: 0x71d2130f, L:/127.0.0.1:61021 - R:localhost/127.0.0.1:13009] for GET '/session/db81ce06721ff94e532cae7fd6eac1d2/screenshot'
02:09:51.705 [AsyncHttpClient-1-8] DEBUG org.asynchttpclient.netty.handler.HttpHandler - 

Request DefaultFullHttpRequest(decodeResult: success, version: HTTP/1.1, content: EmptyByteBufBE)
GET /session/db81ce06721ff94e532cae7fd6eac1d2/screenshot HTTP/1.1
User-Agent: selenium/4.8.1 (java windows)
Cache-Control: no-cache
Content-Type: application/json; charset=utf-8
host: localhost:13009
accept: */*

Response DefaultHttpResponse(decodeResult: success, version: HTTP/1.1)
HTTP/1.1 200 OK
Content-Length: 114132
Content-Type: application/json; charset=utf-8
cache-control: no-cache

02:09:51.707 [AsyncHttpClient-1-8] DEBUG org.asynchttpclient.netty.channel.ChannelManager - Adding key: http://localhost:13009 for channel [id: 0x71d2130f, L:/127.0.0.1:61021 - R:localhost/127.0.0.1:13009]
02:09:51.711 [main] DEBUG net.serenitybdd.core.photography.Darkroom - Send negative for processing for target\site\serenity\fda123da242758bd8e6e658685bc38ac55139c1856d4fe97c750990651f9944d.png
02:09:51.723 [Forwarding getPageSource on session db81ce06721ff94e532cae7fd6eac1d2 to remote] DEBUG org.asynchttpclient.netty.request.NettyRequestSender - Using pooled Channel '[id: 0x71d2130f, L:/127.0.0.1:61021 - R:localhost/127.0.0.1:13009]' for 'POST' to 'http://localhost:13009/session/db81ce06721ff94e532cae7fd6eac1d2/execute/sync'
02:09:51.724 [Forwarding getPageSource on session db81ce06721ff94e532cae7fd6eac1d2 to remote] DEBUG org.asynchttpclient.netty.request.NettyRequestSender - Using open Channel [id: 0x71d2130f, L:/127.0.0.1:61021 - R:localhost/127.0.0.1:13009] for POST '/session/db81ce06721ff94e532cae7fd6eac1d2/execute/sync'
02:09:51.738 [AsyncHttpClient-1-8] DEBUG org.asynchttpclient.netty.handler.HttpHandler - 

Request DefaultHttpRequest(decodeResult: success, version: HTTP/1.1)
POST /session/db81ce06721ff94e532cae7fd6eac1d2/execute/sync HTTP/1.1
User-Agent: selenium/4.8.1 (java windows)
Content-Length: 176
Content-Type: application/json; charset=utf-8
host: localhost:13009
accept: */*

Response DefaultHttpResponse(decodeResult: success, version: HTTP/1.1)
HTTP/1.1 200 OK
Content-Length: 3427
Content-Type: application/json; charset=utf-8
cache-control: no-cache

02:09:51.738 [AsyncHttpClient-1-8] DEBUG org.asynchttpclient.netty.channel.ChannelManager - Adding key: http://localhost:13009 for channel [id: 0x71d2130f, L:/127.0.0.1:61021 - R:localhost/127.0.0.1:13009]
02:09:51.742 [Forwarding getCurrentUrl on session db81ce06721ff94e532cae7fd6eac1d2 to remote] DEBUG org.asynchttpclient.netty.request.NettyRequestSender - Using pooled Channel '[id: 0x71d2130f, L:/127.0.0.1:61021 - R:localhost/127.0.0.1:13009]' for 'GET' to 'http://localhost:13009/session/db81ce06721ff94e532cae7fd6eac1d2/url'
02:09:51.742 [Forwarding getCurrentUrl on session db81ce06721ff94e532cae7fd6eac1d2 to remote] DEBUG org.asynchttpclient.netty.request.NettyRequestSender - Using open Channel [id: 0x71d2130f, L:/127.0.0.1:61021 - R:localhost/127.0.0.1:13009] for GET '/session/db81ce06721ff94e532cae7fd6eac1d2/url'
02:09:51.755 [AsyncHttpClient-1-8] DEBUG org.asynchttpclient.netty.handler.HttpHandler - 

Request DefaultFullHttpRequest(decodeResult: success, version: HTTP/1.1, content: EmptyByteBufBE)
GET /session/db81ce06721ff94e532cae7fd6eac1d2/url HTTP/1.1
User-Agent: selenium/4.8.1 (java windows)
Cache-Control: no-cache
Content-Type: application/json; charset=utf-8
host: localhost:13009
accept: */*

Response DefaultHttpResponse(decodeResult: success, version: HTTP/1.1)
HTTP/1.1 200 OK
Content-Length: 56
Content-Type: application/json; charset=utf-8
cache-control: no-cache

02:09:51.755 [AsyncHttpClient-1-8] DEBUG org.asynchttpclient.netty.channel.ChannelManager - Adding key: http://localhost:13009 for channel [id: 0x71d2130f, L:/127.0.0.1:61021 - R:localhost/127.0.0.1:13009]
02:09:51.778 [Forwarding getAlertText on session db81ce06721ff94e532cae7fd6eac1d2 to remote] DEBUG org.asynchttpclient.netty.request.NettyRequestSender - Using pooled Channel '[id: 0x71d2130f, L:/127.0.0.1:61021 - R:localhost/127.0.0.1:13009]' for 'GET' to 'http://localhost:13009/session/db81ce06721ff94e532cae7fd6eac1d2/alert/text'
02:09:51.778 [Forwarding getAlertText on session db81ce06721ff94e532cae7fd6eac1d2 to remote] DEBUG org.asynchttpclient.netty.request.NettyRequestSender - Using open Channel [id: 0x71d2130f, L:/127.0.0.1:61021 - R:localhost/127.0.0.1:13009] for GET '/session/db81ce06721ff94e532cae7fd6eac1d2/alert/text'
02:09:51.781 [AsyncHttpClient-1-8] DEBUG org.asynchttpclient.netty.handler.HttpHandler - 

Request DefaultFullHttpRequest(decodeResult: success, version: HTTP/1.1, content: EmptyByteBufBE)
GET /session/db81ce06721ff94e532cae7fd6eac1d2/alert/text HTTP/1.1
User-Agent: selenium/4.8.1 (java windows)
Cache-Control: no-cache
Content-Type: application/json; charset=utf-8
host: localhost:13009
accept: */*

Response DefaultHttpResponse(decodeResult: success, version: HTTP/1.1)
HTTP/1.1 404 Not Found
Content-Length: 828
Content-Type: application/json; charset=utf-8
cache-control: no-cache

02:09:51.781 [AsyncHttpClient-1-8] DEBUG org.asynchttpclient.netty.channel.ChannelManager - Adding key: http://localhost:13009 for channel [id: 0x71d2130f, L:/127.0.0.1:61021 - R:localhost/127.0.0.1:13009]
02:09:51.784 [Forwarding getCurrentUrl on session db81ce06721ff94e532cae7fd6eac1d2 to remote] DEBUG org.asynchttpclient.netty.request.NettyRequestSender - Using pooled Channel '[id: 0x71d2130f, L:/127.0.0.1:61021 - R:localhost/127.0.0.1:13009]' for 'GET' to 'http://localhost:13009/session/db81ce06721ff94e532cae7fd6eac1d2/url'
02:09:51.784 [Forwarding getCurrentUrl on session db81ce06721ff94e532cae7fd6eac1d2 to remote] DEBUG org.asynchttpclient.netty.request.NettyRequestSender - Using open Channel [id: 0x71d2130f, L:/127.0.0.1:61021 - R:localhost/127.0.0.1:13009] for GET '/session/db81ce06721ff94e532cae7fd6eac1d2/url'
02:09:51.793 [AsyncHttpClient-1-8] DEBUG org.asynchttpclient.netty.handler.HttpHandler - 

Request DefaultFullHttpRequest(decodeResult: success, version: HTTP/1.1, content: EmptyByteBufBE)
GET /session/db81ce06721ff94e532cae7fd6eac1d2/url HTTP/1.1
User-Agent: selenium/4.8.1 (java windows)
Cache-Control: no-cache
Content-Type: application/json; charset=utf-8
host: localhost:13009
accept: */*

Response DefaultHttpResponse(decodeResult: success, version: HTTP/1.1)
HTTP/1.1 200 OK
Content-Length: 56
Content-Type: application/json; charset=utf-8
cache-control: no-cache

02:09:51.793 [AsyncHttpClient-1-8] DEBUG org.asynchttpclient.netty.channel.ChannelManager - Adding key: http://localhost:13009 for channel [id: 0x71d2130f, L:/127.0.0.1:61021 - R:localhost/127.0.0.1:13009]
02:09:51.795 [Forwarding screenshot on session db81ce06721ff94e532cae7fd6eac1d2 to remote] DEBUG org.asynchttpclient.netty.request.NettyRequestSender - Using pooled Channel '[id: 0x71d2130f, L:/127.0.0.1:61021 - R:localhost/127.0.0.1:13009]' for 'GET' to 'http://localhost:13009/session/db81ce06721ff94e532cae7fd6eac1d2/screenshot'
02:09:51.795 [Forwarding screenshot on session db81ce06721ff94e532cae7fd6eac1d2 to remote] DEBUG org.asynchttpclient.netty.request.NettyRequestSender - Using open Channel [id: 0x71d2130f, L:/127.0.0.1:61021 - R:localhost/127.0.0.1:13009] for GET '/session/db81ce06721ff94e532cae7fd6eac1d2/screenshot'
02:09:52.081 [AsyncHttpClient-1-8] DEBUG org.asynchttpclient.netty.handler.HttpHandler - 

Request DefaultFullHttpRequest(decodeResult: success, version: HTTP/1.1, content: EmptyByteBufBE)
GET /session/db81ce06721ff94e532cae7fd6eac1d2/screenshot HTTP/1.1
User-Agent: selenium/4.8.1 (java windows)
Cache-Control: no-cache
Content-Type: application/json; charset=utf-8
host: localhost:13009
accept: */*

Response DefaultHttpResponse(decodeResult: success, version: HTTP/1.1)
HTTP/1.1 200 OK
Content-Length: 114100
Content-Type: application/json; charset=utf-8
cache-control: no-cache

02:09:52.082 [AsyncHttpClient-1-8] DEBUG org.asynchttpclient.netty.channel.ChannelManager - Adding key: http://localhost:13009 for channel [id: 0x71d2130f, L:/127.0.0.1:61021 - R:localhost/127.0.0.1:13009]
02:09:52.089 [main] DEBUG net.serenitybdd.core.photography.Darkroom - Send negative for processing for target\site\serenity\6254c1c9cf7f93f80ce651857fd9e6c5f886bae557dfc36da531a8ae370b0b22.png
02:09:52.089 [Darkroom Processing Line] DEBUG net.serenitybdd.core.photography.DarkroomProcessingLine - Processing screenshot image in /var/screenshots/screenshot-2414713405087884276
02:09:52.089 [Darkroom Processing Line] DEBUG net.serenitybdd.core.photography.DarkroomProcessingLine - Saving screenshot to target\site\serenity\6254c1c9cf7f93f80ce651857fd9e6c5f886bae557dfc36da531a8ae370b0b22.png
02:09:52.095 [Forwarding getPageSource on session db81ce06721ff94e532cae7fd6eac1d2 to remote] DEBUG org.asynchttpclient.netty.request.NettyRequestSender - Using pooled Channel '[id: 0x71d2130f, L:/127.0.0.1:61021 - R:localhost/127.0.0.1:13009]' for 'POST' to 'http://localhost:13009/session/db81ce06721ff94e532cae7fd6eac1d2/execute/sync'
02:09:52.095 [Forwarding getPageSource on session db81ce06721ff94e532cae7fd6eac1d2 to remote] DEBUG org.asynchttpclient.netty.request.NettyRequestSender - Using open Channel [id: 0x71d2130f, L:/127.0.0.1:61021 - R:localhost/127.0.0.1:13009] for POST '/session/db81ce06721ff94e532cae7fd6eac1d2/execute/sync'
02:09:52.110 [AsyncHttpClient-1-8] DEBUG org.asynchttpclient.netty.handler.HttpHandler - 

Request DefaultHttpRequest(decodeResult: success, version: HTTP/1.1)
POST /session/db81ce06721ff94e532cae7fd6eac1d2/execute/sync HTTP/1.1
User-Agent: selenium/4.8.1 (java windows)
Content-Length: 176
Content-Type: application/json; charset=utf-8
host: localhost:13009
accept: */*

Response DefaultHttpResponse(decodeResult: success, version: HTTP/1.1)
HTTP/1.1 200 OK
Content-Length: 3427
Content-Type: application/json; charset=utf-8
cache-control: no-cache

02:09:52.110 [AsyncHttpClient-1-8] DEBUG org.asynchttpclient.netty.channel.ChannelManager - Adding key: http://localhost:13009 for channel [id: 0x71d2130f, L:/127.0.0.1:61021 - R:localhost/127.0.0.1:13009]
02:09:52.114 [Forwarding getCurrentUrl on session db81ce06721ff94e532cae7fd6eac1d2 to remote] DEBUG org.asynchttpclient.netty.request.NettyRequestSender - Using pooled Channel '[id: 0x71d2130f, L:/127.0.0.1:61021 - R:localhost/127.0.0.1:13009]' for 'GET' to 'http://localhost:13009/session/db81ce06721ff94e532cae7fd6eac1d2/url'
02:09:52.114 [Forwarding getCurrentUrl on session db81ce06721ff94e532cae7fd6eac1d2 to remote] DEBUG org.asynchttpclient.netty.request.NettyRequestSender - Using open Channel [id: 0x71d2130f, L:/127.0.0.1:61021 - R:localhost/127.0.0.1:13009] for GET '/session/db81ce06721ff94e532cae7fd6eac1d2/url'
02:09:52.125 [AsyncHttpClient-1-8] DEBUG org.asynchttpclient.netty.handler.HttpHandler - 

Request DefaultFullHttpRequest(decodeResult: success, version: HTTP/1.1, content: EmptyByteBufBE)
GET /session/db81ce06721ff94e532cae7fd6eac1d2/url HTTP/1.1
User-Agent: selenium/4.8.1 (java windows)
Cache-Control: no-cache
Content-Type: application/json; charset=utf-8
host: localhost:13009
accept: */*

Response DefaultHttpResponse(decodeResult: success, version: HTTP/1.1)
HTTP/1.1 200 OK
Content-Length: 56
Content-Type: application/json; charset=utf-8
cache-control: no-cache

02:09:52.125 [AsyncHttpClient-1-8] DEBUG org.asynchttpclient.netty.channel.ChannelManager - Adding key: http://localhost:13009 for channel [id: 0x71d2130f, L:/127.0.0.1:61021 - R:localhost/127.0.0.1:13009]
02:09:52.129 [main] DEBUG net.thucydides.core.steps.StepInterceptor - STARTING STEP: LoginSteps.doClickSignInButton - clickSignInButton
02:09:52.134 [Forwarding findElement on session db81ce06721ff94e532cae7fd6eac1d2 to remote] DEBUG org.asynchttpclient.netty.request.NettyRequestSender - Using pooled Channel '[id: 0x71d2130f, L:/127.0.0.1:61021 - R:localhost/127.0.0.1:13009]' for 'POST' to 'http://localhost:13009/session/db81ce06721ff94e532cae7fd6eac1d2/element'
02:09:52.134 [Forwarding findElement on session db81ce06721ff94e532cae7fd6eac1d2 to remote] DEBUG org.asynchttpclient.netty.request.NettyRequestSender - Using open Channel [id: 0x71d2130f, L:/127.0.0.1:61021 - R:localhost/127.0.0.1:13009] for POST '/session/db81ce06721ff94e532cae7fd6eac1d2/element'
02:09:52.164 [AsyncHttpClient-1-8] DEBUG org.asynchttpclient.netty.handler.HttpHandler - 

Request DefaultHttpRequest(decodeResult: success, version: HTTP/1.1)
POST /session/db81ce06721ff94e532cae7fd6eac1d2/element HTTP/1.1
User-Agent: selenium/4.8.1 (java windows)
Content-Length: 237
Content-Type: application/json; charset=utf-8
host: localhost:13009
accept: */*

Response DefaultHttpResponse(decodeResult: success, version: HTTP/1.1)
HTTP/1.1 200 OK
Content-Length: 95
Content-Type: application/json; charset=utf-8
cache-control: no-cache

02:09:52.164 [AsyncHttpClient-1-8] DEBUG org.asynchttpclient.netty.channel.ChannelManager - Adding key: http://localhost:13009 for channel [id: 0x71d2130f, L:/127.0.0.1:61021 - R:localhost/127.0.0.1:13009]
02:09:52.168 [Forwarding getElementTagName on session db81ce06721ff94e532cae7fd6eac1d2 to remote] DEBUG org.asynchttpclient.netty.request.NettyRequestSender - Using pooled Channel '[id: 0x71d2130f, L:/127.0.0.1:61021 - R:localhost/127.0.0.1:13009]' for 'GET' to 'http://localhost:13009/session/db81ce06721ff94e532cae7fd6eac1d2/element/1B6283ECAB138FDDFA203F6CC0A3B0F9_element_15/name'
02:09:52.168 [Forwarding getElementTagName on session db81ce06721ff94e532cae7fd6eac1d2 to remote] DEBUG org.asynchttpclient.netty.request.NettyRequestSender - Using open Channel [id: 0x71d2130f, L:/127.0.0.1:61021 - R:localhost/127.0.0.1:13009] for GET '/session/db81ce06721ff94e532cae7fd6eac1d2/element/1B6283ECAB138FDDFA203F6CC0A3B0F9_element_15/name'
02:09:52.180 [AsyncHttpClient-1-8] DEBUG org.asynchttpclient.netty.handler.HttpHandler - 

Request DefaultFullHttpRequest(decodeResult: success, version: HTTP/1.1, content: EmptyByteBufBE)
GET /session/db81ce06721ff94e532cae7fd6eac1d2/element/1B6283ECAB138FDDFA203F6CC0A3B0F9_element_15/name HTTP/1.1
User-Agent: selenium/4.8.1 (java windows)
Cache-Control: no-cache
Content-Type: application/json; charset=utf-8
host: localhost:13009
accept: */*

Response DefaultHttpResponse(decodeResult: success, version: HTTP/1.1)
HTTP/1.1 200 OK
Content-Length: 18
Content-Type: application/json; charset=utf-8
cache-control: no-cache

02:09:52.180 [AsyncHttpClient-1-8] DEBUG org.asynchttpclient.netty.channel.ChannelManager - Adding key: http://localhost:13009 for channel [id: 0x71d2130f, L:/127.0.0.1:61021 - R:localhost/127.0.0.1:13009]
02:09:52.182 [Forwarding getElementTagName on session db81ce06721ff94e532cae7fd6eac1d2 to remote] DEBUG org.asynchttpclient.netty.request.NettyRequestSender - Using pooled Channel '[id: 0x71d2130f, L:/127.0.0.1:61021 - R:localhost/127.0.0.1:13009]' for 'GET' to 'http://localhost:13009/session/db81ce06721ff94e532cae7fd6eac1d2/element/1B6283ECAB138FDDFA203F6CC0A3B0F9_element_15/name'
02:09:52.182 [Forwarding getElementTagName on session db81ce06721ff94e532cae7fd6eac1d2 to remote] DEBUG org.asynchttpclient.netty.request.NettyRequestSender - Using open Channel [id: 0x71d2130f, L:/127.0.0.1:61021 - R:localhost/127.0.0.1:13009] for GET '/session/db81ce06721ff94e532cae7fd6eac1d2/element/1B6283ECAB138FDDFA203F6CC0A3B0F9_element_15/name'
02:09:52.193 [AsyncHttpClient-1-8] DEBUG org.asynchttpclient.netty.handler.HttpHandler - 

Request DefaultFullHttpRequest(decodeResult: success, version: HTTP/1.1, content: EmptyByteBufBE)
GET /session/db81ce06721ff94e532cae7fd6eac1d2/element/1B6283ECAB138FDDFA203F6CC0A3B0F9_element_15/name HTTP/1.1
User-Agent: selenium/4.8.1 (java windows)
Cache-Control: no-cache
Content-Type: application/json; charset=utf-8
host: localhost:13009
accept: */*

Response DefaultHttpResponse(decodeResult: success, version: HTTP/1.1)
HTTP/1.1 200 OK
Content-Length: 18
Content-Type: application/json; charset=utf-8
cache-control: no-cache

02:09:52.194 [AsyncHttpClient-1-8] DEBUG org.asynchttpclient.netty.channel.ChannelManager - Adding key: http://localhost:13009 for channel [id: 0x71d2130f, L:/127.0.0.1:61021 - R:localhost/127.0.0.1:13009]
02:09:52.198 [Forwarding isElementEnabled on session db81ce06721ff94e532cae7fd6eac1d2 to remote] DEBUG org.asynchttpclient.netty.request.NettyRequestSender - Using pooled Channel '[id: 0x71d2130f, L:/127.0.0.1:61021 - R:localhost/127.0.0.1:13009]' for 'GET' to 'http://localhost:13009/session/db81ce06721ff94e532cae7fd6eac1d2/element/1B6283ECAB138FDDFA203F6CC0A3B0F9_element_15/enabled'
02:09:52.199 [Forwarding isElementEnabled on session db81ce06721ff94e532cae7fd6eac1d2 to remote] DEBUG org.asynchttpclient.netty.request.NettyRequestSender - Using open Channel [id: 0x71d2130f, L:/127.0.0.1:61021 - R:localhost/127.0.0.1:13009] for GET '/session/db81ce06721ff94e532cae7fd6eac1d2/element/1B6283ECAB138FDDFA203F6CC0A3B0F9_element_15/enabled'
02:09:52.216 [AsyncHttpClient-1-8] DEBUG org.asynchttpclient.netty.handler.HttpHandler - 

Request DefaultFullHttpRequest(decodeResult: success, version: HTTP/1.1, content: EmptyByteBufBE)
GET /session/db81ce06721ff94e532cae7fd6eac1d2/element/1B6283ECAB138FDDFA203F6CC0A3B0F9_element_15/enabled HTTP/1.1
User-Agent: selenium/4.8.1 (java windows)
Cache-Control: no-cache
Content-Type: application/json; charset=utf-8
host: localhost:13009
accept: */*

Response DefaultHttpResponse(decodeResult: success, version: HTTP/1.1)
HTTP/1.1 200 OK
Content-Length: 14
Content-Type: application/json; charset=utf-8
cache-control: no-cache

02:09:52.217 [AsyncHttpClient-1-8] DEBUG org.asynchttpclient.netty.channel.ChannelManager - Adding key: http://localhost:13009 for channel [id: 0x71d2130f, L:/127.0.0.1:61021 - R:localhost/127.0.0.1:13009]
02:09:52.219 [Forwarding isElementEnabled on session db81ce06721ff94e532cae7fd6eac1d2 to remote] DEBUG org.asynchttpclient.netty.request.NettyRequestSender - Using pooled Channel '[id: 0x71d2130f, L:/127.0.0.1:61021 - R:localhost/127.0.0.1:13009]' for 'GET' to 'http://localhost:13009/session/db81ce06721ff94e532cae7fd6eac1d2/element/1B6283ECAB138FDDFA203F6CC0A3B0F9_element_15/enabled'
02:09:52.219 [Forwarding isElementEnabled on session db81ce06721ff94e532cae7fd6eac1d2 to remote] DEBUG org.asynchttpclient.netty.request.NettyRequestSender - Using open Channel [id: 0x71d2130f, L:/127.0.0.1:61021 - R:localhost/127.0.0.1:13009] for GET '/session/db81ce06721ff94e532cae7fd6eac1d2/element/1B6283ECAB138FDDFA203F6CC0A3B0F9_element_15/enabled'
02:09:52.236 [AsyncHttpClient-1-8] DEBUG org.asynchttpclient.netty.handler.HttpHandler - 

Request DefaultFullHttpRequest(decodeResult: success, version: HTTP/1.1, content: EmptyByteBufBE)
GET /session/db81ce06721ff94e532cae7fd6eac1d2/element/1B6283ECAB138FDDFA203F6CC0A3B0F9_element_15/enabled HTTP/1.1
User-Agent: selenium/4.8.1 (java windows)
Cache-Control: no-cache
Content-Type: application/json; charset=utf-8
host: localhost:13009
accept: */*

Response DefaultHttpResponse(decodeResult: success, version: HTTP/1.1)
HTTP/1.1 200 OK
Content-Length: 14
Content-Type: application/json; charset=utf-8
cache-control: no-cache

02:09:52.236 [AsyncHttpClient-1-8] DEBUG org.asynchttpclient.netty.channel.ChannelManager - Adding key: http://localhost:13009 for channel [id: 0x71d2130f, L:/127.0.0.1:61021 - R:localhost/127.0.0.1:13009]
02:09:52.239 [Forwarding findElement on session db81ce06721ff94e532cae7fd6eac1d2 to remote] DEBUG org.asynchttpclient.netty.request.NettyRequestSender - Using pooled Channel '[id: 0x71d2130f, L:/127.0.0.1:61021 - R:localhost/127.0.0.1:13009]' for 'POST' to 'http://localhost:13009/session/db81ce06721ff94e532cae7fd6eac1d2/element'
02:09:52.240 [Forwarding findElement on session db81ce06721ff94e532cae7fd6eac1d2 to remote] DEBUG org.asynchttpclient.netty.request.NettyRequestSender - Using open Channel [id: 0x71d2130f, L:/127.0.0.1:61021 - R:localhost/127.0.0.1:13009] for POST '/session/db81ce06721ff94e532cae7fd6eac1d2/element'
02:09:52.259 [AsyncHttpClient-1-8] DEBUG org.asynchttpclient.netty.handler.HttpHandler - 

Request DefaultHttpRequest(decodeResult: success, version: HTTP/1.1)
POST /session/db81ce06721ff94e532cae7fd6eac1d2/element HTTP/1.1
User-Agent: selenium/4.8.1 (java windows)
Content-Length: 237
Content-Type: application/json; charset=utf-8
host: localhost:13009
accept: */*

Response DefaultHttpResponse(decodeResult: success, version: HTTP/1.1)
HTTP/1.1 200 OK
Content-Length: 95
Content-Type: application/json; charset=utf-8
cache-control: no-cache

02:09:52.259 [AsyncHttpClient-1-8] DEBUG org.asynchttpclient.netty.channel.ChannelManager - Adding key: http://localhost:13009 for channel [id: 0x71d2130f, L:/127.0.0.1:61021 - R:localhost/127.0.0.1:13009]
02:09:52.261 [Forwarding clickElement on session db81ce06721ff94e532cae7fd6eac1d2 to remote] DEBUG org.asynchttpclient.netty.request.NettyRequestSender - Using pooled Channel '[id: 0x71d2130f, L:/127.0.0.1:61021 - R:localhost/127.0.0.1:13009]' for 'POST' to 'http://localhost:13009/session/db81ce06721ff94e532cae7fd6eac1d2/element/1B6283ECAB138FDDFA203F6CC0A3B0F9_element_15/click'
02:09:52.261 [Forwarding clickElement on session db81ce06721ff94e532cae7fd6eac1d2 to remote] DEBUG org.asynchttpclient.netty.request.NettyRequestSender - Using open Channel [id: 0x71d2130f, L:/127.0.0.1:61021 - R:localhost/127.0.0.1:13009] for POST '/session/db81ce06721ff94e532cae7fd6eac1d2/element/1B6283ECAB138FDDFA203F6CC0A3B0F9_element_15/click'
02:09:52.369 [AsyncHttpClient-1-8] DEBUG org.asynchttpclient.netty.handler.HttpHandler - 

Request DefaultHttpRequest(decodeResult: success, version: HTTP/1.1)
POST /session/db81ce06721ff94e532cae7fd6eac1d2/element/1B6283ECAB138FDDFA203F6CC0A3B0F9_element_15/click HTTP/1.1
User-Agent: selenium/4.8.1 (java windows)
Content-Length: 57
Content-Type: application/json; charset=utf-8
host: localhost:13009
accept: */*

Response DefaultHttpResponse(decodeResult: success, version: HTTP/1.1)
HTTP/1.1 200 OK
Content-Length: 14
Content-Type: application/json; charset=utf-8
cache-control: no-cache

02:09:52.369 [AsyncHttpClient-1-8] DEBUG org.asynchttpclient.netty.channel.ChannelManager - Adding key: http://localhost:13009 for channel [id: 0x71d2130f, L:/127.0.0.1:61021 - R:localhost/127.0.0.1:13009]
02:09:52.385 [Forwarding getAlertText on session db81ce06721ff94e532cae7fd6eac1d2 to remote] DEBUG org.asynchttpclient.netty.request.NettyRequestSender - Using pooled Channel '[id: 0x71d2130f, L:/127.0.0.1:61021 - R:localhost/127.0.0.1:13009]' for 'GET' to 'http://localhost:13009/session/db81ce06721ff94e532cae7fd6eac1d2/alert/text'
02:09:52.385 [Forwarding getAlertText on session db81ce06721ff94e532cae7fd6eac1d2 to remote] DEBUG org.asynchttpclient.netty.request.NettyRequestSender - Using open Channel [id: 0x71d2130f, L:/127.0.0.1:61021 - R:localhost/127.0.0.1:13009] for GET '/session/db81ce06721ff94e532cae7fd6eac1d2/alert/text'
02:09:52.390 [AsyncHttpClient-1-8] DEBUG org.asynchttpclient.netty.handler.HttpHandler - 

Request DefaultFullHttpRequest(decodeResult: success, version: HTTP/1.1, content: EmptyByteBufBE)
GET /session/db81ce06721ff94e532cae7fd6eac1d2/alert/text HTTP/1.1
User-Agent: selenium/4.8.1 (java windows)
Cache-Control: no-cache
Content-Type: application/json; charset=utf-8
host: localhost:13009
accept: */*

Response DefaultHttpResponse(decodeResult: success, version: HTTP/1.1)
HTTP/1.1 404 Not Found
Content-Length: 828
Content-Type: application/json; charset=utf-8
cache-control: no-cache

02:09:52.390 [AsyncHttpClient-1-8] DEBUG org.asynchttpclient.netty.channel.ChannelManager - Adding key: http://localhost:13009 for channel [id: 0x71d2130f, L:/127.0.0.1:61021 - R:localhost/127.0.0.1:13009]
02:09:52.393 [Forwarding getCurrentUrl on session db81ce06721ff94e532cae7fd6eac1d2 to remote] DEBUG org.asynchttpclient.netty.request.NettyRequestSender - Using pooled Channel '[id: 0x71d2130f, L:/127.0.0.1:61021 - R:localhost/127.0.0.1:13009]' for 'GET' to 'http://localhost:13009/session/db81ce06721ff94e532cae7fd6eac1d2/url'
02:09:52.393 [Forwarding getCurrentUrl on session db81ce06721ff94e532cae7fd6eac1d2 to remote] DEBUG org.asynchttpclient.netty.request.NettyRequestSender - Using open Channel [id: 0x71d2130f, L:/127.0.0.1:61021 - R:localhost/127.0.0.1:13009] for GET '/session/db81ce06721ff94e532cae7fd6eac1d2/url'
02:09:52.404 [AsyncHttpClient-1-8] DEBUG org.asynchttpclient.netty.handler.HttpHandler - 

Request DefaultFullHttpRequest(decodeResult: success, version: HTTP/1.1, content: EmptyByteBufBE)
GET /session/db81ce06721ff94e532cae7fd6eac1d2/url HTTP/1.1
User-Agent: selenium/4.8.1 (java windows)
Cache-Control: no-cache
Content-Type: application/json; charset=utf-8
host: localhost:13009
accept: */*

Response DefaultHttpResponse(decodeResult: success, version: HTTP/1.1)
HTTP/1.1 200 OK
Content-Length: 56
Content-Type: application/json; charset=utf-8
cache-control: no-cache

02:09:52.404 [AsyncHttpClient-1-8] DEBUG org.asynchttpclient.netty.channel.ChannelManager - Adding key: http://localhost:13009 for channel [id: 0x71d2130f, L:/127.0.0.1:61021 - R:localhost/127.0.0.1:13009]
02:09:52.406 [Forwarding screenshot on session db81ce06721ff94e532cae7fd6eac1d2 to remote] DEBUG org.asynchttpclient.netty.request.NettyRequestSender - Using pooled Channel '[id: 0x71d2130f, L:/127.0.0.1:61021 - R:localhost/127.0.0.1:13009]' for 'GET' to 'http://localhost:13009/session/db81ce06721ff94e532cae7fd6eac1d2/screenshot'
02:09:52.406 [Forwarding screenshot on session db81ce06721ff94e532cae7fd6eac1d2 to remote] DEBUG org.asynchttpclient.netty.request.NettyRequestSender - Using open Channel [id: 0x71d2130f, L:/127.0.0.1:61021 - R:localhost/127.0.0.1:13009] for GET '/session/db81ce06721ff94e532cae7fd6eac1d2/screenshot'
02:09:52.436 [AsyncHttpClient-1-1] DEBUG org.asynchttpclient.netty.channel.DefaultChannelPool - Entry count for : http://localhost:61023 : 1
02:09:52.687 [AsyncHttpClient-1-8] DEBUG org.asynchttpclient.netty.handler.HttpHandler - 

Request DefaultFullHttpRequest(decodeResult: success, version: HTTP/1.1, content: EmptyByteBufBE)
GET /session/db81ce06721ff94e532cae7fd6eac1d2/screenshot HTTP/1.1
User-Agent: selenium/4.8.1 (java windows)
Cache-Control: no-cache
Content-Type: application/json; charset=utf-8
host: localhost:13009
accept: */*

Response DefaultHttpResponse(decodeResult: success, version: HTTP/1.1)
HTTP/1.1 200 OK
Content-Length: 114208
Content-Type: application/json; charset=utf-8
cache-control: no-cache

02:09:52.688 [AsyncHttpClient-1-8] DEBUG org.asynchttpclient.netty.channel.ChannelManager - Adding key: http://localhost:13009 for channel [id: 0x71d2130f, L:/127.0.0.1:61021 - R:localhost/127.0.0.1:13009]
02:09:52.694 [main] DEBUG net.serenitybdd.core.photography.Darkroom - Send negative for processing for target\site\serenity\69ae6a7888f32d36480b9c51247516ac48e800596e2986c8d11d7486755555e0.png
02:09:52.694 [Darkroom Processing Line] DEBUG net.serenitybdd.core.photography.DarkroomProcessingLine - Processing screenshot image in /var/screenshots/screenshot-18293866450282368804
02:09:52.695 [Darkroom Processing Line] DEBUG net.serenitybdd.core.photography.DarkroomProcessingLine - Saving screenshot to target\site\serenity\69ae6a7888f32d36480b9c51247516ac48e800596e2986c8d11d7486755555e0.png
02:09:52.697 [Forwarding getPageSource on session db81ce06721ff94e532cae7fd6eac1d2 to remote] DEBUG org.asynchttpclient.netty.request.NettyRequestSender - Using pooled Channel '[id: 0x71d2130f, L:/127.0.0.1:61021 - R:localhost/127.0.0.1:13009]' for 'POST' to 'http://localhost:13009/session/db81ce06721ff94e532cae7fd6eac1d2/execute/sync'
02:09:52.697 [Forwarding getPageSource on session db81ce06721ff94e532cae7fd6eac1d2 to remote] DEBUG org.asynchttpclient.netty.request.NettyRequestSender - Using open Channel [id: 0x71d2130f, L:/127.0.0.1:61021 - R:localhost/127.0.0.1:13009] for POST '/session/db81ce06721ff94e532cae7fd6eac1d2/execute/sync'
02:09:52.708 [AsyncHttpClient-1-8] DEBUG org.asynchttpclient.netty.handler.HttpHandler - 

Request DefaultHttpRequest(decodeResult: success, version: HTTP/1.1)
POST /session/db81ce06721ff94e532cae7fd6eac1d2/execute/sync HTTP/1.1
User-Agent: selenium/4.8.1 (java windows)
Content-Length: 176
Content-Type: application/json; charset=utf-8
host: localhost:13009
accept: */*

Response DefaultHttpResponse(decodeResult: success, version: HTTP/1.1)
HTTP/1.1 200 OK
Content-Length: 3444
Content-Type: application/json; charset=utf-8
cache-control: no-cache

02:09:52.709 [AsyncHttpClient-1-8] DEBUG org.asynchttpclient.netty.channel.ChannelManager - Adding key: http://localhost:13009 for channel [id: 0x71d2130f, L:/127.0.0.1:61021 - R:localhost/127.0.0.1:13009]
02:09:52.711 [Forwarding getCurrentUrl on session db81ce06721ff94e532cae7fd6eac1d2 to remote] DEBUG org.asynchttpclient.netty.request.NettyRequestSender - Using pooled Channel '[id: 0x71d2130f, L:/127.0.0.1:61021 - R:localhost/127.0.0.1:13009]' for 'GET' to 'http://localhost:13009/session/db81ce06721ff94e532cae7fd6eac1d2/url'
02:09:52.711 [Forwarding getCurrentUrl on session db81ce06721ff94e532cae7fd6eac1d2 to remote] DEBUG org.asynchttpclient.netty.request.NettyRequestSender - Using open Channel [id: 0x71d2130f, L:/127.0.0.1:61021 - R:localhost/127.0.0.1:13009] for GET '/session/db81ce06721ff94e532cae7fd6eac1d2/url'
02:09:52.721 [AsyncHttpClient-1-8] DEBUG org.asynchttpclient.netty.handler.HttpHandler - 

Request DefaultFullHttpRequest(decodeResult: success, version: HTTP/1.1, content: EmptyByteBufBE)
GET /session/db81ce06721ff94e532cae7fd6eac1d2/url HTTP/1.1
User-Agent: selenium/4.8.1 (java windows)
Cache-Control: no-cache
Content-Type: application/json; charset=utf-8
host: localhost:13009
accept: */*

Response DefaultHttpResponse(decodeResult: success, version: HTTP/1.1)
HTTP/1.1 200 OK
Content-Length: 56
Content-Type: application/json; charset=utf-8
cache-control: no-cache

02:09:52.721 [AsyncHttpClient-1-8] DEBUG org.asynchttpclient.netty.channel.ChannelManager - Adding key: http://localhost:13009 for channel [id: 0x71d2130f, L:/127.0.0.1:61021 - R:localhost/127.0.0.1:13009]
02:09:52.735 [main] DEBUG net.thucydides.core.steps.StepInterceptor - STEP DONE: clickSignInButton
  &amp#27;[32mAnd &amp#27;[0m&amp#27;[32mI click sign in button&amp#27;[0m                                                   &amp#27;[90m# starter.stepdefinitions.LoginSteps.doClickSignInButton()&amp#27;[0m
02:09:52.747 [Forwarding getAlertText on session db81ce06721ff94e532cae7fd6eac1d2 to remote] DEBUG org.asynchttpclient.netty.request.NettyRequestSender - Using pooled Channel '[id: 0x71d2130f, L:/127.0.0.1:61021 - R:localhost/127.0.0.1:13009]' for 'GET' to 'http://localhost:13009/session/db81ce06721ff94e532cae7fd6eac1d2/alert/text'
02:09:52.748 [Forwarding getAlertText on session db81ce06721ff94e532cae7fd6eac1d2 to remote] DEBUG org.asynchttpclient.netty.request.NettyRequestSender - Using open Channel [id: 0x71d2130f, L:/127.0.0.1:61021 - R:localhost/127.0.0.1:13009] for GET '/session/db81ce06721ff94e532cae7fd6eac1d2/alert/text'
02:09:52.751 [AsyncHttpClient-1-8] DEBUG org.asynchttpclient.netty.handler.HttpHandler - 

Request DefaultFullHttpRequest(decodeResult: success, version: HTTP/1.1, content: EmptyByteBufBE)
GET /session/db81ce06721ff94e532cae7fd6eac1d2/alert/text HTTP/1.1
User-Agent: selenium/4.8.1 (java windows)
Cache-Control: no-cache
Content-Type: application/json; charset=utf-8
host: localhost:13009
accept: */*

Response DefaultHttpResponse(decodeResult: success, version: HTTP/1.1)
HTTP/1.1 404 Not Found
Content-Length: 828
Content-Type: application/json; charset=utf-8
cache-control: no-cache

02:09:52.752 [AsyncHttpClient-1-8] DEBUG org.asynchttpclient.netty.channel.ChannelManager - Adding key: http://localhost:13009 for channel [id: 0x71d2130f, L:/127.0.0.1:61021 - R:localhost/127.0.0.1:13009]
02:09:52.754 [Forwarding getCurrentUrl on session db81ce06721ff94e532cae7fd6eac1d2 to remote] DEBUG org.asynchttpclient.netty.request.NettyRequestSender - Using pooled Channel '[id: 0x71d2130f, L:/127.0.0.1:61021 - R:localhost/127.0.0.1:13009]' for 'GET' to 'http://localhost:13009/session/db81ce06721ff94e532cae7fd6eac1d2/url'
02:09:52.754 [Forwarding getCurrentUrl on session db81ce06721ff94e532cae7fd6eac1d2 to remote] DEBUG org.asynchttpclient.netty.request.NettyRequestSender - Using open Channel [id: 0x71d2130f, L:/127.0.0.1:61021 - R:localhost/127.0.0.1:13009] for GET '/session/db81ce06721ff94e532cae7fd6eac1d2/url'
02:09:52.765 [AsyncHttpClient-1-8] DEBUG org.asynchttpclient.netty.handler.HttpHandler - 

Request DefaultFullHttpRequest(decodeResult: success, version: HTTP/1.1, content: EmptyByteBufBE)
GET /session/db81ce06721ff94e532cae7fd6eac1d2/url HTTP/1.1
User-Agent: selenium/4.8.1 (java windows)
Cache-Control: no-cache
Content-Type: application/json; charset=utf-8
host: localhost:13009
accept: */*

Response DefaultHttpResponse(decodeResult: success, version: HTTP/1.1)
HTTP/1.1 200 OK
Content-Length: 56
Content-Type: application/json; charset=utf-8
cache-control: no-cache

02:09:52.765 [AsyncHttpClient-1-8] DEBUG org.asynchttpclient.netty.channel.ChannelManager - Adding key: http://localhost:13009 for channel [id: 0x71d2130f, L:/127.0.0.1:61021 - R:localhost/127.0.0.1:13009]
02:09:52.767 [Forwarding screenshot on session db81ce06721ff94e532cae7fd6eac1d2 to remote] DEBUG org.asynchttpclient.netty.request.NettyRequestSender - Using pooled Channel '[id: 0x71d2130f, L:/127.0.0.1:61021 - R:localhost/127.0.0.1:13009]' for 'GET' to 'http://localhost:13009/session/db81ce06721ff94e532cae7fd6eac1d2/screenshot'
02:09:52.767 [Forwarding screenshot on session db81ce06721ff94e532cae7fd6eac1d2 to remote] DEBUG org.asynchttpclient.netty.request.NettyRequestSender - Using open Channel [id: 0x71d2130f, L:/127.0.0.1:61021 - R:localhost/127.0.0.1:13009] for GET '/session/db81ce06721ff94e532cae7fd6eac1d2/screenshot'
02:09:53.072 [AsyncHttpClient-1-8] DEBUG org.asynchttpclient.netty.handler.HttpHandler - 

Request DefaultFullHttpRequest(decodeResult: success, version: HTTP/1.1, content: EmptyByteBufBE)
GET /session/db81ce06721ff94e532cae7fd6eac1d2/screenshot HTTP/1.1
User-Agent: selenium/4.8.1 (java windows)
Cache-Control: no-cache
Content-Type: application/json; charset=utf-8
host: localhost:13009
accept: */*

Response DefaultHttpResponse(decodeResult: success, version: HTTP/1.1)
HTTP/1.1 200 OK
Content-Length: 114204
Content-Type: application/json; charset=utf-8
cache-control: no-cache

02:09:53.073 [AsyncHttpClient-1-8] DEBUG org.asynchttpclient.netty.channel.ChannelManager - Adding key: http://localhost:13009 for channel [id: 0x71d2130f, L:/127.0.0.1:61021 - R:localhost/127.0.0.1:13009]
02:09:53.079 [main] DEBUG net.serenitybdd.core.photography.Darkroom - Send negative for processing for target\site\serenity\b437fdeb1602df62dc34ba17365bfd6b3aa2b490ed894278501dd0332071bb31.png
02:09:53.080 [Darkroom Processing Line] DEBUG net.serenitybdd.core.photography.DarkroomProcessingLine - Processing screenshot image in /var/screenshots/screenshot-68642397814473937
02:09:53.080 [Darkroom Processing Line] DEBUG net.serenitybdd.core.photography.DarkroomProcessingLine - Saving screenshot to target\site\serenity\b437fdeb1602df62dc34ba17365bfd6b3aa2b490ed894278501dd0332071bb31.png
02:09:53.094 [Forwarding getPageSource on session db81ce06721ff94e532cae7fd6eac1d2 to remote] DEBUG org.asynchttpclient.netty.request.NettyRequestSender - Using pooled Channel '[id: 0x71d2130f, L:/127.0.0.1:61021 - R:localhost/127.0.0.1:13009]' for 'POST' to 'http://localhost:13009/session/db81ce06721ff94e532cae7fd6eac1d2/execute/sync'
02:09:53.094 [Forwarding getPageSource on session db81ce06721ff94e532cae7fd6eac1d2 to remote] DEBUG org.asynchttpclient.netty.request.NettyRequestSender - Using open Channel [id: 0x71d2130f, L:/127.0.0.1:61021 - R:localhost/127.0.0.1:13009] for POST '/session/db81ce06721ff94e532cae7fd6eac1d2/execute/sync'
02:09:53.106 [AsyncHttpClient-1-8] DEBUG org.asynchttpclient.netty.handler.HttpHandler - 

Request DefaultHttpRequest(decodeResult: success, version: HTTP/1.1)
POST /session/db81ce06721ff94e532cae7fd6eac1d2/execute/sync HTTP/1.1
User-Agent: selenium/4.8.1 (java windows)
Content-Length: 176
Content-Type: application/json; charset=utf-8
host: localhost:13009
accept: */*

Response DefaultHttpResponse(decodeResult: success, version: HTTP/1.1)
HTTP/1.1 200 OK
Content-Length: 3444
Content-Type: application/json; charset=utf-8
cache-control: no-cache

02:09:53.107 [AsyncHttpClient-1-8] DEBUG org.asynchttpclient.netty.channel.ChannelManager - Adding key: http://localhost:13009 for channel [id: 0x71d2130f, L:/127.0.0.1:61021 - R:localhost/127.0.0.1:13009]
02:09:53.110 [Forwarding getCurrentUrl on session db81ce06721ff94e532cae7fd6eac1d2 to remote] DEBUG org.asynchttpclient.netty.request.NettyRequestSender - Using pooled Channel '[id: 0x71d2130f, L:/127.0.0.1:61021 - R:localhost/127.0.0.1:13009]' for 'GET' to 'http://localhost:13009/session/db81ce06721ff94e532cae7fd6eac1d2/url'
02:09:53.110 [Forwarding getCurrentUrl on session db81ce06721ff94e532cae7fd6eac1d2 to remote] DEBUG org.asynchttpclient.netty.request.NettyRequestSender - Using open Channel [id: 0x71d2130f, L:/127.0.0.1:61021 - R:localhost/127.0.0.1:13009] for GET '/session/db81ce06721ff94e532cae7fd6eac1d2/url'
02:09:53.120 [AsyncHttpClient-1-8] DEBUG org.asynchttpclient.netty.handler.HttpHandler - 

Request DefaultFullHttpRequest(decodeResult: success, version: HTTP/1.1, content: EmptyByteBufBE)
GET /session/db81ce06721ff94e532cae7fd6eac1d2/url HTTP/1.1
User-Agent: selenium/4.8.1 (java windows)
Cache-Control: no-cache
Content-Type: application/json; charset=utf-8
host: localhost:13009
accept: */*

Response DefaultHttpResponse(decodeResult: success, version: HTTP/1.1)
HTTP/1.1 200 OK
Content-Length: 56
Content-Type: application/json; charset=utf-8
cache-control: no-cache

02:09:53.120 [AsyncHttpClient-1-8] DEBUG org.asynchttpclient.netty.channel.ChannelManager - Adding key: http://localhost:13009 for channel [id: 0x71d2130f, L:/127.0.0.1:61021 - R:localhost/127.0.0.1:13009]
02:09:53.144 [Forwarding getAlertText on session db81ce06721ff94e532cae7fd6eac1d2 to remote] DEBUG org.asynchttpclient.netty.request.NettyRequestSender - Using pooled Channel '[id: 0x71d2130f, L:/127.0.0.1:61021 - R:localhost/127.0.0.1:13009]' for 'GET' to 'http://localhost:13009/session/db81ce06721ff94e532cae7fd6eac1d2/alert/text'
02:09:53.144 [Forwarding getAlertText on session db81ce06721ff94e532cae7fd6eac1d2 to remote] DEBUG org.asynchttpclient.netty.request.NettyRequestSender - Using open Channel [id: 0x71d2130f, L:/127.0.0.1:61021 - R:localhost/127.0.0.1:13009] for GET '/session/db81ce06721ff94e532cae7fd6eac1d2/alert/text'
02:09:53.147 [AsyncHttpClient-1-8] DEBUG org.asynchttpclient.netty.handler.HttpHandler - 

Request DefaultFullHttpRequest(decodeResult: success, version: HTTP/1.1, content: EmptyByteBufBE)
GET /session/db81ce06721ff94e532cae7fd6eac1d2/alert/text HTTP/1.1
User-Agent: selenium/4.8.1 (java windows)
Cache-Control: no-cache
Content-Type: application/json; charset=utf-8
host: localhost:13009
accept: */*

Response DefaultHttpResponse(decodeResult: success, version: HTTP/1.1)
HTTP/1.1 404 Not Found
Content-Length: 828
Content-Type: application/json; charset=utf-8
cache-control: no-cache

02:09:53.147 [AsyncHttpClient-1-8] DEBUG org.asynchttpclient.netty.channel.ChannelManager - Adding key: http://localhost:13009 for channel [id: 0x71d2130f, L:/127.0.0.1:61021 - R:localhost/127.0.0.1:13009]
02:09:53.150 [Forwarding getCurrentUrl on session db81ce06721ff94e532cae7fd6eac1d2 to remote] DEBUG org.asynchttpclient.netty.request.NettyRequestSender - Using pooled Channel '[id: 0x71d2130f, L:/127.0.0.1:61021 - R:localhost/127.0.0.1:13009]' for 'GET' to 'http://localhost:13009/session/db81ce06721ff94e532cae7fd6eac1d2/url'
02:09:53.150 [Forwarding getCurrentUrl on session db81ce06721ff94e532cae7fd6eac1d2 to remote] DEBUG org.asynchttpclient.netty.request.NettyRequestSender - Using open Channel [id: 0x71d2130f, L:/127.0.0.1:61021 - R:localhost/127.0.0.1:13009] for GET '/session/db81ce06721ff94e532cae7fd6eac1d2/url'
02:09:53.160 [AsyncHttpClient-1-8] DEBUG org.asynchttpclient.netty.handler.HttpHandler - 

Request DefaultFullHttpRequest(decodeResult: success, version: HTTP/1.1, content: EmptyByteBufBE)
GET /session/db81ce06721ff94e532cae7fd6eac1d2/url HTTP/1.1
User-Agent: selenium/4.8.1 (java windows)
Cache-Control: no-cache
Content-Type: application/json; charset=utf-8
host: localhost:13009
accept: */*

Response DefaultHttpResponse(decodeResult: success, version: HTTP/1.1)
HTTP/1.1 200 OK
Content-Length: 56
Content-Type: application/json; charset=utf-8
cache-control: no-cache

02:09:53.161 [AsyncHttpClient-1-8] DEBUG org.asynchttpclient.netty.channel.ChannelManager - Adding key: http://localhost:13009 for channel [id: 0x71d2130f, L:/127.0.0.1:61021 - R:localhost/127.0.0.1:13009]
02:09:53.163 [Forwarding screenshot on session db81ce06721ff94e532cae7fd6eac1d2 to remote] DEBUG org.asynchttpclient.netty.request.NettyRequestSender - Using pooled Channel '[id: 0x71d2130f, L:/127.0.0.1:61021 - R:localhost/127.0.0.1:13009]' for 'GET' to 'http://localhost:13009/session/db81ce06721ff94e532cae7fd6eac1d2/screenshot'
02:09:53.163 [Forwarding screenshot on session db81ce06721ff94e532cae7fd6eac1d2 to remote] DEBUG org.asynchttpclient.netty.request.NettyRequestSender - Using open Channel [id: 0x71d2130f, L:/127.0.0.1:61021 - R:localhost/127.0.0.1:13009] for GET '/session/db81ce06721ff94e532cae7fd6eac1d2/screenshot'
02:09:53.532 [AsyncHttpClient-1-8] DEBUG org.asynchttpclient.netty.handler.HttpHandler - 

Request DefaultFullHttpRequest(decodeResult: success, version: HTTP/1.1, content: EmptyByteBufBE)
GET /session/db81ce06721ff94e532cae7fd6eac1d2/screenshot HTTP/1.1
User-Agent: selenium/4.8.1 (java windows)
Cache-Control: no-cache
Content-Type: application/json; charset=utf-8
host: localhost:13009
accept: */*

Response DefaultHttpResponse(decodeResult: success, version: HTTP/1.1)
HTTP/1.1 200 OK
Content-Length: 114204
Content-Type: application/json; charset=utf-8
cache-control: no-cache

02:09:53.533 [AsyncHttpClient-1-8] DEBUG org.asynchttpclient.netty.channel.ChannelManager - Adding key: http://localhost:13009 for channel [id: 0x71d2130f, L:/127.0.0.1:61021 - R:localhost/127.0.0.1:13009]
02:09:53.539 [AsyncHttpClient-1-1] DEBUG org.asynchttpclient.netty.channel.DefaultChannelPool - Entry count for : http://localhost:61023 : 1
02:09:53.539 [AsyncHttpClient-1-1] DEBUG org.asynchttpclient.netty.channel.DefaultChannelPool - Entry count for : http://localhost:13009 : 1
02:09:53.540 [main] DEBUG net.serenitybdd.core.photography.Darkroom - Send negative for processing for target\site\serenity\b437fdeb1602df62dc34ba17365bfd6b3aa2b490ed894278501dd0332071bb31.png
02:09:53.543 [Forwarding getPageSource on session db81ce06721ff94e532cae7fd6eac1d2 to remote] DEBUG org.asynchttpclient.netty.request.NettyRequestSender - Using pooled Channel '[id: 0x71d2130f, L:/127.0.0.1:61021 - R:localhost/127.0.0.1:13009]' for 'POST' to 'http://localhost:13009/session/db81ce06721ff94e532cae7fd6eac1d2/execute/sync'
02:09:53.543 [Forwarding getPageSource on session db81ce06721ff94e532cae7fd6eac1d2 to remote] DEBUG org.asynchttpclient.netty.request.NettyRequestSender - Using open Channel [id: 0x71d2130f, L:/127.0.0.1:61021 - R:localhost/127.0.0.1:13009] for POST '/session/db81ce06721ff94e532cae7fd6eac1d2/execute/sync'
02:09:53.553 [AsyncHttpClient-1-8] DEBUG org.asynchttpclient.netty.handler.HttpHandler - 

Request DefaultHttpRequest(decodeResult: success, version: HTTP/1.1)
POST /session/db81ce06721ff94e532cae7fd6eac1d2/execute/sync HTTP/1.1
User-Agent: selenium/4.8.1 (java windows)
Content-Length: 176
Content-Type: application/json; charset=utf-8
host: localhost:13009
accept: */*

Response DefaultHttpResponse(decodeResult: success, version: HTTP/1.1)
HTTP/1.1 200 OK
Content-Length: 3444
Content-Type: application/json; charset=utf-8
cache-control: no-cache

02:09:53.553 [AsyncHttpClient-1-8] DEBUG org.asynchttpclient.netty.channel.ChannelManager - Adding key: http://localhost:13009 for channel [id: 0x71d2130f, L:/127.0.0.1:61021 - R:localhost/127.0.0.1:13009]
02:09:53.557 [Forwarding getCurrentUrl on session db81ce06721ff94e532cae7fd6eac1d2 to remote] DEBUG org.asynchttpclient.netty.request.NettyRequestSender - Using pooled Channel '[id: 0x71d2130f, L:/127.0.0.1:61021 - R:localhost/127.0.0.1:13009]' for 'GET' to 'http://localhost:13009/session/db81ce06721ff94e532cae7fd6eac1d2/url'
02:09:53.557 [Forwarding getCurrentUrl on session db81ce06721ff94e532cae7fd6eac1d2 to remote] DEBUG org.asynchttpclient.netty.request.NettyRequestSender - Using open Channel [id: 0x71d2130f, L:/127.0.0.1:61021 - R:localhost/127.0.0.1:13009] for GET '/session/db81ce06721ff94e532cae7fd6eac1d2/url'
02:09:53.566 [AsyncHttpClient-1-8] DEBUG org.asynchttpclient.netty.handler.HttpHandler - 

Request DefaultFullHttpRequest(decodeResult: success, version: HTTP/1.1, content: EmptyByteBufBE)
GET /session/db81ce06721ff94e532cae7fd6eac1d2/url HTTP/1.1
User-Agent: selenium/4.8.1 (java windows)
Cache-Control: no-cache
Content-Type: application/json; charset=utf-8
host: localhost:13009
accept: */*

Response DefaultHttpResponse(decodeResult: success, version: HTTP/1.1)
HTTP/1.1 200 OK
Content-Length: 56
Content-Type: application/json; charset=utf-8
cache-control: no-cache

02:09:53.566 [AsyncHttpClient-1-8] DEBUG org.asynchttpclient.netty.channel.ChannelManager - Adding key: http://localhost:13009 for channel [id: 0x71d2130f, L:/127.0.0.1:61021 - R:localhost/127.0.0.1:13009]
02:09:53.570 [main] DEBUG net.thucydides.core.steps.StepInterceptor - STARTING STEP: LoginSteps.seeErrorMessage - validateErrorMessageInvalidUsernamePwd
02:09:53.575 [Forwarding findElement on session db81ce06721ff94e532cae7fd6eac1d2 to remote] DEBUG org.asynchttpclient.netty.request.NettyRequestSender - Using pooled Channel '[id: 0x71d2130f, L:/127.0.0.1:61021 - R:localhost/127.0.0.1:13009]' for 'POST' to 'http://localhost:13009/session/db81ce06721ff94e532cae7fd6eac1d2/element'
02:09:53.575 [Forwarding findElement on session db81ce06721ff94e532cae7fd6eac1d2 to remote] DEBUG org.asynchttpclient.netty.request.NettyRequestSender - Using open Channel [id: 0x71d2130f, L:/127.0.0.1:61021 - R:localhost/127.0.0.1:13009] for POST '/session/db81ce06721ff94e532cae7fd6eac1d2/element'
02:09:54.389 [AsyncHttpClient-1-8] DEBUG org.asynchttpclient.netty.handler.HttpHandler - 

Request DefaultHttpRequest(decodeResult: success, version: HTTP/1.1)
POST /session/db81ce06721ff94e532cae7fd6eac1d2/element HTTP/1.1
User-Agent: selenium/4.8.1 (java windows)
Content-Length: 91
Content-Type: application/json; charset=utf-8
host: localhost:13009
accept: */*

Response DefaultHttpResponse(decodeResult: success, version: HTTP/1.1)
HTTP/1.1 200 OK
Content-Length: 95
Content-Type: application/json; charset=utf-8
cache-control: no-cache

02:09:54.390 [AsyncHttpClient-1-8] DEBUG org.asynchttpclient.netty.channel.ChannelManager - Adding key: http://localhost:13009 for channel [id: 0x71d2130f, L:/127.0.0.1:61021 - R:localhost/127.0.0.1:13009]
02:09:54.397 [Forwarding isElementDisplayed on session db81ce06721ff94e532cae7fd6eac1d2 to remote] DEBUG org.asynchttpclient.netty.request.NettyRequestSender - Using pooled Channel '[id: 0x71d2130f, L:/127.0.0.1:61021 - R:localhost/127.0.0.1:13009]' for 'POST' to 'http://localhost:13009/session/db81ce06721ff94e532cae7fd6eac1d2/execute/sync'
02:09:54.397 [Forwarding isElementDisplayed on session db81ce06721ff94e532cae7fd6eac1d2 to remote] DEBUG org.asynchttpclient.netty.request.NettyRequestSender - Using open Channel [id: 0x71d2130f, L:/127.0.0.1:61021 - R:localhost/127.0.0.1:13009] for POST '/session/db81ce06721ff94e532cae7fd6eac1d2/execute/sync'
02:09:54.430 [AsyncHttpClient-1-8] DEBUG org.asynchttpclient.netty.handler.HttpHandler - 

Request DefaultHttpRequest(decodeResult: success, version: HTTP/1.1)
POST /session/db81ce06721ff94e532cae7fd6eac1d2/execute/sync HTTP/1.1
User-Agent: selenium/4.8.1 (java windows)
Content-Length: 48814
Content-Type: application/json; charset=utf-8
host: localhost:13009
accept: */*

Response DefaultHttpResponse(decodeResult: success, version: HTTP/1.1)
HTTP/1.1 200 OK
Content-Length: 14
Content-Type: application/json; charset=utf-8
cache-control: no-cache

02:09:54.431 [AsyncHttpClient-1-8] DEBUG org.asynchttpclient.netty.channel.ChannelManager - Adding key: http://localhost:13009 for channel [id: 0x71d2130f, L:/127.0.0.1:61021 - R:localhost/127.0.0.1:13009]
02:09:54.443 [Forwarding getAlertText on session db81ce06721ff94e532cae7fd6eac1d2 to remote] DEBUG org.asynchttpclient.netty.request.NettyRequestSender - Using pooled Channel '[id: 0x71d2130f, L:/127.0.0.1:61021 - R:localhost/127.0.0.1:13009]' for 'GET' to 'http://localhost:13009/session/db81ce06721ff94e532cae7fd6eac1d2/alert/text'
02:09:54.443 [Forwarding getAlertText on session db81ce06721ff94e532cae7fd6eac1d2 to remote] DEBUG org.asynchttpclient.netty.request.NettyRequestSender - Using open Channel [id: 0x71d2130f, L:/127.0.0.1:61021 - R:localhost/127.0.0.1:13009] for GET '/session/db81ce06721ff94e532cae7fd6eac1d2/alert/text'
02:09:54.446 [AsyncHttpClient-1-8] DEBUG org.asynchttpclient.netty.handler.HttpHandler - 

Request DefaultFullHttpRequest(decodeResult: success, version: HTTP/1.1, content: EmptyByteBufBE)
GET /session/db81ce06721ff94e532cae7fd6eac1d2/alert/text HTTP/1.1
User-Agent: selenium/4.8.1 (java windows)
Cache-Control: no-cache
Content-Type: application/json; charset=utf-8
host: localhost:13009
accept: */*

Response DefaultHttpResponse(decodeResult: success, version: HTTP/1.1)
HTTP/1.1 404 Not Found
Content-Length: 828
Content-Type: application/json; charset=utf-8
cache-control: no-cache

02:09:54.446 [AsyncHttpClient-1-8] DEBUG org.asynchttpclient.netty.channel.ChannelManager - Adding key: http://localhost:13009 for channel [id: 0x71d2130f, L:/127.0.0.1:61021 - R:localhost/127.0.0.1:13009]
02:09:54.449 [Forwarding getCurrentUrl on session db81ce06721ff94e532cae7fd6eac1d2 to remote] DEBUG org.asynchttpclient.netty.request.NettyRequestSender - Using pooled Channel '[id: 0x71d2130f, L:/127.0.0.1:61021 - R:localhost/127.0.0.1:13009]' for 'GET' to 'http://localhost:13009/session/db81ce06721ff94e532cae7fd6eac1d2/url'
02:09:54.449 [Forwarding getCurrentUrl on session db81ce06721ff94e532cae7fd6eac1d2 to remote] DEBUG org.asynchttpclient.netty.request.NettyRequestSender - Using open Channel [id: 0x71d2130f, L:/127.0.0.1:61021 - R:localhost/127.0.0.1:13009] for GET '/session/db81ce06721ff94e532cae7fd6eac1d2/url'
02:09:54.461 [AsyncHttpClient-1-8] DEBUG org.asynchttpclient.netty.handler.HttpHandler - 

Request DefaultFullHttpRequest(decodeResult: success, version: HTTP/1.1, content: EmptyByteBufBE)
GET /session/db81ce06721ff94e532cae7fd6eac1d2/url HTTP/1.1
User-Agent: selenium/4.8.1 (java windows)
Cache-Control: no-cache
Content-Type: application/json; charset=utf-8
host: localhost:13009
accept: */*

Response DefaultHttpResponse(decodeResult: success, version: HTTP/1.1)
HTTP/1.1 200 OK
Content-Length: 56
Content-Type: application/json; charset=utf-8
cache-control: no-cache

02:09:54.461 [AsyncHttpClient-1-8] DEBUG org.asynchttpclient.netty.channel.ChannelManager - Adding key: http://localhost:13009 for channel [id: 0x71d2130f, L:/127.0.0.1:61021 - R:localhost/127.0.0.1:13009]
02:09:54.463 [Forwarding screenshot on session db81ce06721ff94e532cae7fd6eac1d2 to remote] DEBUG org.asynchttpclient.netty.request.NettyRequestSender - Using pooled Channel '[id: 0x71d2130f, L:/127.0.0.1:61021 - R:localhost/127.0.0.1:13009]' for 'GET' to 'http://localhost:13009/session/db81ce06721ff94e532cae7fd6eac1d2/screenshot'
02:09:54.463 [Forwarding screenshot on session db81ce06721ff94e532cae7fd6eac1d2 to remote] DEBUG org.asynchttpclient.netty.request.NettyRequestSender - Using open Channel [id: 0x71d2130f, L:/127.0.0.1:61021 - R:localhost/127.0.0.1:13009] for GET '/session/db81ce06721ff94e532cae7fd6eac1d2/screenshot'
02:09:54.628 [AsyncHttpClient-1-1] DEBUG org.asynchttpclient.netty.channel.DefaultChannelPool - Entry count for : http://localhost:61023 : 1
02:09:54.747 [AsyncHttpClient-1-8] DEBUG org.asynchttpclient.netty.handler.HttpHandler - 

Request DefaultFullHttpRequest(decodeResult: success, version: HTTP/1.1, content: EmptyByteBufBE)
GET /session/db81ce06721ff94e532cae7fd6eac1d2/screenshot HTTP/1.1
User-Agent: selenium/4.8.1 (java windows)
Cache-Control: no-cache
Content-Type: application/json; charset=utf-8
host: localhost:13009
accept: */*

Response DefaultHttpResponse(decodeResult: success, version: HTTP/1.1)
HTTP/1.1 200 OK
Content-Length: 132032
Content-Type: application/json; charset=utf-8
cache-control: no-cache

02:09:54.748 [AsyncHttpClient-1-8] DEBUG org.asynchttpclient.netty.channel.ChannelManager - Adding key: http://localhost:13009 for channel [id: 0x71d2130f, L:/127.0.0.1:61021 - R:localhost/127.0.0.1:13009]
02:09:54.754 [main] DEBUG net.serenitybdd.core.photography.Darkroom - Send negative for processing for target\site\serenity\fc99eef3323c99a8c48e921e401a1ff596a0b8499809363022c3ce7b2336619f.png
02:09:54.755 [main] DEBUG net.thucydides.core.steps.StepInterceptor - STEP DONE: validateErrorMessageInvalidUsernamePwd
02:09:54.755 [Darkroom Processing Line] DEBUG net.serenitybdd.core.photography.DarkroomProcessingLine - Processing screenshot image in /var/screenshots/screenshot-8768239227201601107
02:09:54.755 [Darkroom Processing Line] DEBUG net.serenitybdd.core.photography.DarkroomProcessingLine - Saving screenshot to target\site\serenity\fc99eef3323c99a8c48e921e401a1ff596a0b8499809363022c3ce7b2336619f.png
02:09:54.773 [Forwarding getPageSource on session db81ce06721ff94e532cae7fd6eac1d2 to remote] DEBUG org.asynchttpclient.netty.request.NettyRequestSender - Using pooled Channel '[id: 0x71d2130f, L:/127.0.0.1:61021 - R:localhost/127.0.0.1:13009]' for 'POST' to 'http://localhost:13009/session/db81ce06721ff94e532cae7fd6eac1d2/execute/sync'
02:09:54.773 [Forwarding getPageSource on session db81ce06721ff94e532cae7fd6eac1d2 to remote] DEBUG org.asynchttpclient.netty.request.NettyRequestSender - Using open Channel [id: 0x71d2130f, L:/127.0.0.1:61021 - R:localhost/127.0.0.1:13009] for POST '/session/db81ce06721ff94e532cae7fd6eac1d2/execute/sync'
02:09:54.783 [AsyncHttpClient-1-8] DEBUG org.asynchttpclient.netty.handler.HttpHandler - 

Request DefaultHttpRequest(decodeResult: success, version: HTTP/1.1)
POST /session/db81ce06721ff94e532cae7fd6eac1d2/execute/sync HTTP/1.1
User-Agent: selenium/4.8.1 (java windows)
Content-Length: 176
Content-Type: application/json; charset=utf-8
host: localhost:13009
accept: */*

Response DefaultHttpResponse(decodeResult: success, version: HTTP/1.1)
HTTP/1.1 200 OK
Content-Length: 5068
Content-Type: application/json; charset=utf-8
cache-control: no-cache

02:09:54.783 [AsyncHttpClient-1-8] DEBUG org.asynchttpclient.netty.channel.ChannelManager - Adding key: http://localhost:13009 for channel [id: 0x71d2130f, L:/127.0.0.1:61021 - R:localhost/127.0.0.1:13009]
02:09:54.788 [Forwarding getCurrentUrl on session db81ce06721ff94e532cae7fd6eac1d2 to remote] DEBUG org.asynchttpclient.netty.request.NettyRequestSender - Using pooled Channel '[id: 0x71d2130f, L:/127.0.0.1:61021 - R:localhost/127.0.0.1:13009]' for 'GET' to 'http://localhost:13009/session/db81ce06721ff94e532cae7fd6eac1d2/url'
02:09:54.788 [Forwarding getCurrentUrl on session db81ce06721ff94e532cae7fd6eac1d2 to remote] DEBUG org.asynchttpclient.netty.request.NettyRequestSender - Using open Channel [id: 0x71d2130f, L:/127.0.0.1:61021 - R:localhost/127.0.0.1:13009] for GET '/session/db81ce06721ff94e532cae7fd6eac1d2/url'
02:09:54.798 [AsyncHttpClient-1-8] DEBUG org.asynchttpclient.netty.handler.HttpHandler - 

Request DefaultFullHttpRequest(decodeResult: success, version: HTTP/1.1, content: EmptyByteBufBE)
GET /session/db81ce06721ff94e532cae7fd6eac1d2/url HTTP/1.1
User-Agent: selenium/4.8.1 (java windows)
Cache-Control: no-cache
Content-Type: application/json; charset=utf-8
host: localhost:13009
accept: */*

Response DefaultHttpResponse(decodeResult: success, version: HTTP/1.1)
HTTP/1.1 200 OK
Content-Length: 56
Content-Type: application/json; charset=utf-8
cache-control: no-cache

02:09:54.798 [AsyncHttpClient-1-8] DEBUG org.asynchttpclient.netty.channel.ChannelManager - Adding key: http://localhost:13009 for channel [id: 0x71d2130f, L:/127.0.0.1:61021 - R:localhost/127.0.0.1:13009]
02:09:54.802 [main] DEBUG net.thucydides.core.steps.StepInterceptor - STARTING STEP: LoginSteps.seeErrorMessage - iValidateEqualMessageErrorInvUsernamePwd
02:09:54.808 [Forwarding findElement on session db81ce06721ff94e532cae7fd6eac1d2 to remote] DEBUG org.asynchttpclient.netty.request.NettyRequestSender - Using pooled Channel '[id: 0x71d2130f, L:/127.0.0.1:61021 - R:localhost/127.0.0.1:13009]' for 'POST' to 'http://localhost:13009/session/db81ce06721ff94e532cae7fd6eac1d2/element'
02:09:54.809 [Forwarding findElement on session db81ce06721ff94e532cae7fd6eac1d2 to remote] DEBUG org.asynchttpclient.netty.request.NettyRequestSender - Using open Channel [id: 0x71d2130f, L:/127.0.0.1:61021 - R:localhost/127.0.0.1:13009] for POST '/session/db81ce06721ff94e532cae7fd6eac1d2/element'
02:09:54.827 [AsyncHttpClient-1-8] DEBUG org.asynchttpclient.netty.handler.HttpHandler - 

Request DefaultHttpRequest(decodeResult: success, version: HTTP/1.1)
POST /session/db81ce06721ff94e532cae7fd6eac1d2/element HTTP/1.1
User-Agent: selenium/4.8.1 (java windows)
Content-Length: 91
Content-Type: application/json; charset=utf-8
host: localhost:13009
accept: */*

Response DefaultHttpResponse(decodeResult: success, version: HTTP/1.1)
HTTP/1.1 200 OK
Content-Length: 95
Content-Type: application/json; charset=utf-8
cache-control: no-cache

02:09:54.827 [AsyncHttpClient-1-8] DEBUG org.asynchttpclient.netty.channel.ChannelManager - Adding key: http://localhost:13009 for channel [id: 0x71d2130f, L:/127.0.0.1:61021 - R:localhost/127.0.0.1:13009]
02:09:54.829 [Forwarding getElementText on session db81ce06721ff94e532cae7fd6eac1d2 to remote] DEBUG org.asynchttpclient.netty.request.NettyRequestSender - Using pooled Channel '[id: 0x71d2130f, L:/127.0.0.1:61021 - R:localhost/127.0.0.1:13009]' for 'GET' to 'http://localhost:13009/session/db81ce06721ff94e532cae7fd6eac1d2/element/1B6283ECAB138FDDFA203F6CC0A3B0F9_element_16/text'
02:09:54.829 [Forwarding getElementText on session db81ce06721ff94e532cae7fd6eac1d2 to remote] DEBUG org.asynchttpclient.netty.request.NettyRequestSender - Using open Channel [id: 0x71d2130f, L:/127.0.0.1:61021 - R:localhost/127.0.0.1:13009] for GET '/session/db81ce06721ff94e532cae7fd6eac1d2/element/1B6283ECAB138FDDFA203F6CC0A3B0F9_element_16/text'
02:09:54.862 [AsyncHttpClient-1-8] DEBUG org.asynchttpclient.netty.handler.HttpHandler - 

Request DefaultFullHttpRequest(decodeResult: success, version: HTTP/1.1, content: EmptyByteBufBE)
GET /session/db81ce06721ff94e532cae7fd6eac1d2/element/1B6283ECAB138FDDFA203F6CC0A3B0F9_element_16/text HTTP/1.1
User-Agent: selenium/4.8.1 (java windows)
Cache-Control: no-cache
Content-Type: application/json; charset=utf-8
host: localhost:13009
accept: */*

Response DefaultHttpResponse(decodeResult: success, version: HTTP/1.1)
HTTP/1.1 200 OK
Content-Length: 60
Content-Type: application/json; charset=utf-8
cache-control: no-cache

02:09:54.862 [AsyncHttpClient-1-8] DEBUG org.asynchttpclient.netty.channel.ChannelManager - Adding key: http://localhost:13009 for channel [id: 0x71d2130f, L:/127.0.0.1:61021 - R:localhost/127.0.0.1:13009]
02:09:54.875 [Forwarding getAlertText on session db81ce06721ff94e532cae7fd6eac1d2 to remote] DEBUG org.asynchttpclient.netty.request.NettyRequestSender - Using pooled Channel '[id: 0x71d2130f, L:/127.0.0.1:61021 - R:localhost/127.0.0.1:13009]' for 'GET' to 'http://localhost:13009/session/db81ce06721ff94e532cae7fd6eac1d2/alert/text'
02:09:54.875 [Forwarding getAlertText on session db81ce06721ff94e532cae7fd6eac1d2 to remote] DEBUG org.asynchttpclient.netty.request.NettyRequestSender - Using open Channel [id: 0x71d2130f, L:/127.0.0.1:61021 - R:localhost/127.0.0.1:13009] for GET '/session/db81ce06721ff94e532cae7fd6eac1d2/alert/text'
02:09:54.878 [AsyncHttpClient-1-8] DEBUG org.asynchttpclient.netty.handler.HttpHandler - 

Request DefaultFullHttpRequest(decodeResult: success, version: HTTP/1.1, content: EmptyByteBufBE)
GET /session/db81ce06721ff94e532cae7fd6eac1d2/alert/text HTTP/1.1
User-Agent: selenium/4.8.1 (java windows)
Cache-Control: no-cache
Content-Type: application/json; charset=utf-8
host: localhost:13009
accept: */*

Response DefaultHttpResponse(decodeResult: success, version: HTTP/1.1)
HTTP/1.1 404 Not Found
Content-Length: 828
Content-Type: application/json; charset=utf-8
cache-control: no-cache

02:09:54.879 [AsyncHttpClient-1-8] DEBUG org.asynchttpclient.netty.channel.ChannelManager - Adding key: http://localhost:13009 for channel [id: 0x71d2130f, L:/127.0.0.1:61021 - R:localhost/127.0.0.1:13009]
02:09:54.882 [Forwarding getCurrentUrl on session db81ce06721ff94e532cae7fd6eac1d2 to remote] DEBUG org.asynchttpclient.netty.request.NettyRequestSender - Using pooled Channel '[id: 0x71d2130f, L:/127.0.0.1:61021 - R:localhost/127.0.0.1:13009]' for 'GET' to 'http://localhost:13009/session/db81ce06721ff94e532cae7fd6eac1d2/url'
02:09:54.882 [Forwarding getCurrentUrl on session db81ce06721ff94e532cae7fd6eac1d2 to remote] DEBUG org.asynchttpclient.netty.request.NettyRequestSender - Using open Channel [id: 0x71d2130f, L:/127.0.0.1:61021 - R:localhost/127.0.0.1:13009] for GET '/session/db81ce06721ff94e532cae7fd6eac1d2/url'
02:09:54.891 [AsyncHttpClient-1-8] DEBUG org.asynchttpclient.netty.handler.HttpHandler - 

Request DefaultFullHttpRequest(decodeResult: success, version: HTTP/1.1, content: EmptyByteBufBE)
GET /session/db81ce06721ff94e532cae7fd6eac1d2/url HTTP/1.1
User-Agent: selenium/4.8.1 (java windows)
Cache-Control: no-cache
Content-Type: application/json; charset=utf-8
host: localhost:13009
accept: */*

Response DefaultHttpResponse(decodeResult: success, version: HTTP/1.1)
HTTP/1.1 200 OK
Content-Length: 56
Content-Type: application/json; charset=utf-8
cache-control: no-cache

02:09:54.891 [AsyncHttpClient-1-8] DEBUG org.asynchttpclient.netty.channel.ChannelManager - Adding key: http://localhost:13009 for channel [id: 0x71d2130f, L:/127.0.0.1:61021 - R:localhost/127.0.0.1:13009]
02:09:54.893 [Forwarding screenshot on session db81ce06721ff94e532cae7fd6eac1d2 to remote] DEBUG org.asynchttpclient.netty.request.NettyRequestSender - Using pooled Channel '[id: 0x71d2130f, L:/127.0.0.1:61021 - R:localhost/127.0.0.1:13009]' for 'GET' to 'http://localhost:13009/session/db81ce06721ff94e532cae7fd6eac1d2/screenshot'
02:09:54.893 [Forwarding screenshot on session db81ce06721ff94e532cae7fd6eac1d2 to remote] DEBUG org.asynchttpclient.netty.request.NettyRequestSender - Using open Channel [id: 0x71d2130f, L:/127.0.0.1:61021 - R:localhost/127.0.0.1:13009] for GET '/session/db81ce06721ff94e532cae7fd6eac1d2/screenshot'
02:09:55.161 [AsyncHttpClient-1-8] DEBUG org.asynchttpclient.netty.handler.HttpHandler - 

Request DefaultFullHttpRequest(decodeResult: success, version: HTTP/1.1, content: EmptyByteBufBE)
GET /session/db81ce06721ff94e532cae7fd6eac1d2/screenshot HTTP/1.1
User-Agent: selenium/4.8.1 (java windows)
Cache-Control: no-cache
Content-Type: application/json; charset=utf-8
host: localhost:13009
accept: */*

Response DefaultHttpResponse(decodeResult: success, version: HTTP/1.1)
HTTP/1.1 200 OK
Content-Length: 124360
Content-Type: application/json; charset=utf-8
cache-control: no-cache

02:09:55.162 [AsyncHttpClient-1-8] DEBUG org.asynchttpclient.netty.channel.ChannelManager - Adding key: http://localhost:13009 for channel [id: 0x71d2130f, L:/127.0.0.1:61021 - R:localhost/127.0.0.1:13009]
02:09:55.169 [main] DEBUG net.serenitybdd.core.photography.Darkroom - Send negative for processing for target\site\serenity\038796670ce7cb68c32e04b87ac69268201fc23b94f368b26aa4fe67f7a13363.png
02:09:55.170 [main] DEBUG net.thucydides.core.steps.StepInterceptor - STEP DONE: iValidateEqualMessageErrorInvUsernamePwd
02:09:55.170 [Darkroom Processing Line] DEBUG net.serenitybdd.core.photography.DarkroomProcessingLine - Processing screenshot image in /var/screenshots/screenshot-5516692885735292764
02:09:55.170 [Darkroom Processing Line] DEBUG net.serenitybdd.core.photography.DarkroomProcessingLine - Saving screenshot to target\site\serenity\038796670ce7cb68c32e04b87ac69268201fc23b94f368b26aa4fe67f7a13363.png
  &amp#27;[32mThen &amp#27;[0m&amp#27;[32mI see error message &amp#27;[0m&amp#27;[32m&amp#27;[1m"You have entered an invalid username and password"&amp#27;[0m &amp#27;[90m# starter.stepdefinitions.LoginSteps.seeErrorMessage(java.lang.String)&amp#27;[0m
02:09:55.185 [main] INFO  - 
  _____   ___   ___   _____     ___     _     ___   ___   ___   ___  
 |_   _| | __| / __| |_   _|   | _ \   /_\   / __| / __| | __| |   \ 
   | |   | _|  \__ \   | |     |  _/  / _ \  \__ \ \__ \ | _|  | |) |
   |_|   |___| |___/   |_|     |_|   /_/ \_\ |___/ |___/ |___| |___/ 

As a admin i failed login with invalid password
----------------------------------------------------------------------
02:09:55.188 [AsyncHttpClient-1-10] DEBUG org.asynchttpclient.netty.handler.WebSocketHandler - Channel Closed: [id: 0x81746a35, L:/127.0.0.1:61031 ! R:localhost/127.0.0.1:61023] with attribute NettyResponseFuture{currentRetry=0,
	isDone=1,
	isCancelled=0,
	asyncHandler=org.asynchttpclient.ws.WebSocketUpgradeHandler@16d34398,
	nettyRequest=org.asynchttpclient.netty.request.NettyRequest@53d1cf26,
	future=java.util.concurrent.CompletableFuture@1678c1dc[Completed normally],
	uri=ws://localhost:61023/devtools/browser/da87d22c-a721-429f-89d0-af9b21369de8,
	keepAlive=true,
	redirectCount=0,
	timeoutsHolder=null,
	inAuth=0,
	touch=1687201786324}
02:09:55.188 [Driver Command Executor] DEBUG org.asynchttpclient.netty.request.NettyRequestSender - Using pooled Channel '[id: 0x71d2130f, L:/127.0.0.1:61021 - R:localhost/127.0.0.1:13009]' for 'DELETE' to 'http://localhost:13009/session/db81ce06721ff94e532cae7fd6eac1d2'
02:09:55.188 [AsyncHttpClient-1-10] DEBUG org.asynchttpclient.netty.channel.ChannelManager - Closing Channel [id: 0x81746a35, L:/127.0.0.1:61031 ! R:localhost/127.0.0.1:61023] 
02:09:55.188 [Driver Command Executor] DEBUG org.asynchttpclient.netty.request.NettyRequestSender - Using open Channel [id: 0x71d2130f, L:/127.0.0.1:61021 - R:localhost/127.0.0.1:13009] for DELETE '/session/db81ce06721ff94e532cae7fd6eac1d2'
02:09:55.354 [AsyncHttpClient-1-9] DEBUG org.asynchttpclient.netty.handler.HttpHandler - Unexpected I/O exception on channel [id: 0x2c4f271f, L:/127.0.0.1:61030 - R:localhost/127.0.0.1:61023]
java.io.IOException: An existing connection was forcibly closed by the remote host
	at java.base/sun.nio.ch.SocketDispatcher.read0(Native Method)
	at java.base/sun.nio.ch.SocketDispatcher.read(SocketDispatcher.java:43)
	at java.base/sun.nio.ch.IOUtil.readIntoNativeBuffer(IOUtil.java:276)
	at java.base/sun.nio.ch.IOUtil.read(IOUtil.java:233)
	at java.base/sun.nio.ch.IOUtil.read(IOUtil.java:223)
	at java.base/sun.nio.ch.SocketChannelImpl.read(SocketChannelImpl.java:356)
	at io.netty.buffer.PooledByteBuf.setBytes(PooledByteBuf.java:259)
	at io.netty.buffer.AbstractByteBuf.writeBytes(AbstractByteBuf.java:1132)
	at io.netty.channel.socket.nio.NioSocketChannel.doReadBytes(NioSocketChannel.java:357)
	at io.netty.channel.nio.AbstractNioByteChannel$NioByteUnsafe.read(AbstractNioByteChannel.java:151)
	at io.netty.channel.nio.NioEventLoop.processSelectedKey(NioEventLoop.java:788)
	at io.netty.channel.nio.NioEventLoop.processSelectedKeysOptimized(NioEventLoop.java:724)
	at io.netty.channel.nio.NioEventLoop.processSelectedKeys(NioEventLoop.java:650)
	at io.netty.channel.nio.NioEventLoop.run(NioEventLoop.java:562)
	at io.netty.util.concurrent.SingleThreadEventExecutor$4.run(SingleThreadEventExecutor.java:997)
	at io.netty.util.internal.ThreadExecutorMap$2.run(ThreadExecutorMap.java:74)
	at io.netty.util.concurrent.FastThreadLocalRunnable.run(FastThreadLocalRunnable.java:30)
	at java.base/java.lang.Thread.run(Thread.java:829)
02:09:55.355 [AsyncHttpClient-1-9] DEBUG org.asynchttpclient.netty.channel.ChannelManager - Closing Channel [id: 0x2c4f271f, L:/127.0.0.1:61030 - R:localhost/127.0.0.1:61023] 
02:09:55.355 [AsyncHttpClient-1-9] DEBUG org.asynchttpclient.netty.handler.HttpHandler - Channel Closed: [id: 0x2c4f271f, L:/127.0.0.1:61030 ! R:localhost/127.0.0.1:61023] with attribute DISCARD
02:09:55.404 [AsyncHttpClient-1-8] DEBUG org.asynchttpclient.netty.handler.HttpHandler - 

Request DefaultFullHttpRequest(decodeResult: success, version: HTTP/1.1, content: EmptyByteBufBE)
DELETE /session/db81ce06721ff94e532cae7fd6eac1d2 HTTP/1.1
User-Agent: selenium/4.8.1 (java windows)
Content-Type: application/json; charset=utf-8
host: localhost:13009
accept: */*

Response DefaultHttpResponse(decodeResult: success, version: HTTP/1.1)
HTTP/1.1 200 OK
Content-Length: 14
Content-Type: application/json; charset=utf-8
cache-control: no-cache

02:09:55.405 [AsyncHttpClient-1-8] DEBUG org.asynchttpclient.netty.channel.ChannelManager - Adding key: http://localhost:13009 for channel [id: 0x71d2130f, L:/127.0.0.1:61021 - R:localhost/127.0.0.1:13009]
02:09:55.585 [AsyncHttpClient-1-8] DEBUG org.asynchttpclient.netty.handler.HttpHandler - Channel Closed: [id: 0x71d2130f, L:/127.0.0.1:61021 ! R:localhost/127.0.0.1:13009] with attribute DISCARD
02:09:55.732 [AsyncHttpClient-1-1] DEBUG org.asynchttpclient.netty.channel.DefaultChannelPool - Entry count for : http://localhost:61023 : 1
02:09:55.732 [AsyncHttpClient-1-1] DEBUG org.asynchttpclient.netty.channel.DefaultChannelPool - Entry count for : http://localhost:13009 : 1
02:09:55.733 [AsyncHttpClient-1-1] DEBUG org.asynchttpclient.netty.channel.DefaultChannelPool - Adding Candidate expired Channel [id: 0x2c4f271f, L:/127.0.0.1:61030 ! R:localhost/127.0.0.1:61023] isIdleTimeoutExpired=false isRemotelyClosed=true isTtlExpired=false
02:09:55.733 [AsyncHttpClient-1-1] DEBUG org.asynchttpclient.netty.channel.DefaultChannelPool - Closing Idle Channel [id: 0x2c4f271f, L:/127.0.0.1:61030 ! R:localhost/127.0.0.1:61023]
02:09:55.733 [AsyncHttpClient-1-1] DEBUG org.asynchttpclient.netty.channel.DefaultChannelPool - Adding Candidate expired Channel [id: 0x71d2130f, L:/127.0.0.1:61021 ! R:localhost/127.0.0.1:13009] isIdleTimeoutExpired=false isRemotelyClosed=true isTtlExpired=false
02:09:55.733 [AsyncHttpClient-1-1] DEBUG org.asynchttpclient.netty.channel.DefaultChannelPool - Closing Idle Channel [id: 0x71d2130f, L:/127.0.0.1:61021 ! R:localhost/127.0.0.1:13009]
02:09:55.733 [AsyncHttpClient-1-1] DEBUG org.asynchttpclient.netty.channel.DefaultChannelPool - Closed 2 connections out of 2 in 0 ms
]]></system-out>
    <system-err><![CDATA[Starting ChromeDriver 114.0.5735.90 (386bc09e8f4f2e025eddae123f36f6263096ae49-refs/branch-heads/5735@{#1052}) on port 13009
Only local connections are allowed.
Please see https://chromedriver.chromium.org/security-considerations for suggestions on keeping ChromeDriver safe.
ChromeDriver was started successfully.
Jun 20, 2023 2:09:46 AM org.openqa.selenium.devtools.CdpVersionFinder findNearestMatch
WARNING: Unable to find an exact match for CDP version 114, so returning the closest version found: 110
]]></system-err>
  </testcase>
  <testcase name="As a admin i failed login with empty username" classname="login" time="12.132">
    <system-out><![CDATA[
@login @FailedLoginEmptyUsername
Scenario: As a admin i failed login with empty username              &amp#27;[90m# src/test/resources/features/Login.feature:33&amp#27;[0m
02:09:56.130 [main] DEBUG io.cucumber.core.plugin.SerenityReporter - Running feature from file:///D:/CapstoneWeb/src/test/resources/features/Login.feature
02:09:56.136 [main] INFO  - 
  _____   ___   ___   _____     ___   _____     _     ___   _____   ___   ___  
 |_   _| | __| / __| |_   _|   / __| |_   _|   /_\   | _ \ |_   _| | __| |   \ 
   | |   | _|  \__ \   | |     \__ \   | |    / _ \  |   /   | |   | _|  | |) |
   |_|   |___| |___/   |_|     |___/   |_|   /_/ \_\ |_|_\   |_|   |___| |___/ 

As a admin i failed login with empty username(login;as-a-admin-i-failed-login-with-empty-username)
--------------------------------------------------------------------------------
02:09:56.324 [main] INFO net.serenitybdd.core.webdriver.driverproviders.ChromeDriverProvider - Starting Chrome driver instance with capabilities:
02:09:56.325 [main] INFO net.serenitybdd.core.webdriver.driverproviders.ChromeDriverProvider - Capabilities {acceptInsecureCerts: true, browserName: chrome, goog:chromeOptions: {args: [remote-allow-origins=*, test-type, no-sandbox, ignore-certificate-errors, start-maximized, incognito, disable-infobars, disable-gpu, disable-default-apps, disable-popup-blocking, remote-allow-origins=*, test-type, no-sandbox, ignore-certificate-errors, start-maximized, incognito, disable-infobars, disable-gpu, disable-default-apps, disable-popup-blocking, remote-allow-origins=*], extensions: []}}
02:09:56.970 [AsyncHttpClient-1-11] DEBUG org.asynchttpclient.netty.channel.NettyConnectListener - Using new Channel '[id: 0x9fe36d7e, L:/127.0.0.1:61044 - R:localhost/127.0.0.1:39720]' for 'POST' to '/session'
02:09:58.851 [AsyncHttpClient-1-11] DEBUG org.asynchttpclient.netty.handler.HttpHandler - 

Request DefaultHttpRequest(decodeResult: success, version: HTTP/1.1)
POST /session HTTP/1.1
User-Agent: selenium/4.8.1 (java windows)
Content-Length: 1701
Content-Type: application/json; charset=utf-8
host: localhost:39720
accept: */*

Response DefaultHttpResponse(decodeResult: success, version: HTTP/1.1)
HTTP/1.1 200 OK
Content-Length: 844
Content-Type: application/json; charset=utf-8
cache-control: no-cache

02:09:58.851 [AsyncHttpClient-1-11] DEBUG org.asynchttpclient.netty.channel.ChannelManager - Adding key: http://localhost:39720 for channel [id: 0x9fe36d7e, L:/127.0.0.1:61044 - R:localhost/127.0.0.1:39720]
02:09:58.907 [AsyncHttpClient-1-12] DEBUG org.asynchttpclient.netty.channel.NettyConnectListener - Using new Channel '[id: 0xf5511ead, L:/127.0.0.1:61052 - R:localhost/127.0.0.1:61045]' for 'GET' to '/json/version'
02:09:58.934 [AsyncHttpClient-1-12] DEBUG org.asynchttpclient.netty.handler.HttpHandler - 

Request DefaultFullHttpRequest(decodeResult: success, version: HTTP/1.1, content: EmptyByteBufBE)
GET /json/version HTTP/1.1
User-Agent: selenium/4.8.1 (java windows)
host: localhost:61045
accept: */*

Response DefaultHttpResponse(decodeResult: success, version: HTTP/1.1)
HTTP/1.1 200 OK
Content-Security-Policy: frame-ancestors 'none'
Content-Length: 424
Content-Type: application/json; charset=UTF-8

02:09:58.934 [AsyncHttpClient-1-12] DEBUG org.asynchttpclient.netty.channel.ChannelManager - Adding key: http://localhost:61045 for channel [id: 0xf5511ead, L:/127.0.0.1:61052 - R:localhost/127.0.0.1:61045]
02:09:58.949 [AsyncHttpClient-1-13] DEBUG org.asynchttpclient.netty.channel.NettyConnectListener - Using new Channel '[id: 0x6d97118a, L:/127.0.0.1:61054 - R:localhost/127.0.0.1:61045]' for 'GET' to '/devtools/browser/4e51c12d-c541-428f-8900-4c98bf6a7f79'
02:09:58.955 [AsyncHttpClient-1-13] DEBUG org.asynchttpclient.netty.handler.WebSocketHandler - 

Request DefaultFullHttpRequest(decodeResult: success, version: HTTP/1.1, content: EmptyByteBufBE)
GET /devtools/browser/4e51c12d-c541-428f-8900-4c98bf6a7f79 HTTP/1.1
upgrade: websocket
connection: upgrade
sec-websocket-key: xO5ja0EzzmEy+dvaZqdFmQ==
sec-websocket-version: 13
origin: http://localhost:61045
host: localhost:61045
accept: */*
user-agent: AHC/2.1

Response DefaultHttpResponse(decodeResult: success, version: HTTP/1.1)
HTTP/1.1 101 WebSocket Protocol Handshake
Upgrade: WebSocket
Connection: Upgrade
Sec-WebSocket-Accept: am9mQ2tEnyjvm3So6enBHVZMBY4=

02:09:58.969 [Forwarding get on session 6ee0dd2bb23510cf457897c70875d0db to remote] DEBUG org.asynchttpclient.netty.request.NettyRequestSender - Using pooled Channel '[id: 0x9fe36d7e, L:/127.0.0.1:61044 - R:localhost/127.0.0.1:39720]' for 'POST' to 'http://localhost:39720/session/6ee0dd2bb23510cf457897c70875d0db/url'
02:09:58.969 [Forwarding get on session 6ee0dd2bb23510cf457897c70875d0db to remote] DEBUG org.asynchttpclient.netty.request.NettyRequestSender - Using open Channel [id: 0x9fe36d7e, L:/127.0.0.1:61044 - R:localhost/127.0.0.1:39720] for POST '/session/6ee0dd2bb23510cf457897c70875d0db/url'
02:09:59.034 [AsyncHttpClient-1-1] DEBUG org.asynchttpclient.netty.channel.DefaultChannelPool - Entry count for : http://localhost:61045 : 1
02:09:59.887 [AsyncHttpClient-1-11] DEBUG org.asynchttpclient.netty.handler.HttpHandler - 

Request DefaultHttpRequest(decodeResult: success, version: HTTP/1.1)
POST /session/6ee0dd2bb23510cf457897c70875d0db/url HTTP/1.1
User-Agent: selenium/4.8.1 (java windows)
Content-Length: 69
Content-Type: application/json; charset=utf-8
host: localhost:39720
accept: */*

Response DefaultHttpResponse(decodeResult: success, version: HTTP/1.1)
HTTP/1.1 200 OK
Content-Length: 14
Content-Type: application/json; charset=utf-8
cache-control: no-cache

02:09:59.888 [AsyncHttpClient-1-11] DEBUG org.asynchttpclient.netty.channel.ChannelManager - Adding key: http://localhost:39720 for channel [id: 0x9fe36d7e, L:/127.0.0.1:61044 - R:localhost/127.0.0.1:39720]
02:09:59.890 [Forwarding setTimeout on session 6ee0dd2bb23510cf457897c70875d0db to remote] DEBUG org.asynchttpclient.netty.request.NettyRequestSender - Using pooled Channel '[id: 0x9fe36d7e, L:/127.0.0.1:61044 - R:localhost/127.0.0.1:39720]' for 'POST' to 'http://localhost:39720/session/6ee0dd2bb23510cf457897c70875d0db/timeouts'
02:09:59.890 [Forwarding setTimeout on session 6ee0dd2bb23510cf457897c70875d0db to remote] DEBUG org.asynchttpclient.netty.request.NettyRequestSender - Using open Channel [id: 0x9fe36d7e, L:/127.0.0.1:61044 - R:localhost/127.0.0.1:39720] for POST '/session/6ee0dd2bb23510cf457897c70875d0db/timeouts'
02:09:59.893 [AsyncHttpClient-1-11] DEBUG org.asynchttpclient.netty.handler.HttpHandler - 

Request DefaultHttpRequest(decodeResult: success, version: HTTP/1.1)
POST /session/6ee0dd2bb23510cf457897c70875d0db/timeouts HTTP/1.1
User-Agent: selenium/4.8.1 (java windows)
Content-Length: 22
Content-Type: application/json; charset=utf-8
host: localhost:39720
accept: */*

Response DefaultHttpResponse(decodeResult: success, version: HTTP/1.1)
HTTP/1.1 200 OK
Content-Length: 14
Content-Type: application/json; charset=utf-8
cache-control: no-cache

02:09:59.894 [AsyncHttpClient-1-11] DEBUG org.asynchttpclient.netty.channel.ChannelManager - Adding key: http://localhost:39720 for channel [id: 0x9fe36d7e, L:/127.0.0.1:61044 - R:localhost/127.0.0.1:39720]
  &amp#27;[32mGiven &amp#27;[0m&amp#27;[32mI am on the landing page&amp#27;[0m                                     &amp#27;[90m# starter.stepdefinitions.LoginSteps.onTheLandingPage()&amp#27;[0m
02:09:59.914 [Forwarding getAlertText on session 6ee0dd2bb23510cf457897c70875d0db to remote] DEBUG org.asynchttpclient.netty.request.NettyRequestSender - Using pooled Channel '[id: 0x9fe36d7e, L:/127.0.0.1:61044 - R:localhost/127.0.0.1:39720]' for 'GET' to 'http://localhost:39720/session/6ee0dd2bb23510cf457897c70875d0db/alert/text'
02:09:59.914 [Forwarding getAlertText on session 6ee0dd2bb23510cf457897c70875d0db to remote] DEBUG org.asynchttpclient.netty.request.NettyRequestSender - Using open Channel [id: 0x9fe36d7e, L:/127.0.0.1:61044 - R:localhost/127.0.0.1:39720] for GET '/session/6ee0dd2bb23510cf457897c70875d0db/alert/text'
02:09:59.918 [AsyncHttpClient-1-11] DEBUG org.asynchttpclient.netty.handler.HttpHandler - 

Request DefaultFullHttpRequest(decodeResult: success, version: HTTP/1.1, content: EmptyByteBufBE)
GET /session/6ee0dd2bb23510cf457897c70875d0db/alert/text HTTP/1.1
User-Agent: selenium/4.8.1 (java windows)
Cache-Control: no-cache
Content-Type: application/json; charset=utf-8
host: localhost:39720
accept: */*

Response DefaultHttpResponse(decodeResult: success, version: HTTP/1.1)
HTTP/1.1 404 Not Found
Content-Length: 828
Content-Type: application/json; charset=utf-8
cache-control: no-cache

02:09:59.918 [AsyncHttpClient-1-11] DEBUG org.asynchttpclient.netty.channel.ChannelManager - Adding key: http://localhost:39720 for channel [id: 0x9fe36d7e, L:/127.0.0.1:61044 - R:localhost/127.0.0.1:39720]
02:09:59.921 [Forwarding getCurrentUrl on session 6ee0dd2bb23510cf457897c70875d0db to remote] DEBUG org.asynchttpclient.netty.request.NettyRequestSender - Using pooled Channel '[id: 0x9fe36d7e, L:/127.0.0.1:61044 - R:localhost/127.0.0.1:39720]' for 'GET' to 'http://localhost:39720/session/6ee0dd2bb23510cf457897c70875d0db/url'
02:09:59.921 [Forwarding getCurrentUrl on session 6ee0dd2bb23510cf457897c70875d0db to remote] DEBUG org.asynchttpclient.netty.request.NettyRequestSender - Using open Channel [id: 0x9fe36d7e, L:/127.0.0.1:61044 - R:localhost/127.0.0.1:39720] for GET '/session/6ee0dd2bb23510cf457897c70875d0db/url'
02:09:59.936 [AsyncHttpClient-1-11] DEBUG org.asynchttpclient.netty.handler.HttpHandler - 

Request DefaultFullHttpRequest(decodeResult: success, version: HTTP/1.1, content: EmptyByteBufBE)
GET /session/6ee0dd2bb23510cf457897c70875d0db/url HTTP/1.1
User-Agent: selenium/4.8.1 (java windows)
Cache-Control: no-cache
Content-Type: application/json; charset=utf-8
host: localhost:39720
accept: */*

Response DefaultHttpResponse(decodeResult: success, version: HTTP/1.1)
HTTP/1.1 200 OK
Content-Length: 51
Content-Type: application/json; charset=utf-8
cache-control: no-cache

02:09:59.936 [AsyncHttpClient-1-11] DEBUG org.asynchttpclient.netty.channel.ChannelManager - Adding key: http://localhost:39720 for channel [id: 0x9fe36d7e, L:/127.0.0.1:61044 - R:localhost/127.0.0.1:39720]
02:09:59.938 [Forwarding screenshot on session 6ee0dd2bb23510cf457897c70875d0db to remote] DEBUG org.asynchttpclient.netty.request.NettyRequestSender - Using pooled Channel '[id: 0x9fe36d7e, L:/127.0.0.1:61044 - R:localhost/127.0.0.1:39720]' for 'GET' to 'http://localhost:39720/session/6ee0dd2bb23510cf457897c70875d0db/screenshot'
02:09:59.938 [Forwarding screenshot on session 6ee0dd2bb23510cf457897c70875d0db to remote] DEBUG org.asynchttpclient.netty.request.NettyRequestSender - Using open Channel [id: 0x9fe36d7e, L:/127.0.0.1:61044 - R:localhost/127.0.0.1:39720] for GET '/session/6ee0dd2bb23510cf457897c70875d0db/screenshot'
02:10:00.137 [AsyncHttpClient-1-1] DEBUG org.asynchttpclient.netty.channel.DefaultChannelPool - Entry count for : http://localhost:61045 : 1
02:10:00.320 [AsyncHttpClient-1-11] DEBUG org.asynchttpclient.netty.handler.HttpHandler - 

Request DefaultFullHttpRequest(decodeResult: success, version: HTTP/1.1, content: EmptyByteBufBE)
GET /session/6ee0dd2bb23510cf457897c70875d0db/screenshot HTTP/1.1
User-Agent: selenium/4.8.1 (java windows)
Cache-Control: no-cache
Content-Type: application/json; charset=utf-8
host: localhost:39720
accept: */*

Response DefaultHttpResponse(decodeResult: success, version: HTTP/1.1)
HTTP/1.1 200 OK
Content-Length: 70952
Content-Type: application/json; charset=utf-8
cache-control: no-cache

02:10:00.321 [AsyncHttpClient-1-11] DEBUG org.asynchttpclient.netty.channel.ChannelManager - Adding key: http://localhost:39720 for channel [id: 0x9fe36d7e, L:/127.0.0.1:61044 - R:localhost/127.0.0.1:39720]
02:10:00.326 [main] DEBUG net.serenitybdd.core.photography.Darkroom - Send negative for processing for target\site\serenity\2aa87b30d1b3171552b914d22ebc6e16cc4ebdb40b96e0687cc81a0bae2ff1fd.png
02:10:00.327 [Darkroom Processing Line] DEBUG net.serenitybdd.core.photography.DarkroomProcessingLine - Processing screenshot image in /var/screenshots/screenshot-8920905324492825710
02:10:00.327 [Darkroom Processing Line] DEBUG net.serenitybdd.core.photography.DarkroomProcessingLine - Saving screenshot to target\site\serenity\2aa87b30d1b3171552b914d22ebc6e16cc4ebdb40b96e0687cc81a0bae2ff1fd.png
02:10:00.339 [Forwarding getPageSource on session 6ee0dd2bb23510cf457897c70875d0db to remote] DEBUG org.asynchttpclient.netty.request.NettyRequestSender - Using pooled Channel '[id: 0x9fe36d7e, L:/127.0.0.1:61044 - R:localhost/127.0.0.1:39720]' for 'POST' to 'http://localhost:39720/session/6ee0dd2bb23510cf457897c70875d0db/execute/sync'
02:10:00.339 [Forwarding getPageSource on session 6ee0dd2bb23510cf457897c70875d0db to remote] DEBUG org.asynchttpclient.netty.request.NettyRequestSender - Using open Channel [id: 0x9fe36d7e, L:/127.0.0.1:61044 - R:localhost/127.0.0.1:39720] for POST '/session/6ee0dd2bb23510cf457897c70875d0db/execute/sync'
02:10:00.358 [AsyncHttpClient-1-11] DEBUG org.asynchttpclient.netty.handler.HttpHandler - 

Request DefaultHttpRequest(decodeResult: success, version: HTTP/1.1)
POST /session/6ee0dd2bb23510cf457897c70875d0db/execute/sync HTTP/1.1
User-Agent: selenium/4.8.1 (java windows)
Content-Length: 176
Content-Type: application/json; charset=utf-8
host: localhost:39720
accept: */*

Response DefaultHttpResponse(decodeResult: success, version: HTTP/1.1)
HTTP/1.1 200 OK
Content-Length: 2008
Content-Type: application/json; charset=utf-8
cache-control: no-cache

02:10:00.358 [AsyncHttpClient-1-11] DEBUG org.asynchttpclient.netty.channel.ChannelManager - Adding key: http://localhost:39720 for channel [id: 0x9fe36d7e, L:/127.0.0.1:61044 - R:localhost/127.0.0.1:39720]
02:10:00.361 [Forwarding getCurrentUrl on session 6ee0dd2bb23510cf457897c70875d0db to remote] DEBUG org.asynchttpclient.netty.request.NettyRequestSender - Using pooled Channel '[id: 0x9fe36d7e, L:/127.0.0.1:61044 - R:localhost/127.0.0.1:39720]' for 'GET' to 'http://localhost:39720/session/6ee0dd2bb23510cf457897c70875d0db/url'
02:10:00.361 [Forwarding getCurrentUrl on session 6ee0dd2bb23510cf457897c70875d0db to remote] DEBUG org.asynchttpclient.netty.request.NettyRequestSender - Using open Channel [id: 0x9fe36d7e, L:/127.0.0.1:61044 - R:localhost/127.0.0.1:39720] for GET '/session/6ee0dd2bb23510cf457897c70875d0db/url'
02:10:00.373 [AsyncHttpClient-1-11] DEBUG org.asynchttpclient.netty.handler.HttpHandler - 

Request DefaultFullHttpRequest(decodeResult: success, version: HTTP/1.1, content: EmptyByteBufBE)
GET /session/6ee0dd2bb23510cf457897c70875d0db/url HTTP/1.1
User-Agent: selenium/4.8.1 (java windows)
Cache-Control: no-cache
Content-Type: application/json; charset=utf-8
host: localhost:39720
accept: */*

Response DefaultHttpResponse(decodeResult: success, version: HTTP/1.1)
HTTP/1.1 200 OK
Content-Length: 51
Content-Type: application/json; charset=utf-8
cache-control: no-cache

02:10:00.373 [AsyncHttpClient-1-11] DEBUG org.asynchttpclient.netty.channel.ChannelManager - Adding key: http://localhost:39720 for channel [id: 0x9fe36d7e, L:/127.0.0.1:61044 - R:localhost/127.0.0.1:39720]
02:10:00.399 [Forwarding getAlertText on session 6ee0dd2bb23510cf457897c70875d0db to remote] DEBUG org.asynchttpclient.netty.request.NettyRequestSender - Using pooled Channel '[id: 0x9fe36d7e, L:/127.0.0.1:61044 - R:localhost/127.0.0.1:39720]' for 'GET' to 'http://localhost:39720/session/6ee0dd2bb23510cf457897c70875d0db/alert/text'
02:10:00.399 [Forwarding getAlertText on session 6ee0dd2bb23510cf457897c70875d0db to remote] DEBUG org.asynchttpclient.netty.request.NettyRequestSender - Using open Channel [id: 0x9fe36d7e, L:/127.0.0.1:61044 - R:localhost/127.0.0.1:39720] for GET '/session/6ee0dd2bb23510cf457897c70875d0db/alert/text'
02:10:00.404 [AsyncHttpClient-1-11] DEBUG org.asynchttpclient.netty.handler.HttpHandler - 

Request DefaultFullHttpRequest(decodeResult: success, version: HTTP/1.1, content: EmptyByteBufBE)
GET /session/6ee0dd2bb23510cf457897c70875d0db/alert/text HTTP/1.1
User-Agent: selenium/4.8.1 (java windows)
Cache-Control: no-cache
Content-Type: application/json; charset=utf-8
host: localhost:39720
accept: */*

Response DefaultHttpResponse(decodeResult: success, version: HTTP/1.1)
HTTP/1.1 404 Not Found
Content-Length: 828
Content-Type: application/json; charset=utf-8
cache-control: no-cache

02:10:00.404 [AsyncHttpClient-1-11] DEBUG org.asynchttpclient.netty.channel.ChannelManager - Adding key: http://localhost:39720 for channel [id: 0x9fe36d7e, L:/127.0.0.1:61044 - R:localhost/127.0.0.1:39720]
02:10:00.407 [Forwarding getCurrentUrl on session 6ee0dd2bb23510cf457897c70875d0db to remote] DEBUG org.asynchttpclient.netty.request.NettyRequestSender - Using pooled Channel '[id: 0x9fe36d7e, L:/127.0.0.1:61044 - R:localhost/127.0.0.1:39720]' for 'GET' to 'http://localhost:39720/session/6ee0dd2bb23510cf457897c70875d0db/url'
02:10:00.408 [Forwarding getCurrentUrl on session 6ee0dd2bb23510cf457897c70875d0db to remote] DEBUG org.asynchttpclient.netty.request.NettyRequestSender - Using open Channel [id: 0x9fe36d7e, L:/127.0.0.1:61044 - R:localhost/127.0.0.1:39720] for GET '/session/6ee0dd2bb23510cf457897c70875d0db/url'
02:10:00.420 [AsyncHttpClient-1-11] DEBUG org.asynchttpclient.netty.handler.HttpHandler - 

Request DefaultFullHttpRequest(decodeResult: success, version: HTTP/1.1, content: EmptyByteBufBE)
GET /session/6ee0dd2bb23510cf457897c70875d0db/url HTTP/1.1
User-Agent: selenium/4.8.1 (java windows)
Cache-Control: no-cache
Content-Type: application/json; charset=utf-8
host: localhost:39720
accept: */*

Response DefaultHttpResponse(decodeResult: success, version: HTTP/1.1)
HTTP/1.1 200 OK
Content-Length: 51
Content-Type: application/json; charset=utf-8
cache-control: no-cache

02:10:00.421 [AsyncHttpClient-1-11] DEBUG org.asynchttpclient.netty.channel.ChannelManager - Adding key: http://localhost:39720 for channel [id: 0x9fe36d7e, L:/127.0.0.1:61044 - R:localhost/127.0.0.1:39720]
02:10:00.423 [Forwarding screenshot on session 6ee0dd2bb23510cf457897c70875d0db to remote] DEBUG org.asynchttpclient.netty.request.NettyRequestSender - Using pooled Channel '[id: 0x9fe36d7e, L:/127.0.0.1:61044 - R:localhost/127.0.0.1:39720]' for 'GET' to 'http://localhost:39720/session/6ee0dd2bb23510cf457897c70875d0db/screenshot'
02:10:00.423 [Forwarding screenshot on session 6ee0dd2bb23510cf457897c70875d0db to remote] DEBUG org.asynchttpclient.netty.request.NettyRequestSender - Using open Channel [id: 0x9fe36d7e, L:/127.0.0.1:61044 - R:localhost/127.0.0.1:39720] for GET '/session/6ee0dd2bb23510cf457897c70875d0db/screenshot'
02:10:00.771 [AsyncHttpClient-1-11] DEBUG org.asynchttpclient.netty.handler.HttpHandler - 

Request DefaultFullHttpRequest(decodeResult: success, version: HTTP/1.1, content: EmptyByteBufBE)
GET /session/6ee0dd2bb23510cf457897c70875d0db/screenshot HTTP/1.1
User-Agent: selenium/4.8.1 (java windows)
Cache-Control: no-cache
Content-Type: application/json; charset=utf-8
host: localhost:39720
accept: */*

Response DefaultHttpResponse(decodeResult: success, version: HTTP/1.1)
HTTP/1.1 200 OK
Content-Length: 72988
Content-Type: application/json; charset=utf-8
cache-control: no-cache

02:10:00.771 [AsyncHttpClient-1-11] DEBUG org.asynchttpclient.netty.channel.ChannelManager - Adding key: http://localhost:39720 for channel [id: 0x9fe36d7e, L:/127.0.0.1:61044 - R:localhost/127.0.0.1:39720]
02:10:00.776 [main] DEBUG net.serenitybdd.core.photography.Darkroom - Send negative for processing for target\site\serenity\18acdbc257cdf3a99a8eefb11884c60806489f65ba9e72359b528355cd874a1b.png
02:10:00.777 [Darkroom Processing Line] DEBUG net.serenitybdd.core.photography.DarkroomProcessingLine - Processing screenshot image in /var/screenshots/screenshot-18061959201990673032
02:10:00.777 [Darkroom Processing Line] DEBUG net.serenitybdd.core.photography.DarkroomProcessingLine - Saving screenshot to target\site\serenity\18acdbc257cdf3a99a8eefb11884c60806489f65ba9e72359b528355cd874a1b.png
02:10:00.780 [Forwarding getPageSource on session 6ee0dd2bb23510cf457897c70875d0db to remote] DEBUG org.asynchttpclient.netty.request.NettyRequestSender - Using pooled Channel '[id: 0x9fe36d7e, L:/127.0.0.1:61044 - R:localhost/127.0.0.1:39720]' for 'POST' to 'http://localhost:39720/session/6ee0dd2bb23510cf457897c70875d0db/execute/sync'
02:10:00.780 [Forwarding getPageSource on session 6ee0dd2bb23510cf457897c70875d0db to remote] DEBUG org.asynchttpclient.netty.request.NettyRequestSender - Using open Channel [id: 0x9fe36d7e, L:/127.0.0.1:61044 - R:localhost/127.0.0.1:39720] for POST '/session/6ee0dd2bb23510cf457897c70875d0db/execute/sync'
02:10:00.797 [AsyncHttpClient-1-11] DEBUG org.asynchttpclient.netty.handler.HttpHandler - 

Request DefaultHttpRequest(decodeResult: success, version: HTTP/1.1)
POST /session/6ee0dd2bb23510cf457897c70875d0db/execute/sync HTTP/1.1
User-Agent: selenium/4.8.1 (java windows)
Content-Length: 176
Content-Type: application/json; charset=utf-8
host: localhost:39720
accept: */*

Response DefaultHttpResponse(decodeResult: success, version: HTTP/1.1)
HTTP/1.1 200 OK
Content-Length: 2008
Content-Type: application/json; charset=utf-8
cache-control: no-cache

02:10:00.797 [AsyncHttpClient-1-11] DEBUG org.asynchttpclient.netty.channel.ChannelManager - Adding key: http://localhost:39720 for channel [id: 0x9fe36d7e, L:/127.0.0.1:61044 - R:localhost/127.0.0.1:39720]
02:10:00.800 [Forwarding getCurrentUrl on session 6ee0dd2bb23510cf457897c70875d0db to remote] DEBUG org.asynchttpclient.netty.request.NettyRequestSender - Using pooled Channel '[id: 0x9fe36d7e, L:/127.0.0.1:61044 - R:localhost/127.0.0.1:39720]' for 'GET' to 'http://localhost:39720/session/6ee0dd2bb23510cf457897c70875d0db/url'
02:10:00.800 [Forwarding getCurrentUrl on session 6ee0dd2bb23510cf457897c70875d0db to remote] DEBUG org.asynchttpclient.netty.request.NettyRequestSender - Using open Channel [id: 0x9fe36d7e, L:/127.0.0.1:61044 - R:localhost/127.0.0.1:39720] for GET '/session/6ee0dd2bb23510cf457897c70875d0db/url'
02:10:00.812 [AsyncHttpClient-1-11] DEBUG org.asynchttpclient.netty.handler.HttpHandler - 

Request DefaultFullHttpRequest(decodeResult: success, version: HTTP/1.1, content: EmptyByteBufBE)
GET /session/6ee0dd2bb23510cf457897c70875d0db/url HTTP/1.1
User-Agent: selenium/4.8.1 (java windows)
Cache-Control: no-cache
Content-Type: application/json; charset=utf-8
host: localhost:39720
accept: */*

Response DefaultHttpResponse(decodeResult: success, version: HTTP/1.1)
HTTP/1.1 200 OK
Content-Length: 51
Content-Type: application/json; charset=utf-8
cache-control: no-cache

02:10:00.813 [AsyncHttpClient-1-11] DEBUG org.asynchttpclient.netty.channel.ChannelManager - Adding key: http://localhost:39720 for channel [id: 0x9fe36d7e, L:/127.0.0.1:61044 - R:localhost/127.0.0.1:39720]
02:10:00.818 [main] DEBUG net.thucydides.core.steps.StepInterceptor - STARTING STEP: LoginSteps.clickGetIntoTheDashboardButton - clickIntoTheDashboard
02:10:00.833 [Forwarding findElement on session 6ee0dd2bb23510cf457897c70875d0db to remote] DEBUG org.asynchttpclient.netty.request.NettyRequestSender - Using pooled Channel '[id: 0x9fe36d7e, L:/127.0.0.1:61044 - R:localhost/127.0.0.1:39720]' for 'POST' to 'http://localhost:39720/session/6ee0dd2bb23510cf457897c70875d0db/element'
02:10:00.833 [Forwarding findElement on session 6ee0dd2bb23510cf457897c70875d0db to remote] DEBUG org.asynchttpclient.netty.request.NettyRequestSender - Using open Channel [id: 0x9fe36d7e, L:/127.0.0.1:61044 - R:localhost/127.0.0.1:39720] for POST '/session/6ee0dd2bb23510cf457897c70875d0db/element'
02:10:00.873 [AsyncHttpClient-1-11] DEBUG org.asynchttpclient.netty.handler.HttpHandler - 

Request DefaultHttpRequest(decodeResult: success, version: HTTP/1.1)
POST /session/6ee0dd2bb23510cf457897c70875d0db/element HTTP/1.1
User-Agent: selenium/4.8.1 (java windows)
Content-Length: 266
Content-Type: application/json; charset=utf-8
host: localhost:39720
accept: */*

Response DefaultHttpResponse(decodeResult: success, version: HTTP/1.1)
HTTP/1.1 200 OK
Content-Length: 94
Content-Type: application/json; charset=utf-8
cache-control: no-cache

02:10:00.873 [AsyncHttpClient-1-11] DEBUG org.asynchttpclient.netty.channel.ChannelManager - Adding key: http://localhost:39720 for channel [id: 0x9fe36d7e, L:/127.0.0.1:61044 - R:localhost/127.0.0.1:39720]
02:10:00.877 [Forwarding getElementTagName on session 6ee0dd2bb23510cf457897c70875d0db to remote] DEBUG org.asynchttpclient.netty.request.NettyRequestSender - Using pooled Channel '[id: 0x9fe36d7e, L:/127.0.0.1:61044 - R:localhost/127.0.0.1:39720]' for 'GET' to 'http://localhost:39720/session/6ee0dd2bb23510cf457897c70875d0db/element/6E916A5D5D1EE97A0CA2E449B6A5A74B_element_5/name'
02:10:00.877 [Forwarding getElementTagName on session 6ee0dd2bb23510cf457897c70875d0db to remote] DEBUG org.asynchttpclient.netty.request.NettyRequestSender - Using open Channel [id: 0x9fe36d7e, L:/127.0.0.1:61044 - R:localhost/127.0.0.1:39720] for GET '/session/6ee0dd2bb23510cf457897c70875d0db/element/6E916A5D5D1EE97A0CA2E449B6A5A74B_element_5/name'
02:10:00.893 [AsyncHttpClient-1-11] DEBUG org.asynchttpclient.netty.handler.HttpHandler - 

Request DefaultFullHttpRequest(decodeResult: success, version: HTTP/1.1, content: EmptyByteBufBE)
GET /session/6ee0dd2bb23510cf457897c70875d0db/element/6E916A5D5D1EE97A0CA2E449B6A5A74B_element_5/name HTTP/1.1
User-Agent: selenium/4.8.1 (java windows)
Cache-Control: no-cache
Content-Type: application/json; charset=utf-8
host: localhost:39720
accept: */*

Response DefaultHttpResponse(decodeResult: success, version: HTTP/1.1)
HTTP/1.1 200 OK
Content-Length: 18
Content-Type: application/json; charset=utf-8
cache-control: no-cache

02:10:00.894 [AsyncHttpClient-1-11] DEBUG org.asynchttpclient.netty.channel.ChannelManager - Adding key: http://localhost:39720 for channel [id: 0x9fe36d7e, L:/127.0.0.1:61044 - R:localhost/127.0.0.1:39720]
02:10:00.896 [Forwarding getElementTagName on session 6ee0dd2bb23510cf457897c70875d0db to remote] DEBUG org.asynchttpclient.netty.request.NettyRequestSender - Using pooled Channel '[id: 0x9fe36d7e, L:/127.0.0.1:61044 - R:localhost/127.0.0.1:39720]' for 'GET' to 'http://localhost:39720/session/6ee0dd2bb23510cf457897c70875d0db/element/6E916A5D5D1EE97A0CA2E449B6A5A74B_element_5/name'
02:10:00.896 [Forwarding getElementTagName on session 6ee0dd2bb23510cf457897c70875d0db to remote] DEBUG org.asynchttpclient.netty.request.NettyRequestSender - Using open Channel [id: 0x9fe36d7e, L:/127.0.0.1:61044 - R:localhost/127.0.0.1:39720] for GET '/session/6ee0dd2bb23510cf457897c70875d0db/element/6E916A5D5D1EE97A0CA2E449B6A5A74B_element_5/name'
02:10:00.909 [AsyncHttpClient-1-11] DEBUG org.asynchttpclient.netty.handler.HttpHandler - 

Request DefaultFullHttpRequest(decodeResult: success, version: HTTP/1.1, content: EmptyByteBufBE)
GET /session/6ee0dd2bb23510cf457897c70875d0db/element/6E916A5D5D1EE97A0CA2E449B6A5A74B_element_5/name HTTP/1.1
User-Agent: selenium/4.8.1 (java windows)
Cache-Control: no-cache
Content-Type: application/json; charset=utf-8
host: localhost:39720
accept: */*

Response DefaultHttpResponse(decodeResult: success, version: HTTP/1.1)
HTTP/1.1 200 OK
Content-Length: 18
Content-Type: application/json; charset=utf-8
cache-control: no-cache

02:10:00.909 [AsyncHttpClient-1-11] DEBUG org.asynchttpclient.netty.channel.ChannelManager - Adding key: http://localhost:39720 for channel [id: 0x9fe36d7e, L:/127.0.0.1:61044 - R:localhost/127.0.0.1:39720]
02:10:00.914 [Forwarding isElementEnabled on session 6ee0dd2bb23510cf457897c70875d0db to remote] DEBUG org.asynchttpclient.netty.request.NettyRequestSender - Using pooled Channel '[id: 0x9fe36d7e, L:/127.0.0.1:61044 - R:localhost/127.0.0.1:39720]' for 'GET' to 'http://localhost:39720/session/6ee0dd2bb23510cf457897c70875d0db/element/6E916A5D5D1EE97A0CA2E449B6A5A74B_element_5/enabled'
02:10:00.914 [Forwarding isElementEnabled on session 6ee0dd2bb23510cf457897c70875d0db to remote] DEBUG org.asynchttpclient.netty.request.NettyRequestSender - Using open Channel [id: 0x9fe36d7e, L:/127.0.0.1:61044 - R:localhost/127.0.0.1:39720] for GET '/session/6ee0dd2bb23510cf457897c70875d0db/element/6E916A5D5D1EE97A0CA2E449B6A5A74B_element_5/enabled'
02:10:00.940 [AsyncHttpClient-1-11] DEBUG org.asynchttpclient.netty.handler.HttpHandler - 

Request DefaultFullHttpRequest(decodeResult: success, version: HTTP/1.1, content: EmptyByteBufBE)
GET /session/6ee0dd2bb23510cf457897c70875d0db/element/6E916A5D5D1EE97A0CA2E449B6A5A74B_element_5/enabled HTTP/1.1
User-Agent: selenium/4.8.1 (java windows)
Cache-Control: no-cache
Content-Type: application/json; charset=utf-8
host: localhost:39720
accept: */*

Response DefaultHttpResponse(decodeResult: success, version: HTTP/1.1)
HTTP/1.1 200 OK
Content-Length: 14
Content-Type: application/json; charset=utf-8
cache-control: no-cache

02:10:00.940 [AsyncHttpClient-1-11] DEBUG org.asynchttpclient.netty.channel.ChannelManager - Adding key: http://localhost:39720 for channel [id: 0x9fe36d7e, L:/127.0.0.1:61044 - R:localhost/127.0.0.1:39720]
02:10:00.943 [Forwarding isElementEnabled on session 6ee0dd2bb23510cf457897c70875d0db to remote] DEBUG org.asynchttpclient.netty.request.NettyRequestSender - Using pooled Channel '[id: 0x9fe36d7e, L:/127.0.0.1:61044 - R:localhost/127.0.0.1:39720]' for 'GET' to 'http://localhost:39720/session/6ee0dd2bb23510cf457897c70875d0db/element/6E916A5D5D1EE97A0CA2E449B6A5A74B_element_5/enabled'
02:10:00.943 [Forwarding isElementEnabled on session 6ee0dd2bb23510cf457897c70875d0db to remote] DEBUG org.asynchttpclient.netty.request.NettyRequestSender - Using open Channel [id: 0x9fe36d7e, L:/127.0.0.1:61044 - R:localhost/127.0.0.1:39720] for GET '/session/6ee0dd2bb23510cf457897c70875d0db/element/6E916A5D5D1EE97A0CA2E449B6A5A74B_element_5/enabled'
02:10:00.958 [AsyncHttpClient-1-11] DEBUG org.asynchttpclient.netty.handler.HttpHandler - 

Request DefaultFullHttpRequest(decodeResult: success, version: HTTP/1.1, content: EmptyByteBufBE)
GET /session/6ee0dd2bb23510cf457897c70875d0db/element/6E916A5D5D1EE97A0CA2E449B6A5A74B_element_5/enabled HTTP/1.1
User-Agent: selenium/4.8.1 (java windows)
Cache-Control: no-cache
Content-Type: application/json; charset=utf-8
host: localhost:39720
accept: */*

Response DefaultHttpResponse(decodeResult: success, version: HTTP/1.1)
HTTP/1.1 200 OK
Content-Length: 14
Content-Type: application/json; charset=utf-8
cache-control: no-cache

02:10:00.958 [AsyncHttpClient-1-11] DEBUG org.asynchttpclient.netty.channel.ChannelManager - Adding key: http://localhost:39720 for channel [id: 0x9fe36d7e, L:/127.0.0.1:61044 - R:localhost/127.0.0.1:39720]
02:10:00.962 [Forwarding findElement on session 6ee0dd2bb23510cf457897c70875d0db to remote] DEBUG org.asynchttpclient.netty.request.NettyRequestSender - Using pooled Channel '[id: 0x9fe36d7e, L:/127.0.0.1:61044 - R:localhost/127.0.0.1:39720]' for 'POST' to 'http://localhost:39720/session/6ee0dd2bb23510cf457897c70875d0db/element'
02:10:00.962 [Forwarding findElement on session 6ee0dd2bb23510cf457897c70875d0db to remote] DEBUG org.asynchttpclient.netty.request.NettyRequestSender - Using open Channel [id: 0x9fe36d7e, L:/127.0.0.1:61044 - R:localhost/127.0.0.1:39720] for POST '/session/6ee0dd2bb23510cf457897c70875d0db/element'
02:10:00.980 [AsyncHttpClient-1-11] DEBUG org.asynchttpclient.netty.handler.HttpHandler - 

Request DefaultHttpRequest(decodeResult: success, version: HTTP/1.1)
POST /session/6ee0dd2bb23510cf457897c70875d0db/element HTTP/1.1
User-Agent: selenium/4.8.1 (java windows)
Content-Length: 266
Content-Type: application/json; charset=utf-8
host: localhost:39720
accept: */*

Response DefaultHttpResponse(decodeResult: success, version: HTTP/1.1)
HTTP/1.1 200 OK
Content-Length: 94
Content-Type: application/json; charset=utf-8
cache-control: no-cache

02:10:00.981 [AsyncHttpClient-1-11] DEBUG org.asynchttpclient.netty.channel.ChannelManager - Adding key: http://localhost:39720 for channel [id: 0x9fe36d7e, L:/127.0.0.1:61044 - R:localhost/127.0.0.1:39720]
02:10:00.983 [Forwarding clickElement on session 6ee0dd2bb23510cf457897c70875d0db to remote] DEBUG org.asynchttpclient.netty.request.NettyRequestSender - Using pooled Channel '[id: 0x9fe36d7e, L:/127.0.0.1:61044 - R:localhost/127.0.0.1:39720]' for 'POST' to 'http://localhost:39720/session/6ee0dd2bb23510cf457897c70875d0db/element/6E916A5D5D1EE97A0CA2E449B6A5A74B_element_5/click'
02:10:00.984 [Forwarding clickElement on session 6ee0dd2bb23510cf457897c70875d0db to remote] DEBUG org.asynchttpclient.netty.request.NettyRequestSender - Using open Channel [id: 0x9fe36d7e, L:/127.0.0.1:61044 - R:localhost/127.0.0.1:39720] for POST '/session/6ee0dd2bb23510cf457897c70875d0db/element/6E916A5D5D1EE97A0CA2E449B6A5A74B_element_5/click'
02:10:01.176 [AsyncHttpClient-1-11] DEBUG org.asynchttpclient.netty.handler.HttpHandler - 

Request DefaultHttpRequest(decodeResult: success, version: HTTP/1.1)
POST /session/6ee0dd2bb23510cf457897c70875d0db/element/6E916A5D5D1EE97A0CA2E449B6A5A74B_element_5/click HTTP/1.1
User-Agent: selenium/4.8.1 (java windows)
Content-Length: 56
Content-Type: application/json; charset=utf-8
host: localhost:39720
accept: */*

Response DefaultHttpResponse(decodeResult: success, version: HTTP/1.1)
HTTP/1.1 200 OK
Content-Length: 14
Content-Type: application/json; charset=utf-8
cache-control: no-cache

02:10:01.176 [AsyncHttpClient-1-11] DEBUG org.asynchttpclient.netty.channel.ChannelManager - Adding key: http://localhost:39720 for channel [id: 0x9fe36d7e, L:/127.0.0.1:61044 - R:localhost/127.0.0.1:39720]
02:10:01.192 [Forwarding getAlertText on session 6ee0dd2bb23510cf457897c70875d0db to remote] DEBUG org.asynchttpclient.netty.request.NettyRequestSender - Using pooled Channel '[id: 0x9fe36d7e, L:/127.0.0.1:61044 - R:localhost/127.0.0.1:39720]' for 'GET' to 'http://localhost:39720/session/6ee0dd2bb23510cf457897c70875d0db/alert/text'
02:10:01.192 [Forwarding getAlertText on session 6ee0dd2bb23510cf457897c70875d0db to remote] DEBUG org.asynchttpclient.netty.request.NettyRequestSender - Using open Channel [id: 0x9fe36d7e, L:/127.0.0.1:61044 - R:localhost/127.0.0.1:39720] for GET '/session/6ee0dd2bb23510cf457897c70875d0db/alert/text'
02:10:01.196 [AsyncHttpClient-1-11] DEBUG org.asynchttpclient.netty.handler.HttpHandler - 

Request DefaultFullHttpRequest(decodeResult: success, version: HTTP/1.1, content: EmptyByteBufBE)
GET /session/6ee0dd2bb23510cf457897c70875d0db/alert/text HTTP/1.1
User-Agent: selenium/4.8.1 (java windows)
Cache-Control: no-cache
Content-Type: application/json; charset=utf-8
host: localhost:39720
accept: */*

Response DefaultHttpResponse(decodeResult: success, version: HTTP/1.1)
HTTP/1.1 404 Not Found
Content-Length: 828
Content-Type: application/json; charset=utf-8
cache-control: no-cache

02:10:01.196 [AsyncHttpClient-1-11] DEBUG org.asynchttpclient.netty.channel.ChannelManager - Adding key: http://localhost:39720 for channel [id: 0x9fe36d7e, L:/127.0.0.1:61044 - R:localhost/127.0.0.1:39720]
02:10:01.199 [Forwarding getCurrentUrl on session 6ee0dd2bb23510cf457897c70875d0db to remote] DEBUG org.asynchttpclient.netty.request.NettyRequestSender - Using pooled Channel '[id: 0x9fe36d7e, L:/127.0.0.1:61044 - R:localhost/127.0.0.1:39720]' for 'GET' to 'http://localhost:39720/session/6ee0dd2bb23510cf457897c70875d0db/url'
02:10:01.200 [Forwarding getCurrentUrl on session 6ee0dd2bb23510cf457897c70875d0db to remote] DEBUG org.asynchttpclient.netty.request.NettyRequestSender - Using open Channel [id: 0x9fe36d7e, L:/127.0.0.1:61044 - R:localhost/127.0.0.1:39720] for GET '/session/6ee0dd2bb23510cf457897c70875d0db/url'
02:10:01.211 [AsyncHttpClient-1-11] DEBUG org.asynchttpclient.netty.handler.HttpHandler - 

Request DefaultFullHttpRequest(decodeResult: success, version: HTTP/1.1, content: EmptyByteBufBE)
GET /session/6ee0dd2bb23510cf457897c70875d0db/url HTTP/1.1
User-Agent: selenium/4.8.1 (java windows)
Cache-Control: no-cache
Content-Type: application/json; charset=utf-8
host: localhost:39720
accept: */*

Response DefaultHttpResponse(decodeResult: success, version: HTTP/1.1)
HTTP/1.1 200 OK
Content-Length: 56
Content-Type: application/json; charset=utf-8
cache-control: no-cache

02:10:01.211 [AsyncHttpClient-1-11] DEBUG org.asynchttpclient.netty.channel.ChannelManager - Adding key: http://localhost:39720 for channel [id: 0x9fe36d7e, L:/127.0.0.1:61044 - R:localhost/127.0.0.1:39720]
02:10:01.213 [Forwarding screenshot on session 6ee0dd2bb23510cf457897c70875d0db to remote] DEBUG org.asynchttpclient.netty.request.NettyRequestSender - Using pooled Channel '[id: 0x9fe36d7e, L:/127.0.0.1:61044 - R:localhost/127.0.0.1:39720]' for 'GET' to 'http://localhost:39720/session/6ee0dd2bb23510cf457897c70875d0db/screenshot'
02:10:01.213 [Forwarding screenshot on session 6ee0dd2bb23510cf457897c70875d0db to remote] DEBUG org.asynchttpclient.netty.request.NettyRequestSender - Using open Channel [id: 0x9fe36d7e, L:/127.0.0.1:61044 - R:localhost/127.0.0.1:39720] for GET '/session/6ee0dd2bb23510cf457897c70875d0db/screenshot'
02:10:01.233 [AsyncHttpClient-1-1] DEBUG org.asynchttpclient.netty.channel.DefaultChannelPool - Entry count for : http://localhost:61045 : 1
02:10:01.527 [AsyncHttpClient-1-11] DEBUG org.asynchttpclient.netty.handler.HttpHandler - 

Request DefaultFullHttpRequest(decodeResult: success, version: HTTP/1.1, content: EmptyByteBufBE)
GET /session/6ee0dd2bb23510cf457897c70875d0db/screenshot HTTP/1.1
User-Agent: selenium/4.8.1 (java windows)
Cache-Control: no-cache
Content-Type: application/json; charset=utf-8
host: localhost:39720
accept: */*

Response DefaultHttpResponse(decodeResult: success, version: HTTP/1.1)
HTTP/1.1 200 OK
Content-Length: 115920
Content-Type: application/json; charset=utf-8
cache-control: no-cache

02:10:01.528 [AsyncHttpClient-1-11] DEBUG org.asynchttpclient.netty.channel.ChannelManager - Adding key: http://localhost:39720 for channel [id: 0x9fe36d7e, L:/127.0.0.1:61044 - R:localhost/127.0.0.1:39720]
02:10:01.533 [main] DEBUG net.serenitybdd.core.photography.Darkroom - Send negative for processing for target\site\serenity\17b761db86950adf452c33ac0c5826e70494a35b1202adb5e49aa124d82ed99d.png
02:10:01.536 [Forwarding getPageSource on session 6ee0dd2bb23510cf457897c70875d0db to remote] DEBUG org.asynchttpclient.netty.request.NettyRequestSender - Using pooled Channel '[id: 0x9fe36d7e, L:/127.0.0.1:61044 - R:localhost/127.0.0.1:39720]' for 'POST' to 'http://localhost:39720/session/6ee0dd2bb23510cf457897c70875d0db/execute/sync'
02:10:01.536 [Forwarding getPageSource on session 6ee0dd2bb23510cf457897c70875d0db to remote] DEBUG org.asynchttpclient.netty.request.NettyRequestSender - Using open Channel [id: 0x9fe36d7e, L:/127.0.0.1:61044 - R:localhost/127.0.0.1:39720] for POST '/session/6ee0dd2bb23510cf457897c70875d0db/execute/sync'
02:10:01.546 [AsyncHttpClient-1-11] DEBUG org.asynchttpclient.netty.handler.HttpHandler - 

Request DefaultHttpRequest(decodeResult: success, version: HTTP/1.1)
POST /session/6ee0dd2bb23510cf457897c70875d0db/execute/sync HTTP/1.1
User-Agent: selenium/4.8.1 (java windows)
Content-Length: 176
Content-Type: application/json; charset=utf-8
host: localhost:39720
accept: */*

Response DefaultHttpResponse(decodeResult: success, version: HTTP/1.1)
HTTP/1.1 200 OK
Content-Length: 3427
Content-Type: application/json; charset=utf-8
cache-control: no-cache

02:10:01.546 [AsyncHttpClient-1-11] DEBUG org.asynchttpclient.netty.channel.ChannelManager - Adding key: http://localhost:39720 for channel [id: 0x9fe36d7e, L:/127.0.0.1:61044 - R:localhost/127.0.0.1:39720]
02:10:01.549 [Forwarding getCurrentUrl on session 6ee0dd2bb23510cf457897c70875d0db to remote] DEBUG org.asynchttpclient.netty.request.NettyRequestSender - Using pooled Channel '[id: 0x9fe36d7e, L:/127.0.0.1:61044 - R:localhost/127.0.0.1:39720]' for 'GET' to 'http://localhost:39720/session/6ee0dd2bb23510cf457897c70875d0db/url'
02:10:01.549 [Forwarding getCurrentUrl on session 6ee0dd2bb23510cf457897c70875d0db to remote] DEBUG org.asynchttpclient.netty.request.NettyRequestSender - Using open Channel [id: 0x9fe36d7e, L:/127.0.0.1:61044 - R:localhost/127.0.0.1:39720] for GET '/session/6ee0dd2bb23510cf457897c70875d0db/url'
02:10:01.558 [AsyncHttpClient-1-11] DEBUG org.asynchttpclient.netty.handler.HttpHandler - 

Request DefaultFullHttpRequest(decodeResult: success, version: HTTP/1.1, content: EmptyByteBufBE)
GET /session/6ee0dd2bb23510cf457897c70875d0db/url HTTP/1.1
User-Agent: selenium/4.8.1 (java windows)
Cache-Control: no-cache
Content-Type: application/json; charset=utf-8
host: localhost:39720
accept: */*

Response DefaultHttpResponse(decodeResult: success, version: HTTP/1.1)
HTTP/1.1 200 OK
Content-Length: 56
Content-Type: application/json; charset=utf-8
cache-control: no-cache

02:10:01.559 [AsyncHttpClient-1-11] DEBUG org.asynchttpclient.netty.channel.ChannelManager - Adding key: http://localhost:39720 for channel [id: 0x9fe36d7e, L:/127.0.0.1:61044 - R:localhost/127.0.0.1:39720]
02:10:01.570 [main] DEBUG net.thucydides.core.steps.StepInterceptor - STEP DONE: clickIntoTheDashboard
  &amp#27;[32mWhen &amp#27;[0m&amp#27;[32mI click get into the dashboard button&amp#27;[0m                         &amp#27;[90m# starter.stepdefinitions.LoginSteps.clickGetIntoTheDashboardButton()&amp#27;[0m
02:10:01.600 [Forwarding getAlertText on session 6ee0dd2bb23510cf457897c70875d0db to remote] DEBUG org.asynchttpclient.netty.request.NettyRequestSender - Using pooled Channel '[id: 0x9fe36d7e, L:/127.0.0.1:61044 - R:localhost/127.0.0.1:39720]' for 'GET' to 'http://localhost:39720/session/6ee0dd2bb23510cf457897c70875d0db/alert/text'
02:10:01.600 [Forwarding getAlertText on session 6ee0dd2bb23510cf457897c70875d0db to remote] DEBUG org.asynchttpclient.netty.request.NettyRequestSender - Using open Channel [id: 0x9fe36d7e, L:/127.0.0.1:61044 - R:localhost/127.0.0.1:39720] for GET '/session/6ee0dd2bb23510cf457897c70875d0db/alert/text'
02:10:01.604 [AsyncHttpClient-1-11] DEBUG org.asynchttpclient.netty.handler.HttpHandler - 

Request DefaultFullHttpRequest(decodeResult: success, version: HTTP/1.1, content: EmptyByteBufBE)
GET /session/6ee0dd2bb23510cf457897c70875d0db/alert/text HTTP/1.1
User-Agent: selenium/4.8.1 (java windows)
Cache-Control: no-cache
Content-Type: application/json; charset=utf-8
host: localhost:39720
accept: */*

Response DefaultHttpResponse(decodeResult: success, version: HTTP/1.1)
HTTP/1.1 404 Not Found
Content-Length: 828
Content-Type: application/json; charset=utf-8
cache-control: no-cache

02:10:01.604 [AsyncHttpClient-1-11] DEBUG org.asynchttpclient.netty.channel.ChannelManager - Adding key: http://localhost:39720 for channel [id: 0x9fe36d7e, L:/127.0.0.1:61044 - R:localhost/127.0.0.1:39720]
02:10:01.606 [Forwarding getCurrentUrl on session 6ee0dd2bb23510cf457897c70875d0db to remote] DEBUG org.asynchttpclient.netty.request.NettyRequestSender - Using pooled Channel '[id: 0x9fe36d7e, L:/127.0.0.1:61044 - R:localhost/127.0.0.1:39720]' for 'GET' to 'http://localhost:39720/session/6ee0dd2bb23510cf457897c70875d0db/url'
02:10:01.606 [Forwarding getCurrentUrl on session 6ee0dd2bb23510cf457897c70875d0db to remote] DEBUG org.asynchttpclient.netty.request.NettyRequestSender - Using open Channel [id: 0x9fe36d7e, L:/127.0.0.1:61044 - R:localhost/127.0.0.1:39720] for GET '/session/6ee0dd2bb23510cf457897c70875d0db/url'
02:10:01.615 [AsyncHttpClient-1-11] DEBUG org.asynchttpclient.netty.handler.HttpHandler - 

Request DefaultFullHttpRequest(decodeResult: success, version: HTTP/1.1, content: EmptyByteBufBE)
GET /session/6ee0dd2bb23510cf457897c70875d0db/url HTTP/1.1
User-Agent: selenium/4.8.1 (java windows)
Cache-Control: no-cache
Content-Type: application/json; charset=utf-8
host: localhost:39720
accept: */*

Response DefaultHttpResponse(decodeResult: success, version: HTTP/1.1)
HTTP/1.1 200 OK
Content-Length: 56
Content-Type: application/json; charset=utf-8
cache-control: no-cache

02:10:01.615 [AsyncHttpClient-1-11] DEBUG org.asynchttpclient.netty.channel.ChannelManager - Adding key: http://localhost:39720 for channel [id: 0x9fe36d7e, L:/127.0.0.1:61044 - R:localhost/127.0.0.1:39720]
02:10:01.617 [Forwarding screenshot on session 6ee0dd2bb23510cf457897c70875d0db to remote] DEBUG org.asynchttpclient.netty.request.NettyRequestSender - Using pooled Channel '[id: 0x9fe36d7e, L:/127.0.0.1:61044 - R:localhost/127.0.0.1:39720]' for 'GET' to 'http://localhost:39720/session/6ee0dd2bb23510cf457897c70875d0db/screenshot'
02:10:01.617 [Forwarding screenshot on session 6ee0dd2bb23510cf457897c70875d0db to remote] DEBUG org.asynchttpclient.netty.request.NettyRequestSender - Using open Channel [id: 0x9fe36d7e, L:/127.0.0.1:61044 - R:localhost/127.0.0.1:39720] for GET '/session/6ee0dd2bb23510cf457897c70875d0db/screenshot'
02:10:01.917 [AsyncHttpClient-1-11] DEBUG org.asynchttpclient.netty.handler.HttpHandler - 

Request DefaultFullHttpRequest(decodeResult: success, version: HTTP/1.1, content: EmptyByteBufBE)
GET /session/6ee0dd2bb23510cf457897c70875d0db/screenshot HTTP/1.1
User-Agent: selenium/4.8.1 (java windows)
Cache-Control: no-cache
Content-Type: application/json; charset=utf-8
host: localhost:39720
accept: */*

Response DefaultHttpResponse(decodeResult: success, version: HTTP/1.1)
HTTP/1.1 200 OK
Content-Length: 115920
Content-Type: application/json; charset=utf-8
cache-control: no-cache

02:10:01.918 [AsyncHttpClient-1-11] DEBUG org.asynchttpclient.netty.channel.ChannelManager - Adding key: http://localhost:39720 for channel [id: 0x9fe36d7e, L:/127.0.0.1:61044 - R:localhost/127.0.0.1:39720]
02:10:01.925 [main] DEBUG net.serenitybdd.core.photography.Darkroom - Send negative for processing for target\site\serenity\17b761db86950adf452c33ac0c5826e70494a35b1202adb5e49aa124d82ed99d.png
02:10:01.927 [Forwarding getPageSource on session 6ee0dd2bb23510cf457897c70875d0db to remote] DEBUG org.asynchttpclient.netty.request.NettyRequestSender - Using pooled Channel '[id: 0x9fe36d7e, L:/127.0.0.1:61044 - R:localhost/127.0.0.1:39720]' for 'POST' to 'http://localhost:39720/session/6ee0dd2bb23510cf457897c70875d0db/execute/sync'
02:10:01.928 [Forwarding getPageSource on session 6ee0dd2bb23510cf457897c70875d0db to remote] DEBUG org.asynchttpclient.netty.request.NettyRequestSender - Using open Channel [id: 0x9fe36d7e, L:/127.0.0.1:61044 - R:localhost/127.0.0.1:39720] for POST '/session/6ee0dd2bb23510cf457897c70875d0db/execute/sync'
02:10:01.939 [AsyncHttpClient-1-11] DEBUG org.asynchttpclient.netty.handler.HttpHandler - 

Request DefaultHttpRequest(decodeResult: success, version: HTTP/1.1)
POST /session/6ee0dd2bb23510cf457897c70875d0db/execute/sync HTTP/1.1
User-Agent: selenium/4.8.1 (java windows)
Content-Length: 176
Content-Type: application/json; charset=utf-8
host: localhost:39720
accept: */*

Response DefaultHttpResponse(decodeResult: success, version: HTTP/1.1)
HTTP/1.1 200 OK
Content-Length: 3427
Content-Type: application/json; charset=utf-8
cache-control: no-cache

02:10:01.940 [AsyncHttpClient-1-11] DEBUG org.asynchttpclient.netty.channel.ChannelManager - Adding key: http://localhost:39720 for channel [id: 0x9fe36d7e, L:/127.0.0.1:61044 - R:localhost/127.0.0.1:39720]
02:10:01.943 [Forwarding getCurrentUrl on session 6ee0dd2bb23510cf457897c70875d0db to remote] DEBUG org.asynchttpclient.netty.request.NettyRequestSender - Using pooled Channel '[id: 0x9fe36d7e, L:/127.0.0.1:61044 - R:localhost/127.0.0.1:39720]' for 'GET' to 'http://localhost:39720/session/6ee0dd2bb23510cf457897c70875d0db/url'
02:10:01.943 [Forwarding getCurrentUrl on session 6ee0dd2bb23510cf457897c70875d0db to remote] DEBUG org.asynchttpclient.netty.request.NettyRequestSender - Using open Channel [id: 0x9fe36d7e, L:/127.0.0.1:61044 - R:localhost/127.0.0.1:39720] for GET '/session/6ee0dd2bb23510cf457897c70875d0db/url'
02:10:01.954 [AsyncHttpClient-1-11] DEBUG org.asynchttpclient.netty.handler.HttpHandler - 

Request DefaultFullHttpRequest(decodeResult: success, version: HTTP/1.1, content: EmptyByteBufBE)
GET /session/6ee0dd2bb23510cf457897c70875d0db/url HTTP/1.1
User-Agent: selenium/4.8.1 (java windows)
Cache-Control: no-cache
Content-Type: application/json; charset=utf-8
host: localhost:39720
accept: */*

Response DefaultHttpResponse(decodeResult: success, version: HTTP/1.1)
HTTP/1.1 200 OK
Content-Length: 56
Content-Type: application/json; charset=utf-8
cache-control: no-cache

02:10:01.954 [AsyncHttpClient-1-11] DEBUG org.asynchttpclient.netty.channel.ChannelManager - Adding key: http://localhost:39720 for channel [id: 0x9fe36d7e, L:/127.0.0.1:61044 - R:localhost/127.0.0.1:39720]
02:10:01.977 [Forwarding getPageSource on session 6ee0dd2bb23510cf457897c70875d0db to remote] DEBUG org.asynchttpclient.netty.request.NettyRequestSender - Using pooled Channel '[id: 0x9fe36d7e, L:/127.0.0.1:61044 - R:localhost/127.0.0.1:39720]' for 'POST' to 'http://localhost:39720/session/6ee0dd2bb23510cf457897c70875d0db/execute/sync'
02:10:01.978 [Forwarding getPageSource on session 6ee0dd2bb23510cf457897c70875d0db to remote] DEBUG org.asynchttpclient.netty.request.NettyRequestSender - Using open Channel [id: 0x9fe36d7e, L:/127.0.0.1:61044 - R:localhost/127.0.0.1:39720] for POST '/session/6ee0dd2bb23510cf457897c70875d0db/execute/sync'
02:10:01.990 [AsyncHttpClient-1-11] DEBUG org.asynchttpclient.netty.handler.HttpHandler - 

Request DefaultHttpRequest(decodeResult: success, version: HTTP/1.1)
POST /session/6ee0dd2bb23510cf457897c70875d0db/execute/sync HTTP/1.1
User-Agent: selenium/4.8.1 (java windows)
Content-Length: 176
Content-Type: application/json; charset=utf-8
host: localhost:39720
accept: */*

Response DefaultHttpResponse(decodeResult: success, version: HTTP/1.1)
HTTP/1.1 200 OK
Content-Length: 3427
Content-Type: application/json; charset=utf-8
cache-control: no-cache

02:10:01.990 [AsyncHttpClient-1-11] DEBUG org.asynchttpclient.netty.channel.ChannelManager - Adding key: http://localhost:39720 for channel [id: 0x9fe36d7e, L:/127.0.0.1:61044 - R:localhost/127.0.0.1:39720]
02:10:01.993 [Forwarding getCurrentUrl on session 6ee0dd2bb23510cf457897c70875d0db to remote] DEBUG org.asynchttpclient.netty.request.NettyRequestSender - Using pooled Channel '[id: 0x9fe36d7e, L:/127.0.0.1:61044 - R:localhost/127.0.0.1:39720]' for 'GET' to 'http://localhost:39720/session/6ee0dd2bb23510cf457897c70875d0db/url'
02:10:01.993 [Forwarding getCurrentUrl on session 6ee0dd2bb23510cf457897c70875d0db to remote] DEBUG org.asynchttpclient.netty.request.NettyRequestSender - Using open Channel [id: 0x9fe36d7e, L:/127.0.0.1:61044 - R:localhost/127.0.0.1:39720] for GET '/session/6ee0dd2bb23510cf457897c70875d0db/url'
02:10:02.004 [AsyncHttpClient-1-11] DEBUG org.asynchttpclient.netty.handler.HttpHandler - 

Request DefaultFullHttpRequest(decodeResult: success, version: HTTP/1.1, content: EmptyByteBufBE)
GET /session/6ee0dd2bb23510cf457897c70875d0db/url HTTP/1.1
User-Agent: selenium/4.8.1 (java windows)
Cache-Control: no-cache
Content-Type: application/json; charset=utf-8
host: localhost:39720
accept: */*

Response DefaultHttpResponse(decodeResult: success, version: HTTP/1.1)
HTTP/1.1 200 OK
Content-Length: 56
Content-Type: application/json; charset=utf-8
cache-control: no-cache

02:10:02.004 [AsyncHttpClient-1-11] DEBUG org.asynchttpclient.netty.channel.ChannelManager - Adding key: http://localhost:39720 for channel [id: 0x9fe36d7e, L:/127.0.0.1:61044 - R:localhost/127.0.0.1:39720]
02:10:02.008 [main] DEBUG net.thucydides.core.steps.StepInterceptor - STARTING STEP: LoginSteps.enterEmptyUsername - enterUsername
02:10:02.013 [Forwarding findElement on session 6ee0dd2bb23510cf457897c70875d0db to remote] DEBUG org.asynchttpclient.netty.request.NettyRequestSender - Using pooled Channel '[id: 0x9fe36d7e, L:/127.0.0.1:61044 - R:localhost/127.0.0.1:39720]' for 'POST' to 'http://localhost:39720/session/6ee0dd2bb23510cf457897c70875d0db/element'
02:10:02.013 [Forwarding findElement on session 6ee0dd2bb23510cf457897c70875d0db to remote] DEBUG org.asynchttpclient.netty.request.NettyRequestSender - Using open Channel [id: 0x9fe36d7e, L:/127.0.0.1:61044 - R:localhost/127.0.0.1:39720] for POST '/session/6ee0dd2bb23510cf457897c70875d0db/element'
02:10:02.043 [AsyncHttpClient-1-11] DEBUG org.asynchttpclient.netty.handler.HttpHandler - 

Request DefaultHttpRequest(decodeResult: success, version: HTTP/1.1)
POST /session/6ee0dd2bb23510cf457897c70875d0db/element HTTP/1.1
User-Agent: selenium/4.8.1 (java windows)
Content-Length: 53
Content-Type: application/json; charset=utf-8
host: localhost:39720
accept: */*

Response DefaultHttpResponse(decodeResult: success, version: HTTP/1.1)
HTTP/1.1 200 OK
Content-Length: 95
Content-Type: application/json; charset=utf-8
cache-control: no-cache

02:10:02.043 [AsyncHttpClient-1-11] DEBUG org.asynchttpclient.netty.channel.ChannelManager - Adding key: http://localhost:39720 for channel [id: 0x9fe36d7e, L:/127.0.0.1:61044 - R:localhost/127.0.0.1:39720]
02:10:02.046 [Forwarding clearElement on session 6ee0dd2bb23510cf457897c70875d0db to remote] DEBUG org.asynchttpclient.netty.request.NettyRequestSender - Using pooled Channel '[id: 0x9fe36d7e, L:/127.0.0.1:61044 - R:localhost/127.0.0.1:39720]' for 'POST' to 'http://localhost:39720/session/6ee0dd2bb23510cf457897c70875d0db/element/6E916A5D5D1EE97A0CA2E449B6A5A74B_element_13/clear'
02:10:02.046 [Forwarding clearElement on session 6ee0dd2bb23510cf457897c70875d0db to remote] DEBUG org.asynchttpclient.netty.request.NettyRequestSender - Using open Channel [id: 0x9fe36d7e, L:/127.0.0.1:61044 - R:localhost/127.0.0.1:39720] for POST '/session/6ee0dd2bb23510cf457897c70875d0db/element/6E916A5D5D1EE97A0CA2E449B6A5A74B_element_13/clear'
02:10:02.129 [AsyncHttpClient-1-11] DEBUG org.asynchttpclient.netty.handler.HttpHandler - 

Request DefaultHttpRequest(decodeResult: success, version: HTTP/1.1)
POST /session/6ee0dd2bb23510cf457897c70875d0db/element/6E916A5D5D1EE97A0CA2E449B6A5A74B_element_13/clear HTTP/1.1
User-Agent: selenium/4.8.1 (java windows)
Content-Length: 57
Content-Type: application/json; charset=utf-8
host: localhost:39720
accept: */*

Response DefaultHttpResponse(decodeResult: success, version: HTTP/1.1)
HTTP/1.1 200 OK
Content-Length: 14
Content-Type: application/json; charset=utf-8
cache-control: no-cache

02:10:02.129 [AsyncHttpClient-1-11] DEBUG org.asynchttpclient.netty.channel.ChannelManager - Adding key: http://localhost:39720 for channel [id: 0x9fe36d7e, L:/127.0.0.1:61044 - R:localhost/127.0.0.1:39720]
02:10:02.132 [Forwarding sendKeysToElement on session 6ee0dd2bb23510cf457897c70875d0db to remote] DEBUG org.asynchttpclient.netty.request.NettyRequestSender - Using pooled Channel '[id: 0x9fe36d7e, L:/127.0.0.1:61044 - R:localhost/127.0.0.1:39720]' for 'POST' to 'http://localhost:39720/session/6ee0dd2bb23510cf457897c70875d0db/element/6E916A5D5D1EE97A0CA2E449B6A5A74B_element_13/value'
02:10:02.132 [Forwarding sendKeysToElement on session 6ee0dd2bb23510cf457897c70875d0db to remote] DEBUG org.asynchttpclient.netty.request.NettyRequestSender - Using open Channel [id: 0x9fe36d7e, L:/127.0.0.1:61044 - R:localhost/127.0.0.1:39720] for POST '/session/6ee0dd2bb23510cf457897c70875d0db/element/6E916A5D5D1EE97A0CA2E449B6A5A74B_element_13/value'
02:10:02.291 [AsyncHttpClient-1-11] DEBUG org.asynchttpclient.netty.handler.HttpHandler - 

Request DefaultHttpRequest(decodeResult: success, version: HTTP/1.1)
POST /session/6ee0dd2bb23510cf457897c70875d0db/element/6E916A5D5D1EE97A0CA2E449B6A5A74B_element_13/value HTTP/1.1
User-Agent: selenium/4.8.1 (java windows)
Content-Length: 89
Content-Type: application/json; charset=utf-8
host: localhost:39720
accept: */*

Response DefaultHttpResponse(decodeResult: success, version: HTTP/1.1)
HTTP/1.1 200 OK
Content-Length: 14
Content-Type: application/json; charset=utf-8
cache-control: no-cache

02:10:02.291 [AsyncHttpClient-1-11] DEBUG org.asynchttpclient.netty.channel.ChannelManager - Adding key: http://localhost:39720 for channel [id: 0x9fe36d7e, L:/127.0.0.1:61044 - R:localhost/127.0.0.1:39720]
02:10:02.307 [Forwarding getAlertText on session 6ee0dd2bb23510cf457897c70875d0db to remote] DEBUG org.asynchttpclient.netty.request.NettyRequestSender - Using pooled Channel '[id: 0x9fe36d7e, L:/127.0.0.1:61044 - R:localhost/127.0.0.1:39720]' for 'GET' to 'http://localhost:39720/session/6ee0dd2bb23510cf457897c70875d0db/alert/text'
02:10:02.307 [Forwarding getAlertText on session 6ee0dd2bb23510cf457897c70875d0db to remote] DEBUG org.asynchttpclient.netty.request.NettyRequestSender - Using open Channel [id: 0x9fe36d7e, L:/127.0.0.1:61044 - R:localhost/127.0.0.1:39720] for GET '/session/6ee0dd2bb23510cf457897c70875d0db/alert/text'
02:10:02.310 [AsyncHttpClient-1-11] DEBUG org.asynchttpclient.netty.handler.HttpHandler - 

Request DefaultFullHttpRequest(decodeResult: success, version: HTTP/1.1, content: EmptyByteBufBE)
GET /session/6ee0dd2bb23510cf457897c70875d0db/alert/text HTTP/1.1
User-Agent: selenium/4.8.1 (java windows)
Cache-Control: no-cache
Content-Type: application/json; charset=utf-8
host: localhost:39720
accept: */*

Response DefaultHttpResponse(decodeResult: success, version: HTTP/1.1)
HTTP/1.1 404 Not Found
Content-Length: 828
Content-Type: application/json; charset=utf-8
cache-control: no-cache

02:10:02.310 [AsyncHttpClient-1-11] DEBUG org.asynchttpclient.netty.channel.ChannelManager - Adding key: http://localhost:39720 for channel [id: 0x9fe36d7e, L:/127.0.0.1:61044 - R:localhost/127.0.0.1:39720]
02:10:02.313 [Forwarding getCurrentUrl on session 6ee0dd2bb23510cf457897c70875d0db to remote] DEBUG org.asynchttpclient.netty.request.NettyRequestSender - Using pooled Channel '[id: 0x9fe36d7e, L:/127.0.0.1:61044 - R:localhost/127.0.0.1:39720]' for 'GET' to 'http://localhost:39720/session/6ee0dd2bb23510cf457897c70875d0db/url'
02:10:02.313 [Forwarding getCurrentUrl on session 6ee0dd2bb23510cf457897c70875d0db to remote] DEBUG org.asynchttpclient.netty.request.NettyRequestSender - Using open Channel [id: 0x9fe36d7e, L:/127.0.0.1:61044 - R:localhost/127.0.0.1:39720] for GET '/session/6ee0dd2bb23510cf457897c70875d0db/url'
02:10:02.324 [AsyncHttpClient-1-11] DEBUG org.asynchttpclient.netty.handler.HttpHandler - 

Request DefaultFullHttpRequest(decodeResult: success, version: HTTP/1.1, content: EmptyByteBufBE)
GET /session/6ee0dd2bb23510cf457897c70875d0db/url HTTP/1.1
User-Agent: selenium/4.8.1 (java windows)
Cache-Control: no-cache
Content-Type: application/json; charset=utf-8
host: localhost:39720
accept: */*

Response DefaultHttpResponse(decodeResult: success, version: HTTP/1.1)
HTTP/1.1 200 OK
Content-Length: 56
Content-Type: application/json; charset=utf-8
cache-control: no-cache

02:10:02.324 [AsyncHttpClient-1-11] DEBUG org.asynchttpclient.netty.channel.ChannelManager - Adding key: http://localhost:39720 for channel [id: 0x9fe36d7e, L:/127.0.0.1:61044 - R:localhost/127.0.0.1:39720]
02:10:02.326 [Forwarding screenshot on session 6ee0dd2bb23510cf457897c70875d0db to remote] DEBUG org.asynchttpclient.netty.request.NettyRequestSender - Using pooled Channel '[id: 0x9fe36d7e, L:/127.0.0.1:61044 - R:localhost/127.0.0.1:39720]' for 'GET' to 'http://localhost:39720/session/6ee0dd2bb23510cf457897c70875d0db/screenshot'
02:10:02.326 [Forwarding screenshot on session 6ee0dd2bb23510cf457897c70875d0db to remote] DEBUG org.asynchttpclient.netty.request.NettyRequestSender - Using open Channel [id: 0x9fe36d7e, L:/127.0.0.1:61044 - R:localhost/127.0.0.1:39720] for GET '/session/6ee0dd2bb23510cf457897c70875d0db/screenshot'
02:10:02.336 [AsyncHttpClient-1-1] DEBUG org.asynchttpclient.netty.channel.DefaultChannelPool - Entry count for : http://localhost:61045 : 1
02:10:02.654 [AsyncHttpClient-1-11] DEBUG org.asynchttpclient.netty.handler.HttpHandler - 

Request DefaultFullHttpRequest(decodeResult: success, version: HTTP/1.1, content: EmptyByteBufBE)
GET /session/6ee0dd2bb23510cf457897c70875d0db/screenshot HTTP/1.1
User-Agent: selenium/4.8.1 (java windows)
Cache-Control: no-cache
Content-Type: application/json; charset=utf-8
host: localhost:39720
accept: */*

Response DefaultHttpResponse(decodeResult: success, version: HTTP/1.1)
HTTP/1.1 200 OK
Content-Length: 116744
Content-Type: application/json; charset=utf-8
cache-control: no-cache

02:10:02.655 [AsyncHttpClient-1-11] DEBUG org.asynchttpclient.netty.channel.ChannelManager - Adding key: http://localhost:39720 for channel [id: 0x9fe36d7e, L:/127.0.0.1:61044 - R:localhost/127.0.0.1:39720]
02:10:02.661 [main] DEBUG net.serenitybdd.core.photography.Darkroom - Send negative for processing for target\site\serenity\95c2c795f10b264af17b1792d78faf2a4172274244e019cf9a9092881968a331.png
02:10:02.661 [Darkroom Processing Line] DEBUG net.serenitybdd.core.photography.DarkroomProcessingLine - Processing screenshot image in /var/screenshots/screenshot-2881620792020851312
02:10:02.661 [Darkroom Processing Line] DEBUG net.serenitybdd.core.photography.DarkroomProcessingLine - Saving screenshot to target\site\serenity\95c2c795f10b264af17b1792d78faf2a4172274244e019cf9a9092881968a331.png
02:10:02.662 [Forwarding getPageSource on session 6ee0dd2bb23510cf457897c70875d0db to remote] DEBUG org.asynchttpclient.netty.request.NettyRequestSender - Using pooled Channel '[id: 0x9fe36d7e, L:/127.0.0.1:61044 - R:localhost/127.0.0.1:39720]' for 'POST' to 'http://localhost:39720/session/6ee0dd2bb23510cf457897c70875d0db/execute/sync'
02:10:02.663 [Forwarding getPageSource on session 6ee0dd2bb23510cf457897c70875d0db to remote] DEBUG org.asynchttpclient.netty.request.NettyRequestSender - Using open Channel [id: 0x9fe36d7e, L:/127.0.0.1:61044 - R:localhost/127.0.0.1:39720] for POST '/session/6ee0dd2bb23510cf457897c70875d0db/execute/sync'
02:10:02.672 [AsyncHttpClient-1-11] DEBUG org.asynchttpclient.netty.handler.HttpHandler - 

Request DefaultHttpRequest(decodeResult: success, version: HTTP/1.1)
POST /session/6ee0dd2bb23510cf457897c70875d0db/execute/sync HTTP/1.1
User-Agent: selenium/4.8.1 (java windows)
Content-Length: 176
Content-Type: application/json; charset=utf-8
host: localhost:39720
accept: */*

Response DefaultHttpResponse(decodeResult: success, version: HTTP/1.1)
HTTP/1.1 200 OK
Content-Length: 3427
Content-Type: application/json; charset=utf-8
cache-control: no-cache

02:10:02.672 [AsyncHttpClient-1-11] DEBUG org.asynchttpclient.netty.channel.ChannelManager - Adding key: http://localhost:39720 for channel [id: 0x9fe36d7e, L:/127.0.0.1:61044 - R:localhost/127.0.0.1:39720]
02:10:02.675 [Forwarding getCurrentUrl on session 6ee0dd2bb23510cf457897c70875d0db to remote] DEBUG org.asynchttpclient.netty.request.NettyRequestSender - Using pooled Channel '[id: 0x9fe36d7e, L:/127.0.0.1:61044 - R:localhost/127.0.0.1:39720]' for 'GET' to 'http://localhost:39720/session/6ee0dd2bb23510cf457897c70875d0db/url'
02:10:02.676 [Forwarding getCurrentUrl on session 6ee0dd2bb23510cf457897c70875d0db to remote] DEBUG org.asynchttpclient.netty.request.NettyRequestSender - Using open Channel [id: 0x9fe36d7e, L:/127.0.0.1:61044 - R:localhost/127.0.0.1:39720] for GET '/session/6ee0dd2bb23510cf457897c70875d0db/url'
02:10:02.687 [AsyncHttpClient-1-11] DEBUG org.asynchttpclient.netty.handler.HttpHandler - 

Request DefaultFullHttpRequest(decodeResult: success, version: HTTP/1.1, content: EmptyByteBufBE)
GET /session/6ee0dd2bb23510cf457897c70875d0db/url HTTP/1.1
User-Agent: selenium/4.8.1 (java windows)
Cache-Control: no-cache
Content-Type: application/json; charset=utf-8
host: localhost:39720
accept: */*

Response DefaultHttpResponse(decodeResult: success, version: HTTP/1.1)
HTTP/1.1 200 OK
Content-Length: 56
Content-Type: application/json; charset=utf-8
cache-control: no-cache

02:10:02.687 [AsyncHttpClient-1-11] DEBUG org.asynchttpclient.netty.channel.ChannelManager - Adding key: http://localhost:39720 for channel [id: 0x9fe36d7e, L:/127.0.0.1:61044 - R:localhost/127.0.0.1:39720]
02:10:02.702 [main] DEBUG net.thucydides.core.steps.StepInterceptor - STEP DONE: enterUsername
  &amp#27;[32mAnd &amp#27;[0m&amp#27;[32mI enter empty username&amp#27;[0m                                         &amp#27;[90m# starter.stepdefinitions.LoginSteps.enterEmptyUsername()&amp#27;[0m
02:10:02.715 [Forwarding getAlertText on session 6ee0dd2bb23510cf457897c70875d0db to remote] DEBUG org.asynchttpclient.netty.request.NettyRequestSender - Using pooled Channel '[id: 0x9fe36d7e, L:/127.0.0.1:61044 - R:localhost/127.0.0.1:39720]' for 'GET' to 'http://localhost:39720/session/6ee0dd2bb23510cf457897c70875d0db/alert/text'
02:10:02.715 [Forwarding getAlertText on session 6ee0dd2bb23510cf457897c70875d0db to remote] DEBUG org.asynchttpclient.netty.request.NettyRequestSender - Using open Channel [id: 0x9fe36d7e, L:/127.0.0.1:61044 - R:localhost/127.0.0.1:39720] for GET '/session/6ee0dd2bb23510cf457897c70875d0db/alert/text'
02:10:02.719 [AsyncHttpClient-1-11] DEBUG org.asynchttpclient.netty.handler.HttpHandler - 

Request DefaultFullHttpRequest(decodeResult: success, version: HTTP/1.1, content: EmptyByteBufBE)
GET /session/6ee0dd2bb23510cf457897c70875d0db/alert/text HTTP/1.1
User-Agent: selenium/4.8.1 (java windows)
Cache-Control: no-cache
Content-Type: application/json; charset=utf-8
host: localhost:39720
accept: */*

Response DefaultHttpResponse(decodeResult: success, version: HTTP/1.1)
HTTP/1.1 404 Not Found
Content-Length: 828
Content-Type: application/json; charset=utf-8
cache-control: no-cache

02:10:02.720 [AsyncHttpClient-1-11] DEBUG org.asynchttpclient.netty.channel.ChannelManager - Adding key: http://localhost:39720 for channel [id: 0x9fe36d7e, L:/127.0.0.1:61044 - R:localhost/127.0.0.1:39720]
02:10:02.722 [Forwarding getCurrentUrl on session 6ee0dd2bb23510cf457897c70875d0db to remote] DEBUG org.asynchttpclient.netty.request.NettyRequestSender - Using pooled Channel '[id: 0x9fe36d7e, L:/127.0.0.1:61044 - R:localhost/127.0.0.1:39720]' for 'GET' to 'http://localhost:39720/session/6ee0dd2bb23510cf457897c70875d0db/url'
02:10:02.722 [Forwarding getCurrentUrl on session 6ee0dd2bb23510cf457897c70875d0db to remote] DEBUG org.asynchttpclient.netty.request.NettyRequestSender - Using open Channel [id: 0x9fe36d7e, L:/127.0.0.1:61044 - R:localhost/127.0.0.1:39720] for GET '/session/6ee0dd2bb23510cf457897c70875d0db/url'
02:10:02.734 [AsyncHttpClient-1-11] DEBUG org.asynchttpclient.netty.handler.HttpHandler - 

Request DefaultFullHttpRequest(decodeResult: success, version: HTTP/1.1, content: EmptyByteBufBE)
GET /session/6ee0dd2bb23510cf457897c70875d0db/url HTTP/1.1
User-Agent: selenium/4.8.1 (java windows)
Cache-Control: no-cache
Content-Type: application/json; charset=utf-8
host: localhost:39720
accept: */*

Response DefaultHttpResponse(decodeResult: success, version: HTTP/1.1)
HTTP/1.1 200 OK
Content-Length: 56
Content-Type: application/json; charset=utf-8
cache-control: no-cache

02:10:02.734 [AsyncHttpClient-1-11] DEBUG org.asynchttpclient.netty.channel.ChannelManager - Adding key: http://localhost:39720 for channel [id: 0x9fe36d7e, L:/127.0.0.1:61044 - R:localhost/127.0.0.1:39720]
02:10:02.736 [Forwarding screenshot on session 6ee0dd2bb23510cf457897c70875d0db to remote] DEBUG org.asynchttpclient.netty.request.NettyRequestSender - Using pooled Channel '[id: 0x9fe36d7e, L:/127.0.0.1:61044 - R:localhost/127.0.0.1:39720]' for 'GET' to 'http://localhost:39720/session/6ee0dd2bb23510cf457897c70875d0db/screenshot'
02:10:02.736 [Forwarding screenshot on session 6ee0dd2bb23510cf457897c70875d0db to remote] DEBUG org.asynchttpclient.netty.request.NettyRequestSender - Using open Channel [id: 0x9fe36d7e, L:/127.0.0.1:61044 - R:localhost/127.0.0.1:39720] for GET '/session/6ee0dd2bb23510cf457897c70875d0db/screenshot'
02:10:03.051 [AsyncHttpClient-1-11] DEBUG org.asynchttpclient.netty.handler.HttpHandler - 

Request DefaultFullHttpRequest(decodeResult: success, version: HTTP/1.1, content: EmptyByteBufBE)
GET /session/6ee0dd2bb23510cf457897c70875d0db/screenshot HTTP/1.1
User-Agent: selenium/4.8.1 (java windows)
Cache-Control: no-cache
Content-Type: application/json; charset=utf-8
host: localhost:39720
accept: */*

Response DefaultHttpResponse(decodeResult: success, version: HTTP/1.1)
HTTP/1.1 200 OK
Content-Length: 116744
Content-Type: application/json; charset=utf-8
cache-control: no-cache

02:10:03.052 [AsyncHttpClient-1-11] DEBUG org.asynchttpclient.netty.channel.ChannelManager - Adding key: http://localhost:39720 for channel [id: 0x9fe36d7e, L:/127.0.0.1:61044 - R:localhost/127.0.0.1:39720]
02:10:03.057 [main] DEBUG net.serenitybdd.core.photography.Darkroom - Send negative for processing for target\site\serenity\95c2c795f10b264af17b1792d78faf2a4172274244e019cf9a9092881968a331.png
02:10:03.070 [Forwarding getPageSource on session 6ee0dd2bb23510cf457897c70875d0db to remote] DEBUG org.asynchttpclient.netty.request.NettyRequestSender - Using pooled Channel '[id: 0x9fe36d7e, L:/127.0.0.1:61044 - R:localhost/127.0.0.1:39720]' for 'POST' to 'http://localhost:39720/session/6ee0dd2bb23510cf457897c70875d0db/execute/sync'
02:10:03.070 [Forwarding getPageSource on session 6ee0dd2bb23510cf457897c70875d0db to remote] DEBUG org.asynchttpclient.netty.request.NettyRequestSender - Using open Channel [id: 0x9fe36d7e, L:/127.0.0.1:61044 - R:localhost/127.0.0.1:39720] for POST '/session/6ee0dd2bb23510cf457897c70875d0db/execute/sync'
02:10:03.080 [AsyncHttpClient-1-11] DEBUG org.asynchttpclient.netty.handler.HttpHandler - 

Request DefaultHttpRequest(decodeResult: success, version: HTTP/1.1)
POST /session/6ee0dd2bb23510cf457897c70875d0db/execute/sync HTTP/1.1
User-Agent: selenium/4.8.1 (java windows)
Content-Length: 176
Content-Type: application/json; charset=utf-8
host: localhost:39720
accept: */*

Response DefaultHttpResponse(decodeResult: success, version: HTTP/1.1)
HTTP/1.1 200 OK
Content-Length: 3427
Content-Type: application/json; charset=utf-8
cache-control: no-cache

02:10:03.080 [AsyncHttpClient-1-11] DEBUG org.asynchttpclient.netty.channel.ChannelManager - Adding key: http://localhost:39720 for channel [id: 0x9fe36d7e, L:/127.0.0.1:61044 - R:localhost/127.0.0.1:39720]
02:10:03.083 [Forwarding getCurrentUrl on session 6ee0dd2bb23510cf457897c70875d0db to remote] DEBUG org.asynchttpclient.netty.request.NettyRequestSender - Using pooled Channel '[id: 0x9fe36d7e, L:/127.0.0.1:61044 - R:localhost/127.0.0.1:39720]' for 'GET' to 'http://localhost:39720/session/6ee0dd2bb23510cf457897c70875d0db/url'
02:10:03.084 [Forwarding getCurrentUrl on session 6ee0dd2bb23510cf457897c70875d0db to remote] DEBUG org.asynchttpclient.netty.request.NettyRequestSender - Using open Channel [id: 0x9fe36d7e, L:/127.0.0.1:61044 - R:localhost/127.0.0.1:39720] for GET '/session/6ee0dd2bb23510cf457897c70875d0db/url'
02:10:03.092 [AsyncHttpClient-1-11] DEBUG org.asynchttpclient.netty.handler.HttpHandler - 

Request DefaultFullHttpRequest(decodeResult: success, version: HTTP/1.1, content: EmptyByteBufBE)
GET /session/6ee0dd2bb23510cf457897c70875d0db/url HTTP/1.1
User-Agent: selenium/4.8.1 (java windows)
Cache-Control: no-cache
Content-Type: application/json; charset=utf-8
host: localhost:39720
accept: */*

Response DefaultHttpResponse(decodeResult: success, version: HTTP/1.1)
HTTP/1.1 200 OK
Content-Length: 56
Content-Type: application/json; charset=utf-8
cache-control: no-cache

02:10:03.092 [AsyncHttpClient-1-11] DEBUG org.asynchttpclient.netty.channel.ChannelManager - Adding key: http://localhost:39720 for channel [id: 0x9fe36d7e, L:/127.0.0.1:61044 - R:localhost/127.0.0.1:39720]
02:10:03.114 [Forwarding getAlertText on session 6ee0dd2bb23510cf457897c70875d0db to remote] DEBUG org.asynchttpclient.netty.request.NettyRequestSender - Using pooled Channel '[id: 0x9fe36d7e, L:/127.0.0.1:61044 - R:localhost/127.0.0.1:39720]' for 'GET' to 'http://localhost:39720/session/6ee0dd2bb23510cf457897c70875d0db/alert/text'
02:10:03.114 [Forwarding getAlertText on session 6ee0dd2bb23510cf457897c70875d0db to remote] DEBUG org.asynchttpclient.netty.request.NettyRequestSender - Using open Channel [id: 0x9fe36d7e, L:/127.0.0.1:61044 - R:localhost/127.0.0.1:39720] for GET '/session/6ee0dd2bb23510cf457897c70875d0db/alert/text'
02:10:03.117 [AsyncHttpClient-1-11] DEBUG org.asynchttpclient.netty.handler.HttpHandler - 

Request DefaultFullHttpRequest(decodeResult: success, version: HTTP/1.1, content: EmptyByteBufBE)
GET /session/6ee0dd2bb23510cf457897c70875d0db/alert/text HTTP/1.1
User-Agent: selenium/4.8.1 (java windows)
Cache-Control: no-cache
Content-Type: application/json; charset=utf-8
host: localhost:39720
accept: */*

Response DefaultHttpResponse(decodeResult: success, version: HTTP/1.1)
HTTP/1.1 404 Not Found
Content-Length: 828
Content-Type: application/json; charset=utf-8
cache-control: no-cache

02:10:03.118 [AsyncHttpClient-1-11] DEBUG org.asynchttpclient.netty.channel.ChannelManager - Adding key: http://localhost:39720 for channel [id: 0x9fe36d7e, L:/127.0.0.1:61044 - R:localhost/127.0.0.1:39720]
02:10:03.120 [Forwarding getCurrentUrl on session 6ee0dd2bb23510cf457897c70875d0db to remote] DEBUG org.asynchttpclient.netty.request.NettyRequestSender - Using pooled Channel '[id: 0x9fe36d7e, L:/127.0.0.1:61044 - R:localhost/127.0.0.1:39720]' for 'GET' to 'http://localhost:39720/session/6ee0dd2bb23510cf457897c70875d0db/url'
02:10:03.120 [Forwarding getCurrentUrl on session 6ee0dd2bb23510cf457897c70875d0db to remote] DEBUG org.asynchttpclient.netty.request.NettyRequestSender - Using open Channel [id: 0x9fe36d7e, L:/127.0.0.1:61044 - R:localhost/127.0.0.1:39720] for GET '/session/6ee0dd2bb23510cf457897c70875d0db/url'
02:10:03.133 [AsyncHttpClient-1-11] DEBUG org.asynchttpclient.netty.handler.HttpHandler - 

Request DefaultFullHttpRequest(decodeResult: success, version: HTTP/1.1, content: EmptyByteBufBE)
GET /session/6ee0dd2bb23510cf457897c70875d0db/url HTTP/1.1
User-Agent: selenium/4.8.1 (java windows)
Cache-Control: no-cache
Content-Type: application/json; charset=utf-8
host: localhost:39720
accept: */*

Response DefaultHttpResponse(decodeResult: success, version: HTTP/1.1)
HTTP/1.1 200 OK
Content-Length: 56
Content-Type: application/json; charset=utf-8
cache-control: no-cache

02:10:03.133 [AsyncHttpClient-1-11] DEBUG org.asynchttpclient.netty.channel.ChannelManager - Adding key: http://localhost:39720 for channel [id: 0x9fe36d7e, L:/127.0.0.1:61044 - R:localhost/127.0.0.1:39720]
02:10:03.135 [Forwarding screenshot on session 6ee0dd2bb23510cf457897c70875d0db to remote] DEBUG org.asynchttpclient.netty.request.NettyRequestSender - Using pooled Channel '[id: 0x9fe36d7e, L:/127.0.0.1:61044 - R:localhost/127.0.0.1:39720]' for 'GET' to 'http://localhost:39720/session/6ee0dd2bb23510cf457897c70875d0db/screenshot'
02:10:03.135 [Forwarding screenshot on session 6ee0dd2bb23510cf457897c70875d0db to remote] DEBUG org.asynchttpclient.netty.request.NettyRequestSender - Using open Channel [id: 0x9fe36d7e, L:/127.0.0.1:61044 - R:localhost/127.0.0.1:39720] for GET '/session/6ee0dd2bb23510cf457897c70875d0db/screenshot'
02:10:03.442 [AsyncHttpClient-1-1] DEBUG org.asynchttpclient.netty.channel.DefaultChannelPool - Entry count for : http://localhost:61045 : 1
02:10:03.480 [AsyncHttpClient-1-11] DEBUG org.asynchttpclient.netty.handler.HttpHandler - 

Request DefaultFullHttpRequest(decodeResult: success, version: HTTP/1.1, content: EmptyByteBufBE)
GET /session/6ee0dd2bb23510cf457897c70875d0db/screenshot HTTP/1.1
User-Agent: selenium/4.8.1 (java windows)
Cache-Control: no-cache
Content-Type: application/json; charset=utf-8
host: localhost:39720
accept: */*

Response DefaultHttpResponse(decodeResult: success, version: HTTP/1.1)
HTTP/1.1 200 OK
Content-Length: 116788
Content-Type: application/json; charset=utf-8
cache-control: no-cache

02:10:03.482 [AsyncHttpClient-1-11] DEBUG org.asynchttpclient.netty.channel.ChannelManager - Adding key: http://localhost:39720 for channel [id: 0x9fe36d7e, L:/127.0.0.1:61044 - R:localhost/127.0.0.1:39720]
02:10:03.488 [main] DEBUG net.serenitybdd.core.photography.Darkroom - Send negative for processing for target\site\serenity\70ee72fdf3e1533d77f732ab887ebb89acd93696a545e3358ada11cedd2a8958.png
02:10:03.489 [Darkroom Processing Line] DEBUG net.serenitybdd.core.photography.DarkroomProcessingLine - Processing screenshot image in /var/screenshots/screenshot-2771540623319975076
02:10:03.489 [Darkroom Processing Line] DEBUG net.serenitybdd.core.photography.DarkroomProcessingLine - Saving screenshot to target\site\serenity\70ee72fdf3e1533d77f732ab887ebb89acd93696a545e3358ada11cedd2a8958.png
02:10:03.492 [Forwarding getPageSource on session 6ee0dd2bb23510cf457897c70875d0db to remote] DEBUG org.asynchttpclient.netty.request.NettyRequestSender - Using pooled Channel '[id: 0x9fe36d7e, L:/127.0.0.1:61044 - R:localhost/127.0.0.1:39720]' for 'POST' to 'http://localhost:39720/session/6ee0dd2bb23510cf457897c70875d0db/execute/sync'
02:10:03.492 [Forwarding getPageSource on session 6ee0dd2bb23510cf457897c70875d0db to remote] DEBUG org.asynchttpclient.netty.request.NettyRequestSender - Using open Channel [id: 0x9fe36d7e, L:/127.0.0.1:61044 - R:localhost/127.0.0.1:39720] for POST '/session/6ee0dd2bb23510cf457897c70875d0db/execute/sync'
02:10:03.503 [AsyncHttpClient-1-11] DEBUG org.asynchttpclient.netty.handler.HttpHandler - 

Request DefaultHttpRequest(decodeResult: success, version: HTTP/1.1)
POST /session/6ee0dd2bb23510cf457897c70875d0db/execute/sync HTTP/1.1
User-Agent: selenium/4.8.1 (java windows)
Content-Length: 176
Content-Type: application/json; charset=utf-8
host: localhost:39720
accept: */*

Response DefaultHttpResponse(decodeResult: success, version: HTTP/1.1)
HTTP/1.1 200 OK
Content-Length: 3427
Content-Type: application/json; charset=utf-8
cache-control: no-cache

02:10:03.504 [AsyncHttpClient-1-11] DEBUG org.asynchttpclient.netty.channel.ChannelManager - Adding key: http://localhost:39720 for channel [id: 0x9fe36d7e, L:/127.0.0.1:61044 - R:localhost/127.0.0.1:39720]
02:10:03.507 [Forwarding getCurrentUrl on session 6ee0dd2bb23510cf457897c70875d0db to remote] DEBUG org.asynchttpclient.netty.request.NettyRequestSender - Using pooled Channel '[id: 0x9fe36d7e, L:/127.0.0.1:61044 - R:localhost/127.0.0.1:39720]' for 'GET' to 'http://localhost:39720/session/6ee0dd2bb23510cf457897c70875d0db/url'
02:10:03.507 [Forwarding getCurrentUrl on session 6ee0dd2bb23510cf457897c70875d0db to remote] DEBUG org.asynchttpclient.netty.request.NettyRequestSender - Using open Channel [id: 0x9fe36d7e, L:/127.0.0.1:61044 - R:localhost/127.0.0.1:39720] for GET '/session/6ee0dd2bb23510cf457897c70875d0db/url'
02:10:03.517 [AsyncHttpClient-1-11] DEBUG org.asynchttpclient.netty.handler.HttpHandler - 

Request DefaultFullHttpRequest(decodeResult: success, version: HTTP/1.1, content: EmptyByteBufBE)
GET /session/6ee0dd2bb23510cf457897c70875d0db/url HTTP/1.1
User-Agent: selenium/4.8.1 (java windows)
Cache-Control: no-cache
Content-Type: application/json; charset=utf-8
host: localhost:39720
accept: */*

Response DefaultHttpResponse(decodeResult: success, version: HTTP/1.1)
HTTP/1.1 200 OK
Content-Length: 56
Content-Type: application/json; charset=utf-8
cache-control: no-cache

02:10:03.518 [AsyncHttpClient-1-11] DEBUG org.asynchttpclient.netty.channel.ChannelManager - Adding key: http://localhost:39720 for channel [id: 0x9fe36d7e, L:/127.0.0.1:61044 - R:localhost/127.0.0.1:39720]
02:10:03.523 [main] DEBUG net.thucydides.core.steps.StepInterceptor - STARTING STEP: LoginSteps.enterPassword - enterPassword
02:10:03.528 [Forwarding findElement on session 6ee0dd2bb23510cf457897c70875d0db to remote] DEBUG org.asynchttpclient.netty.request.NettyRequestSender - Using pooled Channel '[id: 0x9fe36d7e, L:/127.0.0.1:61044 - R:localhost/127.0.0.1:39720]' for 'POST' to 'http://localhost:39720/session/6ee0dd2bb23510cf457897c70875d0db/element'
02:10:03.528 [Forwarding findElement on session 6ee0dd2bb23510cf457897c70875d0db to remote] DEBUG org.asynchttpclient.netty.request.NettyRequestSender - Using open Channel [id: 0x9fe36d7e, L:/127.0.0.1:61044 - R:localhost/127.0.0.1:39720] for POST '/session/6ee0dd2bb23510cf457897c70875d0db/element'
02:10:03.557 [AsyncHttpClient-1-11] DEBUG org.asynchttpclient.netty.handler.HttpHandler - 

Request DefaultHttpRequest(decodeResult: success, version: HTTP/1.1)
POST /session/6ee0dd2bb23510cf457897c70875d0db/element HTTP/1.1
User-Agent: selenium/4.8.1 (java windows)
Content-Length: 72
Content-Type: application/json; charset=utf-8
host: localhost:39720
accept: */*

Response DefaultHttpResponse(decodeResult: success, version: HTTP/1.1)
HTTP/1.1 200 OK
Content-Length: 95
Content-Type: application/json; charset=utf-8
cache-control: no-cache

02:10:03.557 [AsyncHttpClient-1-11] DEBUG org.asynchttpclient.netty.channel.ChannelManager - Adding key: http://localhost:39720 for channel [id: 0x9fe36d7e, L:/127.0.0.1:61044 - R:localhost/127.0.0.1:39720]
02:10:03.560 [Forwarding clearElement on session 6ee0dd2bb23510cf457897c70875d0db to remote] DEBUG org.asynchttpclient.netty.request.NettyRequestSender - Using pooled Channel '[id: 0x9fe36d7e, L:/127.0.0.1:61044 - R:localhost/127.0.0.1:39720]' for 'POST' to 'http://localhost:39720/session/6ee0dd2bb23510cf457897c70875d0db/element/6E916A5D5D1EE97A0CA2E449B6A5A74B_element_12/clear'
02:10:03.560 [Forwarding clearElement on session 6ee0dd2bb23510cf457897c70875d0db to remote] DEBUG org.asynchttpclient.netty.request.NettyRequestSender - Using open Channel [id: 0x9fe36d7e, L:/127.0.0.1:61044 - R:localhost/127.0.0.1:39720] for POST '/session/6ee0dd2bb23510cf457897c70875d0db/element/6E916A5D5D1EE97A0CA2E449B6A5A74B_element_12/clear'
02:10:03.617 [AsyncHttpClient-1-11] DEBUG org.asynchttpclient.netty.handler.HttpHandler - 

Request DefaultHttpRequest(decodeResult: success, version: HTTP/1.1)
POST /session/6ee0dd2bb23510cf457897c70875d0db/element/6E916A5D5D1EE97A0CA2E449B6A5A74B_element_12/clear HTTP/1.1
User-Agent: selenium/4.8.1 (java windows)
Content-Length: 57
Content-Type: application/json; charset=utf-8
host: localhost:39720
accept: */*

Response DefaultHttpResponse(decodeResult: success, version: HTTP/1.1)
HTTP/1.1 200 OK
Content-Length: 14
Content-Type: application/json; charset=utf-8
cache-control: no-cache

02:10:03.617 [AsyncHttpClient-1-11] DEBUG org.asynchttpclient.netty.channel.ChannelManager - Adding key: http://localhost:39720 for channel [id: 0x9fe36d7e, L:/127.0.0.1:61044 - R:localhost/127.0.0.1:39720]
02:10:03.621 [Forwarding sendKeysToElement on session 6ee0dd2bb23510cf457897c70875d0db to remote] DEBUG org.asynchttpclient.netty.request.NettyRequestSender - Using pooled Channel '[id: 0x9fe36d7e, L:/127.0.0.1:61044 - R:localhost/127.0.0.1:39720]' for 'POST' to 'http://localhost:39720/session/6ee0dd2bb23510cf457897c70875d0db/element/6E916A5D5D1EE97A0CA2E449B6A5A74B_element_12/value'
02:10:03.621 [Forwarding sendKeysToElement on session 6ee0dd2bb23510cf457897c70875d0db to remote] DEBUG org.asynchttpclient.netty.request.NettyRequestSender - Using open Channel [id: 0x9fe36d7e, L:/127.0.0.1:61044 - R:localhost/127.0.0.1:39720] for POST '/session/6ee0dd2bb23510cf457897c70875d0db/element/6E916A5D5D1EE97A0CA2E449B6A5A74B_element_12/value'
02:10:03.742 [AsyncHttpClient-1-11] DEBUG org.asynchttpclient.netty.handler.HttpHandler - 

Request DefaultHttpRequest(decodeResult: success, version: HTTP/1.1)
POST /session/6ee0dd2bb23510cf457897c70875d0db/element/6E916A5D5D1EE97A0CA2E449B6A5A74B_element_12/value HTTP/1.1
User-Agent: selenium/4.8.1 (java windows)
Content-Length: 138
Content-Type: application/json; charset=utf-8
host: localhost:39720
accept: */*

Response DefaultHttpResponse(decodeResult: success, version: HTTP/1.1)
HTTP/1.1 200 OK
Content-Length: 14
Content-Type: application/json; charset=utf-8
cache-control: no-cache

02:10:03.742 [AsyncHttpClient-1-11] DEBUG org.asynchttpclient.netty.channel.ChannelManager - Adding key: http://localhost:39720 for channel [id: 0x9fe36d7e, L:/127.0.0.1:61044 - R:localhost/127.0.0.1:39720]
02:10:03.759 [Forwarding getAlertText on session 6ee0dd2bb23510cf457897c70875d0db to remote] DEBUG org.asynchttpclient.netty.request.NettyRequestSender - Using pooled Channel '[id: 0x9fe36d7e, L:/127.0.0.1:61044 - R:localhost/127.0.0.1:39720]' for 'GET' to 'http://localhost:39720/session/6ee0dd2bb23510cf457897c70875d0db/alert/text'
02:10:03.759 [Forwarding getAlertText on session 6ee0dd2bb23510cf457897c70875d0db to remote] DEBUG org.asynchttpclient.netty.request.NettyRequestSender - Using open Channel [id: 0x9fe36d7e, L:/127.0.0.1:61044 - R:localhost/127.0.0.1:39720] for GET '/session/6ee0dd2bb23510cf457897c70875d0db/alert/text'
02:10:03.762 [AsyncHttpClient-1-11] DEBUG org.asynchttpclient.netty.handler.HttpHandler - 

Request DefaultFullHttpRequest(decodeResult: success, version: HTTP/1.1, content: EmptyByteBufBE)
GET /session/6ee0dd2bb23510cf457897c70875d0db/alert/text HTTP/1.1
User-Agent: selenium/4.8.1 (java windows)
Cache-Control: no-cache
Content-Type: application/json; charset=utf-8
host: localhost:39720
accept: */*

Response DefaultHttpResponse(decodeResult: success, version: HTTP/1.1)
HTTP/1.1 404 Not Found
Content-Length: 828
Content-Type: application/json; charset=utf-8
cache-control: no-cache

02:10:03.762 [AsyncHttpClient-1-11] DEBUG org.asynchttpclient.netty.channel.ChannelManager - Adding key: http://localhost:39720 for channel [id: 0x9fe36d7e, L:/127.0.0.1:61044 - R:localhost/127.0.0.1:39720]
02:10:03.765 [Forwarding getCurrentUrl on session 6ee0dd2bb23510cf457897c70875d0db to remote] DEBUG org.asynchttpclient.netty.request.NettyRequestSender - Using pooled Channel '[id: 0x9fe36d7e, L:/127.0.0.1:61044 - R:localhost/127.0.0.1:39720]' for 'GET' to 'http://localhost:39720/session/6ee0dd2bb23510cf457897c70875d0db/url'
02:10:03.765 [Forwarding getCurrentUrl on session 6ee0dd2bb23510cf457897c70875d0db to remote] DEBUG org.asynchttpclient.netty.request.NettyRequestSender - Using open Channel [id: 0x9fe36d7e, L:/127.0.0.1:61044 - R:localhost/127.0.0.1:39720] for GET '/session/6ee0dd2bb23510cf457897c70875d0db/url'
02:10:03.775 [AsyncHttpClient-1-11] DEBUG org.asynchttpclient.netty.handler.HttpHandler - 

Request DefaultFullHttpRequest(decodeResult: success, version: HTTP/1.1, content: EmptyByteBufBE)
GET /session/6ee0dd2bb23510cf457897c70875d0db/url HTTP/1.1
User-Agent: selenium/4.8.1 (java windows)
Cache-Control: no-cache
Content-Type: application/json; charset=utf-8
host: localhost:39720
accept: */*

Response DefaultHttpResponse(decodeResult: success, version: HTTP/1.1)
HTTP/1.1 200 OK
Content-Length: 56
Content-Type: application/json; charset=utf-8
cache-control: no-cache

02:10:03.775 [AsyncHttpClient-1-11] DEBUG org.asynchttpclient.netty.channel.ChannelManager - Adding key: http://localhost:39720 for channel [id: 0x9fe36d7e, L:/127.0.0.1:61044 - R:localhost/127.0.0.1:39720]
02:10:03.778 [Forwarding screenshot on session 6ee0dd2bb23510cf457897c70875d0db to remote] DEBUG org.asynchttpclient.netty.request.NettyRequestSender - Using pooled Channel '[id: 0x9fe36d7e, L:/127.0.0.1:61044 - R:localhost/127.0.0.1:39720]' for 'GET' to 'http://localhost:39720/session/6ee0dd2bb23510cf457897c70875d0db/screenshot'
02:10:03.778 [Forwarding screenshot on session 6ee0dd2bb23510cf457897c70875d0db to remote] DEBUG org.asynchttpclient.netty.request.NettyRequestSender - Using open Channel [id: 0x9fe36d7e, L:/127.0.0.1:61044 - R:localhost/127.0.0.1:39720] for GET '/session/6ee0dd2bb23510cf457897c70875d0db/screenshot'
02:10:04.057 [AsyncHttpClient-1-11] DEBUG org.asynchttpclient.netty.handler.HttpHandler - 

Request DefaultFullHttpRequest(decodeResult: success, version: HTTP/1.1, content: EmptyByteBufBE)
GET /session/6ee0dd2bb23510cf457897c70875d0db/screenshot HTTP/1.1
User-Agent: selenium/4.8.1 (java windows)
Cache-Control: no-cache
Content-Type: application/json; charset=utf-8
host: localhost:39720
accept: */*

Response DefaultHttpResponse(decodeResult: success, version: HTTP/1.1)
HTTP/1.1 200 OK
Content-Length: 115020
Content-Type: application/json; charset=utf-8
cache-control: no-cache

02:10:04.058 [AsyncHttpClient-1-11] DEBUG org.asynchttpclient.netty.channel.ChannelManager - Adding key: http://localhost:39720 for channel [id: 0x9fe36d7e, L:/127.0.0.1:61044 - R:localhost/127.0.0.1:39720]
02:10:04.064 [main] DEBUG net.serenitybdd.core.photography.Darkroom - Send negative for processing for target\site\serenity\f69ad26caf3643ba9d4c547c69074018137878d789e68656706de30231a9c8e6.png
02:10:04.065 [Darkroom Processing Line] DEBUG net.serenitybdd.core.photography.DarkroomProcessingLine - Processing screenshot image in /var/screenshots/screenshot-14565340100868715186
02:10:04.065 [Darkroom Processing Line] DEBUG net.serenitybdd.core.photography.DarkroomProcessingLine - Saving screenshot to target\site\serenity\f69ad26caf3643ba9d4c547c69074018137878d789e68656706de30231a9c8e6.png
02:10:04.067 [Forwarding getPageSource on session 6ee0dd2bb23510cf457897c70875d0db to remote] DEBUG org.asynchttpclient.netty.request.NettyRequestSender - Using pooled Channel '[id: 0x9fe36d7e, L:/127.0.0.1:61044 - R:localhost/127.0.0.1:39720]' for 'POST' to 'http://localhost:39720/session/6ee0dd2bb23510cf457897c70875d0db/execute/sync'
02:10:04.068 [Forwarding getPageSource on session 6ee0dd2bb23510cf457897c70875d0db to remote] DEBUG org.asynchttpclient.netty.request.NettyRequestSender - Using open Channel [id: 0x9fe36d7e, L:/127.0.0.1:61044 - R:localhost/127.0.0.1:39720] for POST '/session/6ee0dd2bb23510cf457897c70875d0db/execute/sync'
02:10:04.078 [AsyncHttpClient-1-11] DEBUG org.asynchttpclient.netty.handler.HttpHandler - 

Request DefaultHttpRequest(decodeResult: success, version: HTTP/1.1)
POST /session/6ee0dd2bb23510cf457897c70875d0db/execute/sync HTTP/1.1
User-Agent: selenium/4.8.1 (java windows)
Content-Length: 176
Content-Type: application/json; charset=utf-8
host: localhost:39720
accept: */*

Response DefaultHttpResponse(decodeResult: success, version: HTTP/1.1)
HTTP/1.1 200 OK
Content-Length: 3427
Content-Type: application/json; charset=utf-8
cache-control: no-cache

02:10:04.078 [AsyncHttpClient-1-11] DEBUG org.asynchttpclient.netty.channel.ChannelManager - Adding key: http://localhost:39720 for channel [id: 0x9fe36d7e, L:/127.0.0.1:61044 - R:localhost/127.0.0.1:39720]
02:10:04.082 [Forwarding getCurrentUrl on session 6ee0dd2bb23510cf457897c70875d0db to remote] DEBUG org.asynchttpclient.netty.request.NettyRequestSender - Using pooled Channel '[id: 0x9fe36d7e, L:/127.0.0.1:61044 - R:localhost/127.0.0.1:39720]' for 'GET' to 'http://localhost:39720/session/6ee0dd2bb23510cf457897c70875d0db/url'
02:10:04.082 [Forwarding getCurrentUrl on session 6ee0dd2bb23510cf457897c70875d0db to remote] DEBUG org.asynchttpclient.netty.request.NettyRequestSender - Using open Channel [id: 0x9fe36d7e, L:/127.0.0.1:61044 - R:localhost/127.0.0.1:39720] for GET '/session/6ee0dd2bb23510cf457897c70875d0db/url'
02:10:04.091 [AsyncHttpClient-1-11] DEBUG org.asynchttpclient.netty.handler.HttpHandler - 

Request DefaultFullHttpRequest(decodeResult: success, version: HTTP/1.1, content: EmptyByteBufBE)
GET /session/6ee0dd2bb23510cf457897c70875d0db/url HTTP/1.1
User-Agent: selenium/4.8.1 (java windows)
Cache-Control: no-cache
Content-Type: application/json; charset=utf-8
host: localhost:39720
accept: */*

Response DefaultHttpResponse(decodeResult: success, version: HTTP/1.1)
HTTP/1.1 200 OK
Content-Length: 56
Content-Type: application/json; charset=utf-8
cache-control: no-cache

02:10:04.091 [AsyncHttpClient-1-11] DEBUG org.asynchttpclient.netty.channel.ChannelManager - Adding key: http://localhost:39720 for channel [id: 0x9fe36d7e, L:/127.0.0.1:61044 - R:localhost/127.0.0.1:39720]
02:10:04.103 [main] DEBUG net.thucydides.core.steps.StepInterceptor - STEP DONE: enterPassword
  &amp#27;[32mAnd &amp#27;[0m&amp#27;[32mI enter password&amp#27;[0m                                               &amp#27;[90m# starter.stepdefinitions.LoginSteps.enterPassword()&amp#27;[0m
02:10:04.116 [Forwarding getAlertText on session 6ee0dd2bb23510cf457897c70875d0db to remote] DEBUG org.asynchttpclient.netty.request.NettyRequestSender - Using pooled Channel '[id: 0x9fe36d7e, L:/127.0.0.1:61044 - R:localhost/127.0.0.1:39720]' for 'GET' to 'http://localhost:39720/session/6ee0dd2bb23510cf457897c70875d0db/alert/text'
02:10:04.116 [Forwarding getAlertText on session 6ee0dd2bb23510cf457897c70875d0db to remote] DEBUG org.asynchttpclient.netty.request.NettyRequestSender - Using open Channel [id: 0x9fe36d7e, L:/127.0.0.1:61044 - R:localhost/127.0.0.1:39720] for GET '/session/6ee0dd2bb23510cf457897c70875d0db/alert/text'
02:10:04.119 [AsyncHttpClient-1-11] DEBUG org.asynchttpclient.netty.handler.HttpHandler - 

Request DefaultFullHttpRequest(decodeResult: success, version: HTTP/1.1, content: EmptyByteBufBE)
GET /session/6ee0dd2bb23510cf457897c70875d0db/alert/text HTTP/1.1
User-Agent: selenium/4.8.1 (java windows)
Cache-Control: no-cache
Content-Type: application/json; charset=utf-8
host: localhost:39720
accept: */*

Response DefaultHttpResponse(decodeResult: success, version: HTTP/1.1)
HTTP/1.1 404 Not Found
Content-Length: 828
Content-Type: application/json; charset=utf-8
cache-control: no-cache

02:10:04.119 [AsyncHttpClient-1-11] DEBUG org.asynchttpclient.netty.channel.ChannelManager - Adding key: http://localhost:39720 for channel [id: 0x9fe36d7e, L:/127.0.0.1:61044 - R:localhost/127.0.0.1:39720]
02:10:04.122 [Forwarding getCurrentUrl on session 6ee0dd2bb23510cf457897c70875d0db to remote] DEBUG org.asynchttpclient.netty.request.NettyRequestSender - Using pooled Channel '[id: 0x9fe36d7e, L:/127.0.0.1:61044 - R:localhost/127.0.0.1:39720]' for 'GET' to 'http://localhost:39720/session/6ee0dd2bb23510cf457897c70875d0db/url'
02:10:04.122 [Forwarding getCurrentUrl on session 6ee0dd2bb23510cf457897c70875d0db to remote] DEBUG org.asynchttpclient.netty.request.NettyRequestSender - Using open Channel [id: 0x9fe36d7e, L:/127.0.0.1:61044 - R:localhost/127.0.0.1:39720] for GET '/session/6ee0dd2bb23510cf457897c70875d0db/url'
02:10:04.130 [AsyncHttpClient-1-11] DEBUG org.asynchttpclient.netty.handler.HttpHandler - 

Request DefaultFullHttpRequest(decodeResult: success, version: HTTP/1.1, content: EmptyByteBufBE)
GET /session/6ee0dd2bb23510cf457897c70875d0db/url HTTP/1.1
User-Agent: selenium/4.8.1 (java windows)
Cache-Control: no-cache
Content-Type: application/json; charset=utf-8
host: localhost:39720
accept: */*

Response DefaultHttpResponse(decodeResult: success, version: HTTP/1.1)
HTTP/1.1 200 OK
Content-Length: 56
Content-Type: application/json; charset=utf-8
cache-control: no-cache

02:10:04.131 [AsyncHttpClient-1-11] DEBUG org.asynchttpclient.netty.channel.ChannelManager - Adding key: http://localhost:39720 for channel [id: 0x9fe36d7e, L:/127.0.0.1:61044 - R:localhost/127.0.0.1:39720]
02:10:04.132 [Forwarding screenshot on session 6ee0dd2bb23510cf457897c70875d0db to remote] DEBUG org.asynchttpclient.netty.request.NettyRequestSender - Using pooled Channel '[id: 0x9fe36d7e, L:/127.0.0.1:61044 - R:localhost/127.0.0.1:39720]' for 'GET' to 'http://localhost:39720/session/6ee0dd2bb23510cf457897c70875d0db/screenshot'
02:10:04.132 [Forwarding screenshot on session 6ee0dd2bb23510cf457897c70875d0db to remote] DEBUG org.asynchttpclient.netty.request.NettyRequestSender - Using open Channel [id: 0x9fe36d7e, L:/127.0.0.1:61044 - R:localhost/127.0.0.1:39720] for GET '/session/6ee0dd2bb23510cf457897c70875d0db/screenshot'
02:10:04.430 [AsyncHttpClient-1-11] DEBUG org.asynchttpclient.netty.handler.HttpHandler - 

Request DefaultFullHttpRequest(decodeResult: success, version: HTTP/1.1, content: EmptyByteBufBE)
GET /session/6ee0dd2bb23510cf457897c70875d0db/screenshot HTTP/1.1
User-Agent: selenium/4.8.1 (java windows)
Cache-Control: no-cache
Content-Type: application/json; charset=utf-8
host: localhost:39720
accept: */*

Response DefaultHttpResponse(decodeResult: success, version: HTTP/1.1)
HTTP/1.1 200 OK
Content-Length: 115020
Content-Type: application/json; charset=utf-8
cache-control: no-cache

02:10:04.431 [AsyncHttpClient-1-11] DEBUG org.asynchttpclient.netty.channel.ChannelManager - Adding key: http://localhost:39720 for channel [id: 0x9fe36d7e, L:/127.0.0.1:61044 - R:localhost/127.0.0.1:39720]
02:10:04.436 [main] DEBUG net.serenitybdd.core.photography.Darkroom - Send negative for processing for target\site\serenity\f69ad26caf3643ba9d4c547c69074018137878d789e68656706de30231a9c8e6.png
02:10:04.447 [Forwarding getPageSource on session 6ee0dd2bb23510cf457897c70875d0db to remote] DEBUG org.asynchttpclient.netty.request.NettyRequestSender - Using pooled Channel '[id: 0x9fe36d7e, L:/127.0.0.1:61044 - R:localhost/127.0.0.1:39720]' for 'POST' to 'http://localhost:39720/session/6ee0dd2bb23510cf457897c70875d0db/execute/sync'
02:10:04.448 [Forwarding getPageSource on session 6ee0dd2bb23510cf457897c70875d0db to remote] DEBUG org.asynchttpclient.netty.request.NettyRequestSender - Using open Channel [id: 0x9fe36d7e, L:/127.0.0.1:61044 - R:localhost/127.0.0.1:39720] for POST '/session/6ee0dd2bb23510cf457897c70875d0db/execute/sync'
02:10:04.459 [AsyncHttpClient-1-11] DEBUG org.asynchttpclient.netty.handler.HttpHandler - 

Request DefaultHttpRequest(decodeResult: success, version: HTTP/1.1)
POST /session/6ee0dd2bb23510cf457897c70875d0db/execute/sync HTTP/1.1
User-Agent: selenium/4.8.1 (java windows)
Content-Length: 176
Content-Type: application/json; charset=utf-8
host: localhost:39720
accept: */*

Response DefaultHttpResponse(decodeResult: success, version: HTTP/1.1)
HTTP/1.1 200 OK
Content-Length: 3427
Content-Type: application/json; charset=utf-8
cache-control: no-cache

02:10:04.459 [AsyncHttpClient-1-11] DEBUG org.asynchttpclient.netty.channel.ChannelManager - Adding key: http://localhost:39720 for channel [id: 0x9fe36d7e, L:/127.0.0.1:61044 - R:localhost/127.0.0.1:39720]
02:10:04.462 [Forwarding getCurrentUrl on session 6ee0dd2bb23510cf457897c70875d0db to remote] DEBUG org.asynchttpclient.netty.request.NettyRequestSender - Using pooled Channel '[id: 0x9fe36d7e, L:/127.0.0.1:61044 - R:localhost/127.0.0.1:39720]' for 'GET' to 'http://localhost:39720/session/6ee0dd2bb23510cf457897c70875d0db/url'
02:10:04.463 [Forwarding getCurrentUrl on session 6ee0dd2bb23510cf457897c70875d0db to remote] DEBUG org.asynchttpclient.netty.request.NettyRequestSender - Using open Channel [id: 0x9fe36d7e, L:/127.0.0.1:61044 - R:localhost/127.0.0.1:39720] for GET '/session/6ee0dd2bb23510cf457897c70875d0db/url'
02:10:04.474 [AsyncHttpClient-1-11] DEBUG org.asynchttpclient.netty.handler.HttpHandler - 

Request DefaultFullHttpRequest(decodeResult: success, version: HTTP/1.1, content: EmptyByteBufBE)
GET /session/6ee0dd2bb23510cf457897c70875d0db/url HTTP/1.1
User-Agent: selenium/4.8.1 (java windows)
Cache-Control: no-cache
Content-Type: application/json; charset=utf-8
host: localhost:39720
accept: */*

Response DefaultHttpResponse(decodeResult: success, version: HTTP/1.1)
HTTP/1.1 200 OK
Content-Length: 56
Content-Type: application/json; charset=utf-8
cache-control: no-cache

02:10:04.474 [AsyncHttpClient-1-11] DEBUG org.asynchttpclient.netty.channel.ChannelManager - Adding key: http://localhost:39720 for channel [id: 0x9fe36d7e, L:/127.0.0.1:61044 - R:localhost/127.0.0.1:39720]
02:10:04.496 [Forwarding getAlertText on session 6ee0dd2bb23510cf457897c70875d0db to remote] DEBUG org.asynchttpclient.netty.request.NettyRequestSender - Using pooled Channel '[id: 0x9fe36d7e, L:/127.0.0.1:61044 - R:localhost/127.0.0.1:39720]' for 'GET' to 'http://localhost:39720/session/6ee0dd2bb23510cf457897c70875d0db/alert/text'
02:10:04.497 [Forwarding getAlertText on session 6ee0dd2bb23510cf457897c70875d0db to remote] DEBUG org.asynchttpclient.netty.request.NettyRequestSender - Using open Channel [id: 0x9fe36d7e, L:/127.0.0.1:61044 - R:localhost/127.0.0.1:39720] for GET '/session/6ee0dd2bb23510cf457897c70875d0db/alert/text'
02:10:04.500 [AsyncHttpClient-1-11] DEBUG org.asynchttpclient.netty.handler.HttpHandler - 

Request DefaultFullHttpRequest(decodeResult: success, version: HTTP/1.1, content: EmptyByteBufBE)
GET /session/6ee0dd2bb23510cf457897c70875d0db/alert/text HTTP/1.1
User-Agent: selenium/4.8.1 (java windows)
Cache-Control: no-cache
Content-Type: application/json; charset=utf-8
host: localhost:39720
accept: */*

Response DefaultHttpResponse(decodeResult: success, version: HTTP/1.1)
HTTP/1.1 404 Not Found
Content-Length: 828
Content-Type: application/json; charset=utf-8
cache-control: no-cache

02:10:04.500 [AsyncHttpClient-1-11] DEBUG org.asynchttpclient.netty.channel.ChannelManager - Adding key: http://localhost:39720 for channel [id: 0x9fe36d7e, L:/127.0.0.1:61044 - R:localhost/127.0.0.1:39720]
02:10:04.502 [Forwarding getCurrentUrl on session 6ee0dd2bb23510cf457897c70875d0db to remote] DEBUG org.asynchttpclient.netty.request.NettyRequestSender - Using pooled Channel '[id: 0x9fe36d7e, L:/127.0.0.1:61044 - R:localhost/127.0.0.1:39720]' for 'GET' to 'http://localhost:39720/session/6ee0dd2bb23510cf457897c70875d0db/url'
02:10:04.503 [Forwarding getCurrentUrl on session 6ee0dd2bb23510cf457897c70875d0db to remote] DEBUG org.asynchttpclient.netty.request.NettyRequestSender - Using open Channel [id: 0x9fe36d7e, L:/127.0.0.1:61044 - R:localhost/127.0.0.1:39720] for GET '/session/6ee0dd2bb23510cf457897c70875d0db/url'
02:10:04.514 [AsyncHttpClient-1-11] DEBUG org.asynchttpclient.netty.handler.HttpHandler - 

Request DefaultFullHttpRequest(decodeResult: success, version: HTTP/1.1, content: EmptyByteBufBE)
GET /session/6ee0dd2bb23510cf457897c70875d0db/url HTTP/1.1
User-Agent: selenium/4.8.1 (java windows)
Cache-Control: no-cache
Content-Type: application/json; charset=utf-8
host: localhost:39720
accept: */*

Response DefaultHttpResponse(decodeResult: success, version: HTTP/1.1)
HTTP/1.1 200 OK
Content-Length: 56
Content-Type: application/json; charset=utf-8
cache-control: no-cache

02:10:04.514 [AsyncHttpClient-1-11] DEBUG org.asynchttpclient.netty.channel.ChannelManager - Adding key: http://localhost:39720 for channel [id: 0x9fe36d7e, L:/127.0.0.1:61044 - R:localhost/127.0.0.1:39720]
02:10:04.516 [Forwarding screenshot on session 6ee0dd2bb23510cf457897c70875d0db to remote] DEBUG org.asynchttpclient.netty.request.NettyRequestSender - Using pooled Channel '[id: 0x9fe36d7e, L:/127.0.0.1:61044 - R:localhost/127.0.0.1:39720]' for 'GET' to 'http://localhost:39720/session/6ee0dd2bb23510cf457897c70875d0db/screenshot'
02:10:04.516 [Forwarding screenshot on session 6ee0dd2bb23510cf457897c70875d0db to remote] DEBUG org.asynchttpclient.netty.request.NettyRequestSender - Using open Channel [id: 0x9fe36d7e, L:/127.0.0.1:61044 - R:localhost/127.0.0.1:39720] for GET '/session/6ee0dd2bb23510cf457897c70875d0db/screenshot'
02:10:04.534 [AsyncHttpClient-1-1] DEBUG org.asynchttpclient.netty.channel.DefaultChannelPool - Entry count for : http://localhost:61045 : 1
02:10:04.810 [AsyncHttpClient-1-11] DEBUG org.asynchttpclient.netty.handler.HttpHandler - 

Request DefaultFullHttpRequest(decodeResult: success, version: HTTP/1.1, content: EmptyByteBufBE)
GET /session/6ee0dd2bb23510cf457897c70875d0db/screenshot HTTP/1.1
User-Agent: selenium/4.8.1 (java windows)
Cache-Control: no-cache
Content-Type: application/json; charset=utf-8
host: localhost:39720
accept: */*

Response DefaultHttpResponse(decodeResult: success, version: HTTP/1.1)
HTTP/1.1 200 OK
Content-Length: 114988
Content-Type: application/json; charset=utf-8
cache-control: no-cache

02:10:04.811 [AsyncHttpClient-1-11] DEBUG org.asynchttpclient.netty.channel.ChannelManager - Adding key: http://localhost:39720 for channel [id: 0x9fe36d7e, L:/127.0.0.1:61044 - R:localhost/127.0.0.1:39720]
02:10:04.818 [main] DEBUG net.serenitybdd.core.photography.Darkroom - Send negative for processing for target\site\serenity\88baaa83660798d7e43cadf5c14e30ac6aa5ed782fc94bc2c4075d45d40dc718.png
02:10:04.819 [Darkroom Processing Line] DEBUG net.serenitybdd.core.photography.DarkroomProcessingLine - Processing screenshot image in /var/screenshots/screenshot-12841166927178487910
02:10:04.819 [Darkroom Processing Line] DEBUG net.serenitybdd.core.photography.DarkroomProcessingLine - Saving screenshot to target\site\serenity\88baaa83660798d7e43cadf5c14e30ac6aa5ed782fc94bc2c4075d45d40dc718.png
02:10:04.821 [Forwarding getPageSource on session 6ee0dd2bb23510cf457897c70875d0db to remote] DEBUG org.asynchttpclient.netty.request.NettyRequestSender - Using pooled Channel '[id: 0x9fe36d7e, L:/127.0.0.1:61044 - R:localhost/127.0.0.1:39720]' for 'POST' to 'http://localhost:39720/session/6ee0dd2bb23510cf457897c70875d0db/execute/sync'
02:10:04.821 [Forwarding getPageSource on session 6ee0dd2bb23510cf457897c70875d0db to remote] DEBUG org.asynchttpclient.netty.request.NettyRequestSender - Using open Channel [id: 0x9fe36d7e, L:/127.0.0.1:61044 - R:localhost/127.0.0.1:39720] for POST '/session/6ee0dd2bb23510cf457897c70875d0db/execute/sync'
02:10:04.836 [AsyncHttpClient-1-11] DEBUG org.asynchttpclient.netty.handler.HttpHandler - 

Request DefaultHttpRequest(decodeResult: success, version: HTTP/1.1)
POST /session/6ee0dd2bb23510cf457897c70875d0db/execute/sync HTTP/1.1
User-Agent: selenium/4.8.1 (java windows)
Content-Length: 176
Content-Type: application/json; charset=utf-8
host: localhost:39720
accept: */*

Response DefaultHttpResponse(decodeResult: success, version: HTTP/1.1)
HTTP/1.1 200 OK
Content-Length: 3427
Content-Type: application/json; charset=utf-8
cache-control: no-cache

02:10:04.836 [AsyncHttpClient-1-11] DEBUG org.asynchttpclient.netty.channel.ChannelManager - Adding key: http://localhost:39720 for channel [id: 0x9fe36d7e, L:/127.0.0.1:61044 - R:localhost/127.0.0.1:39720]
02:10:04.840 [Forwarding getCurrentUrl on session 6ee0dd2bb23510cf457897c70875d0db to remote] DEBUG org.asynchttpclient.netty.request.NettyRequestSender - Using pooled Channel '[id: 0x9fe36d7e, L:/127.0.0.1:61044 - R:localhost/127.0.0.1:39720]' for 'GET' to 'http://localhost:39720/session/6ee0dd2bb23510cf457897c70875d0db/url'
02:10:04.840 [Forwarding getCurrentUrl on session 6ee0dd2bb23510cf457897c70875d0db to remote] DEBUG org.asynchttpclient.netty.request.NettyRequestSender - Using open Channel [id: 0x9fe36d7e, L:/127.0.0.1:61044 - R:localhost/127.0.0.1:39720] for GET '/session/6ee0dd2bb23510cf457897c70875d0db/url'
02:10:04.851 [AsyncHttpClient-1-11] DEBUG org.asynchttpclient.netty.handler.HttpHandler - 

Request DefaultFullHttpRequest(decodeResult: success, version: HTTP/1.1, content: EmptyByteBufBE)
GET /session/6ee0dd2bb23510cf457897c70875d0db/url HTTP/1.1
User-Agent: selenium/4.8.1 (java windows)
Cache-Control: no-cache
Content-Type: application/json; charset=utf-8
host: localhost:39720
accept: */*

Response DefaultHttpResponse(decodeResult: success, version: HTTP/1.1)
HTTP/1.1 200 OK
Content-Length: 56
Content-Type: application/json; charset=utf-8
cache-control: no-cache

02:10:04.851 [AsyncHttpClient-1-11] DEBUG org.asynchttpclient.netty.channel.ChannelManager - Adding key: http://localhost:39720 for channel [id: 0x9fe36d7e, L:/127.0.0.1:61044 - R:localhost/127.0.0.1:39720]
02:10:04.855 [main] DEBUG net.thucydides.core.steps.StepInterceptor - STARTING STEP: LoginSteps.doClickSignInButton - clickSignInButton
02:10:04.863 [Forwarding findElement on session 6ee0dd2bb23510cf457897c70875d0db to remote] DEBUG org.asynchttpclient.netty.request.NettyRequestSender - Using pooled Channel '[id: 0x9fe36d7e, L:/127.0.0.1:61044 - R:localhost/127.0.0.1:39720]' for 'POST' to 'http://localhost:39720/session/6ee0dd2bb23510cf457897c70875d0db/element'
02:10:04.863 [Forwarding findElement on session 6ee0dd2bb23510cf457897c70875d0db to remote] DEBUG org.asynchttpclient.netty.request.NettyRequestSender - Using open Channel [id: 0x9fe36d7e, L:/127.0.0.1:61044 - R:localhost/127.0.0.1:39720] for POST '/session/6ee0dd2bb23510cf457897c70875d0db/element'
02:10:04.898 [AsyncHttpClient-1-11] DEBUG org.asynchttpclient.netty.handler.HttpHandler - 

Request DefaultHttpRequest(decodeResult: success, version: HTTP/1.1)
POST /session/6ee0dd2bb23510cf457897c70875d0db/element HTTP/1.1
User-Agent: selenium/4.8.1 (java windows)
Content-Length: 237
Content-Type: application/json; charset=utf-8
host: localhost:39720
accept: */*

Response DefaultHttpResponse(decodeResult: success, version: HTTP/1.1)
HTTP/1.1 200 OK
Content-Length: 95
Content-Type: application/json; charset=utf-8
cache-control: no-cache

02:10:04.899 [AsyncHttpClient-1-11] DEBUG org.asynchttpclient.netty.channel.ChannelManager - Adding key: http://localhost:39720 for channel [id: 0x9fe36d7e, L:/127.0.0.1:61044 - R:localhost/127.0.0.1:39720]
02:10:04.902 [Forwarding getElementTagName on session 6ee0dd2bb23510cf457897c70875d0db to remote] DEBUG org.asynchttpclient.netty.request.NettyRequestSender - Using pooled Channel '[id: 0x9fe36d7e, L:/127.0.0.1:61044 - R:localhost/127.0.0.1:39720]' for 'GET' to 'http://localhost:39720/session/6ee0dd2bb23510cf457897c70875d0db/element/6E916A5D5D1EE97A0CA2E449B6A5A74B_element_15/name'
02:10:04.902 [Forwarding getElementTagName on session 6ee0dd2bb23510cf457897c70875d0db to remote] DEBUG org.asynchttpclient.netty.request.NettyRequestSender - Using open Channel [id: 0x9fe36d7e, L:/127.0.0.1:61044 - R:localhost/127.0.0.1:39720] for GET '/session/6ee0dd2bb23510cf457897c70875d0db/element/6E916A5D5D1EE97A0CA2E449B6A5A74B_element_15/name'
02:10:04.913 [AsyncHttpClient-1-11] DEBUG org.asynchttpclient.netty.handler.HttpHandler - 

Request DefaultFullHttpRequest(decodeResult: success, version: HTTP/1.1, content: EmptyByteBufBE)
GET /session/6ee0dd2bb23510cf457897c70875d0db/element/6E916A5D5D1EE97A0CA2E449B6A5A74B_element_15/name HTTP/1.1
User-Agent: selenium/4.8.1 (java windows)
Cache-Control: no-cache
Content-Type: application/json; charset=utf-8
host: localhost:39720
accept: */*

Response DefaultHttpResponse(decodeResult: success, version: HTTP/1.1)
HTTP/1.1 200 OK
Content-Length: 18
Content-Type: application/json; charset=utf-8
cache-control: no-cache

02:10:04.914 [AsyncHttpClient-1-11] DEBUG org.asynchttpclient.netty.channel.ChannelManager - Adding key: http://localhost:39720 for channel [id: 0x9fe36d7e, L:/127.0.0.1:61044 - R:localhost/127.0.0.1:39720]
02:10:04.916 [Forwarding getElementTagName on session 6ee0dd2bb23510cf457897c70875d0db to remote] DEBUG org.asynchttpclient.netty.request.NettyRequestSender - Using pooled Channel '[id: 0x9fe36d7e, L:/127.0.0.1:61044 - R:localhost/127.0.0.1:39720]' for 'GET' to 'http://localhost:39720/session/6ee0dd2bb23510cf457897c70875d0db/element/6E916A5D5D1EE97A0CA2E449B6A5A74B_element_15/name'
02:10:04.917 [Forwarding getElementTagName on session 6ee0dd2bb23510cf457897c70875d0db to remote] DEBUG org.asynchttpclient.netty.request.NettyRequestSender - Using open Channel [id: 0x9fe36d7e, L:/127.0.0.1:61044 - R:localhost/127.0.0.1:39720] for GET '/session/6ee0dd2bb23510cf457897c70875d0db/element/6E916A5D5D1EE97A0CA2E449B6A5A74B_element_15/name'
02:10:04.928 [AsyncHttpClient-1-11] DEBUG org.asynchttpclient.netty.handler.HttpHandler - 

Request DefaultFullHttpRequest(decodeResult: success, version: HTTP/1.1, content: EmptyByteBufBE)
GET /session/6ee0dd2bb23510cf457897c70875d0db/element/6E916A5D5D1EE97A0CA2E449B6A5A74B_element_15/name HTTP/1.1
User-Agent: selenium/4.8.1 (java windows)
Cache-Control: no-cache
Content-Type: application/json; charset=utf-8
host: localhost:39720
accept: */*

Response DefaultHttpResponse(decodeResult: success, version: HTTP/1.1)
HTTP/1.1 200 OK
Content-Length: 18
Content-Type: application/json; charset=utf-8
cache-control: no-cache

02:10:04.929 [AsyncHttpClient-1-11] DEBUG org.asynchttpclient.netty.channel.ChannelManager - Adding key: http://localhost:39720 for channel [id: 0x9fe36d7e, L:/127.0.0.1:61044 - R:localhost/127.0.0.1:39720]
02:10:04.933 [Forwarding isElementEnabled on session 6ee0dd2bb23510cf457897c70875d0db to remote] DEBUG org.asynchttpclient.netty.request.NettyRequestSender - Using pooled Channel '[id: 0x9fe36d7e, L:/127.0.0.1:61044 - R:localhost/127.0.0.1:39720]' for 'GET' to 'http://localhost:39720/session/6ee0dd2bb23510cf457897c70875d0db/element/6E916A5D5D1EE97A0CA2E449B6A5A74B_element_15/enabled'
02:10:04.933 [Forwarding isElementEnabled on session 6ee0dd2bb23510cf457897c70875d0db to remote] DEBUG org.asynchttpclient.netty.request.NettyRequestSender - Using open Channel [id: 0x9fe36d7e, L:/127.0.0.1:61044 - R:localhost/127.0.0.1:39720] for GET '/session/6ee0dd2bb23510cf457897c70875d0db/element/6E916A5D5D1EE97A0CA2E449B6A5A74B_element_15/enabled'
02:10:04.950 [AsyncHttpClient-1-11] DEBUG org.asynchttpclient.netty.handler.HttpHandler - 

Request DefaultFullHttpRequest(decodeResult: success, version: HTTP/1.1, content: EmptyByteBufBE)
GET /session/6ee0dd2bb23510cf457897c70875d0db/element/6E916A5D5D1EE97A0CA2E449B6A5A74B_element_15/enabled HTTP/1.1
User-Agent: selenium/4.8.1 (java windows)
Cache-Control: no-cache
Content-Type: application/json; charset=utf-8
host: localhost:39720
accept: */*

Response DefaultHttpResponse(decodeResult: success, version: HTTP/1.1)
HTTP/1.1 200 OK
Content-Length: 14
Content-Type: application/json; charset=utf-8
cache-control: no-cache

02:10:04.950 [AsyncHttpClient-1-11] DEBUG org.asynchttpclient.netty.channel.ChannelManager - Adding key: http://localhost:39720 for channel [id: 0x9fe36d7e, L:/127.0.0.1:61044 - R:localhost/127.0.0.1:39720]
02:10:04.953 [Forwarding isElementEnabled on session 6ee0dd2bb23510cf457897c70875d0db to remote] DEBUG org.asynchttpclient.netty.request.NettyRequestSender - Using pooled Channel '[id: 0x9fe36d7e, L:/127.0.0.1:61044 - R:localhost/127.0.0.1:39720]' for 'GET' to 'http://localhost:39720/session/6ee0dd2bb23510cf457897c70875d0db/element/6E916A5D5D1EE97A0CA2E449B6A5A74B_element_15/enabled'
02:10:04.953 [Forwarding isElementEnabled on session 6ee0dd2bb23510cf457897c70875d0db to remote] DEBUG org.asynchttpclient.netty.request.NettyRequestSender - Using open Channel [id: 0x9fe36d7e, L:/127.0.0.1:61044 - R:localhost/127.0.0.1:39720] for GET '/session/6ee0dd2bb23510cf457897c70875d0db/element/6E916A5D5D1EE97A0CA2E449B6A5A74B_element_15/enabled'
02:10:04.970 [AsyncHttpClient-1-11] DEBUG org.asynchttpclient.netty.handler.HttpHandler - 

Request DefaultFullHttpRequest(decodeResult: success, version: HTTP/1.1, content: EmptyByteBufBE)
GET /session/6ee0dd2bb23510cf457897c70875d0db/element/6E916A5D5D1EE97A0CA2E449B6A5A74B_element_15/enabled HTTP/1.1
User-Agent: selenium/4.8.1 (java windows)
Cache-Control: no-cache
Content-Type: application/json; charset=utf-8
host: localhost:39720
accept: */*

Response DefaultHttpResponse(decodeResult: success, version: HTTP/1.1)
HTTP/1.1 200 OK
Content-Length: 14
Content-Type: application/json; charset=utf-8
cache-control: no-cache

02:10:04.970 [AsyncHttpClient-1-11] DEBUG org.asynchttpclient.netty.channel.ChannelManager - Adding key: http://localhost:39720 for channel [id: 0x9fe36d7e, L:/127.0.0.1:61044 - R:localhost/127.0.0.1:39720]
02:10:04.974 [Forwarding findElement on session 6ee0dd2bb23510cf457897c70875d0db to remote] DEBUG org.asynchttpclient.netty.request.NettyRequestSender - Using pooled Channel '[id: 0x9fe36d7e, L:/127.0.0.1:61044 - R:localhost/127.0.0.1:39720]' for 'POST' to 'http://localhost:39720/session/6ee0dd2bb23510cf457897c70875d0db/element'
02:10:04.974 [Forwarding findElement on session 6ee0dd2bb23510cf457897c70875d0db to remote] DEBUG org.asynchttpclient.netty.request.NettyRequestSender - Using open Channel [id: 0x9fe36d7e, L:/127.0.0.1:61044 - R:localhost/127.0.0.1:39720] for POST '/session/6ee0dd2bb23510cf457897c70875d0db/element'
02:10:04.993 [AsyncHttpClient-1-11] DEBUG org.asynchttpclient.netty.handler.HttpHandler - 

Request DefaultHttpRequest(decodeResult: success, version: HTTP/1.1)
POST /session/6ee0dd2bb23510cf457897c70875d0db/element HTTP/1.1
User-Agent: selenium/4.8.1 (java windows)
Content-Length: 237
Content-Type: application/json; charset=utf-8
host: localhost:39720
accept: */*

Response DefaultHttpResponse(decodeResult: success, version: HTTP/1.1)
HTTP/1.1 200 OK
Content-Length: 95
Content-Type: application/json; charset=utf-8
cache-control: no-cache

02:10:04.994 [AsyncHttpClient-1-11] DEBUG org.asynchttpclient.netty.channel.ChannelManager - Adding key: http://localhost:39720 for channel [id: 0x9fe36d7e, L:/127.0.0.1:61044 - R:localhost/127.0.0.1:39720]
02:10:04.996 [Forwarding clickElement on session 6ee0dd2bb23510cf457897c70875d0db to remote] DEBUG org.asynchttpclient.netty.request.NettyRequestSender - Using pooled Channel '[id: 0x9fe36d7e, L:/127.0.0.1:61044 - R:localhost/127.0.0.1:39720]' for 'POST' to 'http://localhost:39720/session/6ee0dd2bb23510cf457897c70875d0db/element/6E916A5D5D1EE97A0CA2E449B6A5A74B_element_15/click'
02:10:04.996 [Forwarding clickElement on session 6ee0dd2bb23510cf457897c70875d0db to remote] DEBUG org.asynchttpclient.netty.request.NettyRequestSender - Using open Channel [id: 0x9fe36d7e, L:/127.0.0.1:61044 - R:localhost/127.0.0.1:39720] for POST '/session/6ee0dd2bb23510cf457897c70875d0db/element/6E916A5D5D1EE97A0CA2E449B6A5A74B_element_15/click'
02:10:05.132 [AsyncHttpClient-1-11] DEBUG org.asynchttpclient.netty.handler.HttpHandler - 

Request DefaultHttpRequest(decodeResult: success, version: HTTP/1.1)
POST /session/6ee0dd2bb23510cf457897c70875d0db/element/6E916A5D5D1EE97A0CA2E449B6A5A74B_element_15/click HTTP/1.1
User-Agent: selenium/4.8.1 (java windows)
Content-Length: 57
Content-Type: application/json; charset=utf-8
host: localhost:39720
accept: */*

Response DefaultHttpResponse(decodeResult: success, version: HTTP/1.1)
HTTP/1.1 200 OK
Content-Length: 14
Content-Type: application/json; charset=utf-8
cache-control: no-cache

02:10:05.132 [AsyncHttpClient-1-11] DEBUG org.asynchttpclient.netty.channel.ChannelManager - Adding key: http://localhost:39720 for channel [id: 0x9fe36d7e, L:/127.0.0.1:61044 - R:localhost/127.0.0.1:39720]
02:10:05.147 [Forwarding getAlertText on session 6ee0dd2bb23510cf457897c70875d0db to remote] DEBUG org.asynchttpclient.netty.request.NettyRequestSender - Using pooled Channel '[id: 0x9fe36d7e, L:/127.0.0.1:61044 - R:localhost/127.0.0.1:39720]' for 'GET' to 'http://localhost:39720/session/6ee0dd2bb23510cf457897c70875d0db/alert/text'
02:10:05.147 [Forwarding getAlertText on session 6ee0dd2bb23510cf457897c70875d0db to remote] DEBUG org.asynchttpclient.netty.request.NettyRequestSender - Using open Channel [id: 0x9fe36d7e, L:/127.0.0.1:61044 - R:localhost/127.0.0.1:39720] for GET '/session/6ee0dd2bb23510cf457897c70875d0db/alert/text'
02:10:05.152 [AsyncHttpClient-1-11] DEBUG org.asynchttpclient.netty.handler.HttpHandler - 

Request DefaultFullHttpRequest(decodeResult: success, version: HTTP/1.1, content: EmptyByteBufBE)
GET /session/6ee0dd2bb23510cf457897c70875d0db/alert/text HTTP/1.1
User-Agent: selenium/4.8.1 (java windows)
Cache-Control: no-cache
Content-Type: application/json; charset=utf-8
host: localhost:39720
accept: */*

Response DefaultHttpResponse(decodeResult: success, version: HTTP/1.1)
HTTP/1.1 404 Not Found
Content-Length: 828
Content-Type: application/json; charset=utf-8
cache-control: no-cache

02:10:05.152 [AsyncHttpClient-1-11] DEBUG org.asynchttpclient.netty.channel.ChannelManager - Adding key: http://localhost:39720 for channel [id: 0x9fe36d7e, L:/127.0.0.1:61044 - R:localhost/127.0.0.1:39720]
02:10:05.155 [Forwarding getCurrentUrl on session 6ee0dd2bb23510cf457897c70875d0db to remote] DEBUG org.asynchttpclient.netty.request.NettyRequestSender - Using pooled Channel '[id: 0x9fe36d7e, L:/127.0.0.1:61044 - R:localhost/127.0.0.1:39720]' for 'GET' to 'http://localhost:39720/session/6ee0dd2bb23510cf457897c70875d0db/url'
02:10:05.155 [Forwarding getCurrentUrl on session 6ee0dd2bb23510cf457897c70875d0db to remote] DEBUG org.asynchttpclient.netty.request.NettyRequestSender - Using open Channel [id: 0x9fe36d7e, L:/127.0.0.1:61044 - R:localhost/127.0.0.1:39720] for GET '/session/6ee0dd2bb23510cf457897c70875d0db/url'
02:10:05.168 [AsyncHttpClient-1-11] DEBUG org.asynchttpclient.netty.handler.HttpHandler - 

Request DefaultFullHttpRequest(decodeResult: success, version: HTTP/1.1, content: EmptyByteBufBE)
GET /session/6ee0dd2bb23510cf457897c70875d0db/url HTTP/1.1
User-Agent: selenium/4.8.1 (java windows)
Cache-Control: no-cache
Content-Type: application/json; charset=utf-8
host: localhost:39720
accept: */*

Response DefaultHttpResponse(decodeResult: success, version: HTTP/1.1)
HTTP/1.1 200 OK
Content-Length: 56
Content-Type: application/json; charset=utf-8
cache-control: no-cache

02:10:05.169 [AsyncHttpClient-1-11] DEBUG org.asynchttpclient.netty.channel.ChannelManager - Adding key: http://localhost:39720 for channel [id: 0x9fe36d7e, L:/127.0.0.1:61044 - R:localhost/127.0.0.1:39720]
02:10:05.170 [Forwarding screenshot on session 6ee0dd2bb23510cf457897c70875d0db to remote] DEBUG org.asynchttpclient.netty.request.NettyRequestSender - Using pooled Channel '[id: 0x9fe36d7e, L:/127.0.0.1:61044 - R:localhost/127.0.0.1:39720]' for 'GET' to 'http://localhost:39720/session/6ee0dd2bb23510cf457897c70875d0db/screenshot'
02:10:05.170 [Forwarding screenshot on session 6ee0dd2bb23510cf457897c70875d0db to remote] DEBUG org.asynchttpclient.netty.request.NettyRequestSender - Using open Channel [id: 0x9fe36d7e, L:/127.0.0.1:61044 - R:localhost/127.0.0.1:39720] for GET '/session/6ee0dd2bb23510cf457897c70875d0db/screenshot'
02:10:05.511 [AsyncHttpClient-1-11] DEBUG org.asynchttpclient.netty.handler.HttpHandler - 

Request DefaultFullHttpRequest(decodeResult: success, version: HTTP/1.1, content: EmptyByteBufBE)
GET /session/6ee0dd2bb23510cf457897c70875d0db/screenshot HTTP/1.1
User-Agent: selenium/4.8.1 (java windows)
Cache-Control: no-cache
Content-Type: application/json; charset=utf-8
host: localhost:39720
accept: */*

Response DefaultHttpResponse(decodeResult: success, version: HTTP/1.1)
HTTP/1.1 200 OK
Content-Length: 120580
Content-Type: application/json; charset=utf-8
cache-control: no-cache

02:10:05.513 [AsyncHttpClient-1-11] DEBUG org.asynchttpclient.netty.channel.ChannelManager - Adding key: http://localhost:39720 for channel [id: 0x9fe36d7e, L:/127.0.0.1:61044 - R:localhost/127.0.0.1:39720]
02:10:05.519 [main] DEBUG net.serenitybdd.core.photography.Darkroom - Send negative for processing for target\site\serenity\a68aa7cb8a181ee7304c26e0cd806677dce2efab31c225aa0448c4b79cd3b79b.png
02:10:05.520 [Darkroom Processing Line] DEBUG net.serenitybdd.core.photography.DarkroomProcessingLine - Processing screenshot image in /var/screenshots/screenshot-14317835988455853397
02:10:05.521 [Darkroom Processing Line] DEBUG net.serenitybdd.core.photography.DarkroomProcessingLine - Saving screenshot to target\site\serenity\a68aa7cb8a181ee7304c26e0cd806677dce2efab31c225aa0448c4b79cd3b79b.png
02:10:05.523 [Forwarding getPageSource on session 6ee0dd2bb23510cf457897c70875d0db to remote] DEBUG org.asynchttpclient.netty.request.NettyRequestSender - Using pooled Channel '[id: 0x9fe36d7e, L:/127.0.0.1:61044 - R:localhost/127.0.0.1:39720]' for 'POST' to 'http://localhost:39720/session/6ee0dd2bb23510cf457897c70875d0db/execute/sync'
02:10:05.523 [Forwarding getPageSource on session 6ee0dd2bb23510cf457897c70875d0db to remote] DEBUG org.asynchttpclient.netty.request.NettyRequestSender - Using open Channel [id: 0x9fe36d7e, L:/127.0.0.1:61044 - R:localhost/127.0.0.1:39720] for POST '/session/6ee0dd2bb23510cf457897c70875d0db/execute/sync'
02:10:05.536 [AsyncHttpClient-1-11] DEBUG org.asynchttpclient.netty.handler.HttpHandler - 

Request DefaultHttpRequest(decodeResult: success, version: HTTP/1.1)
POST /session/6ee0dd2bb23510cf457897c70875d0db/execute/sync HTTP/1.1
User-Agent: selenium/4.8.1 (java windows)
Content-Length: 176
Content-Type: application/json; charset=utf-8
host: localhost:39720
accept: */*

Response DefaultHttpResponse(decodeResult: success, version: HTTP/1.1)
HTTP/1.1 200 OK
Content-Length: 3457
Content-Type: application/json; charset=utf-8
cache-control: no-cache

02:10:05.536 [AsyncHttpClient-1-11] DEBUG org.asynchttpclient.netty.channel.ChannelManager - Adding key: http://localhost:39720 for channel [id: 0x9fe36d7e, L:/127.0.0.1:61044 - R:localhost/127.0.0.1:39720]
02:10:05.539 [Forwarding getCurrentUrl on session 6ee0dd2bb23510cf457897c70875d0db to remote] DEBUG org.asynchttpclient.netty.request.NettyRequestSender - Using pooled Channel '[id: 0x9fe36d7e, L:/127.0.0.1:61044 - R:localhost/127.0.0.1:39720]' for 'GET' to 'http://localhost:39720/session/6ee0dd2bb23510cf457897c70875d0db/url'
02:10:05.539 [Forwarding getCurrentUrl on session 6ee0dd2bb23510cf457897c70875d0db to remote] DEBUG org.asynchttpclient.netty.request.NettyRequestSender - Using open Channel [id: 0x9fe36d7e, L:/127.0.0.1:61044 - R:localhost/127.0.0.1:39720] for GET '/session/6ee0dd2bb23510cf457897c70875d0db/url'
02:10:05.549 [AsyncHttpClient-1-11] DEBUG org.asynchttpclient.netty.handler.HttpHandler - 

Request DefaultFullHttpRequest(decodeResult: success, version: HTTP/1.1, content: EmptyByteBufBE)
GET /session/6ee0dd2bb23510cf457897c70875d0db/url HTTP/1.1
User-Agent: selenium/4.8.1 (java windows)
Cache-Control: no-cache
Content-Type: application/json; charset=utf-8
host: localhost:39720
accept: */*

Response DefaultHttpResponse(decodeResult: success, version: HTTP/1.1)
HTTP/1.1 200 OK
Content-Length: 56
Content-Type: application/json; charset=utf-8
cache-control: no-cache

02:10:05.549 [AsyncHttpClient-1-11] DEBUG org.asynchttpclient.netty.channel.ChannelManager - Adding key: http://localhost:39720 for channel [id: 0x9fe36d7e, L:/127.0.0.1:61044 - R:localhost/127.0.0.1:39720]
02:10:05.562 [main] DEBUG net.thucydides.core.steps.StepInterceptor - STEP DONE: clickSignInButton
  &amp#27;[32mAnd &amp#27;[0m&amp#27;[32mI click sign in button&amp#27;[0m                                         &amp#27;[90m# starter.stepdefinitions.LoginSteps.doClickSignInButton()&amp#27;[0m
02:10:05.573 [Forwarding getAlertText on session 6ee0dd2bb23510cf457897c70875d0db to remote] DEBUG org.asynchttpclient.netty.request.NettyRequestSender - Using pooled Channel '[id: 0x9fe36d7e, L:/127.0.0.1:61044 - R:localhost/127.0.0.1:39720]' for 'GET' to 'http://localhost:39720/session/6ee0dd2bb23510cf457897c70875d0db/alert/text'
02:10:05.573 [Forwarding getAlertText on session 6ee0dd2bb23510cf457897c70875d0db to remote] DEBUG org.asynchttpclient.netty.request.NettyRequestSender - Using open Channel [id: 0x9fe36d7e, L:/127.0.0.1:61044 - R:localhost/127.0.0.1:39720] for GET '/session/6ee0dd2bb23510cf457897c70875d0db/alert/text'
02:10:05.576 [AsyncHttpClient-1-11] DEBUG org.asynchttpclient.netty.handler.HttpHandler - 

Request DefaultFullHttpRequest(decodeResult: success, version: HTTP/1.1, content: EmptyByteBufBE)
GET /session/6ee0dd2bb23510cf457897c70875d0db/alert/text HTTP/1.1
User-Agent: selenium/4.8.1 (java windows)
Cache-Control: no-cache
Content-Type: application/json; charset=utf-8
host: localhost:39720
accept: */*

Response DefaultHttpResponse(decodeResult: success, version: HTTP/1.1)
HTTP/1.1 404 Not Found
Content-Length: 828
Content-Type: application/json; charset=utf-8
cache-control: no-cache

02:10:05.576 [AsyncHttpClient-1-11] DEBUG org.asynchttpclient.netty.channel.ChannelManager - Adding key: http://localhost:39720 for channel [id: 0x9fe36d7e, L:/127.0.0.1:61044 - R:localhost/127.0.0.1:39720]
02:10:05.578 [Forwarding getCurrentUrl on session 6ee0dd2bb23510cf457897c70875d0db to remote] DEBUG org.asynchttpclient.netty.request.NettyRequestSender - Using pooled Channel '[id: 0x9fe36d7e, L:/127.0.0.1:61044 - R:localhost/127.0.0.1:39720]' for 'GET' to 'http://localhost:39720/session/6ee0dd2bb23510cf457897c70875d0db/url'
02:10:05.578 [Forwarding getCurrentUrl on session 6ee0dd2bb23510cf457897c70875d0db to remote] DEBUG org.asynchttpclient.netty.request.NettyRequestSender - Using open Channel [id: 0x9fe36d7e, L:/127.0.0.1:61044 - R:localhost/127.0.0.1:39720] for GET '/session/6ee0dd2bb23510cf457897c70875d0db/url'
02:10:05.587 [AsyncHttpClient-1-11] DEBUG org.asynchttpclient.netty.handler.HttpHandler - 

Request DefaultFullHttpRequest(decodeResult: success, version: HTTP/1.1, content: EmptyByteBufBE)
GET /session/6ee0dd2bb23510cf457897c70875d0db/url HTTP/1.1
User-Agent: selenium/4.8.1 (java windows)
Cache-Control: no-cache
Content-Type: application/json; charset=utf-8
host: localhost:39720
accept: */*

Response DefaultHttpResponse(decodeResult: success, version: HTTP/1.1)
HTTP/1.1 200 OK
Content-Length: 56
Content-Type: application/json; charset=utf-8
cache-control: no-cache

02:10:05.587 [AsyncHttpClient-1-11] DEBUG org.asynchttpclient.netty.channel.ChannelManager - Adding key: http://localhost:39720 for channel [id: 0x9fe36d7e, L:/127.0.0.1:61044 - R:localhost/127.0.0.1:39720]
02:10:05.589 [Forwarding screenshot on session 6ee0dd2bb23510cf457897c70875d0db to remote] DEBUG org.asynchttpclient.netty.request.NettyRequestSender - Using pooled Channel '[id: 0x9fe36d7e, L:/127.0.0.1:61044 - R:localhost/127.0.0.1:39720]' for 'GET' to 'http://localhost:39720/session/6ee0dd2bb23510cf457897c70875d0db/screenshot'
02:10:05.589 [Forwarding screenshot on session 6ee0dd2bb23510cf457897c70875d0db to remote] DEBUG org.asynchttpclient.netty.request.NettyRequestSender - Using open Channel [id: 0x9fe36d7e, L:/127.0.0.1:61044 - R:localhost/127.0.0.1:39720] for GET '/session/6ee0dd2bb23510cf457897c70875d0db/screenshot'
02:10:05.641 [AsyncHttpClient-1-1] DEBUG org.asynchttpclient.netty.channel.DefaultChannelPool - Entry count for : http://localhost:61045 : 1
02:10:05.870 [AsyncHttpClient-1-11] DEBUG org.asynchttpclient.netty.handler.HttpHandler - 

Request DefaultFullHttpRequest(decodeResult: success, version: HTTP/1.1, content: EmptyByteBufBE)
GET /session/6ee0dd2bb23510cf457897c70875d0db/screenshot HTTP/1.1
User-Agent: selenium/4.8.1 (java windows)
Cache-Control: no-cache
Content-Type: application/json; charset=utf-8
host: localhost:39720
accept: */*

Response DefaultHttpResponse(decodeResult: success, version: HTTP/1.1)
HTTP/1.1 200 OK
Content-Length: 120584
Content-Type: application/json; charset=utf-8
cache-control: no-cache

02:10:05.871 [AsyncHttpClient-1-11] DEBUG org.asynchttpclient.netty.channel.ChannelManager - Adding key: http://localhost:39720 for channel [id: 0x9fe36d7e, L:/127.0.0.1:61044 - R:localhost/127.0.0.1:39720]
02:10:05.877 [main] DEBUG net.serenitybdd.core.photography.Darkroom - Send negative for processing for target\site\serenity\7186d6fb45d230fd8d959f5ec735150be2d6d86d3800861b2bea0ae9fb6bce18.png
02:10:05.878 [Darkroom Processing Line] DEBUG net.serenitybdd.core.photography.DarkroomProcessingLine - Processing screenshot image in /var/screenshots/screenshot-17900146038392786515
02:10:05.878 [Darkroom Processing Line] DEBUG net.serenitybdd.core.photography.DarkroomProcessingLine - Saving screenshot to target\site\serenity\7186d6fb45d230fd8d959f5ec735150be2d6d86d3800861b2bea0ae9fb6bce18.png
02:10:05.889 [Forwarding getPageSource on session 6ee0dd2bb23510cf457897c70875d0db to remote] DEBUG org.asynchttpclient.netty.request.NettyRequestSender - Using pooled Channel '[id: 0x9fe36d7e, L:/127.0.0.1:61044 - R:localhost/127.0.0.1:39720]' for 'POST' to 'http://localhost:39720/session/6ee0dd2bb23510cf457897c70875d0db/execute/sync'
02:10:05.889 [Forwarding getPageSource on session 6ee0dd2bb23510cf457897c70875d0db to remote] DEBUG org.asynchttpclient.netty.request.NettyRequestSender - Using open Channel [id: 0x9fe36d7e, L:/127.0.0.1:61044 - R:localhost/127.0.0.1:39720] for POST '/session/6ee0dd2bb23510cf457897c70875d0db/execute/sync'
02:10:05.900 [AsyncHttpClient-1-11] DEBUG org.asynchttpclient.netty.handler.HttpHandler - 

Request DefaultHttpRequest(decodeResult: success, version: HTTP/1.1)
POST /session/6ee0dd2bb23510cf457897c70875d0db/execute/sync HTTP/1.1
User-Agent: selenium/4.8.1 (java windows)
Content-Length: 176
Content-Type: application/json; charset=utf-8
host: localhost:39720
accept: */*

Response DefaultHttpResponse(decodeResult: success, version: HTTP/1.1)
HTTP/1.1 200 OK
Content-Length: 3457
Content-Type: application/json; charset=utf-8
cache-control: no-cache

02:10:05.900 [AsyncHttpClient-1-11] DEBUG org.asynchttpclient.netty.channel.ChannelManager - Adding key: http://localhost:39720 for channel [id: 0x9fe36d7e, L:/127.0.0.1:61044 - R:localhost/127.0.0.1:39720]
02:10:05.903 [Forwarding getCurrentUrl on session 6ee0dd2bb23510cf457897c70875d0db to remote] DEBUG org.asynchttpclient.netty.request.NettyRequestSender - Using pooled Channel '[id: 0x9fe36d7e, L:/127.0.0.1:61044 - R:localhost/127.0.0.1:39720]' for 'GET' to 'http://localhost:39720/session/6ee0dd2bb23510cf457897c70875d0db/url'
02:10:05.903 [Forwarding getCurrentUrl on session 6ee0dd2bb23510cf457897c70875d0db to remote] DEBUG org.asynchttpclient.netty.request.NettyRequestSender - Using open Channel [id: 0x9fe36d7e, L:/127.0.0.1:61044 - R:localhost/127.0.0.1:39720] for GET '/session/6ee0dd2bb23510cf457897c70875d0db/url'
02:10:05.914 [AsyncHttpClient-1-11] DEBUG org.asynchttpclient.netty.handler.HttpHandler - 

Request DefaultFullHttpRequest(decodeResult: success, version: HTTP/1.1, content: EmptyByteBufBE)
GET /session/6ee0dd2bb23510cf457897c70875d0db/url HTTP/1.1
User-Agent: selenium/4.8.1 (java windows)
Cache-Control: no-cache
Content-Type: application/json; charset=utf-8
host: localhost:39720
accept: */*

Response DefaultHttpResponse(decodeResult: success, version: HTTP/1.1)
HTTP/1.1 200 OK
Content-Length: 56
Content-Type: application/json; charset=utf-8
cache-control: no-cache

02:10:05.914 [AsyncHttpClient-1-11] DEBUG org.asynchttpclient.netty.channel.ChannelManager - Adding key: http://localhost:39720 for channel [id: 0x9fe36d7e, L:/127.0.0.1:61044 - R:localhost/127.0.0.1:39720]
02:10:05.933 [Forwarding getAlertText on session 6ee0dd2bb23510cf457897c70875d0db to remote] DEBUG org.asynchttpclient.netty.request.NettyRequestSender - Using pooled Channel '[id: 0x9fe36d7e, L:/127.0.0.1:61044 - R:localhost/127.0.0.1:39720]' for 'GET' to 'http://localhost:39720/session/6ee0dd2bb23510cf457897c70875d0db/alert/text'
02:10:05.933 [Forwarding getAlertText on session 6ee0dd2bb23510cf457897c70875d0db to remote] DEBUG org.asynchttpclient.netty.request.NettyRequestSender - Using open Channel [id: 0x9fe36d7e, L:/127.0.0.1:61044 - R:localhost/127.0.0.1:39720] for GET '/session/6ee0dd2bb23510cf457897c70875d0db/alert/text'
02:10:05.936 [AsyncHttpClient-1-11] DEBUG org.asynchttpclient.netty.handler.HttpHandler - 

Request DefaultFullHttpRequest(decodeResult: success, version: HTTP/1.1, content: EmptyByteBufBE)
GET /session/6ee0dd2bb23510cf457897c70875d0db/alert/text HTTP/1.1
User-Agent: selenium/4.8.1 (java windows)
Cache-Control: no-cache
Content-Type: application/json; charset=utf-8
host: localhost:39720
accept: */*

Response DefaultHttpResponse(decodeResult: success, version: HTTP/1.1)
HTTP/1.1 404 Not Found
Content-Length: 828
Content-Type: application/json; charset=utf-8
cache-control: no-cache

02:10:05.936 [AsyncHttpClient-1-11] DEBUG org.asynchttpclient.netty.channel.ChannelManager - Adding key: http://localhost:39720 for channel [id: 0x9fe36d7e, L:/127.0.0.1:61044 - R:localhost/127.0.0.1:39720]
02:10:05.938 [Forwarding getCurrentUrl on session 6ee0dd2bb23510cf457897c70875d0db to remote] DEBUG org.asynchttpclient.netty.request.NettyRequestSender - Using pooled Channel '[id: 0x9fe36d7e, L:/127.0.0.1:61044 - R:localhost/127.0.0.1:39720]' for 'GET' to 'http://localhost:39720/session/6ee0dd2bb23510cf457897c70875d0db/url'
02:10:05.939 [Forwarding getCurrentUrl on session 6ee0dd2bb23510cf457897c70875d0db to remote] DEBUG org.asynchttpclient.netty.request.NettyRequestSender - Using open Channel [id: 0x9fe36d7e, L:/127.0.0.1:61044 - R:localhost/127.0.0.1:39720] for GET '/session/6ee0dd2bb23510cf457897c70875d0db/url'
02:10:05.949 [AsyncHttpClient-1-11] DEBUG org.asynchttpclient.netty.handler.HttpHandler - 

Request DefaultFullHttpRequest(decodeResult: success, version: HTTP/1.1, content: EmptyByteBufBE)
GET /session/6ee0dd2bb23510cf457897c70875d0db/url HTTP/1.1
User-Agent: selenium/4.8.1 (java windows)
Cache-Control: no-cache
Content-Type: application/json; charset=utf-8
host: localhost:39720
accept: */*

Response DefaultHttpResponse(decodeResult: success, version: HTTP/1.1)
HTTP/1.1 200 OK
Content-Length: 56
Content-Type: application/json; charset=utf-8
cache-control: no-cache

02:10:05.949 [AsyncHttpClient-1-11] DEBUG org.asynchttpclient.netty.channel.ChannelManager - Adding key: http://localhost:39720 for channel [id: 0x9fe36d7e, L:/127.0.0.1:61044 - R:localhost/127.0.0.1:39720]
02:10:05.951 [Forwarding screenshot on session 6ee0dd2bb23510cf457897c70875d0db to remote] DEBUG org.asynchttpclient.netty.request.NettyRequestSender - Using pooled Channel '[id: 0x9fe36d7e, L:/127.0.0.1:61044 - R:localhost/127.0.0.1:39720]' for 'GET' to 'http://localhost:39720/session/6ee0dd2bb23510cf457897c70875d0db/screenshot'
02:10:05.951 [Forwarding screenshot on session 6ee0dd2bb23510cf457897c70875d0db to remote] DEBUG org.asynchttpclient.netty.request.NettyRequestSender - Using open Channel [id: 0x9fe36d7e, L:/127.0.0.1:61044 - R:localhost/127.0.0.1:39720] for GET '/session/6ee0dd2bb23510cf457897c70875d0db/screenshot'
02:10:06.231 [AsyncHttpClient-1-11] DEBUG org.asynchttpclient.netty.handler.HttpHandler - 

Request DefaultFullHttpRequest(decodeResult: success, version: HTTP/1.1, content: EmptyByteBufBE)
GET /session/6ee0dd2bb23510cf457897c70875d0db/screenshot HTTP/1.1
User-Agent: selenium/4.8.1 (java windows)
Cache-Control: no-cache
Content-Type: application/json; charset=utf-8
host: localhost:39720
accept: */*

Response DefaultHttpResponse(decodeResult: success, version: HTTP/1.1)
HTTP/1.1 200 OK
Content-Length: 120624
Content-Type: application/json; charset=utf-8
cache-control: no-cache

02:10:06.232 [AsyncHttpClient-1-11] DEBUG org.asynchttpclient.netty.channel.ChannelManager - Adding key: http://localhost:39720 for channel [id: 0x9fe36d7e, L:/127.0.0.1:61044 - R:localhost/127.0.0.1:39720]
02:10:06.238 [main] DEBUG net.serenitybdd.core.photography.Darkroom - Send negative for processing for target\site\serenity\b8542dbe994c3ff768474c443cc6cb3b795a7f449dad954ce66b59bdb3287629.png
02:10:06.239 [Darkroom Processing Line] DEBUG net.serenitybdd.core.photography.DarkroomProcessingLine - Processing screenshot image in /var/screenshots/screenshot-8355291812105438437
02:10:06.239 [Darkroom Processing Line] DEBUG net.serenitybdd.core.photography.DarkroomProcessingLine - Saving screenshot to target\site\serenity\b8542dbe994c3ff768474c443cc6cb3b795a7f449dad954ce66b59bdb3287629.png
02:10:06.242 [Forwarding getPageSource on session 6ee0dd2bb23510cf457897c70875d0db to remote] DEBUG org.asynchttpclient.netty.request.NettyRequestSender - Using pooled Channel '[id: 0x9fe36d7e, L:/127.0.0.1:61044 - R:localhost/127.0.0.1:39720]' for 'POST' to 'http://localhost:39720/session/6ee0dd2bb23510cf457897c70875d0db/execute/sync'
02:10:06.242 [Forwarding getPageSource on session 6ee0dd2bb23510cf457897c70875d0db to remote] DEBUG org.asynchttpclient.netty.request.NettyRequestSender - Using open Channel [id: 0x9fe36d7e, L:/127.0.0.1:61044 - R:localhost/127.0.0.1:39720] for POST '/session/6ee0dd2bb23510cf457897c70875d0db/execute/sync'
02:10:06.252 [AsyncHttpClient-1-11] DEBUG org.asynchttpclient.netty.handler.HttpHandler - 

Request DefaultHttpRequest(decodeResult: success, version: HTTP/1.1)
POST /session/6ee0dd2bb23510cf457897c70875d0db/execute/sync HTTP/1.1
User-Agent: selenium/4.8.1 (java windows)
Content-Length: 176
Content-Type: application/json; charset=utf-8
host: localhost:39720
accept: */*

Response DefaultHttpResponse(decodeResult: success, version: HTTP/1.1)
HTTP/1.1 200 OK
Content-Length: 3457
Content-Type: application/json; charset=utf-8
cache-control: no-cache

02:10:06.252 [AsyncHttpClient-1-11] DEBUG org.asynchttpclient.netty.channel.ChannelManager - Adding key: http://localhost:39720 for channel [id: 0x9fe36d7e, L:/127.0.0.1:61044 - R:localhost/127.0.0.1:39720]
02:10:06.255 [Forwarding getCurrentUrl on session 6ee0dd2bb23510cf457897c70875d0db to remote] DEBUG org.asynchttpclient.netty.request.NettyRequestSender - Using pooled Channel '[id: 0x9fe36d7e, L:/127.0.0.1:61044 - R:localhost/127.0.0.1:39720]' for 'GET' to 'http://localhost:39720/session/6ee0dd2bb23510cf457897c70875d0db/url'
02:10:06.255 [Forwarding getCurrentUrl on session 6ee0dd2bb23510cf457897c70875d0db to remote] DEBUG org.asynchttpclient.netty.request.NettyRequestSender - Using open Channel [id: 0x9fe36d7e, L:/127.0.0.1:61044 - R:localhost/127.0.0.1:39720] for GET '/session/6ee0dd2bb23510cf457897c70875d0db/url'
02:10:06.264 [AsyncHttpClient-1-11] DEBUG org.asynchttpclient.netty.handler.HttpHandler - 

Request DefaultFullHttpRequest(decodeResult: success, version: HTTP/1.1, content: EmptyByteBufBE)
GET /session/6ee0dd2bb23510cf457897c70875d0db/url HTTP/1.1
User-Agent: selenium/4.8.1 (java windows)
Cache-Control: no-cache
Content-Type: application/json; charset=utf-8
host: localhost:39720
accept: */*

Response DefaultHttpResponse(decodeResult: success, version: HTTP/1.1)
HTTP/1.1 200 OK
Content-Length: 56
Content-Type: application/json; charset=utf-8
cache-control: no-cache

02:10:06.264 [AsyncHttpClient-1-11] DEBUG org.asynchttpclient.netty.channel.ChannelManager - Adding key: http://localhost:39720 for channel [id: 0x9fe36d7e, L:/127.0.0.1:61044 - R:localhost/127.0.0.1:39720]
02:10:06.268 [main] DEBUG net.thucydides.core.steps.StepInterceptor - STARTING STEP: LoginSteps.seeErrorMessageRequired - validateErrorMessageEmptyUsernamePwd
02:10:06.271 [Forwarding findElement on session 6ee0dd2bb23510cf457897c70875d0db to remote] DEBUG org.asynchttpclient.netty.request.NettyRequestSender - Using pooled Channel '[id: 0x9fe36d7e, L:/127.0.0.1:61044 - R:localhost/127.0.0.1:39720]' for 'POST' to 'http://localhost:39720/session/6ee0dd2bb23510cf457897c70875d0db/element'
02:10:06.271 [Forwarding findElement on session 6ee0dd2bb23510cf457897c70875d0db to remote] DEBUG org.asynchttpclient.netty.request.NettyRequestSender - Using open Channel [id: 0x9fe36d7e, L:/127.0.0.1:61044 - R:localhost/127.0.0.1:39720] for POST '/session/6ee0dd2bb23510cf457897c70875d0db/element'
02:10:06.301 [AsyncHttpClient-1-11] DEBUG org.asynchttpclient.netty.handler.HttpHandler - 

Request DefaultHttpRequest(decodeResult: success, version: HTTP/1.1)
POST /session/6ee0dd2bb23510cf457897c70875d0db/element HTTP/1.1
User-Agent: selenium/4.8.1 (java windows)
Content-Length: 98
Content-Type: application/json; charset=utf-8
host: localhost:39720
accept: */*

Response DefaultHttpResponse(decodeResult: success, version: HTTP/1.1)
HTTP/1.1 200 OK
Content-Length: 95
Content-Type: application/json; charset=utf-8
cache-control: no-cache

02:10:06.301 [AsyncHttpClient-1-11] DEBUG org.asynchttpclient.netty.channel.ChannelManager - Adding key: http://localhost:39720 for channel [id: 0x9fe36d7e, L:/127.0.0.1:61044 - R:localhost/127.0.0.1:39720]
02:10:06.307 [Forwarding isElementDisplayed on session 6ee0dd2bb23510cf457897c70875d0db to remote] DEBUG org.asynchttpclient.netty.request.NettyRequestSender - Using pooled Channel '[id: 0x9fe36d7e, L:/127.0.0.1:61044 - R:localhost/127.0.0.1:39720]' for 'POST' to 'http://localhost:39720/session/6ee0dd2bb23510cf457897c70875d0db/execute/sync'
02:10:06.307 [Forwarding isElementDisplayed on session 6ee0dd2bb23510cf457897c70875d0db to remote] DEBUG org.asynchttpclient.netty.request.NettyRequestSender - Using open Channel [id: 0x9fe36d7e, L:/127.0.0.1:61044 - R:localhost/127.0.0.1:39720] for POST '/session/6ee0dd2bb23510cf457897c70875d0db/execute/sync'
02:10:06.337 [AsyncHttpClient-1-11] DEBUG org.asynchttpclient.netty.handler.HttpHandler - 

Request DefaultHttpRequest(decodeResult: success, version: HTTP/1.1)
POST /session/6ee0dd2bb23510cf457897c70875d0db/execute/sync HTTP/1.1
User-Agent: selenium/4.8.1 (java windows)
Content-Length: 48814
Content-Type: application/json; charset=utf-8
host: localhost:39720
accept: */*

Response DefaultHttpResponse(decodeResult: success, version: HTTP/1.1)
HTTP/1.1 200 OK
Content-Length: 14
Content-Type: application/json; charset=utf-8
cache-control: no-cache

02:10:06.338 [AsyncHttpClient-1-11] DEBUG org.asynchttpclient.netty.channel.ChannelManager - Adding key: http://localhost:39720 for channel [id: 0x9fe36d7e, L:/127.0.0.1:61044 - R:localhost/127.0.0.1:39720]
02:10:06.349 [Forwarding getAlertText on session 6ee0dd2bb23510cf457897c70875d0db to remote] DEBUG org.asynchttpclient.netty.request.NettyRequestSender - Using pooled Channel '[id: 0x9fe36d7e, L:/127.0.0.1:61044 - R:localhost/127.0.0.1:39720]' for 'GET' to 'http://localhost:39720/session/6ee0dd2bb23510cf457897c70875d0db/alert/text'
02:10:06.349 [Forwarding getAlertText on session 6ee0dd2bb23510cf457897c70875d0db to remote] DEBUG org.asynchttpclient.netty.request.NettyRequestSender - Using open Channel [id: 0x9fe36d7e, L:/127.0.0.1:61044 - R:localhost/127.0.0.1:39720] for GET '/session/6ee0dd2bb23510cf457897c70875d0db/alert/text'
02:10:06.352 [AsyncHttpClient-1-11] DEBUG org.asynchttpclient.netty.handler.HttpHandler - 

Request DefaultFullHttpRequest(decodeResult: success, version: HTTP/1.1, content: EmptyByteBufBE)
GET /session/6ee0dd2bb23510cf457897c70875d0db/alert/text HTTP/1.1
User-Agent: selenium/4.8.1 (java windows)
Cache-Control: no-cache
Content-Type: application/json; charset=utf-8
host: localhost:39720
accept: */*

Response DefaultHttpResponse(decodeResult: success, version: HTTP/1.1)
HTTP/1.1 404 Not Found
Content-Length: 828
Content-Type: application/json; charset=utf-8
cache-control: no-cache

02:10:06.352 [AsyncHttpClient-1-11] DEBUG org.asynchttpclient.netty.channel.ChannelManager - Adding key: http://localhost:39720 for channel [id: 0x9fe36d7e, L:/127.0.0.1:61044 - R:localhost/127.0.0.1:39720]
02:10:06.355 [Forwarding getCurrentUrl on session 6ee0dd2bb23510cf457897c70875d0db to remote] DEBUG org.asynchttpclient.netty.request.NettyRequestSender - Using pooled Channel '[id: 0x9fe36d7e, L:/127.0.0.1:61044 - R:localhost/127.0.0.1:39720]' for 'GET' to 'http://localhost:39720/session/6ee0dd2bb23510cf457897c70875d0db/url'
02:10:06.355 [Forwarding getCurrentUrl on session 6ee0dd2bb23510cf457897c70875d0db to remote] DEBUG org.asynchttpclient.netty.request.NettyRequestSender - Using open Channel [id: 0x9fe36d7e, L:/127.0.0.1:61044 - R:localhost/127.0.0.1:39720] for GET '/session/6ee0dd2bb23510cf457897c70875d0db/url'
02:10:06.364 [AsyncHttpClient-1-11] DEBUG org.asynchttpclient.netty.handler.HttpHandler - 

Request DefaultFullHttpRequest(decodeResult: success, version: HTTP/1.1, content: EmptyByteBufBE)
GET /session/6ee0dd2bb23510cf457897c70875d0db/url HTTP/1.1
User-Agent: selenium/4.8.1 (java windows)
Cache-Control: no-cache
Content-Type: application/json; charset=utf-8
host: localhost:39720
accept: */*

Response DefaultHttpResponse(decodeResult: success, version: HTTP/1.1)
HTTP/1.1 200 OK
Content-Length: 56
Content-Type: application/json; charset=utf-8
cache-control: no-cache

02:10:06.364 [AsyncHttpClient-1-11] DEBUG org.asynchttpclient.netty.channel.ChannelManager - Adding key: http://localhost:39720 for channel [id: 0x9fe36d7e, L:/127.0.0.1:61044 - R:localhost/127.0.0.1:39720]
02:10:06.366 [Forwarding screenshot on session 6ee0dd2bb23510cf457897c70875d0db to remote] DEBUG org.asynchttpclient.netty.request.NettyRequestSender - Using pooled Channel '[id: 0x9fe36d7e, L:/127.0.0.1:61044 - R:localhost/127.0.0.1:39720]' for 'GET' to 'http://localhost:39720/session/6ee0dd2bb23510cf457897c70875d0db/screenshot'
02:10:06.366 [Forwarding screenshot on session 6ee0dd2bb23510cf457897c70875d0db to remote] DEBUG org.asynchttpclient.netty.request.NettyRequestSender - Using open Channel [id: 0x9fe36d7e, L:/127.0.0.1:61044 - R:localhost/127.0.0.1:39720] for GET '/session/6ee0dd2bb23510cf457897c70875d0db/screenshot'
02:10:06.688 [AsyncHttpClient-1-11] DEBUG org.asynchttpclient.netty.handler.HttpHandler - 

Request DefaultFullHttpRequest(decodeResult: success, version: HTTP/1.1, content: EmptyByteBufBE)
GET /session/6ee0dd2bb23510cf457897c70875d0db/screenshot HTTP/1.1
User-Agent: selenium/4.8.1 (java windows)
Cache-Control: no-cache
Content-Type: application/json; charset=utf-8
host: localhost:39720
accept: */*

Response DefaultHttpResponse(decodeResult: success, version: HTTP/1.1)
HTTP/1.1 200 OK
Content-Length: 120584
Content-Type: application/json; charset=utf-8
cache-control: no-cache

02:10:06.689 [AsyncHttpClient-1-11] DEBUG org.asynchttpclient.netty.channel.ChannelManager - Adding key: http://localhost:39720 for channel [id: 0x9fe36d7e, L:/127.0.0.1:61044 - R:localhost/127.0.0.1:39720]
02:10:06.695 [main] DEBUG net.serenitybdd.core.photography.Darkroom - Send negative for processing for target\site\serenity\7186d6fb45d230fd8d959f5ec735150be2d6d86d3800861b2bea0ae9fb6bce18.png
02:10:06.696 [main] DEBUG net.thucydides.core.steps.StepInterceptor - STEP DONE: validateErrorMessageEmptyUsernamePwd
02:10:06.712 [Forwarding getPageSource on session 6ee0dd2bb23510cf457897c70875d0db to remote] DEBUG org.asynchttpclient.netty.request.NettyRequestSender - Using pooled Channel '[id: 0x9fe36d7e, L:/127.0.0.1:61044 - R:localhost/127.0.0.1:39720]' for 'POST' to 'http://localhost:39720/session/6ee0dd2bb23510cf457897c70875d0db/execute/sync'
02:10:06.712 [Forwarding getPageSource on session 6ee0dd2bb23510cf457897c70875d0db to remote] DEBUG org.asynchttpclient.netty.request.NettyRequestSender - Using open Channel [id: 0x9fe36d7e, L:/127.0.0.1:61044 - R:localhost/127.0.0.1:39720] for POST '/session/6ee0dd2bb23510cf457897c70875d0db/execute/sync'
02:10:06.724 [AsyncHttpClient-1-11] DEBUG org.asynchttpclient.netty.handler.HttpHandler - 

Request DefaultHttpRequest(decodeResult: success, version: HTTP/1.1)
POST /session/6ee0dd2bb23510cf457897c70875d0db/execute/sync HTTP/1.1
User-Agent: selenium/4.8.1 (java windows)
Content-Length: 176
Content-Type: application/json; charset=utf-8
host: localhost:39720
accept: */*

Response DefaultHttpResponse(decodeResult: success, version: HTTP/1.1)
HTTP/1.1 200 OK
Content-Length: 3457
Content-Type: application/json; charset=utf-8
cache-control: no-cache

02:10:06.724 [AsyncHttpClient-1-11] DEBUG org.asynchttpclient.netty.channel.ChannelManager - Adding key: http://localhost:39720 for channel [id: 0x9fe36d7e, L:/127.0.0.1:61044 - R:localhost/127.0.0.1:39720]
02:10:06.727 [Forwarding getCurrentUrl on session 6ee0dd2bb23510cf457897c70875d0db to remote] DEBUG org.asynchttpclient.netty.request.NettyRequestSender - Using pooled Channel '[id: 0x9fe36d7e, L:/127.0.0.1:61044 - R:localhost/127.0.0.1:39720]' for 'GET' to 'http://localhost:39720/session/6ee0dd2bb23510cf457897c70875d0db/url'
02:10:06.727 [Forwarding getCurrentUrl on session 6ee0dd2bb23510cf457897c70875d0db to remote] DEBUG org.asynchttpclient.netty.request.NettyRequestSender - Using open Channel [id: 0x9fe36d7e, L:/127.0.0.1:61044 - R:localhost/127.0.0.1:39720] for GET '/session/6ee0dd2bb23510cf457897c70875d0db/url'
02:10:06.732 [AsyncHttpClient-1-1] DEBUG org.asynchttpclient.netty.channel.DefaultChannelPool - Entry count for : http://localhost:61045 : 1
02:10:06.740 [AsyncHttpClient-1-11] DEBUG org.asynchttpclient.netty.handler.HttpHandler - 

Request DefaultFullHttpRequest(decodeResult: success, version: HTTP/1.1, content: EmptyByteBufBE)
GET /session/6ee0dd2bb23510cf457897c70875d0db/url HTTP/1.1
User-Agent: selenium/4.8.1 (java windows)
Cache-Control: no-cache
Content-Type: application/json; charset=utf-8
host: localhost:39720
accept: */*

Response DefaultHttpResponse(decodeResult: success, version: HTTP/1.1)
HTTP/1.1 200 OK
Content-Length: 56
Content-Type: application/json; charset=utf-8
cache-control: no-cache

02:10:06.740 [AsyncHttpClient-1-11] DEBUG org.asynchttpclient.netty.channel.ChannelManager - Adding key: http://localhost:39720 for channel [id: 0x9fe36d7e, L:/127.0.0.1:61044 - R:localhost/127.0.0.1:39720]
02:10:06.744 [main] DEBUG net.thucydides.core.steps.StepInterceptor - STARTING STEP: LoginSteps.seeErrorMessageRequired - iValidateEqualMessageErrorEmptyUsernamePwd
02:10:06.750 [Forwarding findElement on session 6ee0dd2bb23510cf457897c70875d0db to remote] DEBUG org.asynchttpclient.netty.request.NettyRequestSender - Using pooled Channel '[id: 0x9fe36d7e, L:/127.0.0.1:61044 - R:localhost/127.0.0.1:39720]' for 'POST' to 'http://localhost:39720/session/6ee0dd2bb23510cf457897c70875d0db/element'
02:10:06.750 [Forwarding findElement on session 6ee0dd2bb23510cf457897c70875d0db to remote] DEBUG org.asynchttpclient.netty.request.NettyRequestSender - Using open Channel [id: 0x9fe36d7e, L:/127.0.0.1:61044 - R:localhost/127.0.0.1:39720] for POST '/session/6ee0dd2bb23510cf457897c70875d0db/element'
02:10:06.770 [AsyncHttpClient-1-11] DEBUG org.asynchttpclient.netty.handler.HttpHandler - 

Request DefaultHttpRequest(decodeResult: success, version: HTTP/1.1)
POST /session/6ee0dd2bb23510cf457897c70875d0db/element HTTP/1.1
User-Agent: selenium/4.8.1 (java windows)
Content-Length: 98
Content-Type: application/json; charset=utf-8
host: localhost:39720
accept: */*

Response DefaultHttpResponse(decodeResult: success, version: HTTP/1.1)
HTTP/1.1 200 OK
Content-Length: 95
Content-Type: application/json; charset=utf-8
cache-control: no-cache

02:10:06.771 [AsyncHttpClient-1-11] DEBUG org.asynchttpclient.netty.channel.ChannelManager - Adding key: http://localhost:39720 for channel [id: 0x9fe36d7e, L:/127.0.0.1:61044 - R:localhost/127.0.0.1:39720]
02:10:06.772 [Forwarding getElementText on session 6ee0dd2bb23510cf457897c70875d0db to remote] DEBUG org.asynchttpclient.netty.request.NettyRequestSender - Using pooled Channel '[id: 0x9fe36d7e, L:/127.0.0.1:61044 - R:localhost/127.0.0.1:39720]' for 'GET' to 'http://localhost:39720/session/6ee0dd2bb23510cf457897c70875d0db/element/6E916A5D5D1EE97A0CA2E449B6A5A74B_element_22/text'
02:10:06.772 [Forwarding getElementText on session 6ee0dd2bb23510cf457897c70875d0db to remote] DEBUG org.asynchttpclient.netty.request.NettyRequestSender - Using open Channel [id: 0x9fe36d7e, L:/127.0.0.1:61044 - R:localhost/127.0.0.1:39720] for GET '/session/6ee0dd2bb23510cf457897c70875d0db/element/6E916A5D5D1EE97A0CA2E449B6A5A74B_element_22/text'
02:10:06.808 [AsyncHttpClient-1-11] DEBUG org.asynchttpclient.netty.handler.HttpHandler - 

Request DefaultFullHttpRequest(decodeResult: success, version: HTTP/1.1, content: EmptyByteBufBE)
GET /session/6ee0dd2bb23510cf457897c70875d0db/element/6E916A5D5D1EE97A0CA2E449B6A5A74B_element_22/text HTTP/1.1
User-Agent: selenium/4.8.1 (java windows)
Cache-Control: no-cache
Content-Type: application/json; charset=utf-8
host: localhost:39720
accept: */*

Response DefaultHttpResponse(decodeResult: success, version: HTTP/1.1)
HTTP/1.1 200 OK
Content-Length: 42
Content-Type: application/json; charset=utf-8
cache-control: no-cache

02:10:06.808 [AsyncHttpClient-1-11] DEBUG org.asynchttpclient.netty.channel.ChannelManager - Adding key: http://localhost:39720 for channel [id: 0x9fe36d7e, L:/127.0.0.1:61044 - R:localhost/127.0.0.1:39720]
02:10:06.821 [Forwarding getAlertText on session 6ee0dd2bb23510cf457897c70875d0db to remote] DEBUG org.asynchttpclient.netty.request.NettyRequestSender - Using pooled Channel '[id: 0x9fe36d7e, L:/127.0.0.1:61044 - R:localhost/127.0.0.1:39720]' for 'GET' to 'http://localhost:39720/session/6ee0dd2bb23510cf457897c70875d0db/alert/text'
02:10:06.822 [Forwarding getAlertText on session 6ee0dd2bb23510cf457897c70875d0db to remote] DEBUG org.asynchttpclient.netty.request.NettyRequestSender - Using open Channel [id: 0x9fe36d7e, L:/127.0.0.1:61044 - R:localhost/127.0.0.1:39720] for GET '/session/6ee0dd2bb23510cf457897c70875d0db/alert/text'
02:10:06.825 [AsyncHttpClient-1-11] DEBUG org.asynchttpclient.netty.handler.HttpHandler - 

Request DefaultFullHttpRequest(decodeResult: success, version: HTTP/1.1, content: EmptyByteBufBE)
GET /session/6ee0dd2bb23510cf457897c70875d0db/alert/text HTTP/1.1
User-Agent: selenium/4.8.1 (java windows)
Cache-Control: no-cache
Content-Type: application/json; charset=utf-8
host: localhost:39720
accept: */*

Response DefaultHttpResponse(decodeResult: success, version: HTTP/1.1)
HTTP/1.1 404 Not Found
Content-Length: 828
Content-Type: application/json; charset=utf-8
cache-control: no-cache

02:10:06.825 [AsyncHttpClient-1-11] DEBUG org.asynchttpclient.netty.channel.ChannelManager - Adding key: http://localhost:39720 for channel [id: 0x9fe36d7e, L:/127.0.0.1:61044 - R:localhost/127.0.0.1:39720]
02:10:06.827 [Forwarding getCurrentUrl on session 6ee0dd2bb23510cf457897c70875d0db to remote] DEBUG org.asynchttpclient.netty.request.NettyRequestSender - Using pooled Channel '[id: 0x9fe36d7e, L:/127.0.0.1:61044 - R:localhost/127.0.0.1:39720]' for 'GET' to 'http://localhost:39720/session/6ee0dd2bb23510cf457897c70875d0db/url'
02:10:06.827 [Forwarding getCurrentUrl on session 6ee0dd2bb23510cf457897c70875d0db to remote] DEBUG org.asynchttpclient.netty.request.NettyRequestSender - Using open Channel [id: 0x9fe36d7e, L:/127.0.0.1:61044 - R:localhost/127.0.0.1:39720] for GET '/session/6ee0dd2bb23510cf457897c70875d0db/url'
02:10:06.837 [AsyncHttpClient-1-11] DEBUG org.asynchttpclient.netty.handler.HttpHandler - 

Request DefaultFullHttpRequest(decodeResult: success, version: HTTP/1.1, content: EmptyByteBufBE)
GET /session/6ee0dd2bb23510cf457897c70875d0db/url HTTP/1.1
User-Agent: selenium/4.8.1 (java windows)
Cache-Control: no-cache
Content-Type: application/json; charset=utf-8
host: localhost:39720
accept: */*

Response DefaultHttpResponse(decodeResult: success, version: HTTP/1.1)
HTTP/1.1 200 OK
Content-Length: 56
Content-Type: application/json; charset=utf-8
cache-control: no-cache

02:10:06.837 [AsyncHttpClient-1-11] DEBUG org.asynchttpclient.netty.channel.ChannelManager - Adding key: http://localhost:39720 for channel [id: 0x9fe36d7e, L:/127.0.0.1:61044 - R:localhost/127.0.0.1:39720]
02:10:06.839 [Forwarding screenshot on session 6ee0dd2bb23510cf457897c70875d0db to remote] DEBUG org.asynchttpclient.netty.request.NettyRequestSender - Using pooled Channel '[id: 0x9fe36d7e, L:/127.0.0.1:61044 - R:localhost/127.0.0.1:39720]' for 'GET' to 'http://localhost:39720/session/6ee0dd2bb23510cf457897c70875d0db/screenshot'
02:10:06.839 [Forwarding screenshot on session 6ee0dd2bb23510cf457897c70875d0db to remote] DEBUG org.asynchttpclient.netty.request.NettyRequestSender - Using open Channel [id: 0x9fe36d7e, L:/127.0.0.1:61044 - R:localhost/127.0.0.1:39720] for GET '/session/6ee0dd2bb23510cf457897c70875d0db/screenshot'
02:10:07.141 [AsyncHttpClient-1-11] DEBUG org.asynchttpclient.netty.handler.HttpHandler - 

Request DefaultFullHttpRequest(decodeResult: success, version: HTTP/1.1, content: EmptyByteBufBE)
GET /session/6ee0dd2bb23510cf457897c70875d0db/screenshot HTTP/1.1
User-Agent: selenium/4.8.1 (java windows)
Cache-Control: no-cache
Content-Type: application/json; charset=utf-8
host: localhost:39720
accept: */*

Response DefaultHttpResponse(decodeResult: success, version: HTTP/1.1)
HTTP/1.1 200 OK
Content-Length: 120624
Content-Type: application/json; charset=utf-8
cache-control: no-cache

02:10:07.142 [AsyncHttpClient-1-11] DEBUG org.asynchttpclient.netty.channel.ChannelManager - Adding key: http://localhost:39720 for channel [id: 0x9fe36d7e, L:/127.0.0.1:61044 - R:localhost/127.0.0.1:39720]
02:10:07.149 [main] DEBUG net.serenitybdd.core.photography.Darkroom - Send negative for processing for target\site\serenity\b8542dbe994c3ff768474c443cc6cb3b795a7f449dad954ce66b59bdb3287629.png
02:10:07.149 [main] DEBUG net.thucydides.core.steps.StepInterceptor - STEP DONE: iValidateEqualMessageErrorEmptyUsernamePwd
  &amp#27;[32mThen &amp#27;[0m&amp#27;[32mI see error message required &amp#27;[0m&amp#27;[32m&amp#27;[1m"The username field is required"&amp#27;[0m &amp#27;[90m# starter.stepdefinitions.LoginSteps.seeErrorMessageRequired(java.lang.String)&amp#27;[0m
02:10:07.164 [main] INFO  - 
  _____   ___   ___   _____     ___     _     ___   ___   ___   ___  
 |_   _| | __| / __| |_   _|   | _ \   /_\   / __| / __| | __| |   \ 
   | |   | _|  \__ \   | |     |  _/  / _ \  \__ \ \__ \ | _|  | |) |
   |_|   |___| |___/   |_|     |_|   /_/ \_\ |___/ |___/ |___| |___/ 

As a admin i failed login with empty username
----------------------------------------------------------------------
02:10:07.179 [AsyncHttpClient-1-13] DEBUG org.asynchttpclient.netty.handler.WebSocketHandler - Channel Closed: [id: 0x6d97118a, L:/127.0.0.1:61054 ! R:localhost/127.0.0.1:61045] with attribute NettyResponseFuture{currentRetry=0,
	isDone=1,
	isCancelled=0,
	asyncHandler=org.asynchttpclient.ws.WebSocketUpgradeHandler@496f925a,
	nettyRequest=org.asynchttpclient.netty.request.NettyRequest@c6d0513,
	future=java.util.concurrent.CompletableFuture@70cfe31d[Completed normally],
	uri=ws://localhost:61045/devtools/browser/4e51c12d-c541-428f-8900-4c98bf6a7f79,
	keepAlive=true,
	redirectCount=0,
	timeoutsHolder=null,
	inAuth=0,
	touch=1687201798956}
02:10:07.179 [AsyncHttpClient-1-13] DEBUG org.asynchttpclient.netty.channel.ChannelManager - Closing Channel [id: 0x6d97118a, L:/127.0.0.1:61054 ! R:localhost/127.0.0.1:61045] 
02:10:07.179 [Driver Command Executor] DEBUG org.asynchttpclient.netty.request.NettyRequestSender - Using pooled Channel '[id: 0x9fe36d7e, L:/127.0.0.1:61044 - R:localhost/127.0.0.1:39720]' for 'DELETE' to 'http://localhost:39720/session/6ee0dd2bb23510cf457897c70875d0db'
02:10:07.180 [Driver Command Executor] DEBUG org.asynchttpclient.netty.request.NettyRequestSender - Using open Channel [id: 0x9fe36d7e, L:/127.0.0.1:61044 - R:localhost/127.0.0.1:39720] for DELETE '/session/6ee0dd2bb23510cf457897c70875d0db'
02:10:07.439 [AsyncHttpClient-1-12] DEBUG org.asynchttpclient.netty.handler.HttpHandler - Unexpected I/O exception on channel [id: 0xf5511ead, L:/127.0.0.1:61052 - R:localhost/127.0.0.1:61045]
java.io.IOException: An existing connection was forcibly closed by the remote host
	at java.base/sun.nio.ch.SocketDispatcher.read0(Native Method)
	at java.base/sun.nio.ch.SocketDispatcher.read(SocketDispatcher.java:43)
	at java.base/sun.nio.ch.IOUtil.readIntoNativeBuffer(IOUtil.java:276)
	at java.base/sun.nio.ch.IOUtil.read(IOUtil.java:233)
	at java.base/sun.nio.ch.IOUtil.read(IOUtil.java:223)
	at java.base/sun.nio.ch.SocketChannelImpl.read(SocketChannelImpl.java:356)
	at io.netty.buffer.PooledByteBuf.setBytes(PooledByteBuf.java:259)
	at io.netty.buffer.AbstractByteBuf.writeBytes(AbstractByteBuf.java:1132)
	at io.netty.channel.socket.nio.NioSocketChannel.doReadBytes(NioSocketChannel.java:357)
	at io.netty.channel.nio.AbstractNioByteChannel$NioByteUnsafe.read(AbstractNioByteChannel.java:151)
	at io.netty.channel.nio.NioEventLoop.processSelectedKey(NioEventLoop.java:788)
	at io.netty.channel.nio.NioEventLoop.processSelectedKeysOptimized(NioEventLoop.java:724)
	at io.netty.channel.nio.NioEventLoop.processSelectedKeys(NioEventLoop.java:650)
	at io.netty.channel.nio.NioEventLoop.run(NioEventLoop.java:562)
	at io.netty.util.concurrent.SingleThreadEventExecutor$4.run(SingleThreadEventExecutor.java:997)
	at io.netty.util.internal.ThreadExecutorMap$2.run(ThreadExecutorMap.java:74)
	at io.netty.util.concurrent.FastThreadLocalRunnable.run(FastThreadLocalRunnable.java:30)
	at java.base/java.lang.Thread.run(Thread.java:829)
02:10:07.440 [AsyncHttpClient-1-12] DEBUG org.asynchttpclient.netty.channel.ChannelManager - Closing Channel [id: 0xf5511ead, L:/127.0.0.1:61052 - R:localhost/127.0.0.1:61045] 
02:10:07.440 [AsyncHttpClient-1-12] DEBUG org.asynchttpclient.netty.handler.HttpHandler - Channel Closed: [id: 0xf5511ead, L:/127.0.0.1:61052 ! R:localhost/127.0.0.1:61045] with attribute DISCARD
02:10:07.498 [AsyncHttpClient-1-11] DEBUG org.asynchttpclient.netty.handler.HttpHandler - 

Request DefaultFullHttpRequest(decodeResult: success, version: HTTP/1.1, content: EmptyByteBufBE)
DELETE /session/6ee0dd2bb23510cf457897c70875d0db HTTP/1.1
User-Agent: selenium/4.8.1 (java windows)
Content-Type: application/json; charset=utf-8
host: localhost:39720
accept: */*

Response DefaultHttpResponse(decodeResult: success, version: HTTP/1.1)
HTTP/1.1 200 OK
Content-Length: 14
Content-Type: application/json; charset=utf-8
cache-control: no-cache

02:10:07.499 [AsyncHttpClient-1-11] DEBUG org.asynchttpclient.netty.channel.ChannelManager - Adding key: http://localhost:39720 for channel [id: 0x9fe36d7e, L:/127.0.0.1:61044 - R:localhost/127.0.0.1:39720]
02:10:07.726 [AsyncHttpClient-1-11] DEBUG org.asynchttpclient.netty.handler.HttpHandler - Channel Closed: [id: 0x9fe36d7e, L:/127.0.0.1:61044 ! R:localhost/127.0.0.1:39720] with attribute DISCARD
02:10:07.835 [AsyncHttpClient-1-1] DEBUG org.asynchttpclient.netty.channel.DefaultChannelPool - Entry count for : http://localhost:61045 : 1
02:10:07.835 [AsyncHttpClient-1-1] DEBUG org.asynchttpclient.netty.channel.DefaultChannelPool - Entry count for : http://localhost:39720 : 1
02:10:07.835 [AsyncHttpClient-1-1] DEBUG org.asynchttpclient.netty.channel.DefaultChannelPool - Adding Candidate expired Channel [id: 0xf5511ead, L:/127.0.0.1:61052 ! R:localhost/127.0.0.1:61045] isIdleTimeoutExpired=false isRemotelyClosed=true isTtlExpired=false
02:10:07.835 [AsyncHttpClient-1-1] DEBUG org.asynchttpclient.netty.channel.DefaultChannelPool - Closing Idle Channel [id: 0xf5511ead, L:/127.0.0.1:61052 ! R:localhost/127.0.0.1:61045]
02:10:07.835 [AsyncHttpClient-1-1] DEBUG org.asynchttpclient.netty.channel.DefaultChannelPool - Adding Candidate expired Channel [id: 0x9fe36d7e, L:/127.0.0.1:61044 ! R:localhost/127.0.0.1:39720] isIdleTimeoutExpired=false isRemotelyClosed=true isTtlExpired=false
02:10:07.835 [AsyncHttpClient-1-1] DEBUG org.asynchttpclient.netty.channel.DefaultChannelPool - Closing Idle Channel [id: 0x9fe36d7e, L:/127.0.0.1:61044 ! R:localhost/127.0.0.1:39720]
02:10:07.835 [AsyncHttpClient-1-1] DEBUG org.asynchttpclient.netty.channel.DefaultChannelPool - Closed 2 connections out of 2 in 0 ms
]]></system-out>
    <system-err><![CDATA[Starting ChromeDriver 114.0.5735.90 (386bc09e8f4f2e025eddae123f36f6263096ae49-refs/branch-heads/5735@{#1052}) on port 39720
Only local connections are allowed.
Please see https://chromedriver.chromium.org/security-considerations for suggestions on keeping ChromeDriver safe.
ChromeDriver was started successfully.
Jun 20, 2023 2:09:58 AM org.openqa.selenium.devtools.CdpVersionFinder findNearestMatch
WARNING: Unable to find an exact match for CDP version 114, so returning the closest version found: 110
]]></system-err>
  </testcase>
  <testcase name="As a admin i failed login with empty password" classname="login" time="10.981">
    <system-out><![CDATA[
@login @FailedLoginEmptyPassword
Scenario: As a admin i failed login with empty password              &amp#27;[90m# src/test/resources/features/Login.feature:40&amp#27;[0m
02:10:08.263 [main] DEBUG io.cucumber.core.plugin.SerenityReporter - Running feature from file:///D:/CapstoneWeb/src/test/resources/features/Login.feature
02:10:08.269 [main] INFO  - 
  _____   ___   ___   _____     ___   _____     _     ___   _____   ___   ___  
 |_   _| | __| / __| |_   _|   / __| |_   _|   /_\   | _ \ |_   _| | __| |   \ 
   | |   | _|  \__ \   | |     \__ \   | |    / _ \  |   /   | |   | _|  | |) |
   |_|   |___| |___/   |_|     |___/   |_|   /_/ \_\ |_|_\   |_|   |___| |___/ 

As a admin i failed login with empty password(login;as-a-admin-i-failed-login-with-empty-password)
--------------------------------------------------------------------------------
02:10:08.542 [main] INFO net.serenitybdd.core.webdriver.driverproviders.ChromeDriverProvider - Starting Chrome driver instance with capabilities:
02:10:08.542 [main] INFO net.serenitybdd.core.webdriver.driverproviders.ChromeDriverProvider - Capabilities {acceptInsecureCerts: true, browserName: chrome, goog:chromeOptions: {args: [remote-allow-origins=*, test-type, no-sandbox, ignore-certificate-errors, start-maximized, incognito, disable-infobars, disable-gpu, disable-default-apps, disable-popup-blocking, remote-allow-origins=*, test-type, no-sandbox, ignore-certificate-errors, start-maximized, incognito, disable-infobars, disable-gpu, disable-default-apps, disable-popup-blocking, remote-allow-origins=*], extensions: []}}
02:10:09.191 [AsyncHttpClient-1-14] DEBUG org.asynchttpclient.netty.channel.NettyConnectListener - Using new Channel '[id: 0x8fcd51f4, L:/127.0.0.1:61066 - R:localhost/127.0.0.1:15815]' for 'POST' to '/session'
02:10:11.084 [AsyncHttpClient-1-14] DEBUG org.asynchttpclient.netty.handler.HttpHandler - 

Request DefaultHttpRequest(decodeResult: success, version: HTTP/1.1)
POST /session HTTP/1.1
User-Agent: selenium/4.8.1 (java windows)
Content-Length: 1701
Content-Type: application/json; charset=utf-8
host: localhost:15815
accept: */*

Response DefaultHttpResponse(decodeResult: success, version: HTTP/1.1)
HTTP/1.1 200 OK
Content-Length: 844
Content-Type: application/json; charset=utf-8
cache-control: no-cache

02:10:11.085 [AsyncHttpClient-1-14] DEBUG org.asynchttpclient.netty.channel.ChannelManager - Adding key: http://localhost:15815 for channel [id: 0x8fcd51f4, L:/127.0.0.1:61066 - R:localhost/127.0.0.1:15815]
02:10:11.107 [AsyncHttpClient-1-15] DEBUG org.asynchttpclient.netty.channel.NettyConnectListener - Using new Channel '[id: 0x905b12e4, L:/127.0.0.1:61073 - R:localhost/127.0.0.1:61068]' for 'GET' to '/json/version'
02:10:11.114 [AsyncHttpClient-1-15] DEBUG org.asynchttpclient.netty.handler.HttpHandler - 

Request DefaultFullHttpRequest(decodeResult: success, version: HTTP/1.1, content: EmptyByteBufBE)
GET /json/version HTTP/1.1
User-Agent: selenium/4.8.1 (java windows)
host: localhost:61068
accept: */*

Response DefaultHttpResponse(decodeResult: success, version: HTTP/1.1)
HTTP/1.1 200 OK
Content-Security-Policy: frame-ancestors 'none'
Content-Length: 424
Content-Type: application/json; charset=UTF-8

02:10:11.115 [AsyncHttpClient-1-15] DEBUG org.asynchttpclient.netty.channel.ChannelManager - Adding key: http://localhost:61068 for channel [id: 0x905b12e4, L:/127.0.0.1:61073 - R:localhost/127.0.0.1:61068]
02:10:11.132 [AsyncHttpClient-1-1] DEBUG org.asynchttpclient.netty.channel.DefaultChannelPool - Entry count for : http://localhost:61068 : 1
02:10:11.132 [AsyncHttpClient-1-1] DEBUG org.asynchttpclient.netty.channel.DefaultChannelPool - Entry count for : http://localhost:15815 : 1
02:10:11.132 [AsyncHttpClient-1-16] DEBUG org.asynchttpclient.netty.channel.NettyConnectListener - Using new Channel '[id: 0x5db0d2de, L:/127.0.0.1:61074 - R:localhost/127.0.0.1:61068]' for 'GET' to '/devtools/browser/6b9a2fa6-76fa-41b0-87df-32ee69bb662a'
02:10:11.138 [AsyncHttpClient-1-16] DEBUG org.asynchttpclient.netty.handler.WebSocketHandler - 

Request DefaultFullHttpRequest(decodeResult: success, version: HTTP/1.1, content: EmptyByteBufBE)
GET /devtools/browser/6b9a2fa6-76fa-41b0-87df-32ee69bb662a HTTP/1.1
upgrade: websocket
connection: upgrade
sec-websocket-key: 0ydIhftbQyoJtMhbUrmr1A==
sec-websocket-version: 13
origin: http://localhost:61068
host: localhost:61068
accept: */*
user-agent: AHC/2.1

Response DefaultHttpResponse(decodeResult: success, version: HTTP/1.1)
HTTP/1.1 101 WebSocket Protocol Handshake
Upgrade: WebSocket
Connection: Upgrade
Sec-WebSocket-Accept: RaBvs7+4i6pZu+eZEswxWZPbvRw=

02:10:11.150 [Forwarding get on session f7d3debb0c7b09da164cac132cb93e91 to remote] DEBUG org.asynchttpclient.netty.request.NettyRequestSender - Using pooled Channel '[id: 0x8fcd51f4, L:/127.0.0.1:61066 - R:localhost/127.0.0.1:15815]' for 'POST' to 'http://localhost:15815/session/f7d3debb0c7b09da164cac132cb93e91/url'
02:10:11.150 [Forwarding get on session f7d3debb0c7b09da164cac132cb93e91 to remote] DEBUG org.asynchttpclient.netty.request.NettyRequestSender - Using open Channel [id: 0x8fcd51f4, L:/127.0.0.1:61066 - R:localhost/127.0.0.1:15815] for POST '/session/f7d3debb0c7b09da164cac132cb93e91/url'
02:10:12.232 [AsyncHttpClient-1-1] DEBUG org.asynchttpclient.netty.channel.DefaultChannelPool - Entry count for : http://localhost:61068 : 1
02:10:12.895 [AsyncHttpClient-1-14] DEBUG org.asynchttpclient.netty.handler.HttpHandler - 

Request DefaultHttpRequest(decodeResult: success, version: HTTP/1.1)
POST /session/f7d3debb0c7b09da164cac132cb93e91/url HTTP/1.1
User-Agent: selenium/4.8.1 (java windows)
Content-Length: 69
Content-Type: application/json; charset=utf-8
host: localhost:15815
accept: */*

Response DefaultHttpResponse(decodeResult: success, version: HTTP/1.1)
HTTP/1.1 200 OK
Content-Length: 14
Content-Type: application/json; charset=utf-8
cache-control: no-cache

02:10:12.895 [AsyncHttpClient-1-14] DEBUG org.asynchttpclient.netty.channel.ChannelManager - Adding key: http://localhost:15815 for channel [id: 0x8fcd51f4, L:/127.0.0.1:61066 - R:localhost/127.0.0.1:15815]
02:10:12.898 [Forwarding setTimeout on session f7d3debb0c7b09da164cac132cb93e91 to remote] DEBUG org.asynchttpclient.netty.request.NettyRequestSender - Using pooled Channel '[id: 0x8fcd51f4, L:/127.0.0.1:61066 - R:localhost/127.0.0.1:15815]' for 'POST' to 'http://localhost:15815/session/f7d3debb0c7b09da164cac132cb93e91/timeouts'
02:10:12.898 [Forwarding setTimeout on session f7d3debb0c7b09da164cac132cb93e91 to remote] DEBUG org.asynchttpclient.netty.request.NettyRequestSender - Using open Channel [id: 0x8fcd51f4, L:/127.0.0.1:61066 - R:localhost/127.0.0.1:15815] for POST '/session/f7d3debb0c7b09da164cac132cb93e91/timeouts'
02:10:12.900 [AsyncHttpClient-1-14] DEBUG org.asynchttpclient.netty.handler.HttpHandler - 

Request DefaultHttpRequest(decodeResult: success, version: HTTP/1.1)
POST /session/f7d3debb0c7b09da164cac132cb93e91/timeouts HTTP/1.1
User-Agent: selenium/4.8.1 (java windows)
Content-Length: 22
Content-Type: application/json; charset=utf-8
host: localhost:15815
accept: */*

Response DefaultHttpResponse(decodeResult: success, version: HTTP/1.1)
HTTP/1.1 200 OK
Content-Length: 14
Content-Type: application/json; charset=utf-8
cache-control: no-cache

02:10:12.900 [AsyncHttpClient-1-14] DEBUG org.asynchttpclient.netty.channel.ChannelManager - Adding key: http://localhost:15815 for channel [id: 0x8fcd51f4, L:/127.0.0.1:61066 - R:localhost/127.0.0.1:15815]
  &amp#27;[32mGiven &amp#27;[0m&amp#27;[32mI am on the landing page&amp#27;[0m                                     &amp#27;[90m# starter.stepdefinitions.LoginSteps.onTheLandingPage()&amp#27;[0m
02:10:12.920 [Forwarding getAlertText on session f7d3debb0c7b09da164cac132cb93e91 to remote] DEBUG org.asynchttpclient.netty.request.NettyRequestSender - Using pooled Channel '[id: 0x8fcd51f4, L:/127.0.0.1:61066 - R:localhost/127.0.0.1:15815]' for 'GET' to 'http://localhost:15815/session/f7d3debb0c7b09da164cac132cb93e91/alert/text'
02:10:12.920 [Forwarding getAlertText on session f7d3debb0c7b09da164cac132cb93e91 to remote] DEBUG org.asynchttpclient.netty.request.NettyRequestSender - Using open Channel [id: 0x8fcd51f4, L:/127.0.0.1:61066 - R:localhost/127.0.0.1:15815] for GET '/session/f7d3debb0c7b09da164cac132cb93e91/alert/text'
02:10:12.924 [AsyncHttpClient-1-14] DEBUG org.asynchttpclient.netty.handler.HttpHandler - 

Request DefaultFullHttpRequest(decodeResult: success, version: HTTP/1.1, content: EmptyByteBufBE)
GET /session/f7d3debb0c7b09da164cac132cb93e91/alert/text HTTP/1.1
User-Agent: selenium/4.8.1 (java windows)
Cache-Control: no-cache
Content-Type: application/json; charset=utf-8
host: localhost:15815
accept: */*

Response DefaultHttpResponse(decodeResult: success, version: HTTP/1.1)
HTTP/1.1 404 Not Found
Content-Length: 828
Content-Type: application/json; charset=utf-8
cache-control: no-cache

02:10:12.924 [AsyncHttpClient-1-14] DEBUG org.asynchttpclient.netty.channel.ChannelManager - Adding key: http://localhost:15815 for channel [id: 0x8fcd51f4, L:/127.0.0.1:61066 - R:localhost/127.0.0.1:15815]
02:10:12.926 [Forwarding getCurrentUrl on session f7d3debb0c7b09da164cac132cb93e91 to remote] DEBUG org.asynchttpclient.netty.request.NettyRequestSender - Using pooled Channel '[id: 0x8fcd51f4, L:/127.0.0.1:61066 - R:localhost/127.0.0.1:15815]' for 'GET' to 'http://localhost:15815/session/f7d3debb0c7b09da164cac132cb93e91/url'
02:10:12.926 [Forwarding getCurrentUrl on session f7d3debb0c7b09da164cac132cb93e91 to remote] DEBUG org.asynchttpclient.netty.request.NettyRequestSender - Using open Channel [id: 0x8fcd51f4, L:/127.0.0.1:61066 - R:localhost/127.0.0.1:15815] for GET '/session/f7d3debb0c7b09da164cac132cb93e91/url'
02:10:12.950 [AsyncHttpClient-1-14] DEBUG org.asynchttpclient.netty.handler.HttpHandler - 

Request DefaultFullHttpRequest(decodeResult: success, version: HTTP/1.1, content: EmptyByteBufBE)
GET /session/f7d3debb0c7b09da164cac132cb93e91/url HTTP/1.1
User-Agent: selenium/4.8.1 (java windows)
Cache-Control: no-cache
Content-Type: application/json; charset=utf-8
host: localhost:15815
accept: */*

Response DefaultHttpResponse(decodeResult: success, version: HTTP/1.1)
HTTP/1.1 200 OK
Content-Length: 51
Content-Type: application/json; charset=utf-8
cache-control: no-cache

02:10:12.950 [AsyncHttpClient-1-14] DEBUG org.asynchttpclient.netty.channel.ChannelManager - Adding key: http://localhost:15815 for channel [id: 0x8fcd51f4, L:/127.0.0.1:61066 - R:localhost/127.0.0.1:15815]
02:10:12.952 [Forwarding screenshot on session f7d3debb0c7b09da164cac132cb93e91 to remote] DEBUG org.asynchttpclient.netty.request.NettyRequestSender - Using pooled Channel '[id: 0x8fcd51f4, L:/127.0.0.1:61066 - R:localhost/127.0.0.1:15815]' for 'GET' to 'http://localhost:15815/session/f7d3debb0c7b09da164cac132cb93e91/screenshot'
02:10:12.952 [Forwarding screenshot on session f7d3debb0c7b09da164cac132cb93e91 to remote] DEBUG org.asynchttpclient.netty.request.NettyRequestSender - Using open Channel [id: 0x8fcd51f4, L:/127.0.0.1:61066 - R:localhost/127.0.0.1:15815] for GET '/session/f7d3debb0c7b09da164cac132cb93e91/screenshot'
02:10:13.286 [AsyncHttpClient-1-14] DEBUG org.asynchttpclient.netty.handler.HttpHandler - 

Request DefaultFullHttpRequest(decodeResult: success, version: HTTP/1.1, content: EmptyByteBufBE)
GET /session/f7d3debb0c7b09da164cac132cb93e91/screenshot HTTP/1.1
User-Agent: selenium/4.8.1 (java windows)
Cache-Control: no-cache
Content-Type: application/json; charset=utf-8
host: localhost:15815
accept: */*

Response DefaultHttpResponse(decodeResult: success, version: HTTP/1.1)
HTTP/1.1 200 OK
Content-Length: 137304
Content-Type: application/json; charset=utf-8
cache-control: no-cache

02:10:13.287 [AsyncHttpClient-1-14] DEBUG org.asynchttpclient.netty.channel.ChannelManager - Adding key: http://localhost:15815 for channel [id: 0x8fcd51f4, L:/127.0.0.1:61066 - R:localhost/127.0.0.1:15815]
02:10:13.292 [main] DEBUG net.serenitybdd.core.photography.Darkroom - Send negative for processing for target\site\serenity\f35dd95867908a7b5c810751752d3edbb18d2e73cd339efc776514a2ec9b6a3a.png
02:10:13.293 [Darkroom Processing Line] DEBUG net.serenitybdd.core.photography.DarkroomProcessingLine - Processing screenshot image in /var/screenshots/screenshot-11718151533098581678
02:10:13.293 [Darkroom Processing Line] DEBUG net.serenitybdd.core.photography.DarkroomProcessingLine - Saving screenshot to target\site\serenity\f35dd95867908a7b5c810751752d3edbb18d2e73cd339efc776514a2ec9b6a3a.png
02:10:13.303 [Forwarding getPageSource on session f7d3debb0c7b09da164cac132cb93e91 to remote] DEBUG org.asynchttpclient.netty.request.NettyRequestSender - Using pooled Channel '[id: 0x8fcd51f4, L:/127.0.0.1:61066 - R:localhost/127.0.0.1:15815]' for 'POST' to 'http://localhost:15815/session/f7d3debb0c7b09da164cac132cb93e91/execute/sync'
02:10:13.304 [Forwarding getPageSource on session f7d3debb0c7b09da164cac132cb93e91 to remote] DEBUG org.asynchttpclient.netty.request.NettyRequestSender - Using open Channel [id: 0x8fcd51f4, L:/127.0.0.1:61066 - R:localhost/127.0.0.1:15815] for POST '/session/f7d3debb0c7b09da164cac132cb93e91/execute/sync'
02:10:13.316 [AsyncHttpClient-1-14] DEBUG org.asynchttpclient.netty.handler.HttpHandler - 

Request DefaultHttpRequest(decodeResult: success, version: HTTP/1.1)
POST /session/f7d3debb0c7b09da164cac132cb93e91/execute/sync HTTP/1.1
User-Agent: selenium/4.8.1 (java windows)
Content-Length: 176
Content-Type: application/json; charset=utf-8
host: localhost:15815
accept: */*

Response DefaultHttpResponse(decodeResult: success, version: HTTP/1.1)
HTTP/1.1 200 OK
Content-Length: 2008
Content-Type: application/json; charset=utf-8
cache-control: no-cache

02:10:13.316 [AsyncHttpClient-1-14] DEBUG org.asynchttpclient.netty.channel.ChannelManager - Adding key: http://localhost:15815 for channel [id: 0x8fcd51f4, L:/127.0.0.1:61066 - R:localhost/127.0.0.1:15815]
02:10:13.319 [Forwarding getCurrentUrl on session f7d3debb0c7b09da164cac132cb93e91 to remote] DEBUG org.asynchttpclient.netty.request.NettyRequestSender - Using pooled Channel '[id: 0x8fcd51f4, L:/127.0.0.1:61066 - R:localhost/127.0.0.1:15815]' for 'GET' to 'http://localhost:15815/session/f7d3debb0c7b09da164cac132cb93e91/url'
02:10:13.319 [Forwarding getCurrentUrl on session f7d3debb0c7b09da164cac132cb93e91 to remote] DEBUG org.asynchttpclient.netty.request.NettyRequestSender - Using open Channel [id: 0x8fcd51f4, L:/127.0.0.1:61066 - R:localhost/127.0.0.1:15815] for GET '/session/f7d3debb0c7b09da164cac132cb93e91/url'
02:10:13.326 [AsyncHttpClient-1-14] DEBUG org.asynchttpclient.netty.handler.HttpHandler - 

Request DefaultFullHttpRequest(decodeResult: success, version: HTTP/1.1, content: EmptyByteBufBE)
GET /session/f7d3debb0c7b09da164cac132cb93e91/url HTTP/1.1
User-Agent: selenium/4.8.1 (java windows)
Cache-Control: no-cache
Content-Type: application/json; charset=utf-8
host: localhost:15815
accept: */*

Response DefaultHttpResponse(decodeResult: success, version: HTTP/1.1)
HTTP/1.1 200 OK
Content-Length: 51
Content-Type: application/json; charset=utf-8
cache-control: no-cache

02:10:13.327 [AsyncHttpClient-1-14] DEBUG org.asynchttpclient.netty.channel.ChannelManager - Adding key: http://localhost:15815 for channel [id: 0x8fcd51f4, L:/127.0.0.1:61066 - R:localhost/127.0.0.1:15815]
02:10:13.332 [AsyncHttpClient-1-1] DEBUG org.asynchttpclient.netty.channel.DefaultChannelPool - Entry count for : http://localhost:61068 : 1
02:10:13.332 [AsyncHttpClient-1-1] DEBUG org.asynchttpclient.netty.channel.DefaultChannelPool - Entry count for : http://localhost:15815 : 1
02:10:13.342 [Forwarding getPageSource on session f7d3debb0c7b09da164cac132cb93e91 to remote] DEBUG org.asynchttpclient.netty.request.NettyRequestSender - Using pooled Channel '[id: 0x8fcd51f4, L:/127.0.0.1:61066 - R:localhost/127.0.0.1:15815]' for 'POST' to 'http://localhost:15815/session/f7d3debb0c7b09da164cac132cb93e91/execute/sync'
02:10:13.342 [Forwarding getPageSource on session f7d3debb0c7b09da164cac132cb93e91 to remote] DEBUG org.asynchttpclient.netty.request.NettyRequestSender - Using open Channel [id: 0x8fcd51f4, L:/127.0.0.1:61066 - R:localhost/127.0.0.1:15815] for POST '/session/f7d3debb0c7b09da164cac132cb93e91/execute/sync'
02:10:13.352 [AsyncHttpClient-1-14] DEBUG org.asynchttpclient.netty.handler.HttpHandler - 

Request DefaultHttpRequest(decodeResult: success, version: HTTP/1.1)
POST /session/f7d3debb0c7b09da164cac132cb93e91/execute/sync HTTP/1.1
User-Agent: selenium/4.8.1 (java windows)
Content-Length: 176
Content-Type: application/json; charset=utf-8
host: localhost:15815
accept: */*

Response DefaultHttpResponse(decodeResult: success, version: HTTP/1.1)
HTTP/1.1 200 OK
Content-Length: 2008
Content-Type: application/json; charset=utf-8
cache-control: no-cache

02:10:13.352 [AsyncHttpClient-1-14] DEBUG org.asynchttpclient.netty.channel.ChannelManager - Adding key: http://localhost:15815 for channel [id: 0x8fcd51f4, L:/127.0.0.1:61066 - R:localhost/127.0.0.1:15815]
02:10:13.354 [Forwarding getCurrentUrl on session f7d3debb0c7b09da164cac132cb93e91 to remote] DEBUG org.asynchttpclient.netty.request.NettyRequestSender - Using pooled Channel '[id: 0x8fcd51f4, L:/127.0.0.1:61066 - R:localhost/127.0.0.1:15815]' for 'GET' to 'http://localhost:15815/session/f7d3debb0c7b09da164cac132cb93e91/url'
02:10:13.354 [Forwarding getCurrentUrl on session f7d3debb0c7b09da164cac132cb93e91 to remote] DEBUG org.asynchttpclient.netty.request.NettyRequestSender - Using open Channel [id: 0x8fcd51f4, L:/127.0.0.1:61066 - R:localhost/127.0.0.1:15815] for GET '/session/f7d3debb0c7b09da164cac132cb93e91/url'
02:10:13.362 [AsyncHttpClient-1-14] DEBUG org.asynchttpclient.netty.handler.HttpHandler - 

Request DefaultFullHttpRequest(decodeResult: success, version: HTTP/1.1, content: EmptyByteBufBE)
GET /session/f7d3debb0c7b09da164cac132cb93e91/url HTTP/1.1
User-Agent: selenium/4.8.1 (java windows)
Cache-Control: no-cache
Content-Type: application/json; charset=utf-8
host: localhost:15815
accept: */*

Response DefaultHttpResponse(decodeResult: success, version: HTTP/1.1)
HTTP/1.1 200 OK
Content-Length: 51
Content-Type: application/json; charset=utf-8
cache-control: no-cache

02:10:13.362 [AsyncHttpClient-1-14] DEBUG org.asynchttpclient.netty.channel.ChannelManager - Adding key: http://localhost:15815 for channel [id: 0x8fcd51f4, L:/127.0.0.1:61066 - R:localhost/127.0.0.1:15815]
02:10:13.365 [main] DEBUG net.thucydides.core.steps.StepInterceptor - STARTING STEP: LoginSteps.clickGetIntoTheDashboardButton - clickIntoTheDashboard
02:10:13.370 [Forwarding findElement on session f7d3debb0c7b09da164cac132cb93e91 to remote] DEBUG org.asynchttpclient.netty.request.NettyRequestSender - Using pooled Channel '[id: 0x8fcd51f4, L:/127.0.0.1:61066 - R:localhost/127.0.0.1:15815]' for 'POST' to 'http://localhost:15815/session/f7d3debb0c7b09da164cac132cb93e91/element'
02:10:13.370 [Forwarding findElement on session f7d3debb0c7b09da164cac132cb93e91 to remote] DEBUG org.asynchttpclient.netty.request.NettyRequestSender - Using open Channel [id: 0x8fcd51f4, L:/127.0.0.1:61066 - R:localhost/127.0.0.1:15815] for POST '/session/f7d3debb0c7b09da164cac132cb93e91/element'
02:10:13.398 [AsyncHttpClient-1-14] DEBUG org.asynchttpclient.netty.handler.HttpHandler - 

Request DefaultHttpRequest(decodeResult: success, version: HTTP/1.1)
POST /session/f7d3debb0c7b09da164cac132cb93e91/element HTTP/1.1
User-Agent: selenium/4.8.1 (java windows)
Content-Length: 266
Content-Type: application/json; charset=utf-8
host: localhost:15815
accept: */*

Response DefaultHttpResponse(decodeResult: success, version: HTTP/1.1)
HTTP/1.1 200 OK
Content-Length: 94
Content-Type: application/json; charset=utf-8
cache-control: no-cache

02:10:13.398 [AsyncHttpClient-1-14] DEBUG org.asynchttpclient.netty.channel.ChannelManager - Adding key: http://localhost:15815 for channel [id: 0x8fcd51f4, L:/127.0.0.1:61066 - R:localhost/127.0.0.1:15815]
02:10:13.400 [Forwarding getElementTagName on session f7d3debb0c7b09da164cac132cb93e91 to remote] DEBUG org.asynchttpclient.netty.request.NettyRequestSender - Using pooled Channel '[id: 0x8fcd51f4, L:/127.0.0.1:61066 - R:localhost/127.0.0.1:15815]' for 'GET' to 'http://localhost:15815/session/f7d3debb0c7b09da164cac132cb93e91/element/2B86DC74614C4962546A6414F1DCB9D7_element_5/name'
02:10:13.401 [Forwarding getElementTagName on session f7d3debb0c7b09da164cac132cb93e91 to remote] DEBUG org.asynchttpclient.netty.request.NettyRequestSender - Using open Channel [id: 0x8fcd51f4, L:/127.0.0.1:61066 - R:localhost/127.0.0.1:15815] for GET '/session/f7d3debb0c7b09da164cac132cb93e91/element/2B86DC74614C4962546A6414F1DCB9D7_element_5/name'
02:10:13.412 [AsyncHttpClient-1-14] DEBUG org.asynchttpclient.netty.handler.HttpHandler - 

Request DefaultFullHttpRequest(decodeResult: success, version: HTTP/1.1, content: EmptyByteBufBE)
GET /session/f7d3debb0c7b09da164cac132cb93e91/element/2B86DC74614C4962546A6414F1DCB9D7_element_5/name HTTP/1.1
User-Agent: selenium/4.8.1 (java windows)
Cache-Control: no-cache
Content-Type: application/json; charset=utf-8
host: localhost:15815
accept: */*

Response DefaultHttpResponse(decodeResult: success, version: HTTP/1.1)
HTTP/1.1 200 OK
Content-Length: 18
Content-Type: application/json; charset=utf-8
cache-control: no-cache

02:10:13.412 [AsyncHttpClient-1-14] DEBUG org.asynchttpclient.netty.channel.ChannelManager - Adding key: http://localhost:15815 for channel [id: 0x8fcd51f4, L:/127.0.0.1:61066 - R:localhost/127.0.0.1:15815]
02:10:13.414 [Forwarding getElementTagName on session f7d3debb0c7b09da164cac132cb93e91 to remote] DEBUG org.asynchttpclient.netty.request.NettyRequestSender - Using pooled Channel '[id: 0x8fcd51f4, L:/127.0.0.1:61066 - R:localhost/127.0.0.1:15815]' for 'GET' to 'http://localhost:15815/session/f7d3debb0c7b09da164cac132cb93e91/element/2B86DC74614C4962546A6414F1DCB9D7_element_5/name'
02:10:13.414 [Forwarding getElementTagName on session f7d3debb0c7b09da164cac132cb93e91 to remote] DEBUG org.asynchttpclient.netty.request.NettyRequestSender - Using open Channel [id: 0x8fcd51f4, L:/127.0.0.1:61066 - R:localhost/127.0.0.1:15815] for GET '/session/f7d3debb0c7b09da164cac132cb93e91/element/2B86DC74614C4962546A6414F1DCB9D7_element_5/name'
02:10:13.424 [AsyncHttpClient-1-14] DEBUG org.asynchttpclient.netty.handler.HttpHandler - 

Request DefaultFullHttpRequest(decodeResult: success, version: HTTP/1.1, content: EmptyByteBufBE)
GET /session/f7d3debb0c7b09da164cac132cb93e91/element/2B86DC74614C4962546A6414F1DCB9D7_element_5/name HTTP/1.1
User-Agent: selenium/4.8.1 (java windows)
Cache-Control: no-cache
Content-Type: application/json; charset=utf-8
host: localhost:15815
accept: */*

Response DefaultHttpResponse(decodeResult: success, version: HTTP/1.1)
HTTP/1.1 200 OK
Content-Length: 18
Content-Type: application/json; charset=utf-8
cache-control: no-cache

02:10:13.424 [AsyncHttpClient-1-14] DEBUG org.asynchttpclient.netty.channel.ChannelManager - Adding key: http://localhost:15815 for channel [id: 0x8fcd51f4, L:/127.0.0.1:61066 - R:localhost/127.0.0.1:15815]
02:10:13.427 [Forwarding isElementEnabled on session f7d3debb0c7b09da164cac132cb93e91 to remote] DEBUG org.asynchttpclient.netty.request.NettyRequestSender - Using pooled Channel '[id: 0x8fcd51f4, L:/127.0.0.1:61066 - R:localhost/127.0.0.1:15815]' for 'GET' to 'http://localhost:15815/session/f7d3debb0c7b09da164cac132cb93e91/element/2B86DC74614C4962546A6414F1DCB9D7_element_5/enabled'
02:10:13.427 [Forwarding isElementEnabled on session f7d3debb0c7b09da164cac132cb93e91 to remote] DEBUG org.asynchttpclient.netty.request.NettyRequestSender - Using open Channel [id: 0x8fcd51f4, L:/127.0.0.1:61066 - R:localhost/127.0.0.1:15815] for GET '/session/f7d3debb0c7b09da164cac132cb93e91/element/2B86DC74614C4962546A6414F1DCB9D7_element_5/enabled'
02:10:13.449 [AsyncHttpClient-1-14] DEBUG org.asynchttpclient.netty.handler.HttpHandler - 

Request DefaultFullHttpRequest(decodeResult: success, version: HTTP/1.1, content: EmptyByteBufBE)
GET /session/f7d3debb0c7b09da164cac132cb93e91/element/2B86DC74614C4962546A6414F1DCB9D7_element_5/enabled HTTP/1.1
User-Agent: selenium/4.8.1 (java windows)
Cache-Control: no-cache
Content-Type: application/json; charset=utf-8
host: localhost:15815
accept: */*

Response DefaultHttpResponse(decodeResult: success, version: HTTP/1.1)
HTTP/1.1 200 OK
Content-Length: 14
Content-Type: application/json; charset=utf-8
cache-control: no-cache

02:10:13.449 [AsyncHttpClient-1-14] DEBUG org.asynchttpclient.netty.channel.ChannelManager - Adding key: http://localhost:15815 for channel [id: 0x8fcd51f4, L:/127.0.0.1:61066 - R:localhost/127.0.0.1:15815]
02:10:13.451 [Forwarding isElementEnabled on session f7d3debb0c7b09da164cac132cb93e91 to remote] DEBUG org.asynchttpclient.netty.request.NettyRequestSender - Using pooled Channel '[id: 0x8fcd51f4, L:/127.0.0.1:61066 - R:localhost/127.0.0.1:15815]' for 'GET' to 'http://localhost:15815/session/f7d3debb0c7b09da164cac132cb93e91/element/2B86DC74614C4962546A6414F1DCB9D7_element_5/enabled'
02:10:13.451 [Forwarding isElementEnabled on session f7d3debb0c7b09da164cac132cb93e91 to remote] DEBUG org.asynchttpclient.netty.request.NettyRequestSender - Using open Channel [id: 0x8fcd51f4, L:/127.0.0.1:61066 - R:localhost/127.0.0.1:15815] for GET '/session/f7d3debb0c7b09da164cac132cb93e91/element/2B86DC74614C4962546A6414F1DCB9D7_element_5/enabled'
02:10:13.465 [AsyncHttpClient-1-14] DEBUG org.asynchttpclient.netty.handler.HttpHandler - 

Request DefaultFullHttpRequest(decodeResult: success, version: HTTP/1.1, content: EmptyByteBufBE)
GET /session/f7d3debb0c7b09da164cac132cb93e91/element/2B86DC74614C4962546A6414F1DCB9D7_element_5/enabled HTTP/1.1
User-Agent: selenium/4.8.1 (java windows)
Cache-Control: no-cache
Content-Type: application/json; charset=utf-8
host: localhost:15815
accept: */*

Response DefaultHttpResponse(decodeResult: success, version: HTTP/1.1)
HTTP/1.1 200 OK
Content-Length: 14
Content-Type: application/json; charset=utf-8
cache-control: no-cache

02:10:13.466 [AsyncHttpClient-1-14] DEBUG org.asynchttpclient.netty.channel.ChannelManager - Adding key: http://localhost:15815 for channel [id: 0x8fcd51f4, L:/127.0.0.1:61066 - R:localhost/127.0.0.1:15815]
02:10:13.468 [Forwarding findElement on session f7d3debb0c7b09da164cac132cb93e91 to remote] DEBUG org.asynchttpclient.netty.request.NettyRequestSender - Using pooled Channel '[id: 0x8fcd51f4, L:/127.0.0.1:61066 - R:localhost/127.0.0.1:15815]' for 'POST' to 'http://localhost:15815/session/f7d3debb0c7b09da164cac132cb93e91/element'
02:10:13.468 [Forwarding findElement on session f7d3debb0c7b09da164cac132cb93e91 to remote] DEBUG org.asynchttpclient.netty.request.NettyRequestSender - Using open Channel [id: 0x8fcd51f4, L:/127.0.0.1:61066 - R:localhost/127.0.0.1:15815] for POST '/session/f7d3debb0c7b09da164cac132cb93e91/element'
02:10:13.484 [AsyncHttpClient-1-14] DEBUG org.asynchttpclient.netty.handler.HttpHandler - 

Request DefaultHttpRequest(decodeResult: success, version: HTTP/1.1)
POST /session/f7d3debb0c7b09da164cac132cb93e91/element HTTP/1.1
User-Agent: selenium/4.8.1 (java windows)
Content-Length: 266
Content-Type: application/json; charset=utf-8
host: localhost:15815
accept: */*

Response DefaultHttpResponse(decodeResult: success, version: HTTP/1.1)
HTTP/1.1 200 OK
Content-Length: 94
Content-Type: application/json; charset=utf-8
cache-control: no-cache

02:10:13.484 [AsyncHttpClient-1-14] DEBUG org.asynchttpclient.netty.channel.ChannelManager - Adding key: http://localhost:15815 for channel [id: 0x8fcd51f4, L:/127.0.0.1:61066 - R:localhost/127.0.0.1:15815]
02:10:13.485 [Forwarding clickElement on session f7d3debb0c7b09da164cac132cb93e91 to remote] DEBUG org.asynchttpclient.netty.request.NettyRequestSender - Using pooled Channel '[id: 0x8fcd51f4, L:/127.0.0.1:61066 - R:localhost/127.0.0.1:15815]' for 'POST' to 'http://localhost:15815/session/f7d3debb0c7b09da164cac132cb93e91/element/2B86DC74614C4962546A6414F1DCB9D7_element_5/click'
02:10:13.486 [Forwarding clickElement on session f7d3debb0c7b09da164cac132cb93e91 to remote] DEBUG org.asynchttpclient.netty.request.NettyRequestSender - Using open Channel [id: 0x8fcd51f4, L:/127.0.0.1:61066 - R:localhost/127.0.0.1:15815] for POST '/session/f7d3debb0c7b09da164cac132cb93e91/element/2B86DC74614C4962546A6414F1DCB9D7_element_5/click'
02:10:13.620 [AsyncHttpClient-1-14] DEBUG org.asynchttpclient.netty.handler.HttpHandler - 

Request DefaultHttpRequest(decodeResult: success, version: HTTP/1.1)
POST /session/f7d3debb0c7b09da164cac132cb93e91/element/2B86DC74614C4962546A6414F1DCB9D7_element_5/click HTTP/1.1
User-Agent: selenium/4.8.1 (java windows)
Content-Length: 56
Content-Type: application/json; charset=utf-8
host: localhost:15815
accept: */*

Response DefaultHttpResponse(decodeResult: success, version: HTTP/1.1)
HTTP/1.1 200 OK
Content-Length: 14
Content-Type: application/json; charset=utf-8
cache-control: no-cache

02:10:13.621 [AsyncHttpClient-1-14] DEBUG org.asynchttpclient.netty.channel.ChannelManager - Adding key: http://localhost:15815 for channel [id: 0x8fcd51f4, L:/127.0.0.1:61066 - R:localhost/127.0.0.1:15815]
02:10:13.635 [Forwarding getAlertText on session f7d3debb0c7b09da164cac132cb93e91 to remote] DEBUG org.asynchttpclient.netty.request.NettyRequestSender - Using pooled Channel '[id: 0x8fcd51f4, L:/127.0.0.1:61066 - R:localhost/127.0.0.1:15815]' for 'GET' to 'http://localhost:15815/session/f7d3debb0c7b09da164cac132cb93e91/alert/text'
02:10:13.635 [Forwarding getAlertText on session f7d3debb0c7b09da164cac132cb93e91 to remote] DEBUG org.asynchttpclient.netty.request.NettyRequestSender - Using open Channel [id: 0x8fcd51f4, L:/127.0.0.1:61066 - R:localhost/127.0.0.1:15815] for GET '/session/f7d3debb0c7b09da164cac132cb93e91/alert/text'
02:10:13.638 [AsyncHttpClient-1-14] DEBUG org.asynchttpclient.netty.handler.HttpHandler - 

Request DefaultFullHttpRequest(decodeResult: success, version: HTTP/1.1, content: EmptyByteBufBE)
GET /session/f7d3debb0c7b09da164cac132cb93e91/alert/text HTTP/1.1
User-Agent: selenium/4.8.1 (java windows)
Cache-Control: no-cache
Content-Type: application/json; charset=utf-8
host: localhost:15815
accept: */*

Response DefaultHttpResponse(decodeResult: success, version: HTTP/1.1)
HTTP/1.1 404 Not Found
Content-Length: 828
Content-Type: application/json; charset=utf-8
cache-control: no-cache

02:10:13.639 [AsyncHttpClient-1-14] DEBUG org.asynchttpclient.netty.channel.ChannelManager - Adding key: http://localhost:15815 for channel [id: 0x8fcd51f4, L:/127.0.0.1:61066 - R:localhost/127.0.0.1:15815]
02:10:13.640 [Forwarding getCurrentUrl on session f7d3debb0c7b09da164cac132cb93e91 to remote] DEBUG org.asynchttpclient.netty.request.NettyRequestSender - Using pooled Channel '[id: 0x8fcd51f4, L:/127.0.0.1:61066 - R:localhost/127.0.0.1:15815]' for 'GET' to 'http://localhost:15815/session/f7d3debb0c7b09da164cac132cb93e91/url'
02:10:13.641 [Forwarding getCurrentUrl on session f7d3debb0c7b09da164cac132cb93e91 to remote] DEBUG org.asynchttpclient.netty.request.NettyRequestSender - Using open Channel [id: 0x8fcd51f4, L:/127.0.0.1:61066 - R:localhost/127.0.0.1:15815] for GET '/session/f7d3debb0c7b09da164cac132cb93e91/url'
02:10:13.650 [AsyncHttpClient-1-14] DEBUG org.asynchttpclient.netty.handler.HttpHandler - 

Request DefaultFullHttpRequest(decodeResult: success, version: HTTP/1.1, content: EmptyByteBufBE)
GET /session/f7d3debb0c7b09da164cac132cb93e91/url HTTP/1.1
User-Agent: selenium/4.8.1 (java windows)
Cache-Control: no-cache
Content-Type: application/json; charset=utf-8
host: localhost:15815
accept: */*

Response DefaultHttpResponse(decodeResult: success, version: HTTP/1.1)
HTTP/1.1 200 OK
Content-Length: 56
Content-Type: application/json; charset=utf-8
cache-control: no-cache

02:10:13.651 [AsyncHttpClient-1-14] DEBUG org.asynchttpclient.netty.channel.ChannelManager - Adding key: http://localhost:15815 for channel [id: 0x8fcd51f4, L:/127.0.0.1:61066 - R:localhost/127.0.0.1:15815]
02:10:13.652 [Forwarding screenshot on session f7d3debb0c7b09da164cac132cb93e91 to remote] DEBUG org.asynchttpclient.netty.request.NettyRequestSender - Using pooled Channel '[id: 0x8fcd51f4, L:/127.0.0.1:61066 - R:localhost/127.0.0.1:15815]' for 'GET' to 'http://localhost:15815/session/f7d3debb0c7b09da164cac132cb93e91/screenshot'
02:10:13.652 [Forwarding screenshot on session f7d3debb0c7b09da164cac132cb93e91 to remote] DEBUG org.asynchttpclient.netty.request.NettyRequestSender - Using open Channel [id: 0x8fcd51f4, L:/127.0.0.1:61066 - R:localhost/127.0.0.1:15815] for GET '/session/f7d3debb0c7b09da164cac132cb93e91/screenshot'
02:10:13.978 [AsyncHttpClient-1-14] DEBUG org.asynchttpclient.netty.handler.HttpHandler - 

Request DefaultFullHttpRequest(decodeResult: success, version: HTTP/1.1, content: EmptyByteBufBE)
GET /session/f7d3debb0c7b09da164cac132cb93e91/screenshot HTTP/1.1
User-Agent: selenium/4.8.1 (java windows)
Cache-Control: no-cache
Content-Type: application/json; charset=utf-8
host: localhost:15815
accept: */*

Response DefaultHttpResponse(decodeResult: success, version: HTTP/1.1)
HTTP/1.1 200 OK
Content-Length: 115920
Content-Type: application/json; charset=utf-8
cache-control: no-cache

02:10:13.979 [AsyncHttpClient-1-14] DEBUG org.asynchttpclient.netty.channel.ChannelManager - Adding key: http://localhost:15815 for channel [id: 0x8fcd51f4, L:/127.0.0.1:61066 - R:localhost/127.0.0.1:15815]
02:10:13.983 [main] DEBUG net.serenitybdd.core.photography.Darkroom - Send negative for processing for target\site\serenity\17b761db86950adf452c33ac0c5826e70494a35b1202adb5e49aa124d82ed99d.png
02:10:13.986 [Forwarding getPageSource on session f7d3debb0c7b09da164cac132cb93e91 to remote] DEBUG org.asynchttpclient.netty.request.NettyRequestSender - Using pooled Channel '[id: 0x8fcd51f4, L:/127.0.0.1:61066 - R:localhost/127.0.0.1:15815]' for 'POST' to 'http://localhost:15815/session/f7d3debb0c7b09da164cac132cb93e91/execute/sync'
02:10:13.986 [Forwarding getPageSource on session f7d3debb0c7b09da164cac132cb93e91 to remote] DEBUG org.asynchttpclient.netty.request.NettyRequestSender - Using open Channel [id: 0x8fcd51f4, L:/127.0.0.1:61066 - R:localhost/127.0.0.1:15815] for POST '/session/f7d3debb0c7b09da164cac132cb93e91/execute/sync'
02:10:13.997 [AsyncHttpClient-1-14] DEBUG org.asynchttpclient.netty.handler.HttpHandler - 

Request DefaultHttpRequest(decodeResult: success, version: HTTP/1.1)
POST /session/f7d3debb0c7b09da164cac132cb93e91/execute/sync HTTP/1.1
User-Agent: selenium/4.8.1 (java windows)
Content-Length: 176
Content-Type: application/json; charset=utf-8
host: localhost:15815
accept: */*

Response DefaultHttpResponse(decodeResult: success, version: HTTP/1.1)
HTTP/1.1 200 OK
Content-Length: 3427
Content-Type: application/json; charset=utf-8
cache-control: no-cache

02:10:13.998 [AsyncHttpClient-1-14] DEBUG org.asynchttpclient.netty.channel.ChannelManager - Adding key: http://localhost:15815 for channel [id: 0x8fcd51f4, L:/127.0.0.1:61066 - R:localhost/127.0.0.1:15815]
02:10:14.000 [Forwarding getCurrentUrl on session f7d3debb0c7b09da164cac132cb93e91 to remote] DEBUG org.asynchttpclient.netty.request.NettyRequestSender - Using pooled Channel '[id: 0x8fcd51f4, L:/127.0.0.1:61066 - R:localhost/127.0.0.1:15815]' for 'GET' to 'http://localhost:15815/session/f7d3debb0c7b09da164cac132cb93e91/url'
02:10:14.000 [Forwarding getCurrentUrl on session f7d3debb0c7b09da164cac132cb93e91 to remote] DEBUG org.asynchttpclient.netty.request.NettyRequestSender - Using open Channel [id: 0x8fcd51f4, L:/127.0.0.1:61066 - R:localhost/127.0.0.1:15815] for GET '/session/f7d3debb0c7b09da164cac132cb93e91/url'
02:10:14.009 [AsyncHttpClient-1-14] DEBUG org.asynchttpclient.netty.handler.HttpHandler - 

Request DefaultFullHttpRequest(decodeResult: success, version: HTTP/1.1, content: EmptyByteBufBE)
GET /session/f7d3debb0c7b09da164cac132cb93e91/url HTTP/1.1
User-Agent: selenium/4.8.1 (java windows)
Cache-Control: no-cache
Content-Type: application/json; charset=utf-8
host: localhost:15815
accept: */*

Response DefaultHttpResponse(decodeResult: success, version: HTTP/1.1)
HTTP/1.1 200 OK
Content-Length: 56
Content-Type: application/json; charset=utf-8
cache-control: no-cache

02:10:14.009 [AsyncHttpClient-1-14] DEBUG org.asynchttpclient.netty.channel.ChannelManager - Adding key: http://localhost:15815 for channel [id: 0x8fcd51f4, L:/127.0.0.1:61066 - R:localhost/127.0.0.1:15815]
02:10:14.019 [main] DEBUG net.thucydides.core.steps.StepInterceptor - STEP DONE: clickIntoTheDashboard
  &amp#27;[32mWhen &amp#27;[0m&amp#27;[32mI click get into the dashboard button&amp#27;[0m                         &amp#27;[90m# starter.stepdefinitions.LoginSteps.clickGetIntoTheDashboardButton()&amp#27;[0m
02:10:14.035 [Forwarding getAlertText on session f7d3debb0c7b09da164cac132cb93e91 to remote] DEBUG org.asynchttpclient.netty.request.NettyRequestSender - Using pooled Channel '[id: 0x8fcd51f4, L:/127.0.0.1:61066 - R:localhost/127.0.0.1:15815]' for 'GET' to 'http://localhost:15815/session/f7d3debb0c7b09da164cac132cb93e91/alert/text'
02:10:14.035 [Forwarding getAlertText on session f7d3debb0c7b09da164cac132cb93e91 to remote] DEBUG org.asynchttpclient.netty.request.NettyRequestSender - Using open Channel [id: 0x8fcd51f4, L:/127.0.0.1:61066 - R:localhost/127.0.0.1:15815] for GET '/session/f7d3debb0c7b09da164cac132cb93e91/alert/text'
02:10:14.038 [AsyncHttpClient-1-14] DEBUG org.asynchttpclient.netty.handler.HttpHandler - 

Request DefaultFullHttpRequest(decodeResult: success, version: HTTP/1.1, content: EmptyByteBufBE)
GET /session/f7d3debb0c7b09da164cac132cb93e91/alert/text HTTP/1.1
User-Agent: selenium/4.8.1 (java windows)
Cache-Control: no-cache
Content-Type: application/json; charset=utf-8
host: localhost:15815
accept: */*

Response DefaultHttpResponse(decodeResult: success, version: HTTP/1.1)
HTTP/1.1 404 Not Found
Content-Length: 828
Content-Type: application/json; charset=utf-8
cache-control: no-cache

02:10:14.038 [AsyncHttpClient-1-14] DEBUG org.asynchttpclient.netty.channel.ChannelManager - Adding key: http://localhost:15815 for channel [id: 0x8fcd51f4, L:/127.0.0.1:61066 - R:localhost/127.0.0.1:15815]
02:10:14.040 [Forwarding getCurrentUrl on session f7d3debb0c7b09da164cac132cb93e91 to remote] DEBUG org.asynchttpclient.netty.request.NettyRequestSender - Using pooled Channel '[id: 0x8fcd51f4, L:/127.0.0.1:61066 - R:localhost/127.0.0.1:15815]' for 'GET' to 'http://localhost:15815/session/f7d3debb0c7b09da164cac132cb93e91/url'
02:10:14.040 [Forwarding getCurrentUrl on session f7d3debb0c7b09da164cac132cb93e91 to remote] DEBUG org.asynchttpclient.netty.request.NettyRequestSender - Using open Channel [id: 0x8fcd51f4, L:/127.0.0.1:61066 - R:localhost/127.0.0.1:15815] for GET '/session/f7d3debb0c7b09da164cac132cb93e91/url'
02:10:14.048 [AsyncHttpClient-1-14] DEBUG org.asynchttpclient.netty.handler.HttpHandler - 

Request DefaultFullHttpRequest(decodeResult: success, version: HTTP/1.1, content: EmptyByteBufBE)
GET /session/f7d3debb0c7b09da164cac132cb93e91/url HTTP/1.1
User-Agent: selenium/4.8.1 (java windows)
Cache-Control: no-cache
Content-Type: application/json; charset=utf-8
host: localhost:15815
accept: */*

Response DefaultHttpResponse(decodeResult: success, version: HTTP/1.1)
HTTP/1.1 200 OK
Content-Length: 56
Content-Type: application/json; charset=utf-8
cache-control: no-cache

02:10:14.048 [AsyncHttpClient-1-14] DEBUG org.asynchttpclient.netty.channel.ChannelManager - Adding key: http://localhost:15815 for channel [id: 0x8fcd51f4, L:/127.0.0.1:61066 - R:localhost/127.0.0.1:15815]
02:10:14.049 [Forwarding screenshot on session f7d3debb0c7b09da164cac132cb93e91 to remote] DEBUG org.asynchttpclient.netty.request.NettyRequestSender - Using pooled Channel '[id: 0x8fcd51f4, L:/127.0.0.1:61066 - R:localhost/127.0.0.1:15815]' for 'GET' to 'http://localhost:15815/session/f7d3debb0c7b09da164cac132cb93e91/screenshot'
02:10:14.049 [Forwarding screenshot on session f7d3debb0c7b09da164cac132cb93e91 to remote] DEBUG org.asynchttpclient.netty.request.NettyRequestSender - Using open Channel [id: 0x8fcd51f4, L:/127.0.0.1:61066 - R:localhost/127.0.0.1:15815] for GET '/session/f7d3debb0c7b09da164cac132cb93e91/screenshot'
02:10:14.308 [AsyncHttpClient-1-14] DEBUG org.asynchttpclient.netty.handler.HttpHandler - 

Request DefaultFullHttpRequest(decodeResult: success, version: HTTP/1.1, content: EmptyByteBufBE)
GET /session/f7d3debb0c7b09da164cac132cb93e91/screenshot HTTP/1.1
User-Agent: selenium/4.8.1 (java windows)
Cache-Control: no-cache
Content-Type: application/json; charset=utf-8
host: localhost:15815
accept: */*

Response DefaultHttpResponse(decodeResult: success, version: HTTP/1.1)
HTTP/1.1 200 OK
Content-Length: 115920
Content-Type: application/json; charset=utf-8
cache-control: no-cache

02:10:14.308 [AsyncHttpClient-1-14] DEBUG org.asynchttpclient.netty.channel.ChannelManager - Adding key: http://localhost:15815 for channel [id: 0x8fcd51f4, L:/127.0.0.1:61066 - R:localhost/127.0.0.1:15815]
02:10:14.313 [main] DEBUG net.serenitybdd.core.photography.Darkroom - Send negative for processing for target\site\serenity\17b761db86950adf452c33ac0c5826e70494a35b1202adb5e49aa124d82ed99d.png
02:10:14.315 [Forwarding getPageSource on session f7d3debb0c7b09da164cac132cb93e91 to remote] DEBUG org.asynchttpclient.netty.request.NettyRequestSender - Using pooled Channel '[id: 0x8fcd51f4, L:/127.0.0.1:61066 - R:localhost/127.0.0.1:15815]' for 'POST' to 'http://localhost:15815/session/f7d3debb0c7b09da164cac132cb93e91/execute/sync'
02:10:14.316 [Forwarding getPageSource on session f7d3debb0c7b09da164cac132cb93e91 to remote] DEBUG org.asynchttpclient.netty.request.NettyRequestSender - Using open Channel [id: 0x8fcd51f4, L:/127.0.0.1:61066 - R:localhost/127.0.0.1:15815] for POST '/session/f7d3debb0c7b09da164cac132cb93e91/execute/sync'
02:10:14.325 [AsyncHttpClient-1-14] DEBUG org.asynchttpclient.netty.handler.HttpHandler - 

Request DefaultHttpRequest(decodeResult: success, version: HTTP/1.1)
POST /session/f7d3debb0c7b09da164cac132cb93e91/execute/sync HTTP/1.1
User-Agent: selenium/4.8.1 (java windows)
Content-Length: 176
Content-Type: application/json; charset=utf-8
host: localhost:15815
accept: */*

Response DefaultHttpResponse(decodeResult: success, version: HTTP/1.1)
HTTP/1.1 200 OK
Content-Length: 3427
Content-Type: application/json; charset=utf-8
cache-control: no-cache

02:10:14.325 [AsyncHttpClient-1-14] DEBUG org.asynchttpclient.netty.channel.ChannelManager - Adding key: http://localhost:15815 for channel [id: 0x8fcd51f4, L:/127.0.0.1:61066 - R:localhost/127.0.0.1:15815]
02:10:14.328 [Forwarding getCurrentUrl on session f7d3debb0c7b09da164cac132cb93e91 to remote] DEBUG org.asynchttpclient.netty.request.NettyRequestSender - Using pooled Channel '[id: 0x8fcd51f4, L:/127.0.0.1:61066 - R:localhost/127.0.0.1:15815]' for 'GET' to 'http://localhost:15815/session/f7d3debb0c7b09da164cac132cb93e91/url'
02:10:14.328 [Forwarding getCurrentUrl on session f7d3debb0c7b09da164cac132cb93e91 to remote] DEBUG org.asynchttpclient.netty.request.NettyRequestSender - Using open Channel [id: 0x8fcd51f4, L:/127.0.0.1:61066 - R:localhost/127.0.0.1:15815] for GET '/session/f7d3debb0c7b09da164cac132cb93e91/url'
02:10:14.337 [AsyncHttpClient-1-14] DEBUG org.asynchttpclient.netty.handler.HttpHandler - 

Request DefaultFullHttpRequest(decodeResult: success, version: HTTP/1.1, content: EmptyByteBufBE)
GET /session/f7d3debb0c7b09da164cac132cb93e91/url HTTP/1.1
User-Agent: selenium/4.8.1 (java windows)
Cache-Control: no-cache
Content-Type: application/json; charset=utf-8
host: localhost:15815
accept: */*

Response DefaultHttpResponse(decodeResult: success, version: HTTP/1.1)
HTTP/1.1 200 OK
Content-Length: 56
Content-Type: application/json; charset=utf-8
cache-control: no-cache

02:10:14.337 [AsyncHttpClient-1-14] DEBUG org.asynchttpclient.netty.channel.ChannelManager - Adding key: http://localhost:15815 for channel [id: 0x8fcd51f4, L:/127.0.0.1:61066 - R:localhost/127.0.0.1:15815]
02:10:14.353 [Forwarding getPageSource on session f7d3debb0c7b09da164cac132cb93e91 to remote] DEBUG org.asynchttpclient.netty.request.NettyRequestSender - Using pooled Channel '[id: 0x8fcd51f4, L:/127.0.0.1:61066 - R:localhost/127.0.0.1:15815]' for 'POST' to 'http://localhost:15815/session/f7d3debb0c7b09da164cac132cb93e91/execute/sync'
02:10:14.353 [Forwarding getPageSource on session f7d3debb0c7b09da164cac132cb93e91 to remote] DEBUG org.asynchttpclient.netty.request.NettyRequestSender - Using open Channel [id: 0x8fcd51f4, L:/127.0.0.1:61066 - R:localhost/127.0.0.1:15815] for POST '/session/f7d3debb0c7b09da164cac132cb93e91/execute/sync'
02:10:14.362 [AsyncHttpClient-1-14] DEBUG org.asynchttpclient.netty.handler.HttpHandler - 

Request DefaultHttpRequest(decodeResult: success, version: HTTP/1.1)
POST /session/f7d3debb0c7b09da164cac132cb93e91/execute/sync HTTP/1.1
User-Agent: selenium/4.8.1 (java windows)
Content-Length: 176
Content-Type: application/json; charset=utf-8
host: localhost:15815
accept: */*

Response DefaultHttpResponse(decodeResult: success, version: HTTP/1.1)
HTTP/1.1 200 OK
Content-Length: 3427
Content-Type: application/json; charset=utf-8
cache-control: no-cache

02:10:14.362 [AsyncHttpClient-1-14] DEBUG org.asynchttpclient.netty.channel.ChannelManager - Adding key: http://localhost:15815 for channel [id: 0x8fcd51f4, L:/127.0.0.1:61066 - R:localhost/127.0.0.1:15815]
02:10:14.364 [Forwarding getCurrentUrl on session f7d3debb0c7b09da164cac132cb93e91 to remote] DEBUG org.asynchttpclient.netty.request.NettyRequestSender - Using pooled Channel '[id: 0x8fcd51f4, L:/127.0.0.1:61066 - R:localhost/127.0.0.1:15815]' for 'GET' to 'http://localhost:15815/session/f7d3debb0c7b09da164cac132cb93e91/url'
02:10:14.365 [Forwarding getCurrentUrl on session f7d3debb0c7b09da164cac132cb93e91 to remote] DEBUG org.asynchttpclient.netty.request.NettyRequestSender - Using open Channel [id: 0x8fcd51f4, L:/127.0.0.1:61066 - R:localhost/127.0.0.1:15815] for GET '/session/f7d3debb0c7b09da164cac132cb93e91/url'
02:10:14.372 [AsyncHttpClient-1-14] DEBUG org.asynchttpclient.netty.handler.HttpHandler - 

Request DefaultFullHttpRequest(decodeResult: success, version: HTTP/1.1, content: EmptyByteBufBE)
GET /session/f7d3debb0c7b09da164cac132cb93e91/url HTTP/1.1
User-Agent: selenium/4.8.1 (java windows)
Cache-Control: no-cache
Content-Type: application/json; charset=utf-8
host: localhost:15815
accept: */*

Response DefaultHttpResponse(decodeResult: success, version: HTTP/1.1)
HTTP/1.1 200 OK
Content-Length: 56
Content-Type: application/json; charset=utf-8
cache-control: no-cache

02:10:14.373 [AsyncHttpClient-1-14] DEBUG org.asynchttpclient.netty.channel.ChannelManager - Adding key: http://localhost:15815 for channel [id: 0x8fcd51f4, L:/127.0.0.1:61066 - R:localhost/127.0.0.1:15815]
02:10:14.375 [main] DEBUG net.thucydides.core.steps.StepInterceptor - STARTING STEP: LoginSteps.enterUsername - enterUsername
02:10:14.379 [Forwarding findElement on session f7d3debb0c7b09da164cac132cb93e91 to remote] DEBUG org.asynchttpclient.netty.request.NettyRequestSender - Using pooled Channel '[id: 0x8fcd51f4, L:/127.0.0.1:61066 - R:localhost/127.0.0.1:15815]' for 'POST' to 'http://localhost:15815/session/f7d3debb0c7b09da164cac132cb93e91/element'
02:10:14.379 [Forwarding findElement on session f7d3debb0c7b09da164cac132cb93e91 to remote] DEBUG org.asynchttpclient.netty.request.NettyRequestSender - Using open Channel [id: 0x8fcd51f4, L:/127.0.0.1:61066 - R:localhost/127.0.0.1:15815] for POST '/session/f7d3debb0c7b09da164cac132cb93e91/element'
02:10:14.405 [AsyncHttpClient-1-14] DEBUG org.asynchttpclient.netty.handler.HttpHandler - 

Request DefaultHttpRequest(decodeResult: success, version: HTTP/1.1)
POST /session/f7d3debb0c7b09da164cac132cb93e91/element HTTP/1.1
User-Agent: selenium/4.8.1 (java windows)
Content-Length: 53
Content-Type: application/json; charset=utf-8
host: localhost:15815
accept: */*

Response DefaultHttpResponse(decodeResult: success, version: HTTP/1.1)
HTTP/1.1 200 OK
Content-Length: 95
Content-Type: application/json; charset=utf-8
cache-control: no-cache

02:10:14.405 [AsyncHttpClient-1-14] DEBUG org.asynchttpclient.netty.channel.ChannelManager - Adding key: http://localhost:15815 for channel [id: 0x8fcd51f4, L:/127.0.0.1:61066 - R:localhost/127.0.0.1:15815]
02:10:14.407 [Forwarding clearElement on session f7d3debb0c7b09da164cac132cb93e91 to remote] DEBUG org.asynchttpclient.netty.request.NettyRequestSender - Using pooled Channel '[id: 0x8fcd51f4, L:/127.0.0.1:61066 - R:localhost/127.0.0.1:15815]' for 'POST' to 'http://localhost:15815/session/f7d3debb0c7b09da164cac132cb93e91/element/2B86DC74614C4962546A6414F1DCB9D7_element_13/clear'
02:10:14.407 [Forwarding clearElement on session f7d3debb0c7b09da164cac132cb93e91 to remote] DEBUG org.asynchttpclient.netty.request.NettyRequestSender - Using open Channel [id: 0x8fcd51f4, L:/127.0.0.1:61066 - R:localhost/127.0.0.1:15815] for POST '/session/f7d3debb0c7b09da164cac132cb93e91/element/2B86DC74614C4962546A6414F1DCB9D7_element_13/clear'
02:10:14.428 [AsyncHttpClient-1-1] DEBUG org.asynchttpclient.netty.channel.DefaultChannelPool - Entry count for : http://localhost:61068 : 1
02:10:14.479 [AsyncHttpClient-1-14] DEBUG org.asynchttpclient.netty.handler.HttpHandler - 

Request DefaultHttpRequest(decodeResult: success, version: HTTP/1.1)
POST /session/f7d3debb0c7b09da164cac132cb93e91/element/2B86DC74614C4962546A6414F1DCB9D7_element_13/clear HTTP/1.1
User-Agent: selenium/4.8.1 (java windows)
Content-Length: 57
Content-Type: application/json; charset=utf-8
host: localhost:15815
accept: */*

Response DefaultHttpResponse(decodeResult: success, version: HTTP/1.1)
HTTP/1.1 200 OK
Content-Length: 14
Content-Type: application/json; charset=utf-8
cache-control: no-cache

02:10:14.479 [AsyncHttpClient-1-14] DEBUG org.asynchttpclient.netty.channel.ChannelManager - Adding key: http://localhost:15815 for channel [id: 0x8fcd51f4, L:/127.0.0.1:61066 - R:localhost/127.0.0.1:15815]
02:10:14.482 [Forwarding sendKeysToElement on session f7d3debb0c7b09da164cac132cb93e91 to remote] DEBUG org.asynchttpclient.netty.request.NettyRequestSender - Using pooled Channel '[id: 0x8fcd51f4, L:/127.0.0.1:61066 - R:localhost/127.0.0.1:15815]' for 'POST' to 'http://localhost:15815/session/f7d3debb0c7b09da164cac132cb93e91/element/2B86DC74614C4962546A6414F1DCB9D7_element_13/value'
02:10:14.482 [Forwarding sendKeysToElement on session f7d3debb0c7b09da164cac132cb93e91 to remote] DEBUG org.asynchttpclient.netty.request.NettyRequestSender - Using open Channel [id: 0x8fcd51f4, L:/127.0.0.1:61066 - R:localhost/127.0.0.1:15815] for POST '/session/f7d3debb0c7b09da164cac132cb93e91/element/2B86DC74614C4962546A6414F1DCB9D7_element_13/value'
02:10:14.600 [AsyncHttpClient-1-14] DEBUG org.asynchttpclient.netty.handler.HttpHandler - 

Request DefaultHttpRequest(decodeResult: success, version: HTTP/1.1)
POST /session/f7d3debb0c7b09da164cac132cb93e91/element/2B86DC74614C4962546A6414F1DCB9D7_element_13/value HTTP/1.1
User-Agent: selenium/4.8.1 (java windows)
Content-Length: 138
Content-Type: application/json; charset=utf-8
host: localhost:15815
accept: */*

Response DefaultHttpResponse(decodeResult: success, version: HTTP/1.1)
HTTP/1.1 200 OK
Content-Length: 14
Content-Type: application/json; charset=utf-8
cache-control: no-cache

02:10:14.600 [AsyncHttpClient-1-14] DEBUG org.asynchttpclient.netty.channel.ChannelManager - Adding key: http://localhost:15815 for channel [id: 0x8fcd51f4, L:/127.0.0.1:61066 - R:localhost/127.0.0.1:15815]
02:10:14.611 [Forwarding getAlertText on session f7d3debb0c7b09da164cac132cb93e91 to remote] DEBUG org.asynchttpclient.netty.request.NettyRequestSender - Using pooled Channel '[id: 0x8fcd51f4, L:/127.0.0.1:61066 - R:localhost/127.0.0.1:15815]' for 'GET' to 'http://localhost:15815/session/f7d3debb0c7b09da164cac132cb93e91/alert/text'
02:10:14.612 [Forwarding getAlertText on session f7d3debb0c7b09da164cac132cb93e91 to remote] DEBUG org.asynchttpclient.netty.request.NettyRequestSender - Using open Channel [id: 0x8fcd51f4, L:/127.0.0.1:61066 - R:localhost/127.0.0.1:15815] for GET '/session/f7d3debb0c7b09da164cac132cb93e91/alert/text'
02:10:14.614 [AsyncHttpClient-1-14] DEBUG org.asynchttpclient.netty.handler.HttpHandler - 

Request DefaultFullHttpRequest(decodeResult: success, version: HTTP/1.1, content: EmptyByteBufBE)
GET /session/f7d3debb0c7b09da164cac132cb93e91/alert/text HTTP/1.1
User-Agent: selenium/4.8.1 (java windows)
Cache-Control: no-cache
Content-Type: application/json; charset=utf-8
host: localhost:15815
accept: */*

Response DefaultHttpResponse(decodeResult: success, version: HTTP/1.1)
HTTP/1.1 404 Not Found
Content-Length: 828
Content-Type: application/json; charset=utf-8
cache-control: no-cache

02:10:14.614 [AsyncHttpClient-1-14] DEBUG org.asynchttpclient.netty.channel.ChannelManager - Adding key: http://localhost:15815 for channel [id: 0x8fcd51f4, L:/127.0.0.1:61066 - R:localhost/127.0.0.1:15815]
02:10:14.616 [Forwarding getCurrentUrl on session f7d3debb0c7b09da164cac132cb93e91 to remote] DEBUG org.asynchttpclient.netty.request.NettyRequestSender - Using pooled Channel '[id: 0x8fcd51f4, L:/127.0.0.1:61066 - R:localhost/127.0.0.1:15815]' for 'GET' to 'http://localhost:15815/session/f7d3debb0c7b09da164cac132cb93e91/url'
02:10:14.616 [Forwarding getCurrentUrl on session f7d3debb0c7b09da164cac132cb93e91 to remote] DEBUG org.asynchttpclient.netty.request.NettyRequestSender - Using open Channel [id: 0x8fcd51f4, L:/127.0.0.1:61066 - R:localhost/127.0.0.1:15815] for GET '/session/f7d3debb0c7b09da164cac132cb93e91/url'
02:10:14.625 [AsyncHttpClient-1-14] DEBUG org.asynchttpclient.netty.handler.HttpHandler - 

Request DefaultFullHttpRequest(decodeResult: success, version: HTTP/1.1, content: EmptyByteBufBE)
GET /session/f7d3debb0c7b09da164cac132cb93e91/url HTTP/1.1
User-Agent: selenium/4.8.1 (java windows)
Cache-Control: no-cache
Content-Type: application/json; charset=utf-8
host: localhost:15815
accept: */*

Response DefaultHttpResponse(decodeResult: success, version: HTTP/1.1)
HTTP/1.1 200 OK
Content-Length: 56
Content-Type: application/json; charset=utf-8
cache-control: no-cache

02:10:14.626 [AsyncHttpClient-1-14] DEBUG org.asynchttpclient.netty.channel.ChannelManager - Adding key: http://localhost:15815 for channel [id: 0x8fcd51f4, L:/127.0.0.1:61066 - R:localhost/127.0.0.1:15815]
02:10:14.627 [Forwarding screenshot on session f7d3debb0c7b09da164cac132cb93e91 to remote] DEBUG org.asynchttpclient.netty.request.NettyRequestSender - Using pooled Channel '[id: 0x8fcd51f4, L:/127.0.0.1:61066 - R:localhost/127.0.0.1:15815]' for 'GET' to 'http://localhost:15815/session/f7d3debb0c7b09da164cac132cb93e91/screenshot'
02:10:14.627 [Forwarding screenshot on session f7d3debb0c7b09da164cac132cb93e91 to remote] DEBUG org.asynchttpclient.netty.request.NettyRequestSender - Using open Channel [id: 0x8fcd51f4, L:/127.0.0.1:61066 - R:localhost/127.0.0.1:15815] for GET '/session/f7d3debb0c7b09da164cac132cb93e91/screenshot'
02:10:14.909 [AsyncHttpClient-1-14] DEBUG org.asynchttpclient.netty.handler.HttpHandler - 

Request DefaultFullHttpRequest(decodeResult: success, version: HTTP/1.1, content: EmptyByteBufBE)
GET /session/f7d3debb0c7b09da164cac132cb93e91/screenshot HTTP/1.1
User-Agent: selenium/4.8.1 (java windows)
Cache-Control: no-cache
Content-Type: application/json; charset=utf-8
host: localhost:15815
accept: */*

Response DefaultHttpResponse(decodeResult: success, version: HTTP/1.1)
HTTP/1.1 200 OK
Content-Length: 116024
Content-Type: application/json; charset=utf-8
cache-control: no-cache

02:10:14.910 [AsyncHttpClient-1-14] DEBUG org.asynchttpclient.netty.channel.ChannelManager - Adding key: http://localhost:15815 for channel [id: 0x8fcd51f4, L:/127.0.0.1:61066 - R:localhost/127.0.0.1:15815]
02:10:14.914 [main] DEBUG net.serenitybdd.core.photography.Darkroom - Send negative for processing for target\site\serenity\ee761de0174fda31809a61addf9933dc97e22ba6ba3825b4f67b075b31ffaf0e.png
02:10:14.916 [Forwarding getPageSource on session f7d3debb0c7b09da164cac132cb93e91 to remote] DEBUG org.asynchttpclient.netty.request.NettyRequestSender - Using pooled Channel '[id: 0x8fcd51f4, L:/127.0.0.1:61066 - R:localhost/127.0.0.1:15815]' for 'POST' to 'http://localhost:15815/session/f7d3debb0c7b09da164cac132cb93e91/execute/sync'
02:10:14.916 [Forwarding getPageSource on session f7d3debb0c7b09da164cac132cb93e91 to remote] DEBUG org.asynchttpclient.netty.request.NettyRequestSender - Using open Channel [id: 0x8fcd51f4, L:/127.0.0.1:61066 - R:localhost/127.0.0.1:15815] for POST '/session/f7d3debb0c7b09da164cac132cb93e91/execute/sync'
02:10:14.926 [AsyncHttpClient-1-14] DEBUG org.asynchttpclient.netty.handler.HttpHandler - 

Request DefaultHttpRequest(decodeResult: success, version: HTTP/1.1)
POST /session/f7d3debb0c7b09da164cac132cb93e91/execute/sync HTTP/1.1
User-Agent: selenium/4.8.1 (java windows)
Content-Length: 176
Content-Type: application/json; charset=utf-8
host: localhost:15815
accept: */*

Response DefaultHttpResponse(decodeResult: success, version: HTTP/1.1)
HTTP/1.1 200 OK
Content-Length: 3427
Content-Type: application/json; charset=utf-8
cache-control: no-cache

02:10:14.926 [AsyncHttpClient-1-14] DEBUG org.asynchttpclient.netty.channel.ChannelManager - Adding key: http://localhost:15815 for channel [id: 0x8fcd51f4, L:/127.0.0.1:61066 - R:localhost/127.0.0.1:15815]
02:10:14.928 [Forwarding getCurrentUrl on session f7d3debb0c7b09da164cac132cb93e91 to remote] DEBUG org.asynchttpclient.netty.request.NettyRequestSender - Using pooled Channel '[id: 0x8fcd51f4, L:/127.0.0.1:61066 - R:localhost/127.0.0.1:15815]' for 'GET' to 'http://localhost:15815/session/f7d3debb0c7b09da164cac132cb93e91/url'
02:10:14.928 [Forwarding getCurrentUrl on session f7d3debb0c7b09da164cac132cb93e91 to remote] DEBUG org.asynchttpclient.netty.request.NettyRequestSender - Using open Channel [id: 0x8fcd51f4, L:/127.0.0.1:61066 - R:localhost/127.0.0.1:15815] for GET '/session/f7d3debb0c7b09da164cac132cb93e91/url'
02:10:14.938 [AsyncHttpClient-1-14] DEBUG org.asynchttpclient.netty.handler.HttpHandler - 

Request DefaultFullHttpRequest(decodeResult: success, version: HTTP/1.1, content: EmptyByteBufBE)
GET /session/f7d3debb0c7b09da164cac132cb93e91/url HTTP/1.1
User-Agent: selenium/4.8.1 (java windows)
Cache-Control: no-cache
Content-Type: application/json; charset=utf-8
host: localhost:15815
accept: */*

Response DefaultHttpResponse(decodeResult: success, version: HTTP/1.1)
HTTP/1.1 200 OK
Content-Length: 56
Content-Type: application/json; charset=utf-8
cache-control: no-cache

02:10:14.938 [AsyncHttpClient-1-14] DEBUG org.asynchttpclient.netty.channel.ChannelManager - Adding key: http://localhost:15815 for channel [id: 0x8fcd51f4, L:/127.0.0.1:61066 - R:localhost/127.0.0.1:15815]
02:10:14.948 [main] DEBUG net.thucydides.core.steps.StepInterceptor - STEP DONE: enterUsername
  &amp#27;[32mAnd &amp#27;[0m&amp#27;[32mI enter username&amp#27;[0m                                               &amp#27;[90m# starter.stepdefinitions.LoginSteps.enterUsername()&amp#27;[0m
02:10:14.965 [Forwarding getPageSource on session f7d3debb0c7b09da164cac132cb93e91 to remote] DEBUG org.asynchttpclient.netty.request.NettyRequestSender - Using pooled Channel '[id: 0x8fcd51f4, L:/127.0.0.1:61066 - R:localhost/127.0.0.1:15815]' for 'POST' to 'http://localhost:15815/session/f7d3debb0c7b09da164cac132cb93e91/execute/sync'
02:10:14.965 [Forwarding getPageSource on session f7d3debb0c7b09da164cac132cb93e91 to remote] DEBUG org.asynchttpclient.netty.request.NettyRequestSender - Using open Channel [id: 0x8fcd51f4, L:/127.0.0.1:61066 - R:localhost/127.0.0.1:15815] for POST '/session/f7d3debb0c7b09da164cac132cb93e91/execute/sync'
02:10:14.976 [AsyncHttpClient-1-14] DEBUG org.asynchttpclient.netty.handler.HttpHandler - 

Request DefaultHttpRequest(decodeResult: success, version: HTTP/1.1)
POST /session/f7d3debb0c7b09da164cac132cb93e91/execute/sync HTTP/1.1
User-Agent: selenium/4.8.1 (java windows)
Content-Length: 176
Content-Type: application/json; charset=utf-8
host: localhost:15815
accept: */*

Response DefaultHttpResponse(decodeResult: success, version: HTTP/1.1)
HTTP/1.1 200 OK
Content-Length: 3427
Content-Type: application/json; charset=utf-8
cache-control: no-cache

02:10:14.976 [AsyncHttpClient-1-14] DEBUG org.asynchttpclient.netty.channel.ChannelManager - Adding key: http://localhost:15815 for channel [id: 0x8fcd51f4, L:/127.0.0.1:61066 - R:localhost/127.0.0.1:15815]
02:10:14.978 [Forwarding getCurrentUrl on session f7d3debb0c7b09da164cac132cb93e91 to remote] DEBUG org.asynchttpclient.netty.request.NettyRequestSender - Using pooled Channel '[id: 0x8fcd51f4, L:/127.0.0.1:61066 - R:localhost/127.0.0.1:15815]' for 'GET' to 'http://localhost:15815/session/f7d3debb0c7b09da164cac132cb93e91/url'
02:10:14.979 [Forwarding getCurrentUrl on session f7d3debb0c7b09da164cac132cb93e91 to remote] DEBUG org.asynchttpclient.netty.request.NettyRequestSender - Using open Channel [id: 0x8fcd51f4, L:/127.0.0.1:61066 - R:localhost/127.0.0.1:15815] for GET '/session/f7d3debb0c7b09da164cac132cb93e91/url'
02:10:14.987 [AsyncHttpClient-1-14] DEBUG org.asynchttpclient.netty.handler.HttpHandler - 

Request DefaultFullHttpRequest(decodeResult: success, version: HTTP/1.1, content: EmptyByteBufBE)
GET /session/f7d3debb0c7b09da164cac132cb93e91/url HTTP/1.1
User-Agent: selenium/4.8.1 (java windows)
Cache-Control: no-cache
Content-Type: application/json; charset=utf-8
host: localhost:15815
accept: */*

Response DefaultHttpResponse(decodeResult: success, version: HTTP/1.1)
HTTP/1.1 200 OK
Content-Length: 56
Content-Type: application/json; charset=utf-8
cache-control: no-cache

02:10:14.987 [AsyncHttpClient-1-14] DEBUG org.asynchttpclient.netty.channel.ChannelManager - Adding key: http://localhost:15815 for channel [id: 0x8fcd51f4, L:/127.0.0.1:61066 - R:localhost/127.0.0.1:15815]
02:10:15.002 [Forwarding getAlertText on session f7d3debb0c7b09da164cac132cb93e91 to remote] DEBUG org.asynchttpclient.netty.request.NettyRequestSender - Using pooled Channel '[id: 0x8fcd51f4, L:/127.0.0.1:61066 - R:localhost/127.0.0.1:15815]' for 'GET' to 'http://localhost:15815/session/f7d3debb0c7b09da164cac132cb93e91/alert/text'
02:10:15.003 [Forwarding getAlertText on session f7d3debb0c7b09da164cac132cb93e91 to remote] DEBUG org.asynchttpclient.netty.request.NettyRequestSender - Using open Channel [id: 0x8fcd51f4, L:/127.0.0.1:61066 - R:localhost/127.0.0.1:15815] for GET '/session/f7d3debb0c7b09da164cac132cb93e91/alert/text'
02:10:15.005 [AsyncHttpClient-1-14] DEBUG org.asynchttpclient.netty.handler.HttpHandler - 

Request DefaultFullHttpRequest(decodeResult: success, version: HTTP/1.1, content: EmptyByteBufBE)
GET /session/f7d3debb0c7b09da164cac132cb93e91/alert/text HTTP/1.1
User-Agent: selenium/4.8.1 (java windows)
Cache-Control: no-cache
Content-Type: application/json; charset=utf-8
host: localhost:15815
accept: */*

Response DefaultHttpResponse(decodeResult: success, version: HTTP/1.1)
HTTP/1.1 404 Not Found
Content-Length: 828
Content-Type: application/json; charset=utf-8
cache-control: no-cache

02:10:15.006 [AsyncHttpClient-1-14] DEBUG org.asynchttpclient.netty.channel.ChannelManager - Adding key: http://localhost:15815 for channel [id: 0x8fcd51f4, L:/127.0.0.1:61066 - R:localhost/127.0.0.1:15815]
02:10:15.007 [Forwarding getCurrentUrl on session f7d3debb0c7b09da164cac132cb93e91 to remote] DEBUG org.asynchttpclient.netty.request.NettyRequestSender - Using pooled Channel '[id: 0x8fcd51f4, L:/127.0.0.1:61066 - R:localhost/127.0.0.1:15815]' for 'GET' to 'http://localhost:15815/session/f7d3debb0c7b09da164cac132cb93e91/url'
02:10:15.007 [Forwarding getCurrentUrl on session f7d3debb0c7b09da164cac132cb93e91 to remote] DEBUG org.asynchttpclient.netty.request.NettyRequestSender - Using open Channel [id: 0x8fcd51f4, L:/127.0.0.1:61066 - R:localhost/127.0.0.1:15815] for GET '/session/f7d3debb0c7b09da164cac132cb93e91/url'
02:10:15.015 [AsyncHttpClient-1-14] DEBUG org.asynchttpclient.netty.handler.HttpHandler - 

Request DefaultFullHttpRequest(decodeResult: success, version: HTTP/1.1, content: EmptyByteBufBE)
GET /session/f7d3debb0c7b09da164cac132cb93e91/url HTTP/1.1
User-Agent: selenium/4.8.1 (java windows)
Cache-Control: no-cache
Content-Type: application/json; charset=utf-8
host: localhost:15815
accept: */*

Response DefaultHttpResponse(decodeResult: success, version: HTTP/1.1)
HTTP/1.1 200 OK
Content-Length: 56
Content-Type: application/json; charset=utf-8
cache-control: no-cache

02:10:15.015 [AsyncHttpClient-1-14] DEBUG org.asynchttpclient.netty.channel.ChannelManager - Adding key: http://localhost:15815 for channel [id: 0x8fcd51f4, L:/127.0.0.1:61066 - R:localhost/127.0.0.1:15815]
02:10:15.017 [Forwarding screenshot on session f7d3debb0c7b09da164cac132cb93e91 to remote] DEBUG org.asynchttpclient.netty.request.NettyRequestSender - Using pooled Channel '[id: 0x8fcd51f4, L:/127.0.0.1:61066 - R:localhost/127.0.0.1:15815]' for 'GET' to 'http://localhost:15815/session/f7d3debb0c7b09da164cac132cb93e91/screenshot'
02:10:15.017 [Forwarding screenshot on session f7d3debb0c7b09da164cac132cb93e91 to remote] DEBUG org.asynchttpclient.netty.request.NettyRequestSender - Using open Channel [id: 0x8fcd51f4, L:/127.0.0.1:61066 - R:localhost/127.0.0.1:15815] for GET '/session/f7d3debb0c7b09da164cac132cb93e91/screenshot'
02:10:15.294 [AsyncHttpClient-1-14] DEBUG org.asynchttpclient.netty.handler.HttpHandler - 

Request DefaultFullHttpRequest(decodeResult: success, version: HTTP/1.1, content: EmptyByteBufBE)
GET /session/f7d3debb0c7b09da164cac132cb93e91/screenshot HTTP/1.1
User-Agent: selenium/4.8.1 (java windows)
Cache-Control: no-cache
Content-Type: application/json; charset=utf-8
host: localhost:15815
accept: */*

Response DefaultHttpResponse(decodeResult: success, version: HTTP/1.1)
HTTP/1.1 200 OK
Content-Length: 116024
Content-Type: application/json; charset=utf-8
cache-control: no-cache

02:10:15.294 [AsyncHttpClient-1-14] DEBUG org.asynchttpclient.netty.channel.ChannelManager - Adding key: http://localhost:15815 for channel [id: 0x8fcd51f4, L:/127.0.0.1:61066 - R:localhost/127.0.0.1:15815]
02:10:15.299 [main] DEBUG net.serenitybdd.core.photography.Darkroom - Send negative for processing for target\site\serenity\ee761de0174fda31809a61addf9933dc97e22ba6ba3825b4f67b075b31ffaf0e.png
02:10:15.301 [Forwarding getPageSource on session f7d3debb0c7b09da164cac132cb93e91 to remote] DEBUG org.asynchttpclient.netty.request.NettyRequestSender - Using pooled Channel '[id: 0x8fcd51f4, L:/127.0.0.1:61066 - R:localhost/127.0.0.1:15815]' for 'POST' to 'http://localhost:15815/session/f7d3debb0c7b09da164cac132cb93e91/execute/sync'
02:10:15.301 [Forwarding getPageSource on session f7d3debb0c7b09da164cac132cb93e91 to remote] DEBUG org.asynchttpclient.netty.request.NettyRequestSender - Using open Channel [id: 0x8fcd51f4, L:/127.0.0.1:61066 - R:localhost/127.0.0.1:15815] for POST '/session/f7d3debb0c7b09da164cac132cb93e91/execute/sync'
02:10:15.311 [AsyncHttpClient-1-14] DEBUG org.asynchttpclient.netty.handler.HttpHandler - 

Request DefaultHttpRequest(decodeResult: success, version: HTTP/1.1)
POST /session/f7d3debb0c7b09da164cac132cb93e91/execute/sync HTTP/1.1
User-Agent: selenium/4.8.1 (java windows)
Content-Length: 176
Content-Type: application/json; charset=utf-8
host: localhost:15815
accept: */*

Response DefaultHttpResponse(decodeResult: success, version: HTTP/1.1)
HTTP/1.1 200 OK
Content-Length: 3427
Content-Type: application/json; charset=utf-8
cache-control: no-cache

02:10:15.311 [AsyncHttpClient-1-14] DEBUG org.asynchttpclient.netty.channel.ChannelManager - Adding key: http://localhost:15815 for channel [id: 0x8fcd51f4, L:/127.0.0.1:61066 - R:localhost/127.0.0.1:15815]
02:10:15.314 [Forwarding getCurrentUrl on session f7d3debb0c7b09da164cac132cb93e91 to remote] DEBUG org.asynchttpclient.netty.request.NettyRequestSender - Using pooled Channel '[id: 0x8fcd51f4, L:/127.0.0.1:61066 - R:localhost/127.0.0.1:15815]' for 'GET' to 'http://localhost:15815/session/f7d3debb0c7b09da164cac132cb93e91/url'
02:10:15.314 [Forwarding getCurrentUrl on session f7d3debb0c7b09da164cac132cb93e91 to remote] DEBUG org.asynchttpclient.netty.request.NettyRequestSender - Using open Channel [id: 0x8fcd51f4, L:/127.0.0.1:61066 - R:localhost/127.0.0.1:15815] for GET '/session/f7d3debb0c7b09da164cac132cb93e91/url'
02:10:15.327 [AsyncHttpClient-1-14] DEBUG org.asynchttpclient.netty.handler.HttpHandler - 

Request DefaultFullHttpRequest(decodeResult: success, version: HTTP/1.1, content: EmptyByteBufBE)
GET /session/f7d3debb0c7b09da164cac132cb93e91/url HTTP/1.1
User-Agent: selenium/4.8.1 (java windows)
Cache-Control: no-cache
Content-Type: application/json; charset=utf-8
host: localhost:15815
accept: */*

Response DefaultHttpResponse(decodeResult: success, version: HTTP/1.1)
HTTP/1.1 200 OK
Content-Length: 56
Content-Type: application/json; charset=utf-8
cache-control: no-cache

02:10:15.328 [AsyncHttpClient-1-14] DEBUG org.asynchttpclient.netty.channel.ChannelManager - Adding key: http://localhost:15815 for channel [id: 0x8fcd51f4, L:/127.0.0.1:61066 - R:localhost/127.0.0.1:15815]
02:10:15.332 [main] DEBUG net.thucydides.core.steps.StepInterceptor - STARTING STEP: LoginSteps.enterEmptyPwd - enterPassword
02:10:15.337 [Forwarding findElement on session f7d3debb0c7b09da164cac132cb93e91 to remote] DEBUG org.asynchttpclient.netty.request.NettyRequestSender - Using pooled Channel '[id: 0x8fcd51f4, L:/127.0.0.1:61066 - R:localhost/127.0.0.1:15815]' for 'POST' to 'http://localhost:15815/session/f7d3debb0c7b09da164cac132cb93e91/element'
02:10:15.337 [Forwarding findElement on session f7d3debb0c7b09da164cac132cb93e91 to remote] DEBUG org.asynchttpclient.netty.request.NettyRequestSender - Using open Channel [id: 0x8fcd51f4, L:/127.0.0.1:61066 - R:localhost/127.0.0.1:15815] for POST '/session/f7d3debb0c7b09da164cac132cb93e91/element'
02:10:15.367 [AsyncHttpClient-1-14] DEBUG org.asynchttpclient.netty.handler.HttpHandler - 

Request DefaultHttpRequest(decodeResult: success, version: HTTP/1.1)
POST /session/f7d3debb0c7b09da164cac132cb93e91/element HTTP/1.1
User-Agent: selenium/4.8.1 (java windows)
Content-Length: 72
Content-Type: application/json; charset=utf-8
host: localhost:15815
accept: */*

Response DefaultHttpResponse(decodeResult: success, version: HTTP/1.1)
HTTP/1.1 200 OK
Content-Length: 95
Content-Type: application/json; charset=utf-8
cache-control: no-cache

02:10:15.367 [AsyncHttpClient-1-14] DEBUG org.asynchttpclient.netty.channel.ChannelManager - Adding key: http://localhost:15815 for channel [id: 0x8fcd51f4, L:/127.0.0.1:61066 - R:localhost/127.0.0.1:15815]
02:10:15.369 [Forwarding clearElement on session f7d3debb0c7b09da164cac132cb93e91 to remote] DEBUG org.asynchttpclient.netty.request.NettyRequestSender - Using pooled Channel '[id: 0x8fcd51f4, L:/127.0.0.1:61066 - R:localhost/127.0.0.1:15815]' for 'POST' to 'http://localhost:15815/session/f7d3debb0c7b09da164cac132cb93e91/element/2B86DC74614C4962546A6414F1DCB9D7_element_11/clear'
02:10:15.369 [Forwarding clearElement on session f7d3debb0c7b09da164cac132cb93e91 to remote] DEBUG org.asynchttpclient.netty.request.NettyRequestSender - Using open Channel [id: 0x8fcd51f4, L:/127.0.0.1:61066 - R:localhost/127.0.0.1:15815] for POST '/session/f7d3debb0c7b09da164cac132cb93e91/element/2B86DC74614C4962546A6414F1DCB9D7_element_11/clear'
02:10:15.428 [AsyncHttpClient-1-14] DEBUG org.asynchttpclient.netty.handler.HttpHandler - 

Request DefaultHttpRequest(decodeResult: success, version: HTTP/1.1)
POST /session/f7d3debb0c7b09da164cac132cb93e91/element/2B86DC74614C4962546A6414F1DCB9D7_element_11/clear HTTP/1.1
User-Agent: selenium/4.8.1 (java windows)
Content-Length: 57
Content-Type: application/json; charset=utf-8
host: localhost:15815
accept: */*

Response DefaultHttpResponse(decodeResult: success, version: HTTP/1.1)
HTTP/1.1 200 OK
Content-Length: 14
Content-Type: application/json; charset=utf-8
cache-control: no-cache

02:10:15.428 [AsyncHttpClient-1-14] DEBUG org.asynchttpclient.netty.channel.ChannelManager - Adding key: http://localhost:15815 for channel [id: 0x8fcd51f4, L:/127.0.0.1:61066 - R:localhost/127.0.0.1:15815]
02:10:15.431 [Forwarding sendKeysToElement on session f7d3debb0c7b09da164cac132cb93e91 to remote] DEBUG org.asynchttpclient.netty.request.NettyRequestSender - Using pooled Channel '[id: 0x8fcd51f4, L:/127.0.0.1:61066 - R:localhost/127.0.0.1:15815]' for 'POST' to 'http://localhost:15815/session/f7d3debb0c7b09da164cac132cb93e91/element/2B86DC74614C4962546A6414F1DCB9D7_element_11/value'
02:10:15.431 [Forwarding sendKeysToElement on session f7d3debb0c7b09da164cac132cb93e91 to remote] DEBUG org.asynchttpclient.netty.request.NettyRequestSender - Using open Channel [id: 0x8fcd51f4, L:/127.0.0.1:61066 - R:localhost/127.0.0.1:15815] for POST '/session/f7d3debb0c7b09da164cac132cb93e91/element/2B86DC74614C4962546A6414F1DCB9D7_element_11/value'
02:10:15.528 [AsyncHttpClient-1-14] DEBUG org.asynchttpclient.netty.handler.HttpHandler - 

Request DefaultHttpRequest(decodeResult: success, version: HTTP/1.1)
POST /session/f7d3debb0c7b09da164cac132cb93e91/element/2B86DC74614C4962546A6414F1DCB9D7_element_11/value HTTP/1.1
User-Agent: selenium/4.8.1 (java windows)
Content-Length: 89
Content-Type: application/json; charset=utf-8
host: localhost:15815
accept: */*

Response DefaultHttpResponse(decodeResult: success, version: HTTP/1.1)
HTTP/1.1 200 OK
Content-Length: 14
Content-Type: application/json; charset=utf-8
cache-control: no-cache

02:10:15.529 [AsyncHttpClient-1-14] DEBUG org.asynchttpclient.netty.channel.ChannelManager - Adding key: http://localhost:15815 for channel [id: 0x8fcd51f4, L:/127.0.0.1:61066 - R:localhost/127.0.0.1:15815]
02:10:15.534 [AsyncHttpClient-1-1] DEBUG org.asynchttpclient.netty.channel.DefaultChannelPool - Entry count for : http://localhost:61068 : 1
02:10:15.534 [AsyncHttpClient-1-1] DEBUG org.asynchttpclient.netty.channel.DefaultChannelPool - Entry count for : http://localhost:15815 : 1
02:10:15.544 [Forwarding getAlertText on session f7d3debb0c7b09da164cac132cb93e91 to remote] DEBUG org.asynchttpclient.netty.request.NettyRequestSender - Using pooled Channel '[id: 0x8fcd51f4, L:/127.0.0.1:61066 - R:localhost/127.0.0.1:15815]' for 'GET' to 'http://localhost:15815/session/f7d3debb0c7b09da164cac132cb93e91/alert/text'
02:10:15.545 [Forwarding getAlertText on session f7d3debb0c7b09da164cac132cb93e91 to remote] DEBUG org.asynchttpclient.netty.request.NettyRequestSender - Using open Channel [id: 0x8fcd51f4, L:/127.0.0.1:61066 - R:localhost/127.0.0.1:15815] for GET '/session/f7d3debb0c7b09da164cac132cb93e91/alert/text'
02:10:15.548 [AsyncHttpClient-1-14] DEBUG org.asynchttpclient.netty.handler.HttpHandler - 

Request DefaultFullHttpRequest(decodeResult: success, version: HTTP/1.1, content: EmptyByteBufBE)
GET /session/f7d3debb0c7b09da164cac132cb93e91/alert/text HTTP/1.1
User-Agent: selenium/4.8.1 (java windows)
Cache-Control: no-cache
Content-Type: application/json; charset=utf-8
host: localhost:15815
accept: */*

Response DefaultHttpResponse(decodeResult: success, version: HTTP/1.1)
HTTP/1.1 404 Not Found
Content-Length: 828
Content-Type: application/json; charset=utf-8
cache-control: no-cache

02:10:15.549 [AsyncHttpClient-1-14] DEBUG org.asynchttpclient.netty.channel.ChannelManager - Adding key: http://localhost:15815 for channel [id: 0x8fcd51f4, L:/127.0.0.1:61066 - R:localhost/127.0.0.1:15815]
02:10:15.552 [Forwarding getCurrentUrl on session f7d3debb0c7b09da164cac132cb93e91 to remote] DEBUG org.asynchttpclient.netty.request.NettyRequestSender - Using pooled Channel '[id: 0x8fcd51f4, L:/127.0.0.1:61066 - R:localhost/127.0.0.1:15815]' for 'GET' to 'http://localhost:15815/session/f7d3debb0c7b09da164cac132cb93e91/url'
02:10:15.552 [Forwarding getCurrentUrl on session f7d3debb0c7b09da164cac132cb93e91 to remote] DEBUG org.asynchttpclient.netty.request.NettyRequestSender - Using open Channel [id: 0x8fcd51f4, L:/127.0.0.1:61066 - R:localhost/127.0.0.1:15815] for GET '/session/f7d3debb0c7b09da164cac132cb93e91/url'
02:10:15.579 [AsyncHttpClient-1-14] DEBUG org.asynchttpclient.netty.handler.HttpHandler - 

Request DefaultFullHttpRequest(decodeResult: success, version: HTTP/1.1, content: EmptyByteBufBE)
GET /session/f7d3debb0c7b09da164cac132cb93e91/url HTTP/1.1
User-Agent: selenium/4.8.1 (java windows)
Cache-Control: no-cache
Content-Type: application/json; charset=utf-8
host: localhost:15815
accept: */*

Response DefaultHttpResponse(decodeResult: success, version: HTTP/1.1)
HTTP/1.1 200 OK
Content-Length: 56
Content-Type: application/json; charset=utf-8
cache-control: no-cache

02:10:15.579 [AsyncHttpClient-1-14] DEBUG org.asynchttpclient.netty.channel.ChannelManager - Adding key: http://localhost:15815 for channel [id: 0x8fcd51f4, L:/127.0.0.1:61066 - R:localhost/127.0.0.1:15815]
02:10:15.580 [Forwarding screenshot on session f7d3debb0c7b09da164cac132cb93e91 to remote] DEBUG org.asynchttpclient.netty.request.NettyRequestSender - Using pooled Channel '[id: 0x8fcd51f4, L:/127.0.0.1:61066 - R:localhost/127.0.0.1:15815]' for 'GET' to 'http://localhost:15815/session/f7d3debb0c7b09da164cac132cb93e91/screenshot'
02:10:15.580 [Forwarding screenshot on session f7d3debb0c7b09da164cac132cb93e91 to remote] DEBUG org.asynchttpclient.netty.request.NettyRequestSender - Using open Channel [id: 0x8fcd51f4, L:/127.0.0.1:61066 - R:localhost/127.0.0.1:15815] for GET '/session/f7d3debb0c7b09da164cac132cb93e91/screenshot'
02:10:15.953 [AsyncHttpClient-1-14] DEBUG org.asynchttpclient.netty.handler.HttpHandler - 

Request DefaultFullHttpRequest(decodeResult: success, version: HTTP/1.1, content: EmptyByteBufBE)
GET /session/f7d3debb0c7b09da164cac132cb93e91/screenshot HTTP/1.1
User-Agent: selenium/4.8.1 (java windows)
Cache-Control: no-cache
Content-Type: application/json; charset=utf-8
host: localhost:15815
accept: */*

Response DefaultHttpResponse(decodeResult: success, version: HTTP/1.1)
HTTP/1.1 200 OK
Content-Length: 115868
Content-Type: application/json; charset=utf-8
cache-control: no-cache

02:10:15.954 [AsyncHttpClient-1-14] DEBUG org.asynchttpclient.netty.channel.ChannelManager - Adding key: http://localhost:15815 for channel [id: 0x8fcd51f4, L:/127.0.0.1:61066 - R:localhost/127.0.0.1:15815]
02:10:15.960 [main] DEBUG net.serenitybdd.core.photography.Darkroom - Send negative for processing for target\site\serenity\2832ac4ea988899036072c37ba3caf53a8fd17625586011f947d344f1b7b4716.png
02:10:15.960 [Darkroom Processing Line] DEBUG net.serenitybdd.core.photography.DarkroomProcessingLine - Processing screenshot image in /var/screenshots/screenshot-11694767411903670124
02:10:15.960 [Darkroom Processing Line] DEBUG net.serenitybdd.core.photography.DarkroomProcessingLine - Saving screenshot to target\site\serenity\2832ac4ea988899036072c37ba3caf53a8fd17625586011f947d344f1b7b4716.png
02:10:15.962 [Forwarding getPageSource on session f7d3debb0c7b09da164cac132cb93e91 to remote] DEBUG org.asynchttpclient.netty.request.NettyRequestSender - Using pooled Channel '[id: 0x8fcd51f4, L:/127.0.0.1:61066 - R:localhost/127.0.0.1:15815]' for 'POST' to 'http://localhost:15815/session/f7d3debb0c7b09da164cac132cb93e91/execute/sync'
02:10:15.962 [Forwarding getPageSource on session f7d3debb0c7b09da164cac132cb93e91 to remote] DEBUG org.asynchttpclient.netty.request.NettyRequestSender - Using open Channel [id: 0x8fcd51f4, L:/127.0.0.1:61066 - R:localhost/127.0.0.1:15815] for POST '/session/f7d3debb0c7b09da164cac132cb93e91/execute/sync'
02:10:15.973 [AsyncHttpClient-1-14] DEBUG org.asynchttpclient.netty.handler.HttpHandler - 

Request DefaultHttpRequest(decodeResult: success, version: HTTP/1.1)
POST /session/f7d3debb0c7b09da164cac132cb93e91/execute/sync HTTP/1.1
User-Agent: selenium/4.8.1 (java windows)
Content-Length: 176
Content-Type: application/json; charset=utf-8
host: localhost:15815
accept: */*

Response DefaultHttpResponse(decodeResult: success, version: HTTP/1.1)
HTTP/1.1 200 OK
Content-Length: 3427
Content-Type: application/json; charset=utf-8
cache-control: no-cache

02:10:15.973 [AsyncHttpClient-1-14] DEBUG org.asynchttpclient.netty.channel.ChannelManager - Adding key: http://localhost:15815 for channel [id: 0x8fcd51f4, L:/127.0.0.1:61066 - R:localhost/127.0.0.1:15815]
02:10:15.976 [Forwarding getCurrentUrl on session f7d3debb0c7b09da164cac132cb93e91 to remote] DEBUG org.asynchttpclient.netty.request.NettyRequestSender - Using pooled Channel '[id: 0x8fcd51f4, L:/127.0.0.1:61066 - R:localhost/127.0.0.1:15815]' for 'GET' to 'http://localhost:15815/session/f7d3debb0c7b09da164cac132cb93e91/url'
02:10:15.976 [Forwarding getCurrentUrl on session f7d3debb0c7b09da164cac132cb93e91 to remote] DEBUG org.asynchttpclient.netty.request.NettyRequestSender - Using open Channel [id: 0x8fcd51f4, L:/127.0.0.1:61066 - R:localhost/127.0.0.1:15815] for GET '/session/f7d3debb0c7b09da164cac132cb93e91/url'
02:10:15.985 [AsyncHttpClient-1-14] DEBUG org.asynchttpclient.netty.handler.HttpHandler - 

Request DefaultFullHttpRequest(decodeResult: success, version: HTTP/1.1, content: EmptyByteBufBE)
GET /session/f7d3debb0c7b09da164cac132cb93e91/url HTTP/1.1
User-Agent: selenium/4.8.1 (java windows)
Cache-Control: no-cache
Content-Type: application/json; charset=utf-8
host: localhost:15815
accept: */*

Response DefaultHttpResponse(decodeResult: success, version: HTTP/1.1)
HTTP/1.1 200 OK
Content-Length: 56
Content-Type: application/json; charset=utf-8
cache-control: no-cache

02:10:15.986 [AsyncHttpClient-1-14] DEBUG org.asynchttpclient.netty.channel.ChannelManager - Adding key: http://localhost:15815 for channel [id: 0x8fcd51f4, L:/127.0.0.1:61066 - R:localhost/127.0.0.1:15815]
02:10:15.997 [main] DEBUG net.thucydides.core.steps.StepInterceptor - STEP DONE: enterPassword
  &amp#27;[32mAnd &amp#27;[0m&amp#27;[32mI enter empty password&amp#27;[0m                                         &amp#27;[90m# starter.stepdefinitions.LoginSteps.enterEmptyPwd()&amp#27;[0m
02:10:16.019 [Forwarding getAlertText on session f7d3debb0c7b09da164cac132cb93e91 to remote] DEBUG org.asynchttpclient.netty.request.NettyRequestSender - Using pooled Channel '[id: 0x8fcd51f4, L:/127.0.0.1:61066 - R:localhost/127.0.0.1:15815]' for 'GET' to 'http://localhost:15815/session/f7d3debb0c7b09da164cac132cb93e91/alert/text'
02:10:16.019 [Forwarding getAlertText on session f7d3debb0c7b09da164cac132cb93e91 to remote] DEBUG org.asynchttpclient.netty.request.NettyRequestSender - Using open Channel [id: 0x8fcd51f4, L:/127.0.0.1:61066 - R:localhost/127.0.0.1:15815] for GET '/session/f7d3debb0c7b09da164cac132cb93e91/alert/text'
02:10:16.022 [AsyncHttpClient-1-14] DEBUG org.asynchttpclient.netty.handler.HttpHandler - 

Request DefaultFullHttpRequest(decodeResult: success, version: HTTP/1.1, content: EmptyByteBufBE)
GET /session/f7d3debb0c7b09da164cac132cb93e91/alert/text HTTP/1.1
User-Agent: selenium/4.8.1 (java windows)
Cache-Control: no-cache
Content-Type: application/json; charset=utf-8
host: localhost:15815
accept: */*

Response DefaultHttpResponse(decodeResult: success, version: HTTP/1.1)
HTTP/1.1 404 Not Found
Content-Length: 828
Content-Type: application/json; charset=utf-8
cache-control: no-cache

02:10:16.022 [AsyncHttpClient-1-14] DEBUG org.asynchttpclient.netty.channel.ChannelManager - Adding key: http://localhost:15815 for channel [id: 0x8fcd51f4, L:/127.0.0.1:61066 - R:localhost/127.0.0.1:15815]
02:10:16.024 [Forwarding getCurrentUrl on session f7d3debb0c7b09da164cac132cb93e91 to remote] DEBUG org.asynchttpclient.netty.request.NettyRequestSender - Using pooled Channel '[id: 0x8fcd51f4, L:/127.0.0.1:61066 - R:localhost/127.0.0.1:15815]' for 'GET' to 'http://localhost:15815/session/f7d3debb0c7b09da164cac132cb93e91/url'
02:10:16.024 [Forwarding getCurrentUrl on session f7d3debb0c7b09da164cac132cb93e91 to remote] DEBUG org.asynchttpclient.netty.request.NettyRequestSender - Using open Channel [id: 0x8fcd51f4, L:/127.0.0.1:61066 - R:localhost/127.0.0.1:15815] for GET '/session/f7d3debb0c7b09da164cac132cb93e91/url'
02:10:16.033 [AsyncHttpClient-1-14] DEBUG org.asynchttpclient.netty.handler.HttpHandler - 

Request DefaultFullHttpRequest(decodeResult: success, version: HTTP/1.1, content: EmptyByteBufBE)
GET /session/f7d3debb0c7b09da164cac132cb93e91/url HTTP/1.1
User-Agent: selenium/4.8.1 (java windows)
Cache-Control: no-cache
Content-Type: application/json; charset=utf-8
host: localhost:15815
accept: */*

Response DefaultHttpResponse(decodeResult: success, version: HTTP/1.1)
HTTP/1.1 200 OK
Content-Length: 56
Content-Type: application/json; charset=utf-8
cache-control: no-cache

02:10:16.033 [AsyncHttpClient-1-14] DEBUG org.asynchttpclient.netty.channel.ChannelManager - Adding key: http://localhost:15815 for channel [id: 0x8fcd51f4, L:/127.0.0.1:61066 - R:localhost/127.0.0.1:15815]
02:10:16.034 [Forwarding screenshot on session f7d3debb0c7b09da164cac132cb93e91 to remote] DEBUG org.asynchttpclient.netty.request.NettyRequestSender - Using pooled Channel '[id: 0x8fcd51f4, L:/127.0.0.1:61066 - R:localhost/127.0.0.1:15815]' for 'GET' to 'http://localhost:15815/session/f7d3debb0c7b09da164cac132cb93e91/screenshot'
02:10:16.034 [Forwarding screenshot on session f7d3debb0c7b09da164cac132cb93e91 to remote] DEBUG org.asynchttpclient.netty.request.NettyRequestSender - Using open Channel [id: 0x8fcd51f4, L:/127.0.0.1:61066 - R:localhost/127.0.0.1:15815] for GET '/session/f7d3debb0c7b09da164cac132cb93e91/screenshot'
02:10:16.311 [AsyncHttpClient-1-14] DEBUG org.asynchttpclient.netty.handler.HttpHandler - 

Request DefaultFullHttpRequest(decodeResult: success, version: HTTP/1.1, content: EmptyByteBufBE)
GET /session/f7d3debb0c7b09da164cac132cb93e91/screenshot HTTP/1.1
User-Agent: selenium/4.8.1 (java windows)
Cache-Control: no-cache
Content-Type: application/json; charset=utf-8
host: localhost:15815
accept: */*

Response DefaultHttpResponse(decodeResult: success, version: HTTP/1.1)
HTTP/1.1 200 OK
Content-Length: 115844
Content-Type: application/json; charset=utf-8
cache-control: no-cache

02:10:16.312 [AsyncHttpClient-1-14] DEBUG org.asynchttpclient.netty.channel.ChannelManager - Adding key: http://localhost:15815 for channel [id: 0x8fcd51f4, L:/127.0.0.1:61066 - R:localhost/127.0.0.1:15815]
02:10:16.318 [main] DEBUG net.serenitybdd.core.photography.Darkroom - Send negative for processing for target\site\serenity\c84b8d8120b8fe2e8dece738881486ba4ebe8d8a0a541a8f68f89ebeaedcc119.png
02:10:16.319 [Darkroom Processing Line] DEBUG net.serenitybdd.core.photography.DarkroomProcessingLine - Processing screenshot image in /var/screenshots/screenshot-12279667121222226545
02:10:16.319 [Darkroom Processing Line] DEBUG net.serenitybdd.core.photography.DarkroomProcessingLine - Saving screenshot to target\site\serenity\c84b8d8120b8fe2e8dece738881486ba4ebe8d8a0a541a8f68f89ebeaedcc119.png
02:10:16.320 [Forwarding getPageSource on session f7d3debb0c7b09da164cac132cb93e91 to remote] DEBUG org.asynchttpclient.netty.request.NettyRequestSender - Using pooled Channel '[id: 0x8fcd51f4, L:/127.0.0.1:61066 - R:localhost/127.0.0.1:15815]' for 'POST' to 'http://localhost:15815/session/f7d3debb0c7b09da164cac132cb93e91/execute/sync'
02:10:16.320 [Forwarding getPageSource on session f7d3debb0c7b09da164cac132cb93e91 to remote] DEBUG org.asynchttpclient.netty.request.NettyRequestSender - Using open Channel [id: 0x8fcd51f4, L:/127.0.0.1:61066 - R:localhost/127.0.0.1:15815] for POST '/session/f7d3debb0c7b09da164cac132cb93e91/execute/sync'
02:10:16.330 [AsyncHttpClient-1-14] DEBUG org.asynchttpclient.netty.handler.HttpHandler - 

Request DefaultHttpRequest(decodeResult: success, version: HTTP/1.1)
POST /session/f7d3debb0c7b09da164cac132cb93e91/execute/sync HTTP/1.1
User-Agent: selenium/4.8.1 (java windows)
Content-Length: 176
Content-Type: application/json; charset=utf-8
host: localhost:15815
accept: */*

Response DefaultHttpResponse(decodeResult: success, version: HTTP/1.1)
HTTP/1.1 200 OK
Content-Length: 3427
Content-Type: application/json; charset=utf-8
cache-control: no-cache

02:10:16.331 [AsyncHttpClient-1-14] DEBUG org.asynchttpclient.netty.channel.ChannelManager - Adding key: http://localhost:15815 for channel [id: 0x8fcd51f4, L:/127.0.0.1:61066 - R:localhost/127.0.0.1:15815]
02:10:16.332 [Forwarding getCurrentUrl on session f7d3debb0c7b09da164cac132cb93e91 to remote] DEBUG org.asynchttpclient.netty.request.NettyRequestSender - Using pooled Channel '[id: 0x8fcd51f4, L:/127.0.0.1:61066 - R:localhost/127.0.0.1:15815]' for 'GET' to 'http://localhost:15815/session/f7d3debb0c7b09da164cac132cb93e91/url'
02:10:16.332 [Forwarding getCurrentUrl on session f7d3debb0c7b09da164cac132cb93e91 to remote] DEBUG org.asynchttpclient.netty.request.NettyRequestSender - Using open Channel [id: 0x8fcd51f4, L:/127.0.0.1:61066 - R:localhost/127.0.0.1:15815] for GET '/session/f7d3debb0c7b09da164cac132cb93e91/url'
02:10:16.348 [AsyncHttpClient-1-14] DEBUG org.asynchttpclient.netty.handler.HttpHandler - 

Request DefaultFullHttpRequest(decodeResult: success, version: HTTP/1.1, content: EmptyByteBufBE)
GET /session/f7d3debb0c7b09da164cac132cb93e91/url HTTP/1.1
User-Agent: selenium/4.8.1 (java windows)
Cache-Control: no-cache
Content-Type: application/json; charset=utf-8
host: localhost:15815
accept: */*

Response DefaultHttpResponse(decodeResult: success, version: HTTP/1.1)
HTTP/1.1 200 OK
Content-Length: 56
Content-Type: application/json; charset=utf-8
cache-control: no-cache

02:10:16.348 [AsyncHttpClient-1-14] DEBUG org.asynchttpclient.netty.channel.ChannelManager - Adding key: http://localhost:15815 for channel [id: 0x8fcd51f4, L:/127.0.0.1:61066 - R:localhost/127.0.0.1:15815]
02:10:16.369 [Forwarding getPageSource on session f7d3debb0c7b09da164cac132cb93e91 to remote] DEBUG org.asynchttpclient.netty.request.NettyRequestSender - Using pooled Channel '[id: 0x8fcd51f4, L:/127.0.0.1:61066 - R:localhost/127.0.0.1:15815]' for 'POST' to 'http://localhost:15815/session/f7d3debb0c7b09da164cac132cb93e91/execute/sync'
02:10:16.369 [Forwarding getPageSource on session f7d3debb0c7b09da164cac132cb93e91 to remote] DEBUG org.asynchttpclient.netty.request.NettyRequestSender - Using open Channel [id: 0x8fcd51f4, L:/127.0.0.1:61066 - R:localhost/127.0.0.1:15815] for POST '/session/f7d3debb0c7b09da164cac132cb93e91/execute/sync'
02:10:16.381 [AsyncHttpClient-1-14] DEBUG org.asynchttpclient.netty.handler.HttpHandler - 

Request DefaultHttpRequest(decodeResult: success, version: HTTP/1.1)
POST /session/f7d3debb0c7b09da164cac132cb93e91/execute/sync HTTP/1.1
User-Agent: selenium/4.8.1 (java windows)
Content-Length: 176
Content-Type: application/json; charset=utf-8
host: localhost:15815
accept: */*

Response DefaultHttpResponse(decodeResult: success, version: HTTP/1.1)
HTTP/1.1 200 OK
Content-Length: 3427
Content-Type: application/json; charset=utf-8
cache-control: no-cache

02:10:16.381 [AsyncHttpClient-1-14] DEBUG org.asynchttpclient.netty.channel.ChannelManager - Adding key: http://localhost:15815 for channel [id: 0x8fcd51f4, L:/127.0.0.1:61066 - R:localhost/127.0.0.1:15815]
02:10:16.384 [Forwarding getCurrentUrl on session f7d3debb0c7b09da164cac132cb93e91 to remote] DEBUG org.asynchttpclient.netty.request.NettyRequestSender - Using pooled Channel '[id: 0x8fcd51f4, L:/127.0.0.1:61066 - R:localhost/127.0.0.1:15815]' for 'GET' to 'http://localhost:15815/session/f7d3debb0c7b09da164cac132cb93e91/url'
02:10:16.384 [Forwarding getCurrentUrl on session f7d3debb0c7b09da164cac132cb93e91 to remote] DEBUG org.asynchttpclient.netty.request.NettyRequestSender - Using open Channel [id: 0x8fcd51f4, L:/127.0.0.1:61066 - R:localhost/127.0.0.1:15815] for GET '/session/f7d3debb0c7b09da164cac132cb93e91/url'
02:10:16.393 [AsyncHttpClient-1-14] DEBUG org.asynchttpclient.netty.handler.HttpHandler - 

Request DefaultFullHttpRequest(decodeResult: success, version: HTTP/1.1, content: EmptyByteBufBE)
GET /session/f7d3debb0c7b09da164cac132cb93e91/url HTTP/1.1
User-Agent: selenium/4.8.1 (java windows)
Cache-Control: no-cache
Content-Type: application/json; charset=utf-8
host: localhost:15815
accept: */*

Response DefaultHttpResponse(decodeResult: success, version: HTTP/1.1)
HTTP/1.1 200 OK
Content-Length: 56
Content-Type: application/json; charset=utf-8
cache-control: no-cache

02:10:16.394 [AsyncHttpClient-1-14] DEBUG org.asynchttpclient.netty.channel.ChannelManager - Adding key: http://localhost:15815 for channel [id: 0x8fcd51f4, L:/127.0.0.1:61066 - R:localhost/127.0.0.1:15815]
02:10:16.397 [main] DEBUG net.thucydides.core.steps.StepInterceptor - STARTING STEP: LoginSteps.doClickSignInButton - clickSignInButton
02:10:16.402 [Forwarding findElement on session f7d3debb0c7b09da164cac132cb93e91 to remote] DEBUG org.asynchttpclient.netty.request.NettyRequestSender - Using pooled Channel '[id: 0x8fcd51f4, L:/127.0.0.1:61066 - R:localhost/127.0.0.1:15815]' for 'POST' to 'http://localhost:15815/session/f7d3debb0c7b09da164cac132cb93e91/element'
02:10:16.402 [Forwarding findElement on session f7d3debb0c7b09da164cac132cb93e91 to remote] DEBUG org.asynchttpclient.netty.request.NettyRequestSender - Using open Channel [id: 0x8fcd51f4, L:/127.0.0.1:61066 - R:localhost/127.0.0.1:15815] for POST '/session/f7d3debb0c7b09da164cac132cb93e91/element'
02:10:16.431 [AsyncHttpClient-1-14] DEBUG org.asynchttpclient.netty.handler.HttpHandler - 

Request DefaultHttpRequest(decodeResult: success, version: HTTP/1.1)
POST /session/f7d3debb0c7b09da164cac132cb93e91/element HTTP/1.1
User-Agent: selenium/4.8.1 (java windows)
Content-Length: 237
Content-Type: application/json; charset=utf-8
host: localhost:15815
accept: */*

Response DefaultHttpResponse(decodeResult: success, version: HTTP/1.1)
HTTP/1.1 200 OK
Content-Length: 95
Content-Type: application/json; charset=utf-8
cache-control: no-cache

02:10:16.432 [AsyncHttpClient-1-14] DEBUG org.asynchttpclient.netty.channel.ChannelManager - Adding key: http://localhost:15815 for channel [id: 0x8fcd51f4, L:/127.0.0.1:61066 - R:localhost/127.0.0.1:15815]
02:10:16.434 [Forwarding getElementTagName on session f7d3debb0c7b09da164cac132cb93e91 to remote] DEBUG org.asynchttpclient.netty.request.NettyRequestSender - Using pooled Channel '[id: 0x8fcd51f4, L:/127.0.0.1:61066 - R:localhost/127.0.0.1:15815]' for 'GET' to 'http://localhost:15815/session/f7d3debb0c7b09da164cac132cb93e91/element/2B86DC74614C4962546A6414F1DCB9D7_element_15/name'
02:10:16.434 [Forwarding getElementTagName on session f7d3debb0c7b09da164cac132cb93e91 to remote] DEBUG org.asynchttpclient.netty.request.NettyRequestSender - Using open Channel [id: 0x8fcd51f4, L:/127.0.0.1:61066 - R:localhost/127.0.0.1:15815] for GET '/session/f7d3debb0c7b09da164cac132cb93e91/element/2B86DC74614C4962546A6414F1DCB9D7_element_15/name'
02:10:16.450 [AsyncHttpClient-1-14] DEBUG org.asynchttpclient.netty.handler.HttpHandler - 

Request DefaultFullHttpRequest(decodeResult: success, version: HTTP/1.1, content: EmptyByteBufBE)
GET /session/f7d3debb0c7b09da164cac132cb93e91/element/2B86DC74614C4962546A6414F1DCB9D7_element_15/name HTTP/1.1
User-Agent: selenium/4.8.1 (java windows)
Cache-Control: no-cache
Content-Type: application/json; charset=utf-8
host: localhost:15815
accept: */*

Response DefaultHttpResponse(decodeResult: success, version: HTTP/1.1)
HTTP/1.1 200 OK
Content-Length: 18
Content-Type: application/json; charset=utf-8
cache-control: no-cache

02:10:16.450 [AsyncHttpClient-1-14] DEBUG org.asynchttpclient.netty.channel.ChannelManager - Adding key: http://localhost:15815 for channel [id: 0x8fcd51f4, L:/127.0.0.1:61066 - R:localhost/127.0.0.1:15815]
02:10:16.452 [Forwarding getElementTagName on session f7d3debb0c7b09da164cac132cb93e91 to remote] DEBUG org.asynchttpclient.netty.request.NettyRequestSender - Using pooled Channel '[id: 0x8fcd51f4, L:/127.0.0.1:61066 - R:localhost/127.0.0.1:15815]' for 'GET' to 'http://localhost:15815/session/f7d3debb0c7b09da164cac132cb93e91/element/2B86DC74614C4962546A6414F1DCB9D7_element_15/name'
02:10:16.452 [Forwarding getElementTagName on session f7d3debb0c7b09da164cac132cb93e91 to remote] DEBUG org.asynchttpclient.netty.request.NettyRequestSender - Using open Channel [id: 0x8fcd51f4, L:/127.0.0.1:61066 - R:localhost/127.0.0.1:15815] for GET '/session/f7d3debb0c7b09da164cac132cb93e91/element/2B86DC74614C4962546A6414F1DCB9D7_element_15/name'
02:10:16.466 [AsyncHttpClient-1-14] DEBUG org.asynchttpclient.netty.handler.HttpHandler - 

Request DefaultFullHttpRequest(decodeResult: success, version: HTTP/1.1, content: EmptyByteBufBE)
GET /session/f7d3debb0c7b09da164cac132cb93e91/element/2B86DC74614C4962546A6414F1DCB9D7_element_15/name HTTP/1.1
User-Agent: selenium/4.8.1 (java windows)
Cache-Control: no-cache
Content-Type: application/json; charset=utf-8
host: localhost:15815
accept: */*

Response DefaultHttpResponse(decodeResult: success, version: HTTP/1.1)
HTTP/1.1 200 OK
Content-Length: 18
Content-Type: application/json; charset=utf-8
cache-control: no-cache

02:10:16.467 [AsyncHttpClient-1-14] DEBUG org.asynchttpclient.netty.channel.ChannelManager - Adding key: http://localhost:15815 for channel [id: 0x8fcd51f4, L:/127.0.0.1:61066 - R:localhost/127.0.0.1:15815]
02:10:16.471 [Forwarding isElementEnabled on session f7d3debb0c7b09da164cac132cb93e91 to remote] DEBUG org.asynchttpclient.netty.request.NettyRequestSender - Using pooled Channel '[id: 0x8fcd51f4, L:/127.0.0.1:61066 - R:localhost/127.0.0.1:15815]' for 'GET' to 'http://localhost:15815/session/f7d3debb0c7b09da164cac132cb93e91/element/2B86DC74614C4962546A6414F1DCB9D7_element_15/enabled'
02:10:16.471 [Forwarding isElementEnabled on session f7d3debb0c7b09da164cac132cb93e91 to remote] DEBUG org.asynchttpclient.netty.request.NettyRequestSender - Using open Channel [id: 0x8fcd51f4, L:/127.0.0.1:61066 - R:localhost/127.0.0.1:15815] for GET '/session/f7d3debb0c7b09da164cac132cb93e91/element/2B86DC74614C4962546A6414F1DCB9D7_element_15/enabled'
02:10:16.491 [AsyncHttpClient-1-14] DEBUG org.asynchttpclient.netty.handler.HttpHandler - 

Request DefaultFullHttpRequest(decodeResult: success, version: HTTP/1.1, content: EmptyByteBufBE)
GET /session/f7d3debb0c7b09da164cac132cb93e91/element/2B86DC74614C4962546A6414F1DCB9D7_element_15/enabled HTTP/1.1
User-Agent: selenium/4.8.1 (java windows)
Cache-Control: no-cache
Content-Type: application/json; charset=utf-8
host: localhost:15815
accept: */*

Response DefaultHttpResponse(decodeResult: success, version: HTTP/1.1)
HTTP/1.1 200 OK
Content-Length: 14
Content-Type: application/json; charset=utf-8
cache-control: no-cache

02:10:16.492 [AsyncHttpClient-1-14] DEBUG org.asynchttpclient.netty.channel.ChannelManager - Adding key: http://localhost:15815 for channel [id: 0x8fcd51f4, L:/127.0.0.1:61066 - R:localhost/127.0.0.1:15815]
02:10:16.494 [Forwarding isElementEnabled on session f7d3debb0c7b09da164cac132cb93e91 to remote] DEBUG org.asynchttpclient.netty.request.NettyRequestSender - Using pooled Channel '[id: 0x8fcd51f4, L:/127.0.0.1:61066 - R:localhost/127.0.0.1:15815]' for 'GET' to 'http://localhost:15815/session/f7d3debb0c7b09da164cac132cb93e91/element/2B86DC74614C4962546A6414F1DCB9D7_element_15/enabled'
02:10:16.494 [Forwarding isElementEnabled on session f7d3debb0c7b09da164cac132cb93e91 to remote] DEBUG org.asynchttpclient.netty.request.NettyRequestSender - Using open Channel [id: 0x8fcd51f4, L:/127.0.0.1:61066 - R:localhost/127.0.0.1:15815] for GET '/session/f7d3debb0c7b09da164cac132cb93e91/element/2B86DC74614C4962546A6414F1DCB9D7_element_15/enabled'
02:10:16.510 [AsyncHttpClient-1-14] DEBUG org.asynchttpclient.netty.handler.HttpHandler - 

Request DefaultFullHttpRequest(decodeResult: success, version: HTTP/1.1, content: EmptyByteBufBE)
GET /session/f7d3debb0c7b09da164cac132cb93e91/element/2B86DC74614C4962546A6414F1DCB9D7_element_15/enabled HTTP/1.1
User-Agent: selenium/4.8.1 (java windows)
Cache-Control: no-cache
Content-Type: application/json; charset=utf-8
host: localhost:15815
accept: */*

Response DefaultHttpResponse(decodeResult: success, version: HTTP/1.1)
HTTP/1.1 200 OK
Content-Length: 14
Content-Type: application/json; charset=utf-8
cache-control: no-cache

02:10:16.510 [AsyncHttpClient-1-14] DEBUG org.asynchttpclient.netty.channel.ChannelManager - Adding key: http://localhost:15815 for channel [id: 0x8fcd51f4, L:/127.0.0.1:61066 - R:localhost/127.0.0.1:15815]
02:10:16.514 [Forwarding findElement on session f7d3debb0c7b09da164cac132cb93e91 to remote] DEBUG org.asynchttpclient.netty.request.NettyRequestSender - Using pooled Channel '[id: 0x8fcd51f4, L:/127.0.0.1:61066 - R:localhost/127.0.0.1:15815]' for 'POST' to 'http://localhost:15815/session/f7d3debb0c7b09da164cac132cb93e91/element'
02:10:16.514 [Forwarding findElement on session f7d3debb0c7b09da164cac132cb93e91 to remote] DEBUG org.asynchttpclient.netty.request.NettyRequestSender - Using open Channel [id: 0x8fcd51f4, L:/127.0.0.1:61066 - R:localhost/127.0.0.1:15815] for POST '/session/f7d3debb0c7b09da164cac132cb93e91/element'
02:10:16.532 [AsyncHttpClient-1-14] DEBUG org.asynchttpclient.netty.handler.HttpHandler - 

Request DefaultHttpRequest(decodeResult: success, version: HTTP/1.1)
POST /session/f7d3debb0c7b09da164cac132cb93e91/element HTTP/1.1
User-Agent: selenium/4.8.1 (java windows)
Content-Length: 237
Content-Type: application/json; charset=utf-8
host: localhost:15815
accept: */*

Response DefaultHttpResponse(decodeResult: success, version: HTTP/1.1)
HTTP/1.1 200 OK
Content-Length: 95
Content-Type: application/json; charset=utf-8
cache-control: no-cache

02:10:16.533 [AsyncHttpClient-1-14] DEBUG org.asynchttpclient.netty.channel.ChannelManager - Adding key: http://localhost:15815 for channel [id: 0x8fcd51f4, L:/127.0.0.1:61066 - R:localhost/127.0.0.1:15815]
02:10:16.535 [Forwarding clickElement on session f7d3debb0c7b09da164cac132cb93e91 to remote] DEBUG org.asynchttpclient.netty.request.NettyRequestSender - Using pooled Channel '[id: 0x8fcd51f4, L:/127.0.0.1:61066 - R:localhost/127.0.0.1:15815]' for 'POST' to 'http://localhost:15815/session/f7d3debb0c7b09da164cac132cb93e91/element/2B86DC74614C4962546A6414F1DCB9D7_element_15/click'
02:10:16.535 [Forwarding clickElement on session f7d3debb0c7b09da164cac132cb93e91 to remote] DEBUG org.asynchttpclient.netty.request.NettyRequestSender - Using open Channel [id: 0x8fcd51f4, L:/127.0.0.1:61066 - R:localhost/127.0.0.1:15815] for POST '/session/f7d3debb0c7b09da164cac132cb93e91/element/2B86DC74614C4962546A6414F1DCB9D7_element_15/click'
02:10:16.639 [AsyncHttpClient-1-14] DEBUG org.asynchttpclient.netty.handler.HttpHandler - 

Request DefaultHttpRequest(decodeResult: success, version: HTTP/1.1)
POST /session/f7d3debb0c7b09da164cac132cb93e91/element/2B86DC74614C4962546A6414F1DCB9D7_element_15/click HTTP/1.1
User-Agent: selenium/4.8.1 (java windows)
Content-Length: 57
Content-Type: application/json; charset=utf-8
host: localhost:15815
accept: */*

Response DefaultHttpResponse(decodeResult: success, version: HTTP/1.1)
HTTP/1.1 200 OK
Content-Length: 14
Content-Type: application/json; charset=utf-8
cache-control: no-cache

02:10:16.639 [AsyncHttpClient-1-14] DEBUG org.asynchttpclient.netty.channel.ChannelManager - Adding key: http://localhost:15815 for channel [id: 0x8fcd51f4, L:/127.0.0.1:61066 - R:localhost/127.0.0.1:15815]
02:10:16.641 [AsyncHttpClient-1-1] DEBUG org.asynchttpclient.netty.channel.DefaultChannelPool - Entry count for : http://localhost:61068 : 1
02:10:16.641 [AsyncHttpClient-1-1] DEBUG org.asynchttpclient.netty.channel.DefaultChannelPool - Entry count for : http://localhost:15815 : 1
02:10:16.652 [Forwarding getAlertText on session f7d3debb0c7b09da164cac132cb93e91 to remote] DEBUG org.asynchttpclient.netty.request.NettyRequestSender - Using pooled Channel '[id: 0x8fcd51f4, L:/127.0.0.1:61066 - R:localhost/127.0.0.1:15815]' for 'GET' to 'http://localhost:15815/session/f7d3debb0c7b09da164cac132cb93e91/alert/text'
02:10:16.652 [Forwarding getAlertText on session f7d3debb0c7b09da164cac132cb93e91 to remote] DEBUG org.asynchttpclient.netty.request.NettyRequestSender - Using open Channel [id: 0x8fcd51f4, L:/127.0.0.1:61066 - R:localhost/127.0.0.1:15815] for GET '/session/f7d3debb0c7b09da164cac132cb93e91/alert/text'
02:10:16.655 [AsyncHttpClient-1-14] DEBUG org.asynchttpclient.netty.handler.HttpHandler - 

Request DefaultFullHttpRequest(decodeResult: success, version: HTTP/1.1, content: EmptyByteBufBE)
GET /session/f7d3debb0c7b09da164cac132cb93e91/alert/text HTTP/1.1
User-Agent: selenium/4.8.1 (java windows)
Cache-Control: no-cache
Content-Type: application/json; charset=utf-8
host: localhost:15815
accept: */*

Response DefaultHttpResponse(decodeResult: success, version: HTTP/1.1)
HTTP/1.1 404 Not Found
Content-Length: 828
Content-Type: application/json; charset=utf-8
cache-control: no-cache

02:10:16.656 [AsyncHttpClient-1-14] DEBUG org.asynchttpclient.netty.channel.ChannelManager - Adding key: http://localhost:15815 for channel [id: 0x8fcd51f4, L:/127.0.0.1:61066 - R:localhost/127.0.0.1:15815]
02:10:16.658 [Forwarding getCurrentUrl on session f7d3debb0c7b09da164cac132cb93e91 to remote] DEBUG org.asynchttpclient.netty.request.NettyRequestSender - Using pooled Channel '[id: 0x8fcd51f4, L:/127.0.0.1:61066 - R:localhost/127.0.0.1:15815]' for 'GET' to 'http://localhost:15815/session/f7d3debb0c7b09da164cac132cb93e91/url'
02:10:16.658 [Forwarding getCurrentUrl on session f7d3debb0c7b09da164cac132cb93e91 to remote] DEBUG org.asynchttpclient.netty.request.NettyRequestSender - Using open Channel [id: 0x8fcd51f4, L:/127.0.0.1:61066 - R:localhost/127.0.0.1:15815] for GET '/session/f7d3debb0c7b09da164cac132cb93e91/url'
02:10:16.669 [AsyncHttpClient-1-14] DEBUG org.asynchttpclient.netty.handler.HttpHandler - 

Request DefaultFullHttpRequest(decodeResult: success, version: HTTP/1.1, content: EmptyByteBufBE)
GET /session/f7d3debb0c7b09da164cac132cb93e91/url HTTP/1.1
User-Agent: selenium/4.8.1 (java windows)
Cache-Control: no-cache
Content-Type: application/json; charset=utf-8
host: localhost:15815
accept: */*

Response DefaultHttpResponse(decodeResult: success, version: HTTP/1.1)
HTTP/1.1 200 OK
Content-Length: 56
Content-Type: application/json; charset=utf-8
cache-control: no-cache

02:10:16.669 [AsyncHttpClient-1-14] DEBUG org.asynchttpclient.netty.channel.ChannelManager - Adding key: http://localhost:15815 for channel [id: 0x8fcd51f4, L:/127.0.0.1:61066 - R:localhost/127.0.0.1:15815]
02:10:16.671 [Forwarding screenshot on session f7d3debb0c7b09da164cac132cb93e91 to remote] DEBUG org.asynchttpclient.netty.request.NettyRequestSender - Using pooled Channel '[id: 0x8fcd51f4, L:/127.0.0.1:61066 - R:localhost/127.0.0.1:15815]' for 'GET' to 'http://localhost:15815/session/f7d3debb0c7b09da164cac132cb93e91/screenshot'
02:10:16.671 [Forwarding screenshot on session f7d3debb0c7b09da164cac132cb93e91 to remote] DEBUG org.asynchttpclient.netty.request.NettyRequestSender - Using open Channel [id: 0x8fcd51f4, L:/127.0.0.1:61066 - R:localhost/127.0.0.1:15815] for GET '/session/f7d3debb0c7b09da164cac132cb93e91/screenshot'
02:10:16.988 [AsyncHttpClient-1-14] DEBUG org.asynchttpclient.netty.handler.HttpHandler - 

Request DefaultFullHttpRequest(decodeResult: success, version: HTTP/1.1, content: EmptyByteBufBE)
GET /session/f7d3debb0c7b09da164cac132cb93e91/screenshot HTTP/1.1
User-Agent: selenium/4.8.1 (java windows)
Cache-Control: no-cache
Content-Type: application/json; charset=utf-8
host: localhost:15815
accept: */*

Response DefaultHttpResponse(decodeResult: success, version: HTTP/1.1)
HTTP/1.1 200 OK
Content-Length: 124224
Content-Type: application/json; charset=utf-8
cache-control: no-cache

02:10:16.989 [AsyncHttpClient-1-14] DEBUG org.asynchttpclient.netty.channel.ChannelManager - Adding key: http://localhost:15815 for channel [id: 0x8fcd51f4, L:/127.0.0.1:61066 - R:localhost/127.0.0.1:15815]
02:10:17.001 [main] DEBUG net.serenitybdd.core.photography.Darkroom - Send negative for processing for target\site\serenity\c4c05c239a2fcc4600580e4d2c76ae282d649a00a16f7599c37e633c019ae80f.png
02:10:17.002 [Darkroom Processing Line] DEBUG net.serenitybdd.core.photography.DarkroomProcessingLine - Processing screenshot image in /var/screenshots/screenshot-581115275638390517
02:10:17.002 [Darkroom Processing Line] DEBUG net.serenitybdd.core.photography.DarkroomProcessingLine - Saving screenshot to target\site\serenity\c4c05c239a2fcc4600580e4d2c76ae282d649a00a16f7599c37e633c019ae80f.png
02:10:17.004 [Forwarding getPageSource on session f7d3debb0c7b09da164cac132cb93e91 to remote] DEBUG org.asynchttpclient.netty.request.NettyRequestSender - Using pooled Channel '[id: 0x8fcd51f4, L:/127.0.0.1:61066 - R:localhost/127.0.0.1:15815]' for 'POST' to 'http://localhost:15815/session/f7d3debb0c7b09da164cac132cb93e91/execute/sync'
02:10:17.004 [Forwarding getPageSource on session f7d3debb0c7b09da164cac132cb93e91 to remote] DEBUG org.asynchttpclient.netty.request.NettyRequestSender - Using open Channel [id: 0x8fcd51f4, L:/127.0.0.1:61066 - R:localhost/127.0.0.1:15815] for POST '/session/f7d3debb0c7b09da164cac132cb93e91/execute/sync'
02:10:17.014 [AsyncHttpClient-1-14] DEBUG org.asynchttpclient.netty.handler.HttpHandler - 

Request DefaultHttpRequest(decodeResult: success, version: HTTP/1.1)
POST /session/f7d3debb0c7b09da164cac132cb93e91/execute/sync HTTP/1.1
User-Agent: selenium/4.8.1 (java windows)
Content-Length: 176
Content-Type: application/json; charset=utf-8
host: localhost:15815
accept: */*

Response DefaultHttpResponse(decodeResult: success, version: HTTP/1.1)
HTTP/1.1 200 OK
Content-Length: 3457
Content-Type: application/json; charset=utf-8
cache-control: no-cache

02:10:17.015 [AsyncHttpClient-1-14] DEBUG org.asynchttpclient.netty.channel.ChannelManager - Adding key: http://localhost:15815 for channel [id: 0x8fcd51f4, L:/127.0.0.1:61066 - R:localhost/127.0.0.1:15815]
02:10:17.017 [Forwarding getCurrentUrl on session f7d3debb0c7b09da164cac132cb93e91 to remote] DEBUG org.asynchttpclient.netty.request.NettyRequestSender - Using pooled Channel '[id: 0x8fcd51f4, L:/127.0.0.1:61066 - R:localhost/127.0.0.1:15815]' for 'GET' to 'http://localhost:15815/session/f7d3debb0c7b09da164cac132cb93e91/url'
02:10:17.018 [Forwarding getCurrentUrl on session f7d3debb0c7b09da164cac132cb93e91 to remote] DEBUG org.asynchttpclient.netty.request.NettyRequestSender - Using open Channel [id: 0x8fcd51f4, L:/127.0.0.1:61066 - R:localhost/127.0.0.1:15815] for GET '/session/f7d3debb0c7b09da164cac132cb93e91/url'
02:10:17.027 [AsyncHttpClient-1-14] DEBUG org.asynchttpclient.netty.handler.HttpHandler - 

Request DefaultFullHttpRequest(decodeResult: success, version: HTTP/1.1, content: EmptyByteBufBE)
GET /session/f7d3debb0c7b09da164cac132cb93e91/url HTTP/1.1
User-Agent: selenium/4.8.1 (java windows)
Cache-Control: no-cache
Content-Type: application/json; charset=utf-8
host: localhost:15815
accept: */*

Response DefaultHttpResponse(decodeResult: success, version: HTTP/1.1)
HTTP/1.1 200 OK
Content-Length: 56
Content-Type: application/json; charset=utf-8
cache-control: no-cache

02:10:17.027 [AsyncHttpClient-1-14] DEBUG org.asynchttpclient.netty.channel.ChannelManager - Adding key: http://localhost:15815 for channel [id: 0x8fcd51f4, L:/127.0.0.1:61066 - R:localhost/127.0.0.1:15815]
02:10:17.036 [main] DEBUG net.thucydides.core.steps.StepInterceptor - STEP DONE: clickSignInButton
  &amp#27;[32mAnd &amp#27;[0m&amp#27;[32mI click sign in button&amp#27;[0m                                         &amp#27;[90m# starter.stepdefinitions.LoginSteps.doClickSignInButton()&amp#27;[0m
02:10:17.052 [Forwarding getPageSource on session f7d3debb0c7b09da164cac132cb93e91 to remote] DEBUG org.asynchttpclient.netty.request.NettyRequestSender - Using pooled Channel '[id: 0x8fcd51f4, L:/127.0.0.1:61066 - R:localhost/127.0.0.1:15815]' for 'POST' to 'http://localhost:15815/session/f7d3debb0c7b09da164cac132cb93e91/execute/sync'
02:10:17.052 [Forwarding getPageSource on session f7d3debb0c7b09da164cac132cb93e91 to remote] DEBUG org.asynchttpclient.netty.request.NettyRequestSender - Using open Channel [id: 0x8fcd51f4, L:/127.0.0.1:61066 - R:localhost/127.0.0.1:15815] for POST '/session/f7d3debb0c7b09da164cac132cb93e91/execute/sync'
02:10:17.061 [AsyncHttpClient-1-14] DEBUG org.asynchttpclient.netty.handler.HttpHandler - 

Request DefaultHttpRequest(decodeResult: success, version: HTTP/1.1)
POST /session/f7d3debb0c7b09da164cac132cb93e91/execute/sync HTTP/1.1
User-Agent: selenium/4.8.1 (java windows)
Content-Length: 176
Content-Type: application/json; charset=utf-8
host: localhost:15815
accept: */*

Response DefaultHttpResponse(decodeResult: success, version: HTTP/1.1)
HTTP/1.1 200 OK
Content-Length: 3457
Content-Type: application/json; charset=utf-8
cache-control: no-cache

02:10:17.061 [AsyncHttpClient-1-14] DEBUG org.asynchttpclient.netty.channel.ChannelManager - Adding key: http://localhost:15815 for channel [id: 0x8fcd51f4, L:/127.0.0.1:61066 - R:localhost/127.0.0.1:15815]
02:10:17.064 [Forwarding getCurrentUrl on session f7d3debb0c7b09da164cac132cb93e91 to remote] DEBUG org.asynchttpclient.netty.request.NettyRequestSender - Using pooled Channel '[id: 0x8fcd51f4, L:/127.0.0.1:61066 - R:localhost/127.0.0.1:15815]' for 'GET' to 'http://localhost:15815/session/f7d3debb0c7b09da164cac132cb93e91/url'
02:10:17.064 [Forwarding getCurrentUrl on session f7d3debb0c7b09da164cac132cb93e91 to remote] DEBUG org.asynchttpclient.netty.request.NettyRequestSender - Using open Channel [id: 0x8fcd51f4, L:/127.0.0.1:61066 - R:localhost/127.0.0.1:15815] for GET '/session/f7d3debb0c7b09da164cac132cb93e91/url'
02:10:17.073 [AsyncHttpClient-1-14] DEBUG org.asynchttpclient.netty.handler.HttpHandler - 

Request DefaultFullHttpRequest(decodeResult: success, version: HTTP/1.1, content: EmptyByteBufBE)
GET /session/f7d3debb0c7b09da164cac132cb93e91/url HTTP/1.1
User-Agent: selenium/4.8.1 (java windows)
Cache-Control: no-cache
Content-Type: application/json; charset=utf-8
host: localhost:15815
accept: */*

Response DefaultHttpResponse(decodeResult: success, version: HTTP/1.1)
HTTP/1.1 200 OK
Content-Length: 56
Content-Type: application/json; charset=utf-8
cache-control: no-cache

02:10:17.073 [AsyncHttpClient-1-14] DEBUG org.asynchttpclient.netty.channel.ChannelManager - Adding key: http://localhost:15815 for channel [id: 0x8fcd51f4, L:/127.0.0.1:61066 - R:localhost/127.0.0.1:15815]
02:10:17.089 [Forwarding getAlertText on session f7d3debb0c7b09da164cac132cb93e91 to remote] DEBUG org.asynchttpclient.netty.request.NettyRequestSender - Using pooled Channel '[id: 0x8fcd51f4, L:/127.0.0.1:61066 - R:localhost/127.0.0.1:15815]' for 'GET' to 'http://localhost:15815/session/f7d3debb0c7b09da164cac132cb93e91/alert/text'
02:10:17.089 [Forwarding getAlertText on session f7d3debb0c7b09da164cac132cb93e91 to remote] DEBUG org.asynchttpclient.netty.request.NettyRequestSender - Using open Channel [id: 0x8fcd51f4, L:/127.0.0.1:61066 - R:localhost/127.0.0.1:15815] for GET '/session/f7d3debb0c7b09da164cac132cb93e91/alert/text'
02:10:17.092 [AsyncHttpClient-1-14] DEBUG org.asynchttpclient.netty.handler.HttpHandler - 

Request DefaultFullHttpRequest(decodeResult: success, version: HTTP/1.1, content: EmptyByteBufBE)
GET /session/f7d3debb0c7b09da164cac132cb93e91/alert/text HTTP/1.1
User-Agent: selenium/4.8.1 (java windows)
Cache-Control: no-cache
Content-Type: application/json; charset=utf-8
host: localhost:15815
accept: */*

Response DefaultHttpResponse(decodeResult: success, version: HTTP/1.1)
HTTP/1.1 404 Not Found
Content-Length: 828
Content-Type: application/json; charset=utf-8
cache-control: no-cache

02:10:17.093 [AsyncHttpClient-1-14] DEBUG org.asynchttpclient.netty.channel.ChannelManager - Adding key: http://localhost:15815 for channel [id: 0x8fcd51f4, L:/127.0.0.1:61066 - R:localhost/127.0.0.1:15815]
02:10:17.095 [Forwarding getCurrentUrl on session f7d3debb0c7b09da164cac132cb93e91 to remote] DEBUG org.asynchttpclient.netty.request.NettyRequestSender - Using pooled Channel '[id: 0x8fcd51f4, L:/127.0.0.1:61066 - R:localhost/127.0.0.1:15815]' for 'GET' to 'http://localhost:15815/session/f7d3debb0c7b09da164cac132cb93e91/url'
02:10:17.095 [Forwarding getCurrentUrl on session f7d3debb0c7b09da164cac132cb93e91 to remote] DEBUG org.asynchttpclient.netty.request.NettyRequestSender - Using open Channel [id: 0x8fcd51f4, L:/127.0.0.1:61066 - R:localhost/127.0.0.1:15815] for GET '/session/f7d3debb0c7b09da164cac132cb93e91/url'
02:10:17.103 [AsyncHttpClient-1-14] DEBUG org.asynchttpclient.netty.handler.HttpHandler - 

Request DefaultFullHttpRequest(decodeResult: success, version: HTTP/1.1, content: EmptyByteBufBE)
GET /session/f7d3debb0c7b09da164cac132cb93e91/url HTTP/1.1
User-Agent: selenium/4.8.1 (java windows)
Cache-Control: no-cache
Content-Type: application/json; charset=utf-8
host: localhost:15815
accept: */*

Response DefaultHttpResponse(decodeResult: success, version: HTTP/1.1)
HTTP/1.1 200 OK
Content-Length: 56
Content-Type: application/json; charset=utf-8
cache-control: no-cache

02:10:17.104 [AsyncHttpClient-1-14] DEBUG org.asynchttpclient.netty.channel.ChannelManager - Adding key: http://localhost:15815 for channel [id: 0x8fcd51f4, L:/127.0.0.1:61066 - R:localhost/127.0.0.1:15815]
02:10:17.105 [Forwarding screenshot on session f7d3debb0c7b09da164cac132cb93e91 to remote] DEBUG org.asynchttpclient.netty.request.NettyRequestSender - Using pooled Channel '[id: 0x8fcd51f4, L:/127.0.0.1:61066 - R:localhost/127.0.0.1:15815]' for 'GET' to 'http://localhost:15815/session/f7d3debb0c7b09da164cac132cb93e91/screenshot'
02:10:17.105 [Forwarding screenshot on session f7d3debb0c7b09da164cac132cb93e91 to remote] DEBUG org.asynchttpclient.netty.request.NettyRequestSender - Using open Channel [id: 0x8fcd51f4, L:/127.0.0.1:61066 - R:localhost/127.0.0.1:15815] for GET '/session/f7d3debb0c7b09da164cac132cb93e91/screenshot'
02:10:17.424 [AsyncHttpClient-1-14] DEBUG org.asynchttpclient.netty.handler.HttpHandler - 

Request DefaultFullHttpRequest(decodeResult: success, version: HTTP/1.1, content: EmptyByteBufBE)
GET /session/f7d3debb0c7b09da164cac132cb93e91/screenshot HTTP/1.1
User-Agent: selenium/4.8.1 (java windows)
Cache-Control: no-cache
Content-Type: application/json; charset=utf-8
host: localhost:15815
accept: */*

Response DefaultHttpResponse(decodeResult: success, version: HTTP/1.1)
HTTP/1.1 200 OK
Content-Length: 124228
Content-Type: application/json; charset=utf-8
cache-control: no-cache

02:10:17.424 [AsyncHttpClient-1-14] DEBUG org.asynchttpclient.netty.channel.ChannelManager - Adding key: http://localhost:15815 for channel [id: 0x8fcd51f4, L:/127.0.0.1:61066 - R:localhost/127.0.0.1:15815]
02:10:17.430 [main] DEBUG net.serenitybdd.core.photography.Darkroom - Send negative for processing for target\site\serenity\5ef20c51d6e532c602a8c35f076bf2e0ee855de343f69b4e1b0414fb303977ed.png
02:10:17.431 [Darkroom Processing Line] DEBUG net.serenitybdd.core.photography.DarkroomProcessingLine - Processing screenshot image in /var/screenshots/screenshot-13153255697756791148
02:10:17.431 [Darkroom Processing Line] DEBUG net.serenitybdd.core.photography.DarkroomProcessingLine - Saving screenshot to target\site\serenity\5ef20c51d6e532c602a8c35f076bf2e0ee855de343f69b4e1b0414fb303977ed.png
02:10:17.433 [Forwarding getPageSource on session f7d3debb0c7b09da164cac132cb93e91 to remote] DEBUG org.asynchttpclient.netty.request.NettyRequestSender - Using pooled Channel '[id: 0x8fcd51f4, L:/127.0.0.1:61066 - R:localhost/127.0.0.1:15815]' for 'POST' to 'http://localhost:15815/session/f7d3debb0c7b09da164cac132cb93e91/execute/sync'
02:10:17.433 [Forwarding getPageSource on session f7d3debb0c7b09da164cac132cb93e91 to remote] DEBUG org.asynchttpclient.netty.request.NettyRequestSender - Using open Channel [id: 0x8fcd51f4, L:/127.0.0.1:61066 - R:localhost/127.0.0.1:15815] for POST '/session/f7d3debb0c7b09da164cac132cb93e91/execute/sync'
02:10:17.446 [AsyncHttpClient-1-14] DEBUG org.asynchttpclient.netty.handler.HttpHandler - 

Request DefaultHttpRequest(decodeResult: success, version: HTTP/1.1)
POST /session/f7d3debb0c7b09da164cac132cb93e91/execute/sync HTTP/1.1
User-Agent: selenium/4.8.1 (java windows)
Content-Length: 176
Content-Type: application/json; charset=utf-8
host: localhost:15815
accept: */*

Response DefaultHttpResponse(decodeResult: success, version: HTTP/1.1)
HTTP/1.1 200 OK
Content-Length: 3457
Content-Type: application/json; charset=utf-8
cache-control: no-cache

02:10:17.446 [AsyncHttpClient-1-14] DEBUG org.asynchttpclient.netty.channel.ChannelManager - Adding key: http://localhost:15815 for channel [id: 0x8fcd51f4, L:/127.0.0.1:61066 - R:localhost/127.0.0.1:15815]
02:10:17.449 [Forwarding getCurrentUrl on session f7d3debb0c7b09da164cac132cb93e91 to remote] DEBUG org.asynchttpclient.netty.request.NettyRequestSender - Using pooled Channel '[id: 0x8fcd51f4, L:/127.0.0.1:61066 - R:localhost/127.0.0.1:15815]' for 'GET' to 'http://localhost:15815/session/f7d3debb0c7b09da164cac132cb93e91/url'
02:10:17.450 [Forwarding getCurrentUrl on session f7d3debb0c7b09da164cac132cb93e91 to remote] DEBUG org.asynchttpclient.netty.request.NettyRequestSender - Using open Channel [id: 0x8fcd51f4, L:/127.0.0.1:61066 - R:localhost/127.0.0.1:15815] for GET '/session/f7d3debb0c7b09da164cac132cb93e91/url'
02:10:17.461 [AsyncHttpClient-1-14] DEBUG org.asynchttpclient.netty.handler.HttpHandler - 

Request DefaultFullHttpRequest(decodeResult: success, version: HTTP/1.1, content: EmptyByteBufBE)
GET /session/f7d3debb0c7b09da164cac132cb93e91/url HTTP/1.1
User-Agent: selenium/4.8.1 (java windows)
Cache-Control: no-cache
Content-Type: application/json; charset=utf-8
host: localhost:15815
accept: */*

Response DefaultHttpResponse(decodeResult: success, version: HTTP/1.1)
HTTP/1.1 200 OK
Content-Length: 56
Content-Type: application/json; charset=utf-8
cache-control: no-cache

02:10:17.461 [AsyncHttpClient-1-14] DEBUG org.asynchttpclient.netty.channel.ChannelManager - Adding key: http://localhost:15815 for channel [id: 0x8fcd51f4, L:/127.0.0.1:61066 - R:localhost/127.0.0.1:15815]
02:10:17.464 [main] DEBUG net.thucydides.core.steps.StepInterceptor - STARTING STEP: LoginSteps.seeErrorMessageRequired - validateErrorMessageEmptyUsernamePwd
02:10:17.468 [Forwarding findElement on session f7d3debb0c7b09da164cac132cb93e91 to remote] DEBUG org.asynchttpclient.netty.request.NettyRequestSender - Using pooled Channel '[id: 0x8fcd51f4, L:/127.0.0.1:61066 - R:localhost/127.0.0.1:15815]' for 'POST' to 'http://localhost:15815/session/f7d3debb0c7b09da164cac132cb93e91/element'
02:10:17.468 [Forwarding findElement on session f7d3debb0c7b09da164cac132cb93e91 to remote] DEBUG org.asynchttpclient.netty.request.NettyRequestSender - Using open Channel [id: 0x8fcd51f4, L:/127.0.0.1:61066 - R:localhost/127.0.0.1:15815] for POST '/session/f7d3debb0c7b09da164cac132cb93e91/element'
02:10:17.499 [AsyncHttpClient-1-14] DEBUG org.asynchttpclient.netty.handler.HttpHandler - 

Request DefaultHttpRequest(decodeResult: success, version: HTTP/1.1)
POST /session/f7d3debb0c7b09da164cac132cb93e91/element HTTP/1.1
User-Agent: selenium/4.8.1 (java windows)
Content-Length: 98
Content-Type: application/json; charset=utf-8
host: localhost:15815
accept: */*

Response DefaultHttpResponse(decodeResult: success, version: HTTP/1.1)
HTTP/1.1 200 OK
Content-Length: 95
Content-Type: application/json; charset=utf-8
cache-control: no-cache

02:10:17.499 [AsyncHttpClient-1-14] DEBUG org.asynchttpclient.netty.channel.ChannelManager - Adding key: http://localhost:15815 for channel [id: 0x8fcd51f4, L:/127.0.0.1:61066 - R:localhost/127.0.0.1:15815]
02:10:17.505 [Forwarding isElementDisplayed on session f7d3debb0c7b09da164cac132cb93e91 to remote] DEBUG org.asynchttpclient.netty.request.NettyRequestSender - Using pooled Channel '[id: 0x8fcd51f4, L:/127.0.0.1:61066 - R:localhost/127.0.0.1:15815]' for 'POST' to 'http://localhost:15815/session/f7d3debb0c7b09da164cac132cb93e91/execute/sync'
02:10:17.505 [Forwarding isElementDisplayed on session f7d3debb0c7b09da164cac132cb93e91 to remote] DEBUG org.asynchttpclient.netty.request.NettyRequestSender - Using open Channel [id: 0x8fcd51f4, L:/127.0.0.1:61066 - R:localhost/127.0.0.1:15815] for POST '/session/f7d3debb0c7b09da164cac132cb93e91/execute/sync'
02:10:17.536 [AsyncHttpClient-1-14] DEBUG org.asynchttpclient.netty.handler.HttpHandler - 

Request DefaultHttpRequest(decodeResult: success, version: HTTP/1.1)
POST /session/f7d3debb0c7b09da164cac132cb93e91/execute/sync HTTP/1.1
User-Agent: selenium/4.8.1 (java windows)
Content-Length: 48814
Content-Type: application/json; charset=utf-8
host: localhost:15815
accept: */*

Response DefaultHttpResponse(decodeResult: success, version: HTTP/1.1)
HTTP/1.1 200 OK
Content-Length: 14
Content-Type: application/json; charset=utf-8
cache-control: no-cache

02:10:17.536 [AsyncHttpClient-1-14] DEBUG org.asynchttpclient.netty.channel.ChannelManager - Adding key: http://localhost:15815 for channel [id: 0x8fcd51f4, L:/127.0.0.1:61066 - R:localhost/127.0.0.1:15815]
02:10:17.548 [Forwarding getAlertText on session f7d3debb0c7b09da164cac132cb93e91 to remote] DEBUG org.asynchttpclient.netty.request.NettyRequestSender - Using pooled Channel '[id: 0x8fcd51f4, L:/127.0.0.1:61066 - R:localhost/127.0.0.1:15815]' for 'GET' to 'http://localhost:15815/session/f7d3debb0c7b09da164cac132cb93e91/alert/text'
02:10:17.548 [Forwarding getAlertText on session f7d3debb0c7b09da164cac132cb93e91 to remote] DEBUG org.asynchttpclient.netty.request.NettyRequestSender - Using open Channel [id: 0x8fcd51f4, L:/127.0.0.1:61066 - R:localhost/127.0.0.1:15815] for GET '/session/f7d3debb0c7b09da164cac132cb93e91/alert/text'
02:10:17.551 [AsyncHttpClient-1-14] DEBUG org.asynchttpclient.netty.handler.HttpHandler - 

Request DefaultFullHttpRequest(decodeResult: success, version: HTTP/1.1, content: EmptyByteBufBE)
GET /session/f7d3debb0c7b09da164cac132cb93e91/alert/text HTTP/1.1
User-Agent: selenium/4.8.1 (java windows)
Cache-Control: no-cache
Content-Type: application/json; charset=utf-8
host: localhost:15815
accept: */*

Response DefaultHttpResponse(decodeResult: success, version: HTTP/1.1)
HTTP/1.1 404 Not Found
Content-Length: 828
Content-Type: application/json; charset=utf-8
cache-control: no-cache

02:10:17.551 [AsyncHttpClient-1-14] DEBUG org.asynchttpclient.netty.channel.ChannelManager - Adding key: http://localhost:15815 for channel [id: 0x8fcd51f4, L:/127.0.0.1:61066 - R:localhost/127.0.0.1:15815]
02:10:17.553 [Forwarding getCurrentUrl on session f7d3debb0c7b09da164cac132cb93e91 to remote] DEBUG org.asynchttpclient.netty.request.NettyRequestSender - Using pooled Channel '[id: 0x8fcd51f4, L:/127.0.0.1:61066 - R:localhost/127.0.0.1:15815]' for 'GET' to 'http://localhost:15815/session/f7d3debb0c7b09da164cac132cb93e91/url'
02:10:17.553 [Forwarding getCurrentUrl on session f7d3debb0c7b09da164cac132cb93e91 to remote] DEBUG org.asynchttpclient.netty.request.NettyRequestSender - Using open Channel [id: 0x8fcd51f4, L:/127.0.0.1:61066 - R:localhost/127.0.0.1:15815] for GET '/session/f7d3debb0c7b09da164cac132cb93e91/url'
02:10:17.563 [AsyncHttpClient-1-14] DEBUG org.asynchttpclient.netty.handler.HttpHandler - 

Request DefaultFullHttpRequest(decodeResult: success, version: HTTP/1.1, content: EmptyByteBufBE)
GET /session/f7d3debb0c7b09da164cac132cb93e91/url HTTP/1.1
User-Agent: selenium/4.8.1 (java windows)
Cache-Control: no-cache
Content-Type: application/json; charset=utf-8
host: localhost:15815
accept: */*

Response DefaultHttpResponse(decodeResult: success, version: HTTP/1.1)
HTTP/1.1 200 OK
Content-Length: 56
Content-Type: application/json; charset=utf-8
cache-control: no-cache

02:10:17.563 [AsyncHttpClient-1-14] DEBUG org.asynchttpclient.netty.channel.ChannelManager - Adding key: http://localhost:15815 for channel [id: 0x8fcd51f4, L:/127.0.0.1:61066 - R:localhost/127.0.0.1:15815]
02:10:17.564 [Forwarding screenshot on session f7d3debb0c7b09da164cac132cb93e91 to remote] DEBUG org.asynchttpclient.netty.request.NettyRequestSender - Using pooled Channel '[id: 0x8fcd51f4, L:/127.0.0.1:61066 - R:localhost/127.0.0.1:15815]' for 'GET' to 'http://localhost:15815/session/f7d3debb0c7b09da164cac132cb93e91/screenshot'
02:10:17.565 [Forwarding screenshot on session f7d3debb0c7b09da164cac132cb93e91 to remote] DEBUG org.asynchttpclient.netty.request.NettyRequestSender - Using open Channel [id: 0x8fcd51f4, L:/127.0.0.1:61066 - R:localhost/127.0.0.1:15815] for GET '/session/f7d3debb0c7b09da164cac132cb93e91/screenshot'
02:10:17.732 [AsyncHttpClient-1-1] DEBUG org.asynchttpclient.netty.channel.DefaultChannelPool - Entry count for : http://localhost:61068 : 1
02:10:17.852 [AsyncHttpClient-1-14] DEBUG org.asynchttpclient.netty.handler.HttpHandler - 

Request DefaultFullHttpRequest(decodeResult: success, version: HTTP/1.1, content: EmptyByteBufBE)
GET /session/f7d3debb0c7b09da164cac132cb93e91/screenshot HTTP/1.1
User-Agent: selenium/4.8.1 (java windows)
Cache-Control: no-cache
Content-Type: application/json; charset=utf-8
host: localhost:15815
accept: */*

Response DefaultHttpResponse(decodeResult: success, version: HTTP/1.1)
HTTP/1.1 200 OK
Content-Length: 124212
Content-Type: application/json; charset=utf-8
cache-control: no-cache

02:10:17.853 [AsyncHttpClient-1-14] DEBUG org.asynchttpclient.netty.channel.ChannelManager - Adding key: http://localhost:15815 for channel [id: 0x8fcd51f4, L:/127.0.0.1:61066 - R:localhost/127.0.0.1:15815]
02:10:17.858 [main] DEBUG net.serenitybdd.core.photography.Darkroom - Send negative for processing for target\site\serenity\183cccb899b3c56aee92b191323d03409600f17ce49cfd64c5440f8a49b1ff3d.png
02:10:17.858 [main] DEBUG net.thucydides.core.steps.StepInterceptor - STEP DONE: validateErrorMessageEmptyUsernamePwd
02:10:17.859 [Darkroom Processing Line] DEBUG net.serenitybdd.core.photography.DarkroomProcessingLine - Processing screenshot image in /var/screenshots/screenshot-10355261085101883294
02:10:17.859 [Darkroom Processing Line] DEBUG net.serenitybdd.core.photography.DarkroomProcessingLine - Saving screenshot to target\site\serenity\183cccb899b3c56aee92b191323d03409600f17ce49cfd64c5440f8a49b1ff3d.png
02:10:17.872 [Forwarding getPageSource on session f7d3debb0c7b09da164cac132cb93e91 to remote] DEBUG org.asynchttpclient.netty.request.NettyRequestSender - Using pooled Channel '[id: 0x8fcd51f4, L:/127.0.0.1:61066 - R:localhost/127.0.0.1:15815]' for 'POST' to 'http://localhost:15815/session/f7d3debb0c7b09da164cac132cb93e91/execute/sync'
02:10:17.873 [Forwarding getPageSource on session f7d3debb0c7b09da164cac132cb93e91 to remote] DEBUG org.asynchttpclient.netty.request.NettyRequestSender - Using open Channel [id: 0x8fcd51f4, L:/127.0.0.1:61066 - R:localhost/127.0.0.1:15815] for POST '/session/f7d3debb0c7b09da164cac132cb93e91/execute/sync'
02:10:17.884 [AsyncHttpClient-1-14] DEBUG org.asynchttpclient.netty.handler.HttpHandler - 

Request DefaultHttpRequest(decodeResult: success, version: HTTP/1.1)
POST /session/f7d3debb0c7b09da164cac132cb93e91/execute/sync HTTP/1.1
User-Agent: selenium/4.8.1 (java windows)
Content-Length: 176
Content-Type: application/json; charset=utf-8
host: localhost:15815
accept: */*

Response DefaultHttpResponse(decodeResult: success, version: HTTP/1.1)
HTTP/1.1 200 OK
Content-Length: 3457
Content-Type: application/json; charset=utf-8
cache-control: no-cache

02:10:17.884 [AsyncHttpClient-1-14] DEBUG org.asynchttpclient.netty.channel.ChannelManager - Adding key: http://localhost:15815 for channel [id: 0x8fcd51f4, L:/127.0.0.1:61066 - R:localhost/127.0.0.1:15815]
02:10:17.886 [Forwarding getCurrentUrl on session f7d3debb0c7b09da164cac132cb93e91 to remote] DEBUG org.asynchttpclient.netty.request.NettyRequestSender - Using pooled Channel '[id: 0x8fcd51f4, L:/127.0.0.1:61066 - R:localhost/127.0.0.1:15815]' for 'GET' to 'http://localhost:15815/session/f7d3debb0c7b09da164cac132cb93e91/url'
02:10:17.886 [Forwarding getCurrentUrl on session f7d3debb0c7b09da164cac132cb93e91 to remote] DEBUG org.asynchttpclient.netty.request.NettyRequestSender - Using open Channel [id: 0x8fcd51f4, L:/127.0.0.1:61066 - R:localhost/127.0.0.1:15815] for GET '/session/f7d3debb0c7b09da164cac132cb93e91/url'
02:10:17.896 [AsyncHttpClient-1-14] DEBUG org.asynchttpclient.netty.handler.HttpHandler - 

Request DefaultFullHttpRequest(decodeResult: success, version: HTTP/1.1, content: EmptyByteBufBE)
GET /session/f7d3debb0c7b09da164cac132cb93e91/url HTTP/1.1
User-Agent: selenium/4.8.1 (java windows)
Cache-Control: no-cache
Content-Type: application/json; charset=utf-8
host: localhost:15815
accept: */*

Response DefaultHttpResponse(decodeResult: success, version: HTTP/1.1)
HTTP/1.1 200 OK
Content-Length: 56
Content-Type: application/json; charset=utf-8
cache-control: no-cache

02:10:17.896 [AsyncHttpClient-1-14] DEBUG org.asynchttpclient.netty.channel.ChannelManager - Adding key: http://localhost:15815 for channel [id: 0x8fcd51f4, L:/127.0.0.1:61066 - R:localhost/127.0.0.1:15815]
02:10:17.899 [main] DEBUG net.thucydides.core.steps.StepInterceptor - STARTING STEP: LoginSteps.seeErrorMessageRequired - iValidateEqualMessageErrorEmptyUsernamePwd
02:10:17.903 [Forwarding findElement on session f7d3debb0c7b09da164cac132cb93e91 to remote] DEBUG org.asynchttpclient.netty.request.NettyRequestSender - Using pooled Channel '[id: 0x8fcd51f4, L:/127.0.0.1:61066 - R:localhost/127.0.0.1:15815]' for 'POST' to 'http://localhost:15815/session/f7d3debb0c7b09da164cac132cb93e91/element'
02:10:17.903 [Forwarding findElement on session f7d3debb0c7b09da164cac132cb93e91 to remote] DEBUG org.asynchttpclient.netty.request.NettyRequestSender - Using open Channel [id: 0x8fcd51f4, L:/127.0.0.1:61066 - R:localhost/127.0.0.1:15815] for POST '/session/f7d3debb0c7b09da164cac132cb93e91/element'
02:10:17.919 [AsyncHttpClient-1-14] DEBUG org.asynchttpclient.netty.handler.HttpHandler - 

Request DefaultHttpRequest(decodeResult: success, version: HTTP/1.1)
POST /session/f7d3debb0c7b09da164cac132cb93e91/element HTTP/1.1
User-Agent: selenium/4.8.1 (java windows)
Content-Length: 98
Content-Type: application/json; charset=utf-8
host: localhost:15815
accept: */*

Response DefaultHttpResponse(decodeResult: success, version: HTTP/1.1)
HTTP/1.1 200 OK
Content-Length: 95
Content-Type: application/json; charset=utf-8
cache-control: no-cache

02:10:17.920 [AsyncHttpClient-1-14] DEBUG org.asynchttpclient.netty.channel.ChannelManager - Adding key: http://localhost:15815 for channel [id: 0x8fcd51f4, L:/127.0.0.1:61066 - R:localhost/127.0.0.1:15815]
02:10:17.921 [Forwarding getElementText on session f7d3debb0c7b09da164cac132cb93e91 to remote] DEBUG org.asynchttpclient.netty.request.NettyRequestSender - Using pooled Channel '[id: 0x8fcd51f4, L:/127.0.0.1:61066 - R:localhost/127.0.0.1:15815]' for 'GET' to 'http://localhost:15815/session/f7d3debb0c7b09da164cac132cb93e91/element/2B86DC74614C4962546A6414F1DCB9D7_element_22/text'
02:10:17.921 [Forwarding getElementText on session f7d3debb0c7b09da164cac132cb93e91 to remote] DEBUG org.asynchttpclient.netty.request.NettyRequestSender - Using open Channel [id: 0x8fcd51f4, L:/127.0.0.1:61066 - R:localhost/127.0.0.1:15815] for GET '/session/f7d3debb0c7b09da164cac132cb93e91/element/2B86DC74614C4962546A6414F1DCB9D7_element_22/text'
02:10:17.955 [AsyncHttpClient-1-14] DEBUG org.asynchttpclient.netty.handler.HttpHandler - 

Request DefaultFullHttpRequest(decodeResult: success, version: HTTP/1.1, content: EmptyByteBufBE)
GET /session/f7d3debb0c7b09da164cac132cb93e91/element/2B86DC74614C4962546A6414F1DCB9D7_element_22/text HTTP/1.1
User-Agent: selenium/4.8.1 (java windows)
Cache-Control: no-cache
Content-Type: application/json; charset=utf-8
host: localhost:15815
accept: */*

Response DefaultHttpResponse(decodeResult: success, version: HTTP/1.1)
HTTP/1.1 200 OK
Content-Length: 12
Content-Type: application/json; charset=utf-8
cache-control: no-cache

02:10:17.955 [AsyncHttpClient-1-14] DEBUG org.asynchttpclient.netty.channel.ChannelManager - Adding key: http://localhost:15815 for channel [id: 0x8fcd51f4, L:/127.0.0.1:61066 - R:localhost/127.0.0.1:15815]
02:10:17.964 [Forwarding getAlertText on session f7d3debb0c7b09da164cac132cb93e91 to remote] DEBUG org.asynchttpclient.netty.request.NettyRequestSender - Using pooled Channel '[id: 0x8fcd51f4, L:/127.0.0.1:61066 - R:localhost/127.0.0.1:15815]' for 'GET' to 'http://localhost:15815/session/f7d3debb0c7b09da164cac132cb93e91/alert/text'
02:10:17.964 [Forwarding getAlertText on session f7d3debb0c7b09da164cac132cb93e91 to remote] DEBUG org.asynchttpclient.netty.request.NettyRequestSender - Using open Channel [id: 0x8fcd51f4, L:/127.0.0.1:61066 - R:localhost/127.0.0.1:15815] for GET '/session/f7d3debb0c7b09da164cac132cb93e91/alert/text'
02:10:17.966 [AsyncHttpClient-1-14] DEBUG org.asynchttpclient.netty.handler.HttpHandler - 

Request DefaultFullHttpRequest(decodeResult: success, version: HTTP/1.1, content: EmptyByteBufBE)
GET /session/f7d3debb0c7b09da164cac132cb93e91/alert/text HTTP/1.1
User-Agent: selenium/4.8.1 (java windows)
Cache-Control: no-cache
Content-Type: application/json; charset=utf-8
host: localhost:15815
accept: */*

Response DefaultHttpResponse(decodeResult: success, version: HTTP/1.1)
HTTP/1.1 404 Not Found
Content-Length: 828
Content-Type: application/json; charset=utf-8
cache-control: no-cache

02:10:17.967 [AsyncHttpClient-1-14] DEBUG org.asynchttpclient.netty.channel.ChannelManager - Adding key: http://localhost:15815 for channel [id: 0x8fcd51f4, L:/127.0.0.1:61066 - R:localhost/127.0.0.1:15815]
02:10:17.969 [Forwarding getCurrentUrl on session f7d3debb0c7b09da164cac132cb93e91 to remote] DEBUG org.asynchttpclient.netty.request.NettyRequestSender - Using pooled Channel '[id: 0x8fcd51f4, L:/127.0.0.1:61066 - R:localhost/127.0.0.1:15815]' for 'GET' to 'http://localhost:15815/session/f7d3debb0c7b09da164cac132cb93e91/url'
02:10:17.969 [Forwarding getCurrentUrl on session f7d3debb0c7b09da164cac132cb93e91 to remote] DEBUG org.asynchttpclient.netty.request.NettyRequestSender - Using open Channel [id: 0x8fcd51f4, L:/127.0.0.1:61066 - R:localhost/127.0.0.1:15815] for GET '/session/f7d3debb0c7b09da164cac132cb93e91/url'
02:10:17.977 [AsyncHttpClient-1-14] DEBUG org.asynchttpclient.netty.handler.HttpHandler - 

Request DefaultFullHttpRequest(decodeResult: success, version: HTTP/1.1, content: EmptyByteBufBE)
GET /session/f7d3debb0c7b09da164cac132cb93e91/url HTTP/1.1
User-Agent: selenium/4.8.1 (java windows)
Cache-Control: no-cache
Content-Type: application/json; charset=utf-8
host: localhost:15815
accept: */*

Response DefaultHttpResponse(decodeResult: success, version: HTTP/1.1)
HTTP/1.1 200 OK
Content-Length: 56
Content-Type: application/json; charset=utf-8
cache-control: no-cache

02:10:17.977 [AsyncHttpClient-1-14] DEBUG org.asynchttpclient.netty.channel.ChannelManager - Adding key: http://localhost:15815 for channel [id: 0x8fcd51f4, L:/127.0.0.1:61066 - R:localhost/127.0.0.1:15815]
02:10:17.979 [Forwarding screenshot on session f7d3debb0c7b09da164cac132cb93e91 to remote] DEBUG org.asynchttpclient.netty.request.NettyRequestSender - Using pooled Channel '[id: 0x8fcd51f4, L:/127.0.0.1:61066 - R:localhost/127.0.0.1:15815]' for 'GET' to 'http://localhost:15815/session/f7d3debb0c7b09da164cac132cb93e91/screenshot'
02:10:17.979 [Forwarding screenshot on session f7d3debb0c7b09da164cac132cb93e91 to remote] DEBUG org.asynchttpclient.netty.request.NettyRequestSender - Using open Channel [id: 0x8fcd51f4, L:/127.0.0.1:61066 - R:localhost/127.0.0.1:15815] for GET '/session/f7d3debb0c7b09da164cac132cb93e91/screenshot'
02:10:18.252 [AsyncHttpClient-1-14] DEBUG org.asynchttpclient.netty.handler.HttpHandler - 

Request DefaultFullHttpRequest(decodeResult: success, version: HTTP/1.1, content: EmptyByteBufBE)
GET /session/f7d3debb0c7b09da164cac132cb93e91/screenshot HTTP/1.1
User-Agent: selenium/4.8.1 (java windows)
Cache-Control: no-cache
Content-Type: application/json; charset=utf-8
host: localhost:15815
accept: */*

Response DefaultHttpResponse(decodeResult: success, version: HTTP/1.1)
HTTP/1.1 200 OK
Content-Length: 124228
Content-Type: application/json; charset=utf-8
cache-control: no-cache

02:10:18.253 [AsyncHttpClient-1-14] DEBUG org.asynchttpclient.netty.channel.ChannelManager - Adding key: http://localhost:15815 for channel [id: 0x8fcd51f4, L:/127.0.0.1:61066 - R:localhost/127.0.0.1:15815]
02:10:18.258 [main] DEBUG net.serenitybdd.core.photography.Darkroom - Send negative for processing for target\site\serenity\5ef20c51d6e532c602a8c35f076bf2e0ee855de343f69b4e1b0414fb303977ed.png
02:10:18.258 [main] DEBUG net.thucydides.core.steps.StepInterceptor - STEP DONE: iValidateEqualMessageErrorEmptyUsernamePwd
  &amp#27;[32mThen &amp#27;[0m&amp#27;[32mI see error message required &amp#27;[0m&amp#27;[32m&amp#27;[1m"The username field is required"&amp#27;[0m &amp#27;[90m# starter.stepdefinitions.LoginSteps.seeErrorMessageRequired(java.lang.String)&amp#27;[0m
02:10:18.269 [main] INFO  - 
  _____   ___   ___   _____     ___     _     ___   ___   ___   ___  
 |_   _| | __| / __| |_   _|   | _ \   /_\   / __| / __| | __| |   \ 
   | |   | _|  \__ \   | |     |  _/  / _ \  \__ \ \__ \ | _|  | |) |
   |_|   |___| |___/   |_|     |_|   /_/ \_\ |___/ |___/ |___| |___/ 

As a admin i failed login with empty password
----------------------------------------------------------------------
02:10:18.271 [AsyncHttpClient-1-16] DEBUG org.asynchttpclient.netty.handler.WebSocketHandler - Channel Closed: [id: 0x5db0d2de, L:/127.0.0.1:61074 ! R:localhost/127.0.0.1:61068] with attribute NettyResponseFuture{currentRetry=0,
	isDone=1,
	isCancelled=0,
	asyncHandler=org.asynchttpclient.ws.WebSocketUpgradeHandler@730bccb1,
	nettyRequest=org.asynchttpclient.netty.request.NettyRequest@36094cb4,
	future=java.util.concurrent.CompletableFuture@52a0281b[Completed normally],
	uri=ws://localhost:61068/devtools/browser/6b9a2fa6-76fa-41b0-87df-32ee69bb662a,
	keepAlive=true,
	redirectCount=0,
	timeoutsHolder=null,
	inAuth=0,
	touch=1687201811139}
02:10:18.271 [AsyncHttpClient-1-16] DEBUG org.asynchttpclient.netty.channel.ChannelManager - Closing Channel [id: 0x5db0d2de, L:/127.0.0.1:61074 ! R:localhost/127.0.0.1:61068] 
02:10:18.272 [Driver Command Executor] DEBUG org.asynchttpclient.netty.request.NettyRequestSender - Using pooled Channel '[id: 0x8fcd51f4, L:/127.0.0.1:61066 - R:localhost/127.0.0.1:15815]' for 'DELETE' to 'http://localhost:15815/session/f7d3debb0c7b09da164cac132cb93e91'
02:10:18.272 [Driver Command Executor] DEBUG org.asynchttpclient.netty.request.NettyRequestSender - Using open Channel [id: 0x8fcd51f4, L:/127.0.0.1:61066 - R:localhost/127.0.0.1:15815] for DELETE '/session/f7d3debb0c7b09da164cac132cb93e91'
02:10:18.451 [AsyncHttpClient-1-15] DEBUG org.asynchttpclient.netty.handler.HttpHandler - Unexpected I/O exception on channel [id: 0x905b12e4, L:/127.0.0.1:61073 - R:localhost/127.0.0.1:61068]
java.io.IOException: An existing connection was forcibly closed by the remote host
	at java.base/sun.nio.ch.SocketDispatcher.read0(Native Method)
	at java.base/sun.nio.ch.SocketDispatcher.read(SocketDispatcher.java:43)
	at java.base/sun.nio.ch.IOUtil.readIntoNativeBuffer(IOUtil.java:276)
	at java.base/sun.nio.ch.IOUtil.read(IOUtil.java:233)
	at java.base/sun.nio.ch.IOUtil.read(IOUtil.java:223)
	at java.base/sun.nio.ch.SocketChannelImpl.read(SocketChannelImpl.java:356)
	at io.netty.buffer.PooledByteBuf.setBytes(PooledByteBuf.java:259)
	at io.netty.buffer.AbstractByteBuf.writeBytes(AbstractByteBuf.java:1132)
	at io.netty.channel.socket.nio.NioSocketChannel.doReadBytes(NioSocketChannel.java:357)
	at io.netty.channel.nio.AbstractNioByteChannel$NioByteUnsafe.read(AbstractNioByteChannel.java:151)
	at io.netty.channel.nio.NioEventLoop.processSelectedKey(NioEventLoop.java:788)
	at io.netty.channel.nio.NioEventLoop.processSelectedKeysOptimized(NioEventLoop.java:724)
	at io.netty.channel.nio.NioEventLoop.processSelectedKeys(NioEventLoop.java:650)
	at io.netty.channel.nio.NioEventLoop.run(NioEventLoop.java:562)
	at io.netty.util.concurrent.SingleThreadEventExecutor$4.run(SingleThreadEventExecutor.java:997)
	at io.netty.util.internal.ThreadExecutorMap$2.run(ThreadExecutorMap.java:74)
	at io.netty.util.concurrent.FastThreadLocalRunnable.run(FastThreadLocalRunnable.java:30)
	at java.base/java.lang.Thread.run(Thread.java:829)
02:10:18.451 [AsyncHttpClient-1-15] DEBUG org.asynchttpclient.netty.channel.ChannelManager - Closing Channel [id: 0x905b12e4, L:/127.0.0.1:61073 - R:localhost/127.0.0.1:61068] 
02:10:18.452 [AsyncHttpClient-1-15] DEBUG org.asynchttpclient.netty.handler.HttpHandler - Channel Closed: [id: 0x905b12e4, L:/127.0.0.1:61073 ! R:localhost/127.0.0.1:61068] with attribute DISCARD
02:10:18.514 [AsyncHttpClient-1-14] DEBUG org.asynchttpclient.netty.handler.HttpHandler - 

Request DefaultFullHttpRequest(decodeResult: success, version: HTTP/1.1, content: EmptyByteBufBE)
DELETE /session/f7d3debb0c7b09da164cac132cb93e91 HTTP/1.1
User-Agent: selenium/4.8.1 (java windows)
Content-Type: application/json; charset=utf-8
host: localhost:15815
accept: */*

Response DefaultHttpResponse(decodeResult: success, version: HTTP/1.1)
HTTP/1.1 200 OK
Content-Length: 14
Content-Type: application/json; charset=utf-8
cache-control: no-cache

02:10:18.515 [AsyncHttpClient-1-14] DEBUG org.asynchttpclient.netty.channel.ChannelManager - Adding key: http://localhost:15815 for channel [id: 0x8fcd51f4, L:/127.0.0.1:61066 - R:localhost/127.0.0.1:15815]
02:10:18.707 [AsyncHttpClient-1-14] DEBUG org.asynchttpclient.netty.handler.HttpHandler - Channel Closed: [id: 0x8fcd51f4, L:/127.0.0.1:61066 ! R:localhost/127.0.0.1:15815] with attribute DISCARD
02:10:18.832 [AsyncHttpClient-1-1] DEBUG org.asynchttpclient.netty.channel.DefaultChannelPool - Entry count for : http://localhost:61068 : 1
02:10:18.833 [AsyncHttpClient-1-1] DEBUG org.asynchttpclient.netty.channel.DefaultChannelPool - Entry count for : http://localhost:15815 : 1
02:10:18.833 [AsyncHttpClient-1-1] DEBUG org.asynchttpclient.netty.channel.DefaultChannelPool - Adding Candidate expired Channel [id: 0x905b12e4, L:/127.0.0.1:61073 ! R:localhost/127.0.0.1:61068] isIdleTimeoutExpired=false isRemotelyClosed=true isTtlExpired=false
02:10:18.833 [AsyncHttpClient-1-1] DEBUG org.asynchttpclient.netty.channel.DefaultChannelPool - Closing Idle Channel [id: 0x905b12e4, L:/127.0.0.1:61073 ! R:localhost/127.0.0.1:61068]
02:10:18.833 [AsyncHttpClient-1-1] DEBUG org.asynchttpclient.netty.channel.DefaultChannelPool - Adding Candidate expired Channel [id: 0x8fcd51f4, L:/127.0.0.1:61066 ! R:localhost/127.0.0.1:15815] isIdleTimeoutExpired=false isRemotelyClosed=true isTtlExpired=false
02:10:18.833 [AsyncHttpClient-1-1] DEBUG org.asynchttpclient.netty.channel.DefaultChannelPool - Closing Idle Channel [id: 0x8fcd51f4, L:/127.0.0.1:61066 ! R:localhost/127.0.0.1:15815]
02:10:18.833 [AsyncHttpClient-1-1] DEBUG org.asynchttpclient.netty.channel.DefaultChannelPool - Closed 2 connections out of 2 in 0 ms
]]></system-out>
    <system-err><![CDATA[Starting ChromeDriver 114.0.5735.90 (386bc09e8f4f2e025eddae123f36f6263096ae49-refs/branch-heads/5735@{#1052}) on port 15815
Only local connections are allowed.
Please see https://chromedriver.chromium.org/security-considerations for suggestions on keeping ChromeDriver safe.
ChromeDriver was started successfully.
Jun 20, 2023 2:10:11 AM org.openqa.selenium.devtools.CdpVersionFinder findNearestMatch
WARNING: Unable to find an exact match for CDP version 114, so returning the closest version found: 110
]]></system-err>
  </testcase>
  <testcase name="As a admin i failed login with empty username and password" classname="login" time="10.848">
    <system-out><![CDATA[
@login @FailedLoginEmptyUserAndPassword
Scenario: As a admin i failed login with empty username and password &amp#27;[90m# src/test/resources/features/Login.feature:47&amp#27;[0m
02:10:19.242 [main] DEBUG io.cucumber.core.plugin.SerenityReporter - Running feature from file:///D:/CapstoneWeb/src/test/resources/features/Login.feature
02:10:19.254 [main] INFO  - 
  _____   ___   ___   _____     ___   _____     _     ___   _____   ___   ___  
 |_   _| | __| / __| |_   _|   / __| |_   _|   /_\   | _ \ |_   _| | __| |   \ 
   | |   | _|  \__ \   | |     \__ \   | |    / _ \  |   /   | |   | _|  | |) |
   |_|   |___| |___/   |_|     |___/   |_|   /_/ \_\ |_|_\   |_|   |___| |___/ 

As a admin i failed login with empty username and password(login;as-a-admin-i-failed-login-with-empty-username-and-password)
--------------------------------------------------------------------------------
02:10:19.438 [main] INFO net.serenitybdd.core.webdriver.driverproviders.ChromeDriverProvider - Starting Chrome driver instance with capabilities:
02:10:19.439 [main] INFO net.serenitybdd.core.webdriver.driverproviders.ChromeDriverProvider - Capabilities {acceptInsecureCerts: true, browserName: chrome, goog:chromeOptions: {args: [remote-allow-origins=*, test-type, no-sandbox, ignore-certificate-errors, start-maximized, incognito, disable-infobars, disable-gpu, disable-default-apps, disable-popup-blocking, remote-allow-origins=*, test-type, no-sandbox, ignore-certificate-errors, start-maximized, incognito, disable-infobars, disable-gpu, disable-default-apps, disable-popup-blocking, remote-allow-origins=*], extensions: []}}
02:10:20.092 [AsyncHttpClient-1-17] DEBUG org.asynchttpclient.netty.channel.NettyConnectListener - Using new Channel '[id: 0xad7bb623, L:/127.0.0.1:61091 - R:localhost/127.0.0.1:16832]' for 'POST' to '/session'
02:10:21.545 [AsyncHttpClient-1-17] DEBUG org.asynchttpclient.netty.handler.HttpHandler - 

Request DefaultHttpRequest(decodeResult: success, version: HTTP/1.1)
POST /session HTTP/1.1
User-Agent: selenium/4.8.1 (java windows)
Content-Length: 1701
Content-Type: application/json; charset=utf-8
host: localhost:16832
accept: */*

Response DefaultHttpResponse(decodeResult: success, version: HTTP/1.1)
HTTP/1.1 200 OK
Content-Length: 844
Content-Type: application/json; charset=utf-8
cache-control: no-cache

02:10:21.546 [AsyncHttpClient-1-17] DEBUG org.asynchttpclient.netty.channel.ChannelManager - Adding key: http://localhost:16832 for channel [id: 0xad7bb623, L:/127.0.0.1:61091 - R:localhost/127.0.0.1:16832]
02:10:21.565 [AsyncHttpClient-1-2] DEBUG org.asynchttpclient.netty.channel.NettyConnectListener - Using new Channel '[id: 0x92e35556, L:/127.0.0.1:61098 - R:localhost/127.0.0.1:61092]' for 'GET' to '/json/version'
02:10:21.566 [AsyncHttpClient-1-2] DEBUG org.asynchttpclient.netty.handler.HttpHandler - 

Request DefaultFullHttpRequest(decodeResult: success, version: HTTP/1.1, content: EmptyByteBufBE)
GET /json/version HTTP/1.1
User-Agent: selenium/4.8.1 (java windows)
host: localhost:61092
accept: */*

Response DefaultHttpResponse(decodeResult: success, version: HTTP/1.1)
HTTP/1.1 200 OK
Content-Security-Policy: frame-ancestors 'none'
Content-Length: 424
Content-Type: application/json; charset=UTF-8

02:10:21.566 [AsyncHttpClient-1-2] DEBUG org.asynchttpclient.netty.channel.ChannelManager - Adding key: http://localhost:61092 for channel [id: 0x92e35556, L:/127.0.0.1:61098 - R:localhost/127.0.0.1:61092]
02:10:21.572 [AsyncHttpClient-1-3] DEBUG org.asynchttpclient.netty.channel.NettyConnectListener - Using new Channel '[id: 0x82ff5379, L:/127.0.0.1:61099 - R:localhost/127.0.0.1:61092]' for 'GET' to '/devtools/browser/97048878-43e1-4374-947b-cfa77a9390cd'
02:10:21.576 [AsyncHttpClient-1-3] DEBUG org.asynchttpclient.netty.handler.WebSocketHandler - 

Request DefaultFullHttpRequest(decodeResult: success, version: HTTP/1.1, content: EmptyByteBufBE)
GET /devtools/browser/97048878-43e1-4374-947b-cfa77a9390cd HTTP/1.1
upgrade: websocket
connection: upgrade
sec-websocket-key: 4/p8PzAg4lzinEDZs1Y7sQ==
sec-websocket-version: 13
origin: http://localhost:61092
host: localhost:61092
accept: */*
user-agent: AHC/2.1

Response DefaultHttpResponse(decodeResult: success, version: HTTP/1.1)
HTTP/1.1 101 WebSocket Protocol Handshake
Upgrade: WebSocket
Connection: Upgrade
Sec-WebSocket-Accept: XBKHtHTi9/w9jABd74ZtyXskkTw=

02:10:21.589 [Forwarding get on session 6816b6d2985d862c15cb61c11ce575c2 to remote] DEBUG org.asynchttpclient.netty.request.NettyRequestSender - Using pooled Channel '[id: 0xad7bb623, L:/127.0.0.1:61091 - R:localhost/127.0.0.1:16832]' for 'POST' to 'http://localhost:16832/session/6816b6d2985d862c15cb61c11ce575c2/url'
02:10:21.589 [Forwarding get on session 6816b6d2985d862c15cb61c11ce575c2 to remote] DEBUG org.asynchttpclient.netty.request.NettyRequestSender - Using open Channel [id: 0xad7bb623, L:/127.0.0.1:61091 - R:localhost/127.0.0.1:16832] for POST '/session/6816b6d2985d862c15cb61c11ce575c2/url'
02:10:22.128 [AsyncHttpClient-1-1] DEBUG org.asynchttpclient.netty.channel.DefaultChannelPool - Entry count for : http://localhost:61092 : 1
02:10:23.236 [AsyncHttpClient-1-1] DEBUG org.asynchttpclient.netty.channel.DefaultChannelPool - Entry count for : http://localhost:61092 : 1
02:10:23.498 [AsyncHttpClient-1-17] DEBUG org.asynchttpclient.netty.handler.HttpHandler - 

Request DefaultHttpRequest(decodeResult: success, version: HTTP/1.1)
POST /session/6816b6d2985d862c15cb61c11ce575c2/url HTTP/1.1
User-Agent: selenium/4.8.1 (java windows)
Content-Length: 69
Content-Type: application/json; charset=utf-8
host: localhost:16832
accept: */*

Response DefaultHttpResponse(decodeResult: success, version: HTTP/1.1)
HTTP/1.1 200 OK
Content-Length: 14
Content-Type: application/json; charset=utf-8
cache-control: no-cache

02:10:23.498 [AsyncHttpClient-1-17] DEBUG org.asynchttpclient.netty.channel.ChannelManager - Adding key: http://localhost:16832 for channel [id: 0xad7bb623, L:/127.0.0.1:61091 - R:localhost/127.0.0.1:16832]
02:10:23.502 [Forwarding setTimeout on session 6816b6d2985d862c15cb61c11ce575c2 to remote] DEBUG org.asynchttpclient.netty.request.NettyRequestSender - Using pooled Channel '[id: 0xad7bb623, L:/127.0.0.1:61091 - R:localhost/127.0.0.1:16832]' for 'POST' to 'http://localhost:16832/session/6816b6d2985d862c15cb61c11ce575c2/timeouts'
02:10:23.502 [Forwarding setTimeout on session 6816b6d2985d862c15cb61c11ce575c2 to remote] DEBUG org.asynchttpclient.netty.request.NettyRequestSender - Using open Channel [id: 0xad7bb623, L:/127.0.0.1:61091 - R:localhost/127.0.0.1:16832] for POST '/session/6816b6d2985d862c15cb61c11ce575c2/timeouts'
02:10:23.509 [AsyncHttpClient-1-17] DEBUG org.asynchttpclient.netty.handler.HttpHandler - 

Request DefaultHttpRequest(decodeResult: success, version: HTTP/1.1)
POST /session/6816b6d2985d862c15cb61c11ce575c2/timeouts HTTP/1.1
User-Agent: selenium/4.8.1 (java windows)
Content-Length: 22
Content-Type: application/json; charset=utf-8
host: localhost:16832
accept: */*

Response DefaultHttpResponse(decodeResult: success, version: HTTP/1.1)
HTTP/1.1 200 OK
Content-Length: 14
Content-Type: application/json; charset=utf-8
cache-control: no-cache

02:10:23.509 [AsyncHttpClient-1-17] DEBUG org.asynchttpclient.netty.channel.ChannelManager - Adding key: http://localhost:16832 for channel [id: 0xad7bb623, L:/127.0.0.1:61091 - R:localhost/127.0.0.1:16832]
  &amp#27;[32mGiven &amp#27;[0m&amp#27;[32mI am on the landing page&amp#27;[0m                                     &amp#27;[90m# starter.stepdefinitions.LoginSteps.onTheLandingPage()&amp#27;[0m
02:10:23.526 [Forwarding getAlertText on session 6816b6d2985d862c15cb61c11ce575c2 to remote] DEBUG org.asynchttpclient.netty.request.NettyRequestSender - Using pooled Channel '[id: 0xad7bb623, L:/127.0.0.1:61091 - R:localhost/127.0.0.1:16832]' for 'GET' to 'http://localhost:16832/session/6816b6d2985d862c15cb61c11ce575c2/alert/text'
02:10:23.526 [Forwarding getAlertText on session 6816b6d2985d862c15cb61c11ce575c2 to remote] DEBUG org.asynchttpclient.netty.request.NettyRequestSender - Using open Channel [id: 0xad7bb623, L:/127.0.0.1:61091 - R:localhost/127.0.0.1:16832] for GET '/session/6816b6d2985d862c15cb61c11ce575c2/alert/text'
02:10:23.531 [AsyncHttpClient-1-17] DEBUG org.asynchttpclient.netty.handler.HttpHandler - 

Request DefaultFullHttpRequest(decodeResult: success, version: HTTP/1.1, content: EmptyByteBufBE)
GET /session/6816b6d2985d862c15cb61c11ce575c2/alert/text HTTP/1.1
User-Agent: selenium/4.8.1 (java windows)
Cache-Control: no-cache
Content-Type: application/json; charset=utf-8
host: localhost:16832
accept: */*

Response DefaultHttpResponse(decodeResult: success, version: HTTP/1.1)
HTTP/1.1 404 Not Found
Content-Length: 828
Content-Type: application/json; charset=utf-8
cache-control: no-cache

02:10:23.532 [AsyncHttpClient-1-17] DEBUG org.asynchttpclient.netty.channel.ChannelManager - Adding key: http://localhost:16832 for channel [id: 0xad7bb623, L:/127.0.0.1:61091 - R:localhost/127.0.0.1:16832]
02:10:23.535 [Forwarding getCurrentUrl on session 6816b6d2985d862c15cb61c11ce575c2 to remote] DEBUG org.asynchttpclient.netty.request.NettyRequestSender - Using pooled Channel '[id: 0xad7bb623, L:/127.0.0.1:61091 - R:localhost/127.0.0.1:16832]' for 'GET' to 'http://localhost:16832/session/6816b6d2985d862c15cb61c11ce575c2/url'
02:10:23.535 [Forwarding getCurrentUrl on session 6816b6d2985d862c15cb61c11ce575c2 to remote] DEBUG org.asynchttpclient.netty.request.NettyRequestSender - Using open Channel [id: 0xad7bb623, L:/127.0.0.1:61091 - R:localhost/127.0.0.1:16832] for GET '/session/6816b6d2985d862c15cb61c11ce575c2/url'
02:10:23.578 [AsyncHttpClient-1-17] DEBUG org.asynchttpclient.netty.handler.HttpHandler - 

Request DefaultFullHttpRequest(decodeResult: success, version: HTTP/1.1, content: EmptyByteBufBE)
GET /session/6816b6d2985d862c15cb61c11ce575c2/url HTTP/1.1
User-Agent: selenium/4.8.1 (java windows)
Cache-Control: no-cache
Content-Type: application/json; charset=utf-8
host: localhost:16832
accept: */*

Response DefaultHttpResponse(decodeResult: success, version: HTTP/1.1)
HTTP/1.1 200 OK
Content-Length: 51
Content-Type: application/json; charset=utf-8
cache-control: no-cache

02:10:23.578 [AsyncHttpClient-1-17] DEBUG org.asynchttpclient.netty.channel.ChannelManager - Adding key: http://localhost:16832 for channel [id: 0xad7bb623, L:/127.0.0.1:61091 - R:localhost/127.0.0.1:16832]
02:10:23.580 [Forwarding screenshot on session 6816b6d2985d862c15cb61c11ce575c2 to remote] DEBUG org.asynchttpclient.netty.request.NettyRequestSender - Using pooled Channel '[id: 0xad7bb623, L:/127.0.0.1:61091 - R:localhost/127.0.0.1:16832]' for 'GET' to 'http://localhost:16832/session/6816b6d2985d862c15cb61c11ce575c2/screenshot'
02:10:23.580 [Forwarding screenshot on session 6816b6d2985d862c15cb61c11ce575c2 to remote] DEBUG org.asynchttpclient.netty.request.NettyRequestSender - Using open Channel [id: 0xad7bb623, L:/127.0.0.1:61091 - R:localhost/127.0.0.1:16832] for GET '/session/6816b6d2985d862c15cb61c11ce575c2/screenshot'
02:10:23.894 [AsyncHttpClient-1-17] DEBUG org.asynchttpclient.netty.handler.HttpHandler - 

Request DefaultFullHttpRequest(decodeResult: success, version: HTTP/1.1, content: EmptyByteBufBE)
GET /session/6816b6d2985d862c15cb61c11ce575c2/screenshot HTTP/1.1
User-Agent: selenium/4.8.1 (java windows)
Cache-Control: no-cache
Content-Type: application/json; charset=utf-8
host: localhost:16832
accept: */*

Response DefaultHttpResponse(decodeResult: success, version: HTTP/1.1)
HTTP/1.1 200 OK
Content-Length: 137344
Content-Type: application/json; charset=utf-8
cache-control: no-cache

02:10:23.895 [AsyncHttpClient-1-17] DEBUG org.asynchttpclient.netty.channel.ChannelManager - Adding key: http://localhost:16832 for channel [id: 0xad7bb623, L:/127.0.0.1:61091 - R:localhost/127.0.0.1:16832]
02:10:23.900 [main] DEBUG net.serenitybdd.core.photography.Darkroom - Send negative for processing for target\site\serenity\e7ff25b33213f3237b5b3f92db7de7b9b9b9ac01a4eb807c3801e3f6037b44eb.png
02:10:23.909 [Forwarding getPageSource on session 6816b6d2985d862c15cb61c11ce575c2 to remote] DEBUG org.asynchttpclient.netty.request.NettyRequestSender - Using pooled Channel '[id: 0xad7bb623, L:/127.0.0.1:61091 - R:localhost/127.0.0.1:16832]' for 'POST' to 'http://localhost:16832/session/6816b6d2985d862c15cb61c11ce575c2/execute/sync'
02:10:23.909 [Forwarding getPageSource on session 6816b6d2985d862c15cb61c11ce575c2 to remote] DEBUG org.asynchttpclient.netty.request.NettyRequestSender - Using open Channel [id: 0xad7bb623, L:/127.0.0.1:61091 - R:localhost/127.0.0.1:16832] for POST '/session/6816b6d2985d862c15cb61c11ce575c2/execute/sync'
02:10:23.921 [AsyncHttpClient-1-17] DEBUG org.asynchttpclient.netty.handler.HttpHandler - 

Request DefaultHttpRequest(decodeResult: success, version: HTTP/1.1)
POST /session/6816b6d2985d862c15cb61c11ce575c2/execute/sync HTTP/1.1
User-Agent: selenium/4.8.1 (java windows)
Content-Length: 176
Content-Type: application/json; charset=utf-8
host: localhost:16832
accept: */*

Response DefaultHttpResponse(decodeResult: success, version: HTTP/1.1)
HTTP/1.1 200 OK
Content-Length: 2008
Content-Type: application/json; charset=utf-8
cache-control: no-cache

02:10:23.921 [AsyncHttpClient-1-17] DEBUG org.asynchttpclient.netty.channel.ChannelManager - Adding key: http://localhost:16832 for channel [id: 0xad7bb623, L:/127.0.0.1:61091 - R:localhost/127.0.0.1:16832]
02:10:23.923 [Forwarding getCurrentUrl on session 6816b6d2985d862c15cb61c11ce575c2 to remote] DEBUG org.asynchttpclient.netty.request.NettyRequestSender - Using pooled Channel '[id: 0xad7bb623, L:/127.0.0.1:61091 - R:localhost/127.0.0.1:16832]' for 'GET' to 'http://localhost:16832/session/6816b6d2985d862c15cb61c11ce575c2/url'
02:10:23.923 [Forwarding getCurrentUrl on session 6816b6d2985d862c15cb61c11ce575c2 to remote] DEBUG org.asynchttpclient.netty.request.NettyRequestSender - Using open Channel [id: 0xad7bb623, L:/127.0.0.1:61091 - R:localhost/127.0.0.1:16832] for GET '/session/6816b6d2985d862c15cb61c11ce575c2/url'
02:10:23.931 [AsyncHttpClient-1-17] DEBUG org.asynchttpclient.netty.handler.HttpHandler - 

Request DefaultFullHttpRequest(decodeResult: success, version: HTTP/1.1, content: EmptyByteBufBE)
GET /session/6816b6d2985d862c15cb61c11ce575c2/url HTTP/1.1
User-Agent: selenium/4.8.1 (java windows)
Cache-Control: no-cache
Content-Type: application/json; charset=utf-8
host: localhost:16832
accept: */*

Response DefaultHttpResponse(decodeResult: success, version: HTTP/1.1)
HTTP/1.1 200 OK
Content-Length: 51
Content-Type: application/json; charset=utf-8
cache-control: no-cache

02:10:23.931 [AsyncHttpClient-1-17] DEBUG org.asynchttpclient.netty.channel.ChannelManager - Adding key: http://localhost:16832 for channel [id: 0xad7bb623, L:/127.0.0.1:61091 - R:localhost/127.0.0.1:16832]
02:10:23.948 [Forwarding getPageSource on session 6816b6d2985d862c15cb61c11ce575c2 to remote] DEBUG org.asynchttpclient.netty.request.NettyRequestSender - Using pooled Channel '[id: 0xad7bb623, L:/127.0.0.1:61091 - R:localhost/127.0.0.1:16832]' for 'POST' to 'http://localhost:16832/session/6816b6d2985d862c15cb61c11ce575c2/execute/sync'
02:10:23.948 [Forwarding getPageSource on session 6816b6d2985d862c15cb61c11ce575c2 to remote] DEBUG org.asynchttpclient.netty.request.NettyRequestSender - Using open Channel [id: 0xad7bb623, L:/127.0.0.1:61091 - R:localhost/127.0.0.1:16832] for POST '/session/6816b6d2985d862c15cb61c11ce575c2/execute/sync'
02:10:23.958 [AsyncHttpClient-1-17] DEBUG org.asynchttpclient.netty.handler.HttpHandler - 

Request DefaultHttpRequest(decodeResult: success, version: HTTP/1.1)
POST /session/6816b6d2985d862c15cb61c11ce575c2/execute/sync HTTP/1.1
User-Agent: selenium/4.8.1 (java windows)
Content-Length: 176
Content-Type: application/json; charset=utf-8
host: localhost:16832
accept: */*

Response DefaultHttpResponse(decodeResult: success, version: HTTP/1.1)
HTTP/1.1 200 OK
Content-Length: 2008
Content-Type: application/json; charset=utf-8
cache-control: no-cache

02:10:23.958 [AsyncHttpClient-1-17] DEBUG org.asynchttpclient.netty.channel.ChannelManager - Adding key: http://localhost:16832 for channel [id: 0xad7bb623, L:/127.0.0.1:61091 - R:localhost/127.0.0.1:16832]
02:10:23.961 [Forwarding getCurrentUrl on session 6816b6d2985d862c15cb61c11ce575c2 to remote] DEBUG org.asynchttpclient.netty.request.NettyRequestSender - Using pooled Channel '[id: 0xad7bb623, L:/127.0.0.1:61091 - R:localhost/127.0.0.1:16832]' for 'GET' to 'http://localhost:16832/session/6816b6d2985d862c15cb61c11ce575c2/url'
02:10:23.961 [Forwarding getCurrentUrl on session 6816b6d2985d862c15cb61c11ce575c2 to remote] DEBUG org.asynchttpclient.netty.request.NettyRequestSender - Using open Channel [id: 0xad7bb623, L:/127.0.0.1:61091 - R:localhost/127.0.0.1:16832] for GET '/session/6816b6d2985d862c15cb61c11ce575c2/url'
02:10:23.971 [AsyncHttpClient-1-17] DEBUG org.asynchttpclient.netty.handler.HttpHandler - 

Request DefaultFullHttpRequest(decodeResult: success, version: HTTP/1.1, content: EmptyByteBufBE)
GET /session/6816b6d2985d862c15cb61c11ce575c2/url HTTP/1.1
User-Agent: selenium/4.8.1 (java windows)
Cache-Control: no-cache
Content-Type: application/json; charset=utf-8
host: localhost:16832
accept: */*

Response DefaultHttpResponse(decodeResult: success, version: HTTP/1.1)
HTTP/1.1 200 OK
Content-Length: 51
Content-Type: application/json; charset=utf-8
cache-control: no-cache

02:10:23.972 [AsyncHttpClient-1-17] DEBUG org.asynchttpclient.netty.channel.ChannelManager - Adding key: http://localhost:16832 for channel [id: 0xad7bb623, L:/127.0.0.1:61091 - R:localhost/127.0.0.1:16832]
02:10:23.975 [main] DEBUG net.thucydides.core.steps.StepInterceptor - STARTING STEP: LoginSteps.clickGetIntoTheDashboardButton - clickIntoTheDashboard
02:10:23.979 [Forwarding findElement on session 6816b6d2985d862c15cb61c11ce575c2 to remote] DEBUG org.asynchttpclient.netty.request.NettyRequestSender - Using pooled Channel '[id: 0xad7bb623, L:/127.0.0.1:61091 - R:localhost/127.0.0.1:16832]' for 'POST' to 'http://localhost:16832/session/6816b6d2985d862c15cb61c11ce575c2/element'
02:10:23.980 [Forwarding findElement on session 6816b6d2985d862c15cb61c11ce575c2 to remote] DEBUG org.asynchttpclient.netty.request.NettyRequestSender - Using open Channel [id: 0xad7bb623, L:/127.0.0.1:61091 - R:localhost/127.0.0.1:16832] for POST '/session/6816b6d2985d862c15cb61c11ce575c2/element'
02:10:24.010 [AsyncHttpClient-1-17] DEBUG org.asynchttpclient.netty.handler.HttpHandler - 

Request DefaultHttpRequest(decodeResult: success, version: HTTP/1.1)
POST /session/6816b6d2985d862c15cb61c11ce575c2/element HTTP/1.1
User-Agent: selenium/4.8.1 (java windows)
Content-Length: 266
Content-Type: application/json; charset=utf-8
host: localhost:16832
accept: */*

Response DefaultHttpResponse(decodeResult: success, version: HTTP/1.1)
HTTP/1.1 200 OK
Content-Length: 94
Content-Type: application/json; charset=utf-8
cache-control: no-cache

02:10:24.010 [AsyncHttpClient-1-17] DEBUG org.asynchttpclient.netty.channel.ChannelManager - Adding key: http://localhost:16832 for channel [id: 0xad7bb623, L:/127.0.0.1:61091 - R:localhost/127.0.0.1:16832]
02:10:24.012 [Forwarding getElementTagName on session 6816b6d2985d862c15cb61c11ce575c2 to remote] DEBUG org.asynchttpclient.netty.request.NettyRequestSender - Using pooled Channel '[id: 0xad7bb623, L:/127.0.0.1:61091 - R:localhost/127.0.0.1:16832]' for 'GET' to 'http://localhost:16832/session/6816b6d2985d862c15cb61c11ce575c2/element/8788F73B89A57EE5A026B629429121D0_element_6/name'
02:10:24.012 [Forwarding getElementTagName on session 6816b6d2985d862c15cb61c11ce575c2 to remote] DEBUG org.asynchttpclient.netty.request.NettyRequestSender - Using open Channel [id: 0xad7bb623, L:/127.0.0.1:61091 - R:localhost/127.0.0.1:16832] for GET '/session/6816b6d2985d862c15cb61c11ce575c2/element/8788F73B89A57EE5A026B629429121D0_element_6/name'
02:10:24.024 [AsyncHttpClient-1-17] DEBUG org.asynchttpclient.netty.handler.HttpHandler - 

Request DefaultFullHttpRequest(decodeResult: success, version: HTTP/1.1, content: EmptyByteBufBE)
GET /session/6816b6d2985d862c15cb61c11ce575c2/element/8788F73B89A57EE5A026B629429121D0_element_6/name HTTP/1.1
User-Agent: selenium/4.8.1 (java windows)
Cache-Control: no-cache
Content-Type: application/json; charset=utf-8
host: localhost:16832
accept: */*

Response DefaultHttpResponse(decodeResult: success, version: HTTP/1.1)
HTTP/1.1 200 OK
Content-Length: 18
Content-Type: application/json; charset=utf-8
cache-control: no-cache

02:10:24.024 [AsyncHttpClient-1-17] DEBUG org.asynchttpclient.netty.channel.ChannelManager - Adding key: http://localhost:16832 for channel [id: 0xad7bb623, L:/127.0.0.1:61091 - R:localhost/127.0.0.1:16832]
02:10:24.026 [Forwarding getElementTagName on session 6816b6d2985d862c15cb61c11ce575c2 to remote] DEBUG org.asynchttpclient.netty.request.NettyRequestSender - Using pooled Channel '[id: 0xad7bb623, L:/127.0.0.1:61091 - R:localhost/127.0.0.1:16832]' for 'GET' to 'http://localhost:16832/session/6816b6d2985d862c15cb61c11ce575c2/element/8788F73B89A57EE5A026B629429121D0_element_6/name'
02:10:24.026 [Forwarding getElementTagName on session 6816b6d2985d862c15cb61c11ce575c2 to remote] DEBUG org.asynchttpclient.netty.request.NettyRequestSender - Using open Channel [id: 0xad7bb623, L:/127.0.0.1:61091 - R:localhost/127.0.0.1:16832] for GET '/session/6816b6d2985d862c15cb61c11ce575c2/element/8788F73B89A57EE5A026B629429121D0_element_6/name'
02:10:24.035 [AsyncHttpClient-1-17] DEBUG org.asynchttpclient.netty.handler.HttpHandler - 

Request DefaultFullHttpRequest(decodeResult: success, version: HTTP/1.1, content: EmptyByteBufBE)
GET /session/6816b6d2985d862c15cb61c11ce575c2/element/8788F73B89A57EE5A026B629429121D0_element_6/name HTTP/1.1
User-Agent: selenium/4.8.1 (java windows)
Cache-Control: no-cache
Content-Type: application/json; charset=utf-8
host: localhost:16832
accept: */*

Response DefaultHttpResponse(decodeResult: success, version: HTTP/1.1)
HTTP/1.1 200 OK
Content-Length: 18
Content-Type: application/json; charset=utf-8
cache-control: no-cache

02:10:24.035 [AsyncHttpClient-1-17] DEBUG org.asynchttpclient.netty.channel.ChannelManager - Adding key: http://localhost:16832 for channel [id: 0xad7bb623, L:/127.0.0.1:61091 - R:localhost/127.0.0.1:16832]
02:10:24.040 [Forwarding isElementEnabled on session 6816b6d2985d862c15cb61c11ce575c2 to remote] DEBUG org.asynchttpclient.netty.request.NettyRequestSender - Using pooled Channel '[id: 0xad7bb623, L:/127.0.0.1:61091 - R:localhost/127.0.0.1:16832]' for 'GET' to 'http://localhost:16832/session/6816b6d2985d862c15cb61c11ce575c2/element/8788F73B89A57EE5A026B629429121D0_element_6/enabled'
02:10:24.040 [Forwarding isElementEnabled on session 6816b6d2985d862c15cb61c11ce575c2 to remote] DEBUG org.asynchttpclient.netty.request.NettyRequestSender - Using open Channel [id: 0xad7bb623, L:/127.0.0.1:61091 - R:localhost/127.0.0.1:16832] for GET '/session/6816b6d2985d862c15cb61c11ce575c2/element/8788F73B89A57EE5A026B629429121D0_element_6/enabled'
02:10:24.062 [AsyncHttpClient-1-17] DEBUG org.asynchttpclient.netty.handler.HttpHandler - 

Request DefaultFullHttpRequest(decodeResult: success, version: HTTP/1.1, content: EmptyByteBufBE)
GET /session/6816b6d2985d862c15cb61c11ce575c2/element/8788F73B89A57EE5A026B629429121D0_element_6/enabled HTTP/1.1
User-Agent: selenium/4.8.1 (java windows)
Cache-Control: no-cache
Content-Type: application/json; charset=utf-8
host: localhost:16832
accept: */*

Response DefaultHttpResponse(decodeResult: success, version: HTTP/1.1)
HTTP/1.1 200 OK
Content-Length: 14
Content-Type: application/json; charset=utf-8
cache-control: no-cache

02:10:24.062 [AsyncHttpClient-1-17] DEBUG org.asynchttpclient.netty.channel.ChannelManager - Adding key: http://localhost:16832 for channel [id: 0xad7bb623, L:/127.0.0.1:61091 - R:localhost/127.0.0.1:16832]
02:10:24.064 [Forwarding isElementEnabled on session 6816b6d2985d862c15cb61c11ce575c2 to remote] DEBUG org.asynchttpclient.netty.request.NettyRequestSender - Using pooled Channel '[id: 0xad7bb623, L:/127.0.0.1:61091 - R:localhost/127.0.0.1:16832]' for 'GET' to 'http://localhost:16832/session/6816b6d2985d862c15cb61c11ce575c2/element/8788F73B89A57EE5A026B629429121D0_element_6/enabled'
02:10:24.064 [Forwarding isElementEnabled on session 6816b6d2985d862c15cb61c11ce575c2 to remote] DEBUG org.asynchttpclient.netty.request.NettyRequestSender - Using open Channel [id: 0xad7bb623, L:/127.0.0.1:61091 - R:localhost/127.0.0.1:16832] for GET '/session/6816b6d2985d862c15cb61c11ce575c2/element/8788F73B89A57EE5A026B629429121D0_element_6/enabled'
02:10:24.077 [AsyncHttpClient-1-17] DEBUG org.asynchttpclient.netty.handler.HttpHandler - 

Request DefaultFullHttpRequest(decodeResult: success, version: HTTP/1.1, content: EmptyByteBufBE)
GET /session/6816b6d2985d862c15cb61c11ce575c2/element/8788F73B89A57EE5A026B629429121D0_element_6/enabled HTTP/1.1
User-Agent: selenium/4.8.1 (java windows)
Cache-Control: no-cache
Content-Type: application/json; charset=utf-8
host: localhost:16832
accept: */*

Response DefaultHttpResponse(decodeResult: success, version: HTTP/1.1)
HTTP/1.1 200 OK
Content-Length: 14
Content-Type: application/json; charset=utf-8
cache-control: no-cache

02:10:24.077 [AsyncHttpClient-1-17] DEBUG org.asynchttpclient.netty.channel.ChannelManager - Adding key: http://localhost:16832 for channel [id: 0xad7bb623, L:/127.0.0.1:61091 - R:localhost/127.0.0.1:16832]
02:10:24.080 [Forwarding findElement on session 6816b6d2985d862c15cb61c11ce575c2 to remote] DEBUG org.asynchttpclient.netty.request.NettyRequestSender - Using pooled Channel '[id: 0xad7bb623, L:/127.0.0.1:61091 - R:localhost/127.0.0.1:16832]' for 'POST' to 'http://localhost:16832/session/6816b6d2985d862c15cb61c11ce575c2/element'
02:10:24.080 [Forwarding findElement on session 6816b6d2985d862c15cb61c11ce575c2 to remote] DEBUG org.asynchttpclient.netty.request.NettyRequestSender - Using open Channel [id: 0xad7bb623, L:/127.0.0.1:61091 - R:localhost/127.0.0.1:16832] for POST '/session/6816b6d2985d862c15cb61c11ce575c2/element'
02:10:24.097 [AsyncHttpClient-1-17] DEBUG org.asynchttpclient.netty.handler.HttpHandler - 

Request DefaultHttpRequest(decodeResult: success, version: HTTP/1.1)
POST /session/6816b6d2985d862c15cb61c11ce575c2/element HTTP/1.1
User-Agent: selenium/4.8.1 (java windows)
Content-Length: 266
Content-Type: application/json; charset=utf-8
host: localhost:16832
accept: */*

Response DefaultHttpResponse(decodeResult: success, version: HTTP/1.1)
HTTP/1.1 200 OK
Content-Length: 94
Content-Type: application/json; charset=utf-8
cache-control: no-cache

02:10:24.097 [AsyncHttpClient-1-17] DEBUG org.asynchttpclient.netty.channel.ChannelManager - Adding key: http://localhost:16832 for channel [id: 0xad7bb623, L:/127.0.0.1:61091 - R:localhost/127.0.0.1:16832]
02:10:24.099 [Forwarding clickElement on session 6816b6d2985d862c15cb61c11ce575c2 to remote] DEBUG org.asynchttpclient.netty.request.NettyRequestSender - Using pooled Channel '[id: 0xad7bb623, L:/127.0.0.1:61091 - R:localhost/127.0.0.1:16832]' for 'POST' to 'http://localhost:16832/session/6816b6d2985d862c15cb61c11ce575c2/element/8788F73B89A57EE5A026B629429121D0_element_6/click'
02:10:24.099 [Forwarding clickElement on session 6816b6d2985d862c15cb61c11ce575c2 to remote] DEBUG org.asynchttpclient.netty.request.NettyRequestSender - Using open Channel [id: 0xad7bb623, L:/127.0.0.1:61091 - R:localhost/127.0.0.1:16832] for POST '/session/6816b6d2985d862c15cb61c11ce575c2/element/8788F73B89A57EE5A026B629429121D0_element_6/click'
02:10:24.237 [AsyncHttpClient-1-17] DEBUG org.asynchttpclient.netty.handler.HttpHandler - 

Request DefaultHttpRequest(decodeResult: success, version: HTTP/1.1)
POST /session/6816b6d2985d862c15cb61c11ce575c2/element/8788F73B89A57EE5A026B629429121D0_element_6/click HTTP/1.1
User-Agent: selenium/4.8.1 (java windows)
Content-Length: 56
Content-Type: application/json; charset=utf-8
host: localhost:16832
accept: */*

Response DefaultHttpResponse(decodeResult: success, version: HTTP/1.1)
HTTP/1.1 200 OK
Content-Length: 14
Content-Type: application/json; charset=utf-8
cache-control: no-cache

02:10:24.237 [AsyncHttpClient-1-17] DEBUG org.asynchttpclient.netty.channel.ChannelManager - Adding key: http://localhost:16832 for channel [id: 0xad7bb623, L:/127.0.0.1:61091 - R:localhost/127.0.0.1:16832]
02:10:24.249 [Forwarding getAlertText on session 6816b6d2985d862c15cb61c11ce575c2 to remote] DEBUG org.asynchttpclient.netty.request.NettyRequestSender - Using pooled Channel '[id: 0xad7bb623, L:/127.0.0.1:61091 - R:localhost/127.0.0.1:16832]' for 'GET' to 'http://localhost:16832/session/6816b6d2985d862c15cb61c11ce575c2/alert/text'
02:10:24.249 [Forwarding getAlertText on session 6816b6d2985d862c15cb61c11ce575c2 to remote] DEBUG org.asynchttpclient.netty.request.NettyRequestSender - Using open Channel [id: 0xad7bb623, L:/127.0.0.1:61091 - R:localhost/127.0.0.1:16832] for GET '/session/6816b6d2985d862c15cb61c11ce575c2/alert/text'
02:10:24.253 [AsyncHttpClient-1-17] DEBUG org.asynchttpclient.netty.handler.HttpHandler - 

Request DefaultFullHttpRequest(decodeResult: success, version: HTTP/1.1, content: EmptyByteBufBE)
GET /session/6816b6d2985d862c15cb61c11ce575c2/alert/text HTTP/1.1
User-Agent: selenium/4.8.1 (java windows)
Cache-Control: no-cache
Content-Type: application/json; charset=utf-8
host: localhost:16832
accept: */*

Response DefaultHttpResponse(decodeResult: success, version: HTTP/1.1)
HTTP/1.1 404 Not Found
Content-Length: 828
Content-Type: application/json; charset=utf-8
cache-control: no-cache

02:10:24.253 [AsyncHttpClient-1-17] DEBUG org.asynchttpclient.netty.channel.ChannelManager - Adding key: http://localhost:16832 for channel [id: 0xad7bb623, L:/127.0.0.1:61091 - R:localhost/127.0.0.1:16832]
02:10:24.255 [Forwarding getCurrentUrl on session 6816b6d2985d862c15cb61c11ce575c2 to remote] DEBUG org.asynchttpclient.netty.request.NettyRequestSender - Using pooled Channel '[id: 0xad7bb623, L:/127.0.0.1:61091 - R:localhost/127.0.0.1:16832]' for 'GET' to 'http://localhost:16832/session/6816b6d2985d862c15cb61c11ce575c2/url'
02:10:24.255 [Forwarding getCurrentUrl on session 6816b6d2985d862c15cb61c11ce575c2 to remote] DEBUG org.asynchttpclient.netty.request.NettyRequestSender - Using open Channel [id: 0xad7bb623, L:/127.0.0.1:61091 - R:localhost/127.0.0.1:16832] for GET '/session/6816b6d2985d862c15cb61c11ce575c2/url'
02:10:24.263 [AsyncHttpClient-1-17] DEBUG org.asynchttpclient.netty.handler.HttpHandler - 

Request DefaultFullHttpRequest(decodeResult: success, version: HTTP/1.1, content: EmptyByteBufBE)
GET /session/6816b6d2985d862c15cb61c11ce575c2/url HTTP/1.1
User-Agent: selenium/4.8.1 (java windows)
Cache-Control: no-cache
Content-Type: application/json; charset=utf-8
host: localhost:16832
accept: */*

Response DefaultHttpResponse(decodeResult: success, version: HTTP/1.1)
HTTP/1.1 200 OK
Content-Length: 56
Content-Type: application/json; charset=utf-8
cache-control: no-cache

02:10:24.264 [AsyncHttpClient-1-17] DEBUG org.asynchttpclient.netty.channel.ChannelManager - Adding key: http://localhost:16832 for channel [id: 0xad7bb623, L:/127.0.0.1:61091 - R:localhost/127.0.0.1:16832]
02:10:24.265 [Forwarding screenshot on session 6816b6d2985d862c15cb61c11ce575c2 to remote] DEBUG org.asynchttpclient.netty.request.NettyRequestSender - Using pooled Channel '[id: 0xad7bb623, L:/127.0.0.1:61091 - R:localhost/127.0.0.1:16832]' for 'GET' to 'http://localhost:16832/session/6816b6d2985d862c15cb61c11ce575c2/screenshot'
02:10:24.265 [Forwarding screenshot on session 6816b6d2985d862c15cb61c11ce575c2 to remote] DEBUG org.asynchttpclient.netty.request.NettyRequestSender - Using open Channel [id: 0xad7bb623, L:/127.0.0.1:61091 - R:localhost/127.0.0.1:16832] for GET '/session/6816b6d2985d862c15cb61c11ce575c2/screenshot'
02:10:24.328 [AsyncHttpClient-1-1] DEBUG org.asynchttpclient.netty.channel.DefaultChannelPool - Entry count for : http://localhost:61092 : 1
02:10:24.563 [AsyncHttpClient-1-17] DEBUG org.asynchttpclient.netty.handler.HttpHandler - 

Request DefaultFullHttpRequest(decodeResult: success, version: HTTP/1.1, content: EmptyByteBufBE)
GET /session/6816b6d2985d862c15cb61c11ce575c2/screenshot HTTP/1.1
User-Agent: selenium/4.8.1 (java windows)
Cache-Control: no-cache
Content-Type: application/json; charset=utf-8
host: localhost:16832
accept: */*

Response DefaultHttpResponse(decodeResult: success, version: HTTP/1.1)
HTTP/1.1 200 OK
Content-Length: 115920
Content-Type: application/json; charset=utf-8
cache-control: no-cache

02:10:24.563 [AsyncHttpClient-1-17] DEBUG org.asynchttpclient.netty.channel.ChannelManager - Adding key: http://localhost:16832 for channel [id: 0xad7bb623, L:/127.0.0.1:61091 - R:localhost/127.0.0.1:16832]
02:10:24.568 [main] DEBUG net.serenitybdd.core.photography.Darkroom - Send negative for processing for target\site\serenity\17b761db86950adf452c33ac0c5826e70494a35b1202adb5e49aa124d82ed99d.png
02:10:24.570 [Forwarding getPageSource on session 6816b6d2985d862c15cb61c11ce575c2 to remote] DEBUG org.asynchttpclient.netty.request.NettyRequestSender - Using pooled Channel '[id: 0xad7bb623, L:/127.0.0.1:61091 - R:localhost/127.0.0.1:16832]' for 'POST' to 'http://localhost:16832/session/6816b6d2985d862c15cb61c11ce575c2/execute/sync'
02:10:24.570 [Forwarding getPageSource on session 6816b6d2985d862c15cb61c11ce575c2 to remote] DEBUG org.asynchttpclient.netty.request.NettyRequestSender - Using open Channel [id: 0xad7bb623, L:/127.0.0.1:61091 - R:localhost/127.0.0.1:16832] for POST '/session/6816b6d2985d862c15cb61c11ce575c2/execute/sync'
02:10:24.581 [AsyncHttpClient-1-17] DEBUG org.asynchttpclient.netty.handler.HttpHandler - 

Request DefaultHttpRequest(decodeResult: success, version: HTTP/1.1)
POST /session/6816b6d2985d862c15cb61c11ce575c2/execute/sync HTTP/1.1
User-Agent: selenium/4.8.1 (java windows)
Content-Length: 176
Content-Type: application/json; charset=utf-8
host: localhost:16832
accept: */*

Response DefaultHttpResponse(decodeResult: success, version: HTTP/1.1)
HTTP/1.1 200 OK
Content-Length: 3427
Content-Type: application/json; charset=utf-8
cache-control: no-cache

02:10:24.581 [AsyncHttpClient-1-17] DEBUG org.asynchttpclient.netty.channel.ChannelManager - Adding key: http://localhost:16832 for channel [id: 0xad7bb623, L:/127.0.0.1:61091 - R:localhost/127.0.0.1:16832]
02:10:24.583 [Forwarding getCurrentUrl on session 6816b6d2985d862c15cb61c11ce575c2 to remote] DEBUG org.asynchttpclient.netty.request.NettyRequestSender - Using pooled Channel '[id: 0xad7bb623, L:/127.0.0.1:61091 - R:localhost/127.0.0.1:16832]' for 'GET' to 'http://localhost:16832/session/6816b6d2985d862c15cb61c11ce575c2/url'
02:10:24.583 [Forwarding getCurrentUrl on session 6816b6d2985d862c15cb61c11ce575c2 to remote] DEBUG org.asynchttpclient.netty.request.NettyRequestSender - Using open Channel [id: 0xad7bb623, L:/127.0.0.1:61091 - R:localhost/127.0.0.1:16832] for GET '/session/6816b6d2985d862c15cb61c11ce575c2/url'
02:10:24.591 [AsyncHttpClient-1-17] DEBUG org.asynchttpclient.netty.handler.HttpHandler - 

Request DefaultFullHttpRequest(decodeResult: success, version: HTTP/1.1, content: EmptyByteBufBE)
GET /session/6816b6d2985d862c15cb61c11ce575c2/url HTTP/1.1
User-Agent: selenium/4.8.1 (java windows)
Cache-Control: no-cache
Content-Type: application/json; charset=utf-8
host: localhost:16832
accept: */*

Response DefaultHttpResponse(decodeResult: success, version: HTTP/1.1)
HTTP/1.1 200 OK
Content-Length: 56
Content-Type: application/json; charset=utf-8
cache-control: no-cache

02:10:24.592 [AsyncHttpClient-1-17] DEBUG org.asynchttpclient.netty.channel.ChannelManager - Adding key: http://localhost:16832 for channel [id: 0xad7bb623, L:/127.0.0.1:61091 - R:localhost/127.0.0.1:16832]
02:10:24.601 [main] DEBUG net.thucydides.core.steps.StepInterceptor - STEP DONE: clickIntoTheDashboard
  &amp#27;[32mWhen &amp#27;[0m&amp#27;[32mI click get into the dashboard button&amp#27;[0m                         &amp#27;[90m# starter.stepdefinitions.LoginSteps.clickGetIntoTheDashboardButton()&amp#27;[0m
02:10:24.617 [Forwarding getPageSource on session 6816b6d2985d862c15cb61c11ce575c2 to remote] DEBUG org.asynchttpclient.netty.request.NettyRequestSender - Using pooled Channel '[id: 0xad7bb623, L:/127.0.0.1:61091 - R:localhost/127.0.0.1:16832]' for 'POST' to 'http://localhost:16832/session/6816b6d2985d862c15cb61c11ce575c2/execute/sync'
02:10:24.617 [Forwarding getPageSource on session 6816b6d2985d862c15cb61c11ce575c2 to remote] DEBUG org.asynchttpclient.netty.request.NettyRequestSender - Using open Channel [id: 0xad7bb623, L:/127.0.0.1:61091 - R:localhost/127.0.0.1:16832] for POST '/session/6816b6d2985d862c15cb61c11ce575c2/execute/sync'
02:10:24.626 [AsyncHttpClient-1-17] DEBUG org.asynchttpclient.netty.handler.HttpHandler - 

Request DefaultHttpRequest(decodeResult: success, version: HTTP/1.1)
POST /session/6816b6d2985d862c15cb61c11ce575c2/execute/sync HTTP/1.1
User-Agent: selenium/4.8.1 (java windows)
Content-Length: 176
Content-Type: application/json; charset=utf-8
host: localhost:16832
accept: */*

Response DefaultHttpResponse(decodeResult: success, version: HTTP/1.1)
HTTP/1.1 200 OK
Content-Length: 3427
Content-Type: application/json; charset=utf-8
cache-control: no-cache

02:10:24.626 [AsyncHttpClient-1-17] DEBUG org.asynchttpclient.netty.channel.ChannelManager - Adding key: http://localhost:16832 for channel [id: 0xad7bb623, L:/127.0.0.1:61091 - R:localhost/127.0.0.1:16832]
02:10:24.628 [Forwarding getCurrentUrl on session 6816b6d2985d862c15cb61c11ce575c2 to remote] DEBUG org.asynchttpclient.netty.request.NettyRequestSender - Using pooled Channel '[id: 0xad7bb623, L:/127.0.0.1:61091 - R:localhost/127.0.0.1:16832]' for 'GET' to 'http://localhost:16832/session/6816b6d2985d862c15cb61c11ce575c2/url'
02:10:24.628 [Forwarding getCurrentUrl on session 6816b6d2985d862c15cb61c11ce575c2 to remote] DEBUG org.asynchttpclient.netty.request.NettyRequestSender - Using open Channel [id: 0xad7bb623, L:/127.0.0.1:61091 - R:localhost/127.0.0.1:16832] for GET '/session/6816b6d2985d862c15cb61c11ce575c2/url'
02:10:24.636 [AsyncHttpClient-1-17] DEBUG org.asynchttpclient.netty.handler.HttpHandler - 

Request DefaultFullHttpRequest(decodeResult: success, version: HTTP/1.1, content: EmptyByteBufBE)
GET /session/6816b6d2985d862c15cb61c11ce575c2/url HTTP/1.1
User-Agent: selenium/4.8.1 (java windows)
Cache-Control: no-cache
Content-Type: application/json; charset=utf-8
host: localhost:16832
accept: */*

Response DefaultHttpResponse(decodeResult: success, version: HTTP/1.1)
HTTP/1.1 200 OK
Content-Length: 56
Content-Type: application/json; charset=utf-8
cache-control: no-cache

02:10:24.636 [AsyncHttpClient-1-17] DEBUG org.asynchttpclient.netty.channel.ChannelManager - Adding key: http://localhost:16832 for channel [id: 0xad7bb623, L:/127.0.0.1:61091 - R:localhost/127.0.0.1:16832]
02:10:24.653 [Forwarding getAlertText on session 6816b6d2985d862c15cb61c11ce575c2 to remote] DEBUG org.asynchttpclient.netty.request.NettyRequestSender - Using pooled Channel '[id: 0xad7bb623, L:/127.0.0.1:61091 - R:localhost/127.0.0.1:16832]' for 'GET' to 'http://localhost:16832/session/6816b6d2985d862c15cb61c11ce575c2/alert/text'
02:10:24.653 [Forwarding getAlertText on session 6816b6d2985d862c15cb61c11ce575c2 to remote] DEBUG org.asynchttpclient.netty.request.NettyRequestSender - Using open Channel [id: 0xad7bb623, L:/127.0.0.1:61091 - R:localhost/127.0.0.1:16832] for GET '/session/6816b6d2985d862c15cb61c11ce575c2/alert/text'
02:10:24.656 [AsyncHttpClient-1-17] DEBUG org.asynchttpclient.netty.handler.HttpHandler - 

Request DefaultFullHttpRequest(decodeResult: success, version: HTTP/1.1, content: EmptyByteBufBE)
GET /session/6816b6d2985d862c15cb61c11ce575c2/alert/text HTTP/1.1
User-Agent: selenium/4.8.1 (java windows)
Cache-Control: no-cache
Content-Type: application/json; charset=utf-8
host: localhost:16832
accept: */*

Response DefaultHttpResponse(decodeResult: success, version: HTTP/1.1)
HTTP/1.1 404 Not Found
Content-Length: 828
Content-Type: application/json; charset=utf-8
cache-control: no-cache

02:10:24.656 [AsyncHttpClient-1-17] DEBUG org.asynchttpclient.netty.channel.ChannelManager - Adding key: http://localhost:16832 for channel [id: 0xad7bb623, L:/127.0.0.1:61091 - R:localhost/127.0.0.1:16832]
02:10:24.658 [Forwarding getCurrentUrl on session 6816b6d2985d862c15cb61c11ce575c2 to remote] DEBUG org.asynchttpclient.netty.request.NettyRequestSender - Using pooled Channel '[id: 0xad7bb623, L:/127.0.0.1:61091 - R:localhost/127.0.0.1:16832]' for 'GET' to 'http://localhost:16832/session/6816b6d2985d862c15cb61c11ce575c2/url'
02:10:24.658 [Forwarding getCurrentUrl on session 6816b6d2985d862c15cb61c11ce575c2 to remote] DEBUG org.asynchttpclient.netty.request.NettyRequestSender - Using open Channel [id: 0xad7bb623, L:/127.0.0.1:61091 - R:localhost/127.0.0.1:16832] for GET '/session/6816b6d2985d862c15cb61c11ce575c2/url'
02:10:24.666 [AsyncHttpClient-1-17] DEBUG org.asynchttpclient.netty.handler.HttpHandler - 

Request DefaultFullHttpRequest(decodeResult: success, version: HTTP/1.1, content: EmptyByteBufBE)
GET /session/6816b6d2985d862c15cb61c11ce575c2/url HTTP/1.1
User-Agent: selenium/4.8.1 (java windows)
Cache-Control: no-cache
Content-Type: application/json; charset=utf-8
host: localhost:16832
accept: */*

Response DefaultHttpResponse(decodeResult: success, version: HTTP/1.1)
HTTP/1.1 200 OK
Content-Length: 56
Content-Type: application/json; charset=utf-8
cache-control: no-cache

02:10:24.666 [AsyncHttpClient-1-17] DEBUG org.asynchttpclient.netty.channel.ChannelManager - Adding key: http://localhost:16832 for channel [id: 0xad7bb623, L:/127.0.0.1:61091 - R:localhost/127.0.0.1:16832]
02:10:24.667 [Forwarding screenshot on session 6816b6d2985d862c15cb61c11ce575c2 to remote] DEBUG org.asynchttpclient.netty.request.NettyRequestSender - Using pooled Channel '[id: 0xad7bb623, L:/127.0.0.1:61091 - R:localhost/127.0.0.1:16832]' for 'GET' to 'http://localhost:16832/session/6816b6d2985d862c15cb61c11ce575c2/screenshot'
02:10:24.667 [Forwarding screenshot on session 6816b6d2985d862c15cb61c11ce575c2 to remote] DEBUG org.asynchttpclient.netty.request.NettyRequestSender - Using open Channel [id: 0xad7bb623, L:/127.0.0.1:61091 - R:localhost/127.0.0.1:16832] for GET '/session/6816b6d2985d862c15cb61c11ce575c2/screenshot'
02:10:24.954 [AsyncHttpClient-1-17] DEBUG org.asynchttpclient.netty.handler.HttpHandler - 

Request DefaultFullHttpRequest(decodeResult: success, version: HTTP/1.1, content: EmptyByteBufBE)
GET /session/6816b6d2985d862c15cb61c11ce575c2/screenshot HTTP/1.1
User-Agent: selenium/4.8.1 (java windows)
Cache-Control: no-cache
Content-Type: application/json; charset=utf-8
host: localhost:16832
accept: */*

Response DefaultHttpResponse(decodeResult: success, version: HTTP/1.1)
HTTP/1.1 200 OK
Content-Length: 115920
Content-Type: application/json; charset=utf-8
cache-control: no-cache

02:10:24.955 [AsyncHttpClient-1-17] DEBUG org.asynchttpclient.netty.channel.ChannelManager - Adding key: http://localhost:16832 for channel [id: 0xad7bb623, L:/127.0.0.1:61091 - R:localhost/127.0.0.1:16832]
02:10:24.961 [main] DEBUG net.serenitybdd.core.photography.Darkroom - Send negative for processing for target\site\serenity\17b761db86950adf452c33ac0c5826e70494a35b1202adb5e49aa124d82ed99d.png
02:10:24.964 [Forwarding getPageSource on session 6816b6d2985d862c15cb61c11ce575c2 to remote] DEBUG org.asynchttpclient.netty.request.NettyRequestSender - Using pooled Channel '[id: 0xad7bb623, L:/127.0.0.1:61091 - R:localhost/127.0.0.1:16832]' for 'POST' to 'http://localhost:16832/session/6816b6d2985d862c15cb61c11ce575c2/execute/sync'
02:10:24.964 [Forwarding getPageSource on session 6816b6d2985d862c15cb61c11ce575c2 to remote] DEBUG org.asynchttpclient.netty.request.NettyRequestSender - Using open Channel [id: 0xad7bb623, L:/127.0.0.1:61091 - R:localhost/127.0.0.1:16832] for POST '/session/6816b6d2985d862c15cb61c11ce575c2/execute/sync'
02:10:24.975 [AsyncHttpClient-1-17] DEBUG org.asynchttpclient.netty.handler.HttpHandler - 

Request DefaultHttpRequest(decodeResult: success, version: HTTP/1.1)
POST /session/6816b6d2985d862c15cb61c11ce575c2/execute/sync HTTP/1.1
User-Agent: selenium/4.8.1 (java windows)
Content-Length: 176
Content-Type: application/json; charset=utf-8
host: localhost:16832
accept: */*

Response DefaultHttpResponse(decodeResult: success, version: HTTP/1.1)
HTTP/1.1 200 OK
Content-Length: 3427
Content-Type: application/json; charset=utf-8
cache-control: no-cache

02:10:24.975 [AsyncHttpClient-1-17] DEBUG org.asynchttpclient.netty.channel.ChannelManager - Adding key: http://localhost:16832 for channel [id: 0xad7bb623, L:/127.0.0.1:61091 - R:localhost/127.0.0.1:16832]
02:10:24.978 [Forwarding getCurrentUrl on session 6816b6d2985d862c15cb61c11ce575c2 to remote] DEBUG org.asynchttpclient.netty.request.NettyRequestSender - Using pooled Channel '[id: 0xad7bb623, L:/127.0.0.1:61091 - R:localhost/127.0.0.1:16832]' for 'GET' to 'http://localhost:16832/session/6816b6d2985d862c15cb61c11ce575c2/url'
02:10:24.978 [Forwarding getCurrentUrl on session 6816b6d2985d862c15cb61c11ce575c2 to remote] DEBUG org.asynchttpclient.netty.request.NettyRequestSender - Using open Channel [id: 0xad7bb623, L:/127.0.0.1:61091 - R:localhost/127.0.0.1:16832] for GET '/session/6816b6d2985d862c15cb61c11ce575c2/url'
02:10:24.988 [AsyncHttpClient-1-17] DEBUG org.asynchttpclient.netty.handler.HttpHandler - 

Request DefaultFullHttpRequest(decodeResult: success, version: HTTP/1.1, content: EmptyByteBufBE)
GET /session/6816b6d2985d862c15cb61c11ce575c2/url HTTP/1.1
User-Agent: selenium/4.8.1 (java windows)
Cache-Control: no-cache
Content-Type: application/json; charset=utf-8
host: localhost:16832
accept: */*

Response DefaultHttpResponse(decodeResult: success, version: HTTP/1.1)
HTTP/1.1 200 OK
Content-Length: 56
Content-Type: application/json; charset=utf-8
cache-control: no-cache

02:10:24.989 [AsyncHttpClient-1-17] DEBUG org.asynchttpclient.netty.channel.ChannelManager - Adding key: http://localhost:16832 for channel [id: 0xad7bb623, L:/127.0.0.1:61091 - R:localhost/127.0.0.1:16832]
02:10:24.992 [main] DEBUG net.thucydides.core.steps.StepInterceptor - STARTING STEP: LoginSteps.enterEmptyUsername - enterUsername
02:10:24.997 [Forwarding findElement on session 6816b6d2985d862c15cb61c11ce575c2 to remote] DEBUG org.asynchttpclient.netty.request.NettyRequestSender - Using pooled Channel '[id: 0xad7bb623, L:/127.0.0.1:61091 - R:localhost/127.0.0.1:16832]' for 'POST' to 'http://localhost:16832/session/6816b6d2985d862c15cb61c11ce575c2/element'
02:10:24.997 [Forwarding findElement on session 6816b6d2985d862c15cb61c11ce575c2 to remote] DEBUG org.asynchttpclient.netty.request.NettyRequestSender - Using open Channel [id: 0xad7bb623, L:/127.0.0.1:61091 - R:localhost/127.0.0.1:16832] for POST '/session/6816b6d2985d862c15cb61c11ce575c2/element'
02:10:25.025 [AsyncHttpClient-1-17] DEBUG org.asynchttpclient.netty.handler.HttpHandler - 

Request DefaultHttpRequest(decodeResult: success, version: HTTP/1.1)
POST /session/6816b6d2985d862c15cb61c11ce575c2/element HTTP/1.1
User-Agent: selenium/4.8.1 (java windows)
Content-Length: 53
Content-Type: application/json; charset=utf-8
host: localhost:16832
accept: */*

Response DefaultHttpResponse(decodeResult: success, version: HTTP/1.1)
HTTP/1.1 200 OK
Content-Length: 95
Content-Type: application/json; charset=utf-8
cache-control: no-cache

02:10:25.025 [AsyncHttpClient-1-17] DEBUG org.asynchttpclient.netty.channel.ChannelManager - Adding key: http://localhost:16832 for channel [id: 0xad7bb623, L:/127.0.0.1:61091 - R:localhost/127.0.0.1:16832]
02:10:25.027 [Forwarding clearElement on session 6816b6d2985d862c15cb61c11ce575c2 to remote] DEBUG org.asynchttpclient.netty.request.NettyRequestSender - Using pooled Channel '[id: 0xad7bb623, L:/127.0.0.1:61091 - R:localhost/127.0.0.1:16832]' for 'POST' to 'http://localhost:16832/session/6816b6d2985d862c15cb61c11ce575c2/element/8788F73B89A57EE5A026B629429121D0_element_13/clear'
02:10:25.027 [Forwarding clearElement on session 6816b6d2985d862c15cb61c11ce575c2 to remote] DEBUG org.asynchttpclient.netty.request.NettyRequestSender - Using open Channel [id: 0xad7bb623, L:/127.0.0.1:61091 - R:localhost/127.0.0.1:16832] for POST '/session/6816b6d2985d862c15cb61c11ce575c2/element/8788F73B89A57EE5A026B629429121D0_element_13/clear'
02:10:25.100 [AsyncHttpClient-1-17] DEBUG org.asynchttpclient.netty.handler.HttpHandler - 

Request DefaultHttpRequest(decodeResult: success, version: HTTP/1.1)
POST /session/6816b6d2985d862c15cb61c11ce575c2/element/8788F73B89A57EE5A026B629429121D0_element_13/clear HTTP/1.1
User-Agent: selenium/4.8.1 (java windows)
Content-Length: 57
Content-Type: application/json; charset=utf-8
host: localhost:16832
accept: */*

Response DefaultHttpResponse(decodeResult: success, version: HTTP/1.1)
HTTP/1.1 200 OK
Content-Length: 14
Content-Type: application/json; charset=utf-8
cache-control: no-cache

02:10:25.100 [AsyncHttpClient-1-17] DEBUG org.asynchttpclient.netty.channel.ChannelManager - Adding key: http://localhost:16832 for channel [id: 0xad7bb623, L:/127.0.0.1:61091 - R:localhost/127.0.0.1:16832]
02:10:25.102 [Forwarding sendKeysToElement on session 6816b6d2985d862c15cb61c11ce575c2 to remote] DEBUG org.asynchttpclient.netty.request.NettyRequestSender - Using pooled Channel '[id: 0xad7bb623, L:/127.0.0.1:61091 - R:localhost/127.0.0.1:16832]' for 'POST' to 'http://localhost:16832/session/6816b6d2985d862c15cb61c11ce575c2/element/8788F73B89A57EE5A026B629429121D0_element_13/value'
02:10:25.102 [Forwarding sendKeysToElement on session 6816b6d2985d862c15cb61c11ce575c2 to remote] DEBUG org.asynchttpclient.netty.request.NettyRequestSender - Using open Channel [id: 0xad7bb623, L:/127.0.0.1:61091 - R:localhost/127.0.0.1:16832] for POST '/session/6816b6d2985d862c15cb61c11ce575c2/element/8788F73B89A57EE5A026B629429121D0_element_13/value'
02:10:25.206 [AsyncHttpClient-1-17] DEBUG org.asynchttpclient.netty.handler.HttpHandler - 

Request DefaultHttpRequest(decodeResult: success, version: HTTP/1.1)
POST /session/6816b6d2985d862c15cb61c11ce575c2/element/8788F73B89A57EE5A026B629429121D0_element_13/value HTTP/1.1
User-Agent: selenium/4.8.1 (java windows)
Content-Length: 89
Content-Type: application/json; charset=utf-8
host: localhost:16832
accept: */*

Response DefaultHttpResponse(decodeResult: success, version: HTTP/1.1)
HTTP/1.1 200 OK
Content-Length: 14
Content-Type: application/json; charset=utf-8
cache-control: no-cache

02:10:25.206 [AsyncHttpClient-1-17] DEBUG org.asynchttpclient.netty.channel.ChannelManager - Adding key: http://localhost:16832 for channel [id: 0xad7bb623, L:/127.0.0.1:61091 - R:localhost/127.0.0.1:16832]
02:10:25.217 [Forwarding getAlertText on session 6816b6d2985d862c15cb61c11ce575c2 to remote] DEBUG org.asynchttpclient.netty.request.NettyRequestSender - Using pooled Channel '[id: 0xad7bb623, L:/127.0.0.1:61091 - R:localhost/127.0.0.1:16832]' for 'GET' to 'http://localhost:16832/session/6816b6d2985d862c15cb61c11ce575c2/alert/text'
02:10:25.217 [Forwarding getAlertText on session 6816b6d2985d862c15cb61c11ce575c2 to remote] DEBUG org.asynchttpclient.netty.request.NettyRequestSender - Using open Channel [id: 0xad7bb623, L:/127.0.0.1:61091 - R:localhost/127.0.0.1:16832] for GET '/session/6816b6d2985d862c15cb61c11ce575c2/alert/text'
02:10:25.221 [AsyncHttpClient-1-17] DEBUG org.asynchttpclient.netty.handler.HttpHandler - 

Request DefaultFullHttpRequest(decodeResult: success, version: HTTP/1.1, content: EmptyByteBufBE)
GET /session/6816b6d2985d862c15cb61c11ce575c2/alert/text HTTP/1.1
User-Agent: selenium/4.8.1 (java windows)
Cache-Control: no-cache
Content-Type: application/json; charset=utf-8
host: localhost:16832
accept: */*

Response DefaultHttpResponse(decodeResult: success, version: HTTP/1.1)
HTTP/1.1 404 Not Found
Content-Length: 828
Content-Type: application/json; charset=utf-8
cache-control: no-cache

02:10:25.221 [AsyncHttpClient-1-17] DEBUG org.asynchttpclient.netty.channel.ChannelManager - Adding key: http://localhost:16832 for channel [id: 0xad7bb623, L:/127.0.0.1:61091 - R:localhost/127.0.0.1:16832]
02:10:25.223 [Forwarding getCurrentUrl on session 6816b6d2985d862c15cb61c11ce575c2 to remote] DEBUG org.asynchttpclient.netty.request.NettyRequestSender - Using pooled Channel '[id: 0xad7bb623, L:/127.0.0.1:61091 - R:localhost/127.0.0.1:16832]' for 'GET' to 'http://localhost:16832/session/6816b6d2985d862c15cb61c11ce575c2/url'
02:10:25.223 [Forwarding getCurrentUrl on session 6816b6d2985d862c15cb61c11ce575c2 to remote] DEBUG org.asynchttpclient.netty.request.NettyRequestSender - Using open Channel [id: 0xad7bb623, L:/127.0.0.1:61091 - R:localhost/127.0.0.1:16832] for GET '/session/6816b6d2985d862c15cb61c11ce575c2/url'
02:10:25.231 [AsyncHttpClient-1-17] DEBUG org.asynchttpclient.netty.handler.HttpHandler - 

Request DefaultFullHttpRequest(decodeResult: success, version: HTTP/1.1, content: EmptyByteBufBE)
GET /session/6816b6d2985d862c15cb61c11ce575c2/url HTTP/1.1
User-Agent: selenium/4.8.1 (java windows)
Cache-Control: no-cache
Content-Type: application/json; charset=utf-8
host: localhost:16832
accept: */*

Response DefaultHttpResponse(decodeResult: success, version: HTTP/1.1)
HTTP/1.1 200 OK
Content-Length: 56
Content-Type: application/json; charset=utf-8
cache-control: no-cache

02:10:25.232 [AsyncHttpClient-1-17] DEBUG org.asynchttpclient.netty.channel.ChannelManager - Adding key: http://localhost:16832 for channel [id: 0xad7bb623, L:/127.0.0.1:61091 - R:localhost/127.0.0.1:16832]
02:10:25.233 [Forwarding screenshot on session 6816b6d2985d862c15cb61c11ce575c2 to remote] DEBUG org.asynchttpclient.netty.request.NettyRequestSender - Using pooled Channel '[id: 0xad7bb623, L:/127.0.0.1:61091 - R:localhost/127.0.0.1:16832]' for 'GET' to 'http://localhost:16832/session/6816b6d2985d862c15cb61c11ce575c2/screenshot'
02:10:25.233 [Forwarding screenshot on session 6816b6d2985d862c15cb61c11ce575c2 to remote] DEBUG org.asynchttpclient.netty.request.NettyRequestSender - Using open Channel [id: 0xad7bb623, L:/127.0.0.1:61091 - R:localhost/127.0.0.1:16832] for GET '/session/6816b6d2985d862c15cb61c11ce575c2/screenshot'
02:10:25.432 [AsyncHttpClient-1-1] DEBUG org.asynchttpclient.netty.channel.DefaultChannelPool - Entry count for : http://localhost:61092 : 1
02:10:25.502 [AsyncHttpClient-1-17] DEBUG org.asynchttpclient.netty.handler.HttpHandler - 

Request DefaultFullHttpRequest(decodeResult: success, version: HTTP/1.1, content: EmptyByteBufBE)
GET /session/6816b6d2985d862c15cb61c11ce575c2/screenshot HTTP/1.1
User-Agent: selenium/4.8.1 (java windows)
Cache-Control: no-cache
Content-Type: application/json; charset=utf-8
host: localhost:16832
accept: */*

Response DefaultHttpResponse(decodeResult: success, version: HTTP/1.1)
HTTP/1.1 200 OK
Content-Length: 116744
Content-Type: application/json; charset=utf-8
cache-control: no-cache

02:10:25.502 [AsyncHttpClient-1-17] DEBUG org.asynchttpclient.netty.channel.ChannelManager - Adding key: http://localhost:16832 for channel [id: 0xad7bb623, L:/127.0.0.1:61091 - R:localhost/127.0.0.1:16832]
02:10:25.507 [main] DEBUG net.serenitybdd.core.photography.Darkroom - Send negative for processing for target\site\serenity\95c2c795f10b264af17b1792d78faf2a4172274244e019cf9a9092881968a331.png
02:10:25.509 [Forwarding getPageSource on session 6816b6d2985d862c15cb61c11ce575c2 to remote] DEBUG org.asynchttpclient.netty.request.NettyRequestSender - Using pooled Channel '[id: 0xad7bb623, L:/127.0.0.1:61091 - R:localhost/127.0.0.1:16832]' for 'POST' to 'http://localhost:16832/session/6816b6d2985d862c15cb61c11ce575c2/execute/sync'
02:10:25.509 [Forwarding getPageSource on session 6816b6d2985d862c15cb61c11ce575c2 to remote] DEBUG org.asynchttpclient.netty.request.NettyRequestSender - Using open Channel [id: 0xad7bb623, L:/127.0.0.1:61091 - R:localhost/127.0.0.1:16832] for POST '/session/6816b6d2985d862c15cb61c11ce575c2/execute/sync'
02:10:25.519 [AsyncHttpClient-1-17] DEBUG org.asynchttpclient.netty.handler.HttpHandler - 

Request DefaultHttpRequest(decodeResult: success, version: HTTP/1.1)
POST /session/6816b6d2985d862c15cb61c11ce575c2/execute/sync HTTP/1.1
User-Agent: selenium/4.8.1 (java windows)
Content-Length: 176
Content-Type: application/json; charset=utf-8
host: localhost:16832
accept: */*

Response DefaultHttpResponse(decodeResult: success, version: HTTP/1.1)
HTTP/1.1 200 OK
Content-Length: 3427
Content-Type: application/json; charset=utf-8
cache-control: no-cache

02:10:25.519 [AsyncHttpClient-1-17] DEBUG org.asynchttpclient.netty.channel.ChannelManager - Adding key: http://localhost:16832 for channel [id: 0xad7bb623, L:/127.0.0.1:61091 - R:localhost/127.0.0.1:16832]
02:10:25.521 [Forwarding getCurrentUrl on session 6816b6d2985d862c15cb61c11ce575c2 to remote] DEBUG org.asynchttpclient.netty.request.NettyRequestSender - Using pooled Channel '[id: 0xad7bb623, L:/127.0.0.1:61091 - R:localhost/127.0.0.1:16832]' for 'GET' to 'http://localhost:16832/session/6816b6d2985d862c15cb61c11ce575c2/url'
02:10:25.521 [Forwarding getCurrentUrl on session 6816b6d2985d862c15cb61c11ce575c2 to remote] DEBUG org.asynchttpclient.netty.request.NettyRequestSender - Using open Channel [id: 0xad7bb623, L:/127.0.0.1:61091 - R:localhost/127.0.0.1:16832] for GET '/session/6816b6d2985d862c15cb61c11ce575c2/url'
02:10:25.530 [AsyncHttpClient-1-17] DEBUG org.asynchttpclient.netty.handler.HttpHandler - 

Request DefaultFullHttpRequest(decodeResult: success, version: HTTP/1.1, content: EmptyByteBufBE)
GET /session/6816b6d2985d862c15cb61c11ce575c2/url HTTP/1.1
User-Agent: selenium/4.8.1 (java windows)
Cache-Control: no-cache
Content-Type: application/json; charset=utf-8
host: localhost:16832
accept: */*

Response DefaultHttpResponse(decodeResult: success, version: HTTP/1.1)
HTTP/1.1 200 OK
Content-Length: 56
Content-Type: application/json; charset=utf-8
cache-control: no-cache

02:10:25.530 [AsyncHttpClient-1-17] DEBUG org.asynchttpclient.netty.channel.ChannelManager - Adding key: http://localhost:16832 for channel [id: 0xad7bb623, L:/127.0.0.1:61091 - R:localhost/127.0.0.1:16832]
02:10:25.539 [main] DEBUG net.thucydides.core.steps.StepInterceptor - STEP DONE: enterUsername
  &amp#27;[32mAnd &amp#27;[0m&amp#27;[32mI enter empty username&amp#27;[0m                                         &amp#27;[90m# starter.stepdefinitions.LoginSteps.enterEmptyUsername()&amp#27;[0m
02:10:25.563 [Forwarding getAlertText on session 6816b6d2985d862c15cb61c11ce575c2 to remote] DEBUG org.asynchttpclient.netty.request.NettyRequestSender - Using pooled Channel '[id: 0xad7bb623, L:/127.0.0.1:61091 - R:localhost/127.0.0.1:16832]' for 'GET' to 'http://localhost:16832/session/6816b6d2985d862c15cb61c11ce575c2/alert/text'
02:10:25.563 [Forwarding getAlertText on session 6816b6d2985d862c15cb61c11ce575c2 to remote] DEBUG org.asynchttpclient.netty.request.NettyRequestSender - Using open Channel [id: 0xad7bb623, L:/127.0.0.1:61091 - R:localhost/127.0.0.1:16832] for GET '/session/6816b6d2985d862c15cb61c11ce575c2/alert/text'
02:10:25.566 [AsyncHttpClient-1-17] DEBUG org.asynchttpclient.netty.handler.HttpHandler - 

Request DefaultFullHttpRequest(decodeResult: success, version: HTTP/1.1, content: EmptyByteBufBE)
GET /session/6816b6d2985d862c15cb61c11ce575c2/alert/text HTTP/1.1
User-Agent: selenium/4.8.1 (java windows)
Cache-Control: no-cache
Content-Type: application/json; charset=utf-8
host: localhost:16832
accept: */*

Response DefaultHttpResponse(decodeResult: success, version: HTTP/1.1)
HTTP/1.1 404 Not Found
Content-Length: 828
Content-Type: application/json; charset=utf-8
cache-control: no-cache

02:10:25.566 [AsyncHttpClient-1-17] DEBUG org.asynchttpclient.netty.channel.ChannelManager - Adding key: http://localhost:16832 for channel [id: 0xad7bb623, L:/127.0.0.1:61091 - R:localhost/127.0.0.1:16832]
02:10:25.568 [Forwarding getCurrentUrl on session 6816b6d2985d862c15cb61c11ce575c2 to remote] DEBUG org.asynchttpclient.netty.request.NettyRequestSender - Using pooled Channel '[id: 0xad7bb623, L:/127.0.0.1:61091 - R:localhost/127.0.0.1:16832]' for 'GET' to 'http://localhost:16832/session/6816b6d2985d862c15cb61c11ce575c2/url'
02:10:25.568 [Forwarding getCurrentUrl on session 6816b6d2985d862c15cb61c11ce575c2 to remote] DEBUG org.asynchttpclient.netty.request.NettyRequestSender - Using open Channel [id: 0xad7bb623, L:/127.0.0.1:61091 - R:localhost/127.0.0.1:16832] for GET '/session/6816b6d2985d862c15cb61c11ce575c2/url'
02:10:25.577 [AsyncHttpClient-1-17] DEBUG org.asynchttpclient.netty.handler.HttpHandler - 

Request DefaultFullHttpRequest(decodeResult: success, version: HTTP/1.1, content: EmptyByteBufBE)
GET /session/6816b6d2985d862c15cb61c11ce575c2/url HTTP/1.1
User-Agent: selenium/4.8.1 (java windows)
Cache-Control: no-cache
Content-Type: application/json; charset=utf-8
host: localhost:16832
accept: */*

Response DefaultHttpResponse(decodeResult: success, version: HTTP/1.1)
HTTP/1.1 200 OK
Content-Length: 56
Content-Type: application/json; charset=utf-8
cache-control: no-cache

02:10:25.577 [AsyncHttpClient-1-17] DEBUG org.asynchttpclient.netty.channel.ChannelManager - Adding key: http://localhost:16832 for channel [id: 0xad7bb623, L:/127.0.0.1:61091 - R:localhost/127.0.0.1:16832]
02:10:25.578 [Forwarding screenshot on session 6816b6d2985d862c15cb61c11ce575c2 to remote] DEBUG org.asynchttpclient.netty.request.NettyRequestSender - Using pooled Channel '[id: 0xad7bb623, L:/127.0.0.1:61091 - R:localhost/127.0.0.1:16832]' for 'GET' to 'http://localhost:16832/session/6816b6d2985d862c15cb61c11ce575c2/screenshot'
02:10:25.578 [Forwarding screenshot on session 6816b6d2985d862c15cb61c11ce575c2 to remote] DEBUG org.asynchttpclient.netty.request.NettyRequestSender - Using open Channel [id: 0xad7bb623, L:/127.0.0.1:61091 - R:localhost/127.0.0.1:16832] for GET '/session/6816b6d2985d862c15cb61c11ce575c2/screenshot'
02:10:25.858 [AsyncHttpClient-1-17] DEBUG org.asynchttpclient.netty.handler.HttpHandler - 

Request DefaultFullHttpRequest(decodeResult: success, version: HTTP/1.1, content: EmptyByteBufBE)
GET /session/6816b6d2985d862c15cb61c11ce575c2/screenshot HTTP/1.1
User-Agent: selenium/4.8.1 (java windows)
Cache-Control: no-cache
Content-Type: application/json; charset=utf-8
host: localhost:16832
accept: */*

Response DefaultHttpResponse(decodeResult: success, version: HTTP/1.1)
HTTP/1.1 200 OK
Content-Length: 116744
Content-Type: application/json; charset=utf-8
cache-control: no-cache

02:10:25.859 [AsyncHttpClient-1-17] DEBUG org.asynchttpclient.netty.channel.ChannelManager - Adding key: http://localhost:16832 for channel [id: 0xad7bb623, L:/127.0.0.1:61091 - R:localhost/127.0.0.1:16832]
02:10:25.864 [main] DEBUG net.serenitybdd.core.photography.Darkroom - Send negative for processing for target\site\serenity\95c2c795f10b264af17b1792d78faf2a4172274244e019cf9a9092881968a331.png
02:10:25.867 [Forwarding getPageSource on session 6816b6d2985d862c15cb61c11ce575c2 to remote] DEBUG org.asynchttpclient.netty.request.NettyRequestSender - Using pooled Channel '[id: 0xad7bb623, L:/127.0.0.1:61091 - R:localhost/127.0.0.1:16832]' for 'POST' to 'http://localhost:16832/session/6816b6d2985d862c15cb61c11ce575c2/execute/sync'
02:10:25.867 [Forwarding getPageSource on session 6816b6d2985d862c15cb61c11ce575c2 to remote] DEBUG org.asynchttpclient.netty.request.NettyRequestSender - Using open Channel [id: 0xad7bb623, L:/127.0.0.1:61091 - R:localhost/127.0.0.1:16832] for POST '/session/6816b6d2985d862c15cb61c11ce575c2/execute/sync'
02:10:25.878 [AsyncHttpClient-1-17] DEBUG org.asynchttpclient.netty.handler.HttpHandler - 

Request DefaultHttpRequest(decodeResult: success, version: HTTP/1.1)
POST /session/6816b6d2985d862c15cb61c11ce575c2/execute/sync HTTP/1.1
User-Agent: selenium/4.8.1 (java windows)
Content-Length: 176
Content-Type: application/json; charset=utf-8
host: localhost:16832
accept: */*

Response DefaultHttpResponse(decodeResult: success, version: HTTP/1.1)
HTTP/1.1 200 OK
Content-Length: 3427
Content-Type: application/json; charset=utf-8
cache-control: no-cache

02:10:25.879 [AsyncHttpClient-1-17] DEBUG org.asynchttpclient.netty.channel.ChannelManager - Adding key: http://localhost:16832 for channel [id: 0xad7bb623, L:/127.0.0.1:61091 - R:localhost/127.0.0.1:16832]
02:10:25.881 [Forwarding getCurrentUrl on session 6816b6d2985d862c15cb61c11ce575c2 to remote] DEBUG org.asynchttpclient.netty.request.NettyRequestSender - Using pooled Channel '[id: 0xad7bb623, L:/127.0.0.1:61091 - R:localhost/127.0.0.1:16832]' for 'GET' to 'http://localhost:16832/session/6816b6d2985d862c15cb61c11ce575c2/url'
02:10:25.881 [Forwarding getCurrentUrl on session 6816b6d2985d862c15cb61c11ce575c2 to remote] DEBUG org.asynchttpclient.netty.request.NettyRequestSender - Using open Channel [id: 0xad7bb623, L:/127.0.0.1:61091 - R:localhost/127.0.0.1:16832] for GET '/session/6816b6d2985d862c15cb61c11ce575c2/url'
02:10:25.891 [AsyncHttpClient-1-17] DEBUG org.asynchttpclient.netty.handler.HttpHandler - 

Request DefaultFullHttpRequest(decodeResult: success, version: HTTP/1.1, content: EmptyByteBufBE)
GET /session/6816b6d2985d862c15cb61c11ce575c2/url HTTP/1.1
User-Agent: selenium/4.8.1 (java windows)
Cache-Control: no-cache
Content-Type: application/json; charset=utf-8
host: localhost:16832
accept: */*

Response DefaultHttpResponse(decodeResult: success, version: HTTP/1.1)
HTTP/1.1 200 OK
Content-Length: 56
Content-Type: application/json; charset=utf-8
cache-control: no-cache

02:10:25.892 [AsyncHttpClient-1-17] DEBUG org.asynchttpclient.netty.channel.ChannelManager - Adding key: http://localhost:16832 for channel [id: 0xad7bb623, L:/127.0.0.1:61091 - R:localhost/127.0.0.1:16832]
02:10:25.909 [Forwarding getPageSource on session 6816b6d2985d862c15cb61c11ce575c2 to remote] DEBUG org.asynchttpclient.netty.request.NettyRequestSender - Using pooled Channel '[id: 0xad7bb623, L:/127.0.0.1:61091 - R:localhost/127.0.0.1:16832]' for 'POST' to 'http://localhost:16832/session/6816b6d2985d862c15cb61c11ce575c2/execute/sync'
02:10:25.910 [Forwarding getPageSource on session 6816b6d2985d862c15cb61c11ce575c2 to remote] DEBUG org.asynchttpclient.netty.request.NettyRequestSender - Using open Channel [id: 0xad7bb623, L:/127.0.0.1:61091 - R:localhost/127.0.0.1:16832] for POST '/session/6816b6d2985d862c15cb61c11ce575c2/execute/sync'
02:10:25.919 [AsyncHttpClient-1-17] DEBUG org.asynchttpclient.netty.handler.HttpHandler - 

Request DefaultHttpRequest(decodeResult: success, version: HTTP/1.1)
POST /session/6816b6d2985d862c15cb61c11ce575c2/execute/sync HTTP/1.1
User-Agent: selenium/4.8.1 (java windows)
Content-Length: 176
Content-Type: application/json; charset=utf-8
host: localhost:16832
accept: */*

Response DefaultHttpResponse(decodeResult: success, version: HTTP/1.1)
HTTP/1.1 200 OK
Content-Length: 3427
Content-Type: application/json; charset=utf-8
cache-control: no-cache

02:10:25.920 [AsyncHttpClient-1-17] DEBUG org.asynchttpclient.netty.channel.ChannelManager - Adding key: http://localhost:16832 for channel [id: 0xad7bb623, L:/127.0.0.1:61091 - R:localhost/127.0.0.1:16832]
02:10:25.922 [Forwarding getCurrentUrl on session 6816b6d2985d862c15cb61c11ce575c2 to remote] DEBUG org.asynchttpclient.netty.request.NettyRequestSender - Using pooled Channel '[id: 0xad7bb623, L:/127.0.0.1:61091 - R:localhost/127.0.0.1:16832]' for 'GET' to 'http://localhost:16832/session/6816b6d2985d862c15cb61c11ce575c2/url'
02:10:25.923 [Forwarding getCurrentUrl on session 6816b6d2985d862c15cb61c11ce575c2 to remote] DEBUG org.asynchttpclient.netty.request.NettyRequestSender - Using open Channel [id: 0xad7bb623, L:/127.0.0.1:61091 - R:localhost/127.0.0.1:16832] for GET '/session/6816b6d2985d862c15cb61c11ce575c2/url'
02:10:25.932 [AsyncHttpClient-1-17] DEBUG org.asynchttpclient.netty.handler.HttpHandler - 

Request DefaultFullHttpRequest(decodeResult: success, version: HTTP/1.1, content: EmptyByteBufBE)
GET /session/6816b6d2985d862c15cb61c11ce575c2/url HTTP/1.1
User-Agent: selenium/4.8.1 (java windows)
Cache-Control: no-cache
Content-Type: application/json; charset=utf-8
host: localhost:16832
accept: */*

Response DefaultHttpResponse(decodeResult: success, version: HTTP/1.1)
HTTP/1.1 200 OK
Content-Length: 56
Content-Type: application/json; charset=utf-8
cache-control: no-cache

02:10:25.932 [AsyncHttpClient-1-17] DEBUG org.asynchttpclient.netty.channel.ChannelManager - Adding key: http://localhost:16832 for channel [id: 0xad7bb623, L:/127.0.0.1:61091 - R:localhost/127.0.0.1:16832]
02:10:25.935 [main] DEBUG net.thucydides.core.steps.StepInterceptor - STARTING STEP: LoginSteps.enterEmptyPwd - enterPassword
02:10:25.940 [Forwarding findElement on session 6816b6d2985d862c15cb61c11ce575c2 to remote] DEBUG org.asynchttpclient.netty.request.NettyRequestSender - Using pooled Channel '[id: 0xad7bb623, L:/127.0.0.1:61091 - R:localhost/127.0.0.1:16832]' for 'POST' to 'http://localhost:16832/session/6816b6d2985d862c15cb61c11ce575c2/element'
02:10:25.940 [Forwarding findElement on session 6816b6d2985d862c15cb61c11ce575c2 to remote] DEBUG org.asynchttpclient.netty.request.NettyRequestSender - Using open Channel [id: 0xad7bb623, L:/127.0.0.1:61091 - R:localhost/127.0.0.1:16832] for POST '/session/6816b6d2985d862c15cb61c11ce575c2/element'
02:10:25.966 [AsyncHttpClient-1-17] DEBUG org.asynchttpclient.netty.handler.HttpHandler - 

Request DefaultHttpRequest(decodeResult: success, version: HTTP/1.1)
POST /session/6816b6d2985d862c15cb61c11ce575c2/element HTTP/1.1
User-Agent: selenium/4.8.1 (java windows)
Content-Length: 72
Content-Type: application/json; charset=utf-8
host: localhost:16832
accept: */*

Response DefaultHttpResponse(decodeResult: success, version: HTTP/1.1)
HTTP/1.1 200 OK
Content-Length: 95
Content-Type: application/json; charset=utf-8
cache-control: no-cache

02:10:25.966 [AsyncHttpClient-1-17] DEBUG org.asynchttpclient.netty.channel.ChannelManager - Adding key: http://localhost:16832 for channel [id: 0xad7bb623, L:/127.0.0.1:61091 - R:localhost/127.0.0.1:16832]
02:10:25.968 [Forwarding clearElement on session 6816b6d2985d862c15cb61c11ce575c2 to remote] DEBUG org.asynchttpclient.netty.request.NettyRequestSender - Using pooled Channel '[id: 0xad7bb623, L:/127.0.0.1:61091 - R:localhost/127.0.0.1:16832]' for 'POST' to 'http://localhost:16832/session/6816b6d2985d862c15cb61c11ce575c2/element/8788F73B89A57EE5A026B629429121D0_element_11/clear'
02:10:25.968 [Forwarding clearElement on session 6816b6d2985d862c15cb61c11ce575c2 to remote] DEBUG org.asynchttpclient.netty.request.NettyRequestSender - Using open Channel [id: 0xad7bb623, L:/127.0.0.1:61091 - R:localhost/127.0.0.1:16832] for POST '/session/6816b6d2985d862c15cb61c11ce575c2/element/8788F73B89A57EE5A026B629429121D0_element_11/clear'
02:10:26.028 [AsyncHttpClient-1-17] DEBUG org.asynchttpclient.netty.handler.HttpHandler - 

Request DefaultHttpRequest(decodeResult: success, version: HTTP/1.1)
POST /session/6816b6d2985d862c15cb61c11ce575c2/element/8788F73B89A57EE5A026B629429121D0_element_11/clear HTTP/1.1
User-Agent: selenium/4.8.1 (java windows)
Content-Length: 57
Content-Type: application/json; charset=utf-8
host: localhost:16832
accept: */*

Response DefaultHttpResponse(decodeResult: success, version: HTTP/1.1)
HTTP/1.1 200 OK
Content-Length: 14
Content-Type: application/json; charset=utf-8
cache-control: no-cache

02:10:26.029 [AsyncHttpClient-1-17] DEBUG org.asynchttpclient.netty.channel.ChannelManager - Adding key: http://localhost:16832 for channel [id: 0xad7bb623, L:/127.0.0.1:61091 - R:localhost/127.0.0.1:16832]
02:10:26.032 [Forwarding sendKeysToElement on session 6816b6d2985d862c15cb61c11ce575c2 to remote] DEBUG org.asynchttpclient.netty.request.NettyRequestSender - Using pooled Channel '[id: 0xad7bb623, L:/127.0.0.1:61091 - R:localhost/127.0.0.1:16832]' for 'POST' to 'http://localhost:16832/session/6816b6d2985d862c15cb61c11ce575c2/element/8788F73B89A57EE5A026B629429121D0_element_11/value'
02:10:26.032 [Forwarding sendKeysToElement on session 6816b6d2985d862c15cb61c11ce575c2 to remote] DEBUG org.asynchttpclient.netty.request.NettyRequestSender - Using open Channel [id: 0xad7bb623, L:/127.0.0.1:61091 - R:localhost/127.0.0.1:16832] for POST '/session/6816b6d2985d862c15cb61c11ce575c2/element/8788F73B89A57EE5A026B629429121D0_element_11/value'
02:10:26.128 [AsyncHttpClient-1-17] DEBUG org.asynchttpclient.netty.handler.HttpHandler - 

Request DefaultHttpRequest(decodeResult: success, version: HTTP/1.1)
POST /session/6816b6d2985d862c15cb61c11ce575c2/element/8788F73B89A57EE5A026B629429121D0_element_11/value HTTP/1.1
User-Agent: selenium/4.8.1 (java windows)
Content-Length: 89
Content-Type: application/json; charset=utf-8
host: localhost:16832
accept: */*

Response DefaultHttpResponse(decodeResult: success, version: HTTP/1.1)
HTTP/1.1 200 OK
Content-Length: 14
Content-Type: application/json; charset=utf-8
cache-control: no-cache

02:10:26.128 [AsyncHttpClient-1-17] DEBUG org.asynchttpclient.netty.channel.ChannelManager - Adding key: http://localhost:16832 for channel [id: 0xad7bb623, L:/127.0.0.1:61091 - R:localhost/127.0.0.1:16832]
02:10:26.141 [Forwarding getAlertText on session 6816b6d2985d862c15cb61c11ce575c2 to remote] DEBUG org.asynchttpclient.netty.request.NettyRequestSender - Using pooled Channel '[id: 0xad7bb623, L:/127.0.0.1:61091 - R:localhost/127.0.0.1:16832]' for 'GET' to 'http://localhost:16832/session/6816b6d2985d862c15cb61c11ce575c2/alert/text'
02:10:26.141 [Forwarding getAlertText on session 6816b6d2985d862c15cb61c11ce575c2 to remote] DEBUG org.asynchttpclient.netty.request.NettyRequestSender - Using open Channel [id: 0xad7bb623, L:/127.0.0.1:61091 - R:localhost/127.0.0.1:16832] for GET '/session/6816b6d2985d862c15cb61c11ce575c2/alert/text'
02:10:26.145 [AsyncHttpClient-1-17] DEBUG org.asynchttpclient.netty.handler.HttpHandler - 

Request DefaultFullHttpRequest(decodeResult: success, version: HTTP/1.1, content: EmptyByteBufBE)
GET /session/6816b6d2985d862c15cb61c11ce575c2/alert/text HTTP/1.1
User-Agent: selenium/4.8.1 (java windows)
Cache-Control: no-cache
Content-Type: application/json; charset=utf-8
host: localhost:16832
accept: */*

Response DefaultHttpResponse(decodeResult: success, version: HTTP/1.1)
HTTP/1.1 404 Not Found
Content-Length: 828
Content-Type: application/json; charset=utf-8
cache-control: no-cache

02:10:26.146 [AsyncHttpClient-1-17] DEBUG org.asynchttpclient.netty.channel.ChannelManager - Adding key: http://localhost:16832 for channel [id: 0xad7bb623, L:/127.0.0.1:61091 - R:localhost/127.0.0.1:16832]
02:10:26.155 [Forwarding getCurrentUrl on session 6816b6d2985d862c15cb61c11ce575c2 to remote] DEBUG org.asynchttpclient.netty.request.NettyRequestSender - Using pooled Channel '[id: 0xad7bb623, L:/127.0.0.1:61091 - R:localhost/127.0.0.1:16832]' for 'GET' to 'http://localhost:16832/session/6816b6d2985d862c15cb61c11ce575c2/url'
02:10:26.156 [Forwarding getCurrentUrl on session 6816b6d2985d862c15cb61c11ce575c2 to remote] DEBUG org.asynchttpclient.netty.request.NettyRequestSender - Using open Channel [id: 0xad7bb623, L:/127.0.0.1:61091 - R:localhost/127.0.0.1:16832] for GET '/session/6816b6d2985d862c15cb61c11ce575c2/url'
02:10:26.167 [AsyncHttpClient-1-17] DEBUG org.asynchttpclient.netty.handler.HttpHandler - 

Request DefaultFullHttpRequest(decodeResult: success, version: HTTP/1.1, content: EmptyByteBufBE)
GET /session/6816b6d2985d862c15cb61c11ce575c2/url HTTP/1.1
User-Agent: selenium/4.8.1 (java windows)
Cache-Control: no-cache
Content-Type: application/json; charset=utf-8
host: localhost:16832
accept: */*

Response DefaultHttpResponse(decodeResult: success, version: HTTP/1.1)
HTTP/1.1 200 OK
Content-Length: 56
Content-Type: application/json; charset=utf-8
cache-control: no-cache

02:10:26.167 [AsyncHttpClient-1-17] DEBUG org.asynchttpclient.netty.channel.ChannelManager - Adding key: http://localhost:16832 for channel [id: 0xad7bb623, L:/127.0.0.1:61091 - R:localhost/127.0.0.1:16832]
02:10:26.169 [Forwarding screenshot on session 6816b6d2985d862c15cb61c11ce575c2 to remote] DEBUG org.asynchttpclient.netty.request.NettyRequestSender - Using pooled Channel '[id: 0xad7bb623, L:/127.0.0.1:61091 - R:localhost/127.0.0.1:16832]' for 'GET' to 'http://localhost:16832/session/6816b6d2985d862c15cb61c11ce575c2/screenshot'
02:10:26.169 [Forwarding screenshot on session 6816b6d2985d862c15cb61c11ce575c2 to remote] DEBUG org.asynchttpclient.netty.request.NettyRequestSender - Using open Channel [id: 0xad7bb623, L:/127.0.0.1:61091 - R:localhost/127.0.0.1:16832] for GET '/session/6816b6d2985d862c15cb61c11ce575c2/screenshot'
02:10:26.512 [AsyncHttpClient-1-17] DEBUG org.asynchttpclient.netty.handler.HttpHandler - 

Request DefaultFullHttpRequest(decodeResult: success, version: HTTP/1.1, content: EmptyByteBufBE)
GET /session/6816b6d2985d862c15cb61c11ce575c2/screenshot HTTP/1.1
User-Agent: selenium/4.8.1 (java windows)
Cache-Control: no-cache
Content-Type: application/json; charset=utf-8
host: localhost:16832
accept: */*

Response DefaultHttpResponse(decodeResult: success, version: HTTP/1.1)
HTTP/1.1 200 OK
Content-Length: 116632
Content-Type: application/json; charset=utf-8
cache-control: no-cache

02:10:26.513 [AsyncHttpClient-1-17] DEBUG org.asynchttpclient.netty.channel.ChannelManager - Adding key: http://localhost:16832 for channel [id: 0xad7bb623, L:/127.0.0.1:61091 - R:localhost/127.0.0.1:16832]
02:10:26.518 [main] DEBUG net.serenitybdd.core.photography.Darkroom - Send negative for processing for target\site\serenity\6734258771fb363eef3afd1b4c9f8158b2f02a3f287fdfdb385a9d7325289087.png
02:10:26.519 [Darkroom Processing Line] DEBUG net.serenitybdd.core.photography.DarkroomProcessingLine - Processing screenshot image in /var/screenshots/screenshot-18192698332658810804
02:10:26.519 [Darkroom Processing Line] DEBUG net.serenitybdd.core.photography.DarkroomProcessingLine - Saving screenshot to target\site\serenity\6734258771fb363eef3afd1b4c9f8158b2f02a3f287fdfdb385a9d7325289087.png
02:10:26.520 [Forwarding getPageSource on session 6816b6d2985d862c15cb61c11ce575c2 to remote] DEBUG org.asynchttpclient.netty.request.NettyRequestSender - Using pooled Channel '[id: 0xad7bb623, L:/127.0.0.1:61091 - R:localhost/127.0.0.1:16832]' for 'POST' to 'http://localhost:16832/session/6816b6d2985d862c15cb61c11ce575c2/execute/sync'
02:10:26.521 [Forwarding getPageSource on session 6816b6d2985d862c15cb61c11ce575c2 to remote] DEBUG org.asynchttpclient.netty.request.NettyRequestSender - Using open Channel [id: 0xad7bb623, L:/127.0.0.1:61091 - R:localhost/127.0.0.1:16832] for POST '/session/6816b6d2985d862c15cb61c11ce575c2/execute/sync'
02:10:26.531 [AsyncHttpClient-1-1] DEBUG org.asynchttpclient.netty.channel.DefaultChannelPool - Entry count for : http://localhost:61092 : 1
02:10:26.531 [AsyncHttpClient-1-17] DEBUG org.asynchttpclient.netty.handler.HttpHandler - 

Request DefaultHttpRequest(decodeResult: success, version: HTTP/1.1)
POST /session/6816b6d2985d862c15cb61c11ce575c2/execute/sync HTTP/1.1
User-Agent: selenium/4.8.1 (java windows)
Content-Length: 176
Content-Type: application/json; charset=utf-8
host: localhost:16832
accept: */*

Response DefaultHttpResponse(decodeResult: success, version: HTTP/1.1)
HTTP/1.1 200 OK
Content-Length: 3427
Content-Type: application/json; charset=utf-8
cache-control: no-cache

02:10:26.532 [AsyncHttpClient-1-17] DEBUG org.asynchttpclient.netty.channel.ChannelManager - Adding key: http://localhost:16832 for channel [id: 0xad7bb623, L:/127.0.0.1:61091 - R:localhost/127.0.0.1:16832]
02:10:26.534 [Forwarding getCurrentUrl on session 6816b6d2985d862c15cb61c11ce575c2 to remote] DEBUG org.asynchttpclient.netty.request.NettyRequestSender - Using pooled Channel '[id: 0xad7bb623, L:/127.0.0.1:61091 - R:localhost/127.0.0.1:16832]' for 'GET' to 'http://localhost:16832/session/6816b6d2985d862c15cb61c11ce575c2/url'
02:10:26.534 [Forwarding getCurrentUrl on session 6816b6d2985d862c15cb61c11ce575c2 to remote] DEBUG org.asynchttpclient.netty.request.NettyRequestSender - Using open Channel [id: 0xad7bb623, L:/127.0.0.1:61091 - R:localhost/127.0.0.1:16832] for GET '/session/6816b6d2985d862c15cb61c11ce575c2/url'
02:10:26.544 [AsyncHttpClient-1-17] DEBUG org.asynchttpclient.netty.handler.HttpHandler - 

Request DefaultFullHttpRequest(decodeResult: success, version: HTTP/1.1, content: EmptyByteBufBE)
GET /session/6816b6d2985d862c15cb61c11ce575c2/url HTTP/1.1
User-Agent: selenium/4.8.1 (java windows)
Cache-Control: no-cache
Content-Type: application/json; charset=utf-8
host: localhost:16832
accept: */*

Response DefaultHttpResponse(decodeResult: success, version: HTTP/1.1)
HTTP/1.1 200 OK
Content-Length: 56
Content-Type: application/json; charset=utf-8
cache-control: no-cache

02:10:26.544 [AsyncHttpClient-1-17] DEBUG org.asynchttpclient.netty.channel.ChannelManager - Adding key: http://localhost:16832 for channel [id: 0xad7bb623, L:/127.0.0.1:61091 - R:localhost/127.0.0.1:16832]
02:10:26.556 [main] DEBUG net.thucydides.core.steps.StepInterceptor - STEP DONE: enterPassword
  &amp#27;[32mAnd &amp#27;[0m&amp#27;[32mI enter empty password&amp#27;[0m                                         &amp#27;[90m# starter.stepdefinitions.LoginSteps.enterEmptyPwd()&amp#27;[0m
02:10:26.572 [Forwarding getAlertText on session 6816b6d2985d862c15cb61c11ce575c2 to remote] DEBUG org.asynchttpclient.netty.request.NettyRequestSender - Using pooled Channel '[id: 0xad7bb623, L:/127.0.0.1:61091 - R:localhost/127.0.0.1:16832]' for 'GET' to 'http://localhost:16832/session/6816b6d2985d862c15cb61c11ce575c2/alert/text'
02:10:26.572 [Forwarding getAlertText on session 6816b6d2985d862c15cb61c11ce575c2 to remote] DEBUG org.asynchttpclient.netty.request.NettyRequestSender - Using open Channel [id: 0xad7bb623, L:/127.0.0.1:61091 - R:localhost/127.0.0.1:16832] for GET '/session/6816b6d2985d862c15cb61c11ce575c2/alert/text'
02:10:26.575 [AsyncHttpClient-1-17] DEBUG org.asynchttpclient.netty.handler.HttpHandler - 

Request DefaultFullHttpRequest(decodeResult: success, version: HTTP/1.1, content: EmptyByteBufBE)
GET /session/6816b6d2985d862c15cb61c11ce575c2/alert/text HTTP/1.1
User-Agent: selenium/4.8.1 (java windows)
Cache-Control: no-cache
Content-Type: application/json; charset=utf-8
host: localhost:16832
accept: */*

Response DefaultHttpResponse(decodeResult: success, version: HTTP/1.1)
HTTP/1.1 404 Not Found
Content-Length: 828
Content-Type: application/json; charset=utf-8
cache-control: no-cache

02:10:26.575 [AsyncHttpClient-1-17] DEBUG org.asynchttpclient.netty.channel.ChannelManager - Adding key: http://localhost:16832 for channel [id: 0xad7bb623, L:/127.0.0.1:61091 - R:localhost/127.0.0.1:16832]
02:10:26.577 [Forwarding getCurrentUrl on session 6816b6d2985d862c15cb61c11ce575c2 to remote] DEBUG org.asynchttpclient.netty.request.NettyRequestSender - Using pooled Channel '[id: 0xad7bb623, L:/127.0.0.1:61091 - R:localhost/127.0.0.1:16832]' for 'GET' to 'http://localhost:16832/session/6816b6d2985d862c15cb61c11ce575c2/url'
02:10:26.577 [Forwarding getCurrentUrl on session 6816b6d2985d862c15cb61c11ce575c2 to remote] DEBUG org.asynchttpclient.netty.request.NettyRequestSender - Using open Channel [id: 0xad7bb623, L:/127.0.0.1:61091 - R:localhost/127.0.0.1:16832] for GET '/session/6816b6d2985d862c15cb61c11ce575c2/url'
02:10:26.586 [AsyncHttpClient-1-17] DEBUG org.asynchttpclient.netty.handler.HttpHandler - 

Request DefaultFullHttpRequest(decodeResult: success, version: HTTP/1.1, content: EmptyByteBufBE)
GET /session/6816b6d2985d862c15cb61c11ce575c2/url HTTP/1.1
User-Agent: selenium/4.8.1 (java windows)
Cache-Control: no-cache
Content-Type: application/json; charset=utf-8
host: localhost:16832
accept: */*

Response DefaultHttpResponse(decodeResult: success, version: HTTP/1.1)
HTTP/1.1 200 OK
Content-Length: 56
Content-Type: application/json; charset=utf-8
cache-control: no-cache

02:10:26.587 [AsyncHttpClient-1-17] DEBUG org.asynchttpclient.netty.channel.ChannelManager - Adding key: http://localhost:16832 for channel [id: 0xad7bb623, L:/127.0.0.1:61091 - R:localhost/127.0.0.1:16832]
02:10:26.588 [Forwarding screenshot on session 6816b6d2985d862c15cb61c11ce575c2 to remote] DEBUG org.asynchttpclient.netty.request.NettyRequestSender - Using pooled Channel '[id: 0xad7bb623, L:/127.0.0.1:61091 - R:localhost/127.0.0.1:16832]' for 'GET' to 'http://localhost:16832/session/6816b6d2985d862c15cb61c11ce575c2/screenshot'
02:10:26.588 [Forwarding screenshot on session 6816b6d2985d862c15cb61c11ce575c2 to remote] DEBUG org.asynchttpclient.netty.request.NettyRequestSender - Using open Channel [id: 0xad7bb623, L:/127.0.0.1:61091 - R:localhost/127.0.0.1:16832] for GET '/session/6816b6d2985d862c15cb61c11ce575c2/screenshot'
02:10:26.886 [AsyncHttpClient-1-17] DEBUG org.asynchttpclient.netty.handler.HttpHandler - 

Request DefaultFullHttpRequest(decodeResult: success, version: HTTP/1.1, content: EmptyByteBufBE)
GET /session/6816b6d2985d862c15cb61c11ce575c2/screenshot HTTP/1.1
User-Agent: selenium/4.8.1 (java windows)
Cache-Control: no-cache
Content-Type: application/json; charset=utf-8
host: localhost:16832
accept: */*

Response DefaultHttpResponse(decodeResult: success, version: HTTP/1.1)
HTTP/1.1 200 OK
Content-Length: 116632
Content-Type: application/json; charset=utf-8
cache-control: no-cache

02:10:26.887 [AsyncHttpClient-1-17] DEBUG org.asynchttpclient.netty.channel.ChannelManager - Adding key: http://localhost:16832 for channel [id: 0xad7bb623, L:/127.0.0.1:61091 - R:localhost/127.0.0.1:16832]
02:10:26.893 [main] DEBUG net.serenitybdd.core.photography.Darkroom - Send negative for processing for target\site\serenity\6734258771fb363eef3afd1b4c9f8158b2f02a3f287fdfdb385a9d7325289087.png
02:10:26.896 [Forwarding getPageSource on session 6816b6d2985d862c15cb61c11ce575c2 to remote] DEBUG org.asynchttpclient.netty.request.NettyRequestSender - Using pooled Channel '[id: 0xad7bb623, L:/127.0.0.1:61091 - R:localhost/127.0.0.1:16832]' for 'POST' to 'http://localhost:16832/session/6816b6d2985d862c15cb61c11ce575c2/execute/sync'
02:10:26.896 [Forwarding getPageSource on session 6816b6d2985d862c15cb61c11ce575c2 to remote] DEBUG org.asynchttpclient.netty.request.NettyRequestSender - Using open Channel [id: 0xad7bb623, L:/127.0.0.1:61091 - R:localhost/127.0.0.1:16832] for POST '/session/6816b6d2985d862c15cb61c11ce575c2/execute/sync'
02:10:26.910 [AsyncHttpClient-1-17] DEBUG org.asynchttpclient.netty.handler.HttpHandler - 

Request DefaultHttpRequest(decodeResult: success, version: HTTP/1.1)
POST /session/6816b6d2985d862c15cb61c11ce575c2/execute/sync HTTP/1.1
User-Agent: selenium/4.8.1 (java windows)
Content-Length: 176
Content-Type: application/json; charset=utf-8
host: localhost:16832
accept: */*

Response DefaultHttpResponse(decodeResult: success, version: HTTP/1.1)
HTTP/1.1 200 OK
Content-Length: 3427
Content-Type: application/json; charset=utf-8
cache-control: no-cache

02:10:26.910 [AsyncHttpClient-1-17] DEBUG org.asynchttpclient.netty.channel.ChannelManager - Adding key: http://localhost:16832 for channel [id: 0xad7bb623, L:/127.0.0.1:61091 - R:localhost/127.0.0.1:16832]
02:10:26.914 [Forwarding getCurrentUrl on session 6816b6d2985d862c15cb61c11ce575c2 to remote] DEBUG org.asynchttpclient.netty.request.NettyRequestSender - Using pooled Channel '[id: 0xad7bb623, L:/127.0.0.1:61091 - R:localhost/127.0.0.1:16832]' for 'GET' to 'http://localhost:16832/session/6816b6d2985d862c15cb61c11ce575c2/url'
02:10:26.914 [Forwarding getCurrentUrl on session 6816b6d2985d862c15cb61c11ce575c2 to remote] DEBUG org.asynchttpclient.netty.request.NettyRequestSender - Using open Channel [id: 0xad7bb623, L:/127.0.0.1:61091 - R:localhost/127.0.0.1:16832] for GET '/session/6816b6d2985d862c15cb61c11ce575c2/url'
02:10:26.929 [AsyncHttpClient-1-17] DEBUG org.asynchttpclient.netty.handler.HttpHandler - 

Request DefaultFullHttpRequest(decodeResult: success, version: HTTP/1.1, content: EmptyByteBufBE)
GET /session/6816b6d2985d862c15cb61c11ce575c2/url HTTP/1.1
User-Agent: selenium/4.8.1 (java windows)
Cache-Control: no-cache
Content-Type: application/json; charset=utf-8
host: localhost:16832
accept: */*

Response DefaultHttpResponse(decodeResult: success, version: HTTP/1.1)
HTTP/1.1 200 OK
Content-Length: 56
Content-Type: application/json; charset=utf-8
cache-control: no-cache

02:10:26.929 [AsyncHttpClient-1-17] DEBUG org.asynchttpclient.netty.channel.ChannelManager - Adding key: http://localhost:16832 for channel [id: 0xad7bb623, L:/127.0.0.1:61091 - R:localhost/127.0.0.1:16832]
02:10:26.953 [Forwarding getAlertText on session 6816b6d2985d862c15cb61c11ce575c2 to remote] DEBUG org.asynchttpclient.netty.request.NettyRequestSender - Using pooled Channel '[id: 0xad7bb623, L:/127.0.0.1:61091 - R:localhost/127.0.0.1:16832]' for 'GET' to 'http://localhost:16832/session/6816b6d2985d862c15cb61c11ce575c2/alert/text'
02:10:26.953 [Forwarding getAlertText on session 6816b6d2985d862c15cb61c11ce575c2 to remote] DEBUG org.asynchttpclient.netty.request.NettyRequestSender - Using open Channel [id: 0xad7bb623, L:/127.0.0.1:61091 - R:localhost/127.0.0.1:16832] for GET '/session/6816b6d2985d862c15cb61c11ce575c2/alert/text'
02:10:26.957 [AsyncHttpClient-1-17] DEBUG org.asynchttpclient.netty.handler.HttpHandler - 

Request DefaultFullHttpRequest(decodeResult: success, version: HTTP/1.1, content: EmptyByteBufBE)
GET /session/6816b6d2985d862c15cb61c11ce575c2/alert/text HTTP/1.1
User-Agent: selenium/4.8.1 (java windows)
Cache-Control: no-cache
Content-Type: application/json; charset=utf-8
host: localhost:16832
accept: */*

Response DefaultHttpResponse(decodeResult: success, version: HTTP/1.1)
HTTP/1.1 404 Not Found
Content-Length: 828
Content-Type: application/json; charset=utf-8
cache-control: no-cache

02:10:26.957 [AsyncHttpClient-1-17] DEBUG org.asynchttpclient.netty.channel.ChannelManager - Adding key: http://localhost:16832 for channel [id: 0xad7bb623, L:/127.0.0.1:61091 - R:localhost/127.0.0.1:16832]
02:10:26.959 [Forwarding getCurrentUrl on session 6816b6d2985d862c15cb61c11ce575c2 to remote] DEBUG org.asynchttpclient.netty.request.NettyRequestSender - Using pooled Channel '[id: 0xad7bb623, L:/127.0.0.1:61091 - R:localhost/127.0.0.1:16832]' for 'GET' to 'http://localhost:16832/session/6816b6d2985d862c15cb61c11ce575c2/url'
02:10:26.959 [Forwarding getCurrentUrl on session 6816b6d2985d862c15cb61c11ce575c2 to remote] DEBUG org.asynchttpclient.netty.request.NettyRequestSender - Using open Channel [id: 0xad7bb623, L:/127.0.0.1:61091 - R:localhost/127.0.0.1:16832] for GET '/session/6816b6d2985d862c15cb61c11ce575c2/url'
02:10:26.970 [AsyncHttpClient-1-17] DEBUG org.asynchttpclient.netty.handler.HttpHandler - 

Request DefaultFullHttpRequest(decodeResult: success, version: HTTP/1.1, content: EmptyByteBufBE)
GET /session/6816b6d2985d862c15cb61c11ce575c2/url HTTP/1.1
User-Agent: selenium/4.8.1 (java windows)
Cache-Control: no-cache
Content-Type: application/json; charset=utf-8
host: localhost:16832
accept: */*

Response DefaultHttpResponse(decodeResult: success, version: HTTP/1.1)
HTTP/1.1 200 OK
Content-Length: 56
Content-Type: application/json; charset=utf-8
cache-control: no-cache

02:10:26.970 [AsyncHttpClient-1-17] DEBUG org.asynchttpclient.netty.channel.ChannelManager - Adding key: http://localhost:16832 for channel [id: 0xad7bb623, L:/127.0.0.1:61091 - R:localhost/127.0.0.1:16832]
02:10:26.972 [Forwarding screenshot on session 6816b6d2985d862c15cb61c11ce575c2 to remote] DEBUG org.asynchttpclient.netty.request.NettyRequestSender - Using pooled Channel '[id: 0xad7bb623, L:/127.0.0.1:61091 - R:localhost/127.0.0.1:16832]' for 'GET' to 'http://localhost:16832/session/6816b6d2985d862c15cb61c11ce575c2/screenshot'
02:10:26.972 [Forwarding screenshot on session 6816b6d2985d862c15cb61c11ce575c2 to remote] DEBUG org.asynchttpclient.netty.request.NettyRequestSender - Using open Channel [id: 0xad7bb623, L:/127.0.0.1:61091 - R:localhost/127.0.0.1:16832] for GET '/session/6816b6d2985d862c15cb61c11ce575c2/screenshot'
02:10:27.277 [AsyncHttpClient-1-17] DEBUG org.asynchttpclient.netty.handler.HttpHandler - 

Request DefaultFullHttpRequest(decodeResult: success, version: HTTP/1.1, content: EmptyByteBufBE)
GET /session/6816b6d2985d862c15cb61c11ce575c2/screenshot HTTP/1.1
User-Agent: selenium/4.8.1 (java windows)
Cache-Control: no-cache
Content-Type: application/json; charset=utf-8
host: localhost:16832
accept: */*

Response DefaultHttpResponse(decodeResult: success, version: HTTP/1.1)
HTTP/1.1 200 OK
Content-Length: 116604
Content-Type: application/json; charset=utf-8
cache-control: no-cache

02:10:27.278 [AsyncHttpClient-1-17] DEBUG org.asynchttpclient.netty.channel.ChannelManager - Adding key: http://localhost:16832 for channel [id: 0xad7bb623, L:/127.0.0.1:61091 - R:localhost/127.0.0.1:16832]
02:10:27.283 [main] DEBUG net.serenitybdd.core.photography.Darkroom - Send negative for processing for target\site\serenity\ef7c9814da8fca0b64ebacd534231e1740223389f38e567530c626cffe531b6d.png
02:10:27.284 [Darkroom Processing Line] DEBUG net.serenitybdd.core.photography.DarkroomProcessingLine - Processing screenshot image in /var/screenshots/screenshot-10421610202037168983
02:10:27.284 [Darkroom Processing Line] DEBUG net.serenitybdd.core.photography.DarkroomProcessingLine - Saving screenshot to target\site\serenity\ef7c9814da8fca0b64ebacd534231e1740223389f38e567530c626cffe531b6d.png
02:10:27.286 [Forwarding getPageSource on session 6816b6d2985d862c15cb61c11ce575c2 to remote] DEBUG org.asynchttpclient.netty.request.NettyRequestSender - Using pooled Channel '[id: 0xad7bb623, L:/127.0.0.1:61091 - R:localhost/127.0.0.1:16832]' for 'POST' to 'http://localhost:16832/session/6816b6d2985d862c15cb61c11ce575c2/execute/sync'
02:10:27.286 [Forwarding getPageSource on session 6816b6d2985d862c15cb61c11ce575c2 to remote] DEBUG org.asynchttpclient.netty.request.NettyRequestSender - Using open Channel [id: 0xad7bb623, L:/127.0.0.1:61091 - R:localhost/127.0.0.1:16832] for POST '/session/6816b6d2985d862c15cb61c11ce575c2/execute/sync'
02:10:27.298 [AsyncHttpClient-1-17] DEBUG org.asynchttpclient.netty.handler.HttpHandler - 

Request DefaultHttpRequest(decodeResult: success, version: HTTP/1.1)
POST /session/6816b6d2985d862c15cb61c11ce575c2/execute/sync HTTP/1.1
User-Agent: selenium/4.8.1 (java windows)
Content-Length: 176
Content-Type: application/json; charset=utf-8
host: localhost:16832
accept: */*

Response DefaultHttpResponse(decodeResult: success, version: HTTP/1.1)
HTTP/1.1 200 OK
Content-Length: 3427
Content-Type: application/json; charset=utf-8
cache-control: no-cache

02:10:27.298 [AsyncHttpClient-1-17] DEBUG org.asynchttpclient.netty.channel.ChannelManager - Adding key: http://localhost:16832 for channel [id: 0xad7bb623, L:/127.0.0.1:61091 - R:localhost/127.0.0.1:16832]
02:10:27.300 [Forwarding getCurrentUrl on session 6816b6d2985d862c15cb61c11ce575c2 to remote] DEBUG org.asynchttpclient.netty.request.NettyRequestSender - Using pooled Channel '[id: 0xad7bb623, L:/127.0.0.1:61091 - R:localhost/127.0.0.1:16832]' for 'GET' to 'http://localhost:16832/session/6816b6d2985d862c15cb61c11ce575c2/url'
02:10:27.300 [Forwarding getCurrentUrl on session 6816b6d2985d862c15cb61c11ce575c2 to remote] DEBUG org.asynchttpclient.netty.request.NettyRequestSender - Using open Channel [id: 0xad7bb623, L:/127.0.0.1:61091 - R:localhost/127.0.0.1:16832] for GET '/session/6816b6d2985d862c15cb61c11ce575c2/url'
02:10:27.309 [AsyncHttpClient-1-17] DEBUG org.asynchttpclient.netty.handler.HttpHandler - 

Request DefaultFullHttpRequest(decodeResult: success, version: HTTP/1.1, content: EmptyByteBufBE)
GET /session/6816b6d2985d862c15cb61c11ce575c2/url HTTP/1.1
User-Agent: selenium/4.8.1 (java windows)
Cache-Control: no-cache
Content-Type: application/json; charset=utf-8
host: localhost:16832
accept: */*

Response DefaultHttpResponse(decodeResult: success, version: HTTP/1.1)
HTTP/1.1 200 OK
Content-Length: 56
Content-Type: application/json; charset=utf-8
cache-control: no-cache

02:10:27.310 [AsyncHttpClient-1-17] DEBUG org.asynchttpclient.netty.channel.ChannelManager - Adding key: http://localhost:16832 for channel [id: 0xad7bb623, L:/127.0.0.1:61091 - R:localhost/127.0.0.1:16832]
02:10:27.313 [main] DEBUG net.thucydides.core.steps.StepInterceptor - STARTING STEP: LoginSteps.doClickSignInButton - clickSignInButton
02:10:27.318 [Forwarding findElement on session 6816b6d2985d862c15cb61c11ce575c2 to remote] DEBUG org.asynchttpclient.netty.request.NettyRequestSender - Using pooled Channel '[id: 0xad7bb623, L:/127.0.0.1:61091 - R:localhost/127.0.0.1:16832]' for 'POST' to 'http://localhost:16832/session/6816b6d2985d862c15cb61c11ce575c2/element'
02:10:27.318 [Forwarding findElement on session 6816b6d2985d862c15cb61c11ce575c2 to remote] DEBUG org.asynchttpclient.netty.request.NettyRequestSender - Using open Channel [id: 0xad7bb623, L:/127.0.0.1:61091 - R:localhost/127.0.0.1:16832] for POST '/session/6816b6d2985d862c15cb61c11ce575c2/element'
02:10:27.343 [AsyncHttpClient-1-17] DEBUG org.asynchttpclient.netty.handler.HttpHandler - 

Request DefaultHttpRequest(decodeResult: success, version: HTTP/1.1)
POST /session/6816b6d2985d862c15cb61c11ce575c2/element HTTP/1.1
User-Agent: selenium/4.8.1 (java windows)
Content-Length: 237
Content-Type: application/json; charset=utf-8
host: localhost:16832
accept: */*

Response DefaultHttpResponse(decodeResult: success, version: HTTP/1.1)
HTTP/1.1 200 OK
Content-Length: 95
Content-Type: application/json; charset=utf-8
cache-control: no-cache

02:10:27.344 [AsyncHttpClient-1-17] DEBUG org.asynchttpclient.netty.channel.ChannelManager - Adding key: http://localhost:16832 for channel [id: 0xad7bb623, L:/127.0.0.1:61091 - R:localhost/127.0.0.1:16832]
02:10:27.345 [Forwarding getElementTagName on session 6816b6d2985d862c15cb61c11ce575c2 to remote] DEBUG org.asynchttpclient.netty.request.NettyRequestSender - Using pooled Channel '[id: 0xad7bb623, L:/127.0.0.1:61091 - R:localhost/127.0.0.1:16832]' for 'GET' to 'http://localhost:16832/session/6816b6d2985d862c15cb61c11ce575c2/element/8788F73B89A57EE5A026B629429121D0_element_15/name'
02:10:27.345 [Forwarding getElementTagName on session 6816b6d2985d862c15cb61c11ce575c2 to remote] DEBUG org.asynchttpclient.netty.request.NettyRequestSender - Using open Channel [id: 0xad7bb623, L:/127.0.0.1:61091 - R:localhost/127.0.0.1:16832] for GET '/session/6816b6d2985d862c15cb61c11ce575c2/element/8788F73B89A57EE5A026B629429121D0_element_15/name'
02:10:27.355 [AsyncHttpClient-1-17] DEBUG org.asynchttpclient.netty.handler.HttpHandler - 

Request DefaultFullHttpRequest(decodeResult: success, version: HTTP/1.1, content: EmptyByteBufBE)
GET /session/6816b6d2985d862c15cb61c11ce575c2/element/8788F73B89A57EE5A026B629429121D0_element_15/name HTTP/1.1
User-Agent: selenium/4.8.1 (java windows)
Cache-Control: no-cache
Content-Type: application/json; charset=utf-8
host: localhost:16832
accept: */*

Response DefaultHttpResponse(decodeResult: success, version: HTTP/1.1)
HTTP/1.1 200 OK
Content-Length: 18
Content-Type: application/json; charset=utf-8
cache-control: no-cache

02:10:27.355 [AsyncHttpClient-1-17] DEBUG org.asynchttpclient.netty.channel.ChannelManager - Adding key: http://localhost:16832 for channel [id: 0xad7bb623, L:/127.0.0.1:61091 - R:localhost/127.0.0.1:16832]
02:10:27.357 [Forwarding getElementTagName on session 6816b6d2985d862c15cb61c11ce575c2 to remote] DEBUG org.asynchttpclient.netty.request.NettyRequestSender - Using pooled Channel '[id: 0xad7bb623, L:/127.0.0.1:61091 - R:localhost/127.0.0.1:16832]' for 'GET' to 'http://localhost:16832/session/6816b6d2985d862c15cb61c11ce575c2/element/8788F73B89A57EE5A026B629429121D0_element_15/name'
02:10:27.357 [Forwarding getElementTagName on session 6816b6d2985d862c15cb61c11ce575c2 to remote] DEBUG org.asynchttpclient.netty.request.NettyRequestSender - Using open Channel [id: 0xad7bb623, L:/127.0.0.1:61091 - R:localhost/127.0.0.1:16832] for GET '/session/6816b6d2985d862c15cb61c11ce575c2/element/8788F73B89A57EE5A026B629429121D0_element_15/name'
02:10:27.367 [AsyncHttpClient-1-17] DEBUG org.asynchttpclient.netty.handler.HttpHandler - 

Request DefaultFullHttpRequest(decodeResult: success, version: HTTP/1.1, content: EmptyByteBufBE)
GET /session/6816b6d2985d862c15cb61c11ce575c2/element/8788F73B89A57EE5A026B629429121D0_element_15/name HTTP/1.1
User-Agent: selenium/4.8.1 (java windows)
Cache-Control: no-cache
Content-Type: application/json; charset=utf-8
host: localhost:16832
accept: */*

Response DefaultHttpResponse(decodeResult: success, version: HTTP/1.1)
HTTP/1.1 200 OK
Content-Length: 18
Content-Type: application/json; charset=utf-8
cache-control: no-cache

02:10:27.367 [AsyncHttpClient-1-17] DEBUG org.asynchttpclient.netty.channel.ChannelManager - Adding key: http://localhost:16832 for channel [id: 0xad7bb623, L:/127.0.0.1:61091 - R:localhost/127.0.0.1:16832]
02:10:27.370 [Forwarding isElementEnabled on session 6816b6d2985d862c15cb61c11ce575c2 to remote] DEBUG org.asynchttpclient.netty.request.NettyRequestSender - Using pooled Channel '[id: 0xad7bb623, L:/127.0.0.1:61091 - R:localhost/127.0.0.1:16832]' for 'GET' to 'http://localhost:16832/session/6816b6d2985d862c15cb61c11ce575c2/element/8788F73B89A57EE5A026B629429121D0_element_15/enabled'
02:10:27.370 [Forwarding isElementEnabled on session 6816b6d2985d862c15cb61c11ce575c2 to remote] DEBUG org.asynchttpclient.netty.request.NettyRequestSender - Using open Channel [id: 0xad7bb623, L:/127.0.0.1:61091 - R:localhost/127.0.0.1:16832] for GET '/session/6816b6d2985d862c15cb61c11ce575c2/element/8788F73B89A57EE5A026B629429121D0_element_15/enabled'
02:10:27.385 [AsyncHttpClient-1-17] DEBUG org.asynchttpclient.netty.handler.HttpHandler - 

Request DefaultFullHttpRequest(decodeResult: success, version: HTTP/1.1, content: EmptyByteBufBE)
GET /session/6816b6d2985d862c15cb61c11ce575c2/element/8788F73B89A57EE5A026B629429121D0_element_15/enabled HTTP/1.1
User-Agent: selenium/4.8.1 (java windows)
Cache-Control: no-cache
Content-Type: application/json; charset=utf-8
host: localhost:16832
accept: */*

Response DefaultHttpResponse(decodeResult: success, version: HTTP/1.1)
HTTP/1.1 200 OK
Content-Length: 14
Content-Type: application/json; charset=utf-8
cache-control: no-cache

02:10:27.385 [AsyncHttpClient-1-17] DEBUG org.asynchttpclient.netty.channel.ChannelManager - Adding key: http://localhost:16832 for channel [id: 0xad7bb623, L:/127.0.0.1:61091 - R:localhost/127.0.0.1:16832]
02:10:27.386 [Forwarding isElementEnabled on session 6816b6d2985d862c15cb61c11ce575c2 to remote] DEBUG org.asynchttpclient.netty.request.NettyRequestSender - Using pooled Channel '[id: 0xad7bb623, L:/127.0.0.1:61091 - R:localhost/127.0.0.1:16832]' for 'GET' to 'http://localhost:16832/session/6816b6d2985d862c15cb61c11ce575c2/element/8788F73B89A57EE5A026B629429121D0_element_15/enabled'
02:10:27.386 [Forwarding isElementEnabled on session 6816b6d2985d862c15cb61c11ce575c2 to remote] DEBUG org.asynchttpclient.netty.request.NettyRequestSender - Using open Channel [id: 0xad7bb623, L:/127.0.0.1:61091 - R:localhost/127.0.0.1:16832] for GET '/session/6816b6d2985d862c15cb61c11ce575c2/element/8788F73B89A57EE5A026B629429121D0_element_15/enabled'
02:10:27.402 [AsyncHttpClient-1-17] DEBUG org.asynchttpclient.netty.handler.HttpHandler - 

Request DefaultFullHttpRequest(decodeResult: success, version: HTTP/1.1, content: EmptyByteBufBE)
GET /session/6816b6d2985d862c15cb61c11ce575c2/element/8788F73B89A57EE5A026B629429121D0_element_15/enabled HTTP/1.1
User-Agent: selenium/4.8.1 (java windows)
Cache-Control: no-cache
Content-Type: application/json; charset=utf-8
host: localhost:16832
accept: */*

Response DefaultHttpResponse(decodeResult: success, version: HTTP/1.1)
HTTP/1.1 200 OK
Content-Length: 14
Content-Type: application/json; charset=utf-8
cache-control: no-cache

02:10:27.402 [AsyncHttpClient-1-17] DEBUG org.asynchttpclient.netty.channel.ChannelManager - Adding key: http://localhost:16832 for channel [id: 0xad7bb623, L:/127.0.0.1:61091 - R:localhost/127.0.0.1:16832]
02:10:27.405 [Forwarding findElement on session 6816b6d2985d862c15cb61c11ce575c2 to remote] DEBUG org.asynchttpclient.netty.request.NettyRequestSender - Using pooled Channel '[id: 0xad7bb623, L:/127.0.0.1:61091 - R:localhost/127.0.0.1:16832]' for 'POST' to 'http://localhost:16832/session/6816b6d2985d862c15cb61c11ce575c2/element'
02:10:27.405 [Forwarding findElement on session 6816b6d2985d862c15cb61c11ce575c2 to remote] DEBUG org.asynchttpclient.netty.request.NettyRequestSender - Using open Channel [id: 0xad7bb623, L:/127.0.0.1:61091 - R:localhost/127.0.0.1:16832] for POST '/session/6816b6d2985d862c15cb61c11ce575c2/element'
02:10:27.422 [AsyncHttpClient-1-17] DEBUG org.asynchttpclient.netty.handler.HttpHandler - 

Request DefaultHttpRequest(decodeResult: success, version: HTTP/1.1)
POST /session/6816b6d2985d862c15cb61c11ce575c2/element HTTP/1.1
User-Agent: selenium/4.8.1 (java windows)
Content-Length: 237
Content-Type: application/json; charset=utf-8
host: localhost:16832
accept: */*

Response DefaultHttpResponse(decodeResult: success, version: HTTP/1.1)
HTTP/1.1 200 OK
Content-Length: 95
Content-Type: application/json; charset=utf-8
cache-control: no-cache

02:10:27.423 [AsyncHttpClient-1-17] DEBUG org.asynchttpclient.netty.channel.ChannelManager - Adding key: http://localhost:16832 for channel [id: 0xad7bb623, L:/127.0.0.1:61091 - R:localhost/127.0.0.1:16832]
02:10:27.424 [Forwarding clickElement on session 6816b6d2985d862c15cb61c11ce575c2 to remote] DEBUG org.asynchttpclient.netty.request.NettyRequestSender - Using pooled Channel '[id: 0xad7bb623, L:/127.0.0.1:61091 - R:localhost/127.0.0.1:16832]' for 'POST' to 'http://localhost:16832/session/6816b6d2985d862c15cb61c11ce575c2/element/8788F73B89A57EE5A026B629429121D0_element_15/click'
02:10:27.424 [Forwarding clickElement on session 6816b6d2985d862c15cb61c11ce575c2 to remote] DEBUG org.asynchttpclient.netty.request.NettyRequestSender - Using open Channel [id: 0xad7bb623, L:/127.0.0.1:61091 - R:localhost/127.0.0.1:16832] for POST '/session/6816b6d2985d862c15cb61c11ce575c2/element/8788F73B89A57EE5A026B629429121D0_element_15/click'
02:10:27.529 [AsyncHttpClient-1-17] DEBUG org.asynchttpclient.netty.handler.HttpHandler - 

Request DefaultHttpRequest(decodeResult: success, version: HTTP/1.1)
POST /session/6816b6d2985d862c15cb61c11ce575c2/element/8788F73B89A57EE5A026B629429121D0_element_15/click HTTP/1.1
User-Agent: selenium/4.8.1 (java windows)
Content-Length: 57
Content-Type: application/json; charset=utf-8
host: localhost:16832
accept: */*

Response DefaultHttpResponse(decodeResult: success, version: HTTP/1.1)
HTTP/1.1 200 OK
Content-Length: 14
Content-Type: application/json; charset=utf-8
cache-control: no-cache

02:10:27.529 [AsyncHttpClient-1-17] DEBUG org.asynchttpclient.netty.channel.ChannelManager - Adding key: http://localhost:16832 for channel [id: 0xad7bb623, L:/127.0.0.1:61091 - R:localhost/127.0.0.1:16832]
02:10:27.542 [Forwarding getAlertText on session 6816b6d2985d862c15cb61c11ce575c2 to remote] DEBUG org.asynchttpclient.netty.request.NettyRequestSender - Using pooled Channel '[id: 0xad7bb623, L:/127.0.0.1:61091 - R:localhost/127.0.0.1:16832]' for 'GET' to 'http://localhost:16832/session/6816b6d2985d862c15cb61c11ce575c2/alert/text'
02:10:27.542 [Forwarding getAlertText on session 6816b6d2985d862c15cb61c11ce575c2 to remote] DEBUG org.asynchttpclient.netty.request.NettyRequestSender - Using open Channel [id: 0xad7bb623, L:/127.0.0.1:61091 - R:localhost/127.0.0.1:16832] for GET '/session/6816b6d2985d862c15cb61c11ce575c2/alert/text'
02:10:27.545 [AsyncHttpClient-1-17] DEBUG org.asynchttpclient.netty.handler.HttpHandler - 

Request DefaultFullHttpRequest(decodeResult: success, version: HTTP/1.1, content: EmptyByteBufBE)
GET /session/6816b6d2985d862c15cb61c11ce575c2/alert/text HTTP/1.1
User-Agent: selenium/4.8.1 (java windows)
Cache-Control: no-cache
Content-Type: application/json; charset=utf-8
host: localhost:16832
accept: */*

Response DefaultHttpResponse(decodeResult: success, version: HTTP/1.1)
HTTP/1.1 404 Not Found
Content-Length: 828
Content-Type: application/json; charset=utf-8
cache-control: no-cache

02:10:27.546 [AsyncHttpClient-1-17] DEBUG org.asynchttpclient.netty.channel.ChannelManager - Adding key: http://localhost:16832 for channel [id: 0xad7bb623, L:/127.0.0.1:61091 - R:localhost/127.0.0.1:16832]
02:10:27.547 [Forwarding getCurrentUrl on session 6816b6d2985d862c15cb61c11ce575c2 to remote] DEBUG org.asynchttpclient.netty.request.NettyRequestSender - Using pooled Channel '[id: 0xad7bb623, L:/127.0.0.1:61091 - R:localhost/127.0.0.1:16832]' for 'GET' to 'http://localhost:16832/session/6816b6d2985d862c15cb61c11ce575c2/url'
02:10:27.547 [Forwarding getCurrentUrl on session 6816b6d2985d862c15cb61c11ce575c2 to remote] DEBUG org.asynchttpclient.netty.request.NettyRequestSender - Using open Channel [id: 0xad7bb623, L:/127.0.0.1:61091 - R:localhost/127.0.0.1:16832] for GET '/session/6816b6d2985d862c15cb61c11ce575c2/url'
02:10:27.558 [AsyncHttpClient-1-17] DEBUG org.asynchttpclient.netty.handler.HttpHandler - 

Request DefaultFullHttpRequest(decodeResult: success, version: HTTP/1.1, content: EmptyByteBufBE)
GET /session/6816b6d2985d862c15cb61c11ce575c2/url HTTP/1.1
User-Agent: selenium/4.8.1 (java windows)
Cache-Control: no-cache
Content-Type: application/json; charset=utf-8
host: localhost:16832
accept: */*

Response DefaultHttpResponse(decodeResult: success, version: HTTP/1.1)
HTTP/1.1 200 OK
Content-Length: 56
Content-Type: application/json; charset=utf-8
cache-control: no-cache

02:10:27.558 [AsyncHttpClient-1-17] DEBUG org.asynchttpclient.netty.channel.ChannelManager - Adding key: http://localhost:16832 for channel [id: 0xad7bb623, L:/127.0.0.1:61091 - R:localhost/127.0.0.1:16832]
02:10:27.559 [Forwarding screenshot on session 6816b6d2985d862c15cb61c11ce575c2 to remote] DEBUG org.asynchttpclient.netty.request.NettyRequestSender - Using pooled Channel '[id: 0xad7bb623, L:/127.0.0.1:61091 - R:localhost/127.0.0.1:16832]' for 'GET' to 'http://localhost:16832/session/6816b6d2985d862c15cb61c11ce575c2/screenshot'
02:10:27.559 [Forwarding screenshot on session 6816b6d2985d862c15cb61c11ce575c2 to remote] DEBUG org.asynchttpclient.netty.request.NettyRequestSender - Using open Channel [id: 0xad7bb623, L:/127.0.0.1:61091 - R:localhost/127.0.0.1:16832] for GET '/session/6816b6d2985d862c15cb61c11ce575c2/screenshot'
02:10:27.631 [AsyncHttpClient-1-1] DEBUG org.asynchttpclient.netty.channel.DefaultChannelPool - Entry count for : http://localhost:61092 : 1
02:10:27.881 [AsyncHttpClient-1-17] DEBUG org.asynchttpclient.netty.handler.HttpHandler - 

Request DefaultFullHttpRequest(decodeResult: success, version: HTTP/1.1, content: EmptyByteBufBE)
GET /session/6816b6d2985d862c15cb61c11ce575c2/screenshot HTTP/1.1
User-Agent: selenium/4.8.1 (java windows)
Cache-Control: no-cache
Content-Type: application/json; charset=utf-8
host: localhost:16832
accept: */*

Response DefaultHttpResponse(decodeResult: success, version: HTTP/1.1)
HTTP/1.1 200 OK
Content-Length: 129716
Content-Type: application/json; charset=utf-8
cache-control: no-cache

02:10:27.882 [AsyncHttpClient-1-17] DEBUG org.asynchttpclient.netty.channel.ChannelManager - Adding key: http://localhost:16832 for channel [id: 0xad7bb623, L:/127.0.0.1:61091 - R:localhost/127.0.0.1:16832]
02:10:27.887 [main] DEBUG net.serenitybdd.core.photography.Darkroom - Send negative for processing for target\site\serenity\30e146264e05d50768c3484e464c3c2bbefbf3239bf7d6a0cf26ba8248458406.png
02:10:27.888 [Darkroom Processing Line] DEBUG net.serenitybdd.core.photography.DarkroomProcessingLine - Processing screenshot image in /var/screenshots/screenshot-6573113573036074037
02:10:27.888 [Darkroom Processing Line] DEBUG net.serenitybdd.core.photography.DarkroomProcessingLine - Saving screenshot to target\site\serenity\30e146264e05d50768c3484e464c3c2bbefbf3239bf7d6a0cf26ba8248458406.png
02:10:27.889 [Forwarding getPageSource on session 6816b6d2985d862c15cb61c11ce575c2 to remote] DEBUG org.asynchttpclient.netty.request.NettyRequestSender - Using pooled Channel '[id: 0xad7bb623, L:/127.0.0.1:61091 - R:localhost/127.0.0.1:16832]' for 'POST' to 'http://localhost:16832/session/6816b6d2985d862c15cb61c11ce575c2/execute/sync'
02:10:27.889 [Forwarding getPageSource on session 6816b6d2985d862c15cb61c11ce575c2 to remote] DEBUG org.asynchttpclient.netty.request.NettyRequestSender - Using open Channel [id: 0xad7bb623, L:/127.0.0.1:61091 - R:localhost/127.0.0.1:16832] for POST '/session/6816b6d2985d862c15cb61c11ce575c2/execute/sync'
02:10:27.899 [AsyncHttpClient-1-17] DEBUG org.asynchttpclient.netty.handler.HttpHandler - 

Request DefaultHttpRequest(decodeResult: success, version: HTTP/1.1)
POST /session/6816b6d2985d862c15cb61c11ce575c2/execute/sync HTTP/1.1
User-Agent: selenium/4.8.1 (java windows)
Content-Length: 176
Content-Type: application/json; charset=utf-8
host: localhost:16832
accept: */*

Response DefaultHttpResponse(decodeResult: success, version: HTTP/1.1)
HTTP/1.1 200 OK
Content-Length: 3487
Content-Type: application/json; charset=utf-8
cache-control: no-cache

02:10:27.900 [AsyncHttpClient-1-17] DEBUG org.asynchttpclient.netty.channel.ChannelManager - Adding key: http://localhost:16832 for channel [id: 0xad7bb623, L:/127.0.0.1:61091 - R:localhost/127.0.0.1:16832]
02:10:27.902 [Forwarding getCurrentUrl on session 6816b6d2985d862c15cb61c11ce575c2 to remote] DEBUG org.asynchttpclient.netty.request.NettyRequestSender - Using pooled Channel '[id: 0xad7bb623, L:/127.0.0.1:61091 - R:localhost/127.0.0.1:16832]' for 'GET' to 'http://localhost:16832/session/6816b6d2985d862c15cb61c11ce575c2/url'
02:10:27.902 [Forwarding getCurrentUrl on session 6816b6d2985d862c15cb61c11ce575c2 to remote] DEBUG org.asynchttpclient.netty.request.NettyRequestSender - Using open Channel [id: 0xad7bb623, L:/127.0.0.1:61091 - R:localhost/127.0.0.1:16832] for GET '/session/6816b6d2985d862c15cb61c11ce575c2/url'
02:10:27.910 [AsyncHttpClient-1-17] DEBUG org.asynchttpclient.netty.handler.HttpHandler - 

Request DefaultFullHttpRequest(decodeResult: success, version: HTTP/1.1, content: EmptyByteBufBE)
GET /session/6816b6d2985d862c15cb61c11ce575c2/url HTTP/1.1
User-Agent: selenium/4.8.1 (java windows)
Cache-Control: no-cache
Content-Type: application/json; charset=utf-8
host: localhost:16832
accept: */*

Response DefaultHttpResponse(decodeResult: success, version: HTTP/1.1)
HTTP/1.1 200 OK
Content-Length: 56
Content-Type: application/json; charset=utf-8
cache-control: no-cache

02:10:27.911 [AsyncHttpClient-1-17] DEBUG org.asynchttpclient.netty.channel.ChannelManager - Adding key: http://localhost:16832 for channel [id: 0xad7bb623, L:/127.0.0.1:61091 - R:localhost/127.0.0.1:16832]
02:10:27.920 [main] DEBUG net.thucydides.core.steps.StepInterceptor - STEP DONE: clickSignInButton
  &amp#27;[32mAnd &amp#27;[0m&amp#27;[32mI click sign in button&amp#27;[0m                                         &amp#27;[90m# starter.stepdefinitions.LoginSteps.doClickSignInButton()&amp#27;[0m
02:10:27.936 [Forwarding getPageSource on session 6816b6d2985d862c15cb61c11ce575c2 to remote] DEBUG org.asynchttpclient.netty.request.NettyRequestSender - Using pooled Channel '[id: 0xad7bb623, L:/127.0.0.1:61091 - R:localhost/127.0.0.1:16832]' for 'POST' to 'http://localhost:16832/session/6816b6d2985d862c15cb61c11ce575c2/execute/sync'
02:10:27.936 [Forwarding getPageSource on session 6816b6d2985d862c15cb61c11ce575c2 to remote] DEBUG org.asynchttpclient.netty.request.NettyRequestSender - Using open Channel [id: 0xad7bb623, L:/127.0.0.1:61091 - R:localhost/127.0.0.1:16832] for POST '/session/6816b6d2985d862c15cb61c11ce575c2/execute/sync'
02:10:27.946 [AsyncHttpClient-1-17] DEBUG org.asynchttpclient.netty.handler.HttpHandler - 

Request DefaultHttpRequest(decodeResult: success, version: HTTP/1.1)
POST /session/6816b6d2985d862c15cb61c11ce575c2/execute/sync HTTP/1.1
User-Agent: selenium/4.8.1 (java windows)
Content-Length: 176
Content-Type: application/json; charset=utf-8
host: localhost:16832
accept: */*

Response DefaultHttpResponse(decodeResult: success, version: HTTP/1.1)
HTTP/1.1 200 OK
Content-Length: 3487
Content-Type: application/json; charset=utf-8
cache-control: no-cache

02:10:27.946 [AsyncHttpClient-1-17] DEBUG org.asynchttpclient.netty.channel.ChannelManager - Adding key: http://localhost:16832 for channel [id: 0xad7bb623, L:/127.0.0.1:61091 - R:localhost/127.0.0.1:16832]
02:10:27.948 [Forwarding getCurrentUrl on session 6816b6d2985d862c15cb61c11ce575c2 to remote] DEBUG org.asynchttpclient.netty.request.NettyRequestSender - Using pooled Channel '[id: 0xad7bb623, L:/127.0.0.1:61091 - R:localhost/127.0.0.1:16832]' for 'GET' to 'http://localhost:16832/session/6816b6d2985d862c15cb61c11ce575c2/url'
02:10:27.948 [Forwarding getCurrentUrl on session 6816b6d2985d862c15cb61c11ce575c2 to remote] DEBUG org.asynchttpclient.netty.request.NettyRequestSender - Using open Channel [id: 0xad7bb623, L:/127.0.0.1:61091 - R:localhost/127.0.0.1:16832] for GET '/session/6816b6d2985d862c15cb61c11ce575c2/url'
02:10:27.958 [AsyncHttpClient-1-17] DEBUG org.asynchttpclient.netty.handler.HttpHandler - 

Request DefaultFullHttpRequest(decodeResult: success, version: HTTP/1.1, content: EmptyByteBufBE)
GET /session/6816b6d2985d862c15cb61c11ce575c2/url HTTP/1.1
User-Agent: selenium/4.8.1 (java windows)
Cache-Control: no-cache
Content-Type: application/json; charset=utf-8
host: localhost:16832
accept: */*

Response DefaultHttpResponse(decodeResult: success, version: HTTP/1.1)
HTTP/1.1 200 OK
Content-Length: 56
Content-Type: application/json; charset=utf-8
cache-control: no-cache

02:10:27.958 [AsyncHttpClient-1-17] DEBUG org.asynchttpclient.netty.channel.ChannelManager - Adding key: http://localhost:16832 for channel [id: 0xad7bb623, L:/127.0.0.1:61091 - R:localhost/127.0.0.1:16832]
02:10:27.979 [Forwarding getAlertText on session 6816b6d2985d862c15cb61c11ce575c2 to remote] DEBUG org.asynchttpclient.netty.request.NettyRequestSender - Using pooled Channel '[id: 0xad7bb623, L:/127.0.0.1:61091 - R:localhost/127.0.0.1:16832]' for 'GET' to 'http://localhost:16832/session/6816b6d2985d862c15cb61c11ce575c2/alert/text'
02:10:27.979 [Forwarding getAlertText on session 6816b6d2985d862c15cb61c11ce575c2 to remote] DEBUG org.asynchttpclient.netty.request.NettyRequestSender - Using open Channel [id: 0xad7bb623, L:/127.0.0.1:61091 - R:localhost/127.0.0.1:16832] for GET '/session/6816b6d2985d862c15cb61c11ce575c2/alert/text'
02:10:27.981 [AsyncHttpClient-1-17] DEBUG org.asynchttpclient.netty.handler.HttpHandler - 

Request DefaultFullHttpRequest(decodeResult: success, version: HTTP/1.1, content: EmptyByteBufBE)
GET /session/6816b6d2985d862c15cb61c11ce575c2/alert/text HTTP/1.1
User-Agent: selenium/4.8.1 (java windows)
Cache-Control: no-cache
Content-Type: application/json; charset=utf-8
host: localhost:16832
accept: */*

Response DefaultHttpResponse(decodeResult: success, version: HTTP/1.1)
HTTP/1.1 404 Not Found
Content-Length: 828
Content-Type: application/json; charset=utf-8
cache-control: no-cache

02:10:27.982 [AsyncHttpClient-1-17] DEBUG org.asynchttpclient.netty.channel.ChannelManager - Adding key: http://localhost:16832 for channel [id: 0xad7bb623, L:/127.0.0.1:61091 - R:localhost/127.0.0.1:16832]
02:10:27.984 [Forwarding getCurrentUrl on session 6816b6d2985d862c15cb61c11ce575c2 to remote] DEBUG org.asynchttpclient.netty.request.NettyRequestSender - Using pooled Channel '[id: 0xad7bb623, L:/127.0.0.1:61091 - R:localhost/127.0.0.1:16832]' for 'GET' to 'http://localhost:16832/session/6816b6d2985d862c15cb61c11ce575c2/url'
02:10:27.984 [Forwarding getCurrentUrl on session 6816b6d2985d862c15cb61c11ce575c2 to remote] DEBUG org.asynchttpclient.netty.request.NettyRequestSender - Using open Channel [id: 0xad7bb623, L:/127.0.0.1:61091 - R:localhost/127.0.0.1:16832] for GET '/session/6816b6d2985d862c15cb61c11ce575c2/url'
02:10:27.997 [AsyncHttpClient-1-17] DEBUG org.asynchttpclient.netty.handler.HttpHandler - 

Request DefaultFullHttpRequest(decodeResult: success, version: HTTP/1.1, content: EmptyByteBufBE)
GET /session/6816b6d2985d862c15cb61c11ce575c2/url HTTP/1.1
User-Agent: selenium/4.8.1 (java windows)
Cache-Control: no-cache
Content-Type: application/json; charset=utf-8
host: localhost:16832
accept: */*

Response DefaultHttpResponse(decodeResult: success, version: HTTP/1.1)
HTTP/1.1 200 OK
Content-Length: 56
Content-Type: application/json; charset=utf-8
cache-control: no-cache

02:10:27.998 [AsyncHttpClient-1-17] DEBUG org.asynchttpclient.netty.channel.ChannelManager - Adding key: http://localhost:16832 for channel [id: 0xad7bb623, L:/127.0.0.1:61091 - R:localhost/127.0.0.1:16832]
02:10:27.999 [Forwarding screenshot on session 6816b6d2985d862c15cb61c11ce575c2 to remote] DEBUG org.asynchttpclient.netty.request.NettyRequestSender - Using pooled Channel '[id: 0xad7bb623, L:/127.0.0.1:61091 - R:localhost/127.0.0.1:16832]' for 'GET' to 'http://localhost:16832/session/6816b6d2985d862c15cb61c11ce575c2/screenshot'
02:10:27.999 [Forwarding screenshot on session 6816b6d2985d862c15cb61c11ce575c2 to remote] DEBUG org.asynchttpclient.netty.request.NettyRequestSender - Using open Channel [id: 0xad7bb623, L:/127.0.0.1:61091 - R:localhost/127.0.0.1:16832] for GET '/session/6816b6d2985d862c15cb61c11ce575c2/screenshot'
02:10:28.302 [AsyncHttpClient-1-17] DEBUG org.asynchttpclient.netty.handler.HttpHandler - 

Request DefaultFullHttpRequest(decodeResult: success, version: HTTP/1.1, content: EmptyByteBufBE)
GET /session/6816b6d2985d862c15cb61c11ce575c2/screenshot HTTP/1.1
User-Agent: selenium/4.8.1 (java windows)
Cache-Control: no-cache
Content-Type: application/json; charset=utf-8
host: localhost:16832
accept: */*

Response DefaultHttpResponse(decodeResult: success, version: HTTP/1.1)
HTTP/1.1 200 OK
Content-Length: 129732
Content-Type: application/json; charset=utf-8
cache-control: no-cache

02:10:28.303 [AsyncHttpClient-1-17] DEBUG org.asynchttpclient.netty.channel.ChannelManager - Adding key: http://localhost:16832 for channel [id: 0xad7bb623, L:/127.0.0.1:61091 - R:localhost/127.0.0.1:16832]
02:10:28.309 [main] DEBUG net.serenitybdd.core.photography.Darkroom - Send negative for processing for target\site\serenity\b174f9cefa5b781c0a8b08ae6b8ecb0779bcb3bbc5b5ea3e1b8788f834fe3dd3.png
02:10:28.310 [Darkroom Processing Line] DEBUG net.serenitybdd.core.photography.DarkroomProcessingLine - Processing screenshot image in /var/screenshots/screenshot-4722412304826206261
02:10:28.310 [Darkroom Processing Line] DEBUG net.serenitybdd.core.photography.DarkroomProcessingLine - Saving screenshot to target\site\serenity\b174f9cefa5b781c0a8b08ae6b8ecb0779bcb3bbc5b5ea3e1b8788f834fe3dd3.png
02:10:28.311 [Forwarding getPageSource on session 6816b6d2985d862c15cb61c11ce575c2 to remote] DEBUG org.asynchttpclient.netty.request.NettyRequestSender - Using pooled Channel '[id: 0xad7bb623, L:/127.0.0.1:61091 - R:localhost/127.0.0.1:16832]' for 'POST' to 'http://localhost:16832/session/6816b6d2985d862c15cb61c11ce575c2/execute/sync'
02:10:28.311 [Forwarding getPageSource on session 6816b6d2985d862c15cb61c11ce575c2 to remote] DEBUG org.asynchttpclient.netty.request.NettyRequestSender - Using open Channel [id: 0xad7bb623, L:/127.0.0.1:61091 - R:localhost/127.0.0.1:16832] for POST '/session/6816b6d2985d862c15cb61c11ce575c2/execute/sync'
02:10:28.322 [AsyncHttpClient-1-17] DEBUG org.asynchttpclient.netty.handler.HttpHandler - 

Request DefaultHttpRequest(decodeResult: success, version: HTTP/1.1)
POST /session/6816b6d2985d862c15cb61c11ce575c2/execute/sync HTTP/1.1
User-Agent: selenium/4.8.1 (java windows)
Content-Length: 176
Content-Type: application/json; charset=utf-8
host: localhost:16832
accept: */*

Response DefaultHttpResponse(decodeResult: success, version: HTTP/1.1)
HTTP/1.1 200 OK
Content-Length: 3487
Content-Type: application/json; charset=utf-8
cache-control: no-cache

02:10:28.322 [AsyncHttpClient-1-17] DEBUG org.asynchttpclient.netty.channel.ChannelManager - Adding key: http://localhost:16832 for channel [id: 0xad7bb623, L:/127.0.0.1:61091 - R:localhost/127.0.0.1:16832]
02:10:28.325 [Forwarding getCurrentUrl on session 6816b6d2985d862c15cb61c11ce575c2 to remote] DEBUG org.asynchttpclient.netty.request.NettyRequestSender - Using pooled Channel '[id: 0xad7bb623, L:/127.0.0.1:61091 - R:localhost/127.0.0.1:16832]' for 'GET' to 'http://localhost:16832/session/6816b6d2985d862c15cb61c11ce575c2/url'
02:10:28.325 [Forwarding getCurrentUrl on session 6816b6d2985d862c15cb61c11ce575c2 to remote] DEBUG org.asynchttpclient.netty.request.NettyRequestSender - Using open Channel [id: 0xad7bb623, L:/127.0.0.1:61091 - R:localhost/127.0.0.1:16832] for GET '/session/6816b6d2985d862c15cb61c11ce575c2/url'
02:10:28.334 [AsyncHttpClient-1-17] DEBUG org.asynchttpclient.netty.handler.HttpHandler - 

Request DefaultFullHttpRequest(decodeResult: success, version: HTTP/1.1, content: EmptyByteBufBE)
GET /session/6816b6d2985d862c15cb61c11ce575c2/url HTTP/1.1
User-Agent: selenium/4.8.1 (java windows)
Cache-Control: no-cache
Content-Type: application/json; charset=utf-8
host: localhost:16832
accept: */*

Response DefaultHttpResponse(decodeResult: success, version: HTTP/1.1)
HTTP/1.1 200 OK
Content-Length: 56
Content-Type: application/json; charset=utf-8
cache-control: no-cache

02:10:28.334 [AsyncHttpClient-1-17] DEBUG org.asynchttpclient.netty.channel.ChannelManager - Adding key: http://localhost:16832 for channel [id: 0xad7bb623, L:/127.0.0.1:61091 - R:localhost/127.0.0.1:16832]
02:10:28.337 [main] DEBUG net.thucydides.core.steps.StepInterceptor - STARTING STEP: LoginSteps.seeErrorMessageRequired - validateErrorMessageEmptyUsernamePwd
02:10:28.341 [Forwarding findElement on session 6816b6d2985d862c15cb61c11ce575c2 to remote] DEBUG org.asynchttpclient.netty.request.NettyRequestSender - Using pooled Channel '[id: 0xad7bb623, L:/127.0.0.1:61091 - R:localhost/127.0.0.1:16832]' for 'POST' to 'http://localhost:16832/session/6816b6d2985d862c15cb61c11ce575c2/element'
02:10:28.341 [Forwarding findElement on session 6816b6d2985d862c15cb61c11ce575c2 to remote] DEBUG org.asynchttpclient.netty.request.NettyRequestSender - Using open Channel [id: 0xad7bb623, L:/127.0.0.1:61091 - R:localhost/127.0.0.1:16832] for POST '/session/6816b6d2985d862c15cb61c11ce575c2/element'
02:10:28.367 [AsyncHttpClient-1-17] DEBUG org.asynchttpclient.netty.handler.HttpHandler - 

Request DefaultHttpRequest(decodeResult: success, version: HTTP/1.1)
POST /session/6816b6d2985d862c15cb61c11ce575c2/element HTTP/1.1
User-Agent: selenium/4.8.1 (java windows)
Content-Length: 98
Content-Type: application/json; charset=utf-8
host: localhost:16832
accept: */*

Response DefaultHttpResponse(decodeResult: success, version: HTTP/1.1)
HTTP/1.1 200 OK
Content-Length: 95
Content-Type: application/json; charset=utf-8
cache-control: no-cache

02:10:28.367 [AsyncHttpClient-1-17] DEBUG org.asynchttpclient.netty.channel.ChannelManager - Adding key: http://localhost:16832 for channel [id: 0xad7bb623, L:/127.0.0.1:61091 - R:localhost/127.0.0.1:16832]
02:10:28.373 [Forwarding isElementDisplayed on session 6816b6d2985d862c15cb61c11ce575c2 to remote] DEBUG org.asynchttpclient.netty.request.NettyRequestSender - Using pooled Channel '[id: 0xad7bb623, L:/127.0.0.1:61091 - R:localhost/127.0.0.1:16832]' for 'POST' to 'http://localhost:16832/session/6816b6d2985d862c15cb61c11ce575c2/execute/sync'
02:10:28.373 [Forwarding isElementDisplayed on session 6816b6d2985d862c15cb61c11ce575c2 to remote] DEBUG org.asynchttpclient.netty.request.NettyRequestSender - Using open Channel [id: 0xad7bb623, L:/127.0.0.1:61091 - R:localhost/127.0.0.1:16832] for POST '/session/6816b6d2985d862c15cb61c11ce575c2/execute/sync'
02:10:28.403 [AsyncHttpClient-1-17] DEBUG org.asynchttpclient.netty.handler.HttpHandler - 

Request DefaultHttpRequest(decodeResult: success, version: HTTP/1.1)
POST /session/6816b6d2985d862c15cb61c11ce575c2/execute/sync HTTP/1.1
User-Agent: selenium/4.8.1 (java windows)
Content-Length: 48814
Content-Type: application/json; charset=utf-8
host: localhost:16832
accept: */*

Response DefaultHttpResponse(decodeResult: success, version: HTTP/1.1)
HTTP/1.1 200 OK
Content-Length: 14
Content-Type: application/json; charset=utf-8
cache-control: no-cache

02:10:28.403 [AsyncHttpClient-1-17] DEBUG org.asynchttpclient.netty.channel.ChannelManager - Adding key: http://localhost:16832 for channel [id: 0xad7bb623, L:/127.0.0.1:61091 - R:localhost/127.0.0.1:16832]
02:10:28.413 [Forwarding getAlertText on session 6816b6d2985d862c15cb61c11ce575c2 to remote] DEBUG org.asynchttpclient.netty.request.NettyRequestSender - Using pooled Channel '[id: 0xad7bb623, L:/127.0.0.1:61091 - R:localhost/127.0.0.1:16832]' for 'GET' to 'http://localhost:16832/session/6816b6d2985d862c15cb61c11ce575c2/alert/text'
02:10:28.413 [Forwarding getAlertText on session 6816b6d2985d862c15cb61c11ce575c2 to remote] DEBUG org.asynchttpclient.netty.request.NettyRequestSender - Using open Channel [id: 0xad7bb623, L:/127.0.0.1:61091 - R:localhost/127.0.0.1:16832] for GET '/session/6816b6d2985d862c15cb61c11ce575c2/alert/text'
02:10:28.416 [AsyncHttpClient-1-17] DEBUG org.asynchttpclient.netty.handler.HttpHandler - 

Request DefaultFullHttpRequest(decodeResult: success, version: HTTP/1.1, content: EmptyByteBufBE)
GET /session/6816b6d2985d862c15cb61c11ce575c2/alert/text HTTP/1.1
User-Agent: selenium/4.8.1 (java windows)
Cache-Control: no-cache
Content-Type: application/json; charset=utf-8
host: localhost:16832
accept: */*

Response DefaultHttpResponse(decodeResult: success, version: HTTP/1.1)
HTTP/1.1 404 Not Found
Content-Length: 828
Content-Type: application/json; charset=utf-8
cache-control: no-cache

02:10:28.416 [AsyncHttpClient-1-17] DEBUG org.asynchttpclient.netty.channel.ChannelManager - Adding key: http://localhost:16832 for channel [id: 0xad7bb623, L:/127.0.0.1:61091 - R:localhost/127.0.0.1:16832]
02:10:28.417 [Forwarding getCurrentUrl on session 6816b6d2985d862c15cb61c11ce575c2 to remote] DEBUG org.asynchttpclient.netty.request.NettyRequestSender - Using pooled Channel '[id: 0xad7bb623, L:/127.0.0.1:61091 - R:localhost/127.0.0.1:16832]' for 'GET' to 'http://localhost:16832/session/6816b6d2985d862c15cb61c11ce575c2/url'
02:10:28.418 [Forwarding getCurrentUrl on session 6816b6d2985d862c15cb61c11ce575c2 to remote] DEBUG org.asynchttpclient.netty.request.NettyRequestSender - Using open Channel [id: 0xad7bb623, L:/127.0.0.1:61091 - R:localhost/127.0.0.1:16832] for GET '/session/6816b6d2985d862c15cb61c11ce575c2/url'
02:10:28.427 [AsyncHttpClient-1-17] DEBUG org.asynchttpclient.netty.handler.HttpHandler - 

Request DefaultFullHttpRequest(decodeResult: success, version: HTTP/1.1, content: EmptyByteBufBE)
GET /session/6816b6d2985d862c15cb61c11ce575c2/url HTTP/1.1
User-Agent: selenium/4.8.1 (java windows)
Cache-Control: no-cache
Content-Type: application/json; charset=utf-8
host: localhost:16832
accept: */*

Response DefaultHttpResponse(decodeResult: success, version: HTTP/1.1)
HTTP/1.1 200 OK
Content-Length: 56
Content-Type: application/json; charset=utf-8
cache-control: no-cache

02:10:28.427 [AsyncHttpClient-1-17] DEBUG org.asynchttpclient.netty.channel.ChannelManager - Adding key: http://localhost:16832 for channel [id: 0xad7bb623, L:/127.0.0.1:61091 - R:localhost/127.0.0.1:16832]
02:10:28.428 [Forwarding screenshot on session 6816b6d2985d862c15cb61c11ce575c2 to remote] DEBUG org.asynchttpclient.netty.request.NettyRequestSender - Using pooled Channel '[id: 0xad7bb623, L:/127.0.0.1:61091 - R:localhost/127.0.0.1:16832]' for 'GET' to 'http://localhost:16832/session/6816b6d2985d862c15cb61c11ce575c2/screenshot'
02:10:28.428 [Forwarding screenshot on session 6816b6d2985d862c15cb61c11ce575c2 to remote] DEBUG org.asynchttpclient.netty.request.NettyRequestSender - Using open Channel [id: 0xad7bb623, L:/127.0.0.1:61091 - R:localhost/127.0.0.1:16832] for GET '/session/6816b6d2985d862c15cb61c11ce575c2/screenshot'
02:10:28.707 [AsyncHttpClient-1-17] DEBUG org.asynchttpclient.netty.handler.HttpHandler - 

Request DefaultFullHttpRequest(decodeResult: success, version: HTTP/1.1, content: EmptyByteBufBE)
GET /session/6816b6d2985d862c15cb61c11ce575c2/screenshot HTTP/1.1
User-Agent: selenium/4.8.1 (java windows)
Cache-Control: no-cache
Content-Type: application/json; charset=utf-8
host: localhost:16832
accept: */*

Response DefaultHttpResponse(decodeResult: success, version: HTTP/1.1)
HTTP/1.1 200 OK
Content-Length: 129780
Content-Type: application/json; charset=utf-8
cache-control: no-cache

02:10:28.708 [AsyncHttpClient-1-17] DEBUG org.asynchttpclient.netty.channel.ChannelManager - Adding key: http://localhost:16832 for channel [id: 0xad7bb623, L:/127.0.0.1:61091 - R:localhost/127.0.0.1:16832]
02:10:28.713 [main] DEBUG net.serenitybdd.core.photography.Darkroom - Send negative for processing for target\site\serenity\3b2791731521dd691d1168bec07c1ac501b27365cfda15340fbba0d020404f03.png
02:10:28.713 [main] DEBUG net.thucydides.core.steps.StepInterceptor - STEP DONE: validateErrorMessageEmptyUsernamePwd
02:10:28.714 [Darkroom Processing Line] DEBUG net.serenitybdd.core.photography.DarkroomProcessingLine - Processing screenshot image in /var/screenshots/screenshot-11003343917660298280
02:10:28.714 [Darkroom Processing Line] DEBUG net.serenitybdd.core.photography.DarkroomProcessingLine - Saving screenshot to target\site\serenity\3b2791731521dd691d1168bec07c1ac501b27365cfda15340fbba0d020404f03.png
02:10:28.726 [Forwarding getPageSource on session 6816b6d2985d862c15cb61c11ce575c2 to remote] DEBUG org.asynchttpclient.netty.request.NettyRequestSender - Using pooled Channel '[id: 0xad7bb623, L:/127.0.0.1:61091 - R:localhost/127.0.0.1:16832]' for 'POST' to 'http://localhost:16832/session/6816b6d2985d862c15cb61c11ce575c2/execute/sync'
02:10:28.726 [Forwarding getPageSource on session 6816b6d2985d862c15cb61c11ce575c2 to remote] DEBUG org.asynchttpclient.netty.request.NettyRequestSender - Using open Channel [id: 0xad7bb623, L:/127.0.0.1:61091 - R:localhost/127.0.0.1:16832] for POST '/session/6816b6d2985d862c15cb61c11ce575c2/execute/sync'
02:10:28.732 [AsyncHttpClient-1-1] DEBUG org.asynchttpclient.netty.channel.DefaultChannelPool - Entry count for : http://localhost:61092 : 1
02:10:28.736 [AsyncHttpClient-1-17] DEBUG org.asynchttpclient.netty.handler.HttpHandler - 

Request DefaultHttpRequest(decodeResult: success, version: HTTP/1.1)
POST /session/6816b6d2985d862c15cb61c11ce575c2/execute/sync HTTP/1.1
User-Agent: selenium/4.8.1 (java windows)
Content-Length: 176
Content-Type: application/json; charset=utf-8
host: localhost:16832
accept: */*

Response DefaultHttpResponse(decodeResult: success, version: HTTP/1.1)
HTTP/1.1 200 OK
Content-Length: 3487
Content-Type: application/json; charset=utf-8
cache-control: no-cache

02:10:28.736 [AsyncHttpClient-1-17] DEBUG org.asynchttpclient.netty.channel.ChannelManager - Adding key: http://localhost:16832 for channel [id: 0xad7bb623, L:/127.0.0.1:61091 - R:localhost/127.0.0.1:16832]
02:10:28.739 [Forwarding getCurrentUrl on session 6816b6d2985d862c15cb61c11ce575c2 to remote] DEBUG org.asynchttpclient.netty.request.NettyRequestSender - Using pooled Channel '[id: 0xad7bb623, L:/127.0.0.1:61091 - R:localhost/127.0.0.1:16832]' for 'GET' to 'http://localhost:16832/session/6816b6d2985d862c15cb61c11ce575c2/url'
02:10:28.739 [Forwarding getCurrentUrl on session 6816b6d2985d862c15cb61c11ce575c2 to remote] DEBUG org.asynchttpclient.netty.request.NettyRequestSender - Using open Channel [id: 0xad7bb623, L:/127.0.0.1:61091 - R:localhost/127.0.0.1:16832] for GET '/session/6816b6d2985d862c15cb61c11ce575c2/url'
02:10:28.747 [AsyncHttpClient-1-17] DEBUG org.asynchttpclient.netty.handler.HttpHandler - 

Request DefaultFullHttpRequest(decodeResult: success, version: HTTP/1.1, content: EmptyByteBufBE)
GET /session/6816b6d2985d862c15cb61c11ce575c2/url HTTP/1.1
User-Agent: selenium/4.8.1 (java windows)
Cache-Control: no-cache
Content-Type: application/json; charset=utf-8
host: localhost:16832
accept: */*

Response DefaultHttpResponse(decodeResult: success, version: HTTP/1.1)
HTTP/1.1 200 OK
Content-Length: 56
Content-Type: application/json; charset=utf-8
cache-control: no-cache

02:10:28.747 [AsyncHttpClient-1-17] DEBUG org.asynchttpclient.netty.channel.ChannelManager - Adding key: http://localhost:16832 for channel [id: 0xad7bb623, L:/127.0.0.1:61091 - R:localhost/127.0.0.1:16832]
02:10:28.751 [main] DEBUG net.thucydides.core.steps.StepInterceptor - STARTING STEP: LoginSteps.seeErrorMessageRequired - iValidateEqualMessageErrorEmptyUsernamePwd
02:10:28.755 [Forwarding findElement on session 6816b6d2985d862c15cb61c11ce575c2 to remote] DEBUG org.asynchttpclient.netty.request.NettyRequestSender - Using pooled Channel '[id: 0xad7bb623, L:/127.0.0.1:61091 - R:localhost/127.0.0.1:16832]' for 'POST' to 'http://localhost:16832/session/6816b6d2985d862c15cb61c11ce575c2/element'
02:10:28.755 [Forwarding findElement on session 6816b6d2985d862c15cb61c11ce575c2 to remote] DEBUG org.asynchttpclient.netty.request.NettyRequestSender - Using open Channel [id: 0xad7bb623, L:/127.0.0.1:61091 - R:localhost/127.0.0.1:16832] for POST '/session/6816b6d2985d862c15cb61c11ce575c2/element'
02:10:28.771 [AsyncHttpClient-1-17] DEBUG org.asynchttpclient.netty.handler.HttpHandler - 

Request DefaultHttpRequest(decodeResult: success, version: HTTP/1.1)
POST /session/6816b6d2985d862c15cb61c11ce575c2/element HTTP/1.1
User-Agent: selenium/4.8.1 (java windows)
Content-Length: 98
Content-Type: application/json; charset=utf-8
host: localhost:16832
accept: */*

Response DefaultHttpResponse(decodeResult: success, version: HTTP/1.1)
HTTP/1.1 200 OK
Content-Length: 95
Content-Type: application/json; charset=utf-8
cache-control: no-cache

02:10:28.771 [AsyncHttpClient-1-17] DEBUG org.asynchttpclient.netty.channel.ChannelManager - Adding key: http://localhost:16832 for channel [id: 0xad7bb623, L:/127.0.0.1:61091 - R:localhost/127.0.0.1:16832]
02:10:28.772 [Forwarding getElementText on session 6816b6d2985d862c15cb61c11ce575c2 to remote] DEBUG org.asynchttpclient.netty.request.NettyRequestSender - Using pooled Channel '[id: 0xad7bb623, L:/127.0.0.1:61091 - R:localhost/127.0.0.1:16832]' for 'GET' to 'http://localhost:16832/session/6816b6d2985d862c15cb61c11ce575c2/element/8788F73B89A57EE5A026B629429121D0_element_21/text'
02:10:28.772 [Forwarding getElementText on session 6816b6d2985d862c15cb61c11ce575c2 to remote] DEBUG org.asynchttpclient.netty.request.NettyRequestSender - Using open Channel [id: 0xad7bb623, L:/127.0.0.1:61091 - R:localhost/127.0.0.1:16832] for GET '/session/6816b6d2985d862c15cb61c11ce575c2/element/8788F73B89A57EE5A026B629429121D0_element_21/text'
02:10:28.802 [AsyncHttpClient-1-17] DEBUG org.asynchttpclient.netty.handler.HttpHandler - 

Request DefaultFullHttpRequest(decodeResult: success, version: HTTP/1.1, content: EmptyByteBufBE)
GET /session/6816b6d2985d862c15cb61c11ce575c2/element/8788F73B89A57EE5A026B629429121D0_element_21/text HTTP/1.1
User-Agent: selenium/4.8.1 (java windows)
Cache-Control: no-cache
Content-Type: application/json; charset=utf-8
host: localhost:16832
accept: */*

Response DefaultHttpResponse(decodeResult: success, version: HTTP/1.1)
HTTP/1.1 200 OK
Content-Length: 42
Content-Type: application/json; charset=utf-8
cache-control: no-cache

02:10:28.802 [AsyncHttpClient-1-17] DEBUG org.asynchttpclient.netty.channel.ChannelManager - Adding key: http://localhost:16832 for channel [id: 0xad7bb623, L:/127.0.0.1:61091 - R:localhost/127.0.0.1:16832]
02:10:28.810 [Forwarding getAlertText on session 6816b6d2985d862c15cb61c11ce575c2 to remote] DEBUG org.asynchttpclient.netty.request.NettyRequestSender - Using pooled Channel '[id: 0xad7bb623, L:/127.0.0.1:61091 - R:localhost/127.0.0.1:16832]' for 'GET' to 'http://localhost:16832/session/6816b6d2985d862c15cb61c11ce575c2/alert/text'
02:10:28.810 [Forwarding getAlertText on session 6816b6d2985d862c15cb61c11ce575c2 to remote] DEBUG org.asynchttpclient.netty.request.NettyRequestSender - Using open Channel [id: 0xad7bb623, L:/127.0.0.1:61091 - R:localhost/127.0.0.1:16832] for GET '/session/6816b6d2985d862c15cb61c11ce575c2/alert/text'
02:10:28.813 [AsyncHttpClient-1-17] DEBUG org.asynchttpclient.netty.handler.HttpHandler - 

Request DefaultFullHttpRequest(decodeResult: success, version: HTTP/1.1, content: EmptyByteBufBE)
GET /session/6816b6d2985d862c15cb61c11ce575c2/alert/text HTTP/1.1
User-Agent: selenium/4.8.1 (java windows)
Cache-Control: no-cache
Content-Type: application/json; charset=utf-8
host: localhost:16832
accept: */*

Response DefaultHttpResponse(decodeResult: success, version: HTTP/1.1)
HTTP/1.1 404 Not Found
Content-Length: 828
Content-Type: application/json; charset=utf-8
cache-control: no-cache

02:10:28.813 [AsyncHttpClient-1-17] DEBUG org.asynchttpclient.netty.channel.ChannelManager - Adding key: http://localhost:16832 for channel [id: 0xad7bb623, L:/127.0.0.1:61091 - R:localhost/127.0.0.1:16832]
02:10:28.815 [Forwarding getCurrentUrl on session 6816b6d2985d862c15cb61c11ce575c2 to remote] DEBUG org.asynchttpclient.netty.request.NettyRequestSender - Using pooled Channel '[id: 0xad7bb623, L:/127.0.0.1:61091 - R:localhost/127.0.0.1:16832]' for 'GET' to 'http://localhost:16832/session/6816b6d2985d862c15cb61c11ce575c2/url'
02:10:28.815 [Forwarding getCurrentUrl on session 6816b6d2985d862c15cb61c11ce575c2 to remote] DEBUG org.asynchttpclient.netty.request.NettyRequestSender - Using open Channel [id: 0xad7bb623, L:/127.0.0.1:61091 - R:localhost/127.0.0.1:16832] for GET '/session/6816b6d2985d862c15cb61c11ce575c2/url'
02:10:28.824 [AsyncHttpClient-1-17] DEBUG org.asynchttpclient.netty.handler.HttpHandler - 

Request DefaultFullHttpRequest(decodeResult: success, version: HTTP/1.1, content: EmptyByteBufBE)
GET /session/6816b6d2985d862c15cb61c11ce575c2/url HTTP/1.1
User-Agent: selenium/4.8.1 (java windows)
Cache-Control: no-cache
Content-Type: application/json; charset=utf-8
host: localhost:16832
accept: */*

Response DefaultHttpResponse(decodeResult: success, version: HTTP/1.1)
HTTP/1.1 200 OK
Content-Length: 56
Content-Type: application/json; charset=utf-8
cache-control: no-cache

02:10:28.824 [AsyncHttpClient-1-17] DEBUG org.asynchttpclient.netty.channel.ChannelManager - Adding key: http://localhost:16832 for channel [id: 0xad7bb623, L:/127.0.0.1:61091 - R:localhost/127.0.0.1:16832]
02:10:28.825 [Forwarding screenshot on session 6816b6d2985d862c15cb61c11ce575c2 to remote] DEBUG org.asynchttpclient.netty.request.NettyRequestSender - Using pooled Channel '[id: 0xad7bb623, L:/127.0.0.1:61091 - R:localhost/127.0.0.1:16832]' for 'GET' to 'http://localhost:16832/session/6816b6d2985d862c15cb61c11ce575c2/screenshot'
02:10:28.825 [Forwarding screenshot on session 6816b6d2985d862c15cb61c11ce575c2 to remote] DEBUG org.asynchttpclient.netty.request.NettyRequestSender - Using open Channel [id: 0xad7bb623, L:/127.0.0.1:61091 - R:localhost/127.0.0.1:16832] for GET '/session/6816b6d2985d862c15cb61c11ce575c2/screenshot'
02:10:29.101 [AsyncHttpClient-1-17] DEBUG org.asynchttpclient.netty.handler.HttpHandler - 

Request DefaultFullHttpRequest(decodeResult: success, version: HTTP/1.1, content: EmptyByteBufBE)
GET /session/6816b6d2985d862c15cb61c11ce575c2/screenshot HTTP/1.1
User-Agent: selenium/4.8.1 (java windows)
Cache-Control: no-cache
Content-Type: application/json; charset=utf-8
host: localhost:16832
accept: */*

Response DefaultHttpResponse(decodeResult: success, version: HTTP/1.1)
HTTP/1.1 200 OK
Content-Length: 129732
Content-Type: application/json; charset=utf-8
cache-control: no-cache

02:10:29.101 [AsyncHttpClient-1-17] DEBUG org.asynchttpclient.netty.channel.ChannelManager - Adding key: http://localhost:16832 for channel [id: 0xad7bb623, L:/127.0.0.1:61091 - R:localhost/127.0.0.1:16832]
02:10:29.107 [main] DEBUG net.serenitybdd.core.photography.Darkroom - Send negative for processing for target\site\serenity\b174f9cefa5b781c0a8b08ae6b8ecb0779bcb3bbc5b5ea3e1b8788f834fe3dd3.png
02:10:29.107 [main] DEBUG net.thucydides.core.steps.StepInterceptor - STEP DONE: iValidateEqualMessageErrorEmptyUsernamePwd
  &amp#27;[32mThen &amp#27;[0m&amp#27;[32mI see error message required &amp#27;[0m&amp#27;[32m&amp#27;[1m"The username field is required"&amp#27;[0m &amp#27;[90m# starter.stepdefinitions.LoginSteps.seeErrorMessageRequired(java.lang.String)&amp#27;[0m
02:10:29.120 [main] INFO  - 
  _____   ___   ___   _____     ___     _     ___   ___   ___   ___  
 |_   _| | __| / __| |_   _|   | _ \   /_\   / __| / __| | __| |   \ 
   | |   | _|  \__ \   | |     |  _/  / _ \  \__ \ \__ \ | _|  | |) |
   |_|   |___| |___/   |_|     |_|   /_/ \_\ |___/ |___/ |___| |___/ 

As a admin i failed login with empty username and password
----------------------------------------------------------------------
02:10:29.122 [AsyncHttpClient-1-3] DEBUG org.asynchttpclient.netty.handler.WebSocketHandler - Channel Closed: [id: 0x82ff5379, L:/127.0.0.1:61099 ! R:localhost/127.0.0.1:61092] with attribute NettyResponseFuture{currentRetry=0,
	isDone=1,
	isCancelled=0,
	asyncHandler=org.asynchttpclient.ws.WebSocketUpgradeHandler@47879706,
	nettyRequest=org.asynchttpclient.netty.request.NettyRequest@512f79f8,
	future=java.util.concurrent.CompletableFuture@76aa7131[Completed normally],
	uri=ws://localhost:61092/devtools/browser/97048878-43e1-4374-947b-cfa77a9390cd,
	keepAlive=true,
	redirectCount=0,
	timeoutsHolder=null,
	inAuth=0,
	touch=1687201821576}
02:10:29.123 [AsyncHttpClient-1-3] DEBUG org.asynchttpclient.netty.channel.ChannelManager - Closing Channel [id: 0x82ff5379, L:/127.0.0.1:61099 ! R:localhost/127.0.0.1:61092] 
02:10:29.123 [Driver Command Executor] DEBUG org.asynchttpclient.netty.request.NettyRequestSender - Using pooled Channel '[id: 0xad7bb623, L:/127.0.0.1:61091 - R:localhost/127.0.0.1:16832]' for 'DELETE' to 'http://localhost:16832/session/6816b6d2985d862c15cb61c11ce575c2'
02:10:29.123 [Driver Command Executor] DEBUG org.asynchttpclient.netty.request.NettyRequestSender - Using open Channel [id: 0xad7bb623, L:/127.0.0.1:61091 - R:localhost/127.0.0.1:16832] for DELETE '/session/6816b6d2985d862c15cb61c11ce575c2'
02:10:29.287 [AsyncHttpClient-1-2] DEBUG org.asynchttpclient.netty.handler.HttpHandler - Unexpected I/O exception on channel [id: 0x92e35556, L:/127.0.0.1:61098 - R:localhost/127.0.0.1:61092]
java.io.IOException: An existing connection was forcibly closed by the remote host
	at java.base/sun.nio.ch.SocketDispatcher.read0(Native Method)
	at java.base/sun.nio.ch.SocketDispatcher.read(SocketDispatcher.java:43)
	at java.base/sun.nio.ch.IOUtil.readIntoNativeBuffer(IOUtil.java:276)
	at java.base/sun.nio.ch.IOUtil.read(IOUtil.java:233)
	at java.base/sun.nio.ch.IOUtil.read(IOUtil.java:223)
	at java.base/sun.nio.ch.SocketChannelImpl.read(SocketChannelImpl.java:356)
	at io.netty.buffer.PooledByteBuf.setBytes(PooledByteBuf.java:259)
	at io.netty.buffer.AbstractByteBuf.writeBytes(AbstractByteBuf.java:1132)
	at io.netty.channel.socket.nio.NioSocketChannel.doReadBytes(NioSocketChannel.java:357)
	at io.netty.channel.nio.AbstractNioByteChannel$NioByteUnsafe.read(AbstractNioByteChannel.java:151)
	at io.netty.channel.nio.NioEventLoop.processSelectedKey(NioEventLoop.java:788)
	at io.netty.channel.nio.NioEventLoop.processSelectedKeysOptimized(NioEventLoop.java:724)
	at io.netty.channel.nio.NioEventLoop.processSelectedKeys(NioEventLoop.java:650)
	at io.netty.channel.nio.NioEventLoop.run(NioEventLoop.java:562)
	at io.netty.util.concurrent.SingleThreadEventExecutor$4.run(SingleThreadEventExecutor.java:997)
	at io.netty.util.internal.ThreadExecutorMap$2.run(ThreadExecutorMap.java:74)
	at io.netty.util.concurrent.FastThreadLocalRunnable.run(FastThreadLocalRunnable.java:30)
	at java.base/java.lang.Thread.run(Thread.java:829)
02:10:29.287 [AsyncHttpClient-1-2] DEBUG org.asynchttpclient.netty.channel.ChannelManager - Closing Channel [id: 0x92e35556, L:/127.0.0.1:61098 - R:localhost/127.0.0.1:61092] 
02:10:29.288 [AsyncHttpClient-1-2] DEBUG org.asynchttpclient.netty.handler.HttpHandler - Channel Closed: [id: 0x92e35556, L:/127.0.0.1:61098 ! R:localhost/127.0.0.1:61092] with attribute DISCARD
02:10:29.372 [AsyncHttpClient-1-17] DEBUG org.asynchttpclient.netty.handler.HttpHandler - 

Request DefaultFullHttpRequest(decodeResult: success, version: HTTP/1.1, content: EmptyByteBufBE)
DELETE /session/6816b6d2985d862c15cb61c11ce575c2 HTTP/1.1
User-Agent: selenium/4.8.1 (java windows)
Content-Type: application/json; charset=utf-8
host: localhost:16832
accept: */*

Response DefaultHttpResponse(decodeResult: success, version: HTTP/1.1)
HTTP/1.1 200 OK
Content-Length: 14
Content-Type: application/json; charset=utf-8
cache-control: no-cache

02:10:29.373 [AsyncHttpClient-1-17] DEBUG org.asynchttpclient.netty.channel.ChannelManager - Adding key: http://localhost:16832 for channel [id: 0xad7bb623, L:/127.0.0.1:61091 - R:localhost/127.0.0.1:16832]
02:10:29.553 [AsyncHttpClient-1-17] DEBUG org.asynchttpclient.netty.handler.HttpHandler - Channel Closed: [id: 0xad7bb623, L:/127.0.0.1:61091 ! R:localhost/127.0.0.1:16832] with attribute DISCARD
02:10:29.829 [AsyncHttpClient-1-1] DEBUG org.asynchttpclient.netty.channel.DefaultChannelPool - Entry count for : http://localhost:16832 : 1
02:10:29.829 [AsyncHttpClient-1-1] DEBUG org.asynchttpclient.netty.channel.DefaultChannelPool - Entry count for : http://localhost:61092 : 1
02:10:29.829 [AsyncHttpClient-1-1] DEBUG org.asynchttpclient.netty.channel.DefaultChannelPool - Adding Candidate expired Channel [id: 0xad7bb623, L:/127.0.0.1:61091 ! R:localhost/127.0.0.1:16832] isIdleTimeoutExpired=false isRemotelyClosed=true isTtlExpired=false
02:10:29.829 [AsyncHttpClient-1-1] DEBUG org.asynchttpclient.netty.channel.DefaultChannelPool - Closing Idle Channel [id: 0xad7bb623, L:/127.0.0.1:61091 ! R:localhost/127.0.0.1:16832]
02:10:29.829 [AsyncHttpClient-1-1] DEBUG org.asynchttpclient.netty.channel.DefaultChannelPool - Adding Candidate expired Channel [id: 0x92e35556, L:/127.0.0.1:61098 ! R:localhost/127.0.0.1:61092] isIdleTimeoutExpired=false isRemotelyClosed=true isTtlExpired=false
02:10:29.829 [AsyncHttpClient-1-1] DEBUG org.asynchttpclient.netty.channel.DefaultChannelPool - Closing Idle Channel [id: 0x92e35556, L:/127.0.0.1:61098 ! R:localhost/127.0.0.1:61092]
02:10:29.829 [AsyncHttpClient-1-1] DEBUG org.asynchttpclient.netty.channel.DefaultChannelPool - Closed 2 connections out of 2 in 0 ms
]]></system-out>
    <system-err><![CDATA[Starting ChromeDriver 114.0.5735.90 (386bc09e8f4f2e025eddae123f36f6263096ae49-refs/branch-heads/5735@{#1052}) on port 16832
Only local connections are allowed.
Please see https://chromedriver.chromium.org/security-considerations for suggestions on keeping ChromeDriver safe.
ChromeDriver was started successfully.
Jun 20, 2023 2:10:21 AM org.openqa.selenium.devtools.CdpVersionFinder findNearestMatch
WARNING: Unable to find an exact match for CDP version 114, so returning the closest version found: 110
]]></system-err>
  </testcase>
  <testcase name="As a admin i success logout from website" classname="logout" time="13.977">
    <system-out><![CDATA[02:10:30.084 [main] DEBUG io.cucumber.core.plugin.SerenityReporter - Running feature from file:///D:/CapstoneWeb/src/test/resources/features/Logout.feature
02:10:30.094 [main] DEBUG net.thucydides.core.steps.StepEventBus - Test suite started for story net.thucydides.core.model.Story@7960de68
02:10:30.095 [main] INFO  - Test Suite Started: Logout

@logout @SuccessLogout
Scenario: As a admin i success logout from website &amp#27;[90m# src/test/resources/features/Logout.feature:16&amp#27;[0m
02:10:30.109 [main] DEBUG io.cucumber.core.plugin.SerenityReporter - Running feature from file:///D:/CapstoneWeb/src/test/resources/features/Logout.feature
02:10:30.115 [main] INFO  - 
  _____   ___   ___   _____     ___   _____     _     ___   _____   ___   ___  
 |_   _| | __| / __| |_   _|   / __| |_   _|   /_\   | _ \ |_   _| | __| |   \ 
   | |   | _|  \__ \   | |     \__ \   | |    / _ \  |   /   | |   | _|  | |) |
   |_|   |___| |___/   |_|     |___/   |_|   /_/ \_\ |_|_\   |_|   |___| |___/ 

As a admin i success logout from website(logout;as-a-admin-i-success-logout-from-website)
--------------------------------------------------------------------------------
02:10:30.337 [main] INFO net.serenitybdd.core.webdriver.driverproviders.ChromeDriverProvider - Starting Chrome driver instance with capabilities:
02:10:30.337 [main] INFO net.serenitybdd.core.webdriver.driverproviders.ChromeDriverProvider - Capabilities {acceptInsecureCerts: true, browserName: chrome, goog:chromeOptions: {args: [remote-allow-origins=*, test-type, no-sandbox, ignore-certificate-errors, start-maximized, incognito, disable-infobars, disable-gpu, disable-default-apps, disable-popup-blocking, remote-allow-origins=*, test-type, no-sandbox, ignore-certificate-errors, start-maximized, incognito, disable-infobars, disable-gpu, disable-default-apps, disable-popup-blocking, remote-allow-origins=*], extensions: []}}
02:10:30.971 [AsyncHttpClient-1-4] DEBUG org.asynchttpclient.netty.channel.NettyConnectListener - Using new Channel '[id: 0x066b6384, L:/127.0.0.1:61115 - R:localhost/127.0.0.1:22722]' for 'POST' to '/session'
02:10:32.312 [AsyncHttpClient-1-4] DEBUG org.asynchttpclient.netty.handler.HttpHandler - 

Request DefaultHttpRequest(decodeResult: success, version: HTTP/1.1)
POST /session HTTP/1.1
User-Agent: selenium/4.8.1 (java windows)
Content-Length: 1701
Content-Type: application/json; charset=utf-8
host: localhost:22722
accept: */*

Response DefaultHttpResponse(decodeResult: success, version: HTTP/1.1)
HTTP/1.1 200 OK
Content-Length: 844
Content-Type: application/json; charset=utf-8
cache-control: no-cache

02:10:32.313 [AsyncHttpClient-1-4] DEBUG org.asynchttpclient.netty.channel.ChannelManager - Adding key: http://localhost:22722 for channel [id: 0x066b6384, L:/127.0.0.1:61115 - R:localhost/127.0.0.1:22722]
02:10:32.332 [AsyncHttpClient-1-5] DEBUG org.asynchttpclient.netty.channel.NettyConnectListener - Using new Channel '[id: 0x261ac0f5, L:/127.0.0.1:61122 - R:localhost/127.0.0.1:61116]' for 'GET' to '/json/version'
02:10:32.334 [AsyncHttpClient-1-5] DEBUG org.asynchttpclient.netty.handler.HttpHandler - 

Request DefaultFullHttpRequest(decodeResult: success, version: HTTP/1.1, content: EmptyByteBufBE)
GET /json/version HTTP/1.1
User-Agent: selenium/4.8.1 (java windows)
host: localhost:61116
accept: */*

Response DefaultHttpResponse(decodeResult: success, version: HTTP/1.1)
HTTP/1.1 200 OK
Content-Security-Policy: frame-ancestors 'none'
Content-Length: 424
Content-Type: application/json; charset=UTF-8

02:10:32.334 [AsyncHttpClient-1-5] DEBUG org.asynchttpclient.netty.channel.ChannelManager - Adding key: http://localhost:61116 for channel [id: 0x261ac0f5, L:/127.0.0.1:61122 - R:localhost/127.0.0.1:61116]
02:10:32.341 [AsyncHttpClient-1-6] DEBUG org.asynchttpclient.netty.channel.NettyConnectListener - Using new Channel '[id: 0x90ae55cf, L:/127.0.0.1:61123 - R:localhost/127.0.0.1:61116]' for 'GET' to '/devtools/browser/28f7c309-0393-44f0-9347-76dce17c78a9'
02:10:32.344 [AsyncHttpClient-1-6] DEBUG org.asynchttpclient.netty.handler.WebSocketHandler - 

Request DefaultFullHttpRequest(decodeResult: success, version: HTTP/1.1, content: EmptyByteBufBE)
GET /devtools/browser/28f7c309-0393-44f0-9347-76dce17c78a9 HTTP/1.1
upgrade: websocket
connection: upgrade
sec-websocket-key: Gx/IGicDzsu3dczpSWKJ6A==
sec-websocket-version: 13
origin: http://localhost:61116
host: localhost:61116
accept: */*
user-agent: AHC/2.1

Response DefaultHttpResponse(decodeResult: success, version: HTTP/1.1)
HTTP/1.1 101 WebSocket Protocol Handshake
Upgrade: WebSocket
Connection: Upgrade
Sec-WebSocket-Accept: p54suevDGKd4PvnewbUJfaT6SI0=

02:10:32.357 [Forwarding get on session eb260d9350e3ba0da006702e61fd1f80 to remote] DEBUG org.asynchttpclient.netty.request.NettyRequestSender - Using pooled Channel '[id: 0x066b6384, L:/127.0.0.1:61115 - R:localhost/127.0.0.1:22722]' for 'POST' to 'http://localhost:22722/session/eb260d9350e3ba0da006702e61fd1f80/url'
02:10:32.357 [Forwarding get on session eb260d9350e3ba0da006702e61fd1f80 to remote] DEBUG org.asynchttpclient.netty.request.NettyRequestSender - Using open Channel [id: 0x066b6384, L:/127.0.0.1:61115 - R:localhost/127.0.0.1:22722] for POST '/session/eb260d9350e3ba0da006702e61fd1f80/url'
02:10:33.132 [AsyncHttpClient-1-1] DEBUG org.asynchttpclient.netty.channel.DefaultChannelPool - Entry count for : http://localhost:61116 : 1
02:10:33.783 [AsyncHttpClient-1-4] DEBUG org.asynchttpclient.netty.handler.HttpHandler - 

Request DefaultHttpRequest(decodeResult: success, version: HTTP/1.1)
POST /session/eb260d9350e3ba0da006702e61fd1f80/url HTTP/1.1
User-Agent: selenium/4.8.1 (java windows)
Content-Length: 69
Content-Type: application/json; charset=utf-8
host: localhost:22722
accept: */*

Response DefaultHttpResponse(decodeResult: success, version: HTTP/1.1)
HTTP/1.1 200 OK
Content-Length: 14
Content-Type: application/json; charset=utf-8
cache-control: no-cache

02:10:33.783 [AsyncHttpClient-1-4] DEBUG org.asynchttpclient.netty.channel.ChannelManager - Adding key: http://localhost:22722 for channel [id: 0x066b6384, L:/127.0.0.1:61115 - R:localhost/127.0.0.1:22722]
02:10:33.786 [Forwarding setTimeout on session eb260d9350e3ba0da006702e61fd1f80 to remote] DEBUG org.asynchttpclient.netty.request.NettyRequestSender - Using pooled Channel '[id: 0x066b6384, L:/127.0.0.1:61115 - R:localhost/127.0.0.1:22722]' for 'POST' to 'http://localhost:22722/session/eb260d9350e3ba0da006702e61fd1f80/timeouts'
02:10:33.786 [Forwarding setTimeout on session eb260d9350e3ba0da006702e61fd1f80 to remote] DEBUG org.asynchttpclient.netty.request.NettyRequestSender - Using open Channel [id: 0x066b6384, L:/127.0.0.1:61115 - R:localhost/127.0.0.1:22722] for POST '/session/eb260d9350e3ba0da006702e61fd1f80/timeouts'
02:10:33.792 [AsyncHttpClient-1-4] DEBUG org.asynchttpclient.netty.handler.HttpHandler - 

Request DefaultHttpRequest(decodeResult: success, version: HTTP/1.1)
POST /session/eb260d9350e3ba0da006702e61fd1f80/timeouts HTTP/1.1
User-Agent: selenium/4.8.1 (java windows)
Content-Length: 22
Content-Type: application/json; charset=utf-8
host: localhost:22722
accept: */*

Response DefaultHttpResponse(decodeResult: success, version: HTTP/1.1)
HTTP/1.1 200 OK
Content-Length: 14
Content-Type: application/json; charset=utf-8
cache-control: no-cache

02:10:33.792 [AsyncHttpClient-1-4] DEBUG org.asynchttpclient.netty.channel.ChannelManager - Adding key: http://localhost:22722 for channel [id: 0x066b6384, L:/127.0.0.1:61115 - R:localhost/127.0.0.1:22722]
  &amp#27;[32mGiven &amp#27;[0m&amp#27;[32mI am on the landing page&amp#27;[0m                   &amp#27;[90m# starter.stepdefinitions.LoginSteps.onTheLandingPage()&amp#27;[0m
02:10:33.815 [main] DEBUG net.serenitybdd.core.photography.Darkroom - Opening darkroom
02:10:33.817 [Darkroom Processing Line] DEBUG net.serenitybdd.core.photography.DarkroomProcessingLine - Darkroom processing line starting up
02:10:33.818 [Forwarding getAlertText on session eb260d9350e3ba0da006702e61fd1f80 to remote] DEBUG org.asynchttpclient.netty.request.NettyRequestSender - Using pooled Channel '[id: 0x066b6384, L:/127.0.0.1:61115 - R:localhost/127.0.0.1:22722]' for 'GET' to 'http://localhost:22722/session/eb260d9350e3ba0da006702e61fd1f80/alert/text'
02:10:33.819 [Forwarding getAlertText on session eb260d9350e3ba0da006702e61fd1f80 to remote] DEBUG org.asynchttpclient.netty.request.NettyRequestSender - Using open Channel [id: 0x066b6384, L:/127.0.0.1:61115 - R:localhost/127.0.0.1:22722] for GET '/session/eb260d9350e3ba0da006702e61fd1f80/alert/text'
02:10:33.830 [AsyncHttpClient-1-4] DEBUG org.asynchttpclient.netty.handler.HttpHandler - 

Request DefaultFullHttpRequest(decodeResult: success, version: HTTP/1.1, content: EmptyByteBufBE)
GET /session/eb260d9350e3ba0da006702e61fd1f80/alert/text HTTP/1.1
User-Agent: selenium/4.8.1 (java windows)
Cache-Control: no-cache
Content-Type: application/json; charset=utf-8
host: localhost:22722
accept: */*

Response DefaultHttpResponse(decodeResult: success, version: HTTP/1.1)
HTTP/1.1 404 Not Found
Content-Length: 828
Content-Type: application/json; charset=utf-8
cache-control: no-cache

02:10:33.830 [AsyncHttpClient-1-4] DEBUG org.asynchttpclient.netty.channel.ChannelManager - Adding key: http://localhost:22722 for channel [id: 0x066b6384, L:/127.0.0.1:61115 - R:localhost/127.0.0.1:22722]
02:10:33.832 [Forwarding getCurrentUrl on session eb260d9350e3ba0da006702e61fd1f80 to remote] DEBUG org.asynchttpclient.netty.request.NettyRequestSender - Using pooled Channel '[id: 0x066b6384, L:/127.0.0.1:61115 - R:localhost/127.0.0.1:22722]' for 'GET' to 'http://localhost:22722/session/eb260d9350e3ba0da006702e61fd1f80/url'
02:10:33.832 [Forwarding getCurrentUrl on session eb260d9350e3ba0da006702e61fd1f80 to remote] DEBUG org.asynchttpclient.netty.request.NettyRequestSender - Using open Channel [id: 0x066b6384, L:/127.0.0.1:61115 - R:localhost/127.0.0.1:22722] for GET '/session/eb260d9350e3ba0da006702e61fd1f80/url'
02:10:33.869 [AsyncHttpClient-1-4] DEBUG org.asynchttpclient.netty.handler.HttpHandler - 

Request DefaultFullHttpRequest(decodeResult: success, version: HTTP/1.1, content: EmptyByteBufBE)
GET /session/eb260d9350e3ba0da006702e61fd1f80/url HTTP/1.1
User-Agent: selenium/4.8.1 (java windows)
Cache-Control: no-cache
Content-Type: application/json; charset=utf-8
host: localhost:22722
accept: */*

Response DefaultHttpResponse(decodeResult: success, version: HTTP/1.1)
HTTP/1.1 200 OK
Content-Length: 51
Content-Type: application/json; charset=utf-8
cache-control: no-cache

02:10:33.869 [AsyncHttpClient-1-4] DEBUG org.asynchttpclient.netty.channel.ChannelManager - Adding key: http://localhost:22722 for channel [id: 0x066b6384, L:/127.0.0.1:61115 - R:localhost/127.0.0.1:22722]
02:10:33.871 [Forwarding screenshot on session eb260d9350e3ba0da006702e61fd1f80 to remote] DEBUG org.asynchttpclient.netty.request.NettyRequestSender - Using pooled Channel '[id: 0x066b6384, L:/127.0.0.1:61115 - R:localhost/127.0.0.1:22722]' for 'GET' to 'http://localhost:22722/session/eb260d9350e3ba0da006702e61fd1f80/screenshot'
02:10:33.871 [Forwarding screenshot on session eb260d9350e3ba0da006702e61fd1f80 to remote] DEBUG org.asynchttpclient.netty.request.NettyRequestSender - Using open Channel [id: 0x066b6384, L:/127.0.0.1:61115 - R:localhost/127.0.0.1:22722] for GET '/session/eb260d9350e3ba0da006702e61fd1f80/screenshot'
02:10:34.215 [AsyncHttpClient-1-4] DEBUG org.asynchttpclient.netty.handler.HttpHandler - 

Request DefaultFullHttpRequest(decodeResult: success, version: HTTP/1.1, content: EmptyByteBufBE)
GET /session/eb260d9350e3ba0da006702e61fd1f80/screenshot HTTP/1.1
User-Agent: selenium/4.8.1 (java windows)
Cache-Control: no-cache
Content-Type: application/json; charset=utf-8
host: localhost:22722
accept: */*

Response DefaultHttpResponse(decodeResult: success, version: HTTP/1.1)
HTTP/1.1 200 OK
Content-Length: 137344
Content-Type: application/json; charset=utf-8
cache-control: no-cache

02:10:34.215 [AsyncHttpClient-1-4] DEBUG org.asynchttpclient.netty.channel.ChannelManager - Adding key: http://localhost:22722 for channel [id: 0x066b6384, L:/127.0.0.1:61115 - R:localhost/127.0.0.1:22722]
02:10:34.221 [main] DEBUG net.serenitybdd.core.photography.Darkroom - Send negative for processing for target\site\serenity\9076e7b874bd2d5415e1c8437d34569b49d95d450d0d79118c7c343677d45ee3.png
02:10:34.222 [Darkroom Processing Line] DEBUG net.serenitybdd.core.photography.DarkroomProcessingLine - Processing screenshot image in /var/screenshots/screenshot-15572753825671827479
02:10:34.222 [Darkroom Processing Line] DEBUG net.serenitybdd.core.photography.DarkroomProcessingLine - Saving screenshot to target\site\serenity\9076e7b874bd2d5415e1c8437d34569b49d95d450d0d79118c7c343677d45ee3.png
02:10:34.229 [Forwarding getPageSource on session eb260d9350e3ba0da006702e61fd1f80 to remote] DEBUG org.asynchttpclient.netty.request.NettyRequestSender - Using pooled Channel '[id: 0x066b6384, L:/127.0.0.1:61115 - R:localhost/127.0.0.1:22722]' for 'POST' to 'http://localhost:22722/session/eb260d9350e3ba0da006702e61fd1f80/execute/sync'
02:10:34.230 [Forwarding getPageSource on session eb260d9350e3ba0da006702e61fd1f80 to remote] DEBUG org.asynchttpclient.netty.request.NettyRequestSender - Using open Channel [id: 0x066b6384, L:/127.0.0.1:61115 - R:localhost/127.0.0.1:22722] for POST '/session/eb260d9350e3ba0da006702e61fd1f80/execute/sync'
02:10:34.231 [AsyncHttpClient-1-1] DEBUG org.asynchttpclient.netty.channel.DefaultChannelPool - Entry count for : http://localhost:61116 : 1
02:10:34.242 [AsyncHttpClient-1-4] DEBUG org.asynchttpclient.netty.handler.HttpHandler - 

Request DefaultHttpRequest(decodeResult: success, version: HTTP/1.1)
POST /session/eb260d9350e3ba0da006702e61fd1f80/execute/sync HTTP/1.1
User-Agent: selenium/4.8.1 (java windows)
Content-Length: 176
Content-Type: application/json; charset=utf-8
host: localhost:22722
accept: */*

Response DefaultHttpResponse(decodeResult: success, version: HTTP/1.1)
HTTP/1.1 200 OK
Content-Length: 2008
Content-Type: application/json; charset=utf-8
cache-control: no-cache

02:10:34.242 [AsyncHttpClient-1-4] DEBUG org.asynchttpclient.netty.channel.ChannelManager - Adding key: http://localhost:22722 for channel [id: 0x066b6384, L:/127.0.0.1:61115 - R:localhost/127.0.0.1:22722]
02:10:34.243 [Forwarding getCurrentUrl on session eb260d9350e3ba0da006702e61fd1f80 to remote] DEBUG org.asynchttpclient.netty.request.NettyRequestSender - Using pooled Channel '[id: 0x066b6384, L:/127.0.0.1:61115 - R:localhost/127.0.0.1:22722]' for 'GET' to 'http://localhost:22722/session/eb260d9350e3ba0da006702e61fd1f80/url'
02:10:34.244 [Forwarding getCurrentUrl on session eb260d9350e3ba0da006702e61fd1f80 to remote] DEBUG org.asynchttpclient.netty.request.NettyRequestSender - Using open Channel [id: 0x066b6384, L:/127.0.0.1:61115 - R:localhost/127.0.0.1:22722] for GET '/session/eb260d9350e3ba0da006702e61fd1f80/url'
02:10:34.253 [AsyncHttpClient-1-4] DEBUG org.asynchttpclient.netty.handler.HttpHandler - 

Request DefaultFullHttpRequest(decodeResult: success, version: HTTP/1.1, content: EmptyByteBufBE)
GET /session/eb260d9350e3ba0da006702e61fd1f80/url HTTP/1.1
User-Agent: selenium/4.8.1 (java windows)
Cache-Control: no-cache
Content-Type: application/json; charset=utf-8
host: localhost:22722
accept: */*

Response DefaultHttpResponse(decodeResult: success, version: HTTP/1.1)
HTTP/1.1 200 OK
Content-Length: 51
Content-Type: application/json; charset=utf-8
cache-control: no-cache

02:10:34.253 [AsyncHttpClient-1-4] DEBUG org.asynchttpclient.netty.channel.ChannelManager - Adding key: http://localhost:22722 for channel [id: 0x066b6384, L:/127.0.0.1:61115 - R:localhost/127.0.0.1:22722]
02:10:34.268 [Forwarding getPageSource on session eb260d9350e3ba0da006702e61fd1f80 to remote] DEBUG org.asynchttpclient.netty.request.NettyRequestSender - Using pooled Channel '[id: 0x066b6384, L:/127.0.0.1:61115 - R:localhost/127.0.0.1:22722]' for 'POST' to 'http://localhost:22722/session/eb260d9350e3ba0da006702e61fd1f80/execute/sync'
02:10:34.268 [Forwarding getPageSource on session eb260d9350e3ba0da006702e61fd1f80 to remote] DEBUG org.asynchttpclient.netty.request.NettyRequestSender - Using open Channel [id: 0x066b6384, L:/127.0.0.1:61115 - R:localhost/127.0.0.1:22722] for POST '/session/eb260d9350e3ba0da006702e61fd1f80/execute/sync'
02:10:34.277 [AsyncHttpClient-1-4] DEBUG org.asynchttpclient.netty.handler.HttpHandler - 

Request DefaultHttpRequest(decodeResult: success, version: HTTP/1.1)
POST /session/eb260d9350e3ba0da006702e61fd1f80/execute/sync HTTP/1.1
User-Agent: selenium/4.8.1 (java windows)
Content-Length: 176
Content-Type: application/json; charset=utf-8
host: localhost:22722
accept: */*

Response DefaultHttpResponse(decodeResult: success, version: HTTP/1.1)
HTTP/1.1 200 OK
Content-Length: 2008
Content-Type: application/json; charset=utf-8
cache-control: no-cache

02:10:34.278 [AsyncHttpClient-1-4] DEBUG org.asynchttpclient.netty.channel.ChannelManager - Adding key: http://localhost:22722 for channel [id: 0x066b6384, L:/127.0.0.1:61115 - R:localhost/127.0.0.1:22722]
02:10:34.280 [Forwarding getCurrentUrl on session eb260d9350e3ba0da006702e61fd1f80 to remote] DEBUG org.asynchttpclient.netty.request.NettyRequestSender - Using pooled Channel '[id: 0x066b6384, L:/127.0.0.1:61115 - R:localhost/127.0.0.1:22722]' for 'GET' to 'http://localhost:22722/session/eb260d9350e3ba0da006702e61fd1f80/url'
02:10:34.280 [Forwarding getCurrentUrl on session eb260d9350e3ba0da006702e61fd1f80 to remote] DEBUG org.asynchttpclient.netty.request.NettyRequestSender - Using open Channel [id: 0x066b6384, L:/127.0.0.1:61115 - R:localhost/127.0.0.1:22722] for GET '/session/eb260d9350e3ba0da006702e61fd1f80/url'
02:10:34.290 [AsyncHttpClient-1-4] DEBUG org.asynchttpclient.netty.handler.HttpHandler - 

Request DefaultFullHttpRequest(decodeResult: success, version: HTTP/1.1, content: EmptyByteBufBE)
GET /session/eb260d9350e3ba0da006702e61fd1f80/url HTTP/1.1
User-Agent: selenium/4.8.1 (java windows)
Cache-Control: no-cache
Content-Type: application/json; charset=utf-8
host: localhost:22722
accept: */*

Response DefaultHttpResponse(decodeResult: success, version: HTTP/1.1)
HTTP/1.1 200 OK
Content-Length: 51
Content-Type: application/json; charset=utf-8
cache-control: no-cache

02:10:34.290 [AsyncHttpClient-1-4] DEBUG org.asynchttpclient.netty.channel.ChannelManager - Adding key: http://localhost:22722 for channel [id: 0x066b6384, L:/127.0.0.1:61115 - R:localhost/127.0.0.1:22722]
02:10:34.293 [main] DEBUG net.thucydides.core.steps.StepInterceptor - STARTING STEP: LoginSteps.clickGetIntoTheDashboardButton - clickIntoTheDashboard
02:10:34.299 [Forwarding findElement on session eb260d9350e3ba0da006702e61fd1f80 to remote] DEBUG org.asynchttpclient.netty.request.NettyRequestSender - Using pooled Channel '[id: 0x066b6384, L:/127.0.0.1:61115 - R:localhost/127.0.0.1:22722]' for 'POST' to 'http://localhost:22722/session/eb260d9350e3ba0da006702e61fd1f80/element'
02:10:34.299 [Forwarding findElement on session eb260d9350e3ba0da006702e61fd1f80 to remote] DEBUG org.asynchttpclient.netty.request.NettyRequestSender - Using open Channel [id: 0x066b6384, L:/127.0.0.1:61115 - R:localhost/127.0.0.1:22722] for POST '/session/eb260d9350e3ba0da006702e61fd1f80/element'
02:10:34.332 [AsyncHttpClient-1-4] DEBUG org.asynchttpclient.netty.handler.HttpHandler - 

Request DefaultHttpRequest(decodeResult: success, version: HTTP/1.1)
POST /session/eb260d9350e3ba0da006702e61fd1f80/element HTTP/1.1
User-Agent: selenium/4.8.1 (java windows)
Content-Length: 266
Content-Type: application/json; charset=utf-8
host: localhost:22722
accept: */*

Response DefaultHttpResponse(decodeResult: success, version: HTTP/1.1)
HTTP/1.1 200 OK
Content-Length: 94
Content-Type: application/json; charset=utf-8
cache-control: no-cache

02:10:34.332 [AsyncHttpClient-1-4] DEBUG org.asynchttpclient.netty.channel.ChannelManager - Adding key: http://localhost:22722 for channel [id: 0x066b6384, L:/127.0.0.1:61115 - R:localhost/127.0.0.1:22722]
02:10:34.334 [Forwarding getElementTagName on session eb260d9350e3ba0da006702e61fd1f80 to remote] DEBUG org.asynchttpclient.netty.request.NettyRequestSender - Using pooled Channel '[id: 0x066b6384, L:/127.0.0.1:61115 - R:localhost/127.0.0.1:22722]' for 'GET' to 'http://localhost:22722/session/eb260d9350e3ba0da006702e61fd1f80/element/D7BA421989523AB464E0E5B48BF8BFD0_element_5/name'
02:10:34.334 [Forwarding getElementTagName on session eb260d9350e3ba0da006702e61fd1f80 to remote] DEBUG org.asynchttpclient.netty.request.NettyRequestSender - Using open Channel [id: 0x066b6384, L:/127.0.0.1:61115 - R:localhost/127.0.0.1:22722] for GET '/session/eb260d9350e3ba0da006702e61fd1f80/element/D7BA421989523AB464E0E5B48BF8BFD0_element_5/name'
02:10:34.346 [AsyncHttpClient-1-4] DEBUG org.asynchttpclient.netty.handler.HttpHandler - 

Request DefaultFullHttpRequest(decodeResult: success, version: HTTP/1.1, content: EmptyByteBufBE)
GET /session/eb260d9350e3ba0da006702e61fd1f80/element/D7BA421989523AB464E0E5B48BF8BFD0_element_5/name HTTP/1.1
User-Agent: selenium/4.8.1 (java windows)
Cache-Control: no-cache
Content-Type: application/json; charset=utf-8
host: localhost:22722
accept: */*

Response DefaultHttpResponse(decodeResult: success, version: HTTP/1.1)
HTTP/1.1 200 OK
Content-Length: 18
Content-Type: application/json; charset=utf-8
cache-control: no-cache

02:10:34.347 [AsyncHttpClient-1-4] DEBUG org.asynchttpclient.netty.channel.ChannelManager - Adding key: http://localhost:22722 for channel [id: 0x066b6384, L:/127.0.0.1:61115 - R:localhost/127.0.0.1:22722]
02:10:34.348 [Forwarding getElementTagName on session eb260d9350e3ba0da006702e61fd1f80 to remote] DEBUG org.asynchttpclient.netty.request.NettyRequestSender - Using pooled Channel '[id: 0x066b6384, L:/127.0.0.1:61115 - R:localhost/127.0.0.1:22722]' for 'GET' to 'http://localhost:22722/session/eb260d9350e3ba0da006702e61fd1f80/element/D7BA421989523AB464E0E5B48BF8BFD0_element_5/name'
02:10:34.348 [Forwarding getElementTagName on session eb260d9350e3ba0da006702e61fd1f80 to remote] DEBUG org.asynchttpclient.netty.request.NettyRequestSender - Using open Channel [id: 0x066b6384, L:/127.0.0.1:61115 - R:localhost/127.0.0.1:22722] for GET '/session/eb260d9350e3ba0da006702e61fd1f80/element/D7BA421989523AB464E0E5B48BF8BFD0_element_5/name'
02:10:34.358 [AsyncHttpClient-1-4] DEBUG org.asynchttpclient.netty.handler.HttpHandler - 

Request DefaultFullHttpRequest(decodeResult: success, version: HTTP/1.1, content: EmptyByteBufBE)
GET /session/eb260d9350e3ba0da006702e61fd1f80/element/D7BA421989523AB464E0E5B48BF8BFD0_element_5/name HTTP/1.1
User-Agent: selenium/4.8.1 (java windows)
Cache-Control: no-cache
Content-Type: application/json; charset=utf-8
host: localhost:22722
accept: */*

Response DefaultHttpResponse(decodeResult: success, version: HTTP/1.1)
HTTP/1.1 200 OK
Content-Length: 18
Content-Type: application/json; charset=utf-8
cache-control: no-cache

02:10:34.359 [AsyncHttpClient-1-4] DEBUG org.asynchttpclient.netty.channel.ChannelManager - Adding key: http://localhost:22722 for channel [id: 0x066b6384, L:/127.0.0.1:61115 - R:localhost/127.0.0.1:22722]
02:10:34.362 [Forwarding isElementEnabled on session eb260d9350e3ba0da006702e61fd1f80 to remote] DEBUG org.asynchttpclient.netty.request.NettyRequestSender - Using pooled Channel '[id: 0x066b6384, L:/127.0.0.1:61115 - R:localhost/127.0.0.1:22722]' for 'GET' to 'http://localhost:22722/session/eb260d9350e3ba0da006702e61fd1f80/element/D7BA421989523AB464E0E5B48BF8BFD0_element_5/enabled'
02:10:34.362 [Forwarding isElementEnabled on session eb260d9350e3ba0da006702e61fd1f80 to remote] DEBUG org.asynchttpclient.netty.request.NettyRequestSender - Using open Channel [id: 0x066b6384, L:/127.0.0.1:61115 - R:localhost/127.0.0.1:22722] for GET '/session/eb260d9350e3ba0da006702e61fd1f80/element/D7BA421989523AB464E0E5B48BF8BFD0_element_5/enabled'
02:10:34.381 [AsyncHttpClient-1-4] DEBUG org.asynchttpclient.netty.handler.HttpHandler - 

Request DefaultFullHttpRequest(decodeResult: success, version: HTTP/1.1, content: EmptyByteBufBE)
GET /session/eb260d9350e3ba0da006702e61fd1f80/element/D7BA421989523AB464E0E5B48BF8BFD0_element_5/enabled HTTP/1.1
User-Agent: selenium/4.8.1 (java windows)
Cache-Control: no-cache
Content-Type: application/json; charset=utf-8
host: localhost:22722
accept: */*

Response DefaultHttpResponse(decodeResult: success, version: HTTP/1.1)
HTTP/1.1 200 OK
Content-Length: 14
Content-Type: application/json; charset=utf-8
cache-control: no-cache

02:10:34.382 [AsyncHttpClient-1-4] DEBUG org.asynchttpclient.netty.channel.ChannelManager - Adding key: http://localhost:22722 for channel [id: 0x066b6384, L:/127.0.0.1:61115 - R:localhost/127.0.0.1:22722]
02:10:34.383 [Forwarding isElementEnabled on session eb260d9350e3ba0da006702e61fd1f80 to remote] DEBUG org.asynchttpclient.netty.request.NettyRequestSender - Using pooled Channel '[id: 0x066b6384, L:/127.0.0.1:61115 - R:localhost/127.0.0.1:22722]' for 'GET' to 'http://localhost:22722/session/eb260d9350e3ba0da006702e61fd1f80/element/D7BA421989523AB464E0E5B48BF8BFD0_element_5/enabled'
02:10:34.383 [Forwarding isElementEnabled on session eb260d9350e3ba0da006702e61fd1f80 to remote] DEBUG org.asynchttpclient.netty.request.NettyRequestSender - Using open Channel [id: 0x066b6384, L:/127.0.0.1:61115 - R:localhost/127.0.0.1:22722] for GET '/session/eb260d9350e3ba0da006702e61fd1f80/element/D7BA421989523AB464E0E5B48BF8BFD0_element_5/enabled'
02:10:34.398 [AsyncHttpClient-1-4] DEBUG org.asynchttpclient.netty.handler.HttpHandler - 

Request DefaultFullHttpRequest(decodeResult: success, version: HTTP/1.1, content: EmptyByteBufBE)
GET /session/eb260d9350e3ba0da006702e61fd1f80/element/D7BA421989523AB464E0E5B48BF8BFD0_element_5/enabled HTTP/1.1
User-Agent: selenium/4.8.1 (java windows)
Cache-Control: no-cache
Content-Type: application/json; charset=utf-8
host: localhost:22722
accept: */*

Response DefaultHttpResponse(decodeResult: success, version: HTTP/1.1)
HTTP/1.1 200 OK
Content-Length: 14
Content-Type: application/json; charset=utf-8
cache-control: no-cache

02:10:34.398 [AsyncHttpClient-1-4] DEBUG org.asynchttpclient.netty.channel.ChannelManager - Adding key: http://localhost:22722 for channel [id: 0x066b6384, L:/127.0.0.1:61115 - R:localhost/127.0.0.1:22722]
02:10:34.401 [Forwarding findElement on session eb260d9350e3ba0da006702e61fd1f80 to remote] DEBUG org.asynchttpclient.netty.request.NettyRequestSender - Using pooled Channel '[id: 0x066b6384, L:/127.0.0.1:61115 - R:localhost/127.0.0.1:22722]' for 'POST' to 'http://localhost:22722/session/eb260d9350e3ba0da006702e61fd1f80/element'
02:10:34.401 [Forwarding findElement on session eb260d9350e3ba0da006702e61fd1f80 to remote] DEBUG org.asynchttpclient.netty.request.NettyRequestSender - Using open Channel [id: 0x066b6384, L:/127.0.0.1:61115 - R:localhost/127.0.0.1:22722] for POST '/session/eb260d9350e3ba0da006702e61fd1f80/element'
02:10:34.419 [AsyncHttpClient-1-4] DEBUG org.asynchttpclient.netty.handler.HttpHandler - 

Request DefaultHttpRequest(decodeResult: success, version: HTTP/1.1)
POST /session/eb260d9350e3ba0da006702e61fd1f80/element HTTP/1.1
User-Agent: selenium/4.8.1 (java windows)
Content-Length: 266
Content-Type: application/json; charset=utf-8
host: localhost:22722
accept: */*

Response DefaultHttpResponse(decodeResult: success, version: HTTP/1.1)
HTTP/1.1 200 OK
Content-Length: 94
Content-Type: application/json; charset=utf-8
cache-control: no-cache

02:10:34.420 [AsyncHttpClient-1-4] DEBUG org.asynchttpclient.netty.channel.ChannelManager - Adding key: http://localhost:22722 for channel [id: 0x066b6384, L:/127.0.0.1:61115 - R:localhost/127.0.0.1:22722]
02:10:34.422 [Forwarding clickElement on session eb260d9350e3ba0da006702e61fd1f80 to remote] DEBUG org.asynchttpclient.netty.request.NettyRequestSender - Using pooled Channel '[id: 0x066b6384, L:/127.0.0.1:61115 - R:localhost/127.0.0.1:22722]' for 'POST' to 'http://localhost:22722/session/eb260d9350e3ba0da006702e61fd1f80/element/D7BA421989523AB464E0E5B48BF8BFD0_element_5/click'
02:10:34.422 [Forwarding clickElement on session eb260d9350e3ba0da006702e61fd1f80 to remote] DEBUG org.asynchttpclient.netty.request.NettyRequestSender - Using open Channel [id: 0x066b6384, L:/127.0.0.1:61115 - R:localhost/127.0.0.1:22722] for POST '/session/eb260d9350e3ba0da006702e61fd1f80/element/D7BA421989523AB464E0E5B48BF8BFD0_element_5/click'
02:10:34.573 [AsyncHttpClient-1-4] DEBUG org.asynchttpclient.netty.handler.HttpHandler - 

Request DefaultHttpRequest(decodeResult: success, version: HTTP/1.1)
POST /session/eb260d9350e3ba0da006702e61fd1f80/element/D7BA421989523AB464E0E5B48BF8BFD0_element_5/click HTTP/1.1
User-Agent: selenium/4.8.1 (java windows)
Content-Length: 56
Content-Type: application/json; charset=utf-8
host: localhost:22722
accept: */*

Response DefaultHttpResponse(decodeResult: success, version: HTTP/1.1)
HTTP/1.1 200 OK
Content-Length: 14
Content-Type: application/json; charset=utf-8
cache-control: no-cache

02:10:34.574 [AsyncHttpClient-1-4] DEBUG org.asynchttpclient.netty.channel.ChannelManager - Adding key: http://localhost:22722 for channel [id: 0x066b6384, L:/127.0.0.1:61115 - R:localhost/127.0.0.1:22722]
02:10:34.586 [Forwarding getAlertText on session eb260d9350e3ba0da006702e61fd1f80 to remote] DEBUG org.asynchttpclient.netty.request.NettyRequestSender - Using pooled Channel '[id: 0x066b6384, L:/127.0.0.1:61115 - R:localhost/127.0.0.1:22722]' for 'GET' to 'http://localhost:22722/session/eb260d9350e3ba0da006702e61fd1f80/alert/text'
02:10:34.586 [Forwarding getAlertText on session eb260d9350e3ba0da006702e61fd1f80 to remote] DEBUG org.asynchttpclient.netty.request.NettyRequestSender - Using open Channel [id: 0x066b6384, L:/127.0.0.1:61115 - R:localhost/127.0.0.1:22722] for GET '/session/eb260d9350e3ba0da006702e61fd1f80/alert/text'
02:10:34.590 [AsyncHttpClient-1-4] DEBUG org.asynchttpclient.netty.handler.HttpHandler - 

Request DefaultFullHttpRequest(decodeResult: success, version: HTTP/1.1, content: EmptyByteBufBE)
GET /session/eb260d9350e3ba0da006702e61fd1f80/alert/text HTTP/1.1
User-Agent: selenium/4.8.1 (java windows)
Cache-Control: no-cache
Content-Type: application/json; charset=utf-8
host: localhost:22722
accept: */*

Response DefaultHttpResponse(decodeResult: success, version: HTTP/1.1)
HTTP/1.1 404 Not Found
Content-Length: 828
Content-Type: application/json; charset=utf-8
cache-control: no-cache

02:10:34.590 [AsyncHttpClient-1-4] DEBUG org.asynchttpclient.netty.channel.ChannelManager - Adding key: http://localhost:22722 for channel [id: 0x066b6384, L:/127.0.0.1:61115 - R:localhost/127.0.0.1:22722]
02:10:34.592 [Forwarding getCurrentUrl on session eb260d9350e3ba0da006702e61fd1f80 to remote] DEBUG org.asynchttpclient.netty.request.NettyRequestSender - Using pooled Channel '[id: 0x066b6384, L:/127.0.0.1:61115 - R:localhost/127.0.0.1:22722]' for 'GET' to 'http://localhost:22722/session/eb260d9350e3ba0da006702e61fd1f80/url'
02:10:34.592 [Forwarding getCurrentUrl on session eb260d9350e3ba0da006702e61fd1f80 to remote] DEBUG org.asynchttpclient.netty.request.NettyRequestSender - Using open Channel [id: 0x066b6384, L:/127.0.0.1:61115 - R:localhost/127.0.0.1:22722] for GET '/session/eb260d9350e3ba0da006702e61fd1f80/url'
02:10:34.605 [AsyncHttpClient-1-4] DEBUG org.asynchttpclient.netty.handler.HttpHandler - 

Request DefaultFullHttpRequest(decodeResult: success, version: HTTP/1.1, content: EmptyByteBufBE)
GET /session/eb260d9350e3ba0da006702e61fd1f80/url HTTP/1.1
User-Agent: selenium/4.8.1 (java windows)
Cache-Control: no-cache
Content-Type: application/json; charset=utf-8
host: localhost:22722
accept: */*

Response DefaultHttpResponse(decodeResult: success, version: HTTP/1.1)
HTTP/1.1 200 OK
Content-Length: 56
Content-Type: application/json; charset=utf-8
cache-control: no-cache

02:10:34.605 [AsyncHttpClient-1-4] DEBUG org.asynchttpclient.netty.channel.ChannelManager - Adding key: http://localhost:22722 for channel [id: 0x066b6384, L:/127.0.0.1:61115 - R:localhost/127.0.0.1:22722]
02:10:34.606 [Forwarding screenshot on session eb260d9350e3ba0da006702e61fd1f80 to remote] DEBUG org.asynchttpclient.netty.request.NettyRequestSender - Using pooled Channel '[id: 0x066b6384, L:/127.0.0.1:61115 - R:localhost/127.0.0.1:22722]' for 'GET' to 'http://localhost:22722/session/eb260d9350e3ba0da006702e61fd1f80/screenshot'
02:10:34.606 [Forwarding screenshot on session eb260d9350e3ba0da006702e61fd1f80 to remote] DEBUG org.asynchttpclient.netty.request.NettyRequestSender - Using open Channel [id: 0x066b6384, L:/127.0.0.1:61115 - R:localhost/127.0.0.1:22722] for GET '/session/eb260d9350e3ba0da006702e61fd1f80/screenshot'
02:10:34.936 [AsyncHttpClient-1-4] DEBUG org.asynchttpclient.netty.handler.HttpHandler - 

Request DefaultFullHttpRequest(decodeResult: success, version: HTTP/1.1, content: EmptyByteBufBE)
GET /session/eb260d9350e3ba0da006702e61fd1f80/screenshot HTTP/1.1
User-Agent: selenium/4.8.1 (java windows)
Cache-Control: no-cache
Content-Type: application/json; charset=utf-8
host: localhost:22722
accept: */*

Response DefaultHttpResponse(decodeResult: success, version: HTTP/1.1)
HTTP/1.1 200 OK
Content-Length: 115920
Content-Type: application/json; charset=utf-8
cache-control: no-cache

02:10:34.937 [AsyncHttpClient-1-4] DEBUG org.asynchttpclient.netty.channel.ChannelManager - Adding key: http://localhost:22722 for channel [id: 0x066b6384, L:/127.0.0.1:61115 - R:localhost/127.0.0.1:22722]
02:10:34.944 [main] DEBUG net.serenitybdd.core.photography.Darkroom - Send negative for processing for target\site\serenity\17b761db86950adf452c33ac0c5826e70494a35b1202adb5e49aa124d82ed99d.png
02:10:34.947 [Forwarding getPageSource on session eb260d9350e3ba0da006702e61fd1f80 to remote] DEBUG org.asynchttpclient.netty.request.NettyRequestSender - Using pooled Channel '[id: 0x066b6384, L:/127.0.0.1:61115 - R:localhost/127.0.0.1:22722]' for 'POST' to 'http://localhost:22722/session/eb260d9350e3ba0da006702e61fd1f80/execute/sync'
02:10:34.947 [Forwarding getPageSource on session eb260d9350e3ba0da006702e61fd1f80 to remote] DEBUG org.asynchttpclient.netty.request.NettyRequestSender - Using open Channel [id: 0x066b6384, L:/127.0.0.1:61115 - R:localhost/127.0.0.1:22722] for POST '/session/eb260d9350e3ba0da006702e61fd1f80/execute/sync'
02:10:34.960 [AsyncHttpClient-1-4] DEBUG org.asynchttpclient.netty.handler.HttpHandler - 

Request DefaultHttpRequest(decodeResult: success, version: HTTP/1.1)
POST /session/eb260d9350e3ba0da006702e61fd1f80/execute/sync HTTP/1.1
User-Agent: selenium/4.8.1 (java windows)
Content-Length: 176
Content-Type: application/json; charset=utf-8
host: localhost:22722
accept: */*

Response DefaultHttpResponse(decodeResult: success, version: HTTP/1.1)
HTTP/1.1 200 OK
Content-Length: 3427
Content-Type: application/json; charset=utf-8
cache-control: no-cache

02:10:34.960 [AsyncHttpClient-1-4] DEBUG org.asynchttpclient.netty.channel.ChannelManager - Adding key: http://localhost:22722 for channel [id: 0x066b6384, L:/127.0.0.1:61115 - R:localhost/127.0.0.1:22722]
02:10:34.962 [Forwarding getCurrentUrl on session eb260d9350e3ba0da006702e61fd1f80 to remote] DEBUG org.asynchttpclient.netty.request.NettyRequestSender - Using pooled Channel '[id: 0x066b6384, L:/127.0.0.1:61115 - R:localhost/127.0.0.1:22722]' for 'GET' to 'http://localhost:22722/session/eb260d9350e3ba0da006702e61fd1f80/url'
02:10:34.962 [Forwarding getCurrentUrl on session eb260d9350e3ba0da006702e61fd1f80 to remote] DEBUG org.asynchttpclient.netty.request.NettyRequestSender - Using open Channel [id: 0x066b6384, L:/127.0.0.1:61115 - R:localhost/127.0.0.1:22722] for GET '/session/eb260d9350e3ba0da006702e61fd1f80/url'
02:10:34.972 [AsyncHttpClient-1-4] DEBUG org.asynchttpclient.netty.handler.HttpHandler - 

Request DefaultFullHttpRequest(decodeResult: success, version: HTTP/1.1, content: EmptyByteBufBE)
GET /session/eb260d9350e3ba0da006702e61fd1f80/url HTTP/1.1
User-Agent: selenium/4.8.1 (java windows)
Cache-Control: no-cache
Content-Type: application/json; charset=utf-8
host: localhost:22722
accept: */*

Response DefaultHttpResponse(decodeResult: success, version: HTTP/1.1)
HTTP/1.1 200 OK
Content-Length: 56
Content-Type: application/json; charset=utf-8
cache-control: no-cache

02:10:34.972 [AsyncHttpClient-1-4] DEBUG org.asynchttpclient.netty.channel.ChannelManager - Adding key: http://localhost:22722 for channel [id: 0x066b6384, L:/127.0.0.1:61115 - R:localhost/127.0.0.1:22722]
02:10:34.983 [main] DEBUG net.thucydides.core.steps.StepInterceptor - STEP DONE: clickIntoTheDashboard
  &amp#27;[32mWhen &amp#27;[0m&amp#27;[32mI click get into the dashboard button&amp#27;[0m       &amp#27;[90m# starter.stepdefinitions.LoginSteps.clickGetIntoTheDashboardButton()&amp#27;[0m
02:10:34.995 [Forwarding getAlertText on session eb260d9350e3ba0da006702e61fd1f80 to remote] DEBUG org.asynchttpclient.netty.request.NettyRequestSender - Using pooled Channel '[id: 0x066b6384, L:/127.0.0.1:61115 - R:localhost/127.0.0.1:22722]' for 'GET' to 'http://localhost:22722/session/eb260d9350e3ba0da006702e61fd1f80/alert/text'
02:10:34.995 [Forwarding getAlertText on session eb260d9350e3ba0da006702e61fd1f80 to remote] DEBUG org.asynchttpclient.netty.request.NettyRequestSender - Using open Channel [id: 0x066b6384, L:/127.0.0.1:61115 - R:localhost/127.0.0.1:22722] for GET '/session/eb260d9350e3ba0da006702e61fd1f80/alert/text'
02:10:34.998 [AsyncHttpClient-1-4] DEBUG org.asynchttpclient.netty.handler.HttpHandler - 

Request DefaultFullHttpRequest(decodeResult: success, version: HTTP/1.1, content: EmptyByteBufBE)
GET /session/eb260d9350e3ba0da006702e61fd1f80/alert/text HTTP/1.1
User-Agent: selenium/4.8.1 (java windows)
Cache-Control: no-cache
Content-Type: application/json; charset=utf-8
host: localhost:22722
accept: */*

Response DefaultHttpResponse(decodeResult: success, version: HTTP/1.1)
HTTP/1.1 404 Not Found
Content-Length: 828
Content-Type: application/json; charset=utf-8
cache-control: no-cache

02:10:34.998 [AsyncHttpClient-1-4] DEBUG org.asynchttpclient.netty.channel.ChannelManager - Adding key: http://localhost:22722 for channel [id: 0x066b6384, L:/127.0.0.1:61115 - R:localhost/127.0.0.1:22722]
02:10:35.000 [Forwarding getCurrentUrl on session eb260d9350e3ba0da006702e61fd1f80 to remote] DEBUG org.asynchttpclient.netty.request.NettyRequestSender - Using pooled Channel '[id: 0x066b6384, L:/127.0.0.1:61115 - R:localhost/127.0.0.1:22722]' for 'GET' to 'http://localhost:22722/session/eb260d9350e3ba0da006702e61fd1f80/url'
02:10:35.000 [Forwarding getCurrentUrl on session eb260d9350e3ba0da006702e61fd1f80 to remote] DEBUG org.asynchttpclient.netty.request.NettyRequestSender - Using open Channel [id: 0x066b6384, L:/127.0.0.1:61115 - R:localhost/127.0.0.1:22722] for GET '/session/eb260d9350e3ba0da006702e61fd1f80/url'
02:10:35.009 [AsyncHttpClient-1-4] DEBUG org.asynchttpclient.netty.handler.HttpHandler - 

Request DefaultFullHttpRequest(decodeResult: success, version: HTTP/1.1, content: EmptyByteBufBE)
GET /session/eb260d9350e3ba0da006702e61fd1f80/url HTTP/1.1
User-Agent: selenium/4.8.1 (java windows)
Cache-Control: no-cache
Content-Type: application/json; charset=utf-8
host: localhost:22722
accept: */*

Response DefaultHttpResponse(decodeResult: success, version: HTTP/1.1)
HTTP/1.1 200 OK
Content-Length: 56
Content-Type: application/json; charset=utf-8
cache-control: no-cache

02:10:35.009 [AsyncHttpClient-1-4] DEBUG org.asynchttpclient.netty.channel.ChannelManager - Adding key: http://localhost:22722 for channel [id: 0x066b6384, L:/127.0.0.1:61115 - R:localhost/127.0.0.1:22722]
02:10:35.010 [Forwarding screenshot on session eb260d9350e3ba0da006702e61fd1f80 to remote] DEBUG org.asynchttpclient.netty.request.NettyRequestSender - Using pooled Channel '[id: 0x066b6384, L:/127.0.0.1:61115 - R:localhost/127.0.0.1:22722]' for 'GET' to 'http://localhost:22722/session/eb260d9350e3ba0da006702e61fd1f80/screenshot'
02:10:35.010 [Forwarding screenshot on session eb260d9350e3ba0da006702e61fd1f80 to remote] DEBUG org.asynchttpclient.netty.request.NettyRequestSender - Using open Channel [id: 0x066b6384, L:/127.0.0.1:61115 - R:localhost/127.0.0.1:22722] for GET '/session/eb260d9350e3ba0da006702e61fd1f80/screenshot'
02:10:35.278 [AsyncHttpClient-1-4] DEBUG org.asynchttpclient.netty.handler.HttpHandler - 

Request DefaultFullHttpRequest(decodeResult: success, version: HTTP/1.1, content: EmptyByteBufBE)
GET /session/eb260d9350e3ba0da006702e61fd1f80/screenshot HTTP/1.1
User-Agent: selenium/4.8.1 (java windows)
Cache-Control: no-cache
Content-Type: application/json; charset=utf-8
host: localhost:22722
accept: */*

Response DefaultHttpResponse(decodeResult: success, version: HTTP/1.1)
HTTP/1.1 200 OK
Content-Length: 115920
Content-Type: application/json; charset=utf-8
cache-control: no-cache

02:10:35.279 [AsyncHttpClient-1-4] DEBUG org.asynchttpclient.netty.channel.ChannelManager - Adding key: http://localhost:22722 for channel [id: 0x066b6384, L:/127.0.0.1:61115 - R:localhost/127.0.0.1:22722]
02:10:35.288 [main] DEBUG net.serenitybdd.core.photography.Darkroom - Send negative for processing for target\site\serenity\17b761db86950adf452c33ac0c5826e70494a35b1202adb5e49aa124d82ed99d.png
02:10:35.305 [Forwarding getPageSource on session eb260d9350e3ba0da006702e61fd1f80 to remote] DEBUG org.asynchttpclient.netty.request.NettyRequestSender - Using pooled Channel '[id: 0x066b6384, L:/127.0.0.1:61115 - R:localhost/127.0.0.1:22722]' for 'POST' to 'http://localhost:22722/session/eb260d9350e3ba0da006702e61fd1f80/execute/sync'
02:10:35.306 [Forwarding getPageSource on session eb260d9350e3ba0da006702e61fd1f80 to remote] DEBUG org.asynchttpclient.netty.request.NettyRequestSender - Using open Channel [id: 0x066b6384, L:/127.0.0.1:61115 - R:localhost/127.0.0.1:22722] for POST '/session/eb260d9350e3ba0da006702e61fd1f80/execute/sync'
02:10:35.321 [AsyncHttpClient-1-4] DEBUG org.asynchttpclient.netty.handler.HttpHandler - 

Request DefaultHttpRequest(decodeResult: success, version: HTTP/1.1)
POST /session/eb260d9350e3ba0da006702e61fd1f80/execute/sync HTTP/1.1
User-Agent: selenium/4.8.1 (java windows)
Content-Length: 176
Content-Type: application/json; charset=utf-8
host: localhost:22722
accept: */*

Response DefaultHttpResponse(decodeResult: success, version: HTTP/1.1)
HTTP/1.1 200 OK
Content-Length: 3427
Content-Type: application/json; charset=utf-8
cache-control: no-cache

02:10:35.321 [AsyncHttpClient-1-4] DEBUG org.asynchttpclient.netty.channel.ChannelManager - Adding key: http://localhost:22722 for channel [id: 0x066b6384, L:/127.0.0.1:61115 - R:localhost/127.0.0.1:22722]
02:10:35.323 [Forwarding getCurrentUrl on session eb260d9350e3ba0da006702e61fd1f80 to remote] DEBUG org.asynchttpclient.netty.request.NettyRequestSender - Using pooled Channel '[id: 0x066b6384, L:/127.0.0.1:61115 - R:localhost/127.0.0.1:22722]' for 'GET' to 'http://localhost:22722/session/eb260d9350e3ba0da006702e61fd1f80/url'
02:10:35.323 [Forwarding getCurrentUrl on session eb260d9350e3ba0da006702e61fd1f80 to remote] DEBUG org.asynchttpclient.netty.request.NettyRequestSender - Using open Channel [id: 0x066b6384, L:/127.0.0.1:61115 - R:localhost/127.0.0.1:22722] for GET '/session/eb260d9350e3ba0da006702e61fd1f80/url'
02:10:35.329 [AsyncHttpClient-1-1] DEBUG org.asynchttpclient.netty.channel.DefaultChannelPool - Entry count for : http://localhost:61116 : 1
02:10:35.334 [AsyncHttpClient-1-4] DEBUG org.asynchttpclient.netty.handler.HttpHandler - 

Request DefaultFullHttpRequest(decodeResult: success, version: HTTP/1.1, content: EmptyByteBufBE)
GET /session/eb260d9350e3ba0da006702e61fd1f80/url HTTP/1.1
User-Agent: selenium/4.8.1 (java windows)
Cache-Control: no-cache
Content-Type: application/json; charset=utf-8
host: localhost:22722
accept: */*

Response DefaultHttpResponse(decodeResult: success, version: HTTP/1.1)
HTTP/1.1 200 OK
Content-Length: 56
Content-Type: application/json; charset=utf-8
cache-control: no-cache

02:10:35.335 [AsyncHttpClient-1-4] DEBUG org.asynchttpclient.netty.channel.ChannelManager - Adding key: http://localhost:22722 for channel [id: 0x066b6384, L:/127.0.0.1:61115 - R:localhost/127.0.0.1:22722]
02:10:35.354 [Forwarding getAlertText on session eb260d9350e3ba0da006702e61fd1f80 to remote] DEBUG org.asynchttpclient.netty.request.NettyRequestSender - Using pooled Channel '[id: 0x066b6384, L:/127.0.0.1:61115 - R:localhost/127.0.0.1:22722]' for 'GET' to 'http://localhost:22722/session/eb260d9350e3ba0da006702e61fd1f80/alert/text'
02:10:35.354 [Forwarding getAlertText on session eb260d9350e3ba0da006702e61fd1f80 to remote] DEBUG org.asynchttpclient.netty.request.NettyRequestSender - Using open Channel [id: 0x066b6384, L:/127.0.0.1:61115 - R:localhost/127.0.0.1:22722] for GET '/session/eb260d9350e3ba0da006702e61fd1f80/alert/text'
02:10:35.357 [AsyncHttpClient-1-4] DEBUG org.asynchttpclient.netty.handler.HttpHandler - 

Request DefaultFullHttpRequest(decodeResult: success, version: HTTP/1.1, content: EmptyByteBufBE)
GET /session/eb260d9350e3ba0da006702e61fd1f80/alert/text HTTP/1.1
User-Agent: selenium/4.8.1 (java windows)
Cache-Control: no-cache
Content-Type: application/json; charset=utf-8
host: localhost:22722
accept: */*

Response DefaultHttpResponse(decodeResult: success, version: HTTP/1.1)
HTTP/1.1 404 Not Found
Content-Length: 828
Content-Type: application/json; charset=utf-8
cache-control: no-cache

02:10:35.358 [AsyncHttpClient-1-4] DEBUG org.asynchttpclient.netty.channel.ChannelManager - Adding key: http://localhost:22722 for channel [id: 0x066b6384, L:/127.0.0.1:61115 - R:localhost/127.0.0.1:22722]
02:10:35.360 [Forwarding getCurrentUrl on session eb260d9350e3ba0da006702e61fd1f80 to remote] DEBUG org.asynchttpclient.netty.request.NettyRequestSender - Using pooled Channel '[id: 0x066b6384, L:/127.0.0.1:61115 - R:localhost/127.0.0.1:22722]' for 'GET' to 'http://localhost:22722/session/eb260d9350e3ba0da006702e61fd1f80/url'
02:10:35.360 [Forwarding getCurrentUrl on session eb260d9350e3ba0da006702e61fd1f80 to remote] DEBUG org.asynchttpclient.netty.request.NettyRequestSender - Using open Channel [id: 0x066b6384, L:/127.0.0.1:61115 - R:localhost/127.0.0.1:22722] for GET '/session/eb260d9350e3ba0da006702e61fd1f80/url'
02:10:35.371 [AsyncHttpClient-1-4] DEBUG org.asynchttpclient.netty.handler.HttpHandler - 

Request DefaultFullHttpRequest(decodeResult: success, version: HTTP/1.1, content: EmptyByteBufBE)
GET /session/eb260d9350e3ba0da006702e61fd1f80/url HTTP/1.1
User-Agent: selenium/4.8.1 (java windows)
Cache-Control: no-cache
Content-Type: application/json; charset=utf-8
host: localhost:22722
accept: */*

Response DefaultHttpResponse(decodeResult: success, version: HTTP/1.1)
HTTP/1.1 200 OK
Content-Length: 56
Content-Type: application/json; charset=utf-8
cache-control: no-cache

02:10:35.371 [AsyncHttpClient-1-4] DEBUG org.asynchttpclient.netty.channel.ChannelManager - Adding key: http://localhost:22722 for channel [id: 0x066b6384, L:/127.0.0.1:61115 - R:localhost/127.0.0.1:22722]
02:10:35.372 [Forwarding screenshot on session eb260d9350e3ba0da006702e61fd1f80 to remote] DEBUG org.asynchttpclient.netty.request.NettyRequestSender - Using pooled Channel '[id: 0x066b6384, L:/127.0.0.1:61115 - R:localhost/127.0.0.1:22722]' for 'GET' to 'http://localhost:22722/session/eb260d9350e3ba0da006702e61fd1f80/screenshot'
02:10:35.372 [Forwarding screenshot on session eb260d9350e3ba0da006702e61fd1f80 to remote] DEBUG org.asynchttpclient.netty.request.NettyRequestSender - Using open Channel [id: 0x066b6384, L:/127.0.0.1:61115 - R:localhost/127.0.0.1:22722] for GET '/session/eb260d9350e3ba0da006702e61fd1f80/screenshot'
02:10:35.655 [AsyncHttpClient-1-4] DEBUG org.asynchttpclient.netty.handler.HttpHandler - 

Request DefaultFullHttpRequest(decodeResult: success, version: HTTP/1.1, content: EmptyByteBufBE)
GET /session/eb260d9350e3ba0da006702e61fd1f80/screenshot HTTP/1.1
User-Agent: selenium/4.8.1 (java windows)
Cache-Control: no-cache
Content-Type: application/json; charset=utf-8
host: localhost:22722
accept: */*

Response DefaultHttpResponse(decodeResult: success, version: HTTP/1.1)
HTTP/1.1 200 OK
Content-Length: 115920
Content-Type: application/json; charset=utf-8
cache-control: no-cache

02:10:35.655 [AsyncHttpClient-1-4] DEBUG org.asynchttpclient.netty.channel.ChannelManager - Adding key: http://localhost:22722 for channel [id: 0x066b6384, L:/127.0.0.1:61115 - R:localhost/127.0.0.1:22722]
02:10:35.660 [main] DEBUG net.serenitybdd.core.photography.Darkroom - Send negative for processing for target\site\serenity\17b761db86950adf452c33ac0c5826e70494a35b1202adb5e49aa124d82ed99d.png
02:10:35.662 [Forwarding getPageSource on session eb260d9350e3ba0da006702e61fd1f80 to remote] DEBUG org.asynchttpclient.netty.request.NettyRequestSender - Using pooled Channel '[id: 0x066b6384, L:/127.0.0.1:61115 - R:localhost/127.0.0.1:22722]' for 'POST' to 'http://localhost:22722/session/eb260d9350e3ba0da006702e61fd1f80/execute/sync'
02:10:35.662 [Forwarding getPageSource on session eb260d9350e3ba0da006702e61fd1f80 to remote] DEBUG org.asynchttpclient.netty.request.NettyRequestSender - Using open Channel [id: 0x066b6384, L:/127.0.0.1:61115 - R:localhost/127.0.0.1:22722] for POST '/session/eb260d9350e3ba0da006702e61fd1f80/execute/sync'
02:10:35.672 [AsyncHttpClient-1-4] DEBUG org.asynchttpclient.netty.handler.HttpHandler - 

Request DefaultHttpRequest(decodeResult: success, version: HTTP/1.1)
POST /session/eb260d9350e3ba0da006702e61fd1f80/execute/sync HTTP/1.1
User-Agent: selenium/4.8.1 (java windows)
Content-Length: 176
Content-Type: application/json; charset=utf-8
host: localhost:22722
accept: */*

Response DefaultHttpResponse(decodeResult: success, version: HTTP/1.1)
HTTP/1.1 200 OK
Content-Length: 3427
Content-Type: application/json; charset=utf-8
cache-control: no-cache

02:10:35.672 [AsyncHttpClient-1-4] DEBUG org.asynchttpclient.netty.channel.ChannelManager - Adding key: http://localhost:22722 for channel [id: 0x066b6384, L:/127.0.0.1:61115 - R:localhost/127.0.0.1:22722]
02:10:35.675 [Forwarding getCurrentUrl on session eb260d9350e3ba0da006702e61fd1f80 to remote] DEBUG org.asynchttpclient.netty.request.NettyRequestSender - Using pooled Channel '[id: 0x066b6384, L:/127.0.0.1:61115 - R:localhost/127.0.0.1:22722]' for 'GET' to 'http://localhost:22722/session/eb260d9350e3ba0da006702e61fd1f80/url'
02:10:35.675 [Forwarding getCurrentUrl on session eb260d9350e3ba0da006702e61fd1f80 to remote] DEBUG org.asynchttpclient.netty.request.NettyRequestSender - Using open Channel [id: 0x066b6384, L:/127.0.0.1:61115 - R:localhost/127.0.0.1:22722] for GET '/session/eb260d9350e3ba0da006702e61fd1f80/url'
02:10:35.684 [AsyncHttpClient-1-4] DEBUG org.asynchttpclient.netty.handler.HttpHandler - 

Request DefaultFullHttpRequest(decodeResult: success, version: HTTP/1.1, content: EmptyByteBufBE)
GET /session/eb260d9350e3ba0da006702e61fd1f80/url HTTP/1.1
User-Agent: selenium/4.8.1 (java windows)
Cache-Control: no-cache
Content-Type: application/json; charset=utf-8
host: localhost:22722
accept: */*

Response DefaultHttpResponse(decodeResult: success, version: HTTP/1.1)
HTTP/1.1 200 OK
Content-Length: 56
Content-Type: application/json; charset=utf-8
cache-control: no-cache

02:10:35.684 [AsyncHttpClient-1-4] DEBUG org.asynchttpclient.netty.channel.ChannelManager - Adding key: http://localhost:22722 for channel [id: 0x066b6384, L:/127.0.0.1:61115 - R:localhost/127.0.0.1:22722]
02:10:35.687 [main] DEBUG net.thucydides.core.steps.StepInterceptor - STARTING STEP: LoginSteps.enterUsername - enterUsername
02:10:35.691 [Forwarding findElement on session eb260d9350e3ba0da006702e61fd1f80 to remote] DEBUG org.asynchttpclient.netty.request.NettyRequestSender - Using pooled Channel '[id: 0x066b6384, L:/127.0.0.1:61115 - R:localhost/127.0.0.1:22722]' for 'POST' to 'http://localhost:22722/session/eb260d9350e3ba0da006702e61fd1f80/element'
02:10:35.691 [Forwarding findElement on session eb260d9350e3ba0da006702e61fd1f80 to remote] DEBUG org.asynchttpclient.netty.request.NettyRequestSender - Using open Channel [id: 0x066b6384, L:/127.0.0.1:61115 - R:localhost/127.0.0.1:22722] for POST '/session/eb260d9350e3ba0da006702e61fd1f80/element'
02:10:35.716 [AsyncHttpClient-1-4] DEBUG org.asynchttpclient.netty.handler.HttpHandler - 

Request DefaultHttpRequest(decodeResult: success, version: HTTP/1.1)
POST /session/eb260d9350e3ba0da006702e61fd1f80/element HTTP/1.1
User-Agent: selenium/4.8.1 (java windows)
Content-Length: 53
Content-Type: application/json; charset=utf-8
host: localhost:22722
accept: */*

Response DefaultHttpResponse(decodeResult: success, version: HTTP/1.1)
HTTP/1.1 200 OK
Content-Length: 95
Content-Type: application/json; charset=utf-8
cache-control: no-cache

02:10:35.717 [AsyncHttpClient-1-4] DEBUG org.asynchttpclient.netty.channel.ChannelManager - Adding key: http://localhost:22722 for channel [id: 0x066b6384, L:/127.0.0.1:61115 - R:localhost/127.0.0.1:22722]
02:10:35.719 [Forwarding clearElement on session eb260d9350e3ba0da006702e61fd1f80 to remote] DEBUG org.asynchttpclient.netty.request.NettyRequestSender - Using pooled Channel '[id: 0x066b6384, L:/127.0.0.1:61115 - R:localhost/127.0.0.1:22722]' for 'POST' to 'http://localhost:22722/session/eb260d9350e3ba0da006702e61fd1f80/element/D7BA421989523AB464E0E5B48BF8BFD0_element_13/clear'
02:10:35.719 [Forwarding clearElement on session eb260d9350e3ba0da006702e61fd1f80 to remote] DEBUG org.asynchttpclient.netty.request.NettyRequestSender - Using open Channel [id: 0x066b6384, L:/127.0.0.1:61115 - R:localhost/127.0.0.1:22722] for POST '/session/eb260d9350e3ba0da006702e61fd1f80/element/D7BA421989523AB464E0E5B48BF8BFD0_element_13/clear'
02:10:35.796 [AsyncHttpClient-1-4] DEBUG org.asynchttpclient.netty.handler.HttpHandler - 

Request DefaultHttpRequest(decodeResult: success, version: HTTP/1.1)
POST /session/eb260d9350e3ba0da006702e61fd1f80/element/D7BA421989523AB464E0E5B48BF8BFD0_element_13/clear HTTP/1.1
User-Agent: selenium/4.8.1 (java windows)
Content-Length: 57
Content-Type: application/json; charset=utf-8
host: localhost:22722
accept: */*

Response DefaultHttpResponse(decodeResult: success, version: HTTP/1.1)
HTTP/1.1 200 OK
Content-Length: 14
Content-Type: application/json; charset=utf-8
cache-control: no-cache

02:10:35.796 [AsyncHttpClient-1-4] DEBUG org.asynchttpclient.netty.channel.ChannelManager - Adding key: http://localhost:22722 for channel [id: 0x066b6384, L:/127.0.0.1:61115 - R:localhost/127.0.0.1:22722]
02:10:35.799 [Forwarding sendKeysToElement on session eb260d9350e3ba0da006702e61fd1f80 to remote] DEBUG org.asynchttpclient.netty.request.NettyRequestSender - Using pooled Channel '[id: 0x066b6384, L:/127.0.0.1:61115 - R:localhost/127.0.0.1:22722]' for 'POST' to 'http://localhost:22722/session/eb260d9350e3ba0da006702e61fd1f80/element/D7BA421989523AB464E0E5B48BF8BFD0_element_13/value'
02:10:35.799 [Forwarding sendKeysToElement on session eb260d9350e3ba0da006702e61fd1f80 to remote] DEBUG org.asynchttpclient.netty.request.NettyRequestSender - Using open Channel [id: 0x066b6384, L:/127.0.0.1:61115 - R:localhost/127.0.0.1:22722] for POST '/session/eb260d9350e3ba0da006702e61fd1f80/element/D7BA421989523AB464E0E5B48BF8BFD0_element_13/value'
02:10:35.933 [AsyncHttpClient-1-4] DEBUG org.asynchttpclient.netty.handler.HttpHandler - 

Request DefaultHttpRequest(decodeResult: success, version: HTTP/1.1)
POST /session/eb260d9350e3ba0da006702e61fd1f80/element/D7BA421989523AB464E0E5B48BF8BFD0_element_13/value HTTP/1.1
User-Agent: selenium/4.8.1 (java windows)
Content-Length: 138
Content-Type: application/json; charset=utf-8
host: localhost:22722
accept: */*

Response DefaultHttpResponse(decodeResult: success, version: HTTP/1.1)
HTTP/1.1 200 OK
Content-Length: 14
Content-Type: application/json; charset=utf-8
cache-control: no-cache

02:10:35.934 [AsyncHttpClient-1-4] DEBUG org.asynchttpclient.netty.channel.ChannelManager - Adding key: http://localhost:22722 for channel [id: 0x066b6384, L:/127.0.0.1:61115 - R:localhost/127.0.0.1:22722]
02:10:35.949 [Forwarding getAlertText on session eb260d9350e3ba0da006702e61fd1f80 to remote] DEBUG org.asynchttpclient.netty.request.NettyRequestSender - Using pooled Channel '[id: 0x066b6384, L:/127.0.0.1:61115 - R:localhost/127.0.0.1:22722]' for 'GET' to 'http://localhost:22722/session/eb260d9350e3ba0da006702e61fd1f80/alert/text'
02:10:35.949 [Forwarding getAlertText on session eb260d9350e3ba0da006702e61fd1f80 to remote] DEBUG org.asynchttpclient.netty.request.NettyRequestSender - Using open Channel [id: 0x066b6384, L:/127.0.0.1:61115 - R:localhost/127.0.0.1:22722] for GET '/session/eb260d9350e3ba0da006702e61fd1f80/alert/text'
02:10:35.952 [AsyncHttpClient-1-4] DEBUG org.asynchttpclient.netty.handler.HttpHandler - 

Request DefaultFullHttpRequest(decodeResult: success, version: HTTP/1.1, content: EmptyByteBufBE)
GET /session/eb260d9350e3ba0da006702e61fd1f80/alert/text HTTP/1.1
User-Agent: selenium/4.8.1 (java windows)
Cache-Control: no-cache
Content-Type: application/json; charset=utf-8
host: localhost:22722
accept: */*

Response DefaultHttpResponse(decodeResult: success, version: HTTP/1.1)
HTTP/1.1 404 Not Found
Content-Length: 828
Content-Type: application/json; charset=utf-8
cache-control: no-cache

02:10:35.952 [AsyncHttpClient-1-4] DEBUG org.asynchttpclient.netty.channel.ChannelManager - Adding key: http://localhost:22722 for channel [id: 0x066b6384, L:/127.0.0.1:61115 - R:localhost/127.0.0.1:22722]
02:10:35.954 [Forwarding getCurrentUrl on session eb260d9350e3ba0da006702e61fd1f80 to remote] DEBUG org.asynchttpclient.netty.request.NettyRequestSender - Using pooled Channel '[id: 0x066b6384, L:/127.0.0.1:61115 - R:localhost/127.0.0.1:22722]' for 'GET' to 'http://localhost:22722/session/eb260d9350e3ba0da006702e61fd1f80/url'
02:10:35.954 [Forwarding getCurrentUrl on session eb260d9350e3ba0da006702e61fd1f80 to remote] DEBUG org.asynchttpclient.netty.request.NettyRequestSender - Using open Channel [id: 0x066b6384, L:/127.0.0.1:61115 - R:localhost/127.0.0.1:22722] for GET '/session/eb260d9350e3ba0da006702e61fd1f80/url'
02:10:35.962 [AsyncHttpClient-1-4] DEBUG org.asynchttpclient.netty.handler.HttpHandler - 

Request DefaultFullHttpRequest(decodeResult: success, version: HTTP/1.1, content: EmptyByteBufBE)
GET /session/eb260d9350e3ba0da006702e61fd1f80/url HTTP/1.1
User-Agent: selenium/4.8.1 (java windows)
Cache-Control: no-cache
Content-Type: application/json; charset=utf-8
host: localhost:22722
accept: */*

Response DefaultHttpResponse(decodeResult: success, version: HTTP/1.1)
HTTP/1.1 200 OK
Content-Length: 56
Content-Type: application/json; charset=utf-8
cache-control: no-cache

02:10:35.962 [AsyncHttpClient-1-4] DEBUG org.asynchttpclient.netty.channel.ChannelManager - Adding key: http://localhost:22722 for channel [id: 0x066b6384, L:/127.0.0.1:61115 - R:localhost/127.0.0.1:22722]
02:10:35.963 [Forwarding screenshot on session eb260d9350e3ba0da006702e61fd1f80 to remote] DEBUG org.asynchttpclient.netty.request.NettyRequestSender - Using pooled Channel '[id: 0x066b6384, L:/127.0.0.1:61115 - R:localhost/127.0.0.1:22722]' for 'GET' to 'http://localhost:22722/session/eb260d9350e3ba0da006702e61fd1f80/screenshot'
02:10:35.963 [Forwarding screenshot on session eb260d9350e3ba0da006702e61fd1f80 to remote] DEBUG org.asynchttpclient.netty.request.NettyRequestSender - Using open Channel [id: 0x066b6384, L:/127.0.0.1:61115 - R:localhost/127.0.0.1:22722] for GET '/session/eb260d9350e3ba0da006702e61fd1f80/screenshot'
02:10:36.247 [AsyncHttpClient-1-4] DEBUG org.asynchttpclient.netty.handler.HttpHandler - 

Request DefaultFullHttpRequest(decodeResult: success, version: HTTP/1.1, content: EmptyByteBufBE)
GET /session/eb260d9350e3ba0da006702e61fd1f80/screenshot HTTP/1.1
User-Agent: selenium/4.8.1 (java windows)
Cache-Control: no-cache
Content-Type: application/json; charset=utf-8
host: localhost:22722
accept: */*

Response DefaultHttpResponse(decodeResult: success, version: HTTP/1.1)
HTTP/1.1 200 OK
Content-Length: 116024
Content-Type: application/json; charset=utf-8
cache-control: no-cache

02:10:36.248 [AsyncHttpClient-1-4] DEBUG org.asynchttpclient.netty.channel.ChannelManager - Adding key: http://localhost:22722 for channel [id: 0x066b6384, L:/127.0.0.1:61115 - R:localhost/127.0.0.1:22722]
02:10:36.253 [main] DEBUG net.serenitybdd.core.photography.Darkroom - Send negative for processing for target\site\serenity\ee761de0174fda31809a61addf9933dc97e22ba6ba3825b4f67b075b31ffaf0e.png
02:10:36.255 [Forwarding getPageSource on session eb260d9350e3ba0da006702e61fd1f80 to remote] DEBUG org.asynchttpclient.netty.request.NettyRequestSender - Using pooled Channel '[id: 0x066b6384, L:/127.0.0.1:61115 - R:localhost/127.0.0.1:22722]' for 'POST' to 'http://localhost:22722/session/eb260d9350e3ba0da006702e61fd1f80/execute/sync'
02:10:36.255 [Forwarding getPageSource on session eb260d9350e3ba0da006702e61fd1f80 to remote] DEBUG org.asynchttpclient.netty.request.NettyRequestSender - Using open Channel [id: 0x066b6384, L:/127.0.0.1:61115 - R:localhost/127.0.0.1:22722] for POST '/session/eb260d9350e3ba0da006702e61fd1f80/execute/sync'
02:10:36.264 [AsyncHttpClient-1-4] DEBUG org.asynchttpclient.netty.handler.HttpHandler - 

Request DefaultHttpRequest(decodeResult: success, version: HTTP/1.1)
POST /session/eb260d9350e3ba0da006702e61fd1f80/execute/sync HTTP/1.1
User-Agent: selenium/4.8.1 (java windows)
Content-Length: 176
Content-Type: application/json; charset=utf-8
host: localhost:22722
accept: */*

Response DefaultHttpResponse(decodeResult: success, version: HTTP/1.1)
HTTP/1.1 200 OK
Content-Length: 3427
Content-Type: application/json; charset=utf-8
cache-control: no-cache

02:10:36.265 [AsyncHttpClient-1-4] DEBUG org.asynchttpclient.netty.channel.ChannelManager - Adding key: http://localhost:22722 for channel [id: 0x066b6384, L:/127.0.0.1:61115 - R:localhost/127.0.0.1:22722]
02:10:36.267 [Forwarding getCurrentUrl on session eb260d9350e3ba0da006702e61fd1f80 to remote] DEBUG org.asynchttpclient.netty.request.NettyRequestSender - Using pooled Channel '[id: 0x066b6384, L:/127.0.0.1:61115 - R:localhost/127.0.0.1:22722]' for 'GET' to 'http://localhost:22722/session/eb260d9350e3ba0da006702e61fd1f80/url'
02:10:36.267 [Forwarding getCurrentUrl on session eb260d9350e3ba0da006702e61fd1f80 to remote] DEBUG org.asynchttpclient.netty.request.NettyRequestSender - Using open Channel [id: 0x066b6384, L:/127.0.0.1:61115 - R:localhost/127.0.0.1:22722] for GET '/session/eb260d9350e3ba0da006702e61fd1f80/url'
02:10:36.275 [AsyncHttpClient-1-4] DEBUG org.asynchttpclient.netty.handler.HttpHandler - 

Request DefaultFullHttpRequest(decodeResult: success, version: HTTP/1.1, content: EmptyByteBufBE)
GET /session/eb260d9350e3ba0da006702e61fd1f80/url HTTP/1.1
User-Agent: selenium/4.8.1 (java windows)
Cache-Control: no-cache
Content-Type: application/json; charset=utf-8
host: localhost:22722
accept: */*

Response DefaultHttpResponse(decodeResult: success, version: HTTP/1.1)
HTTP/1.1 200 OK
Content-Length: 56
Content-Type: application/json; charset=utf-8
cache-control: no-cache

02:10:36.275 [AsyncHttpClient-1-4] DEBUG org.asynchttpclient.netty.channel.ChannelManager - Adding key: http://localhost:22722 for channel [id: 0x066b6384, L:/127.0.0.1:61115 - R:localhost/127.0.0.1:22722]
02:10:36.285 [main] DEBUG net.thucydides.core.steps.StepInterceptor - STEP DONE: enterUsername
  &amp#27;[32mAnd &amp#27;[0m&amp#27;[32mI enter username&amp#27;[0m                             &amp#27;[90m# starter.stepdefinitions.LoginSteps.enterUsername()&amp#27;[0m
02:10:36.301 [Forwarding getPageSource on session eb260d9350e3ba0da006702e61fd1f80 to remote] DEBUG org.asynchttpclient.netty.request.NettyRequestSender - Using pooled Channel '[id: 0x066b6384, L:/127.0.0.1:61115 - R:localhost/127.0.0.1:22722]' for 'POST' to 'http://localhost:22722/session/eb260d9350e3ba0da006702e61fd1f80/execute/sync'
02:10:36.301 [Forwarding getPageSource on session eb260d9350e3ba0da006702e61fd1f80 to remote] DEBUG org.asynchttpclient.netty.request.NettyRequestSender - Using open Channel [id: 0x066b6384, L:/127.0.0.1:61115 - R:localhost/127.0.0.1:22722] for POST '/session/eb260d9350e3ba0da006702e61fd1f80/execute/sync'
02:10:36.310 [AsyncHttpClient-1-4] DEBUG org.asynchttpclient.netty.handler.HttpHandler - 

Request DefaultHttpRequest(decodeResult: success, version: HTTP/1.1)
POST /session/eb260d9350e3ba0da006702e61fd1f80/execute/sync HTTP/1.1
User-Agent: selenium/4.8.1 (java windows)
Content-Length: 176
Content-Type: application/json; charset=utf-8
host: localhost:22722
accept: */*

Response DefaultHttpResponse(decodeResult: success, version: HTTP/1.1)
HTTP/1.1 200 OK
Content-Length: 3427
Content-Type: application/json; charset=utf-8
cache-control: no-cache

02:10:36.310 [AsyncHttpClient-1-4] DEBUG org.asynchttpclient.netty.channel.ChannelManager - Adding key: http://localhost:22722 for channel [id: 0x066b6384, L:/127.0.0.1:61115 - R:localhost/127.0.0.1:22722]
02:10:36.312 [Forwarding getCurrentUrl on session eb260d9350e3ba0da006702e61fd1f80 to remote] DEBUG org.asynchttpclient.netty.request.NettyRequestSender - Using pooled Channel '[id: 0x066b6384, L:/127.0.0.1:61115 - R:localhost/127.0.0.1:22722]' for 'GET' to 'http://localhost:22722/session/eb260d9350e3ba0da006702e61fd1f80/url'
02:10:36.312 [Forwarding getCurrentUrl on session eb260d9350e3ba0da006702e61fd1f80 to remote] DEBUG org.asynchttpclient.netty.request.NettyRequestSender - Using open Channel [id: 0x066b6384, L:/127.0.0.1:61115 - R:localhost/127.0.0.1:22722] for GET '/session/eb260d9350e3ba0da006702e61fd1f80/url'
02:10:36.321 [AsyncHttpClient-1-4] DEBUG org.asynchttpclient.netty.handler.HttpHandler - 

Request DefaultFullHttpRequest(decodeResult: success, version: HTTP/1.1, content: EmptyByteBufBE)
GET /session/eb260d9350e3ba0da006702e61fd1f80/url HTTP/1.1
User-Agent: selenium/4.8.1 (java windows)
Cache-Control: no-cache
Content-Type: application/json; charset=utf-8
host: localhost:22722
accept: */*

Response DefaultHttpResponse(decodeResult: success, version: HTTP/1.1)
HTTP/1.1 200 OK
Content-Length: 56
Content-Type: application/json; charset=utf-8
cache-control: no-cache

02:10:36.321 [AsyncHttpClient-1-4] DEBUG org.asynchttpclient.netty.channel.ChannelManager - Adding key: http://localhost:22722 for channel [id: 0x066b6384, L:/127.0.0.1:61115 - R:localhost/127.0.0.1:22722]
02:10:36.342 [Forwarding getAlertText on session eb260d9350e3ba0da006702e61fd1f80 to remote] DEBUG org.asynchttpclient.netty.request.NettyRequestSender - Using pooled Channel '[id: 0x066b6384, L:/127.0.0.1:61115 - R:localhost/127.0.0.1:22722]' for 'GET' to 'http://localhost:22722/session/eb260d9350e3ba0da006702e61fd1f80/alert/text'
02:10:36.342 [Forwarding getAlertText on session eb260d9350e3ba0da006702e61fd1f80 to remote] DEBUG org.asynchttpclient.netty.request.NettyRequestSender - Using open Channel [id: 0x066b6384, L:/127.0.0.1:61115 - R:localhost/127.0.0.1:22722] for GET '/session/eb260d9350e3ba0da006702e61fd1f80/alert/text'
02:10:36.346 [AsyncHttpClient-1-4] DEBUG org.asynchttpclient.netty.handler.HttpHandler - 

Request DefaultFullHttpRequest(decodeResult: success, version: HTTP/1.1, content: EmptyByteBufBE)
GET /session/eb260d9350e3ba0da006702e61fd1f80/alert/text HTTP/1.1
User-Agent: selenium/4.8.1 (java windows)
Cache-Control: no-cache
Content-Type: application/json; charset=utf-8
host: localhost:22722
accept: */*

Response DefaultHttpResponse(decodeResult: success, version: HTTP/1.1)
HTTP/1.1 404 Not Found
Content-Length: 828
Content-Type: application/json; charset=utf-8
cache-control: no-cache

02:10:36.346 [AsyncHttpClient-1-4] DEBUG org.asynchttpclient.netty.channel.ChannelManager - Adding key: http://localhost:22722 for channel [id: 0x066b6384, L:/127.0.0.1:61115 - R:localhost/127.0.0.1:22722]
02:10:36.348 [Forwarding getCurrentUrl on session eb260d9350e3ba0da006702e61fd1f80 to remote] DEBUG org.asynchttpclient.netty.request.NettyRequestSender - Using pooled Channel '[id: 0x066b6384, L:/127.0.0.1:61115 - R:localhost/127.0.0.1:22722]' for 'GET' to 'http://localhost:22722/session/eb260d9350e3ba0da006702e61fd1f80/url'
02:10:36.348 [Forwarding getCurrentUrl on session eb260d9350e3ba0da006702e61fd1f80 to remote] DEBUG org.asynchttpclient.netty.request.NettyRequestSender - Using open Channel [id: 0x066b6384, L:/127.0.0.1:61115 - R:localhost/127.0.0.1:22722] for GET '/session/eb260d9350e3ba0da006702e61fd1f80/url'
02:10:36.356 [AsyncHttpClient-1-4] DEBUG org.asynchttpclient.netty.handler.HttpHandler - 

Request DefaultFullHttpRequest(decodeResult: success, version: HTTP/1.1, content: EmptyByteBufBE)
GET /session/eb260d9350e3ba0da006702e61fd1f80/url HTTP/1.1
User-Agent: selenium/4.8.1 (java windows)
Cache-Control: no-cache
Content-Type: application/json; charset=utf-8
host: localhost:22722
accept: */*

Response DefaultHttpResponse(decodeResult: success, version: HTTP/1.1)
HTTP/1.1 200 OK
Content-Length: 56
Content-Type: application/json; charset=utf-8
cache-control: no-cache

02:10:36.356 [AsyncHttpClient-1-4] DEBUG org.asynchttpclient.netty.channel.ChannelManager - Adding key: http://localhost:22722 for channel [id: 0x066b6384, L:/127.0.0.1:61115 - R:localhost/127.0.0.1:22722]
02:10:36.358 [Forwarding screenshot on session eb260d9350e3ba0da006702e61fd1f80 to remote] DEBUG org.asynchttpclient.netty.request.NettyRequestSender - Using pooled Channel '[id: 0x066b6384, L:/127.0.0.1:61115 - R:localhost/127.0.0.1:22722]' for 'GET' to 'http://localhost:22722/session/eb260d9350e3ba0da006702e61fd1f80/screenshot'
02:10:36.358 [Forwarding screenshot on session eb260d9350e3ba0da006702e61fd1f80 to remote] DEBUG org.asynchttpclient.netty.request.NettyRequestSender - Using open Channel [id: 0x066b6384, L:/127.0.0.1:61115 - R:localhost/127.0.0.1:22722] for GET '/session/eb260d9350e3ba0da006702e61fd1f80/screenshot'
02:10:36.438 [AsyncHttpClient-1-1] DEBUG org.asynchttpclient.netty.channel.DefaultChannelPool - Entry count for : http://localhost:61116 : 1
02:10:36.622 [AsyncHttpClient-1-4] DEBUG org.asynchttpclient.netty.handler.HttpHandler - 

Request DefaultFullHttpRequest(decodeResult: success, version: HTTP/1.1, content: EmptyByteBufBE)
GET /session/eb260d9350e3ba0da006702e61fd1f80/screenshot HTTP/1.1
User-Agent: selenium/4.8.1 (java windows)
Cache-Control: no-cache
Content-Type: application/json; charset=utf-8
host: localhost:22722
accept: */*

Response DefaultHttpResponse(decodeResult: success, version: HTTP/1.1)
HTTP/1.1 200 OK
Content-Length: 116024
Content-Type: application/json; charset=utf-8
cache-control: no-cache

02:10:36.623 [AsyncHttpClient-1-4] DEBUG org.asynchttpclient.netty.channel.ChannelManager - Adding key: http://localhost:22722 for channel [id: 0x066b6384, L:/127.0.0.1:61115 - R:localhost/127.0.0.1:22722]
02:10:36.629 [main] DEBUG net.serenitybdd.core.photography.Darkroom - Send negative for processing for target\site\serenity\ee761de0174fda31809a61addf9933dc97e22ba6ba3825b4f67b075b31ffaf0e.png
02:10:36.632 [Forwarding getPageSource on session eb260d9350e3ba0da006702e61fd1f80 to remote] DEBUG org.asynchttpclient.netty.request.NettyRequestSender - Using pooled Channel '[id: 0x066b6384, L:/127.0.0.1:61115 - R:localhost/127.0.0.1:22722]' for 'POST' to 'http://localhost:22722/session/eb260d9350e3ba0da006702e61fd1f80/execute/sync'
02:10:36.632 [Forwarding getPageSource on session eb260d9350e3ba0da006702e61fd1f80 to remote] DEBUG org.asynchttpclient.netty.request.NettyRequestSender - Using open Channel [id: 0x066b6384, L:/127.0.0.1:61115 - R:localhost/127.0.0.1:22722] for POST '/session/eb260d9350e3ba0da006702e61fd1f80/execute/sync'
02:10:36.644 [AsyncHttpClient-1-4] DEBUG org.asynchttpclient.netty.handler.HttpHandler - 

Request DefaultHttpRequest(decodeResult: success, version: HTTP/1.1)
POST /session/eb260d9350e3ba0da006702e61fd1f80/execute/sync HTTP/1.1
User-Agent: selenium/4.8.1 (java windows)
Content-Length: 176
Content-Type: application/json; charset=utf-8
host: localhost:22722
accept: */*

Response DefaultHttpResponse(decodeResult: success, version: HTTP/1.1)
HTTP/1.1 200 OK
Content-Length: 3427
Content-Type: application/json; charset=utf-8
cache-control: no-cache

02:10:36.644 [AsyncHttpClient-1-4] DEBUG org.asynchttpclient.netty.channel.ChannelManager - Adding key: http://localhost:22722 for channel [id: 0x066b6384, L:/127.0.0.1:61115 - R:localhost/127.0.0.1:22722]
02:10:36.647 [Forwarding getCurrentUrl on session eb260d9350e3ba0da006702e61fd1f80 to remote] DEBUG org.asynchttpclient.netty.request.NettyRequestSender - Using pooled Channel '[id: 0x066b6384, L:/127.0.0.1:61115 - R:localhost/127.0.0.1:22722]' for 'GET' to 'http://localhost:22722/session/eb260d9350e3ba0da006702e61fd1f80/url'
02:10:36.647 [Forwarding getCurrentUrl on session eb260d9350e3ba0da006702e61fd1f80 to remote] DEBUG org.asynchttpclient.netty.request.NettyRequestSender - Using open Channel [id: 0x066b6384, L:/127.0.0.1:61115 - R:localhost/127.0.0.1:22722] for GET '/session/eb260d9350e3ba0da006702e61fd1f80/url'
02:10:36.656 [AsyncHttpClient-1-4] DEBUG org.asynchttpclient.netty.handler.HttpHandler - 

Request DefaultFullHttpRequest(decodeResult: success, version: HTTP/1.1, content: EmptyByteBufBE)
GET /session/eb260d9350e3ba0da006702e61fd1f80/url HTTP/1.1
User-Agent: selenium/4.8.1 (java windows)
Cache-Control: no-cache
Content-Type: application/json; charset=utf-8
host: localhost:22722
accept: */*

Response DefaultHttpResponse(decodeResult: success, version: HTTP/1.1)
HTTP/1.1 200 OK
Content-Length: 56
Content-Type: application/json; charset=utf-8
cache-control: no-cache

02:10:36.657 [AsyncHttpClient-1-4] DEBUG org.asynchttpclient.netty.channel.ChannelManager - Adding key: http://localhost:22722 for channel [id: 0x066b6384, L:/127.0.0.1:61115 - R:localhost/127.0.0.1:22722]
02:10:36.660 [main] DEBUG net.thucydides.core.steps.StepInterceptor - STARTING STEP: LoginSteps.enterPassword - enterPassword
02:10:36.663 [Forwarding findElement on session eb260d9350e3ba0da006702e61fd1f80 to remote] DEBUG org.asynchttpclient.netty.request.NettyRequestSender - Using pooled Channel '[id: 0x066b6384, L:/127.0.0.1:61115 - R:localhost/127.0.0.1:22722]' for 'POST' to 'http://localhost:22722/session/eb260d9350e3ba0da006702e61fd1f80/element'
02:10:36.664 [Forwarding findElement on session eb260d9350e3ba0da006702e61fd1f80 to remote] DEBUG org.asynchttpclient.netty.request.NettyRequestSender - Using open Channel [id: 0x066b6384, L:/127.0.0.1:61115 - R:localhost/127.0.0.1:22722] for POST '/session/eb260d9350e3ba0da006702e61fd1f80/element'
02:10:36.701 [AsyncHttpClient-1-4] DEBUG org.asynchttpclient.netty.handler.HttpHandler - 

Request DefaultHttpRequest(decodeResult: success, version: HTTP/1.1)
POST /session/eb260d9350e3ba0da006702e61fd1f80/element HTTP/1.1
User-Agent: selenium/4.8.1 (java windows)
Content-Length: 72
Content-Type: application/json; charset=utf-8
host: localhost:22722
accept: */*

Response DefaultHttpResponse(decodeResult: success, version: HTTP/1.1)
HTTP/1.1 200 OK
Content-Length: 95
Content-Type: application/json; charset=utf-8
cache-control: no-cache

02:10:36.701 [AsyncHttpClient-1-4] DEBUG org.asynchttpclient.netty.channel.ChannelManager - Adding key: http://localhost:22722 for channel [id: 0x066b6384, L:/127.0.0.1:61115 - R:localhost/127.0.0.1:22722]
02:10:36.704 [Forwarding clearElement on session eb260d9350e3ba0da006702e61fd1f80 to remote] DEBUG org.asynchttpclient.netty.request.NettyRequestSender - Using pooled Channel '[id: 0x066b6384, L:/127.0.0.1:61115 - R:localhost/127.0.0.1:22722]' for 'POST' to 'http://localhost:22722/session/eb260d9350e3ba0da006702e61fd1f80/element/D7BA421989523AB464E0E5B48BF8BFD0_element_11/clear'
02:10:36.704 [Forwarding clearElement on session eb260d9350e3ba0da006702e61fd1f80 to remote] DEBUG org.asynchttpclient.netty.request.NettyRequestSender - Using open Channel [id: 0x066b6384, L:/127.0.0.1:61115 - R:localhost/127.0.0.1:22722] for POST '/session/eb260d9350e3ba0da006702e61fd1f80/element/D7BA421989523AB464E0E5B48BF8BFD0_element_11/clear'
02:10:36.775 [AsyncHttpClient-1-4] DEBUG org.asynchttpclient.netty.handler.HttpHandler - 

Request DefaultHttpRequest(decodeResult: success, version: HTTP/1.1)
POST /session/eb260d9350e3ba0da006702e61fd1f80/element/D7BA421989523AB464E0E5B48BF8BFD0_element_11/clear HTTP/1.1
User-Agent: selenium/4.8.1 (java windows)
Content-Length: 57
Content-Type: application/json; charset=utf-8
host: localhost:22722
accept: */*

Response DefaultHttpResponse(decodeResult: success, version: HTTP/1.1)
HTTP/1.1 200 OK
Content-Length: 14
Content-Type: application/json; charset=utf-8
cache-control: no-cache

02:10:36.775 [AsyncHttpClient-1-4] DEBUG org.asynchttpclient.netty.channel.ChannelManager - Adding key: http://localhost:22722 for channel [id: 0x066b6384, L:/127.0.0.1:61115 - R:localhost/127.0.0.1:22722]
02:10:36.778 [Forwarding sendKeysToElement on session eb260d9350e3ba0da006702e61fd1f80 to remote] DEBUG org.asynchttpclient.netty.request.NettyRequestSender - Using pooled Channel '[id: 0x066b6384, L:/127.0.0.1:61115 - R:localhost/127.0.0.1:22722]' for 'POST' to 'http://localhost:22722/session/eb260d9350e3ba0da006702e61fd1f80/element/D7BA421989523AB464E0E5B48BF8BFD0_element_11/value'
02:10:36.778 [Forwarding sendKeysToElement on session eb260d9350e3ba0da006702e61fd1f80 to remote] DEBUG org.asynchttpclient.netty.request.NettyRequestSender - Using open Channel [id: 0x066b6384, L:/127.0.0.1:61115 - R:localhost/127.0.0.1:22722] for POST '/session/eb260d9350e3ba0da006702e61fd1f80/element/D7BA421989523AB464E0E5B48BF8BFD0_element_11/value'
02:10:36.955 [AsyncHttpClient-1-4] DEBUG org.asynchttpclient.netty.handler.HttpHandler - 

Request DefaultHttpRequest(decodeResult: success, version: HTTP/1.1)
POST /session/eb260d9350e3ba0da006702e61fd1f80/element/D7BA421989523AB464E0E5B48BF8BFD0_element_11/value HTTP/1.1
User-Agent: selenium/4.8.1 (java windows)
Content-Length: 138
Content-Type: application/json; charset=utf-8
host: localhost:22722
accept: */*

Response DefaultHttpResponse(decodeResult: success, version: HTTP/1.1)
HTTP/1.1 200 OK
Content-Length: 14
Content-Type: application/json; charset=utf-8
cache-control: no-cache

02:10:36.956 [AsyncHttpClient-1-4] DEBUG org.asynchttpclient.netty.channel.ChannelManager - Adding key: http://localhost:22722 for channel [id: 0x066b6384, L:/127.0.0.1:61115 - R:localhost/127.0.0.1:22722]
02:10:36.972 [Forwarding getAlertText on session eb260d9350e3ba0da006702e61fd1f80 to remote] DEBUG org.asynchttpclient.netty.request.NettyRequestSender - Using pooled Channel '[id: 0x066b6384, L:/127.0.0.1:61115 - R:localhost/127.0.0.1:22722]' for 'GET' to 'http://localhost:22722/session/eb260d9350e3ba0da006702e61fd1f80/alert/text'
02:10:36.972 [Forwarding getAlertText on session eb260d9350e3ba0da006702e61fd1f80 to remote] DEBUG org.asynchttpclient.netty.request.NettyRequestSender - Using open Channel [id: 0x066b6384, L:/127.0.0.1:61115 - R:localhost/127.0.0.1:22722] for GET '/session/eb260d9350e3ba0da006702e61fd1f80/alert/text'
02:10:36.977 [AsyncHttpClient-1-4] DEBUG org.asynchttpclient.netty.handler.HttpHandler - 

Request DefaultFullHttpRequest(decodeResult: success, version: HTTP/1.1, content: EmptyByteBufBE)
GET /session/eb260d9350e3ba0da006702e61fd1f80/alert/text HTTP/1.1
User-Agent: selenium/4.8.1 (java windows)
Cache-Control: no-cache
Content-Type: application/json; charset=utf-8
host: localhost:22722
accept: */*

Response DefaultHttpResponse(decodeResult: success, version: HTTP/1.1)
HTTP/1.1 404 Not Found
Content-Length: 828
Content-Type: application/json; charset=utf-8
cache-control: no-cache

02:10:36.977 [AsyncHttpClient-1-4] DEBUG org.asynchttpclient.netty.channel.ChannelManager - Adding key: http://localhost:22722 for channel [id: 0x066b6384, L:/127.0.0.1:61115 - R:localhost/127.0.0.1:22722]
02:10:36.981 [Forwarding getCurrentUrl on session eb260d9350e3ba0da006702e61fd1f80 to remote] DEBUG org.asynchttpclient.netty.request.NettyRequestSender - Using pooled Channel '[id: 0x066b6384, L:/127.0.0.1:61115 - R:localhost/127.0.0.1:22722]' for 'GET' to 'http://localhost:22722/session/eb260d9350e3ba0da006702e61fd1f80/url'
02:10:36.981 [Forwarding getCurrentUrl on session eb260d9350e3ba0da006702e61fd1f80 to remote] DEBUG org.asynchttpclient.netty.request.NettyRequestSender - Using open Channel [id: 0x066b6384, L:/127.0.0.1:61115 - R:localhost/127.0.0.1:22722] for GET '/session/eb260d9350e3ba0da006702e61fd1f80/url'
02:10:36.994 [AsyncHttpClient-1-4] DEBUG org.asynchttpclient.netty.handler.HttpHandler - 

Request DefaultFullHttpRequest(decodeResult: success, version: HTTP/1.1, content: EmptyByteBufBE)
GET /session/eb260d9350e3ba0da006702e61fd1f80/url HTTP/1.1
User-Agent: selenium/4.8.1 (java windows)
Cache-Control: no-cache
Content-Type: application/json; charset=utf-8
host: localhost:22722
accept: */*

Response DefaultHttpResponse(decodeResult: success, version: HTTP/1.1)
HTTP/1.1 200 OK
Content-Length: 56
Content-Type: application/json; charset=utf-8
cache-control: no-cache

02:10:36.994 [AsyncHttpClient-1-4] DEBUG org.asynchttpclient.netty.channel.ChannelManager - Adding key: http://localhost:22722 for channel [id: 0x066b6384, L:/127.0.0.1:61115 - R:localhost/127.0.0.1:22722]
02:10:36.996 [Forwarding screenshot on session eb260d9350e3ba0da006702e61fd1f80 to remote] DEBUG org.asynchttpclient.netty.request.NettyRequestSender - Using pooled Channel '[id: 0x066b6384, L:/127.0.0.1:61115 - R:localhost/127.0.0.1:22722]' for 'GET' to 'http://localhost:22722/session/eb260d9350e3ba0da006702e61fd1f80/screenshot'
02:10:36.996 [Forwarding screenshot on session eb260d9350e3ba0da006702e61fd1f80 to remote] DEBUG org.asynchttpclient.netty.request.NettyRequestSender - Using open Channel [id: 0x066b6384, L:/127.0.0.1:61115 - R:localhost/127.0.0.1:22722] for GET '/session/eb260d9350e3ba0da006702e61fd1f80/screenshot'
02:10:37.309 [AsyncHttpClient-1-4] DEBUG org.asynchttpclient.netty.handler.HttpHandler - 

Request DefaultFullHttpRequest(decodeResult: success, version: HTTP/1.1, content: EmptyByteBufBE)
GET /session/eb260d9350e3ba0da006702e61fd1f80/screenshot HTTP/1.1
User-Agent: selenium/4.8.1 (java windows)
Cache-Control: no-cache
Content-Type: application/json; charset=utf-8
host: localhost:22722
accept: */*

Response DefaultHttpResponse(decodeResult: success, version: HTTP/1.1)
HTTP/1.1 200 OK
Content-Length: 114304
Content-Type: application/json; charset=utf-8
cache-control: no-cache

02:10:37.309 [AsyncHttpClient-1-4] DEBUG org.asynchttpclient.netty.channel.ChannelManager - Adding key: http://localhost:22722 for channel [id: 0x066b6384, L:/127.0.0.1:61115 - R:localhost/127.0.0.1:22722]
02:10:37.314 [main] DEBUG net.serenitybdd.core.photography.Darkroom - Send negative for processing for target\site\serenity\b04a5dd1876b579190d5b0cc18907b3adc1b7bc41d148c4d8b79fb630c74b73e.png
02:10:37.317 [Forwarding getPageSource on session eb260d9350e3ba0da006702e61fd1f80 to remote] DEBUG org.asynchttpclient.netty.request.NettyRequestSender - Using pooled Channel '[id: 0x066b6384, L:/127.0.0.1:61115 - R:localhost/127.0.0.1:22722]' for 'POST' to 'http://localhost:22722/session/eb260d9350e3ba0da006702e61fd1f80/execute/sync'
02:10:37.317 [Forwarding getPageSource on session eb260d9350e3ba0da006702e61fd1f80 to remote] DEBUG org.asynchttpclient.netty.request.NettyRequestSender - Using open Channel [id: 0x066b6384, L:/127.0.0.1:61115 - R:localhost/127.0.0.1:22722] for POST '/session/eb260d9350e3ba0da006702e61fd1f80/execute/sync'
02:10:37.329 [AsyncHttpClient-1-4] DEBUG org.asynchttpclient.netty.handler.HttpHandler - 

Request DefaultHttpRequest(decodeResult: success, version: HTTP/1.1)
POST /session/eb260d9350e3ba0da006702e61fd1f80/execute/sync HTTP/1.1
User-Agent: selenium/4.8.1 (java windows)
Content-Length: 176
Content-Type: application/json; charset=utf-8
host: localhost:22722
accept: */*

Response DefaultHttpResponse(decodeResult: success, version: HTTP/1.1)
HTTP/1.1 200 OK
Content-Length: 3427
Content-Type: application/json; charset=utf-8
cache-control: no-cache

02:10:37.329 [AsyncHttpClient-1-4] DEBUG org.asynchttpclient.netty.channel.ChannelManager - Adding key: http://localhost:22722 for channel [id: 0x066b6384, L:/127.0.0.1:61115 - R:localhost/127.0.0.1:22722]
02:10:37.331 [Forwarding getCurrentUrl on session eb260d9350e3ba0da006702e61fd1f80 to remote] DEBUG org.asynchttpclient.netty.request.NettyRequestSender - Using pooled Channel '[id: 0x066b6384, L:/127.0.0.1:61115 - R:localhost/127.0.0.1:22722]' for 'GET' to 'http://localhost:22722/session/eb260d9350e3ba0da006702e61fd1f80/url'
02:10:37.331 [Forwarding getCurrentUrl on session eb260d9350e3ba0da006702e61fd1f80 to remote] DEBUG org.asynchttpclient.netty.request.NettyRequestSender - Using open Channel [id: 0x066b6384, L:/127.0.0.1:61115 - R:localhost/127.0.0.1:22722] for GET '/session/eb260d9350e3ba0da006702e61fd1f80/url'
02:10:37.340 [AsyncHttpClient-1-4] DEBUG org.asynchttpclient.netty.handler.HttpHandler - 

Request DefaultFullHttpRequest(decodeResult: success, version: HTTP/1.1, content: EmptyByteBufBE)
GET /session/eb260d9350e3ba0da006702e61fd1f80/url HTTP/1.1
User-Agent: selenium/4.8.1 (java windows)
Cache-Control: no-cache
Content-Type: application/json; charset=utf-8
host: localhost:22722
accept: */*

Response DefaultHttpResponse(decodeResult: success, version: HTTP/1.1)
HTTP/1.1 200 OK
Content-Length: 56
Content-Type: application/json; charset=utf-8
cache-control: no-cache

02:10:37.341 [AsyncHttpClient-1-4] DEBUG org.asynchttpclient.netty.channel.ChannelManager - Adding key: http://localhost:22722 for channel [id: 0x066b6384, L:/127.0.0.1:61115 - R:localhost/127.0.0.1:22722]
02:10:37.354 [main] DEBUG net.thucydides.core.steps.StepInterceptor - STEP DONE: enterPassword
  &amp#27;[32mAnd &amp#27;[0m&amp#27;[32mI enter password&amp#27;[0m                             &amp#27;[90m# starter.stepdefinitions.LoginSteps.enterPassword()&amp#27;[0m
02:10:37.381 [Forwarding getAlertText on session eb260d9350e3ba0da006702e61fd1f80 to remote] DEBUG org.asynchttpclient.netty.request.NettyRequestSender - Using pooled Channel '[id: 0x066b6384, L:/127.0.0.1:61115 - R:localhost/127.0.0.1:22722]' for 'GET' to 'http://localhost:22722/session/eb260d9350e3ba0da006702e61fd1f80/alert/text'
02:10:37.381 [Forwarding getAlertText on session eb260d9350e3ba0da006702e61fd1f80 to remote] DEBUG org.asynchttpclient.netty.request.NettyRequestSender - Using open Channel [id: 0x066b6384, L:/127.0.0.1:61115 - R:localhost/127.0.0.1:22722] for GET '/session/eb260d9350e3ba0da006702e61fd1f80/alert/text'
02:10:37.384 [AsyncHttpClient-1-4] DEBUG org.asynchttpclient.netty.handler.HttpHandler - 

Request DefaultFullHttpRequest(decodeResult: success, version: HTTP/1.1, content: EmptyByteBufBE)
GET /session/eb260d9350e3ba0da006702e61fd1f80/alert/text HTTP/1.1
User-Agent: selenium/4.8.1 (java windows)
Cache-Control: no-cache
Content-Type: application/json; charset=utf-8
host: localhost:22722
accept: */*

Response DefaultHttpResponse(decodeResult: success, version: HTTP/1.1)
HTTP/1.1 404 Not Found
Content-Length: 828
Content-Type: application/json; charset=utf-8
cache-control: no-cache

02:10:37.385 [AsyncHttpClient-1-4] DEBUG org.asynchttpclient.netty.channel.ChannelManager - Adding key: http://localhost:22722 for channel [id: 0x066b6384, L:/127.0.0.1:61115 - R:localhost/127.0.0.1:22722]
02:10:37.387 [Forwarding getCurrentUrl on session eb260d9350e3ba0da006702e61fd1f80 to remote] DEBUG org.asynchttpclient.netty.request.NettyRequestSender - Using pooled Channel '[id: 0x066b6384, L:/127.0.0.1:61115 - R:localhost/127.0.0.1:22722]' for 'GET' to 'http://localhost:22722/session/eb260d9350e3ba0da006702e61fd1f80/url'
02:10:37.387 [Forwarding getCurrentUrl on session eb260d9350e3ba0da006702e61fd1f80 to remote] DEBUG org.asynchttpclient.netty.request.NettyRequestSender - Using open Channel [id: 0x066b6384, L:/127.0.0.1:61115 - R:localhost/127.0.0.1:22722] for GET '/session/eb260d9350e3ba0da006702e61fd1f80/url'
02:10:37.400 [AsyncHttpClient-1-4] DEBUG org.asynchttpclient.netty.handler.HttpHandler - 

Request DefaultFullHttpRequest(decodeResult: success, version: HTTP/1.1, content: EmptyByteBufBE)
GET /session/eb260d9350e3ba0da006702e61fd1f80/url HTTP/1.1
User-Agent: selenium/4.8.1 (java windows)
Cache-Control: no-cache
Content-Type: application/json; charset=utf-8
host: localhost:22722
accept: */*

Response DefaultHttpResponse(decodeResult: success, version: HTTP/1.1)
HTTP/1.1 200 OK
Content-Length: 56
Content-Type: application/json; charset=utf-8
cache-control: no-cache

02:10:37.400 [AsyncHttpClient-1-4] DEBUG org.asynchttpclient.netty.channel.ChannelManager - Adding key: http://localhost:22722 for channel [id: 0x066b6384, L:/127.0.0.1:61115 - R:localhost/127.0.0.1:22722]
02:10:37.401 [Forwarding screenshot on session eb260d9350e3ba0da006702e61fd1f80 to remote] DEBUG org.asynchttpclient.netty.request.NettyRequestSender - Using pooled Channel '[id: 0x066b6384, L:/127.0.0.1:61115 - R:localhost/127.0.0.1:22722]' for 'GET' to 'http://localhost:22722/session/eb260d9350e3ba0da006702e61fd1f80/screenshot'
02:10:37.401 [Forwarding screenshot on session eb260d9350e3ba0da006702e61fd1f80 to remote] DEBUG org.asynchttpclient.netty.request.NettyRequestSender - Using open Channel [id: 0x066b6384, L:/127.0.0.1:61115 - R:localhost/127.0.0.1:22722] for GET '/session/eb260d9350e3ba0da006702e61fd1f80/screenshot'
02:10:37.528 [AsyncHttpClient-1-1] DEBUG org.asynchttpclient.netty.channel.DefaultChannelPool - Entry count for : http://localhost:61116 : 1
02:10:37.726 [AsyncHttpClient-1-4] DEBUG org.asynchttpclient.netty.handler.HttpHandler - 

Request DefaultFullHttpRequest(decodeResult: success, version: HTTP/1.1, content: EmptyByteBufBE)
GET /session/eb260d9350e3ba0da006702e61fd1f80/screenshot HTTP/1.1
User-Agent: selenium/4.8.1 (java windows)
Cache-Control: no-cache
Content-Type: application/json; charset=utf-8
host: localhost:22722
accept: */*

Response DefaultHttpResponse(decodeResult: success, version: HTTP/1.1)
HTTP/1.1 200 OK
Content-Length: 114304
Content-Type: application/json; charset=utf-8
cache-control: no-cache

02:10:37.727 [AsyncHttpClient-1-4] DEBUG org.asynchttpclient.netty.channel.ChannelManager - Adding key: http://localhost:22722 for channel [id: 0x066b6384, L:/127.0.0.1:61115 - R:localhost/127.0.0.1:22722]
02:10:37.733 [main] DEBUG net.serenitybdd.core.photography.Darkroom - Send negative for processing for target\site\serenity\b04a5dd1876b579190d5b0cc18907b3adc1b7bc41d148c4d8b79fb630c74b73e.png
02:10:37.735 [Forwarding getPageSource on session eb260d9350e3ba0da006702e61fd1f80 to remote] DEBUG org.asynchttpclient.netty.request.NettyRequestSender - Using pooled Channel '[id: 0x066b6384, L:/127.0.0.1:61115 - R:localhost/127.0.0.1:22722]' for 'POST' to 'http://localhost:22722/session/eb260d9350e3ba0da006702e61fd1f80/execute/sync'
02:10:37.735 [Forwarding getPageSource on session eb260d9350e3ba0da006702e61fd1f80 to remote] DEBUG org.asynchttpclient.netty.request.NettyRequestSender - Using open Channel [id: 0x066b6384, L:/127.0.0.1:61115 - R:localhost/127.0.0.1:22722] for POST '/session/eb260d9350e3ba0da006702e61fd1f80/execute/sync'
02:10:37.746 [AsyncHttpClient-1-4] DEBUG org.asynchttpclient.netty.handler.HttpHandler - 

Request DefaultHttpRequest(decodeResult: success, version: HTTP/1.1)
POST /session/eb260d9350e3ba0da006702e61fd1f80/execute/sync HTTP/1.1
User-Agent: selenium/4.8.1 (java windows)
Content-Length: 176
Content-Type: application/json; charset=utf-8
host: localhost:22722
accept: */*

Response DefaultHttpResponse(decodeResult: success, version: HTTP/1.1)
HTTP/1.1 200 OK
Content-Length: 3427
Content-Type: application/json; charset=utf-8
cache-control: no-cache

02:10:37.746 [AsyncHttpClient-1-4] DEBUG org.asynchttpclient.netty.channel.ChannelManager - Adding key: http://localhost:22722 for channel [id: 0x066b6384, L:/127.0.0.1:61115 - R:localhost/127.0.0.1:22722]
02:10:37.748 [Forwarding getCurrentUrl on session eb260d9350e3ba0da006702e61fd1f80 to remote] DEBUG org.asynchttpclient.netty.request.NettyRequestSender - Using pooled Channel '[id: 0x066b6384, L:/127.0.0.1:61115 - R:localhost/127.0.0.1:22722]' for 'GET' to 'http://localhost:22722/session/eb260d9350e3ba0da006702e61fd1f80/url'
02:10:37.748 [Forwarding getCurrentUrl on session eb260d9350e3ba0da006702e61fd1f80 to remote] DEBUG org.asynchttpclient.netty.request.NettyRequestSender - Using open Channel [id: 0x066b6384, L:/127.0.0.1:61115 - R:localhost/127.0.0.1:22722] for GET '/session/eb260d9350e3ba0da006702e61fd1f80/url'
02:10:37.766 [AsyncHttpClient-1-4] DEBUG org.asynchttpclient.netty.handler.HttpHandler - 

Request DefaultFullHttpRequest(decodeResult: success, version: HTTP/1.1, content: EmptyByteBufBE)
GET /session/eb260d9350e3ba0da006702e61fd1f80/url HTTP/1.1
User-Agent: selenium/4.8.1 (java windows)
Cache-Control: no-cache
Content-Type: application/json; charset=utf-8
host: localhost:22722
accept: */*

Response DefaultHttpResponse(decodeResult: success, version: HTTP/1.1)
HTTP/1.1 200 OK
Content-Length: 56
Content-Type: application/json; charset=utf-8
cache-control: no-cache

02:10:37.766 [AsyncHttpClient-1-4] DEBUG org.asynchttpclient.netty.channel.ChannelManager - Adding key: http://localhost:22722 for channel [id: 0x066b6384, L:/127.0.0.1:61115 - R:localhost/127.0.0.1:22722]
02:10:37.787 [Forwarding getAlertText on session eb260d9350e3ba0da006702e61fd1f80 to remote] DEBUG org.asynchttpclient.netty.request.NettyRequestSender - Using pooled Channel '[id: 0x066b6384, L:/127.0.0.1:61115 - R:localhost/127.0.0.1:22722]' for 'GET' to 'http://localhost:22722/session/eb260d9350e3ba0da006702e61fd1f80/alert/text'
02:10:37.787 [Forwarding getAlertText on session eb260d9350e3ba0da006702e61fd1f80 to remote] DEBUG org.asynchttpclient.netty.request.NettyRequestSender - Using open Channel [id: 0x066b6384, L:/127.0.0.1:61115 - R:localhost/127.0.0.1:22722] for GET '/session/eb260d9350e3ba0da006702e61fd1f80/alert/text'
02:10:37.789 [AsyncHttpClient-1-4] DEBUG org.asynchttpclient.netty.handler.HttpHandler - 

Request DefaultFullHttpRequest(decodeResult: success, version: HTTP/1.1, content: EmptyByteBufBE)
GET /session/eb260d9350e3ba0da006702e61fd1f80/alert/text HTTP/1.1
User-Agent: selenium/4.8.1 (java windows)
Cache-Control: no-cache
Content-Type: application/json; charset=utf-8
host: localhost:22722
accept: */*

Response DefaultHttpResponse(decodeResult: success, version: HTTP/1.1)
HTTP/1.1 404 Not Found
Content-Length: 828
Content-Type: application/json; charset=utf-8
cache-control: no-cache

02:10:37.789 [AsyncHttpClient-1-4] DEBUG org.asynchttpclient.netty.channel.ChannelManager - Adding key: http://localhost:22722 for channel [id: 0x066b6384, L:/127.0.0.1:61115 - R:localhost/127.0.0.1:22722]
02:10:37.791 [Forwarding getCurrentUrl on session eb260d9350e3ba0da006702e61fd1f80 to remote] DEBUG org.asynchttpclient.netty.request.NettyRequestSender - Using pooled Channel '[id: 0x066b6384, L:/127.0.0.1:61115 - R:localhost/127.0.0.1:22722]' for 'GET' to 'http://localhost:22722/session/eb260d9350e3ba0da006702e61fd1f80/url'
02:10:37.791 [Forwarding getCurrentUrl on session eb260d9350e3ba0da006702e61fd1f80 to remote] DEBUG org.asynchttpclient.netty.request.NettyRequestSender - Using open Channel [id: 0x066b6384, L:/127.0.0.1:61115 - R:localhost/127.0.0.1:22722] for GET '/session/eb260d9350e3ba0da006702e61fd1f80/url'
02:10:37.800 [AsyncHttpClient-1-4] DEBUG org.asynchttpclient.netty.handler.HttpHandler - 

Request DefaultFullHttpRequest(decodeResult: success, version: HTTP/1.1, content: EmptyByteBufBE)
GET /session/eb260d9350e3ba0da006702e61fd1f80/url HTTP/1.1
User-Agent: selenium/4.8.1 (java windows)
Cache-Control: no-cache
Content-Type: application/json; charset=utf-8
host: localhost:22722
accept: */*

Response DefaultHttpResponse(decodeResult: success, version: HTTP/1.1)
HTTP/1.1 200 OK
Content-Length: 56
Content-Type: application/json; charset=utf-8
cache-control: no-cache

02:10:37.800 [AsyncHttpClient-1-4] DEBUG org.asynchttpclient.netty.channel.ChannelManager - Adding key: http://localhost:22722 for channel [id: 0x066b6384, L:/127.0.0.1:61115 - R:localhost/127.0.0.1:22722]
02:10:37.801 [Forwarding screenshot on session eb260d9350e3ba0da006702e61fd1f80 to remote] DEBUG org.asynchttpclient.netty.request.NettyRequestSender - Using pooled Channel '[id: 0x066b6384, L:/127.0.0.1:61115 - R:localhost/127.0.0.1:22722]' for 'GET' to 'http://localhost:22722/session/eb260d9350e3ba0da006702e61fd1f80/screenshot'
02:10:37.801 [Forwarding screenshot on session eb260d9350e3ba0da006702e61fd1f80 to remote] DEBUG org.asynchttpclient.netty.request.NettyRequestSender - Using open Channel [id: 0x066b6384, L:/127.0.0.1:61115 - R:localhost/127.0.0.1:22722] for GET '/session/eb260d9350e3ba0da006702e61fd1f80/screenshot'
02:10:38.091 [AsyncHttpClient-1-4] DEBUG org.asynchttpclient.netty.handler.HttpHandler - 

Request DefaultFullHttpRequest(decodeResult: success, version: HTTP/1.1, content: EmptyByteBufBE)
GET /session/eb260d9350e3ba0da006702e61fd1f80/screenshot HTTP/1.1
User-Agent: selenium/4.8.1 (java windows)
Cache-Control: no-cache
Content-Type: application/json; charset=utf-8
host: localhost:22722
accept: */*

Response DefaultHttpResponse(decodeResult: success, version: HTTP/1.1)
HTTP/1.1 200 OK
Content-Length: 114268
Content-Type: application/json; charset=utf-8
cache-control: no-cache

02:10:38.092 [AsyncHttpClient-1-4] DEBUG org.asynchttpclient.netty.channel.ChannelManager - Adding key: http://localhost:22722 for channel [id: 0x066b6384, L:/127.0.0.1:61115 - R:localhost/127.0.0.1:22722]
02:10:38.097 [main] DEBUG net.serenitybdd.core.photography.Darkroom - Send negative for processing for target\site\serenity\8fe5bad04a93a7da9e3511717708a99e186c3658c4e11010d9ff19faed6d8531.png
02:10:38.100 [Forwarding getPageSource on session eb260d9350e3ba0da006702e61fd1f80 to remote] DEBUG org.asynchttpclient.netty.request.NettyRequestSender - Using pooled Channel '[id: 0x066b6384, L:/127.0.0.1:61115 - R:localhost/127.0.0.1:22722]' for 'POST' to 'http://localhost:22722/session/eb260d9350e3ba0da006702e61fd1f80/execute/sync'
02:10:38.100 [Forwarding getPageSource on session eb260d9350e3ba0da006702e61fd1f80 to remote] DEBUG org.asynchttpclient.netty.request.NettyRequestSender - Using open Channel [id: 0x066b6384, L:/127.0.0.1:61115 - R:localhost/127.0.0.1:22722] for POST '/session/eb260d9350e3ba0da006702e61fd1f80/execute/sync'
02:10:38.111 [AsyncHttpClient-1-4] DEBUG org.asynchttpclient.netty.handler.HttpHandler - 

Request DefaultHttpRequest(decodeResult: success, version: HTTP/1.1)
POST /session/eb260d9350e3ba0da006702e61fd1f80/execute/sync HTTP/1.1
User-Agent: selenium/4.8.1 (java windows)
Content-Length: 176
Content-Type: application/json; charset=utf-8
host: localhost:22722
accept: */*

Response DefaultHttpResponse(decodeResult: success, version: HTTP/1.1)
HTTP/1.1 200 OK
Content-Length: 3427
Content-Type: application/json; charset=utf-8
cache-control: no-cache

02:10:38.111 [AsyncHttpClient-1-4] DEBUG org.asynchttpclient.netty.channel.ChannelManager - Adding key: http://localhost:22722 for channel [id: 0x066b6384, L:/127.0.0.1:61115 - R:localhost/127.0.0.1:22722]
02:10:38.113 [Forwarding getCurrentUrl on session eb260d9350e3ba0da006702e61fd1f80 to remote] DEBUG org.asynchttpclient.netty.request.NettyRequestSender - Using pooled Channel '[id: 0x066b6384, L:/127.0.0.1:61115 - R:localhost/127.0.0.1:22722]' for 'GET' to 'http://localhost:22722/session/eb260d9350e3ba0da006702e61fd1f80/url'
02:10:38.113 [Forwarding getCurrentUrl on session eb260d9350e3ba0da006702e61fd1f80 to remote] DEBUG org.asynchttpclient.netty.request.NettyRequestSender - Using open Channel [id: 0x066b6384, L:/127.0.0.1:61115 - R:localhost/127.0.0.1:22722] for GET '/session/eb260d9350e3ba0da006702e61fd1f80/url'
02:10:38.121 [AsyncHttpClient-1-4] DEBUG org.asynchttpclient.netty.handler.HttpHandler - 

Request DefaultFullHttpRequest(decodeResult: success, version: HTTP/1.1, content: EmptyByteBufBE)
GET /session/eb260d9350e3ba0da006702e61fd1f80/url HTTP/1.1
User-Agent: selenium/4.8.1 (java windows)
Cache-Control: no-cache
Content-Type: application/json; charset=utf-8
host: localhost:22722
accept: */*

Response DefaultHttpResponse(decodeResult: success, version: HTTP/1.1)
HTTP/1.1 200 OK
Content-Length: 56
Content-Type: application/json; charset=utf-8
cache-control: no-cache

02:10:38.121 [AsyncHttpClient-1-4] DEBUG org.asynchttpclient.netty.channel.ChannelManager - Adding key: http://localhost:22722 for channel [id: 0x066b6384, L:/127.0.0.1:61115 - R:localhost/127.0.0.1:22722]
02:10:38.125 [main] DEBUG net.thucydides.core.steps.StepInterceptor - STARTING STEP: LoginSteps.doClickSignInButton - clickSignInButton
02:10:38.130 [Forwarding findElement on session eb260d9350e3ba0da006702e61fd1f80 to remote] DEBUG org.asynchttpclient.netty.request.NettyRequestSender - Using pooled Channel '[id: 0x066b6384, L:/127.0.0.1:61115 - R:localhost/127.0.0.1:22722]' for 'POST' to 'http://localhost:22722/session/eb260d9350e3ba0da006702e61fd1f80/element'
02:10:38.130 [Forwarding findElement on session eb260d9350e3ba0da006702e61fd1f80 to remote] DEBUG org.asynchttpclient.netty.request.NettyRequestSender - Using open Channel [id: 0x066b6384, L:/127.0.0.1:61115 - R:localhost/127.0.0.1:22722] for POST '/session/eb260d9350e3ba0da006702e61fd1f80/element'
02:10:38.158 [AsyncHttpClient-1-4] DEBUG org.asynchttpclient.netty.handler.HttpHandler - 

Request DefaultHttpRequest(decodeResult: success, version: HTTP/1.1)
POST /session/eb260d9350e3ba0da006702e61fd1f80/element HTTP/1.1
User-Agent: selenium/4.8.1 (java windows)
Content-Length: 237
Content-Type: application/json; charset=utf-8
host: localhost:22722
accept: */*

Response DefaultHttpResponse(decodeResult: success, version: HTTP/1.1)
HTTP/1.1 200 OK
Content-Length: 95
Content-Type: application/json; charset=utf-8
cache-control: no-cache

02:10:38.158 [AsyncHttpClient-1-4] DEBUG org.asynchttpclient.netty.channel.ChannelManager - Adding key: http://localhost:22722 for channel [id: 0x066b6384, L:/127.0.0.1:61115 - R:localhost/127.0.0.1:22722]
02:10:38.161 [Forwarding getElementTagName on session eb260d9350e3ba0da006702e61fd1f80 to remote] DEBUG org.asynchttpclient.netty.request.NettyRequestSender - Using pooled Channel '[id: 0x066b6384, L:/127.0.0.1:61115 - R:localhost/127.0.0.1:22722]' for 'GET' to 'http://localhost:22722/session/eb260d9350e3ba0da006702e61fd1f80/element/D7BA421989523AB464E0E5B48BF8BFD0_element_15/name'
02:10:38.161 [Forwarding getElementTagName on session eb260d9350e3ba0da006702e61fd1f80 to remote] DEBUG org.asynchttpclient.netty.request.NettyRequestSender - Using open Channel [id: 0x066b6384, L:/127.0.0.1:61115 - R:localhost/127.0.0.1:22722] for GET '/session/eb260d9350e3ba0da006702e61fd1f80/element/D7BA421989523AB464E0E5B48BF8BFD0_element_15/name'
02:10:38.172 [AsyncHttpClient-1-4] DEBUG org.asynchttpclient.netty.handler.HttpHandler - 

Request DefaultFullHttpRequest(decodeResult: success, version: HTTP/1.1, content: EmptyByteBufBE)
GET /session/eb260d9350e3ba0da006702e61fd1f80/element/D7BA421989523AB464E0E5B48BF8BFD0_element_15/name HTTP/1.1
User-Agent: selenium/4.8.1 (java windows)
Cache-Control: no-cache
Content-Type: application/json; charset=utf-8
host: localhost:22722
accept: */*

Response DefaultHttpResponse(decodeResult: success, version: HTTP/1.1)
HTTP/1.1 200 OK
Content-Length: 18
Content-Type: application/json; charset=utf-8
cache-control: no-cache

02:10:38.172 [AsyncHttpClient-1-4] DEBUG org.asynchttpclient.netty.channel.ChannelManager - Adding key: http://localhost:22722 for channel [id: 0x066b6384, L:/127.0.0.1:61115 - R:localhost/127.0.0.1:22722]
02:10:38.174 [Forwarding getElementTagName on session eb260d9350e3ba0da006702e61fd1f80 to remote] DEBUG org.asynchttpclient.netty.request.NettyRequestSender - Using pooled Channel '[id: 0x066b6384, L:/127.0.0.1:61115 - R:localhost/127.0.0.1:22722]' for 'GET' to 'http://localhost:22722/session/eb260d9350e3ba0da006702e61fd1f80/element/D7BA421989523AB464E0E5B48BF8BFD0_element_15/name'
02:10:38.174 [Forwarding getElementTagName on session eb260d9350e3ba0da006702e61fd1f80 to remote] DEBUG org.asynchttpclient.netty.request.NettyRequestSender - Using open Channel [id: 0x066b6384, L:/127.0.0.1:61115 - R:localhost/127.0.0.1:22722] for GET '/session/eb260d9350e3ba0da006702e61fd1f80/element/D7BA421989523AB464E0E5B48BF8BFD0_element_15/name'
02:10:38.185 [AsyncHttpClient-1-4] DEBUG org.asynchttpclient.netty.handler.HttpHandler - 

Request DefaultFullHttpRequest(decodeResult: success, version: HTTP/1.1, content: EmptyByteBufBE)
GET /session/eb260d9350e3ba0da006702e61fd1f80/element/D7BA421989523AB464E0E5B48BF8BFD0_element_15/name HTTP/1.1
User-Agent: selenium/4.8.1 (java windows)
Cache-Control: no-cache
Content-Type: application/json; charset=utf-8
host: localhost:22722
accept: */*

Response DefaultHttpResponse(decodeResult: success, version: HTTP/1.1)
HTTP/1.1 200 OK
Content-Length: 18
Content-Type: application/json; charset=utf-8
cache-control: no-cache

02:10:38.185 [AsyncHttpClient-1-4] DEBUG org.asynchttpclient.netty.channel.ChannelManager - Adding key: http://localhost:22722 for channel [id: 0x066b6384, L:/127.0.0.1:61115 - R:localhost/127.0.0.1:22722]
02:10:38.189 [Forwarding isElementEnabled on session eb260d9350e3ba0da006702e61fd1f80 to remote] DEBUG org.asynchttpclient.netty.request.NettyRequestSender - Using pooled Channel '[id: 0x066b6384, L:/127.0.0.1:61115 - R:localhost/127.0.0.1:22722]' for 'GET' to 'http://localhost:22722/session/eb260d9350e3ba0da006702e61fd1f80/element/D7BA421989523AB464E0E5B48BF8BFD0_element_15/enabled'
02:10:38.189 [Forwarding isElementEnabled on session eb260d9350e3ba0da006702e61fd1f80 to remote] DEBUG org.asynchttpclient.netty.request.NettyRequestSender - Using open Channel [id: 0x066b6384, L:/127.0.0.1:61115 - R:localhost/127.0.0.1:22722] for GET '/session/eb260d9350e3ba0da006702e61fd1f80/element/D7BA421989523AB464E0E5B48BF8BFD0_element_15/enabled'
02:10:38.203 [AsyncHttpClient-1-4] DEBUG org.asynchttpclient.netty.handler.HttpHandler - 

Request DefaultFullHttpRequest(decodeResult: success, version: HTTP/1.1, content: EmptyByteBufBE)
GET /session/eb260d9350e3ba0da006702e61fd1f80/element/D7BA421989523AB464E0E5B48BF8BFD0_element_15/enabled HTTP/1.1
User-Agent: selenium/4.8.1 (java windows)
Cache-Control: no-cache
Content-Type: application/json; charset=utf-8
host: localhost:22722
accept: */*

Response DefaultHttpResponse(decodeResult: success, version: HTTP/1.1)
HTTP/1.1 200 OK
Content-Length: 14
Content-Type: application/json; charset=utf-8
cache-control: no-cache

02:10:38.203 [AsyncHttpClient-1-4] DEBUG org.asynchttpclient.netty.channel.ChannelManager - Adding key: http://localhost:22722 for channel [id: 0x066b6384, L:/127.0.0.1:61115 - R:localhost/127.0.0.1:22722]
02:10:38.205 [Forwarding isElementEnabled on session eb260d9350e3ba0da006702e61fd1f80 to remote] DEBUG org.asynchttpclient.netty.request.NettyRequestSender - Using pooled Channel '[id: 0x066b6384, L:/127.0.0.1:61115 - R:localhost/127.0.0.1:22722]' for 'GET' to 'http://localhost:22722/session/eb260d9350e3ba0da006702e61fd1f80/element/D7BA421989523AB464E0E5B48BF8BFD0_element_15/enabled'
02:10:38.205 [Forwarding isElementEnabled on session eb260d9350e3ba0da006702e61fd1f80 to remote] DEBUG org.asynchttpclient.netty.request.NettyRequestSender - Using open Channel [id: 0x066b6384, L:/127.0.0.1:61115 - R:localhost/127.0.0.1:22722] for GET '/session/eb260d9350e3ba0da006702e61fd1f80/element/D7BA421989523AB464E0E5B48BF8BFD0_element_15/enabled'
02:10:38.221 [AsyncHttpClient-1-4] DEBUG org.asynchttpclient.netty.handler.HttpHandler - 

Request DefaultFullHttpRequest(decodeResult: success, version: HTTP/1.1, content: EmptyByteBufBE)
GET /session/eb260d9350e3ba0da006702e61fd1f80/element/D7BA421989523AB464E0E5B48BF8BFD0_element_15/enabled HTTP/1.1
User-Agent: selenium/4.8.1 (java windows)
Cache-Control: no-cache
Content-Type: application/json; charset=utf-8
host: localhost:22722
accept: */*

Response DefaultHttpResponse(decodeResult: success, version: HTTP/1.1)
HTTP/1.1 200 OK
Content-Length: 14
Content-Type: application/json; charset=utf-8
cache-control: no-cache

02:10:38.221 [AsyncHttpClient-1-4] DEBUG org.asynchttpclient.netty.channel.ChannelManager - Adding key: http://localhost:22722 for channel [id: 0x066b6384, L:/127.0.0.1:61115 - R:localhost/127.0.0.1:22722]
02:10:38.223 [Forwarding findElement on session eb260d9350e3ba0da006702e61fd1f80 to remote] DEBUG org.asynchttpclient.netty.request.NettyRequestSender - Using pooled Channel '[id: 0x066b6384, L:/127.0.0.1:61115 - R:localhost/127.0.0.1:22722]' for 'POST' to 'http://localhost:22722/session/eb260d9350e3ba0da006702e61fd1f80/element'
02:10:38.223 [Forwarding findElement on session eb260d9350e3ba0da006702e61fd1f80 to remote] DEBUG org.asynchttpclient.netty.request.NettyRequestSender - Using open Channel [id: 0x066b6384, L:/127.0.0.1:61115 - R:localhost/127.0.0.1:22722] for POST '/session/eb260d9350e3ba0da006702e61fd1f80/element'
02:10:38.240 [AsyncHttpClient-1-4] DEBUG org.asynchttpclient.netty.handler.HttpHandler - 

Request DefaultHttpRequest(decodeResult: success, version: HTTP/1.1)
POST /session/eb260d9350e3ba0da006702e61fd1f80/element HTTP/1.1
User-Agent: selenium/4.8.1 (java windows)
Content-Length: 237
Content-Type: application/json; charset=utf-8
host: localhost:22722
accept: */*

Response DefaultHttpResponse(decodeResult: success, version: HTTP/1.1)
HTTP/1.1 200 OK
Content-Length: 95
Content-Type: application/json; charset=utf-8
cache-control: no-cache

02:10:38.240 [AsyncHttpClient-1-4] DEBUG org.asynchttpclient.netty.channel.ChannelManager - Adding key: http://localhost:22722 for channel [id: 0x066b6384, L:/127.0.0.1:61115 - R:localhost/127.0.0.1:22722]
02:10:38.242 [Forwarding clickElement on session eb260d9350e3ba0da006702e61fd1f80 to remote] DEBUG org.asynchttpclient.netty.request.NettyRequestSender - Using pooled Channel '[id: 0x066b6384, L:/127.0.0.1:61115 - R:localhost/127.0.0.1:22722]' for 'POST' to 'http://localhost:22722/session/eb260d9350e3ba0da006702e61fd1f80/element/D7BA421989523AB464E0E5B48BF8BFD0_element_15/click'
02:10:38.242 [Forwarding clickElement on session eb260d9350e3ba0da006702e61fd1f80 to remote] DEBUG org.asynchttpclient.netty.request.NettyRequestSender - Using open Channel [id: 0x066b6384, L:/127.0.0.1:61115 - R:localhost/127.0.0.1:22722] for POST '/session/eb260d9350e3ba0da006702e61fd1f80/element/D7BA421989523AB464E0E5B48BF8BFD0_element_15/click'
02:10:38.339 [AsyncHttpClient-1-4] DEBUG org.asynchttpclient.netty.handler.HttpHandler - 

Request DefaultHttpRequest(decodeResult: success, version: HTTP/1.1)
POST /session/eb260d9350e3ba0da006702e61fd1f80/element/D7BA421989523AB464E0E5B48BF8BFD0_element_15/click HTTP/1.1
User-Agent: selenium/4.8.1 (java windows)
Content-Length: 57
Content-Type: application/json; charset=utf-8
host: localhost:22722
accept: */*

Response DefaultHttpResponse(decodeResult: success, version: HTTP/1.1)
HTTP/1.1 200 OK
Content-Length: 14
Content-Type: application/json; charset=utf-8
cache-control: no-cache

02:10:38.339 [AsyncHttpClient-1-4] DEBUG org.asynchttpclient.netty.channel.ChannelManager - Adding key: http://localhost:22722 for channel [id: 0x066b6384, L:/127.0.0.1:61115 - R:localhost/127.0.0.1:22722]
02:10:38.358 [Forwarding getAlertText on session eb260d9350e3ba0da006702e61fd1f80 to remote] DEBUG org.asynchttpclient.netty.request.NettyRequestSender - Using pooled Channel '[id: 0x066b6384, L:/127.0.0.1:61115 - R:localhost/127.0.0.1:22722]' for 'GET' to 'http://localhost:22722/session/eb260d9350e3ba0da006702e61fd1f80/alert/text'
02:10:38.358 [Forwarding getAlertText on session eb260d9350e3ba0da006702e61fd1f80 to remote] DEBUG org.asynchttpclient.netty.request.NettyRequestSender - Using open Channel [id: 0x066b6384, L:/127.0.0.1:61115 - R:localhost/127.0.0.1:22722] for GET '/session/eb260d9350e3ba0da006702e61fd1f80/alert/text'
02:10:38.361 [AsyncHttpClient-1-4] DEBUG org.asynchttpclient.netty.handler.HttpHandler - 

Request DefaultFullHttpRequest(decodeResult: success, version: HTTP/1.1, content: EmptyByteBufBE)
GET /session/eb260d9350e3ba0da006702e61fd1f80/alert/text HTTP/1.1
User-Agent: selenium/4.8.1 (java windows)
Cache-Control: no-cache
Content-Type: application/json; charset=utf-8
host: localhost:22722
accept: */*

Response DefaultHttpResponse(decodeResult: success, version: HTTP/1.1)
HTTP/1.1 404 Not Found
Content-Length: 828
Content-Type: application/json; charset=utf-8
cache-control: no-cache

02:10:38.362 [AsyncHttpClient-1-4] DEBUG org.asynchttpclient.netty.channel.ChannelManager - Adding key: http://localhost:22722 for channel [id: 0x066b6384, L:/127.0.0.1:61115 - R:localhost/127.0.0.1:22722]
02:10:38.364 [Forwarding getCurrentUrl on session eb260d9350e3ba0da006702e61fd1f80 to remote] DEBUG org.asynchttpclient.netty.request.NettyRequestSender - Using pooled Channel '[id: 0x066b6384, L:/127.0.0.1:61115 - R:localhost/127.0.0.1:22722]' for 'GET' to 'http://localhost:22722/session/eb260d9350e3ba0da006702e61fd1f80/url'
02:10:38.364 [Forwarding getCurrentUrl on session eb260d9350e3ba0da006702e61fd1f80 to remote] DEBUG org.asynchttpclient.netty.request.NettyRequestSender - Using open Channel [id: 0x066b6384, L:/127.0.0.1:61115 - R:localhost/127.0.0.1:22722] for GET '/session/eb260d9350e3ba0da006702e61fd1f80/url'
02:10:38.374 [AsyncHttpClient-1-4] DEBUG org.asynchttpclient.netty.handler.HttpHandler - 

Request DefaultFullHttpRequest(decodeResult: success, version: HTTP/1.1, content: EmptyByteBufBE)
GET /session/eb260d9350e3ba0da006702e61fd1f80/url HTTP/1.1
User-Agent: selenium/4.8.1 (java windows)
Cache-Control: no-cache
Content-Type: application/json; charset=utf-8
host: localhost:22722
accept: */*

Response DefaultHttpResponse(decodeResult: success, version: HTTP/1.1)
HTTP/1.1 200 OK
Content-Length: 56
Content-Type: application/json; charset=utf-8
cache-control: no-cache

02:10:38.374 [AsyncHttpClient-1-4] DEBUG org.asynchttpclient.netty.channel.ChannelManager - Adding key: http://localhost:22722 for channel [id: 0x066b6384, L:/127.0.0.1:61115 - R:localhost/127.0.0.1:22722]
02:10:38.375 [Forwarding screenshot on session eb260d9350e3ba0da006702e61fd1f80 to remote] DEBUG org.asynchttpclient.netty.request.NettyRequestSender - Using pooled Channel '[id: 0x066b6384, L:/127.0.0.1:61115 - R:localhost/127.0.0.1:22722]' for 'GET' to 'http://localhost:22722/session/eb260d9350e3ba0da006702e61fd1f80/screenshot'
02:10:38.375 [Forwarding screenshot on session eb260d9350e3ba0da006702e61fd1f80 to remote] DEBUG org.asynchttpclient.netty.request.NettyRequestSender - Using open Channel [id: 0x066b6384, L:/127.0.0.1:61115 - R:localhost/127.0.0.1:22722] for GET '/session/eb260d9350e3ba0da006702e61fd1f80/screenshot'
02:10:38.630 [AsyncHttpClient-1-1] DEBUG org.asynchttpclient.netty.channel.DefaultChannelPool - Entry count for : http://localhost:61116 : 1
02:10:38.677 [AsyncHttpClient-1-4] DEBUG org.asynchttpclient.netty.handler.HttpHandler - 

Request DefaultFullHttpRequest(decodeResult: success, version: HTTP/1.1, content: EmptyByteBufBE)
GET /session/eb260d9350e3ba0da006702e61fd1f80/screenshot HTTP/1.1
User-Agent: selenium/4.8.1 (java windows)
Cache-Control: no-cache
Content-Type: application/json; charset=utf-8
host: localhost:22722
accept: */*

Response DefaultHttpResponse(decodeResult: success, version: HTTP/1.1)
HTTP/1.1 200 OK
Content-Length: 114428
Content-Type: application/json; charset=utf-8
cache-control: no-cache

02:10:38.678 [AsyncHttpClient-1-4] DEBUG org.asynchttpclient.netty.channel.ChannelManager - Adding key: http://localhost:22722 for channel [id: 0x066b6384, L:/127.0.0.1:61115 - R:localhost/127.0.0.1:22722]
02:10:38.682 [main] DEBUG net.serenitybdd.core.photography.Darkroom - Send negative for processing for target\site\serenity\5a3b57c1a5e70cda224e7e171e0bd38a4d63ab2dcd9ecc2f90fdd074b11ef93c.png
02:10:38.683 [Darkroom Processing Line] DEBUG net.serenitybdd.core.photography.DarkroomProcessingLine - Processing screenshot image in /var/screenshots/screenshot-3628099654204457318
02:10:38.683 [Darkroom Processing Line] DEBUG net.serenitybdd.core.photography.DarkroomProcessingLine - Saving screenshot to target\site\serenity\5a3b57c1a5e70cda224e7e171e0bd38a4d63ab2dcd9ecc2f90fdd074b11ef93c.png
02:10:38.685 [Forwarding getPageSource on session eb260d9350e3ba0da006702e61fd1f80 to remote] DEBUG org.asynchttpclient.netty.request.NettyRequestSender - Using pooled Channel '[id: 0x066b6384, L:/127.0.0.1:61115 - R:localhost/127.0.0.1:22722]' for 'POST' to 'http://localhost:22722/session/eb260d9350e3ba0da006702e61fd1f80/execute/sync'
02:10:38.685 [Forwarding getPageSource on session eb260d9350e3ba0da006702e61fd1f80 to remote] DEBUG org.asynchttpclient.netty.request.NettyRequestSender - Using open Channel [id: 0x066b6384, L:/127.0.0.1:61115 - R:localhost/127.0.0.1:22722] for POST '/session/eb260d9350e3ba0da006702e61fd1f80/execute/sync'
02:10:38.697 [AsyncHttpClient-1-4] DEBUG org.asynchttpclient.netty.handler.HttpHandler - 

Request DefaultHttpRequest(decodeResult: success, version: HTTP/1.1)
POST /session/eb260d9350e3ba0da006702e61fd1f80/execute/sync HTTP/1.1
User-Agent: selenium/4.8.1 (java windows)
Content-Length: 176
Content-Type: application/json; charset=utf-8
host: localhost:22722
accept: */*

Response DefaultHttpResponse(decodeResult: success, version: HTTP/1.1)
HTTP/1.1 200 OK
Content-Length: 3444
Content-Type: application/json; charset=utf-8
cache-control: no-cache

02:10:38.697 [AsyncHttpClient-1-4] DEBUG org.asynchttpclient.netty.channel.ChannelManager - Adding key: http://localhost:22722 for channel [id: 0x066b6384, L:/127.0.0.1:61115 - R:localhost/127.0.0.1:22722]
02:10:38.700 [Forwarding getCurrentUrl on session eb260d9350e3ba0da006702e61fd1f80 to remote] DEBUG org.asynchttpclient.netty.request.NettyRequestSender - Using pooled Channel '[id: 0x066b6384, L:/127.0.0.1:61115 - R:localhost/127.0.0.1:22722]' for 'GET' to 'http://localhost:22722/session/eb260d9350e3ba0da006702e61fd1f80/url'
02:10:38.700 [Forwarding getCurrentUrl on session eb260d9350e3ba0da006702e61fd1f80 to remote] DEBUG org.asynchttpclient.netty.request.NettyRequestSender - Using open Channel [id: 0x066b6384, L:/127.0.0.1:61115 - R:localhost/127.0.0.1:22722] for GET '/session/eb260d9350e3ba0da006702e61fd1f80/url'
02:10:38.711 [AsyncHttpClient-1-4] DEBUG org.asynchttpclient.netty.handler.HttpHandler - 

Request DefaultFullHttpRequest(decodeResult: success, version: HTTP/1.1, content: EmptyByteBufBE)
GET /session/eb260d9350e3ba0da006702e61fd1f80/url HTTP/1.1
User-Agent: selenium/4.8.1 (java windows)
Cache-Control: no-cache
Content-Type: application/json; charset=utf-8
host: localhost:22722
accept: */*

Response DefaultHttpResponse(decodeResult: success, version: HTTP/1.1)
HTTP/1.1 200 OK
Content-Length: 56
Content-Type: application/json; charset=utf-8
cache-control: no-cache

02:10:38.711 [AsyncHttpClient-1-4] DEBUG org.asynchttpclient.netty.channel.ChannelManager - Adding key: http://localhost:22722 for channel [id: 0x066b6384, L:/127.0.0.1:61115 - R:localhost/127.0.0.1:22722]
02:10:38.722 [main] DEBUG net.thucydides.core.steps.StepInterceptor - STEP DONE: clickSignInButton
  &amp#27;[32mAnd &amp#27;[0m&amp#27;[32mI click sign in button&amp#27;[0m                       &amp#27;[90m# starter.stepdefinitions.LoginSteps.doClickSignInButton()&amp#27;[0m
02:10:38.740 [Forwarding getAlertText on session eb260d9350e3ba0da006702e61fd1f80 to remote] DEBUG org.asynchttpclient.netty.request.NettyRequestSender - Using pooled Channel '[id: 0x066b6384, L:/127.0.0.1:61115 - R:localhost/127.0.0.1:22722]' for 'GET' to 'http://localhost:22722/session/eb260d9350e3ba0da006702e61fd1f80/alert/text'
02:10:38.740 [Forwarding getAlertText on session eb260d9350e3ba0da006702e61fd1f80 to remote] DEBUG org.asynchttpclient.netty.request.NettyRequestSender - Using open Channel [id: 0x066b6384, L:/127.0.0.1:61115 - R:localhost/127.0.0.1:22722] for GET '/session/eb260d9350e3ba0da006702e61fd1f80/alert/text'
02:10:38.744 [AsyncHttpClient-1-4] DEBUG org.asynchttpclient.netty.handler.HttpHandler - 

Request DefaultFullHttpRequest(decodeResult: success, version: HTTP/1.1, content: EmptyByteBufBE)
GET /session/eb260d9350e3ba0da006702e61fd1f80/alert/text HTTP/1.1
User-Agent: selenium/4.8.1 (java windows)
Cache-Control: no-cache
Content-Type: application/json; charset=utf-8
host: localhost:22722
accept: */*

Response DefaultHttpResponse(decodeResult: success, version: HTTP/1.1)
HTTP/1.1 404 Not Found
Content-Length: 828
Content-Type: application/json; charset=utf-8
cache-control: no-cache

02:10:38.744 [AsyncHttpClient-1-4] DEBUG org.asynchttpclient.netty.channel.ChannelManager - Adding key: http://localhost:22722 for channel [id: 0x066b6384, L:/127.0.0.1:61115 - R:localhost/127.0.0.1:22722]
02:10:38.745 [Forwarding getCurrentUrl on session eb260d9350e3ba0da006702e61fd1f80 to remote] DEBUG org.asynchttpclient.netty.request.NettyRequestSender - Using pooled Channel '[id: 0x066b6384, L:/127.0.0.1:61115 - R:localhost/127.0.0.1:22722]' for 'GET' to 'http://localhost:22722/session/eb260d9350e3ba0da006702e61fd1f80/url'
02:10:38.745 [Forwarding getCurrentUrl on session eb260d9350e3ba0da006702e61fd1f80 to remote] DEBUG org.asynchttpclient.netty.request.NettyRequestSender - Using open Channel [id: 0x066b6384, L:/127.0.0.1:61115 - R:localhost/127.0.0.1:22722] for GET '/session/eb260d9350e3ba0da006702e61fd1f80/url'
02:10:38.755 [AsyncHttpClient-1-4] DEBUG org.asynchttpclient.netty.handler.HttpHandler - 

Request DefaultFullHttpRequest(decodeResult: success, version: HTTP/1.1, content: EmptyByteBufBE)
GET /session/eb260d9350e3ba0da006702e61fd1f80/url HTTP/1.1
User-Agent: selenium/4.8.1 (java windows)
Cache-Control: no-cache
Content-Type: application/json; charset=utf-8
host: localhost:22722
accept: */*

Response DefaultHttpResponse(decodeResult: success, version: HTTP/1.1)
HTTP/1.1 200 OK
Content-Length: 56
Content-Type: application/json; charset=utf-8
cache-control: no-cache

02:10:38.755 [AsyncHttpClient-1-4] DEBUG org.asynchttpclient.netty.channel.ChannelManager - Adding key: http://localhost:22722 for channel [id: 0x066b6384, L:/127.0.0.1:61115 - R:localhost/127.0.0.1:22722]
02:10:38.757 [Forwarding screenshot on session eb260d9350e3ba0da006702e61fd1f80 to remote] DEBUG org.asynchttpclient.netty.request.NettyRequestSender - Using pooled Channel '[id: 0x066b6384, L:/127.0.0.1:61115 - R:localhost/127.0.0.1:22722]' for 'GET' to 'http://localhost:22722/session/eb260d9350e3ba0da006702e61fd1f80/screenshot'
02:10:38.757 [Forwarding screenshot on session eb260d9350e3ba0da006702e61fd1f80 to remote] DEBUG org.asynchttpclient.netty.request.NettyRequestSender - Using open Channel [id: 0x066b6384, L:/127.0.0.1:61115 - R:localhost/127.0.0.1:22722] for GET '/session/eb260d9350e3ba0da006702e61fd1f80/screenshot'
02:10:39.061 [AsyncHttpClient-1-4] DEBUG org.asynchttpclient.netty.handler.HttpHandler - 

Request DefaultFullHttpRequest(decodeResult: success, version: HTTP/1.1, content: EmptyByteBufBE)
GET /session/eb260d9350e3ba0da006702e61fd1f80/screenshot HTTP/1.1
User-Agent: selenium/4.8.1 (java windows)
Cache-Control: no-cache
Content-Type: application/json; charset=utf-8
host: localhost:22722
accept: */*

Response DefaultHttpResponse(decodeResult: success, version: HTTP/1.1)
HTTP/1.1 200 OK
Content-Length: 114436
Content-Type: application/json; charset=utf-8
cache-control: no-cache

02:10:39.062 [AsyncHttpClient-1-4] DEBUG org.asynchttpclient.netty.channel.ChannelManager - Adding key: http://localhost:22722 for channel [id: 0x066b6384, L:/127.0.0.1:61115 - R:localhost/127.0.0.1:22722]
02:10:39.068 [main] DEBUG net.serenitybdd.core.photography.Darkroom - Send negative for processing for target\site\serenity\c179d7bf8dee180693b03b63cc8aa8fc781947dd954a8f8dfbefe0d08622cc89.png
02:10:39.070 [Forwarding getPageSource on session eb260d9350e3ba0da006702e61fd1f80 to remote] DEBUG org.asynchttpclient.netty.request.NettyRequestSender - Using pooled Channel '[id: 0x066b6384, L:/127.0.0.1:61115 - R:localhost/127.0.0.1:22722]' for 'POST' to 'http://localhost:22722/session/eb260d9350e3ba0da006702e61fd1f80/execute/sync'
02:10:39.070 [Forwarding getPageSource on session eb260d9350e3ba0da006702e61fd1f80 to remote] DEBUG org.asynchttpclient.netty.request.NettyRequestSender - Using open Channel [id: 0x066b6384, L:/127.0.0.1:61115 - R:localhost/127.0.0.1:22722] for POST '/session/eb260d9350e3ba0da006702e61fd1f80/execute/sync'
02:10:39.081 [AsyncHttpClient-1-4] DEBUG org.asynchttpclient.netty.handler.HttpHandler - 

Request DefaultHttpRequest(decodeResult: success, version: HTTP/1.1)
POST /session/eb260d9350e3ba0da006702e61fd1f80/execute/sync HTTP/1.1
User-Agent: selenium/4.8.1 (java windows)
Content-Length: 176
Content-Type: application/json; charset=utf-8
host: localhost:22722
accept: */*

Response DefaultHttpResponse(decodeResult: success, version: HTTP/1.1)
HTTP/1.1 200 OK
Content-Length: 3444
Content-Type: application/json; charset=utf-8
cache-control: no-cache

02:10:39.081 [AsyncHttpClient-1-4] DEBUG org.asynchttpclient.netty.channel.ChannelManager - Adding key: http://localhost:22722 for channel [id: 0x066b6384, L:/127.0.0.1:61115 - R:localhost/127.0.0.1:22722]
02:10:39.083 [Forwarding getCurrentUrl on session eb260d9350e3ba0da006702e61fd1f80 to remote] DEBUG org.asynchttpclient.netty.request.NettyRequestSender - Using pooled Channel '[id: 0x066b6384, L:/127.0.0.1:61115 - R:localhost/127.0.0.1:22722]' for 'GET' to 'http://localhost:22722/session/eb260d9350e3ba0da006702e61fd1f80/url'
02:10:39.083 [Forwarding getCurrentUrl on session eb260d9350e3ba0da006702e61fd1f80 to remote] DEBUG org.asynchttpclient.netty.request.NettyRequestSender - Using open Channel [id: 0x066b6384, L:/127.0.0.1:61115 - R:localhost/127.0.0.1:22722] for GET '/session/eb260d9350e3ba0da006702e61fd1f80/url'
02:10:39.093 [AsyncHttpClient-1-4] DEBUG org.asynchttpclient.netty.handler.HttpHandler - 

Request DefaultFullHttpRequest(decodeResult: success, version: HTTP/1.1, content: EmptyByteBufBE)
GET /session/eb260d9350e3ba0da006702e61fd1f80/url HTTP/1.1
User-Agent: selenium/4.8.1 (java windows)
Cache-Control: no-cache
Content-Type: application/json; charset=utf-8
host: localhost:22722
accept: */*

Response DefaultHttpResponse(decodeResult: success, version: HTTP/1.1)
HTTP/1.1 200 OK
Content-Length: 56
Content-Type: application/json; charset=utf-8
cache-control: no-cache

02:10:39.093 [AsyncHttpClient-1-4] DEBUG org.asynchttpclient.netty.channel.ChannelManager - Adding key: http://localhost:22722 for channel [id: 0x066b6384, L:/127.0.0.1:61115 - R:localhost/127.0.0.1:22722]
02:10:39.100 [Forwarding findElement on session eb260d9350e3ba0da006702e61fd1f80 to remote] DEBUG org.asynchttpclient.netty.request.NettyRequestSender - Using pooled Channel '[id: 0x066b6384, L:/127.0.0.1:61115 - R:localhost/127.0.0.1:22722]' for 'POST' to 'http://localhost:22722/session/eb260d9350e3ba0da006702e61fd1f80/element'
02:10:39.100 [Forwarding findElement on session eb260d9350e3ba0da006702e61fd1f80 to remote] DEBUG org.asynchttpclient.netty.request.NettyRequestSender - Using open Channel [id: 0x066b6384, L:/127.0.0.1:61115 - R:localhost/127.0.0.1:22722] for POST '/session/eb260d9350e3ba0da006702e61fd1f80/element'
02:10:39.732 [AsyncHttpClient-1-1] DEBUG org.asynchttpclient.netty.channel.DefaultChannelPool - Entry count for : http://localhost:61116 : 1
02:10:40.509 [AsyncHttpClient-1-4] DEBUG org.asynchttpclient.netty.handler.HttpHandler - 

Request DefaultHttpRequest(decodeResult: success, version: HTTP/1.1)
POST /session/eb260d9350e3ba0da006702e61fd1f80/element HTTP/1.1
User-Agent: selenium/4.8.1 (java windows)
Content-Length: 81
Content-Type: application/json; charset=utf-8
host: localhost:22722
accept: */*

Response DefaultHttpResponse(decodeResult: success, version: HTTP/1.1)
HTTP/1.1 200 OK
Content-Length: 95
Content-Type: application/json; charset=utf-8
cache-control: no-cache

02:10:40.509 [AsyncHttpClient-1-4] DEBUG org.asynchttpclient.netty.channel.ChannelManager - Adding key: http://localhost:22722 for channel [id: 0x066b6384, L:/127.0.0.1:61115 - R:localhost/127.0.0.1:22722]
02:10:40.515 [Forwarding isElementDisplayed on session eb260d9350e3ba0da006702e61fd1f80 to remote] DEBUG org.asynchttpclient.netty.request.NettyRequestSender - Using pooled Channel '[id: 0x066b6384, L:/127.0.0.1:61115 - R:localhost/127.0.0.1:22722]' for 'POST' to 'http://localhost:22722/session/eb260d9350e3ba0da006702e61fd1f80/execute/sync'
02:10:40.515 [Forwarding isElementDisplayed on session eb260d9350e3ba0da006702e61fd1f80 to remote] DEBUG org.asynchttpclient.netty.request.NettyRequestSender - Using open Channel [id: 0x066b6384, L:/127.0.0.1:61115 - R:localhost/127.0.0.1:22722] for POST '/session/eb260d9350e3ba0da006702e61fd1f80/execute/sync'
02:10:40.547 [AsyncHttpClient-1-4] DEBUG org.asynchttpclient.netty.handler.HttpHandler - 

Request DefaultHttpRequest(decodeResult: success, version: HTTP/1.1)
POST /session/eb260d9350e3ba0da006702e61fd1f80/execute/sync HTTP/1.1
User-Agent: selenium/4.8.1 (java windows)
Content-Length: 48814
Content-Type: application/json; charset=utf-8
host: localhost:22722
accept: */*

Response DefaultHttpResponse(decodeResult: success, version: HTTP/1.1)
HTTP/1.1 200 OK
Content-Length: 14
Content-Type: application/json; charset=utf-8
cache-control: no-cache

02:10:40.547 [AsyncHttpClient-1-4] DEBUG org.asynchttpclient.netty.channel.ChannelManager - Adding key: http://localhost:22722 for channel [id: 0x066b6384, L:/127.0.0.1:61115 - R:localhost/127.0.0.1:22722]
  &amp#27;[32mThen &amp#27;[0m&amp#27;[32mI am on the dashboard&amp#27;[0m                       &amp#27;[90m# starter.stepdefinitions.LoginSteps.onTheHomePage()&amp#27;[0m
02:10:40.557 [Forwarding getAlertText on session eb260d9350e3ba0da006702e61fd1f80 to remote] DEBUG org.asynchttpclient.netty.request.NettyRequestSender - Using pooled Channel '[id: 0x066b6384, L:/127.0.0.1:61115 - R:localhost/127.0.0.1:22722]' for 'GET' to 'http://localhost:22722/session/eb260d9350e3ba0da006702e61fd1f80/alert/text'
02:10:40.557 [Forwarding getAlertText on session eb260d9350e3ba0da006702e61fd1f80 to remote] DEBUG org.asynchttpclient.netty.request.NettyRequestSender - Using open Channel [id: 0x066b6384, L:/127.0.0.1:61115 - R:localhost/127.0.0.1:22722] for GET '/session/eb260d9350e3ba0da006702e61fd1f80/alert/text'
02:10:40.560 [AsyncHttpClient-1-4] DEBUG org.asynchttpclient.netty.handler.HttpHandler - 

Request DefaultFullHttpRequest(decodeResult: success, version: HTTP/1.1, content: EmptyByteBufBE)
GET /session/eb260d9350e3ba0da006702e61fd1f80/alert/text HTTP/1.1
User-Agent: selenium/4.8.1 (java windows)
Cache-Control: no-cache
Content-Type: application/json; charset=utf-8
host: localhost:22722
accept: */*

Response DefaultHttpResponse(decodeResult: success, version: HTTP/1.1)
HTTP/1.1 404 Not Found
Content-Length: 828
Content-Type: application/json; charset=utf-8
cache-control: no-cache

02:10:40.560 [AsyncHttpClient-1-4] DEBUG org.asynchttpclient.netty.channel.ChannelManager - Adding key: http://localhost:22722 for channel [id: 0x066b6384, L:/127.0.0.1:61115 - R:localhost/127.0.0.1:22722]
02:10:40.562 [Forwarding getCurrentUrl on session eb260d9350e3ba0da006702e61fd1f80 to remote] DEBUG org.asynchttpclient.netty.request.NettyRequestSender - Using pooled Channel '[id: 0x066b6384, L:/127.0.0.1:61115 - R:localhost/127.0.0.1:22722]' for 'GET' to 'http://localhost:22722/session/eb260d9350e3ba0da006702e61fd1f80/url'
02:10:40.562 [Forwarding getCurrentUrl on session eb260d9350e3ba0da006702e61fd1f80 to remote] DEBUG org.asynchttpclient.netty.request.NettyRequestSender - Using open Channel [id: 0x066b6384, L:/127.0.0.1:61115 - R:localhost/127.0.0.1:22722] for GET '/session/eb260d9350e3ba0da006702e61fd1f80/url'
02:10:40.574 [AsyncHttpClient-1-4] DEBUG org.asynchttpclient.netty.handler.HttpHandler - 

Request DefaultFullHttpRequest(decodeResult: success, version: HTTP/1.1, content: EmptyByteBufBE)
GET /session/eb260d9350e3ba0da006702e61fd1f80/url HTTP/1.1
User-Agent: selenium/4.8.1 (java windows)
Cache-Control: no-cache
Content-Type: application/json; charset=utf-8
host: localhost:22722
accept: */*

Response DefaultHttpResponse(decodeResult: success, version: HTTP/1.1)
HTTP/1.1 200 OK
Content-Length: 60
Content-Type: application/json; charset=utf-8
cache-control: no-cache

02:10:40.575 [AsyncHttpClient-1-4] DEBUG org.asynchttpclient.netty.channel.ChannelManager - Adding key: http://localhost:22722 for channel [id: 0x066b6384, L:/127.0.0.1:61115 - R:localhost/127.0.0.1:22722]
02:10:40.575 [Forwarding screenshot on session eb260d9350e3ba0da006702e61fd1f80 to remote] DEBUG org.asynchttpclient.netty.request.NettyRequestSender - Using pooled Channel '[id: 0x066b6384, L:/127.0.0.1:61115 - R:localhost/127.0.0.1:22722]' for 'GET' to 'http://localhost:22722/session/eb260d9350e3ba0da006702e61fd1f80/screenshot'
02:10:40.575 [Forwarding screenshot on session eb260d9350e3ba0da006702e61fd1f80 to remote] DEBUG org.asynchttpclient.netty.request.NettyRequestSender - Using open Channel [id: 0x066b6384, L:/127.0.0.1:61115 - R:localhost/127.0.0.1:22722] for GET '/session/eb260d9350e3ba0da006702e61fd1f80/screenshot'
02:10:40.828 [AsyncHttpClient-1-1] DEBUG org.asynchttpclient.netty.channel.DefaultChannelPool - Entry count for : http://localhost:61116 : 1
02:10:40.908 [AsyncHttpClient-1-4] DEBUG org.asynchttpclient.netty.handler.HttpHandler - 

Request DefaultFullHttpRequest(decodeResult: success, version: HTTP/1.1, content: EmptyByteBufBE)
GET /session/eb260d9350e3ba0da006702e61fd1f80/screenshot HTTP/1.1
User-Agent: selenium/4.8.1 (java windows)
Cache-Control: no-cache
Content-Type: application/json; charset=utf-8
host: localhost:22722
accept: */*

Response DefaultHttpResponse(decodeResult: success, version: HTTP/1.1)
HTTP/1.1 200 OK
Content-Length: 114440
Content-Type: application/json; charset=utf-8
cache-control: no-cache

02:10:40.908 [AsyncHttpClient-1-4] DEBUG org.asynchttpclient.netty.channel.ChannelManager - Adding key: http://localhost:22722 for channel [id: 0x066b6384, L:/127.0.0.1:61115 - R:localhost/127.0.0.1:22722]
02:10:40.913 [main] DEBUG net.serenitybdd.core.photography.Darkroom - Send negative for processing for target\site\serenity\3ddca5bafce94709ad785b93628e9c5a2767780955f25a407621f0537f6ef296.png
02:10:40.924 [Forwarding getPageSource on session eb260d9350e3ba0da006702e61fd1f80 to remote] DEBUG org.asynchttpclient.netty.request.NettyRequestSender - Using pooled Channel '[id: 0x066b6384, L:/127.0.0.1:61115 - R:localhost/127.0.0.1:22722]' for 'POST' to 'http://localhost:22722/session/eb260d9350e3ba0da006702e61fd1f80/execute/sync'
02:10:40.924 [Forwarding getPageSource on session eb260d9350e3ba0da006702e61fd1f80 to remote] DEBUG org.asynchttpclient.netty.request.NettyRequestSender - Using open Channel [id: 0x066b6384, L:/127.0.0.1:61115 - R:localhost/127.0.0.1:22722] for POST '/session/eb260d9350e3ba0da006702e61fd1f80/execute/sync'
02:10:40.938 [AsyncHttpClient-1-4] DEBUG org.asynchttpclient.netty.handler.HttpHandler - 

Request DefaultHttpRequest(decodeResult: success, version: HTTP/1.1)
POST /session/eb260d9350e3ba0da006702e61fd1f80/execute/sync HTTP/1.1
User-Agent: selenium/4.8.1 (java windows)
Content-Length: 176
Content-Type: application/json; charset=utf-8
host: localhost:22722
accept: */*

Response DefaultHttpResponse(decodeResult: success, version: HTTP/1.1)
HTTP/1.1 200 OK
Content-Length: 14031
Content-Type: application/json; charset=utf-8
cache-control: no-cache

02:10:40.938 [AsyncHttpClient-1-4] DEBUG org.asynchttpclient.netty.channel.ChannelManager - Adding key: http://localhost:22722 for channel [id: 0x066b6384, L:/127.0.0.1:61115 - R:localhost/127.0.0.1:22722]
02:10:40.949 [Forwarding getCurrentUrl on session eb260d9350e3ba0da006702e61fd1f80 to remote] DEBUG org.asynchttpclient.netty.request.NettyRequestSender - Using pooled Channel '[id: 0x066b6384, L:/127.0.0.1:61115 - R:localhost/127.0.0.1:22722]' for 'GET' to 'http://localhost:22722/session/eb260d9350e3ba0da006702e61fd1f80/url'
02:10:40.949 [Forwarding getCurrentUrl on session eb260d9350e3ba0da006702e61fd1f80 to remote] DEBUG org.asynchttpclient.netty.request.NettyRequestSender - Using open Channel [id: 0x066b6384, L:/127.0.0.1:61115 - R:localhost/127.0.0.1:22722] for GET '/session/eb260d9350e3ba0da006702e61fd1f80/url'
02:10:40.960 [AsyncHttpClient-1-4] DEBUG org.asynchttpclient.netty.handler.HttpHandler - 

Request DefaultFullHttpRequest(decodeResult: success, version: HTTP/1.1, content: EmptyByteBufBE)
GET /session/eb260d9350e3ba0da006702e61fd1f80/url HTTP/1.1
User-Agent: selenium/4.8.1 (java windows)
Cache-Control: no-cache
Content-Type: application/json; charset=utf-8
host: localhost:22722
accept: */*

Response DefaultHttpResponse(decodeResult: success, version: HTTP/1.1)
HTTP/1.1 200 OK
Content-Length: 60
Content-Type: application/json; charset=utf-8
cache-control: no-cache

02:10:40.961 [AsyncHttpClient-1-4] DEBUG org.asynchttpclient.netty.channel.ChannelManager - Adding key: http://localhost:22722 for channel [id: 0x066b6384, L:/127.0.0.1:61115 - R:localhost/127.0.0.1:22722]
02:10:41.317 [Forwarding getAlertText on session eb260d9350e3ba0da006702e61fd1f80 to remote] DEBUG org.asynchttpclient.netty.request.NettyRequestSender - Using pooled Channel '[id: 0x066b6384, L:/127.0.0.1:61115 - R:localhost/127.0.0.1:22722]' for 'GET' to 'http://localhost:22722/session/eb260d9350e3ba0da006702e61fd1f80/alert/text'
02:10:41.317 [Forwarding getAlertText on session eb260d9350e3ba0da006702e61fd1f80 to remote] DEBUG org.asynchttpclient.netty.request.NettyRequestSender - Using open Channel [id: 0x066b6384, L:/127.0.0.1:61115 - R:localhost/127.0.0.1:22722] for GET '/session/eb260d9350e3ba0da006702e61fd1f80/alert/text'
02:10:41.320 [AsyncHttpClient-1-4] DEBUG org.asynchttpclient.netty.handler.HttpHandler - 

Request DefaultFullHttpRequest(decodeResult: success, version: HTTP/1.1, content: EmptyByteBufBE)
GET /session/eb260d9350e3ba0da006702e61fd1f80/alert/text HTTP/1.1
User-Agent: selenium/4.8.1 (java windows)
Cache-Control: no-cache
Content-Type: application/json; charset=utf-8
host: localhost:22722
accept: */*

Response DefaultHttpResponse(decodeResult: success, version: HTTP/1.1)
HTTP/1.1 404 Not Found
Content-Length: 828
Content-Type: application/json; charset=utf-8
cache-control: no-cache

02:10:41.320 [AsyncHttpClient-1-4] DEBUG org.asynchttpclient.netty.channel.ChannelManager - Adding key: http://localhost:22722 for channel [id: 0x066b6384, L:/127.0.0.1:61115 - R:localhost/127.0.0.1:22722]
02:10:41.322 [Forwarding getCurrentUrl on session eb260d9350e3ba0da006702e61fd1f80 to remote] DEBUG org.asynchttpclient.netty.request.NettyRequestSender - Using pooled Channel '[id: 0x066b6384, L:/127.0.0.1:61115 - R:localhost/127.0.0.1:22722]' for 'GET' to 'http://localhost:22722/session/eb260d9350e3ba0da006702e61fd1f80/url'
02:10:41.322 [Forwarding getCurrentUrl on session eb260d9350e3ba0da006702e61fd1f80 to remote] DEBUG org.asynchttpclient.netty.request.NettyRequestSender - Using open Channel [id: 0x066b6384, L:/127.0.0.1:61115 - R:localhost/127.0.0.1:22722] for GET '/session/eb260d9350e3ba0da006702e61fd1f80/url'
02:10:41.334 [AsyncHttpClient-1-4] DEBUG org.asynchttpclient.netty.handler.HttpHandler - 

Request DefaultFullHttpRequest(decodeResult: success, version: HTTP/1.1, content: EmptyByteBufBE)
GET /session/eb260d9350e3ba0da006702e61fd1f80/url HTTP/1.1
User-Agent: selenium/4.8.1 (java windows)
Cache-Control: no-cache
Content-Type: application/json; charset=utf-8
host: localhost:22722
accept: */*

Response DefaultHttpResponse(decodeResult: success, version: HTTP/1.1)
HTTP/1.1 200 OK
Content-Length: 60
Content-Type: application/json; charset=utf-8
cache-control: no-cache

02:10:41.334 [AsyncHttpClient-1-4] DEBUG org.asynchttpclient.netty.channel.ChannelManager - Adding key: http://localhost:22722 for channel [id: 0x066b6384, L:/127.0.0.1:61115 - R:localhost/127.0.0.1:22722]
02:10:41.336 [Forwarding screenshot on session eb260d9350e3ba0da006702e61fd1f80 to remote] DEBUG org.asynchttpclient.netty.request.NettyRequestSender - Using pooled Channel '[id: 0x066b6384, L:/127.0.0.1:61115 - R:localhost/127.0.0.1:22722]' for 'GET' to 'http://localhost:22722/session/eb260d9350e3ba0da006702e61fd1f80/screenshot'
02:10:41.336 [Forwarding screenshot on session eb260d9350e3ba0da006702e61fd1f80 to remote] DEBUG org.asynchttpclient.netty.request.NettyRequestSender - Using open Channel [id: 0x066b6384, L:/127.0.0.1:61115 - R:localhost/127.0.0.1:22722] for GET '/session/eb260d9350e3ba0da006702e61fd1f80/screenshot'
02:10:41.684 [AsyncHttpClient-1-4] DEBUG org.asynchttpclient.netty.handler.HttpHandler - 

Request DefaultFullHttpRequest(decodeResult: success, version: HTTP/1.1, content: EmptyByteBufBE)
GET /session/eb260d9350e3ba0da006702e61fd1f80/screenshot HTTP/1.1
User-Agent: selenium/4.8.1 (java windows)
Cache-Control: no-cache
Content-Type: application/json; charset=utf-8
host: localhost:22722
accept: */*

Response DefaultHttpResponse(decodeResult: success, version: HTTP/1.1)
HTTP/1.1 200 OK
Content-Length: 114440
Content-Type: application/json; charset=utf-8
cache-control: no-cache

02:10:41.685 [AsyncHttpClient-1-4] DEBUG org.asynchttpclient.netty.channel.ChannelManager - Adding key: http://localhost:22722 for channel [id: 0x066b6384, L:/127.0.0.1:61115 - R:localhost/127.0.0.1:22722]
02:10:41.691 [main] DEBUG net.serenitybdd.core.photography.Darkroom - Send negative for processing for target\site\serenity\3ddca5bafce94709ad785b93628e9c5a2767780955f25a407621f0537f6ef296.png
02:10:41.694 [Forwarding getPageSource on session eb260d9350e3ba0da006702e61fd1f80 to remote] DEBUG org.asynchttpclient.netty.request.NettyRequestSender - Using pooled Channel '[id: 0x066b6384, L:/127.0.0.1:61115 - R:localhost/127.0.0.1:22722]' for 'POST' to 'http://localhost:22722/session/eb260d9350e3ba0da006702e61fd1f80/execute/sync'
02:10:41.694 [Forwarding getPageSource on session eb260d9350e3ba0da006702e61fd1f80 to remote] DEBUG org.asynchttpclient.netty.request.NettyRequestSender - Using open Channel [id: 0x066b6384, L:/127.0.0.1:61115 - R:localhost/127.0.0.1:22722] for POST '/session/eb260d9350e3ba0da006702e61fd1f80/execute/sync'
02:10:41.708 [AsyncHttpClient-1-4] DEBUG org.asynchttpclient.netty.handler.HttpHandler - 

Request DefaultHttpRequest(decodeResult: success, version: HTTP/1.1)
POST /session/eb260d9350e3ba0da006702e61fd1f80/execute/sync HTTP/1.1
User-Agent: selenium/4.8.1 (java windows)
Content-Length: 176
Content-Type: application/json; charset=utf-8
host: localhost:22722
accept: */*

Response DefaultHttpResponse(decodeResult: success, version: HTTP/1.1)
HTTP/1.1 200 OK
Content-Length: 14031
Content-Type: application/json; charset=utf-8
cache-control: no-cache

02:10:41.708 [AsyncHttpClient-1-4] DEBUG org.asynchttpclient.netty.channel.ChannelManager - Adding key: http://localhost:22722 for channel [id: 0x066b6384, L:/127.0.0.1:61115 - R:localhost/127.0.0.1:22722]
02:10:41.715 [Forwarding getCurrentUrl on session eb260d9350e3ba0da006702e61fd1f80 to remote] DEBUG org.asynchttpclient.netty.request.NettyRequestSender - Using pooled Channel '[id: 0x066b6384, L:/127.0.0.1:61115 - R:localhost/127.0.0.1:22722]' for 'GET' to 'http://localhost:22722/session/eb260d9350e3ba0da006702e61fd1f80/url'
02:10:41.715 [Forwarding getCurrentUrl on session eb260d9350e3ba0da006702e61fd1f80 to remote] DEBUG org.asynchttpclient.netty.request.NettyRequestSender - Using open Channel [id: 0x066b6384, L:/127.0.0.1:61115 - R:localhost/127.0.0.1:22722] for GET '/session/eb260d9350e3ba0da006702e61fd1f80/url'
02:10:41.728 [AsyncHttpClient-1-4] DEBUG org.asynchttpclient.netty.handler.HttpHandler - 

Request DefaultFullHttpRequest(decodeResult: success, version: HTTP/1.1, content: EmptyByteBufBE)
GET /session/eb260d9350e3ba0da006702e61fd1f80/url HTTP/1.1
User-Agent: selenium/4.8.1 (java windows)
Cache-Control: no-cache
Content-Type: application/json; charset=utf-8
host: localhost:22722
accept: */*

Response DefaultHttpResponse(decodeResult: success, version: HTTP/1.1)
HTTP/1.1 200 OK
Content-Length: 60
Content-Type: application/json; charset=utf-8
cache-control: no-cache

02:10:41.728 [AsyncHttpClient-1-4] DEBUG org.asynchttpclient.netty.channel.ChannelManager - Adding key: http://localhost:22722 for channel [id: 0x066b6384, L:/127.0.0.1:61115 - R:localhost/127.0.0.1:22722]
02:10:41.732 [main] DEBUG net.thucydides.core.steps.StepInterceptor - STARTING STEP: LogoutSteps.clickIconLogout - clickIconLogout
02:10:41.739 [Forwarding findElement on session eb260d9350e3ba0da006702e61fd1f80 to remote] DEBUG org.asynchttpclient.netty.request.NettyRequestSender - Using pooled Channel '[id: 0x066b6384, L:/127.0.0.1:61115 - R:localhost/127.0.0.1:22722]' for 'POST' to 'http://localhost:22722/session/eb260d9350e3ba0da006702e61fd1f80/element'
02:10:41.739 [Forwarding findElement on session eb260d9350e3ba0da006702e61fd1f80 to remote] DEBUG org.asynchttpclient.netty.request.NettyRequestSender - Using open Channel [id: 0x066b6384, L:/127.0.0.1:61115 - R:localhost/127.0.0.1:22722] for POST '/session/eb260d9350e3ba0da006702e61fd1f80/element'
02:10:41.770 [AsyncHttpClient-1-4] DEBUG org.asynchttpclient.netty.handler.HttpHandler - 

Request DefaultHttpRequest(decodeResult: success, version: HTTP/1.1)
POST /session/eb260d9350e3ba0da006702e61fd1f80/element HTTP/1.1
User-Agent: selenium/4.8.1 (java windows)
Content-Length: 169
Content-Type: application/json; charset=utf-8
host: localhost:22722
accept: */*

Response DefaultHttpResponse(decodeResult: success, version: HTTP/1.1)
HTTP/1.1 200 OK
Content-Length: 95
Content-Type: application/json; charset=utf-8
cache-control: no-cache

02:10:41.771 [AsyncHttpClient-1-4] DEBUG org.asynchttpclient.netty.channel.ChannelManager - Adding key: http://localhost:22722 for channel [id: 0x066b6384, L:/127.0.0.1:61115 - R:localhost/127.0.0.1:22722]
02:10:41.773 [Forwarding getElementTagName on session eb260d9350e3ba0da006702e61fd1f80 to remote] DEBUG org.asynchttpclient.netty.request.NettyRequestSender - Using pooled Channel '[id: 0x066b6384, L:/127.0.0.1:61115 - R:localhost/127.0.0.1:22722]' for 'GET' to 'http://localhost:22722/session/eb260d9350e3ba0da006702e61fd1f80/element/D7BA421989523AB464E0E5B48BF8BFD0_element_20/name'
02:10:41.773 [Forwarding getElementTagName on session eb260d9350e3ba0da006702e61fd1f80 to remote] DEBUG org.asynchttpclient.netty.request.NettyRequestSender - Using open Channel [id: 0x066b6384, L:/127.0.0.1:61115 - R:localhost/127.0.0.1:22722] for GET '/session/eb260d9350e3ba0da006702e61fd1f80/element/D7BA421989523AB464E0E5B48BF8BFD0_element_20/name'
02:10:41.784 [AsyncHttpClient-1-4] DEBUG org.asynchttpclient.netty.handler.HttpHandler - 

Request DefaultFullHttpRequest(decodeResult: success, version: HTTP/1.1, content: EmptyByteBufBE)
GET /session/eb260d9350e3ba0da006702e61fd1f80/element/D7BA421989523AB464E0E5B48BF8BFD0_element_20/name HTTP/1.1
User-Agent: selenium/4.8.1 (java windows)
Cache-Control: no-cache
Content-Type: application/json; charset=utf-8
host: localhost:22722
accept: */*

Response DefaultHttpResponse(decodeResult: success, version: HTTP/1.1)
HTTP/1.1 200 OK
Content-Length: 15
Content-Type: application/json; charset=utf-8
cache-control: no-cache

02:10:41.784 [AsyncHttpClient-1-4] DEBUG org.asynchttpclient.netty.channel.ChannelManager - Adding key: http://localhost:22722 for channel [id: 0x066b6384, L:/127.0.0.1:61115 - R:localhost/127.0.0.1:22722]
02:10:41.787 [Forwarding getElementTagName on session eb260d9350e3ba0da006702e61fd1f80 to remote] DEBUG org.asynchttpclient.netty.request.NettyRequestSender - Using pooled Channel '[id: 0x066b6384, L:/127.0.0.1:61115 - R:localhost/127.0.0.1:22722]' for 'GET' to 'http://localhost:22722/session/eb260d9350e3ba0da006702e61fd1f80/element/D7BA421989523AB464E0E5B48BF8BFD0_element_20/name'
02:10:41.787 [Forwarding getElementTagName on session eb260d9350e3ba0da006702e61fd1f80 to remote] DEBUG org.asynchttpclient.netty.request.NettyRequestSender - Using open Channel [id: 0x066b6384, L:/127.0.0.1:61115 - R:localhost/127.0.0.1:22722] for GET '/session/eb260d9350e3ba0da006702e61fd1f80/element/D7BA421989523AB464E0E5B48BF8BFD0_element_20/name'
02:10:41.796 [AsyncHttpClient-1-4] DEBUG org.asynchttpclient.netty.handler.HttpHandler - 

Request DefaultFullHttpRequest(decodeResult: success, version: HTTP/1.1, content: EmptyByteBufBE)
GET /session/eb260d9350e3ba0da006702e61fd1f80/element/D7BA421989523AB464E0E5B48BF8BFD0_element_20/name HTTP/1.1
User-Agent: selenium/4.8.1 (java windows)
Cache-Control: no-cache
Content-Type: application/json; charset=utf-8
host: localhost:22722
accept: */*

Response DefaultHttpResponse(decodeResult: success, version: HTTP/1.1)
HTTP/1.1 200 OK
Content-Length: 15
Content-Type: application/json; charset=utf-8
cache-control: no-cache

02:10:41.796 [AsyncHttpClient-1-4] DEBUG org.asynchttpclient.netty.channel.ChannelManager - Adding key: http://localhost:22722 for channel [id: 0x066b6384, L:/127.0.0.1:61115 - R:localhost/127.0.0.1:22722]
02:10:41.799 [Forwarding findElement on session eb260d9350e3ba0da006702e61fd1f80 to remote] DEBUG org.asynchttpclient.netty.request.NettyRequestSender - Using pooled Channel '[id: 0x066b6384, L:/127.0.0.1:61115 - R:localhost/127.0.0.1:22722]' for 'POST' to 'http://localhost:22722/session/eb260d9350e3ba0da006702e61fd1f80/element'
02:10:41.799 [Forwarding findElement on session eb260d9350e3ba0da006702e61fd1f80 to remote] DEBUG org.asynchttpclient.netty.request.NettyRequestSender - Using open Channel [id: 0x066b6384, L:/127.0.0.1:61115 - R:localhost/127.0.0.1:22722] for POST '/session/eb260d9350e3ba0da006702e61fd1f80/element'
02:10:41.817 [AsyncHttpClient-1-4] DEBUG org.asynchttpclient.netty.handler.HttpHandler - 

Request DefaultHttpRequest(decodeResult: success, version: HTTP/1.1)
POST /session/eb260d9350e3ba0da006702e61fd1f80/element HTTP/1.1
User-Agent: selenium/4.8.1 (java windows)
Content-Length: 169
Content-Type: application/json; charset=utf-8
host: localhost:22722
accept: */*

Response DefaultHttpResponse(decodeResult: success, version: HTTP/1.1)
HTTP/1.1 200 OK
Content-Length: 95
Content-Type: application/json; charset=utf-8
cache-control: no-cache

02:10:41.817 [AsyncHttpClient-1-4] DEBUG org.asynchttpclient.netty.channel.ChannelManager - Adding key: http://localhost:22722 for channel [id: 0x066b6384, L:/127.0.0.1:61115 - R:localhost/127.0.0.1:22722]
02:10:41.819 [Forwarding clickElement on session eb260d9350e3ba0da006702e61fd1f80 to remote] DEBUG org.asynchttpclient.netty.request.NettyRequestSender - Using pooled Channel '[id: 0x066b6384, L:/127.0.0.1:61115 - R:localhost/127.0.0.1:22722]' for 'POST' to 'http://localhost:22722/session/eb260d9350e3ba0da006702e61fd1f80/element/D7BA421989523AB464E0E5B48BF8BFD0_element_20/click'
02:10:41.819 [Forwarding clickElement on session eb260d9350e3ba0da006702e61fd1f80 to remote] DEBUG org.asynchttpclient.netty.request.NettyRequestSender - Using open Channel [id: 0x066b6384, L:/127.0.0.1:61115 - R:localhost/127.0.0.1:22722] for POST '/session/eb260d9350e3ba0da006702e61fd1f80/element/D7BA421989523AB464E0E5B48BF8BFD0_element_20/click'
02:10:41.915 [AsyncHttpClient-1-4] DEBUG org.asynchttpclient.netty.handler.HttpHandler - 

Request DefaultHttpRequest(decodeResult: success, version: HTTP/1.1)
POST /session/eb260d9350e3ba0da006702e61fd1f80/element/D7BA421989523AB464E0E5B48BF8BFD0_element_20/click HTTP/1.1
User-Agent: selenium/4.8.1 (java windows)
Content-Length: 57
Content-Type: application/json; charset=utf-8
host: localhost:22722
accept: */*

Response DefaultHttpResponse(decodeResult: success, version: HTTP/1.1)
HTTP/1.1 200 OK
Content-Length: 14
Content-Type: application/json; charset=utf-8
cache-control: no-cache

02:10:41.915 [AsyncHttpClient-1-4] DEBUG org.asynchttpclient.netty.channel.ChannelManager - Adding key: http://localhost:22722 for channel [id: 0x066b6384, L:/127.0.0.1:61115 - R:localhost/127.0.0.1:22722]
02:10:41.928 [Forwarding getAlertText on session eb260d9350e3ba0da006702e61fd1f80 to remote] DEBUG org.asynchttpclient.netty.request.NettyRequestSender - Using pooled Channel '[id: 0x066b6384, L:/127.0.0.1:61115 - R:localhost/127.0.0.1:22722]' for 'GET' to 'http://localhost:22722/session/eb260d9350e3ba0da006702e61fd1f80/alert/text'
02:10:41.928 [Forwarding getAlertText on session eb260d9350e3ba0da006702e61fd1f80 to remote] DEBUG org.asynchttpclient.netty.request.NettyRequestSender - Using open Channel [id: 0x066b6384, L:/127.0.0.1:61115 - R:localhost/127.0.0.1:22722] for GET '/session/eb260d9350e3ba0da006702e61fd1f80/alert/text'
02:10:41.929 [AsyncHttpClient-1-1] DEBUG org.asynchttpclient.netty.channel.DefaultChannelPool - Entry count for : http://localhost:61116 : 1
02:10:41.932 [AsyncHttpClient-1-4] DEBUG org.asynchttpclient.netty.handler.HttpHandler - 

Request DefaultFullHttpRequest(decodeResult: success, version: HTTP/1.1, content: EmptyByteBufBE)
GET /session/eb260d9350e3ba0da006702e61fd1f80/alert/text HTTP/1.1
User-Agent: selenium/4.8.1 (java windows)
Cache-Control: no-cache
Content-Type: application/json; charset=utf-8
host: localhost:22722
accept: */*

Response DefaultHttpResponse(decodeResult: success, version: HTTP/1.1)
HTTP/1.1 404 Not Found
Content-Length: 828
Content-Type: application/json; charset=utf-8
cache-control: no-cache

02:10:41.932 [AsyncHttpClient-1-4] DEBUG org.asynchttpclient.netty.channel.ChannelManager - Adding key: http://localhost:22722 for channel [id: 0x066b6384, L:/127.0.0.1:61115 - R:localhost/127.0.0.1:22722]
02:10:41.933 [Forwarding getCurrentUrl on session eb260d9350e3ba0da006702e61fd1f80 to remote] DEBUG org.asynchttpclient.netty.request.NettyRequestSender - Using pooled Channel '[id: 0x066b6384, L:/127.0.0.1:61115 - R:localhost/127.0.0.1:22722]' for 'GET' to 'http://localhost:22722/session/eb260d9350e3ba0da006702e61fd1f80/url'
02:10:41.933 [Forwarding getCurrentUrl on session eb260d9350e3ba0da006702e61fd1f80 to remote] DEBUG org.asynchttpclient.netty.request.NettyRequestSender - Using open Channel [id: 0x066b6384, L:/127.0.0.1:61115 - R:localhost/127.0.0.1:22722] for GET '/session/eb260d9350e3ba0da006702e61fd1f80/url'
02:10:41.944 [AsyncHttpClient-1-4] DEBUG org.asynchttpclient.netty.handler.HttpHandler - 

Request DefaultFullHttpRequest(decodeResult: success, version: HTTP/1.1, content: EmptyByteBufBE)
GET /session/eb260d9350e3ba0da006702e61fd1f80/url HTTP/1.1
User-Agent: selenium/4.8.1 (java windows)
Cache-Control: no-cache
Content-Type: application/json; charset=utf-8
host: localhost:22722
accept: */*

Response DefaultHttpResponse(decodeResult: success, version: HTTP/1.1)
HTTP/1.1 200 OK
Content-Length: 51
Content-Type: application/json; charset=utf-8
cache-control: no-cache

02:10:41.944 [AsyncHttpClient-1-4] DEBUG org.asynchttpclient.netty.channel.ChannelManager - Adding key: http://localhost:22722 for channel [id: 0x066b6384, L:/127.0.0.1:61115 - R:localhost/127.0.0.1:22722]
02:10:41.946 [Forwarding screenshot on session eb260d9350e3ba0da006702e61fd1f80 to remote] DEBUG org.asynchttpclient.netty.request.NettyRequestSender - Using pooled Channel '[id: 0x066b6384, L:/127.0.0.1:61115 - R:localhost/127.0.0.1:22722]' for 'GET' to 'http://localhost:22722/session/eb260d9350e3ba0da006702e61fd1f80/screenshot'
02:10:41.946 [Forwarding screenshot on session eb260d9350e3ba0da006702e61fd1f80 to remote] DEBUG org.asynchttpclient.netty.request.NettyRequestSender - Using open Channel [id: 0x066b6384, L:/127.0.0.1:61115 - R:localhost/127.0.0.1:22722] for GET '/session/eb260d9350e3ba0da006702e61fd1f80/screenshot'
02:10:42.236 [AsyncHttpClient-1-4] DEBUG org.asynchttpclient.netty.handler.HttpHandler - 

Request DefaultFullHttpRequest(decodeResult: success, version: HTTP/1.1, content: EmptyByteBufBE)
GET /session/eb260d9350e3ba0da006702e61fd1f80/screenshot HTTP/1.1
User-Agent: selenium/4.8.1 (java windows)
Cache-Control: no-cache
Content-Type: application/json; charset=utf-8
host: localhost:22722
accept: */*

Response DefaultHttpResponse(decodeResult: success, version: HTTP/1.1)
HTTP/1.1 200 OK
Content-Length: 137360
Content-Type: application/json; charset=utf-8
cache-control: no-cache

02:10:42.237 [AsyncHttpClient-1-4] DEBUG org.asynchttpclient.netty.channel.ChannelManager - Adding key: http://localhost:22722 for channel [id: 0x066b6384, L:/127.0.0.1:61115 - R:localhost/127.0.0.1:22722]
02:10:42.242 [main] DEBUG net.serenitybdd.core.photography.Darkroom - Send negative for processing for target\site\serenity\59959dd2953e44cf82950644ef97b7f44e2ae1c5eb39fc1fc4b33334f9f7ca2e.png
02:10:42.243 [Darkroom Processing Line] DEBUG net.serenitybdd.core.photography.DarkroomProcessingLine - Processing screenshot image in /var/screenshots/screenshot-17843298629561430471
02:10:42.243 [Darkroom Processing Line] DEBUG net.serenitybdd.core.photography.DarkroomProcessingLine - Saving screenshot to target\site\serenity\59959dd2953e44cf82950644ef97b7f44e2ae1c5eb39fc1fc4b33334f9f7ca2e.png
02:10:42.244 [Forwarding getPageSource on session eb260d9350e3ba0da006702e61fd1f80 to remote] DEBUG org.asynchttpclient.netty.request.NettyRequestSender - Using pooled Channel '[id: 0x066b6384, L:/127.0.0.1:61115 - R:localhost/127.0.0.1:22722]' for 'POST' to 'http://localhost:22722/session/eb260d9350e3ba0da006702e61fd1f80/execute/sync'
02:10:42.244 [Forwarding getPageSource on session eb260d9350e3ba0da006702e61fd1f80 to remote] DEBUG org.asynchttpclient.netty.request.NettyRequestSender - Using open Channel [id: 0x066b6384, L:/127.0.0.1:61115 - R:localhost/127.0.0.1:22722] for POST '/session/eb260d9350e3ba0da006702e61fd1f80/execute/sync'
02:10:42.255 [AsyncHttpClient-1-4] DEBUG org.asynchttpclient.netty.handler.HttpHandler - 

Request DefaultHttpRequest(decodeResult: success, version: HTTP/1.1)
POST /session/eb260d9350e3ba0da006702e61fd1f80/execute/sync HTTP/1.1
User-Agent: selenium/4.8.1 (java windows)
Content-Length: 176
Content-Type: application/json; charset=utf-8
host: localhost:22722
accept: */*

Response DefaultHttpResponse(decodeResult: success, version: HTTP/1.1)
HTTP/1.1 200 OK
Content-Length: 2008
Content-Type: application/json; charset=utf-8
cache-control: no-cache

02:10:42.255 [AsyncHttpClient-1-4] DEBUG org.asynchttpclient.netty.channel.ChannelManager - Adding key: http://localhost:22722 for channel [id: 0x066b6384, L:/127.0.0.1:61115 - R:localhost/127.0.0.1:22722]
02:10:42.257 [Forwarding getCurrentUrl on session eb260d9350e3ba0da006702e61fd1f80 to remote] DEBUG org.asynchttpclient.netty.request.NettyRequestSender - Using pooled Channel '[id: 0x066b6384, L:/127.0.0.1:61115 - R:localhost/127.0.0.1:22722]' for 'GET' to 'http://localhost:22722/session/eb260d9350e3ba0da006702e61fd1f80/url'
02:10:42.258 [Forwarding getCurrentUrl on session eb260d9350e3ba0da006702e61fd1f80 to remote] DEBUG org.asynchttpclient.netty.request.NettyRequestSender - Using open Channel [id: 0x066b6384, L:/127.0.0.1:61115 - R:localhost/127.0.0.1:22722] for GET '/session/eb260d9350e3ba0da006702e61fd1f80/url'
02:10:42.268 [AsyncHttpClient-1-4] DEBUG org.asynchttpclient.netty.handler.HttpHandler - 

Request DefaultFullHttpRequest(decodeResult: success, version: HTTP/1.1, content: EmptyByteBufBE)
GET /session/eb260d9350e3ba0da006702e61fd1f80/url HTTP/1.1
User-Agent: selenium/4.8.1 (java windows)
Cache-Control: no-cache
Content-Type: application/json; charset=utf-8
host: localhost:22722
accept: */*

Response DefaultHttpResponse(decodeResult: success, version: HTTP/1.1)
HTTP/1.1 200 OK
Content-Length: 51
Content-Type: application/json; charset=utf-8
cache-control: no-cache

02:10:42.268 [AsyncHttpClient-1-4] DEBUG org.asynchttpclient.netty.channel.ChannelManager - Adding key: http://localhost:22722 for channel [id: 0x066b6384, L:/127.0.0.1:61115 - R:localhost/127.0.0.1:22722]
02:10:42.280 [main] DEBUG net.thucydides.core.steps.StepInterceptor - STEP DONE: clickIconLogout
  &amp#27;[32mGiven &amp#27;[0m&amp#27;[32mI click icon logout&amp#27;[0m                        &amp#27;[90m# starter.stepdefinitions.LogoutSteps.clickIconLogout()&amp#27;[0m
02:10:42.299 [Forwarding getAlertText on session eb260d9350e3ba0da006702e61fd1f80 to remote] DEBUG org.asynchttpclient.netty.request.NettyRequestSender - Using pooled Channel '[id: 0x066b6384, L:/127.0.0.1:61115 - R:localhost/127.0.0.1:22722]' for 'GET' to 'http://localhost:22722/session/eb260d9350e3ba0da006702e61fd1f80/alert/text'
02:10:42.299 [Forwarding getAlertText on session eb260d9350e3ba0da006702e61fd1f80 to remote] DEBUG org.asynchttpclient.netty.request.NettyRequestSender - Using open Channel [id: 0x066b6384, L:/127.0.0.1:61115 - R:localhost/127.0.0.1:22722] for GET '/session/eb260d9350e3ba0da006702e61fd1f80/alert/text'
02:10:42.304 [AsyncHttpClient-1-4] DEBUG org.asynchttpclient.netty.handler.HttpHandler - 

Request DefaultFullHttpRequest(decodeResult: success, version: HTTP/1.1, content: EmptyByteBufBE)
GET /session/eb260d9350e3ba0da006702e61fd1f80/alert/text HTTP/1.1
User-Agent: selenium/4.8.1 (java windows)
Cache-Control: no-cache
Content-Type: application/json; charset=utf-8
host: localhost:22722
accept: */*

Response DefaultHttpResponse(decodeResult: success, version: HTTP/1.1)
HTTP/1.1 404 Not Found
Content-Length: 828
Content-Type: application/json; charset=utf-8
cache-control: no-cache

02:10:42.304 [AsyncHttpClient-1-4] DEBUG org.asynchttpclient.netty.channel.ChannelManager - Adding key: http://localhost:22722 for channel [id: 0x066b6384, L:/127.0.0.1:61115 - R:localhost/127.0.0.1:22722]
02:10:42.306 [Forwarding getCurrentUrl on session eb260d9350e3ba0da006702e61fd1f80 to remote] DEBUG org.asynchttpclient.netty.request.NettyRequestSender - Using pooled Channel '[id: 0x066b6384, L:/127.0.0.1:61115 - R:localhost/127.0.0.1:22722]' for 'GET' to 'http://localhost:22722/session/eb260d9350e3ba0da006702e61fd1f80/url'
02:10:42.306 [Forwarding getCurrentUrl on session eb260d9350e3ba0da006702e61fd1f80 to remote] DEBUG org.asynchttpclient.netty.request.NettyRequestSender - Using open Channel [id: 0x066b6384, L:/127.0.0.1:61115 - R:localhost/127.0.0.1:22722] for GET '/session/eb260d9350e3ba0da006702e61fd1f80/url'
02:10:42.317 [AsyncHttpClient-1-4] DEBUG org.asynchttpclient.netty.handler.HttpHandler - 

Request DefaultFullHttpRequest(decodeResult: success, version: HTTP/1.1, content: EmptyByteBufBE)
GET /session/eb260d9350e3ba0da006702e61fd1f80/url HTTP/1.1
User-Agent: selenium/4.8.1 (java windows)
Cache-Control: no-cache
Content-Type: application/json; charset=utf-8
host: localhost:22722
accept: */*

Response DefaultHttpResponse(decodeResult: success, version: HTTP/1.1)
HTTP/1.1 200 OK
Content-Length: 51
Content-Type: application/json; charset=utf-8
cache-control: no-cache

02:10:42.317 [AsyncHttpClient-1-4] DEBUG org.asynchttpclient.netty.channel.ChannelManager - Adding key: http://localhost:22722 for channel [id: 0x066b6384, L:/127.0.0.1:61115 - R:localhost/127.0.0.1:22722]
02:10:42.318 [Forwarding screenshot on session eb260d9350e3ba0da006702e61fd1f80 to remote] DEBUG org.asynchttpclient.netty.request.NettyRequestSender - Using pooled Channel '[id: 0x066b6384, L:/127.0.0.1:61115 - R:localhost/127.0.0.1:22722]' for 'GET' to 'http://localhost:22722/session/eb260d9350e3ba0da006702e61fd1f80/screenshot'
02:10:42.318 [Forwarding screenshot on session eb260d9350e3ba0da006702e61fd1f80 to remote] DEBUG org.asynchttpclient.netty.request.NettyRequestSender - Using open Channel [id: 0x066b6384, L:/127.0.0.1:61115 - R:localhost/127.0.0.1:22722] for GET '/session/eb260d9350e3ba0da006702e61fd1f80/screenshot'
02:10:42.674 [AsyncHttpClient-1-4] DEBUG org.asynchttpclient.netty.handler.HttpHandler - 

Request DefaultFullHttpRequest(decodeResult: success, version: HTTP/1.1, content: EmptyByteBufBE)
GET /session/eb260d9350e3ba0da006702e61fd1f80/screenshot HTTP/1.1
User-Agent: selenium/4.8.1 (java windows)
Cache-Control: no-cache
Content-Type: application/json; charset=utf-8
host: localhost:22722
accept: */*

Response DefaultHttpResponse(decodeResult: success, version: HTTP/1.1)
HTTP/1.1 200 OK
Content-Length: 137360
Content-Type: application/json; charset=utf-8
cache-control: no-cache

02:10:42.675 [AsyncHttpClient-1-4] DEBUG org.asynchttpclient.netty.channel.ChannelManager - Adding key: http://localhost:22722 for channel [id: 0x066b6384, L:/127.0.0.1:61115 - R:localhost/127.0.0.1:22722]
02:10:42.683 [main] DEBUG net.serenitybdd.core.photography.Darkroom - Send negative for processing for target\site\serenity\59959dd2953e44cf82950644ef97b7f44e2ae1c5eb39fc1fc4b33334f9f7ca2e.png
02:10:42.685 [Forwarding getPageSource on session eb260d9350e3ba0da006702e61fd1f80 to remote] DEBUG org.asynchttpclient.netty.request.NettyRequestSender - Using pooled Channel '[id: 0x066b6384, L:/127.0.0.1:61115 - R:localhost/127.0.0.1:22722]' for 'POST' to 'http://localhost:22722/session/eb260d9350e3ba0da006702e61fd1f80/execute/sync'
02:10:42.685 [Forwarding getPageSource on session eb260d9350e3ba0da006702e61fd1f80 to remote] DEBUG org.asynchttpclient.netty.request.NettyRequestSender - Using open Channel [id: 0x066b6384, L:/127.0.0.1:61115 - R:localhost/127.0.0.1:22722] for POST '/session/eb260d9350e3ba0da006702e61fd1f80/execute/sync'
02:10:42.695 [AsyncHttpClient-1-4] DEBUG org.asynchttpclient.netty.handler.HttpHandler - 

Request DefaultHttpRequest(decodeResult: success, version: HTTP/1.1)
POST /session/eb260d9350e3ba0da006702e61fd1f80/execute/sync HTTP/1.1
User-Agent: selenium/4.8.1 (java windows)
Content-Length: 176
Content-Type: application/json; charset=utf-8
host: localhost:22722
accept: */*

Response DefaultHttpResponse(decodeResult: success, version: HTTP/1.1)
HTTP/1.1 200 OK
Content-Length: 2008
Content-Type: application/json; charset=utf-8
cache-control: no-cache

02:10:42.695 [AsyncHttpClient-1-4] DEBUG org.asynchttpclient.netty.channel.ChannelManager - Adding key: http://localhost:22722 for channel [id: 0x066b6384, L:/127.0.0.1:61115 - R:localhost/127.0.0.1:22722]
02:10:42.697 [Forwarding getCurrentUrl on session eb260d9350e3ba0da006702e61fd1f80 to remote] DEBUG org.asynchttpclient.netty.request.NettyRequestSender - Using pooled Channel '[id: 0x066b6384, L:/127.0.0.1:61115 - R:localhost/127.0.0.1:22722]' for 'GET' to 'http://localhost:22722/session/eb260d9350e3ba0da006702e61fd1f80/url'
02:10:42.697 [Forwarding getCurrentUrl on session eb260d9350e3ba0da006702e61fd1f80 to remote] DEBUG org.asynchttpclient.netty.request.NettyRequestSender - Using open Channel [id: 0x066b6384, L:/127.0.0.1:61115 - R:localhost/127.0.0.1:22722] for GET '/session/eb260d9350e3ba0da006702e61fd1f80/url'
02:10:42.709 [AsyncHttpClient-1-4] DEBUG org.asynchttpclient.netty.handler.HttpHandler - 

Request DefaultFullHttpRequest(decodeResult: success, version: HTTP/1.1, content: EmptyByteBufBE)
GET /session/eb260d9350e3ba0da006702e61fd1f80/url HTTP/1.1
User-Agent: selenium/4.8.1 (java windows)
Cache-Control: no-cache
Content-Type: application/json; charset=utf-8
host: localhost:22722
accept: */*

Response DefaultHttpResponse(decodeResult: success, version: HTTP/1.1)
HTTP/1.1 200 OK
Content-Length: 51
Content-Type: application/json; charset=utf-8
cache-control: no-cache

02:10:42.710 [AsyncHttpClient-1-4] DEBUG org.asynchttpclient.netty.channel.ChannelManager - Adding key: http://localhost:22722 for channel [id: 0x066b6384, L:/127.0.0.1:61115 - R:localhost/127.0.0.1:22722]
02:10:42.717 [Forwarding findElement on session eb260d9350e3ba0da006702e61fd1f80 to remote] DEBUG org.asynchttpclient.netty.request.NettyRequestSender - Using pooled Channel '[id: 0x066b6384, L:/127.0.0.1:61115 - R:localhost/127.0.0.1:22722]' for 'POST' to 'http://localhost:22722/session/eb260d9350e3ba0da006702e61fd1f80/element'
02:10:42.717 [Forwarding findElement on session eb260d9350e3ba0da006702e61fd1f80 to remote] DEBUG org.asynchttpclient.netty.request.NettyRequestSender - Using open Channel [id: 0x066b6384, L:/127.0.0.1:61115 - R:localhost/127.0.0.1:22722] for POST '/session/eb260d9350e3ba0da006702e61fd1f80/element'
02:10:42.748 [AsyncHttpClient-1-4] DEBUG org.asynchttpclient.netty.handler.HttpHandler - 

Request DefaultHttpRequest(decodeResult: success, version: HTTP/1.1)
POST /session/eb260d9350e3ba0da006702e61fd1f80/element HTTP/1.1
User-Agent: selenium/4.8.1 (java windows)
Content-Length: 106
Content-Type: application/json; charset=utf-8
host: localhost:22722
accept: */*

Response DefaultHttpResponse(decodeResult: success, version: HTTP/1.1)
HTTP/1.1 200 OK
Content-Length: 95
Content-Type: application/json; charset=utf-8
cache-control: no-cache

02:10:42.749 [AsyncHttpClient-1-4] DEBUG org.asynchttpclient.netty.channel.ChannelManager - Adding key: http://localhost:22722 for channel [id: 0x066b6384, L:/127.0.0.1:61115 - R:localhost/127.0.0.1:22722]
02:10:42.753 [Forwarding isElementDisplayed on session eb260d9350e3ba0da006702e61fd1f80 to remote] DEBUG org.asynchttpclient.netty.request.NettyRequestSender - Using pooled Channel '[id: 0x066b6384, L:/127.0.0.1:61115 - R:localhost/127.0.0.1:22722]' for 'POST' to 'http://localhost:22722/session/eb260d9350e3ba0da006702e61fd1f80/execute/sync'
02:10:42.753 [Forwarding isElementDisplayed on session eb260d9350e3ba0da006702e61fd1f80 to remote] DEBUG org.asynchttpclient.netty.request.NettyRequestSender - Using open Channel [id: 0x066b6384, L:/127.0.0.1:61115 - R:localhost/127.0.0.1:22722] for POST '/session/eb260d9350e3ba0da006702e61fd1f80/execute/sync'
02:10:42.783 [AsyncHttpClient-1-4] DEBUG org.asynchttpclient.netty.handler.HttpHandler - 

Request DefaultHttpRequest(decodeResult: success, version: HTTP/1.1)
POST /session/eb260d9350e3ba0da006702e61fd1f80/execute/sync HTTP/1.1
User-Agent: selenium/4.8.1 (java windows)
Content-Length: 48814
Content-Type: application/json; charset=utf-8
host: localhost:22722
accept: */*

Response DefaultHttpResponse(decodeResult: success, version: HTTP/1.1)
HTTP/1.1 200 OK
Content-Length: 14
Content-Type: application/json; charset=utf-8
cache-control: no-cache

02:10:42.783 [AsyncHttpClient-1-4] DEBUG org.asynchttpclient.netty.channel.ChannelManager - Adding key: http://localhost:22722 for channel [id: 0x066b6384, L:/127.0.0.1:61115 - R:localhost/127.0.0.1:22722]
  &amp#27;[32mThen &amp#27;[0m&amp#27;[32mI redirected to the landing page&amp#27;[0m            &amp#27;[90m# starter.stepdefinitions.LogoutSteps.redirectedToTheLandingPage()&amp#27;[0m
02:10:42.794 [Forwarding getAlertText on session eb260d9350e3ba0da006702e61fd1f80 to remote] DEBUG org.asynchttpclient.netty.request.NettyRequestSender - Using pooled Channel '[id: 0x066b6384, L:/127.0.0.1:61115 - R:localhost/127.0.0.1:22722]' for 'GET' to 'http://localhost:22722/session/eb260d9350e3ba0da006702e61fd1f80/alert/text'
02:10:42.794 [Forwarding getAlertText on session eb260d9350e3ba0da006702e61fd1f80 to remote] DEBUG org.asynchttpclient.netty.request.NettyRequestSender - Using open Channel [id: 0x066b6384, L:/127.0.0.1:61115 - R:localhost/127.0.0.1:22722] for GET '/session/eb260d9350e3ba0da006702e61fd1f80/alert/text'
02:10:42.797 [AsyncHttpClient-1-4] DEBUG org.asynchttpclient.netty.handler.HttpHandler - 

Request DefaultFullHttpRequest(decodeResult: success, version: HTTP/1.1, content: EmptyByteBufBE)
GET /session/eb260d9350e3ba0da006702e61fd1f80/alert/text HTTP/1.1
User-Agent: selenium/4.8.1 (java windows)
Cache-Control: no-cache
Content-Type: application/json; charset=utf-8
host: localhost:22722
accept: */*

Response DefaultHttpResponse(decodeResult: success, version: HTTP/1.1)
HTTP/1.1 404 Not Found
Content-Length: 828
Content-Type: application/json; charset=utf-8
cache-control: no-cache

02:10:42.797 [AsyncHttpClient-1-4] DEBUG org.asynchttpclient.netty.channel.ChannelManager - Adding key: http://localhost:22722 for channel [id: 0x066b6384, L:/127.0.0.1:61115 - R:localhost/127.0.0.1:22722]
02:10:42.799 [Forwarding getCurrentUrl on session eb260d9350e3ba0da006702e61fd1f80 to remote] DEBUG org.asynchttpclient.netty.request.NettyRequestSender - Using pooled Channel '[id: 0x066b6384, L:/127.0.0.1:61115 - R:localhost/127.0.0.1:22722]' for 'GET' to 'http://localhost:22722/session/eb260d9350e3ba0da006702e61fd1f80/url'
02:10:42.799 [Forwarding getCurrentUrl on session eb260d9350e3ba0da006702e61fd1f80 to remote] DEBUG org.asynchttpclient.netty.request.NettyRequestSender - Using open Channel [id: 0x066b6384, L:/127.0.0.1:61115 - R:localhost/127.0.0.1:22722] for GET '/session/eb260d9350e3ba0da006702e61fd1f80/url'
02:10:42.808 [AsyncHttpClient-1-4] DEBUG org.asynchttpclient.netty.handler.HttpHandler - 

Request DefaultFullHttpRequest(decodeResult: success, version: HTTP/1.1, content: EmptyByteBufBE)
GET /session/eb260d9350e3ba0da006702e61fd1f80/url HTTP/1.1
User-Agent: selenium/4.8.1 (java windows)
Cache-Control: no-cache
Content-Type: application/json; charset=utf-8
host: localhost:22722
accept: */*

Response DefaultHttpResponse(decodeResult: success, version: HTTP/1.1)
HTTP/1.1 200 OK
Content-Length: 51
Content-Type: application/json; charset=utf-8
cache-control: no-cache

02:10:42.809 [AsyncHttpClient-1-4] DEBUG org.asynchttpclient.netty.channel.ChannelManager - Adding key: http://localhost:22722 for channel [id: 0x066b6384, L:/127.0.0.1:61115 - R:localhost/127.0.0.1:22722]
02:10:42.810 [Forwarding screenshot on session eb260d9350e3ba0da006702e61fd1f80 to remote] DEBUG org.asynchttpclient.netty.request.NettyRequestSender - Using pooled Channel '[id: 0x066b6384, L:/127.0.0.1:61115 - R:localhost/127.0.0.1:22722]' for 'GET' to 'http://localhost:22722/session/eb260d9350e3ba0da006702e61fd1f80/screenshot'
02:10:42.810 [Forwarding screenshot on session eb260d9350e3ba0da006702e61fd1f80 to remote] DEBUG org.asynchttpclient.netty.request.NettyRequestSender - Using open Channel [id: 0x066b6384, L:/127.0.0.1:61115 - R:localhost/127.0.0.1:22722] for GET '/session/eb260d9350e3ba0da006702e61fd1f80/screenshot'
02:10:43.032 [AsyncHttpClient-1-1] DEBUG org.asynchttpclient.netty.channel.DefaultChannelPool - Entry count for : http://localhost:61116 : 1
02:10:43.104 [AsyncHttpClient-1-4] DEBUG org.asynchttpclient.netty.handler.HttpHandler - 

Request DefaultFullHttpRequest(decodeResult: success, version: HTTP/1.1, content: EmptyByteBufBE)
GET /session/eb260d9350e3ba0da006702e61fd1f80/screenshot HTTP/1.1
User-Agent: selenium/4.8.1 (java windows)
Cache-Control: no-cache
Content-Type: application/json; charset=utf-8
host: localhost:22722
accept: */*

Response DefaultHttpResponse(decodeResult: success, version: HTTP/1.1)
HTTP/1.1 200 OK
Content-Length: 137360
Content-Type: application/json; charset=utf-8
cache-control: no-cache

02:10:43.104 [AsyncHttpClient-1-4] DEBUG org.asynchttpclient.netty.channel.ChannelManager - Adding key: http://localhost:22722 for channel [id: 0x066b6384, L:/127.0.0.1:61115 - R:localhost/127.0.0.1:22722]
02:10:43.111 [main] DEBUG net.serenitybdd.core.photography.Darkroom - Send negative for processing for target\site\serenity\59959dd2953e44cf82950644ef97b7f44e2ae1c5eb39fc1fc4b33334f9f7ca2e.png
02:10:43.114 [main] INFO  - 
  _____   ___   ___   _____     ___     _     ___   ___   ___   ___  
 |_   _| | __| / __| |_   _|   | _ \   /_\   / __| / __| | __| |   \ 
   | |   | _|  \__ \   | |     |  _/  / _ \  \__ \ \__ \ | _|  | |) |
   |_|   |___| |___/   |_|     |_|   /_/ \_\ |___/ |___/ |___| |___/ 

As a admin i success logout from website
----------------------------------------------------------------------
02:10:43.116 [AsyncHttpClient-1-6] DEBUG org.asynchttpclient.netty.handler.WebSocketHandler - Channel Closed: [id: 0x90ae55cf, L:/127.0.0.1:61123 ! R:localhost/127.0.0.1:61116] with attribute NettyResponseFuture{currentRetry=0,
	isDone=1,
	isCancelled=0,
	asyncHandler=org.asynchttpclient.ws.WebSocketUpgradeHandler@1d77e900,
	nettyRequest=org.asynchttpclient.netty.request.NettyRequest@47dc4e67,
	future=java.util.concurrent.CompletableFuture@6521466c[Completed normally],
	uri=ws://localhost:61116/devtools/browser/28f7c309-0393-44f0-9347-76dce17c78a9,
	keepAlive=true,
	redirectCount=0,
	timeoutsHolder=null,
	inAuth=0,
	touch=1687201832346}
02:10:43.116 [AsyncHttpClient-1-6] DEBUG org.asynchttpclient.netty.channel.ChannelManager - Closing Channel [id: 0x90ae55cf, L:/127.0.0.1:61123 ! R:localhost/127.0.0.1:61116] 
02:10:43.116 [Driver Command Executor] DEBUG org.asynchttpclient.netty.request.NettyRequestSender - Using pooled Channel '[id: 0x066b6384, L:/127.0.0.1:61115 - R:localhost/127.0.0.1:22722]' for 'DELETE' to 'http://localhost:22722/session/eb260d9350e3ba0da006702e61fd1f80'
02:10:43.116 [Driver Command Executor] DEBUG org.asynchttpclient.netty.request.NettyRequestSender - Using open Channel [id: 0x066b6384, L:/127.0.0.1:61115 - R:localhost/127.0.0.1:22722] for DELETE '/session/eb260d9350e3ba0da006702e61fd1f80'
02:10:43.251 [AsyncHttpClient-1-5] DEBUG org.asynchttpclient.netty.handler.HttpHandler - Unexpected I/O exception on channel [id: 0x261ac0f5, L:/127.0.0.1:61122 - R:localhost/127.0.0.1:61116]
java.io.IOException: An existing connection was forcibly closed by the remote host
	at java.base/sun.nio.ch.SocketDispatcher.read0(Native Method)
	at java.base/sun.nio.ch.SocketDispatcher.read(SocketDispatcher.java:43)
	at java.base/sun.nio.ch.IOUtil.readIntoNativeBuffer(IOUtil.java:276)
	at java.base/sun.nio.ch.IOUtil.read(IOUtil.java:233)
	at java.base/sun.nio.ch.IOUtil.read(IOUtil.java:223)
	at java.base/sun.nio.ch.SocketChannelImpl.read(SocketChannelImpl.java:356)
	at io.netty.buffer.PooledByteBuf.setBytes(PooledByteBuf.java:259)
	at io.netty.buffer.AbstractByteBuf.writeBytes(AbstractByteBuf.java:1132)
	at io.netty.channel.socket.nio.NioSocketChannel.doReadBytes(NioSocketChannel.java:357)
	at io.netty.channel.nio.AbstractNioByteChannel$NioByteUnsafe.read(AbstractNioByteChannel.java:151)
	at io.netty.channel.nio.NioEventLoop.processSelectedKey(NioEventLoop.java:788)
	at io.netty.channel.nio.NioEventLoop.processSelectedKeysOptimized(NioEventLoop.java:724)
	at io.netty.channel.nio.NioEventLoop.processSelectedKeys(NioEventLoop.java:650)
	at io.netty.channel.nio.NioEventLoop.run(NioEventLoop.java:562)
	at io.netty.util.concurrent.SingleThreadEventExecutor$4.run(SingleThreadEventExecutor.java:997)
	at io.netty.util.internal.ThreadExecutorMap$2.run(ThreadExecutorMap.java:74)
	at io.netty.util.concurrent.FastThreadLocalRunnable.run(FastThreadLocalRunnable.java:30)
	at java.base/java.lang.Thread.run(Thread.java:829)
02:10:43.251 [AsyncHttpClient-1-5] DEBUG org.asynchttpclient.netty.channel.ChannelManager - Closing Channel [id: 0x261ac0f5, L:/127.0.0.1:61122 - R:localhost/127.0.0.1:61116] 
02:10:43.252 [AsyncHttpClient-1-5] DEBUG org.asynchttpclient.netty.handler.HttpHandler - Channel Closed: [id: 0x261ac0f5, L:/127.0.0.1:61122 ! R:localhost/127.0.0.1:61116] with attribute DISCARD
02:10:43.344 [AsyncHttpClient-1-4] DEBUG org.asynchttpclient.netty.handler.HttpHandler - 

Request DefaultFullHttpRequest(decodeResult: success, version: HTTP/1.1, content: EmptyByteBufBE)
DELETE /session/eb260d9350e3ba0da006702e61fd1f80 HTTP/1.1
User-Agent: selenium/4.8.1 (java windows)
Content-Type: application/json; charset=utf-8
host: localhost:22722
accept: */*

Response DefaultHttpResponse(decodeResult: success, version: HTTP/1.1)
HTTP/1.1 200 OK
Content-Length: 14
Content-Type: application/json; charset=utf-8
cache-control: no-cache

02:10:43.344 [AsyncHttpClient-1-4] DEBUG org.asynchttpclient.netty.channel.ChannelManager - Adding key: http://localhost:22722 for channel [id: 0x066b6384, L:/127.0.0.1:61115 - R:localhost/127.0.0.1:22722]
02:10:43.543 [AsyncHttpClient-1-4] DEBUG org.asynchttpclient.netty.handler.HttpHandler - Channel Closed: [id: 0x066b6384, L:/127.0.0.1:61115 ! R:localhost/127.0.0.1:22722] with attribute DISCARD
]]></system-out>
    <system-err><![CDATA[Starting ChromeDriver 114.0.5735.90 (386bc09e8f4f2e025eddae123f36f6263096ae49-refs/branch-heads/5735@{#1052}) on port 22722
Only local connections are allowed.
Please see https://chromedriver.chromium.org/security-considerations for suggestions on keeping ChromeDriver safe.
ChromeDriver was started successfully.
Jun 20, 2023 2:10:32 AM org.openqa.selenium.devtools.CdpVersionFinder findNearestMatch
WARNING: Unable to find an exact match for CDP version 114, so returning the closest version found: 110
]]></system-err>
  </testcase>
</testsuite>